[2024-03-29T11:00:12.196+0000] {processor.py:157} INFO - Started process (PID=14322) to work on /usr/local/python/3.10.13/lib/python3.10/site-packages/airflow/example_dags/example_short_circuit_operator.py
[2024-03-29T11:00:12.196+0000] {processor.py:826} INFO - Processing file /usr/local/python/3.10.13/lib/python3.10/site-packages/airflow/example_dags/example_short_circuit_operator.py for tasks to queue
[2024-03-29T11:00:12.197+0000] {logging_mixin.py:150} INFO - [2024-03-29T11:00:12.197+0000] {dagbag.py:541} INFO - Filling up the DagBag from /usr/local/python/3.10.13/lib/python3.10/site-packages/airflow/example_dags/example_short_circuit_operator.py
[2024-03-29T11:00:12.204+0000] {processor.py:836} INFO - DAG(s) dict_keys(['example_short_circuit_operator']) retrieved from /usr/local/python/3.10.13/lib/python3.10/site-packages/airflow/example_dags/example_short_circuit_operator.py
[2024-03-29T11:00:12.347+0000] {logging_mixin.py:150} INFO - [2024-03-29T11:00:12.347+0000] {manager.py:504} INFO - Created Permission View: can delete on DAG:example_short_circuit_operator
[2024-03-29T11:00:12.381+0000] {logging_mixin.py:150} INFO - [2024-03-29T11:00:12.381+0000] {manager.py:504} INFO - Created Permission View: can edit on DAG:example_short_circuit_operator
[2024-03-29T11:00:12.417+0000] {logging_mixin.py:150} INFO - [2024-03-29T11:00:12.417+0000] {manager.py:504} INFO - Created Permission View: can read on DAG:example_short_circuit_operator
[2024-03-29T11:00:12.426+0000] {logging_mixin.py:150} INFO - [2024-03-29T11:00:12.426+0000] {dag.py:2742} INFO - Sync 1 DAGs
[2024-03-29T11:00:12.433+0000] {logging_mixin.py:150} INFO - [2024-03-29T11:00:12.433+0000] {dag.py:2763} INFO - Creating ORM DAG for example_short_circuit_operator
[2024-03-29T11:00:12.440+0000] {logging_mixin.py:150} INFO - [2024-03-29T11:00:12.440+0000] {dag.py:3504} INFO - Setting next_dagrun for example_short_circuit_operator to 2024-03-28T11:00:12.440435+00:00, run_after=2024-03-29T11:00:12.440435+00:00
[2024-03-29T11:00:12.485+0000] {processor.py:179} INFO - Processing /usr/local/python/3.10.13/lib/python3.10/site-packages/airflow/example_dags/example_short_circuit_operator.py took 0.291 seconds
[2024-03-29T11:01:03.494+0000] {processor.py:157} INFO - Started process (PID=14684) to work on /usr/local/python/3.10.13/lib/python3.10/site-packages/airflow/example_dags/example_short_circuit_operator.py
[2024-03-29T11:01:03.495+0000] {processor.py:826} INFO - Processing file /usr/local/python/3.10.13/lib/python3.10/site-packages/airflow/example_dags/example_short_circuit_operator.py for tasks to queue
[2024-03-29T11:01:03.495+0000] {logging_mixin.py:150} INFO - [2024-03-29T11:01:03.495+0000] {dagbag.py:541} INFO - Filling up the DagBag from /usr/local/python/3.10.13/lib/python3.10/site-packages/airflow/example_dags/example_short_circuit_operator.py
[2024-03-29T11:01:03.502+0000] {processor.py:836} INFO - DAG(s) dict_keys(['example_short_circuit_operator']) retrieved from /usr/local/python/3.10.13/lib/python3.10/site-packages/airflow/example_dags/example_short_circuit_operator.py
[2024-03-29T11:01:03.516+0000] {logging_mixin.py:150} INFO - [2024-03-29T11:01:03.515+0000] {dag.py:2742} INFO - Sync 1 DAGs
[2024-03-29T11:01:03.534+0000] {logging_mixin.py:150} INFO - [2024-03-29T11:01:03.534+0000] {dag.py:3504} INFO - Setting next_dagrun for example_short_circuit_operator to 2024-03-28T11:01:03.534513+00:00, run_after=2024-03-29T11:01:03.534513+00:00
[2024-03-29T11:01:03.574+0000] {processor.py:179} INFO - Processing /usr/local/python/3.10.13/lib/python3.10/site-packages/airflow/example_dags/example_short_circuit_operator.py took 0.082 seconds
[2024-03-29T11:01:52.709+0000] {processor.py:157} INFO - Started process (PID=15036) to work on /usr/local/python/3.10.13/lib/python3.10/site-packages/airflow/example_dags/example_short_circuit_operator.py
[2024-03-29T11:01:52.709+0000] {processor.py:826} INFO - Processing file /usr/local/python/3.10.13/lib/python3.10/site-packages/airflow/example_dags/example_short_circuit_operator.py for tasks to queue
[2024-03-29T11:01:52.710+0000] {logging_mixin.py:150} INFO - [2024-03-29T11:01:52.710+0000] {dagbag.py:541} INFO - Filling up the DagBag from /usr/local/python/3.10.13/lib/python3.10/site-packages/airflow/example_dags/example_short_circuit_operator.py
[2024-03-29T11:01:52.716+0000] {processor.py:836} INFO - DAG(s) dict_keys(['example_short_circuit_operator']) retrieved from /usr/local/python/3.10.13/lib/python3.10/site-packages/airflow/example_dags/example_short_circuit_operator.py
[2024-03-29T11:01:52.730+0000] {logging_mixin.py:150} INFO - [2024-03-29T11:01:52.730+0000] {dag.py:2742} INFO - Sync 1 DAGs
[2024-03-29T11:01:52.746+0000] {logging_mixin.py:150} INFO - [2024-03-29T11:01:52.745+0000] {dag.py:3504} INFO - Setting next_dagrun for example_short_circuit_operator to 2024-03-28T11:01:52.745808+00:00, run_after=2024-03-29T11:01:52.745808+00:00
[2024-03-29T11:01:52.785+0000] {processor.py:179} INFO - Processing /usr/local/python/3.10.13/lib/python3.10/site-packages/airflow/example_dags/example_short_circuit_operator.py took 0.078 seconds
[2024-03-29T11:02:44.687+0000] {processor.py:157} INFO - Started process (PID=15404) to work on /usr/local/python/3.10.13/lib/python3.10/site-packages/airflow/example_dags/example_short_circuit_operator.py
[2024-03-29T11:02:44.687+0000] {processor.py:826} INFO - Processing file /usr/local/python/3.10.13/lib/python3.10/site-packages/airflow/example_dags/example_short_circuit_operator.py for tasks to queue
[2024-03-29T11:02:44.688+0000] {logging_mixin.py:150} INFO - [2024-03-29T11:02:44.688+0000] {dagbag.py:541} INFO - Filling up the DagBag from /usr/local/python/3.10.13/lib/python3.10/site-packages/airflow/example_dags/example_short_circuit_operator.py
[2024-03-29T11:02:44.694+0000] {processor.py:836} INFO - DAG(s) dict_keys(['example_short_circuit_operator']) retrieved from /usr/local/python/3.10.13/lib/python3.10/site-packages/airflow/example_dags/example_short_circuit_operator.py
[2024-03-29T11:02:44.708+0000] {logging_mixin.py:150} INFO - [2024-03-29T11:02:44.708+0000] {dag.py:2742} INFO - Sync 1 DAGs
[2024-03-29T11:02:44.723+0000] {logging_mixin.py:150} INFO - [2024-03-29T11:02:44.723+0000] {dag.py:3504} INFO - Setting next_dagrun for example_short_circuit_operator to 2024-03-28T11:02:44.723594+00:00, run_after=2024-03-29T11:02:44.723594+00:00
[2024-03-29T11:02:44.764+0000] {processor.py:179} INFO - Processing /usr/local/python/3.10.13/lib/python3.10/site-packages/airflow/example_dags/example_short_circuit_operator.py took 0.080 seconds
[2024-03-29T11:03:30.245+0000] {processor.py:157} INFO - Started process (PID=15729) to work on /usr/local/python/3.10.13/lib/python3.10/site-packages/airflow/example_dags/example_short_circuit_operator.py
[2024-03-29T11:03:30.246+0000] {processor.py:826} INFO - Processing file /usr/local/python/3.10.13/lib/python3.10/site-packages/airflow/example_dags/example_short_circuit_operator.py for tasks to queue
[2024-03-29T11:03:30.247+0000] {logging_mixin.py:150} INFO - [2024-03-29T11:03:30.246+0000] {dagbag.py:541} INFO - Filling up the DagBag from /usr/local/python/3.10.13/lib/python3.10/site-packages/airflow/example_dags/example_short_circuit_operator.py
[2024-03-29T11:03:30.253+0000] {processor.py:836} INFO - DAG(s) dict_keys(['example_short_circuit_operator']) retrieved from /usr/local/python/3.10.13/lib/python3.10/site-packages/airflow/example_dags/example_short_circuit_operator.py
[2024-03-29T11:03:30.268+0000] {logging_mixin.py:150} INFO - [2024-03-29T11:03:30.267+0000] {dag.py:2742} INFO - Sync 1 DAGs
[2024-03-29T11:03:30.283+0000] {logging_mixin.py:150} INFO - [2024-03-29T11:03:30.283+0000] {dag.py:3504} INFO - Setting next_dagrun for example_short_circuit_operator to 2024-03-28T11:03:30.283361+00:00, run_after=2024-03-29T11:03:30.283361+00:00
[2024-03-29T11:03:30.328+0000] {processor.py:179} INFO - Processing /usr/local/python/3.10.13/lib/python3.10/site-packages/airflow/example_dags/example_short_circuit_operator.py took 0.085 seconds
[2024-03-29T11:04:16.353+0000] {processor.py:157} INFO - Started process (PID=16062) to work on /usr/local/python/3.10.13/lib/python3.10/site-packages/airflow/example_dags/example_short_circuit_operator.py
[2024-03-29T11:04:16.353+0000] {processor.py:826} INFO - Processing file /usr/local/python/3.10.13/lib/python3.10/site-packages/airflow/example_dags/example_short_circuit_operator.py for tasks to queue
[2024-03-29T11:04:16.354+0000] {logging_mixin.py:150} INFO - [2024-03-29T11:04:16.354+0000] {dagbag.py:541} INFO - Filling up the DagBag from /usr/local/python/3.10.13/lib/python3.10/site-packages/airflow/example_dags/example_short_circuit_operator.py
[2024-03-29T11:04:16.361+0000] {processor.py:836} INFO - DAG(s) dict_keys(['example_short_circuit_operator']) retrieved from /usr/local/python/3.10.13/lib/python3.10/site-packages/airflow/example_dags/example_short_circuit_operator.py
[2024-03-29T11:04:16.375+0000] {logging_mixin.py:150} INFO - [2024-03-29T11:04:16.375+0000] {dag.py:2742} INFO - Sync 1 DAGs
[2024-03-29T11:04:16.390+0000] {logging_mixin.py:150} INFO - [2024-03-29T11:04:16.390+0000] {dag.py:3504} INFO - Setting next_dagrun for example_short_circuit_operator to 2024-03-28T11:04:16.390259+00:00, run_after=2024-03-29T11:04:16.390259+00:00
[2024-03-29T11:04:16.432+0000] {processor.py:179} INFO - Processing /usr/local/python/3.10.13/lib/python3.10/site-packages/airflow/example_dags/example_short_circuit_operator.py took 0.082 seconds
[2024-03-29T11:05:03.335+0000] {processor.py:157} INFO - Started process (PID=16378) to work on /usr/local/python/3.10.13/lib/python3.10/site-packages/airflow/example_dags/example_short_circuit_operator.py
[2024-03-29T11:05:03.336+0000] {processor.py:826} INFO - Processing file /usr/local/python/3.10.13/lib/python3.10/site-packages/airflow/example_dags/example_short_circuit_operator.py for tasks to queue
[2024-03-29T11:05:03.337+0000] {logging_mixin.py:150} INFO - [2024-03-29T11:05:03.336+0000] {dagbag.py:541} INFO - Filling up the DagBag from /usr/local/python/3.10.13/lib/python3.10/site-packages/airflow/example_dags/example_short_circuit_operator.py
[2024-03-29T11:05:03.343+0000] {processor.py:836} INFO - DAG(s) dict_keys(['example_short_circuit_operator']) retrieved from /usr/local/python/3.10.13/lib/python3.10/site-packages/airflow/example_dags/example_short_circuit_operator.py
[2024-03-29T11:05:03.358+0000] {logging_mixin.py:150} INFO - [2024-03-29T11:05:03.358+0000] {dag.py:2742} INFO - Sync 1 DAGs
[2024-03-29T11:05:03.375+0000] {logging_mixin.py:150} INFO - [2024-03-29T11:05:03.375+0000] {dag.py:3504} INFO - Setting next_dagrun for example_short_circuit_operator to 2024-03-28T11:05:03.375256+00:00, run_after=2024-03-29T11:05:03.375256+00:00
[2024-03-29T11:05:03.416+0000] {processor.py:179} INFO - Processing /usr/local/python/3.10.13/lib/python3.10/site-packages/airflow/example_dags/example_short_circuit_operator.py took 0.083 seconds
[2024-03-29T11:05:46.683+0000] {processor.py:157} INFO - Started process (PID=16697) to work on /usr/local/python/3.10.13/lib/python3.10/site-packages/airflow/example_dags/example_short_circuit_operator.py
[2024-03-29T11:05:46.687+0000] {processor.py:826} INFO - Processing file /usr/local/python/3.10.13/lib/python3.10/site-packages/airflow/example_dags/example_short_circuit_operator.py for tasks to queue
[2024-03-29T11:05:46.688+0000] {logging_mixin.py:150} INFO - [2024-03-29T11:05:46.687+0000] {dagbag.py:541} INFO - Filling up the DagBag from /usr/local/python/3.10.13/lib/python3.10/site-packages/airflow/example_dags/example_short_circuit_operator.py
[2024-03-29T11:05:46.704+0000] {processor.py:836} INFO - DAG(s) dict_keys(['example_short_circuit_operator']) retrieved from /usr/local/python/3.10.13/lib/python3.10/site-packages/airflow/example_dags/example_short_circuit_operator.py
[2024-03-29T11:05:46.731+0000] {logging_mixin.py:150} INFO - [2024-03-29T11:05:46.730+0000] {dag.py:2742} INFO - Sync 1 DAGs
[2024-03-29T11:05:46.746+0000] {logging_mixin.py:150} INFO - [2024-03-29T11:05:46.746+0000] {dag.py:3504} INFO - Setting next_dagrun for example_short_circuit_operator to 2024-03-28T11:05:46.746299+00:00, run_after=2024-03-29T11:05:46.746299+00:00
[2024-03-29T11:05:46.786+0000] {processor.py:179} INFO - Processing /usr/local/python/3.10.13/lib/python3.10/site-packages/airflow/example_dags/example_short_circuit_operator.py took 0.111 seconds
[2024-03-29T11:06:36.106+0000] {processor.py:157} INFO - Started process (PID=17041) to work on /usr/local/python/3.10.13/lib/python3.10/site-packages/airflow/example_dags/example_short_circuit_operator.py
[2024-03-29T11:06:36.107+0000] {processor.py:826} INFO - Processing file /usr/local/python/3.10.13/lib/python3.10/site-packages/airflow/example_dags/example_short_circuit_operator.py for tasks to queue
[2024-03-29T11:06:36.108+0000] {logging_mixin.py:150} INFO - [2024-03-29T11:06:36.107+0000] {dagbag.py:541} INFO - Filling up the DagBag from /usr/local/python/3.10.13/lib/python3.10/site-packages/airflow/example_dags/example_short_circuit_operator.py
[2024-03-29T11:06:36.114+0000] {processor.py:836} INFO - DAG(s) dict_keys(['example_short_circuit_operator']) retrieved from /usr/local/python/3.10.13/lib/python3.10/site-packages/airflow/example_dags/example_short_circuit_operator.py
[2024-03-29T11:06:36.127+0000] {logging_mixin.py:150} INFO - [2024-03-29T11:06:36.127+0000] {dag.py:2742} INFO - Sync 1 DAGs
[2024-03-29T11:06:36.142+0000] {logging_mixin.py:150} INFO - [2024-03-29T11:06:36.142+0000] {dag.py:3504} INFO - Setting next_dagrun for example_short_circuit_operator to 2024-03-28T11:06:36.142174+00:00, run_after=2024-03-29T11:06:36.142174+00:00
[2024-03-29T11:06:36.183+0000] {processor.py:179} INFO - Processing /usr/local/python/3.10.13/lib/python3.10/site-packages/airflow/example_dags/example_short_circuit_operator.py took 0.079 seconds
[2024-03-29T11:07:24.043+0000] {processor.py:157} INFO - Started process (PID=17376) to work on /usr/local/python/3.10.13/lib/python3.10/site-packages/airflow/example_dags/example_short_circuit_operator.py
[2024-03-29T11:07:24.044+0000] {processor.py:826} INFO - Processing file /usr/local/python/3.10.13/lib/python3.10/site-packages/airflow/example_dags/example_short_circuit_operator.py for tasks to queue
[2024-03-29T11:07:24.045+0000] {logging_mixin.py:150} INFO - [2024-03-29T11:07:24.044+0000] {dagbag.py:541} INFO - Filling up the DagBag from /usr/local/python/3.10.13/lib/python3.10/site-packages/airflow/example_dags/example_short_circuit_operator.py
[2024-03-29T11:07:24.051+0000] {processor.py:836} INFO - DAG(s) dict_keys(['example_short_circuit_operator']) retrieved from /usr/local/python/3.10.13/lib/python3.10/site-packages/airflow/example_dags/example_short_circuit_operator.py
[2024-03-29T11:07:24.065+0000] {logging_mixin.py:150} INFO - [2024-03-29T11:07:24.065+0000] {dag.py:2742} INFO - Sync 1 DAGs
[2024-03-29T11:07:24.080+0000] {logging_mixin.py:150} INFO - [2024-03-29T11:07:24.080+0000] {dag.py:3504} INFO - Setting next_dagrun for example_short_circuit_operator to 2024-03-28T11:07:24.080242+00:00, run_after=2024-03-29T11:07:24.080242+00:00
[2024-03-29T11:07:24.119+0000] {processor.py:179} INFO - Processing /usr/local/python/3.10.13/lib/python3.10/site-packages/airflow/example_dags/example_short_circuit_operator.py took 0.078 seconds
[2024-03-29T11:08:17.054+0000] {processor.py:157} INFO - Started process (PID=17780) to work on /usr/local/python/3.10.13/lib/python3.10/site-packages/airflow/example_dags/example_short_circuit_operator.py
[2024-03-29T11:08:17.055+0000] {processor.py:826} INFO - Processing file /usr/local/python/3.10.13/lib/python3.10/site-packages/airflow/example_dags/example_short_circuit_operator.py for tasks to queue
[2024-03-29T11:08:17.056+0000] {logging_mixin.py:150} INFO - [2024-03-29T11:08:17.055+0000] {dagbag.py:541} INFO - Filling up the DagBag from /usr/local/python/3.10.13/lib/python3.10/site-packages/airflow/example_dags/example_short_circuit_operator.py
[2024-03-29T11:08:17.062+0000] {processor.py:836} INFO - DAG(s) dict_keys(['example_short_circuit_operator']) retrieved from /usr/local/python/3.10.13/lib/python3.10/site-packages/airflow/example_dags/example_short_circuit_operator.py
[2024-03-29T11:08:17.076+0000] {logging_mixin.py:150} INFO - [2024-03-29T11:08:17.076+0000] {dag.py:2742} INFO - Sync 1 DAGs
[2024-03-29T11:08:17.091+0000] {logging_mixin.py:150} INFO - [2024-03-29T11:08:17.091+0000] {dag.py:3504} INFO - Setting next_dagrun for example_short_circuit_operator to 2024-03-28T11:08:17.091360+00:00, run_after=2024-03-29T11:08:17.091360+00:00
[2024-03-29T11:08:17.134+0000] {processor.py:179} INFO - Processing /usr/local/python/3.10.13/lib/python3.10/site-packages/airflow/example_dags/example_short_circuit_operator.py took 0.081 seconds
[2024-03-29T11:09:07.575+0000] {processor.py:157} INFO - Started process (PID=18408) to work on /usr/local/python/3.10.13/lib/python3.10/site-packages/airflow/example_dags/example_short_circuit_operator.py
[2024-03-29T11:09:07.576+0000] {processor.py:826} INFO - Processing file /usr/local/python/3.10.13/lib/python3.10/site-packages/airflow/example_dags/example_short_circuit_operator.py for tasks to queue
[2024-03-29T11:09:07.577+0000] {logging_mixin.py:150} INFO - [2024-03-29T11:09:07.577+0000] {dagbag.py:541} INFO - Filling up the DagBag from /usr/local/python/3.10.13/lib/python3.10/site-packages/airflow/example_dags/example_short_circuit_operator.py
[2024-03-29T11:09:07.586+0000] {processor.py:836} INFO - DAG(s) dict_keys(['example_short_circuit_operator']) retrieved from /usr/local/python/3.10.13/lib/python3.10/site-packages/airflow/example_dags/example_short_circuit_operator.py
[2024-03-29T11:09:07.621+0000] {logging_mixin.py:150} INFO - [2024-03-29T11:09:07.621+0000] {dag.py:2742} INFO - Sync 1 DAGs
[2024-03-29T11:09:07.647+0000] {logging_mixin.py:150} INFO - [2024-03-29T11:09:07.647+0000] {dag.py:3504} INFO - Setting next_dagrun for example_short_circuit_operator to 2024-03-28T11:09:07.647077+00:00, run_after=2024-03-29T11:09:07.647077+00:00
[2024-03-29T11:09:07.693+0000] {processor.py:179} INFO - Processing /usr/local/python/3.10.13/lib/python3.10/site-packages/airflow/example_dags/example_short_circuit_operator.py took 0.121 seconds
