[2024-03-29T11:00:14.722+0000] {processor.py:157} INFO - Started process (PID=14330) to work on /usr/local/python/3.10.13/lib/python3.10/site-packages/airflow/example_dags/example_external_task_marker_dag.py
[2024-03-29T11:00:14.722+0000] {processor.py:826} INFO - Processing file /usr/local/python/3.10.13/lib/python3.10/site-packages/airflow/example_dags/example_external_task_marker_dag.py for tasks to queue
[2024-03-29T11:00:14.723+0000] {logging_mixin.py:150} INFO - [2024-03-29T11:00:14.723+0000] {dagbag.py:541} INFO - Filling up the DagBag from /usr/local/python/3.10.13/lib/python3.10/site-packages/airflow/example_dags/example_external_task_marker_dag.py
[2024-03-29T11:00:14.727+0000] {processor.py:836} INFO - DAG(s) dict_keys(['example_external_task_marker_child', 'example_external_task_marker_parent']) retrieved from /usr/local/python/3.10.13/lib/python3.10/site-packages/airflow/example_dags/example_external_task_marker_dag.py
[2024-03-29T11:00:14.859+0000] {logging_mixin.py:150} INFO - [2024-03-29T11:00:14.859+0000] {manager.py:504} INFO - Created Permission View: can delete on DAG:example_external_task_marker_child
[2024-03-29T11:00:14.890+0000] {logging_mixin.py:150} INFO - [2024-03-29T11:00:14.890+0000] {manager.py:504} INFO - Created Permission View: can edit on DAG:example_external_task_marker_child
[2024-03-29T11:00:14.920+0000] {logging_mixin.py:150} INFO - [2024-03-29T11:00:14.920+0000] {manager.py:504} INFO - Created Permission View: can read on DAG:example_external_task_marker_child
[2024-03-29T11:00:14.991+0000] {logging_mixin.py:150} INFO - [2024-03-29T11:00:14.991+0000] {manager.py:504} INFO - Created Permission View: can delete on DAG:example_external_task_marker_parent
[2024-03-29T11:00:15.022+0000] {logging_mixin.py:150} INFO - [2024-03-29T11:00:15.022+0000] {manager.py:504} INFO - Created Permission View: can edit on DAG:example_external_task_marker_parent
[2024-03-29T11:00:15.049+0000] {logging_mixin.py:150} INFO - [2024-03-29T11:00:15.049+0000] {manager.py:504} INFO - Created Permission View: can read on DAG:example_external_task_marker_parent
[2024-03-29T11:00:15.054+0000] {logging_mixin.py:150} INFO - [2024-03-29T11:00:15.054+0000] {dag.py:2742} INFO - Sync 2 DAGs
[2024-03-29T11:00:15.064+0000] {logging_mixin.py:150} INFO - [2024-03-29T11:00:15.064+0000] {dag.py:2763} INFO - Creating ORM DAG for example_external_task_marker_child
[2024-03-29T11:00:15.065+0000] {logging_mixin.py:150} INFO - [2024-03-29T11:00:15.065+0000] {dag.py:2763} INFO - Creating ORM DAG for example_external_task_marker_parent
[2024-03-29T11:00:15.074+0000] {logging_mixin.py:150} INFO - [2024-03-29T11:00:15.074+0000] {dag.py:3504} INFO - Setting next_dagrun for example_external_task_marker_child to None, run_after=None
[2024-03-29T11:00:15.075+0000] {logging_mixin.py:150} INFO - [2024-03-29T11:00:15.075+0000] {dag.py:3504} INFO - Setting next_dagrun for example_external_task_marker_parent to None, run_after=None
[2024-03-29T11:00:15.135+0000] {processor.py:179} INFO - Processing /usr/local/python/3.10.13/lib/python3.10/site-packages/airflow/example_dags/example_external_task_marker_dag.py took 0.416 seconds
[2024-03-29T11:01:04.812+0000] {processor.py:157} INFO - Started process (PID=14698) to work on /usr/local/python/3.10.13/lib/python3.10/site-packages/airflow/example_dags/example_external_task_marker_dag.py
[2024-03-29T11:01:04.814+0000] {processor.py:826} INFO - Processing file /usr/local/python/3.10.13/lib/python3.10/site-packages/airflow/example_dags/example_external_task_marker_dag.py for tasks to queue
[2024-03-29T11:01:04.814+0000] {logging_mixin.py:150} INFO - [2024-03-29T11:01:04.814+0000] {dagbag.py:541} INFO - Filling up the DagBag from /usr/local/python/3.10.13/lib/python3.10/site-packages/airflow/example_dags/example_external_task_marker_dag.py
[2024-03-29T11:01:04.821+0000] {processor.py:836} INFO - DAG(s) dict_keys(['example_external_task_marker_parent', 'example_external_task_marker_child']) retrieved from /usr/local/python/3.10.13/lib/python3.10/site-packages/airflow/example_dags/example_external_task_marker_dag.py
[2024-03-29T11:01:04.836+0000] {logging_mixin.py:150} INFO - [2024-03-29T11:01:04.836+0000] {dag.py:2742} INFO - Sync 2 DAGs
[2024-03-29T11:01:04.851+0000] {logging_mixin.py:150} INFO - [2024-03-29T11:01:04.851+0000] {dag.py:3504} INFO - Setting next_dagrun for example_external_task_marker_child to None, run_after=None
[2024-03-29T11:01:04.854+0000] {logging_mixin.py:150} INFO - [2024-03-29T11:01:04.853+0000] {dag.py:3504} INFO - Setting next_dagrun for example_external_task_marker_parent to None, run_after=None
[2024-03-29T11:01:04.894+0000] {processor.py:179} INFO - Processing /usr/local/python/3.10.13/lib/python3.10/site-packages/airflow/example_dags/example_external_task_marker_dag.py took 0.085 seconds
[2024-03-29T11:01:54.167+0000] {processor.py:157} INFO - Started process (PID=15044) to work on /usr/local/python/3.10.13/lib/python3.10/site-packages/airflow/example_dags/example_external_task_marker_dag.py
[2024-03-29T11:01:54.168+0000] {processor.py:826} INFO - Processing file /usr/local/python/3.10.13/lib/python3.10/site-packages/airflow/example_dags/example_external_task_marker_dag.py for tasks to queue
[2024-03-29T11:01:54.169+0000] {logging_mixin.py:150} INFO - [2024-03-29T11:01:54.168+0000] {dagbag.py:541} INFO - Filling up the DagBag from /usr/local/python/3.10.13/lib/python3.10/site-packages/airflow/example_dags/example_external_task_marker_dag.py
[2024-03-29T11:01:54.173+0000] {processor.py:836} INFO - DAG(s) dict_keys(['example_external_task_marker_parent', 'example_external_task_marker_child']) retrieved from /usr/local/python/3.10.13/lib/python3.10/site-packages/airflow/example_dags/example_external_task_marker_dag.py
[2024-03-29T11:01:54.188+0000] {logging_mixin.py:150} INFO - [2024-03-29T11:01:54.188+0000] {dag.py:2742} INFO - Sync 2 DAGs
[2024-03-29T11:01:54.203+0000] {logging_mixin.py:150} INFO - [2024-03-29T11:01:54.203+0000] {dag.py:3504} INFO - Setting next_dagrun for example_external_task_marker_child to None, run_after=None
[2024-03-29T11:01:54.205+0000] {logging_mixin.py:150} INFO - [2024-03-29T11:01:54.205+0000] {dag.py:3504} INFO - Setting next_dagrun for example_external_task_marker_parent to None, run_after=None
[2024-03-29T11:01:54.246+0000] {processor.py:179} INFO - Processing /usr/local/python/3.10.13/lib/python3.10/site-packages/airflow/example_dags/example_external_task_marker_dag.py took 0.081 seconds
[2024-03-29T11:02:46.009+0000] {processor.py:157} INFO - Started process (PID=15406) to work on /usr/local/python/3.10.13/lib/python3.10/site-packages/airflow/example_dags/example_external_task_marker_dag.py
[2024-03-29T11:02:46.010+0000] {processor.py:826} INFO - Processing file /usr/local/python/3.10.13/lib/python3.10/site-packages/airflow/example_dags/example_external_task_marker_dag.py for tasks to queue
[2024-03-29T11:02:46.010+0000] {logging_mixin.py:150} INFO - [2024-03-29T11:02:46.010+0000] {dagbag.py:541} INFO - Filling up the DagBag from /usr/local/python/3.10.13/lib/python3.10/site-packages/airflow/example_dags/example_external_task_marker_dag.py
[2024-03-29T11:02:46.015+0000] {processor.py:836} INFO - DAG(s) dict_keys(['example_external_task_marker_parent', 'example_external_task_marker_child']) retrieved from /usr/local/python/3.10.13/lib/python3.10/site-packages/airflow/example_dags/example_external_task_marker_dag.py
[2024-03-29T11:02:46.031+0000] {logging_mixin.py:150} INFO - [2024-03-29T11:02:46.030+0000] {dag.py:2742} INFO - Sync 2 DAGs
[2024-03-29T11:02:46.046+0000] {logging_mixin.py:150} INFO - [2024-03-29T11:02:46.046+0000] {dag.py:3504} INFO - Setting next_dagrun for example_external_task_marker_child to None, run_after=None
[2024-03-29T11:02:46.049+0000] {logging_mixin.py:150} INFO - [2024-03-29T11:02:46.049+0000] {dag.py:3504} INFO - Setting next_dagrun for example_external_task_marker_parent to None, run_after=None
[2024-03-29T11:02:46.091+0000] {processor.py:179} INFO - Processing /usr/local/python/3.10.13/lib/python3.10/site-packages/airflow/example_dags/example_external_task_marker_dag.py took 0.084 seconds
[2024-03-29T11:03:31.602+0000] {processor.py:157} INFO - Started process (PID=15737) to work on /usr/local/python/3.10.13/lib/python3.10/site-packages/airflow/example_dags/example_external_task_marker_dag.py
[2024-03-29T11:03:31.602+0000] {processor.py:826} INFO - Processing file /usr/local/python/3.10.13/lib/python3.10/site-packages/airflow/example_dags/example_external_task_marker_dag.py for tasks to queue
[2024-03-29T11:03:31.603+0000] {logging_mixin.py:150} INFO - [2024-03-29T11:03:31.603+0000] {dagbag.py:541} INFO - Filling up the DagBag from /usr/local/python/3.10.13/lib/python3.10/site-packages/airflow/example_dags/example_external_task_marker_dag.py
[2024-03-29T11:03:31.608+0000] {processor.py:836} INFO - DAG(s) dict_keys(['example_external_task_marker_parent', 'example_external_task_marker_child']) retrieved from /usr/local/python/3.10.13/lib/python3.10/site-packages/airflow/example_dags/example_external_task_marker_dag.py
[2024-03-29T11:03:31.623+0000] {logging_mixin.py:150} INFO - [2024-03-29T11:03:31.622+0000] {dag.py:2742} INFO - Sync 2 DAGs
[2024-03-29T11:03:31.638+0000] {logging_mixin.py:150} INFO - [2024-03-29T11:03:31.638+0000] {dag.py:3504} INFO - Setting next_dagrun for example_external_task_marker_child to None, run_after=None
[2024-03-29T11:03:31.640+0000] {logging_mixin.py:150} INFO - [2024-03-29T11:03:31.640+0000] {dag.py:3504} INFO - Setting next_dagrun for example_external_task_marker_parent to None, run_after=None
[2024-03-29T11:03:31.684+0000] {processor.py:179} INFO - Processing /usr/local/python/3.10.13/lib/python3.10/site-packages/airflow/example_dags/example_external_task_marker_dag.py took 0.085 seconds
[2024-03-29T11:04:18.398+0000] {processor.py:157} INFO - Started process (PID=16070) to work on /usr/local/python/3.10.13/lib/python3.10/site-packages/airflow/example_dags/example_external_task_marker_dag.py
[2024-03-29T11:04:18.399+0000] {processor.py:826} INFO - Processing file /usr/local/python/3.10.13/lib/python3.10/site-packages/airflow/example_dags/example_external_task_marker_dag.py for tasks to queue
[2024-03-29T11:04:18.400+0000] {logging_mixin.py:150} INFO - [2024-03-29T11:04:18.399+0000] {dagbag.py:541} INFO - Filling up the DagBag from /usr/local/python/3.10.13/lib/python3.10/site-packages/airflow/example_dags/example_external_task_marker_dag.py
[2024-03-29T11:04:18.404+0000] {processor.py:836} INFO - DAG(s) dict_keys(['example_external_task_marker_child', 'example_external_task_marker_parent']) retrieved from /usr/local/python/3.10.13/lib/python3.10/site-packages/airflow/example_dags/example_external_task_marker_dag.py
[2024-03-29T11:04:18.419+0000] {logging_mixin.py:150} INFO - [2024-03-29T11:04:18.418+0000] {dag.py:2742} INFO - Sync 2 DAGs
[2024-03-29T11:04:18.434+0000] {logging_mixin.py:150} INFO - [2024-03-29T11:04:18.434+0000] {dag.py:3504} INFO - Setting next_dagrun for example_external_task_marker_child to None, run_after=None
[2024-03-29T11:04:18.436+0000] {logging_mixin.py:150} INFO - [2024-03-29T11:04:18.436+0000] {dag.py:3504} INFO - Setting next_dagrun for example_external_task_marker_parent to None, run_after=None
[2024-03-29T11:04:18.475+0000] {processor.py:179} INFO - Processing /usr/local/python/3.10.13/lib/python3.10/site-packages/airflow/example_dags/example_external_task_marker_dag.py took 0.079 seconds
[2024-03-29T11:05:04.978+0000] {processor.py:157} INFO - Started process (PID=16386) to work on /usr/local/python/3.10.13/lib/python3.10/site-packages/airflow/example_dags/example_external_task_marker_dag.py
[2024-03-29T11:05:04.979+0000] {processor.py:826} INFO - Processing file /usr/local/python/3.10.13/lib/python3.10/site-packages/airflow/example_dags/example_external_task_marker_dag.py for tasks to queue
[2024-03-29T11:05:04.979+0000] {logging_mixin.py:150} INFO - [2024-03-29T11:05:04.979+0000] {dagbag.py:541} INFO - Filling up the DagBag from /usr/local/python/3.10.13/lib/python3.10/site-packages/airflow/example_dags/example_external_task_marker_dag.py
[2024-03-29T11:05:04.984+0000] {processor.py:836} INFO - DAG(s) dict_keys(['example_external_task_marker_parent', 'example_external_task_marker_child']) retrieved from /usr/local/python/3.10.13/lib/python3.10/site-packages/airflow/example_dags/example_external_task_marker_dag.py
[2024-03-29T11:05:04.998+0000] {logging_mixin.py:150} INFO - [2024-03-29T11:05:04.998+0000] {dag.py:2742} INFO - Sync 2 DAGs
[2024-03-29T11:05:05.014+0000] {logging_mixin.py:150} INFO - [2024-03-29T11:05:05.013+0000] {dag.py:3504} INFO - Setting next_dagrun for example_external_task_marker_child to None, run_after=None
[2024-03-29T11:05:05.016+0000] {logging_mixin.py:150} INFO - [2024-03-29T11:05:05.016+0000] {dag.py:3504} INFO - Setting next_dagrun for example_external_task_marker_parent to None, run_after=None
[2024-03-29T11:05:05.069+0000] {processor.py:179} INFO - Processing /usr/local/python/3.10.13/lib/python3.10/site-packages/airflow/example_dags/example_external_task_marker_dag.py took 0.093 seconds
[2024-03-29T11:05:48.994+0000] {processor.py:157} INFO - Started process (PID=16705) to work on /usr/local/python/3.10.13/lib/python3.10/site-packages/airflow/example_dags/example_external_task_marker_dag.py
[2024-03-29T11:05:48.995+0000] {processor.py:826} INFO - Processing file /usr/local/python/3.10.13/lib/python3.10/site-packages/airflow/example_dags/example_external_task_marker_dag.py for tasks to queue
[2024-03-29T11:05:48.995+0000] {logging_mixin.py:150} INFO - [2024-03-29T11:05:48.995+0000] {dagbag.py:541} INFO - Filling up the DagBag from /usr/local/python/3.10.13/lib/python3.10/site-packages/airflow/example_dags/example_external_task_marker_dag.py
[2024-03-29T11:05:49.000+0000] {processor.py:836} INFO - DAG(s) dict_keys(['example_external_task_marker_parent', 'example_external_task_marker_child']) retrieved from /usr/local/python/3.10.13/lib/python3.10/site-packages/airflow/example_dags/example_external_task_marker_dag.py
[2024-03-29T11:05:49.015+0000] {logging_mixin.py:150} INFO - [2024-03-29T11:05:49.015+0000] {dag.py:2742} INFO - Sync 2 DAGs
[2024-03-29T11:05:49.030+0000] {logging_mixin.py:150} INFO - [2024-03-29T11:05:49.029+0000] {dag.py:3504} INFO - Setting next_dagrun for example_external_task_marker_child to None, run_after=None
[2024-03-29T11:05:49.032+0000] {logging_mixin.py:150} INFO - [2024-03-29T11:05:49.032+0000] {dag.py:3504} INFO - Setting next_dagrun for example_external_task_marker_parent to None, run_after=None
[2024-03-29T11:05:49.070+0000] {processor.py:179} INFO - Processing /usr/local/python/3.10.13/lib/python3.10/site-packages/airflow/example_dags/example_external_task_marker_dag.py took 0.078 seconds
[2024-03-29T11:06:38.427+0000] {processor.py:157} INFO - Started process (PID=17068) to work on /usr/local/python/3.10.13/lib/python3.10/site-packages/airflow/example_dags/example_external_task_marker_dag.py
[2024-03-29T11:06:38.428+0000] {processor.py:826} INFO - Processing file /usr/local/python/3.10.13/lib/python3.10/site-packages/airflow/example_dags/example_external_task_marker_dag.py for tasks to queue
[2024-03-29T11:06:38.429+0000] {logging_mixin.py:150} INFO - [2024-03-29T11:06:38.429+0000] {dagbag.py:541} INFO - Filling up the DagBag from /usr/local/python/3.10.13/lib/python3.10/site-packages/airflow/example_dags/example_external_task_marker_dag.py
[2024-03-29T11:06:38.433+0000] {processor.py:836} INFO - DAG(s) dict_keys(['example_external_task_marker_parent', 'example_external_task_marker_child']) retrieved from /usr/local/python/3.10.13/lib/python3.10/site-packages/airflow/example_dags/example_external_task_marker_dag.py
[2024-03-29T11:06:38.448+0000] {logging_mixin.py:150} INFO - [2024-03-29T11:06:38.448+0000] {dag.py:2742} INFO - Sync 2 DAGs
[2024-03-29T11:06:38.463+0000] {logging_mixin.py:150} INFO - [2024-03-29T11:06:38.463+0000] {dag.py:3504} INFO - Setting next_dagrun for example_external_task_marker_child to None, run_after=None
[2024-03-29T11:06:38.465+0000] {logging_mixin.py:150} INFO - [2024-03-29T11:06:38.465+0000] {dag.py:3504} INFO - Setting next_dagrun for example_external_task_marker_parent to None, run_after=None
[2024-03-29T11:06:38.509+0000] {processor.py:179} INFO - Processing /usr/local/python/3.10.13/lib/python3.10/site-packages/airflow/example_dags/example_external_task_marker_dag.py took 0.084 seconds
[2024-03-29T11:07:26.373+0000] {processor.py:157} INFO - Started process (PID=17393) to work on /usr/local/python/3.10.13/lib/python3.10/site-packages/airflow/example_dags/example_external_task_marker_dag.py
[2024-03-29T11:07:26.373+0000] {processor.py:826} INFO - Processing file /usr/local/python/3.10.13/lib/python3.10/site-packages/airflow/example_dags/example_external_task_marker_dag.py for tasks to queue
[2024-03-29T11:07:26.374+0000] {logging_mixin.py:150} INFO - [2024-03-29T11:07:26.374+0000] {dagbag.py:541} INFO - Filling up the DagBag from /usr/local/python/3.10.13/lib/python3.10/site-packages/airflow/example_dags/example_external_task_marker_dag.py
[2024-03-29T11:07:26.378+0000] {processor.py:836} INFO - DAG(s) dict_keys(['example_external_task_marker_child', 'example_external_task_marker_parent']) retrieved from /usr/local/python/3.10.13/lib/python3.10/site-packages/airflow/example_dags/example_external_task_marker_dag.py
[2024-03-29T11:07:26.393+0000] {logging_mixin.py:150} INFO - [2024-03-29T11:07:26.393+0000] {dag.py:2742} INFO - Sync 2 DAGs
[2024-03-29T11:07:26.408+0000] {logging_mixin.py:150} INFO - [2024-03-29T11:07:26.407+0000] {dag.py:3504} INFO - Setting next_dagrun for example_external_task_marker_child to None, run_after=None
[2024-03-29T11:07:26.410+0000] {logging_mixin.py:150} INFO - [2024-03-29T11:07:26.410+0000] {dag.py:3504} INFO - Setting next_dagrun for example_external_task_marker_parent to None, run_after=None
[2024-03-29T11:07:26.453+0000] {processor.py:179} INFO - Processing /usr/local/python/3.10.13/lib/python3.10/site-packages/airflow/example_dags/example_external_task_marker_dag.py took 0.082 seconds
[2024-03-29T11:08:19.344+0000] {processor.py:157} INFO - Started process (PID=17828) to work on /usr/local/python/3.10.13/lib/python3.10/site-packages/airflow/example_dags/example_external_task_marker_dag.py
[2024-03-29T11:08:19.344+0000] {processor.py:826} INFO - Processing file /usr/local/python/3.10.13/lib/python3.10/site-packages/airflow/example_dags/example_external_task_marker_dag.py for tasks to queue
[2024-03-29T11:08:19.345+0000] {logging_mixin.py:150} INFO - [2024-03-29T11:08:19.345+0000] {dagbag.py:541} INFO - Filling up the DagBag from /usr/local/python/3.10.13/lib/python3.10/site-packages/airflow/example_dags/example_external_task_marker_dag.py
[2024-03-29T11:08:19.350+0000] {processor.py:836} INFO - DAG(s) dict_keys(['example_external_task_marker_child', 'example_external_task_marker_parent']) retrieved from /usr/local/python/3.10.13/lib/python3.10/site-packages/airflow/example_dags/example_external_task_marker_dag.py
[2024-03-29T11:08:19.364+0000] {logging_mixin.py:150} INFO - [2024-03-29T11:08:19.364+0000] {dag.py:2742} INFO - Sync 2 DAGs
[2024-03-29T11:08:19.380+0000] {logging_mixin.py:150} INFO - [2024-03-29T11:08:19.380+0000] {dag.py:3504} INFO - Setting next_dagrun for example_external_task_marker_child to None, run_after=None
[2024-03-29T11:08:19.383+0000] {logging_mixin.py:150} INFO - [2024-03-29T11:08:19.382+0000] {dag.py:3504} INFO - Setting next_dagrun for example_external_task_marker_parent to None, run_after=None
[2024-03-29T11:08:19.437+0000] {processor.py:179} INFO - Processing /usr/local/python/3.10.13/lib/python3.10/site-packages/airflow/example_dags/example_external_task_marker_dag.py took 0.096 seconds
[2024-03-29T11:09:10.005+0000] {processor.py:157} INFO - Started process (PID=18436) to work on /usr/local/python/3.10.13/lib/python3.10/site-packages/airflow/example_dags/example_external_task_marker_dag.py
[2024-03-29T11:09:10.005+0000] {processor.py:826} INFO - Processing file /usr/local/python/3.10.13/lib/python3.10/site-packages/airflow/example_dags/example_external_task_marker_dag.py for tasks to queue
[2024-03-29T11:09:10.006+0000] {logging_mixin.py:150} INFO - [2024-03-29T11:09:10.006+0000] {dagbag.py:541} INFO - Filling up the DagBag from /usr/local/python/3.10.13/lib/python3.10/site-packages/airflow/example_dags/example_external_task_marker_dag.py
[2024-03-29T11:09:10.010+0000] {processor.py:836} INFO - DAG(s) dict_keys(['example_external_task_marker_parent', 'example_external_task_marker_child']) retrieved from /usr/local/python/3.10.13/lib/python3.10/site-packages/airflow/example_dags/example_external_task_marker_dag.py
[2024-03-29T11:09:10.025+0000] {logging_mixin.py:150} INFO - [2024-03-29T11:09:10.025+0000] {dag.py:2742} INFO - Sync 2 DAGs
[2024-03-29T11:09:10.041+0000] {logging_mixin.py:150} INFO - [2024-03-29T11:09:10.041+0000] {dag.py:3504} INFO - Setting next_dagrun for example_external_task_marker_child to None, run_after=None
[2024-03-29T11:09:10.043+0000] {logging_mixin.py:150} INFO - [2024-03-29T11:09:10.043+0000] {dag.py:3504} INFO - Setting next_dagrun for example_external_task_marker_parent to None, run_after=None
[2024-03-29T11:09:10.081+0000] {processor.py:179} INFO - Processing /usr/local/python/3.10.13/lib/python3.10/site-packages/airflow/example_dags/example_external_task_marker_dag.py took 0.079 seconds
