[2024-03-29T10:59:40.410+0000] {processor.py:157} INFO - Started process (PID=14108) to work on /usr/local/python/3.10.13/lib/python3.10/site-packages/airflow/example_dags/example_skip_dag.py
[2024-03-29T10:59:40.410+0000] {processor.py:826} INFO - Processing file /usr/local/python/3.10.13/lib/python3.10/site-packages/airflow/example_dags/example_skip_dag.py for tasks to queue
[2024-03-29T10:59:40.411+0000] {logging_mixin.py:150} INFO - [2024-03-29T10:59:40.411+0000] {dagbag.py:541} INFO - Filling up the DagBag from /usr/local/python/3.10.13/lib/python3.10/site-packages/airflow/example_dags/example_skip_dag.py
[2024-03-29T10:59:40.418+0000] {processor.py:836} INFO - DAG(s) dict_keys(['example_skip_dag']) retrieved from /usr/local/python/3.10.13/lib/python3.10/site-packages/airflow/example_dags/example_skip_dag.py
[2024-03-29T10:59:40.571+0000] {logging_mixin.py:150} INFO - [2024-03-29T10:59:40.571+0000] {manager.py:504} INFO - Created Permission View: can delete on DAG:example_skip_dag
[2024-03-29T10:59:40.602+0000] {logging_mixin.py:150} INFO - [2024-03-29T10:59:40.601+0000] {manager.py:504} INFO - Created Permission View: can edit on DAG:example_skip_dag
[2024-03-29T10:59:40.637+0000] {logging_mixin.py:150} INFO - [2024-03-29T10:59:40.637+0000] {manager.py:504} INFO - Created Permission View: can read on DAG:example_skip_dag
[2024-03-29T10:59:40.645+0000] {logging_mixin.py:150} INFO - [2024-03-29T10:59:40.645+0000] {dag.py:2742} INFO - Sync 1 DAGs
[2024-03-29T10:59:40.654+0000] {logging_mixin.py:150} INFO - [2024-03-29T10:59:40.654+0000] {dag.py:2763} INFO - Creating ORM DAG for example_skip_dag
[2024-03-29T10:59:40.661+0000] {logging_mixin.py:150} INFO - [2024-03-29T10:59:40.661+0000] {dag.py:3504} INFO - Setting next_dagrun for example_skip_dag to 2024-03-28T10:59:40.660867+00:00, run_after=2024-03-29T10:59:40.660867+00:00
[2024-03-29T10:59:40.717+0000] {processor.py:179} INFO - Processing /usr/local/python/3.10.13/lib/python3.10/site-packages/airflow/example_dags/example_skip_dag.py took 0.309 seconds
[2024-03-29T11:00:38.908+0000] {processor.py:157} INFO - Started process (PID=14503) to work on /usr/local/python/3.10.13/lib/python3.10/site-packages/airflow/example_dags/example_skip_dag.py
[2024-03-29T11:00:38.908+0000] {processor.py:826} INFO - Processing file /usr/local/python/3.10.13/lib/python3.10/site-packages/airflow/example_dags/example_skip_dag.py for tasks to queue
[2024-03-29T11:00:38.909+0000] {logging_mixin.py:150} INFO - [2024-03-29T11:00:38.909+0000] {dagbag.py:541} INFO - Filling up the DagBag from /usr/local/python/3.10.13/lib/python3.10/site-packages/airflow/example_dags/example_skip_dag.py
[2024-03-29T11:00:38.915+0000] {processor.py:836} INFO - DAG(s) dict_keys(['example_skip_dag']) retrieved from /usr/local/python/3.10.13/lib/python3.10/site-packages/airflow/example_dags/example_skip_dag.py
[2024-03-29T11:00:38.927+0000] {logging_mixin.py:150} INFO - [2024-03-29T11:00:38.927+0000] {dag.py:2742} INFO - Sync 1 DAGs
[2024-03-29T11:00:38.942+0000] {logging_mixin.py:150} INFO - [2024-03-29T11:00:38.942+0000] {dag.py:3504} INFO - Setting next_dagrun for example_skip_dag to 2024-03-28T11:00:38.942591+00:00, run_after=2024-03-29T11:00:38.942591+00:00
[2024-03-29T11:00:38.982+0000] {processor.py:179} INFO - Processing /usr/local/python/3.10.13/lib/python3.10/site-packages/airflow/example_dags/example_skip_dag.py took 0.076 seconds
[2024-03-29T11:01:21.539+0000] {processor.py:157} INFO - Started process (PID=14820) to work on /usr/local/python/3.10.13/lib/python3.10/site-packages/airflow/example_dags/example_skip_dag.py
[2024-03-29T11:01:21.540+0000] {processor.py:826} INFO - Processing file /usr/local/python/3.10.13/lib/python3.10/site-packages/airflow/example_dags/example_skip_dag.py for tasks to queue
[2024-03-29T11:01:21.541+0000] {logging_mixin.py:150} INFO - [2024-03-29T11:01:21.541+0000] {dagbag.py:541} INFO - Filling up the DagBag from /usr/local/python/3.10.13/lib/python3.10/site-packages/airflow/example_dags/example_skip_dag.py
[2024-03-29T11:01:21.549+0000] {processor.py:836} INFO - DAG(s) dict_keys(['example_skip_dag']) retrieved from /usr/local/python/3.10.13/lib/python3.10/site-packages/airflow/example_dags/example_skip_dag.py
[2024-03-29T11:01:21.569+0000] {logging_mixin.py:150} INFO - [2024-03-29T11:01:21.569+0000] {dag.py:2742} INFO - Sync 1 DAGs
[2024-03-29T11:01:21.595+0000] {logging_mixin.py:150} INFO - [2024-03-29T11:01:21.594+0000] {dag.py:3504} INFO - Setting next_dagrun for example_skip_dag to 2024-03-28T11:01:21.594481+00:00, run_after=2024-03-29T11:01:21.594481+00:00
[2024-03-29T11:01:21.641+0000] {processor.py:179} INFO - Processing /usr/local/python/3.10.13/lib/python3.10/site-packages/airflow/example_dags/example_skip_dag.py took 0.105 seconds
[2024-03-29T11:02:06.995+0000] {processor.py:157} INFO - Started process (PID=15133) to work on /usr/local/python/3.10.13/lib/python3.10/site-packages/airflow/example_dags/example_skip_dag.py
[2024-03-29T11:02:06.996+0000] {processor.py:826} INFO - Processing file /usr/local/python/3.10.13/lib/python3.10/site-packages/airflow/example_dags/example_skip_dag.py for tasks to queue
[2024-03-29T11:02:06.996+0000] {logging_mixin.py:150} INFO - [2024-03-29T11:02:06.996+0000] {dagbag.py:541} INFO - Filling up the DagBag from /usr/local/python/3.10.13/lib/python3.10/site-packages/airflow/example_dags/example_skip_dag.py
[2024-03-29T11:02:07.002+0000] {processor.py:836} INFO - DAG(s) dict_keys(['example_skip_dag']) retrieved from /usr/local/python/3.10.13/lib/python3.10/site-packages/airflow/example_dags/example_skip_dag.py
[2024-03-29T11:02:07.014+0000] {logging_mixin.py:150} INFO - [2024-03-29T11:02:07.014+0000] {dag.py:2742} INFO - Sync 1 DAGs
[2024-03-29T11:02:07.029+0000] {logging_mixin.py:150} INFO - [2024-03-29T11:02:07.029+0000] {dag.py:3504} INFO - Setting next_dagrun for example_skip_dag to 2024-03-28T11:02:07.029409+00:00, run_after=2024-03-29T11:02:07.029409+00:00
[2024-03-29T11:02:07.070+0000] {processor.py:179} INFO - Processing /usr/local/python/3.10.13/lib/python3.10/site-packages/airflow/example_dags/example_skip_dag.py took 0.077 seconds
[2024-03-29T11:02:41.733+0000] {processor.py:157} INFO - Started process (PID=15365) to work on /usr/local/python/3.10.13/lib/python3.10/site-packages/airflow/example_dags/example_skip_dag.py
[2024-03-29T11:02:41.734+0000] {processor.py:826} INFO - Processing file /usr/local/python/3.10.13/lib/python3.10/site-packages/airflow/example_dags/example_skip_dag.py for tasks to queue
[2024-03-29T11:02:41.734+0000] {logging_mixin.py:150} INFO - [2024-03-29T11:02:41.734+0000] {dagbag.py:541} INFO - Filling up the DagBag from /usr/local/python/3.10.13/lib/python3.10/site-packages/airflow/example_dags/example_skip_dag.py
[2024-03-29T11:02:41.740+0000] {processor.py:836} INFO - DAG(s) dict_keys(['example_skip_dag']) retrieved from /usr/local/python/3.10.13/lib/python3.10/site-packages/airflow/example_dags/example_skip_dag.py
[2024-03-29T11:02:41.754+0000] {logging_mixin.py:150} INFO - [2024-03-29T11:02:41.754+0000] {dag.py:2742} INFO - Sync 1 DAGs
[2024-03-29T11:02:41.769+0000] {logging_mixin.py:150} INFO - [2024-03-29T11:02:41.769+0000] {dag.py:3504} INFO - Setting next_dagrun for example_skip_dag to 2024-03-28T11:02:41.769267+00:00, run_after=2024-03-29T11:02:41.769267+00:00
[2024-03-29T11:02:41.814+0000] {processor.py:179} INFO - Processing /usr/local/python/3.10.13/lib/python3.10/site-packages/airflow/example_dags/example_skip_dag.py took 0.083 seconds
[2024-03-29T11:03:26.703+0000] {processor.py:157} INFO - Started process (PID=15711) to work on /usr/local/python/3.10.13/lib/python3.10/site-packages/airflow/example_dags/example_skip_dag.py
[2024-03-29T11:03:26.704+0000] {processor.py:826} INFO - Processing file /usr/local/python/3.10.13/lib/python3.10/site-packages/airflow/example_dags/example_skip_dag.py for tasks to queue
[2024-03-29T11:03:26.704+0000] {logging_mixin.py:150} INFO - [2024-03-29T11:03:26.704+0000] {dagbag.py:541} INFO - Filling up the DagBag from /usr/local/python/3.10.13/lib/python3.10/site-packages/airflow/example_dags/example_skip_dag.py
[2024-03-29T11:03:26.710+0000] {processor.py:836} INFO - DAG(s) dict_keys(['example_skip_dag']) retrieved from /usr/local/python/3.10.13/lib/python3.10/site-packages/airflow/example_dags/example_skip_dag.py
[2024-03-29T11:03:26.722+0000] {logging_mixin.py:150} INFO - [2024-03-29T11:03:26.722+0000] {dag.py:2742} INFO - Sync 1 DAGs
[2024-03-29T11:03:26.744+0000] {logging_mixin.py:150} INFO - [2024-03-29T11:03:26.744+0000] {dag.py:3504} INFO - Setting next_dagrun for example_skip_dag to 2024-03-28T11:03:26.744479+00:00, run_after=2024-03-29T11:03:26.744479+00:00
[2024-03-29T11:03:26.813+0000] {processor.py:179} INFO - Processing /usr/local/python/3.10.13/lib/python3.10/site-packages/airflow/example_dags/example_skip_dag.py took 0.113 seconds
[2024-03-29T11:04:13.231+0000] {processor.py:157} INFO - Started process (PID=16027) to work on /usr/local/python/3.10.13/lib/python3.10/site-packages/airflow/example_dags/example_skip_dag.py
[2024-03-29T11:04:13.231+0000] {processor.py:826} INFO - Processing file /usr/local/python/3.10.13/lib/python3.10/site-packages/airflow/example_dags/example_skip_dag.py for tasks to queue
[2024-03-29T11:04:13.232+0000] {logging_mixin.py:150} INFO - [2024-03-29T11:04:13.232+0000] {dagbag.py:541} INFO - Filling up the DagBag from /usr/local/python/3.10.13/lib/python3.10/site-packages/airflow/example_dags/example_skip_dag.py
[2024-03-29T11:04:13.238+0000] {processor.py:836} INFO - DAG(s) dict_keys(['example_skip_dag']) retrieved from /usr/local/python/3.10.13/lib/python3.10/site-packages/airflow/example_dags/example_skip_dag.py
[2024-03-29T11:04:13.250+0000] {logging_mixin.py:150} INFO - [2024-03-29T11:04:13.250+0000] {dag.py:2742} INFO - Sync 1 DAGs
[2024-03-29T11:04:13.266+0000] {logging_mixin.py:150} INFO - [2024-03-29T11:04:13.265+0000] {dag.py:3504} INFO - Setting next_dagrun for example_skip_dag to 2024-03-28T11:04:13.265785+00:00, run_after=2024-03-29T11:04:13.265785+00:00
[2024-03-29T11:04:13.307+0000] {processor.py:179} INFO - Processing /usr/local/python/3.10.13/lib/python3.10/site-packages/airflow/example_dags/example_skip_dag.py took 0.078 seconds
[2024-03-29T11:04:59.812+0000] {processor.py:157} INFO - Started process (PID=16357) to work on /usr/local/python/3.10.13/lib/python3.10/site-packages/airflow/example_dags/example_skip_dag.py
[2024-03-29T11:04:59.813+0000] {processor.py:826} INFO - Processing file /usr/local/python/3.10.13/lib/python3.10/site-packages/airflow/example_dags/example_skip_dag.py for tasks to queue
[2024-03-29T11:04:59.814+0000] {logging_mixin.py:150} INFO - [2024-03-29T11:04:59.813+0000] {dagbag.py:541} INFO - Filling up the DagBag from /usr/local/python/3.10.13/lib/python3.10/site-packages/airflow/example_dags/example_skip_dag.py
[2024-03-29T11:04:59.819+0000] {processor.py:836} INFO - DAG(s) dict_keys(['example_skip_dag']) retrieved from /usr/local/python/3.10.13/lib/python3.10/site-packages/airflow/example_dags/example_skip_dag.py
[2024-03-29T11:04:59.831+0000] {logging_mixin.py:150} INFO - [2024-03-29T11:04:59.831+0000] {dag.py:2742} INFO - Sync 1 DAGs
[2024-03-29T11:04:59.849+0000] {logging_mixin.py:150} INFO - [2024-03-29T11:04:59.849+0000] {dag.py:3504} INFO - Setting next_dagrun for example_skip_dag to 2024-03-28T11:04:59.848899+00:00, run_after=2024-03-29T11:04:59.848899+00:00
[2024-03-29T11:04:59.893+0000] {processor.py:179} INFO - Processing /usr/local/python/3.10.13/lib/python3.10/site-packages/airflow/example_dags/example_skip_dag.py took 0.083 seconds
[2024-03-29T11:05:43.701+0000] {processor.py:157} INFO - Started process (PID=16657) to work on /usr/local/python/3.10.13/lib/python3.10/site-packages/airflow/example_dags/example_skip_dag.py
[2024-03-29T11:05:43.702+0000] {processor.py:826} INFO - Processing file /usr/local/python/3.10.13/lib/python3.10/site-packages/airflow/example_dags/example_skip_dag.py for tasks to queue
[2024-03-29T11:05:43.702+0000] {logging_mixin.py:150} INFO - [2024-03-29T11:05:43.702+0000] {dagbag.py:541} INFO - Filling up the DagBag from /usr/local/python/3.10.13/lib/python3.10/site-packages/airflow/example_dags/example_skip_dag.py
[2024-03-29T11:05:43.708+0000] {processor.py:836} INFO - DAG(s) dict_keys(['example_skip_dag']) retrieved from /usr/local/python/3.10.13/lib/python3.10/site-packages/airflow/example_dags/example_skip_dag.py
[2024-03-29T11:05:43.721+0000] {logging_mixin.py:150} INFO - [2024-03-29T11:05:43.721+0000] {dag.py:2742} INFO - Sync 1 DAGs
[2024-03-29T11:05:43.736+0000] {logging_mixin.py:150} INFO - [2024-03-29T11:05:43.736+0000] {dag.py:3504} INFO - Setting next_dagrun for example_skip_dag to 2024-03-28T11:05:43.736504+00:00, run_after=2024-03-29T11:05:43.736504+00:00
[2024-03-29T11:05:43.777+0000] {processor.py:179} INFO - Processing /usr/local/python/3.10.13/lib/python3.10/site-packages/airflow/example_dags/example_skip_dag.py took 0.078 seconds
[2024-03-29T11:06:17.901+0000] {processor.py:157} INFO - Started process (PID=16920) to work on /usr/local/python/3.10.13/lib/python3.10/site-packages/airflow/example_dags/example_skip_dag.py
[2024-03-29T11:06:17.902+0000] {processor.py:826} INFO - Processing file /usr/local/python/3.10.13/lib/python3.10/site-packages/airflow/example_dags/example_skip_dag.py for tasks to queue
[2024-03-29T11:06:17.902+0000] {logging_mixin.py:150} INFO - [2024-03-29T11:06:17.902+0000] {dagbag.py:541} INFO - Filling up the DagBag from /usr/local/python/3.10.13/lib/python3.10/site-packages/airflow/example_dags/example_skip_dag.py
[2024-03-29T11:06:17.909+0000] {processor.py:836} INFO - DAG(s) dict_keys(['example_skip_dag']) retrieved from /usr/local/python/3.10.13/lib/python3.10/site-packages/airflow/example_dags/example_skip_dag.py
[2024-03-29T11:06:17.921+0000] {logging_mixin.py:150} INFO - [2024-03-29T11:06:17.921+0000] {dag.py:2742} INFO - Sync 1 DAGs
[2024-03-29T11:06:17.936+0000] {logging_mixin.py:150} INFO - [2024-03-29T11:06:17.936+0000] {dag.py:3504} INFO - Setting next_dagrun for example_skip_dag to 2024-03-28T11:06:17.936298+00:00, run_after=2024-03-29T11:06:17.936298+00:00
[2024-03-29T11:06:17.979+0000] {processor.py:179} INFO - Processing /usr/local/python/3.10.13/lib/python3.10/site-packages/airflow/example_dags/example_skip_dag.py took 0.081 seconds
[2024-03-29T11:07:04.563+0000] {processor.py:157} INFO - Started process (PID=17245) to work on /usr/local/python/3.10.13/lib/python3.10/site-packages/airflow/example_dags/example_skip_dag.py
[2024-03-29T11:07:04.564+0000] {processor.py:826} INFO - Processing file /usr/local/python/3.10.13/lib/python3.10/site-packages/airflow/example_dags/example_skip_dag.py for tasks to queue
[2024-03-29T11:07:04.564+0000] {logging_mixin.py:150} INFO - [2024-03-29T11:07:04.564+0000] {dagbag.py:541} INFO - Filling up the DagBag from /usr/local/python/3.10.13/lib/python3.10/site-packages/airflow/example_dags/example_skip_dag.py
[2024-03-29T11:07:04.571+0000] {processor.py:836} INFO - DAG(s) dict_keys(['example_skip_dag']) retrieved from /usr/local/python/3.10.13/lib/python3.10/site-packages/airflow/example_dags/example_skip_dag.py
[2024-03-29T11:07:04.584+0000] {logging_mixin.py:150} INFO - [2024-03-29T11:07:04.584+0000] {dag.py:2742} INFO - Sync 1 DAGs
[2024-03-29T11:07:04.599+0000] {logging_mixin.py:150} INFO - [2024-03-29T11:07:04.599+0000] {dag.py:3504} INFO - Setting next_dagrun for example_skip_dag to 2024-03-28T11:07:04.599369+00:00, run_after=2024-03-29T11:07:04.599369+00:00
[2024-03-29T11:07:04.639+0000] {processor.py:179} INFO - Processing /usr/local/python/3.10.13/lib/python3.10/site-packages/airflow/example_dags/example_skip_dag.py took 0.078 seconds
[2024-03-29T11:07:39.484+0000] {processor.py:157} INFO - Started process (PID=17496) to work on /usr/local/python/3.10.13/lib/python3.10/site-packages/airflow/example_dags/example_skip_dag.py
[2024-03-29T11:07:39.484+0000] {processor.py:826} INFO - Processing file /usr/local/python/3.10.13/lib/python3.10/site-packages/airflow/example_dags/example_skip_dag.py for tasks to queue
[2024-03-29T11:07:39.485+0000] {logging_mixin.py:150} INFO - [2024-03-29T11:07:39.485+0000] {dagbag.py:541} INFO - Filling up the DagBag from /usr/local/python/3.10.13/lib/python3.10/site-packages/airflow/example_dags/example_skip_dag.py
[2024-03-29T11:07:39.491+0000] {processor.py:836} INFO - DAG(s) dict_keys(['example_skip_dag']) retrieved from /usr/local/python/3.10.13/lib/python3.10/site-packages/airflow/example_dags/example_skip_dag.py
[2024-03-29T11:07:39.503+0000] {logging_mixin.py:150} INFO - [2024-03-29T11:07:39.503+0000] {dag.py:2742} INFO - Sync 1 DAGs
[2024-03-29T11:07:39.519+0000] {logging_mixin.py:150} INFO - [2024-03-29T11:07:39.519+0000] {dag.py:3504} INFO - Setting next_dagrun for example_skip_dag to 2024-03-28T11:07:39.518868+00:00, run_after=2024-03-29T11:07:39.518868+00:00
[2024-03-29T11:07:39.562+0000] {processor.py:179} INFO - Processing /usr/local/python/3.10.13/lib/python3.10/site-packages/airflow/example_dags/example_skip_dag.py took 0.081 seconds
[2024-03-29T11:08:14.732+0000] {processor.py:157} INFO - Started process (PID=17766) to work on /usr/local/python/3.10.13/lib/python3.10/site-packages/airflow/example_dags/example_skip_dag.py
[2024-03-29T11:08:14.732+0000] {processor.py:826} INFO - Processing file /usr/local/python/3.10.13/lib/python3.10/site-packages/airflow/example_dags/example_skip_dag.py for tasks to queue
[2024-03-29T11:08:14.733+0000] {logging_mixin.py:150} INFO - [2024-03-29T11:08:14.733+0000] {dagbag.py:541} INFO - Filling up the DagBag from /usr/local/python/3.10.13/lib/python3.10/site-packages/airflow/example_dags/example_skip_dag.py
[2024-03-29T11:08:14.739+0000] {processor.py:836} INFO - DAG(s) dict_keys(['example_skip_dag']) retrieved from /usr/local/python/3.10.13/lib/python3.10/site-packages/airflow/example_dags/example_skip_dag.py
[2024-03-29T11:08:14.756+0000] {logging_mixin.py:150} INFO - [2024-03-29T11:08:14.756+0000] {dag.py:2742} INFO - Sync 1 DAGs
[2024-03-29T11:08:14.780+0000] {logging_mixin.py:150} INFO - [2024-03-29T11:08:14.779+0000] {dag.py:3504} INFO - Setting next_dagrun for example_skip_dag to 2024-03-28T11:08:14.779602+00:00, run_after=2024-03-29T11:08:14.779602+00:00
[2024-03-29T11:08:14.826+0000] {processor.py:179} INFO - Processing /usr/local/python/3.10.13/lib/python3.10/site-packages/airflow/example_dags/example_skip_dag.py took 0.097 seconds
[2024-03-29T11:08:48.001+0000] {processor.py:157} INFO - Started process (PID=18182) to work on /usr/local/python/3.10.13/lib/python3.10/site-packages/airflow/example_dags/example_skip_dag.py
[2024-03-29T11:08:48.002+0000] {processor.py:826} INFO - Processing file /usr/local/python/3.10.13/lib/python3.10/site-packages/airflow/example_dags/example_skip_dag.py for tasks to queue
[2024-03-29T11:08:48.002+0000] {logging_mixin.py:150} INFO - [2024-03-29T11:08:48.002+0000] {dagbag.py:541} INFO - Filling up the DagBag from /usr/local/python/3.10.13/lib/python3.10/site-packages/airflow/example_dags/example_skip_dag.py
[2024-03-29T11:08:48.008+0000] {processor.py:836} INFO - DAG(s) dict_keys(['example_skip_dag']) retrieved from /usr/local/python/3.10.13/lib/python3.10/site-packages/airflow/example_dags/example_skip_dag.py
[2024-03-29T11:08:48.022+0000] {logging_mixin.py:150} INFO - [2024-03-29T11:08:48.022+0000] {dag.py:2742} INFO - Sync 1 DAGs
[2024-03-29T11:08:48.038+0000] {logging_mixin.py:150} INFO - [2024-03-29T11:08:48.038+0000] {dag.py:3504} INFO - Setting next_dagrun for example_skip_dag to 2024-03-28T11:08:48.038126+00:00, run_after=2024-03-29T11:08:48.038126+00:00
[2024-03-29T11:08:48.078+0000] {processor.py:179} INFO - Processing /usr/local/python/3.10.13/lib/python3.10/site-packages/airflow/example_dags/example_skip_dag.py took 0.079 seconds
[2024-03-29T11:09:22.847+0000] {processor.py:157} INFO - Started process (PID=18554) to work on /usr/local/python/3.10.13/lib/python3.10/site-packages/airflow/example_dags/example_skip_dag.py
[2024-03-29T11:09:22.848+0000] {processor.py:826} INFO - Processing file /usr/local/python/3.10.13/lib/python3.10/site-packages/airflow/example_dags/example_skip_dag.py for tasks to queue
[2024-03-29T11:09:22.848+0000] {logging_mixin.py:150} INFO - [2024-03-29T11:09:22.848+0000] {dagbag.py:541} INFO - Filling up the DagBag from /usr/local/python/3.10.13/lib/python3.10/site-packages/airflow/example_dags/example_skip_dag.py
[2024-03-29T11:09:22.855+0000] {processor.py:836} INFO - DAG(s) dict_keys(['example_skip_dag']) retrieved from /usr/local/python/3.10.13/lib/python3.10/site-packages/airflow/example_dags/example_skip_dag.py
[2024-03-29T11:09:22.868+0000] {logging_mixin.py:150} INFO - [2024-03-29T11:09:22.867+0000] {dag.py:2742} INFO - Sync 1 DAGs
[2024-03-29T11:09:22.885+0000] {logging_mixin.py:150} INFO - [2024-03-29T11:09:22.885+0000] {dag.py:3504} INFO - Setting next_dagrun for example_skip_dag to 2024-03-28T11:09:22.885408+00:00, run_after=2024-03-29T11:09:22.885408+00:00
[2024-03-29T11:09:22.929+0000] {processor.py:179} INFO - Processing /usr/local/python/3.10.13/lib/python3.10/site-packages/airflow/example_dags/example_skip_dag.py took 0.084 seconds
