[2024-03-29T11:00:11.419+0000] {processor.py:157} INFO - Started process (PID=14321) to work on /usr/local/python/3.10.13/lib/python3.10/site-packages/airflow/example_dags/example_params_ui_tutorial.py
[2024-03-29T11:00:11.420+0000] {processor.py:826} INFO - Processing file /usr/local/python/3.10.13/lib/python3.10/site-packages/airflow/example_dags/example_params_ui_tutorial.py for tasks to queue
[2024-03-29T11:00:11.421+0000] {logging_mixin.py:150} INFO - [2024-03-29T11:00:11.420+0000] {dagbag.py:541} INFO - Filling up the DagBag from /usr/local/python/3.10.13/lib/python3.10/site-packages/airflow/example_dags/example_params_ui_tutorial.py
[2024-03-29T11:00:11.440+0000] {processor.py:836} INFO - DAG(s) dict_keys(['example_params_ui_tutorial']) retrieved from /usr/local/python/3.10.13/lib/python3.10/site-packages/airflow/example_dags/example_params_ui_tutorial.py
[2024-03-29T11:00:11.591+0000] {logging_mixin.py:150} INFO - [2024-03-29T11:00:11.590+0000] {manager.py:504} INFO - Created Permission View: can delete on DAG:example_params_ui_tutorial
[2024-03-29T11:00:11.623+0000] {logging_mixin.py:150} INFO - [2024-03-29T11:00:11.623+0000] {manager.py:504} INFO - Created Permission View: can edit on DAG:example_params_ui_tutorial
[2024-03-29T11:00:11.657+0000] {logging_mixin.py:150} INFO - [2024-03-29T11:00:11.657+0000] {manager.py:504} INFO - Created Permission View: can read on DAG:example_params_ui_tutorial
[2024-03-29T11:00:11.666+0000] {logging_mixin.py:150} INFO - [2024-03-29T11:00:11.665+0000] {dag.py:2742} INFO - Sync 1 DAGs
[2024-03-29T11:00:11.674+0000] {logging_mixin.py:150} INFO - [2024-03-29T11:00:11.674+0000] {dag.py:2763} INFO - Creating ORM DAG for example_params_ui_tutorial
[2024-03-29T11:00:11.680+0000] {logging_mixin.py:150} INFO - [2024-03-29T11:00:11.680+0000] {dag.py:3504} INFO - Setting next_dagrun for example_params_ui_tutorial to None, run_after=None
[2024-03-29T11:00:11.728+0000] {processor.py:179} INFO - Processing /usr/local/python/3.10.13/lib/python3.10/site-packages/airflow/example_dags/example_params_ui_tutorial.py took 0.310 seconds
[2024-03-29T11:01:02.790+0000] {processor.py:157} INFO - Started process (PID=14683) to work on /usr/local/python/3.10.13/lib/python3.10/site-packages/airflow/example_dags/example_params_ui_tutorial.py
[2024-03-29T11:01:02.791+0000] {processor.py:826} INFO - Processing file /usr/local/python/3.10.13/lib/python3.10/site-packages/airflow/example_dags/example_params_ui_tutorial.py for tasks to queue
[2024-03-29T11:01:02.792+0000] {logging_mixin.py:150} INFO - [2024-03-29T11:01:02.791+0000] {dagbag.py:541} INFO - Filling up the DagBag from /usr/local/python/3.10.13/lib/python3.10/site-packages/airflow/example_dags/example_params_ui_tutorial.py
[2024-03-29T11:01:02.818+0000] {processor.py:836} INFO - DAG(s) dict_keys(['example_params_ui_tutorial']) retrieved from /usr/local/python/3.10.13/lib/python3.10/site-packages/airflow/example_dags/example_params_ui_tutorial.py
[2024-03-29T11:01:02.847+0000] {logging_mixin.py:150} INFO - [2024-03-29T11:01:02.847+0000] {dag.py:2742} INFO - Sync 1 DAGs
[2024-03-29T11:01:02.863+0000] {logging_mixin.py:150} INFO - [2024-03-29T11:01:02.863+0000] {dag.py:3504} INFO - Setting next_dagrun for example_params_ui_tutorial to None, run_after=None
[2024-03-29T11:01:02.903+0000] {processor.py:179} INFO - Processing /usr/local/python/3.10.13/lib/python3.10/site-packages/airflow/example_dags/example_params_ui_tutorial.py took 0.115 seconds
[2024-03-29T11:01:51.423+0000] {processor.py:157} INFO - Started process (PID=15011) to work on /usr/local/python/3.10.13/lib/python3.10/site-packages/airflow/example_dags/example_params_ui_tutorial.py
[2024-03-29T11:01:51.423+0000] {processor.py:826} INFO - Processing file /usr/local/python/3.10.13/lib/python3.10/site-packages/airflow/example_dags/example_params_ui_tutorial.py for tasks to queue
[2024-03-29T11:01:51.424+0000] {logging_mixin.py:150} INFO - [2024-03-29T11:01:51.424+0000] {dagbag.py:541} INFO - Filling up the DagBag from /usr/local/python/3.10.13/lib/python3.10/site-packages/airflow/example_dags/example_params_ui_tutorial.py
[2024-03-29T11:01:51.453+0000] {processor.py:836} INFO - DAG(s) dict_keys(['example_params_ui_tutorial']) retrieved from /usr/local/python/3.10.13/lib/python3.10/site-packages/airflow/example_dags/example_params_ui_tutorial.py
[2024-03-29T11:01:51.482+0000] {logging_mixin.py:150} INFO - [2024-03-29T11:01:51.482+0000] {dag.py:2742} INFO - Sync 1 DAGs
[2024-03-29T11:01:51.499+0000] {logging_mixin.py:150} INFO - [2024-03-29T11:01:51.499+0000] {dag.py:3504} INFO - Setting next_dagrun for example_params_ui_tutorial to None, run_after=None
[2024-03-29T11:01:51.538+0000] {processor.py:179} INFO - Processing /usr/local/python/3.10.13/lib/python3.10/site-packages/airflow/example_dags/example_params_ui_tutorial.py took 0.117 seconds
[2024-03-29T11:02:43.419+0000] {processor.py:157} INFO - Started process (PID=15397) to work on /usr/local/python/3.10.13/lib/python3.10/site-packages/airflow/example_dags/example_params_ui_tutorial.py
[2024-03-29T11:02:43.420+0000] {processor.py:826} INFO - Processing file /usr/local/python/3.10.13/lib/python3.10/site-packages/airflow/example_dags/example_params_ui_tutorial.py for tasks to queue
[2024-03-29T11:02:43.421+0000] {logging_mixin.py:150} INFO - [2024-03-29T11:02:43.420+0000] {dagbag.py:541} INFO - Filling up the DagBag from /usr/local/python/3.10.13/lib/python3.10/site-packages/airflow/example_dags/example_params_ui_tutorial.py
[2024-03-29T11:02:43.440+0000] {processor.py:836} INFO - DAG(s) dict_keys(['example_params_ui_tutorial']) retrieved from /usr/local/python/3.10.13/lib/python3.10/site-packages/airflow/example_dags/example_params_ui_tutorial.py
[2024-03-29T11:02:43.467+0000] {logging_mixin.py:150} INFO - [2024-03-29T11:02:43.467+0000] {dag.py:2742} INFO - Sync 1 DAGs
[2024-03-29T11:02:43.482+0000] {logging_mixin.py:150} INFO - [2024-03-29T11:02:43.482+0000] {dag.py:3504} INFO - Setting next_dagrun for example_params_ui_tutorial to None, run_after=None
[2024-03-29T11:02:43.522+0000] {processor.py:179} INFO - Processing /usr/local/python/3.10.13/lib/python3.10/site-packages/airflow/example_dags/example_params_ui_tutorial.py took 0.105 seconds
[2024-03-29T11:03:29.116+0000] {processor.py:157} INFO - Started process (PID=15722) to work on /usr/local/python/3.10.13/lib/python3.10/site-packages/airflow/example_dags/example_params_ui_tutorial.py
[2024-03-29T11:03:29.117+0000] {processor.py:826} INFO - Processing file /usr/local/python/3.10.13/lib/python3.10/site-packages/airflow/example_dags/example_params_ui_tutorial.py for tasks to queue
[2024-03-29T11:03:29.118+0000] {logging_mixin.py:150} INFO - [2024-03-29T11:03:29.117+0000] {dagbag.py:541} INFO - Filling up the DagBag from /usr/local/python/3.10.13/lib/python3.10/site-packages/airflow/example_dags/example_params_ui_tutorial.py
[2024-03-29T11:03:29.137+0000] {processor.py:836} INFO - DAG(s) dict_keys(['example_params_ui_tutorial']) retrieved from /usr/local/python/3.10.13/lib/python3.10/site-packages/airflow/example_dags/example_params_ui_tutorial.py
[2024-03-29T11:03:29.168+0000] {logging_mixin.py:150} INFO - [2024-03-29T11:03:29.168+0000] {dag.py:2742} INFO - Sync 1 DAGs
[2024-03-29T11:03:29.184+0000] {logging_mixin.py:150} INFO - [2024-03-29T11:03:29.184+0000] {dag.py:3504} INFO - Setting next_dagrun for example_params_ui_tutorial to None, run_after=None
[2024-03-29T11:03:29.223+0000] {processor.py:179} INFO - Processing /usr/local/python/3.10.13/lib/python3.10/site-packages/airflow/example_dags/example_params_ui_tutorial.py took 0.110 seconds
[2024-03-29T11:04:15.641+0000] {processor.py:157} INFO - Started process (PID=16061) to work on /usr/local/python/3.10.13/lib/python3.10/site-packages/airflow/example_dags/example_params_ui_tutorial.py
[2024-03-29T11:04:15.642+0000] {processor.py:826} INFO - Processing file /usr/local/python/3.10.13/lib/python3.10/site-packages/airflow/example_dags/example_params_ui_tutorial.py for tasks to queue
[2024-03-29T11:04:15.643+0000] {logging_mixin.py:150} INFO - [2024-03-29T11:04:15.642+0000] {dagbag.py:541} INFO - Filling up the DagBag from /usr/local/python/3.10.13/lib/python3.10/site-packages/airflow/example_dags/example_params_ui_tutorial.py
[2024-03-29T11:04:15.662+0000] {processor.py:836} INFO - DAG(s) dict_keys(['example_params_ui_tutorial']) retrieved from /usr/local/python/3.10.13/lib/python3.10/site-packages/airflow/example_dags/example_params_ui_tutorial.py
[2024-03-29T11:04:15.691+0000] {logging_mixin.py:150} INFO - [2024-03-29T11:04:15.691+0000] {dag.py:2742} INFO - Sync 1 DAGs
[2024-03-29T11:04:15.706+0000] {logging_mixin.py:150} INFO - [2024-03-29T11:04:15.706+0000] {dag.py:3504} INFO - Setting next_dagrun for example_params_ui_tutorial to None, run_after=None
[2024-03-29T11:04:15.745+0000] {processor.py:179} INFO - Processing /usr/local/python/3.10.13/lib/python3.10/site-packages/airflow/example_dags/example_params_ui_tutorial.py took 0.106 seconds
[2024-03-29T11:05:02.102+0000] {processor.py:157} INFO - Started process (PID=16365) to work on /usr/local/python/3.10.13/lib/python3.10/site-packages/airflow/example_dags/example_params_ui_tutorial.py
[2024-03-29T11:05:02.102+0000] {processor.py:826} INFO - Processing file /usr/local/python/3.10.13/lib/python3.10/site-packages/airflow/example_dags/example_params_ui_tutorial.py for tasks to queue
[2024-03-29T11:05:02.103+0000] {logging_mixin.py:150} INFO - [2024-03-29T11:05:02.103+0000] {dagbag.py:541} INFO - Filling up the DagBag from /usr/local/python/3.10.13/lib/python3.10/site-packages/airflow/example_dags/example_params_ui_tutorial.py
[2024-03-29T11:05:02.122+0000] {processor.py:836} INFO - DAG(s) dict_keys(['example_params_ui_tutorial']) retrieved from /usr/local/python/3.10.13/lib/python3.10/site-packages/airflow/example_dags/example_params_ui_tutorial.py
[2024-03-29T11:05:02.150+0000] {logging_mixin.py:150} INFO - [2024-03-29T11:05:02.150+0000] {dag.py:2742} INFO - Sync 1 DAGs
[2024-03-29T11:05:02.165+0000] {logging_mixin.py:150} INFO - [2024-03-29T11:05:02.165+0000] {dag.py:3504} INFO - Setting next_dagrun for example_params_ui_tutorial to None, run_after=None
[2024-03-29T11:05:02.213+0000] {processor.py:179} INFO - Processing /usr/local/python/3.10.13/lib/python3.10/site-packages/airflow/example_dags/example_params_ui_tutorial.py took 0.114 seconds
[2024-03-29T11:05:45.410+0000] {processor.py:157} INFO - Started process (PID=16665) to work on /usr/local/python/3.10.13/lib/python3.10/site-packages/airflow/example_dags/example_params_ui_tutorial.py
[2024-03-29T11:05:45.411+0000] {processor.py:826} INFO - Processing file /usr/local/python/3.10.13/lib/python3.10/site-packages/airflow/example_dags/example_params_ui_tutorial.py for tasks to queue
[2024-03-29T11:05:45.411+0000] {logging_mixin.py:150} INFO - [2024-03-29T11:05:45.411+0000] {dagbag.py:541} INFO - Filling up the DagBag from /usr/local/python/3.10.13/lib/python3.10/site-packages/airflow/example_dags/example_params_ui_tutorial.py
[2024-03-29T11:05:45.431+0000] {processor.py:836} INFO - DAG(s) dict_keys(['example_params_ui_tutorial']) retrieved from /usr/local/python/3.10.13/lib/python3.10/site-packages/airflow/example_dags/example_params_ui_tutorial.py
[2024-03-29T11:05:45.464+0000] {logging_mixin.py:150} INFO - [2024-03-29T11:05:45.464+0000] {dag.py:2742} INFO - Sync 1 DAGs
[2024-03-29T11:05:45.482+0000] {logging_mixin.py:150} INFO - [2024-03-29T11:05:45.482+0000] {dag.py:3504} INFO - Setting next_dagrun for example_params_ui_tutorial to None, run_after=None
[2024-03-29T11:05:45.525+0000] {processor.py:179} INFO - Processing /usr/local/python/3.10.13/lib/python3.10/site-packages/airflow/example_dags/example_params_ui_tutorial.py took 0.117 seconds
[2024-03-29T11:06:35.575+0000] {processor.py:157} INFO - Started process (PID=17040) to work on /usr/local/python/3.10.13/lib/python3.10/site-packages/airflow/example_dags/example_params_ui_tutorial.py
[2024-03-29T11:06:35.576+0000] {processor.py:826} INFO - Processing file /usr/local/python/3.10.13/lib/python3.10/site-packages/airflow/example_dags/example_params_ui_tutorial.py for tasks to queue
[2024-03-29T11:06:35.576+0000] {logging_mixin.py:150} INFO - [2024-03-29T11:06:35.576+0000] {dagbag.py:541} INFO - Filling up the DagBag from /usr/local/python/3.10.13/lib/python3.10/site-packages/airflow/example_dags/example_params_ui_tutorial.py
[2024-03-29T11:06:35.596+0000] {processor.py:836} INFO - DAG(s) dict_keys(['example_params_ui_tutorial']) retrieved from /usr/local/python/3.10.13/lib/python3.10/site-packages/airflow/example_dags/example_params_ui_tutorial.py
[2024-03-29T11:06:35.627+0000] {logging_mixin.py:150} INFO - [2024-03-29T11:06:35.627+0000] {dag.py:2742} INFO - Sync 1 DAGs
[2024-03-29T11:06:35.653+0000] {logging_mixin.py:150} INFO - [2024-03-29T11:06:35.652+0000] {dag.py:3504} INFO - Setting next_dagrun for example_params_ui_tutorial to None, run_after=None
[2024-03-29T11:06:35.708+0000] {processor.py:179} INFO - Processing /usr/local/python/3.10.13/lib/python3.10/site-packages/airflow/example_dags/example_params_ui_tutorial.py took 0.136 seconds
[2024-03-29T11:07:23.751+0000] {processor.py:157} INFO - Started process (PID=17375) to work on /usr/local/python/3.10.13/lib/python3.10/site-packages/airflow/example_dags/example_params_ui_tutorial.py
[2024-03-29T11:07:23.752+0000] {processor.py:826} INFO - Processing file /usr/local/python/3.10.13/lib/python3.10/site-packages/airflow/example_dags/example_params_ui_tutorial.py for tasks to queue
[2024-03-29T11:07:23.752+0000] {logging_mixin.py:150} INFO - [2024-03-29T11:07:23.752+0000] {dagbag.py:541} INFO - Filling up the DagBag from /usr/local/python/3.10.13/lib/python3.10/site-packages/airflow/example_dags/example_params_ui_tutorial.py
[2024-03-29T11:07:23.772+0000] {processor.py:836} INFO - DAG(s) dict_keys(['example_params_ui_tutorial']) retrieved from /usr/local/python/3.10.13/lib/python3.10/site-packages/airflow/example_dags/example_params_ui_tutorial.py
[2024-03-29T11:07:23.801+0000] {logging_mixin.py:150} INFO - [2024-03-29T11:07:23.800+0000] {dag.py:2742} INFO - Sync 1 DAGs
[2024-03-29T11:07:23.816+0000] {logging_mixin.py:150} INFO - [2024-03-29T11:07:23.816+0000] {dag.py:3504} INFO - Setting next_dagrun for example_params_ui_tutorial to None, run_after=None
[2024-03-29T11:07:23.856+0000] {processor.py:179} INFO - Processing /usr/local/python/3.10.13/lib/python3.10/site-packages/airflow/example_dags/example_params_ui_tutorial.py took 0.107 seconds
[2024-03-29T11:08:08.016+0000] {processor.py:157} INFO - Started process (PID=17688) to work on /usr/local/python/3.10.13/lib/python3.10/site-packages/airflow/example_dags/example_params_ui_tutorial.py
[2024-03-29T11:08:08.017+0000] {processor.py:826} INFO - Processing file /usr/local/python/3.10.13/lib/python3.10/site-packages/airflow/example_dags/example_params_ui_tutorial.py for tasks to queue
[2024-03-29T11:08:08.018+0000] {logging_mixin.py:150} INFO - [2024-03-29T11:08:08.017+0000] {dagbag.py:541} INFO - Filling up the DagBag from /usr/local/python/3.10.13/lib/python3.10/site-packages/airflow/example_dags/example_params_ui_tutorial.py
[2024-03-29T11:08:08.038+0000] {processor.py:836} INFO - DAG(s) dict_keys(['example_params_ui_tutorial']) retrieved from /usr/local/python/3.10.13/lib/python3.10/site-packages/airflow/example_dags/example_params_ui_tutorial.py
[2024-03-29T11:08:08.066+0000] {logging_mixin.py:150} INFO - [2024-03-29T11:08:08.066+0000] {dag.py:2742} INFO - Sync 1 DAGs
[2024-03-29T11:08:08.081+0000] {logging_mixin.py:150} INFO - [2024-03-29T11:08:08.081+0000] {dag.py:3504} INFO - Setting next_dagrun for example_params_ui_tutorial to None, run_after=None
[2024-03-29T11:08:08.121+0000] {processor.py:179} INFO - Processing /usr/local/python/3.10.13/lib/python3.10/site-packages/airflow/example_dags/example_params_ui_tutorial.py took 0.107 seconds
[2024-03-29T11:08:58.445+0000] {processor.py:157} INFO - Started process (PID=18315) to work on /usr/local/python/3.10.13/lib/python3.10/site-packages/airflow/example_dags/example_params_ui_tutorial.py
[2024-03-29T11:08:58.446+0000] {processor.py:826} INFO - Processing file /usr/local/python/3.10.13/lib/python3.10/site-packages/airflow/example_dags/example_params_ui_tutorial.py for tasks to queue
[2024-03-29T11:08:58.447+0000] {logging_mixin.py:150} INFO - [2024-03-29T11:08:58.447+0000] {dagbag.py:541} INFO - Filling up the DagBag from /usr/local/python/3.10.13/lib/python3.10/site-packages/airflow/example_dags/example_params_ui_tutorial.py
[2024-03-29T11:08:58.484+0000] {processor.py:836} INFO - DAG(s) dict_keys(['example_params_ui_tutorial']) retrieved from /usr/local/python/3.10.13/lib/python3.10/site-packages/airflow/example_dags/example_params_ui_tutorial.py
[2024-03-29T11:08:58.534+0000] {logging_mixin.py:150} INFO - [2024-03-29T11:08:58.534+0000] {dag.py:2742} INFO - Sync 1 DAGs
[2024-03-29T11:08:58.558+0000] {logging_mixin.py:150} INFO - [2024-03-29T11:08:58.558+0000] {dag.py:3504} INFO - Setting next_dagrun for example_params_ui_tutorial to None, run_after=None
[2024-03-29T11:08:58.605+0000] {processor.py:179} INFO - Processing /usr/local/python/3.10.13/lib/python3.10/site-packages/airflow/example_dags/example_params_ui_tutorial.py took 0.163 seconds
