[2024-03-29T10:59:49.881+0000] {processor.py:157} INFO - Started process (PID=14159) to work on /usr/local/python/3.10.13/lib/python3.10/site-packages/airflow/example_dags/example_task_group_decorator.py
[2024-03-29T10:59:49.883+0000] {processor.py:826} INFO - Processing file /usr/local/python/3.10.13/lib/python3.10/site-packages/airflow/example_dags/example_task_group_decorator.py for tasks to queue
[2024-03-29T10:59:49.884+0000] {logging_mixin.py:150} INFO - [2024-03-29T10:59:49.883+0000] {dagbag.py:541} INFO - Filling up the DagBag from /usr/local/python/3.10.13/lib/python3.10/site-packages/airflow/example_dags/example_task_group_decorator.py
[2024-03-29T10:59:49.904+0000] {processor.py:836} INFO - DAG(s) dict_keys(['example_task_group_decorator']) retrieved from /usr/local/python/3.10.13/lib/python3.10/site-packages/airflow/example_dags/example_task_group_decorator.py
[2024-03-29T10:59:50.157+0000] {logging_mixin.py:150} INFO - [2024-03-29T10:59:50.157+0000] {manager.py:504} INFO - Created Permission View: can delete on DAG:example_task_group_decorator
[2024-03-29T10:59:50.294+0000] {logging_mixin.py:150} INFO - [2024-03-29T10:59:50.293+0000] {manager.py:504} INFO - Created Permission View: can edit on DAG:example_task_group_decorator
[2024-03-29T10:59:50.325+0000] {logging_mixin.py:150} INFO - [2024-03-29T10:59:50.325+0000] {manager.py:504} INFO - Created Permission View: can read on DAG:example_task_group_decorator
[2024-03-29T10:59:50.337+0000] {logging_mixin.py:150} INFO - [2024-03-29T10:59:50.337+0000] {dag.py:2742} INFO - Sync 1 DAGs
[2024-03-29T10:59:50.380+0000] {logging_mixin.py:150} INFO - [2024-03-29T10:59:50.380+0000] {dag.py:2763} INFO - Creating ORM DAG for example_task_group_decorator
[2024-03-29T10:59:50.387+0000] {logging_mixin.py:150} INFO - [2024-03-29T10:59:50.387+0000] {dag.py:3504} INFO - Setting next_dagrun for example_task_group_decorator to 2024-03-28T10:59:50.387001+00:00, run_after=2024-03-29T10:59:50.387001+00:00
[2024-03-29T10:59:50.431+0000] {processor.py:179} INFO - Processing /usr/local/python/3.10.13/lib/python3.10/site-packages/airflow/example_dags/example_task_group_decorator.py took 0.553 seconds
[2024-03-29T11:00:46.495+0000] {processor.py:157} INFO - Started process (PID=14558) to work on /usr/local/python/3.10.13/lib/python3.10/site-packages/airflow/example_dags/example_task_group_decorator.py
[2024-03-29T11:00:46.495+0000] {processor.py:826} INFO - Processing file /usr/local/python/3.10.13/lib/python3.10/site-packages/airflow/example_dags/example_task_group_decorator.py for tasks to queue
[2024-03-29T11:00:46.496+0000] {logging_mixin.py:150} INFO - [2024-03-29T11:00:46.496+0000] {dagbag.py:541} INFO - Filling up the DagBag from /usr/local/python/3.10.13/lib/python3.10/site-packages/airflow/example_dags/example_task_group_decorator.py
[2024-03-29T11:00:46.510+0000] {processor.py:836} INFO - DAG(s) dict_keys(['example_task_group_decorator']) retrieved from /usr/local/python/3.10.13/lib/python3.10/site-packages/airflow/example_dags/example_task_group_decorator.py
[2024-03-29T11:00:46.525+0000] {logging_mixin.py:150} INFO - [2024-03-29T11:00:46.525+0000] {dag.py:2742} INFO - Sync 1 DAGs
[2024-03-29T11:00:46.541+0000] {logging_mixin.py:150} INFO - [2024-03-29T11:00:46.541+0000] {dag.py:3504} INFO - Setting next_dagrun for example_task_group_decorator to 2024-03-28T11:00:46.541645+00:00, run_after=2024-03-29T11:00:46.541645+00:00
[2024-03-29T11:00:46.583+0000] {processor.py:179} INFO - Processing /usr/local/python/3.10.13/lib/python3.10/site-packages/airflow/example_dags/example_task_group_decorator.py took 0.091 seconds
[2024-03-29T11:01:32.564+0000] {processor.py:157} INFO - Started process (PID=14897) to work on /usr/local/python/3.10.13/lib/python3.10/site-packages/airflow/example_dags/example_task_group_decorator.py
[2024-03-29T11:01:32.565+0000] {processor.py:826} INFO - Processing file /usr/local/python/3.10.13/lib/python3.10/site-packages/airflow/example_dags/example_task_group_decorator.py for tasks to queue
[2024-03-29T11:01:32.566+0000] {logging_mixin.py:150} INFO - [2024-03-29T11:01:32.565+0000] {dagbag.py:541} INFO - Filling up the DagBag from /usr/local/python/3.10.13/lib/python3.10/site-packages/airflow/example_dags/example_task_group_decorator.py
[2024-03-29T11:01:32.578+0000] {processor.py:836} INFO - DAG(s) dict_keys(['example_task_group_decorator']) retrieved from /usr/local/python/3.10.13/lib/python3.10/site-packages/airflow/example_dags/example_task_group_decorator.py
[2024-03-29T11:01:32.593+0000] {logging_mixin.py:150} INFO - [2024-03-29T11:01:32.593+0000] {dag.py:2742} INFO - Sync 1 DAGs
[2024-03-29T11:01:32.608+0000] {logging_mixin.py:150} INFO - [2024-03-29T11:01:32.608+0000] {dag.py:3504} INFO - Setting next_dagrun for example_task_group_decorator to 2024-03-28T11:01:32.607876+00:00, run_after=2024-03-29T11:01:32.607876+00:00
[2024-03-29T11:01:32.648+0000] {processor.py:179} INFO - Processing /usr/local/python/3.10.13/lib/python3.10/site-packages/airflow/example_dags/example_task_group_decorator.py took 0.086 seconds
[2024-03-29T11:02:14.439+0000] {processor.py:157} INFO - Started process (PID=15189) to work on /usr/local/python/3.10.13/lib/python3.10/site-packages/airflow/example_dags/example_task_group_decorator.py
[2024-03-29T11:02:14.439+0000] {processor.py:826} INFO - Processing file /usr/local/python/3.10.13/lib/python3.10/site-packages/airflow/example_dags/example_task_group_decorator.py for tasks to queue
[2024-03-29T11:02:14.440+0000] {logging_mixin.py:150} INFO - [2024-03-29T11:02:14.440+0000] {dagbag.py:541} INFO - Filling up the DagBag from /usr/local/python/3.10.13/lib/python3.10/site-packages/airflow/example_dags/example_task_group_decorator.py
[2024-03-29T11:02:14.452+0000] {processor.py:836} INFO - DAG(s) dict_keys(['example_task_group_decorator']) retrieved from /usr/local/python/3.10.13/lib/python3.10/site-packages/airflow/example_dags/example_task_group_decorator.py
[2024-03-29T11:02:14.467+0000] {logging_mixin.py:150} INFO - [2024-03-29T11:02:14.467+0000] {dag.py:2742} INFO - Sync 1 DAGs
[2024-03-29T11:02:14.482+0000] {logging_mixin.py:150} INFO - [2024-03-29T11:02:14.482+0000] {dag.py:3504} INFO - Setting next_dagrun for example_task_group_decorator to 2024-03-28T11:02:14.482528+00:00, run_after=2024-03-29T11:02:14.482528+00:00
[2024-03-29T11:02:14.523+0000] {processor.py:179} INFO - Processing /usr/local/python/3.10.13/lib/python3.10/site-packages/airflow/example_dags/example_task_group_decorator.py took 0.086 seconds
[2024-03-29T11:03:03.952+0000] {processor.py:157} INFO - Started process (PID=15542) to work on /usr/local/python/3.10.13/lib/python3.10/site-packages/airflow/example_dags/example_task_group_decorator.py
[2024-03-29T11:03:03.953+0000] {processor.py:826} INFO - Processing file /usr/local/python/3.10.13/lib/python3.10/site-packages/airflow/example_dags/example_task_group_decorator.py for tasks to queue
[2024-03-29T11:03:03.953+0000] {logging_mixin.py:150} INFO - [2024-03-29T11:03:03.953+0000] {dagbag.py:541} INFO - Filling up the DagBag from /usr/local/python/3.10.13/lib/python3.10/site-packages/airflow/example_dags/example_task_group_decorator.py
[2024-03-29T11:03:03.967+0000] {processor.py:836} INFO - DAG(s) dict_keys(['example_task_group_decorator']) retrieved from /usr/local/python/3.10.13/lib/python3.10/site-packages/airflow/example_dags/example_task_group_decorator.py
[2024-03-29T11:03:03.982+0000] {logging_mixin.py:150} INFO - [2024-03-29T11:03:03.982+0000] {dag.py:2742} INFO - Sync 1 DAGs
[2024-03-29T11:03:03.998+0000] {logging_mixin.py:150} INFO - [2024-03-29T11:03:03.998+0000] {dag.py:3504} INFO - Setting next_dagrun for example_task_group_decorator to 2024-03-28T11:03:03.998205+00:00, run_after=2024-03-29T11:03:03.998205+00:00
[2024-03-29T11:03:04.037+0000] {processor.py:179} INFO - Processing /usr/local/python/3.10.13/lib/python3.10/site-packages/airflow/example_dags/example_task_group_decorator.py took 0.088 seconds
[2024-03-29T11:03:48.257+0000] {processor.py:157} INFO - Started process (PID=15861) to work on /usr/local/python/3.10.13/lib/python3.10/site-packages/airflow/example_dags/example_task_group_decorator.py
[2024-03-29T11:03:48.257+0000] {processor.py:826} INFO - Processing file /usr/local/python/3.10.13/lib/python3.10/site-packages/airflow/example_dags/example_task_group_decorator.py for tasks to queue
[2024-03-29T11:03:48.258+0000] {logging_mixin.py:150} INFO - [2024-03-29T11:03:48.258+0000] {dagbag.py:541} INFO - Filling up the DagBag from /usr/local/python/3.10.13/lib/python3.10/site-packages/airflow/example_dags/example_task_group_decorator.py
[2024-03-29T11:03:48.270+0000] {processor.py:836} INFO - DAG(s) dict_keys(['example_task_group_decorator']) retrieved from /usr/local/python/3.10.13/lib/python3.10/site-packages/airflow/example_dags/example_task_group_decorator.py
[2024-03-29T11:03:48.285+0000] {logging_mixin.py:150} INFO - [2024-03-29T11:03:48.285+0000] {dag.py:2742} INFO - Sync 1 DAGs
[2024-03-29T11:03:48.305+0000] {logging_mixin.py:150} INFO - [2024-03-29T11:03:48.305+0000] {dag.py:3504} INFO - Setting next_dagrun for example_task_group_decorator to 2024-03-28T11:03:48.304989+00:00, run_after=2024-03-29T11:03:48.304989+00:00
[2024-03-29T11:03:48.351+0000] {processor.py:179} INFO - Processing /usr/local/python/3.10.13/lib/python3.10/site-packages/airflow/example_dags/example_task_group_decorator.py took 0.096 seconds
[2024-03-29T11:04:34.852+0000] {processor.py:157} INFO - Started process (PID=16180) to work on /usr/local/python/3.10.13/lib/python3.10/site-packages/airflow/example_dags/example_task_group_decorator.py
[2024-03-29T11:04:34.853+0000] {processor.py:826} INFO - Processing file /usr/local/python/3.10.13/lib/python3.10/site-packages/airflow/example_dags/example_task_group_decorator.py for tasks to queue
[2024-03-29T11:04:34.855+0000] {logging_mixin.py:150} INFO - [2024-03-29T11:04:34.854+0000] {dagbag.py:541} INFO - Filling up the DagBag from /usr/local/python/3.10.13/lib/python3.10/site-packages/airflow/example_dags/example_task_group_decorator.py
[2024-03-29T11:04:34.878+0000] {processor.py:836} INFO - DAG(s) dict_keys(['example_task_group_decorator']) retrieved from /usr/local/python/3.10.13/lib/python3.10/site-packages/airflow/example_dags/example_task_group_decorator.py
[2024-03-29T11:04:34.904+0000] {logging_mixin.py:150} INFO - [2024-03-29T11:04:34.904+0000] {dag.py:2742} INFO - Sync 1 DAGs
[2024-03-29T11:04:34.928+0000] {logging_mixin.py:150} INFO - [2024-03-29T11:04:34.928+0000] {dag.py:3504} INFO - Setting next_dagrun for example_task_group_decorator to 2024-03-28T11:04:34.928506+00:00, run_after=2024-03-29T11:04:34.928506+00:00
[2024-03-29T11:04:34.980+0000] {processor.py:179} INFO - Processing /usr/local/python/3.10.13/lib/python3.10/site-packages/airflow/example_dags/example_task_group_decorator.py took 0.131 seconds
[2024-03-29T11:05:22.666+0000] {processor.py:157} INFO - Started process (PID=16509) to work on /usr/local/python/3.10.13/lib/python3.10/site-packages/airflow/example_dags/example_task_group_decorator.py
[2024-03-29T11:05:22.666+0000] {processor.py:826} INFO - Processing file /usr/local/python/3.10.13/lib/python3.10/site-packages/airflow/example_dags/example_task_group_decorator.py for tasks to queue
[2024-03-29T11:05:22.667+0000] {logging_mixin.py:150} INFO - [2024-03-29T11:05:22.667+0000] {dagbag.py:541} INFO - Filling up the DagBag from /usr/local/python/3.10.13/lib/python3.10/site-packages/airflow/example_dags/example_task_group_decorator.py
[2024-03-29T11:05:22.679+0000] {processor.py:836} INFO - DAG(s) dict_keys(['example_task_group_decorator']) retrieved from /usr/local/python/3.10.13/lib/python3.10/site-packages/airflow/example_dags/example_task_group_decorator.py
[2024-03-29T11:05:22.693+0000] {logging_mixin.py:150} INFO - [2024-03-29T11:05:22.693+0000] {dag.py:2742} INFO - Sync 1 DAGs
[2024-03-29T11:05:22.708+0000] {logging_mixin.py:150} INFO - [2024-03-29T11:05:22.708+0000] {dag.py:3504} INFO - Setting next_dagrun for example_task_group_decorator to 2024-03-28T11:05:22.708485+00:00, run_after=2024-03-29T11:05:22.708485+00:00
[2024-03-29T11:05:22.748+0000] {processor.py:179} INFO - Processing /usr/local/python/3.10.13/lib/python3.10/site-packages/airflow/example_dags/example_task_group_decorator.py took 0.085 seconds
[2024-03-29T11:06:07.455+0000] {processor.py:157} INFO - Started process (PID=16844) to work on /usr/local/python/3.10.13/lib/python3.10/site-packages/airflow/example_dags/example_task_group_decorator.py
[2024-03-29T11:06:07.455+0000] {processor.py:826} INFO - Processing file /usr/local/python/3.10.13/lib/python3.10/site-packages/airflow/example_dags/example_task_group_decorator.py for tasks to queue
[2024-03-29T11:06:07.456+0000] {logging_mixin.py:150} INFO - [2024-03-29T11:06:07.456+0000] {dagbag.py:541} INFO - Filling up the DagBag from /usr/local/python/3.10.13/lib/python3.10/site-packages/airflow/example_dags/example_task_group_decorator.py
[2024-03-29T11:06:07.468+0000] {processor.py:836} INFO - DAG(s) dict_keys(['example_task_group_decorator']) retrieved from /usr/local/python/3.10.13/lib/python3.10/site-packages/airflow/example_dags/example_task_group_decorator.py
[2024-03-29T11:06:07.485+0000] {logging_mixin.py:150} INFO - [2024-03-29T11:06:07.485+0000] {dag.py:2742} INFO - Sync 1 DAGs
[2024-03-29T11:06:07.507+0000] {logging_mixin.py:150} INFO - [2024-03-29T11:06:07.507+0000] {dag.py:3504} INFO - Setting next_dagrun for example_task_group_decorator to 2024-03-28T11:06:07.507087+00:00, run_after=2024-03-29T11:06:07.507087+00:00
[2024-03-29T11:06:07.545+0000] {processor.py:179} INFO - Processing /usr/local/python/3.10.13/lib/python3.10/site-packages/airflow/example_dags/example_task_group_decorator.py took 0.093 seconds
[2024-03-29T11:06:56.322+0000] {processor.py:157} INFO - Started process (PID=17178) to work on /usr/local/python/3.10.13/lib/python3.10/site-packages/airflow/example_dags/example_task_group_decorator.py
[2024-03-29T11:06:56.322+0000] {processor.py:826} INFO - Processing file /usr/local/python/3.10.13/lib/python3.10/site-packages/airflow/example_dags/example_task_group_decorator.py for tasks to queue
[2024-03-29T11:06:56.323+0000] {logging_mixin.py:150} INFO - [2024-03-29T11:06:56.323+0000] {dagbag.py:541} INFO - Filling up the DagBag from /usr/local/python/3.10.13/lib/python3.10/site-packages/airflow/example_dags/example_task_group_decorator.py
[2024-03-29T11:06:56.335+0000] {processor.py:836} INFO - DAG(s) dict_keys(['example_task_group_decorator']) retrieved from /usr/local/python/3.10.13/lib/python3.10/site-packages/airflow/example_dags/example_task_group_decorator.py
[2024-03-29T11:06:56.359+0000] {logging_mixin.py:150} INFO - [2024-03-29T11:06:56.359+0000] {dag.py:2742} INFO - Sync 1 DAGs
[2024-03-29T11:06:56.375+0000] {logging_mixin.py:150} INFO - [2024-03-29T11:06:56.375+0000] {dag.py:3504} INFO - Setting next_dagrun for example_task_group_decorator to 2024-03-28T11:06:56.375357+00:00, run_after=2024-03-29T11:06:56.375357+00:00
[2024-03-29T11:06:56.413+0000] {processor.py:179} INFO - Processing /usr/local/python/3.10.13/lib/python3.10/site-packages/airflow/example_dags/example_task_group_decorator.py took 0.094 seconds
[2024-03-29T11:07:46.202+0000] {processor.py:157} INFO - Started process (PID=17539) to work on /usr/local/python/3.10.13/lib/python3.10/site-packages/airflow/example_dags/example_task_group_decorator.py
[2024-03-29T11:07:46.203+0000] {processor.py:826} INFO - Processing file /usr/local/python/3.10.13/lib/python3.10/site-packages/airflow/example_dags/example_task_group_decorator.py for tasks to queue
[2024-03-29T11:07:46.203+0000] {logging_mixin.py:150} INFO - [2024-03-29T11:07:46.203+0000] {dagbag.py:541} INFO - Filling up the DagBag from /usr/local/python/3.10.13/lib/python3.10/site-packages/airflow/example_dags/example_task_group_decorator.py
[2024-03-29T11:07:46.223+0000] {processor.py:836} INFO - DAG(s) dict_keys(['example_task_group_decorator']) retrieved from /usr/local/python/3.10.13/lib/python3.10/site-packages/airflow/example_dags/example_task_group_decorator.py
[2024-03-29T11:07:46.248+0000] {logging_mixin.py:150} INFO - [2024-03-29T11:07:46.247+0000] {dag.py:2742} INFO - Sync 1 DAGs
[2024-03-29T11:07:46.272+0000] {logging_mixin.py:150} INFO - [2024-03-29T11:07:46.272+0000] {dag.py:3504} INFO - Setting next_dagrun for example_task_group_decorator to 2024-03-28T11:07:46.272298+00:00, run_after=2024-03-29T11:07:46.272298+00:00
[2024-03-29T11:07:46.313+0000] {processor.py:179} INFO - Processing /usr/local/python/3.10.13/lib/python3.10/site-packages/airflow/example_dags/example_task_group_decorator.py took 0.114 seconds
[2024-03-29T11:08:36.484+0000] {processor.py:157} INFO - Started process (PID=18033) to work on /usr/local/python/3.10.13/lib/python3.10/site-packages/airflow/example_dags/example_task_group_decorator.py
[2024-03-29T11:08:36.485+0000] {processor.py:826} INFO - Processing file /usr/local/python/3.10.13/lib/python3.10/site-packages/airflow/example_dags/example_task_group_decorator.py for tasks to queue
[2024-03-29T11:08:36.485+0000] {logging_mixin.py:150} INFO - [2024-03-29T11:08:36.485+0000] {dagbag.py:541} INFO - Filling up the DagBag from /usr/local/python/3.10.13/lib/python3.10/site-packages/airflow/example_dags/example_task_group_decorator.py
[2024-03-29T11:08:36.497+0000] {processor.py:836} INFO - DAG(s) dict_keys(['example_task_group_decorator']) retrieved from /usr/local/python/3.10.13/lib/python3.10/site-packages/airflow/example_dags/example_task_group_decorator.py
[2024-03-29T11:08:36.512+0000] {logging_mixin.py:150} INFO - [2024-03-29T11:08:36.512+0000] {dag.py:2742} INFO - Sync 1 DAGs
[2024-03-29T11:08:36.529+0000] {logging_mixin.py:150} INFO - [2024-03-29T11:08:36.529+0000] {dag.py:3504} INFO - Setting next_dagrun for example_task_group_decorator to 2024-03-28T11:08:36.528858+00:00, run_after=2024-03-29T11:08:36.528858+00:00
[2024-03-29T11:08:36.573+0000] {processor.py:179} INFO - Processing /usr/local/python/3.10.13/lib/python3.10/site-packages/airflow/example_dags/example_task_group_decorator.py took 0.091 seconds
[2024-03-29T11:09:28.553+0000] {processor.py:157} INFO - Started process (PID=18627) to work on /usr/local/python/3.10.13/lib/python3.10/site-packages/airflow/example_dags/example_task_group_decorator.py
[2024-03-29T11:09:28.554+0000] {processor.py:826} INFO - Processing file /usr/local/python/3.10.13/lib/python3.10/site-packages/airflow/example_dags/example_task_group_decorator.py for tasks to queue
[2024-03-29T11:09:28.554+0000] {logging_mixin.py:150} INFO - [2024-03-29T11:09:28.554+0000] {dagbag.py:541} INFO - Filling up the DagBag from /usr/local/python/3.10.13/lib/python3.10/site-packages/airflow/example_dags/example_task_group_decorator.py
[2024-03-29T11:09:28.566+0000] {processor.py:836} INFO - DAG(s) dict_keys(['example_task_group_decorator']) retrieved from /usr/local/python/3.10.13/lib/python3.10/site-packages/airflow/example_dags/example_task_group_decorator.py
[2024-03-29T11:09:28.582+0000] {logging_mixin.py:150} INFO - [2024-03-29T11:09:28.582+0000] {dag.py:2742} INFO - Sync 1 DAGs
[2024-03-29T11:09:28.598+0000] {logging_mixin.py:150} INFO - [2024-03-29T11:09:28.597+0000] {dag.py:3504} INFO - Setting next_dagrun for example_task_group_decorator to 2024-03-28T11:09:28.597703+00:00, run_after=2024-03-29T11:09:28.597703+00:00
[2024-03-29T11:09:28.637+0000] {processor.py:179} INFO - Processing /usr/local/python/3.10.13/lib/python3.10/site-packages/airflow/example_dags/example_task_group_decorator.py took 0.087 seconds
