[2024-03-29T11:00:21.380+0000] {processor.py:157} INFO - Started process (PID=14394) to work on /usr/local/python/3.10.13/lib/python3.10/site-packages/airflow/example_dags/example_dynamic_task_mapping.py
[2024-03-29T11:00:21.380+0000] {processor.py:826} INFO - Processing file /usr/local/python/3.10.13/lib/python3.10/site-packages/airflow/example_dags/example_dynamic_task_mapping.py for tasks to queue
[2024-03-29T11:00:21.381+0000] {logging_mixin.py:150} INFO - [2024-03-29T11:00:21.381+0000] {dagbag.py:541} INFO - Filling up the DagBag from /usr/local/python/3.10.13/lib/python3.10/site-packages/airflow/example_dags/example_dynamic_task_mapping.py
[2024-03-29T11:00:21.386+0000] {processor.py:836} INFO - DAG(s) dict_keys(['example_dynamic_task_mapping']) retrieved from /usr/local/python/3.10.13/lib/python3.10/site-packages/airflow/example_dags/example_dynamic_task_mapping.py
[2024-03-29T11:00:21.540+0000] {logging_mixin.py:150} INFO - [2024-03-29T11:00:21.540+0000] {manager.py:504} INFO - Created Permission View: can delete on DAG:example_dynamic_task_mapping
[2024-03-29T11:00:21.586+0000] {logging_mixin.py:150} INFO - [2024-03-29T11:00:21.585+0000] {manager.py:504} INFO - Created Permission View: can edit on DAG:example_dynamic_task_mapping
[2024-03-29T11:00:21.623+0000] {logging_mixin.py:150} INFO - [2024-03-29T11:00:21.623+0000] {manager.py:504} INFO - Created Permission View: can read on DAG:example_dynamic_task_mapping
[2024-03-29T11:00:21.632+0000] {logging_mixin.py:150} INFO - [2024-03-29T11:00:21.632+0000] {dag.py:2742} INFO - Sync 1 DAGs
[2024-03-29T11:00:21.640+0000] {logging_mixin.py:150} INFO - [2024-03-29T11:00:21.639+0000] {dag.py:2763} INFO - Creating ORM DAG for example_dynamic_task_mapping
[2024-03-29T11:00:21.647+0000] {logging_mixin.py:150} INFO - [2024-03-29T11:00:21.647+0000] {dag.py:3504} INFO - Setting next_dagrun for example_dynamic_task_mapping to 2022-03-04T00:00:00+00:00, run_after=2022-03-05T00:00:00+00:00
[2024-03-29T11:00:21.693+0000] {processor.py:179} INFO - Processing /usr/local/python/3.10.13/lib/python3.10/site-packages/airflow/example_dags/example_dynamic_task_mapping.py took 0.316 seconds
[2024-03-29T11:01:09.982+0000] {processor.py:157} INFO - Started process (PID=14727) to work on /usr/local/python/3.10.13/lib/python3.10/site-packages/airflow/example_dags/example_dynamic_task_mapping.py
[2024-03-29T11:01:09.983+0000] {processor.py:826} INFO - Processing file /usr/local/python/3.10.13/lib/python3.10/site-packages/airflow/example_dags/example_dynamic_task_mapping.py for tasks to queue
[2024-03-29T11:01:09.984+0000] {logging_mixin.py:150} INFO - [2024-03-29T11:01:09.983+0000] {dagbag.py:541} INFO - Filling up the DagBag from /usr/local/python/3.10.13/lib/python3.10/site-packages/airflow/example_dags/example_dynamic_task_mapping.py
[2024-03-29T11:01:09.989+0000] {processor.py:836} INFO - DAG(s) dict_keys(['example_dynamic_task_mapping']) retrieved from /usr/local/python/3.10.13/lib/python3.10/site-packages/airflow/example_dags/example_dynamic_task_mapping.py
[2024-03-29T11:01:10.000+0000] {logging_mixin.py:150} INFO - [2024-03-29T11:01:10.000+0000] {dag.py:2742} INFO - Sync 1 DAGs
[2024-03-29T11:01:10.015+0000] {logging_mixin.py:150} INFO - [2024-03-29T11:01:10.015+0000] {dag.py:3504} INFO - Setting next_dagrun for example_dynamic_task_mapping to 2022-03-04T00:00:00+00:00, run_after=2022-03-05T00:00:00+00:00
[2024-03-29T11:01:10.056+0000] {processor.py:179} INFO - Processing /usr/local/python/3.10.13/lib/python3.10/site-packages/airflow/example_dags/example_dynamic_task_mapping.py took 0.076 seconds
[2024-03-29T11:02:00.240+0000] {processor.py:157} INFO - Started process (PID=15073) to work on /usr/local/python/3.10.13/lib/python3.10/site-packages/airflow/example_dags/example_dynamic_task_mapping.py
[2024-03-29T11:02:00.240+0000] {processor.py:826} INFO - Processing file /usr/local/python/3.10.13/lib/python3.10/site-packages/airflow/example_dags/example_dynamic_task_mapping.py for tasks to queue
[2024-03-29T11:02:00.241+0000] {logging_mixin.py:150} INFO - [2024-03-29T11:02:00.241+0000] {dagbag.py:541} INFO - Filling up the DagBag from /usr/local/python/3.10.13/lib/python3.10/site-packages/airflow/example_dags/example_dynamic_task_mapping.py
[2024-03-29T11:02:00.247+0000] {processor.py:836} INFO - DAG(s) dict_keys(['example_dynamic_task_mapping']) retrieved from /usr/local/python/3.10.13/lib/python3.10/site-packages/airflow/example_dags/example_dynamic_task_mapping.py
[2024-03-29T11:02:00.259+0000] {logging_mixin.py:150} INFO - [2024-03-29T11:02:00.259+0000] {dag.py:2742} INFO - Sync 1 DAGs
[2024-03-29T11:02:00.275+0000] {logging_mixin.py:150} INFO - [2024-03-29T11:02:00.275+0000] {dag.py:3504} INFO - Setting next_dagrun for example_dynamic_task_mapping to 2022-03-04T00:00:00+00:00, run_after=2022-03-05T00:00:00+00:00
[2024-03-29T11:02:00.315+0000] {processor.py:179} INFO - Processing /usr/local/python/3.10.13/lib/python3.10/site-packages/airflow/example_dags/example_dynamic_task_mapping.py took 0.077 seconds
[2024-03-29T11:02:51.215+0000] {processor.py:157} INFO - Started process (PID=15435) to work on /usr/local/python/3.10.13/lib/python3.10/site-packages/airflow/example_dags/example_dynamic_task_mapping.py
[2024-03-29T11:02:51.216+0000] {processor.py:826} INFO - Processing file /usr/local/python/3.10.13/lib/python3.10/site-packages/airflow/example_dags/example_dynamic_task_mapping.py for tasks to queue
[2024-03-29T11:02:51.216+0000] {logging_mixin.py:150} INFO - [2024-03-29T11:02:51.216+0000] {dagbag.py:541} INFO - Filling up the DagBag from /usr/local/python/3.10.13/lib/python3.10/site-packages/airflow/example_dags/example_dynamic_task_mapping.py
[2024-03-29T11:02:51.222+0000] {processor.py:836} INFO - DAG(s) dict_keys(['example_dynamic_task_mapping']) retrieved from /usr/local/python/3.10.13/lib/python3.10/site-packages/airflow/example_dags/example_dynamic_task_mapping.py
[2024-03-29T11:02:51.233+0000] {logging_mixin.py:150} INFO - [2024-03-29T11:02:51.233+0000] {dag.py:2742} INFO - Sync 1 DAGs
[2024-03-29T11:02:51.248+0000] {logging_mixin.py:150} INFO - [2024-03-29T11:02:51.248+0000] {dag.py:3504} INFO - Setting next_dagrun for example_dynamic_task_mapping to 2022-03-04T00:00:00+00:00, run_after=2022-03-05T00:00:00+00:00
[2024-03-29T11:02:51.287+0000] {processor.py:179} INFO - Processing /usr/local/python/3.10.13/lib/python3.10/site-packages/airflow/example_dags/example_dynamic_task_mapping.py took 0.074 seconds
[2024-03-29T11:03:35.683+0000] {processor.py:157} INFO - Started process (PID=15775) to work on /usr/local/python/3.10.13/lib/python3.10/site-packages/airflow/example_dags/example_dynamic_task_mapping.py
[2024-03-29T11:03:35.684+0000] {processor.py:826} INFO - Processing file /usr/local/python/3.10.13/lib/python3.10/site-packages/airflow/example_dags/example_dynamic_task_mapping.py for tasks to queue
[2024-03-29T11:03:35.685+0000] {logging_mixin.py:150} INFO - [2024-03-29T11:03:35.684+0000] {dagbag.py:541} INFO - Filling up the DagBag from /usr/local/python/3.10.13/lib/python3.10/site-packages/airflow/example_dags/example_dynamic_task_mapping.py
[2024-03-29T11:03:35.693+0000] {processor.py:836} INFO - DAG(s) dict_keys(['example_dynamic_task_mapping']) retrieved from /usr/local/python/3.10.13/lib/python3.10/site-packages/airflow/example_dags/example_dynamic_task_mapping.py
[2024-03-29T11:03:35.709+0000] {logging_mixin.py:150} INFO - [2024-03-29T11:03:35.709+0000] {dag.py:2742} INFO - Sync 1 DAGs
[2024-03-29T11:03:35.730+0000] {logging_mixin.py:150} INFO - [2024-03-29T11:03:35.730+0000] {dag.py:3504} INFO - Setting next_dagrun for example_dynamic_task_mapping to 2022-03-04T00:00:00+00:00, run_after=2022-03-05T00:00:00+00:00
[2024-03-29T11:03:35.769+0000] {processor.py:179} INFO - Processing /usr/local/python/3.10.13/lib/python3.10/site-packages/airflow/example_dags/example_dynamic_task_mapping.py took 0.090 seconds
[2024-03-29T11:04:22.375+0000] {processor.py:157} INFO - Started process (PID=16093) to work on /usr/local/python/3.10.13/lib/python3.10/site-packages/airflow/example_dags/example_dynamic_task_mapping.py
[2024-03-29T11:04:22.376+0000] {processor.py:826} INFO - Processing file /usr/local/python/3.10.13/lib/python3.10/site-packages/airflow/example_dags/example_dynamic_task_mapping.py for tasks to queue
[2024-03-29T11:04:22.376+0000] {logging_mixin.py:150} INFO - [2024-03-29T11:04:22.376+0000] {dagbag.py:541} INFO - Filling up the DagBag from /usr/local/python/3.10.13/lib/python3.10/site-packages/airflow/example_dags/example_dynamic_task_mapping.py
[2024-03-29T11:04:22.382+0000] {processor.py:836} INFO - DAG(s) dict_keys(['example_dynamic_task_mapping']) retrieved from /usr/local/python/3.10.13/lib/python3.10/site-packages/airflow/example_dags/example_dynamic_task_mapping.py
[2024-03-29T11:04:22.395+0000] {logging_mixin.py:150} INFO - [2024-03-29T11:04:22.395+0000] {dag.py:2742} INFO - Sync 1 DAGs
[2024-03-29T11:04:22.414+0000] {logging_mixin.py:150} INFO - [2024-03-29T11:04:22.414+0000] {dag.py:3504} INFO - Setting next_dagrun for example_dynamic_task_mapping to 2022-03-04T00:00:00+00:00, run_after=2022-03-05T00:00:00+00:00
[2024-03-29T11:04:22.455+0000] {processor.py:179} INFO - Processing /usr/local/python/3.10.13/lib/python3.10/site-packages/airflow/example_dags/example_dynamic_task_mapping.py took 0.082 seconds
[2024-03-29T11:05:08.953+0000] {processor.py:157} INFO - Started process (PID=16429) to work on /usr/local/python/3.10.13/lib/python3.10/site-packages/airflow/example_dags/example_dynamic_task_mapping.py
[2024-03-29T11:05:08.953+0000] {processor.py:826} INFO - Processing file /usr/local/python/3.10.13/lib/python3.10/site-packages/airflow/example_dags/example_dynamic_task_mapping.py for tasks to queue
[2024-03-29T11:05:08.954+0000] {logging_mixin.py:150} INFO - [2024-03-29T11:05:08.954+0000] {dagbag.py:541} INFO - Filling up the DagBag from /usr/local/python/3.10.13/lib/python3.10/site-packages/airflow/example_dags/example_dynamic_task_mapping.py
[2024-03-29T11:05:08.959+0000] {processor.py:836} INFO - DAG(s) dict_keys(['example_dynamic_task_mapping']) retrieved from /usr/local/python/3.10.13/lib/python3.10/site-packages/airflow/example_dags/example_dynamic_task_mapping.py
[2024-03-29T11:05:08.970+0000] {logging_mixin.py:150} INFO - [2024-03-29T11:05:08.970+0000] {dag.py:2742} INFO - Sync 1 DAGs
[2024-03-29T11:05:08.990+0000] {logging_mixin.py:150} INFO - [2024-03-29T11:05:08.990+0000] {dag.py:3504} INFO - Setting next_dagrun for example_dynamic_task_mapping to 2022-03-04T00:00:00+00:00, run_after=2022-03-05T00:00:00+00:00
[2024-03-29T11:05:09.034+0000] {processor.py:179} INFO - Processing /usr/local/python/3.10.13/lib/python3.10/site-packages/airflow/example_dags/example_dynamic_task_mapping.py took 0.084 seconds
[2024-03-29T11:05:54.244+0000] {processor.py:157} INFO - Started process (PID=16731) to work on /usr/local/python/3.10.13/lib/python3.10/site-packages/airflow/example_dags/example_dynamic_task_mapping.py
[2024-03-29T11:05:54.245+0000] {processor.py:826} INFO - Processing file /usr/local/python/3.10.13/lib/python3.10/site-packages/airflow/example_dags/example_dynamic_task_mapping.py for tasks to queue
[2024-03-29T11:05:54.245+0000] {logging_mixin.py:150} INFO - [2024-03-29T11:05:54.245+0000] {dagbag.py:541} INFO - Filling up the DagBag from /usr/local/python/3.10.13/lib/python3.10/site-packages/airflow/example_dags/example_dynamic_task_mapping.py
[2024-03-29T11:05:54.253+0000] {processor.py:836} INFO - DAG(s) dict_keys(['example_dynamic_task_mapping']) retrieved from /usr/local/python/3.10.13/lib/python3.10/site-packages/airflow/example_dags/example_dynamic_task_mapping.py
[2024-03-29T11:05:54.271+0000] {logging_mixin.py:150} INFO - [2024-03-29T11:05:54.271+0000] {dag.py:2742} INFO - Sync 1 DAGs
[2024-03-29T11:05:54.289+0000] {logging_mixin.py:150} INFO - [2024-03-29T11:05:54.289+0000] {dag.py:3504} INFO - Setting next_dagrun for example_dynamic_task_mapping to 2022-03-04T00:00:00+00:00, run_after=2022-03-05T00:00:00+00:00
[2024-03-29T11:05:54.342+0000] {processor.py:179} INFO - Processing /usr/local/python/3.10.13/lib/python3.10/site-packages/airflow/example_dags/example_dynamic_task_mapping.py took 0.102 seconds
[2024-03-29T11:06:42.404+0000] {processor.py:157} INFO - Started process (PID=17091) to work on /usr/local/python/3.10.13/lib/python3.10/site-packages/airflow/example_dags/example_dynamic_task_mapping.py
[2024-03-29T11:06:42.405+0000] {processor.py:826} INFO - Processing file /usr/local/python/3.10.13/lib/python3.10/site-packages/airflow/example_dags/example_dynamic_task_mapping.py for tasks to queue
[2024-03-29T11:06:42.405+0000] {logging_mixin.py:150} INFO - [2024-03-29T11:06:42.405+0000] {dagbag.py:541} INFO - Filling up the DagBag from /usr/local/python/3.10.13/lib/python3.10/site-packages/airflow/example_dags/example_dynamic_task_mapping.py
[2024-03-29T11:06:42.411+0000] {processor.py:836} INFO - DAG(s) dict_keys(['example_dynamic_task_mapping']) retrieved from /usr/local/python/3.10.13/lib/python3.10/site-packages/airflow/example_dags/example_dynamic_task_mapping.py
[2024-03-29T11:06:42.422+0000] {logging_mixin.py:150} INFO - [2024-03-29T11:06:42.422+0000] {dag.py:2742} INFO - Sync 1 DAGs
[2024-03-29T11:06:42.438+0000] {logging_mixin.py:150} INFO - [2024-03-29T11:06:42.437+0000] {dag.py:3504} INFO - Setting next_dagrun for example_dynamic_task_mapping to 2022-03-04T00:00:00+00:00, run_after=2022-03-05T00:00:00+00:00
[2024-03-29T11:06:42.477+0000] {processor.py:179} INFO - Processing /usr/local/python/3.10.13/lib/python3.10/site-packages/airflow/example_dags/example_dynamic_task_mapping.py took 0.076 seconds
[2024-03-29T11:07:31.676+0000] {processor.py:157} INFO - Started process (PID=17443) to work on /usr/local/python/3.10.13/lib/python3.10/site-packages/airflow/example_dags/example_dynamic_task_mapping.py
[2024-03-29T11:07:31.677+0000] {processor.py:826} INFO - Processing file /usr/local/python/3.10.13/lib/python3.10/site-packages/airflow/example_dags/example_dynamic_task_mapping.py for tasks to queue
[2024-03-29T11:07:31.678+0000] {logging_mixin.py:150} INFO - [2024-03-29T11:07:31.677+0000] {dagbag.py:541} INFO - Filling up the DagBag from /usr/local/python/3.10.13/lib/python3.10/site-packages/airflow/example_dags/example_dynamic_task_mapping.py
[2024-03-29T11:07:31.704+0000] {processor.py:836} INFO - DAG(s) dict_keys(['example_dynamic_task_mapping']) retrieved from /usr/local/python/3.10.13/lib/python3.10/site-packages/airflow/example_dags/example_dynamic_task_mapping.py
[2024-03-29T11:07:31.773+0000] {logging_mixin.py:150} INFO - [2024-03-29T11:07:31.772+0000] {dag.py:2742} INFO - Sync 1 DAGs
[2024-03-29T11:07:31.860+0000] {logging_mixin.py:150} INFO - [2024-03-29T11:07:31.860+0000] {dag.py:3504} INFO - Setting next_dagrun for example_dynamic_task_mapping to 2022-03-04T00:00:00+00:00, run_after=2022-03-05T00:00:00+00:00
[2024-03-29T11:07:32.038+0000] {processor.py:179} INFO - Processing /usr/local/python/3.10.13/lib/python3.10/site-packages/airflow/example_dags/example_dynamic_task_mapping.py took 0.367 seconds
[2024-03-29T11:08:24.433+0000] {processor.py:157} INFO - Started process (PID=17860) to work on /usr/local/python/3.10.13/lib/python3.10/site-packages/airflow/example_dags/example_dynamic_task_mapping.py
[2024-03-29T11:08:24.434+0000] {processor.py:826} INFO - Processing file /usr/local/python/3.10.13/lib/python3.10/site-packages/airflow/example_dags/example_dynamic_task_mapping.py for tasks to queue
[2024-03-29T11:08:24.435+0000] {logging_mixin.py:150} INFO - [2024-03-29T11:08:24.435+0000] {dagbag.py:541} INFO - Filling up the DagBag from /usr/local/python/3.10.13/lib/python3.10/site-packages/airflow/example_dags/example_dynamic_task_mapping.py
[2024-03-29T11:08:24.441+0000] {processor.py:836} INFO - DAG(s) dict_keys(['example_dynamic_task_mapping']) retrieved from /usr/local/python/3.10.13/lib/python3.10/site-packages/airflow/example_dags/example_dynamic_task_mapping.py
[2024-03-29T11:08:24.452+0000] {logging_mixin.py:150} INFO - [2024-03-29T11:08:24.452+0000] {dag.py:2742} INFO - Sync 1 DAGs
[2024-03-29T11:08:24.467+0000] {logging_mixin.py:150} INFO - [2024-03-29T11:08:24.467+0000] {dag.py:3504} INFO - Setting next_dagrun for example_dynamic_task_mapping to 2022-03-04T00:00:00+00:00, run_after=2022-03-05T00:00:00+00:00
[2024-03-29T11:08:24.515+0000] {processor.py:179} INFO - Processing /usr/local/python/3.10.13/lib/python3.10/site-packages/airflow/example_dags/example_dynamic_task_mapping.py took 0.084 seconds
[2024-03-29T11:09:15.373+0000] {processor.py:157} INFO - Started process (PID=18473) to work on /usr/local/python/3.10.13/lib/python3.10/site-packages/airflow/example_dags/example_dynamic_task_mapping.py
[2024-03-29T11:09:15.373+0000] {processor.py:826} INFO - Processing file /usr/local/python/3.10.13/lib/python3.10/site-packages/airflow/example_dags/example_dynamic_task_mapping.py for tasks to queue
[2024-03-29T11:09:15.374+0000] {logging_mixin.py:150} INFO - [2024-03-29T11:09:15.374+0000] {dagbag.py:541} INFO - Filling up the DagBag from /usr/local/python/3.10.13/lib/python3.10/site-packages/airflow/example_dags/example_dynamic_task_mapping.py
[2024-03-29T11:09:15.379+0000] {processor.py:836} INFO - DAG(s) dict_keys(['example_dynamic_task_mapping']) retrieved from /usr/local/python/3.10.13/lib/python3.10/site-packages/airflow/example_dags/example_dynamic_task_mapping.py
[2024-03-29T11:09:15.391+0000] {logging_mixin.py:150} INFO - [2024-03-29T11:09:15.391+0000] {dag.py:2742} INFO - Sync 1 DAGs
[2024-03-29T11:09:15.407+0000] {logging_mixin.py:150} INFO - [2024-03-29T11:09:15.406+0000] {dag.py:3504} INFO - Setting next_dagrun for example_dynamic_task_mapping to 2022-03-04T00:00:00+00:00, run_after=2022-03-05T00:00:00+00:00
[2024-03-29T11:09:15.449+0000] {processor.py:179} INFO - Processing /usr/local/python/3.10.13/lib/python3.10/site-packages/airflow/example_dags/example_dynamic_task_mapping.py took 0.078 seconds
