[2024-03-29T10:59:55.687+0000] {processor.py:157} INFO - Started process (PID=14202) to work on /usr/local/python/3.10.13/lib/python3.10/site-packages/airflow/example_dags/example_latest_only_with_trigger.py
[2024-03-29T10:59:55.688+0000] {processor.py:826} INFO - Processing file /usr/local/python/3.10.13/lib/python3.10/site-packages/airflow/example_dags/example_latest_only_with_trigger.py for tasks to queue
[2024-03-29T10:59:55.689+0000] {logging_mixin.py:150} INFO - [2024-03-29T10:59:55.688+0000] {dagbag.py:541} INFO - Filling up the DagBag from /usr/local/python/3.10.13/lib/python3.10/site-packages/airflow/example_dags/example_latest_only_with_trigger.py
[2024-03-29T10:59:55.694+0000] {processor.py:836} INFO - DAG(s) dict_keys(['latest_only_with_trigger']) retrieved from /usr/local/python/3.10.13/lib/python3.10/site-packages/airflow/example_dags/example_latest_only_with_trigger.py
[2024-03-29T10:59:55.828+0000] {logging_mixin.py:150} INFO - [2024-03-29T10:59:55.828+0000] {manager.py:504} INFO - Created Permission View: can delete on DAG:latest_only_with_trigger
[2024-03-29T10:59:55.873+0000] {logging_mixin.py:150} INFO - [2024-03-29T10:59:55.873+0000] {manager.py:504} INFO - Created Permission View: can edit on DAG:latest_only_with_trigger
[2024-03-29T10:59:55.903+0000] {logging_mixin.py:150} INFO - [2024-03-29T10:59:55.902+0000] {manager.py:504} INFO - Created Permission View: can read on DAG:latest_only_with_trigger
[2024-03-29T10:59:55.918+0000] {logging_mixin.py:150} INFO - [2024-03-29T10:59:55.918+0000] {dag.py:2742} INFO - Sync 1 DAGs
[2024-03-29T10:59:55.927+0000] {logging_mixin.py:150} INFO - [2024-03-29T10:59:55.927+0000] {dag.py:2763} INFO - Creating ORM DAG for latest_only_with_trigger
[2024-03-29T10:59:55.936+0000] {logging_mixin.py:150} INFO - [2024-03-29T10:59:55.936+0000] {dag.py:3504} INFO - Setting next_dagrun for latest_only_with_trigger to 2024-03-29T06:59:55.936117+00:00, run_after=2024-03-29T10:59:55.936117+00:00
[2024-03-29T10:59:55.978+0000] {processor.py:179} INFO - Processing /usr/local/python/3.10.13/lib/python3.10/site-packages/airflow/example_dags/example_latest_only_with_trigger.py took 0.293 seconds
[2024-03-29T11:00:50.532+0000] {processor.py:157} INFO - Started process (PID=14580) to work on /usr/local/python/3.10.13/lib/python3.10/site-packages/airflow/example_dags/example_latest_only_with_trigger.py
[2024-03-29T11:00:50.533+0000] {processor.py:826} INFO - Processing file /usr/local/python/3.10.13/lib/python3.10/site-packages/airflow/example_dags/example_latest_only_with_trigger.py for tasks to queue
[2024-03-29T11:00:50.533+0000] {logging_mixin.py:150} INFO - [2024-03-29T11:00:50.533+0000] {dagbag.py:541} INFO - Filling up the DagBag from /usr/local/python/3.10.13/lib/python3.10/site-packages/airflow/example_dags/example_latest_only_with_trigger.py
[2024-03-29T11:00:50.538+0000] {processor.py:836} INFO - DAG(s) dict_keys(['latest_only_with_trigger']) retrieved from /usr/local/python/3.10.13/lib/python3.10/site-packages/airflow/example_dags/example_latest_only_with_trigger.py
[2024-03-29T11:00:50.550+0000] {logging_mixin.py:150} INFO - [2024-03-29T11:00:50.550+0000] {dag.py:2742} INFO - Sync 1 DAGs
[2024-03-29T11:00:50.565+0000] {logging_mixin.py:150} INFO - [2024-03-29T11:00:50.565+0000] {dag.py:3504} INFO - Setting next_dagrun for latest_only_with_trigger to 2024-03-29T07:00:50.565395+00:00, run_after=2024-03-29T11:00:50.565395+00:00
[2024-03-29T11:00:50.606+0000] {processor.py:179} INFO - Processing /usr/local/python/3.10.13/lib/python3.10/site-packages/airflow/example_dags/example_latest_only_with_trigger.py took 0.077 seconds
[2024-03-29T11:01:35.829+0000] {processor.py:157} INFO - Started process (PID=14916) to work on /usr/local/python/3.10.13/lib/python3.10/site-packages/airflow/example_dags/example_latest_only_with_trigger.py
[2024-03-29T11:01:35.829+0000] {processor.py:826} INFO - Processing file /usr/local/python/3.10.13/lib/python3.10/site-packages/airflow/example_dags/example_latest_only_with_trigger.py for tasks to queue
[2024-03-29T11:01:35.830+0000] {logging_mixin.py:150} INFO - [2024-03-29T11:01:35.830+0000] {dagbag.py:541} INFO - Filling up the DagBag from /usr/local/python/3.10.13/lib/python3.10/site-packages/airflow/example_dags/example_latest_only_with_trigger.py
[2024-03-29T11:01:35.835+0000] {processor.py:836} INFO - DAG(s) dict_keys(['latest_only_with_trigger']) retrieved from /usr/local/python/3.10.13/lib/python3.10/site-packages/airflow/example_dags/example_latest_only_with_trigger.py
[2024-03-29T11:01:35.848+0000] {logging_mixin.py:150} INFO - [2024-03-29T11:01:35.847+0000] {dag.py:2742} INFO - Sync 1 DAGs
[2024-03-29T11:01:35.863+0000] {logging_mixin.py:150} INFO - [2024-03-29T11:01:35.863+0000] {dag.py:3504} INFO - Setting next_dagrun for latest_only_with_trigger to 2024-03-29T07:01:35.863000+00:00, run_after=2024-03-29T11:01:35.863000+00:00
[2024-03-29T11:01:35.902+0000] {processor.py:179} INFO - Processing /usr/local/python/3.10.13/lib/python3.10/site-packages/airflow/example_dags/example_latest_only_with_trigger.py took 0.076 seconds
[2024-03-29T11:02:25.709+0000] {processor.py:157} INFO - Started process (PID=15277) to work on /usr/local/python/3.10.13/lib/python3.10/site-packages/airflow/example_dags/example_latest_only_with_trigger.py
[2024-03-29T11:02:25.710+0000] {processor.py:826} INFO - Processing file /usr/local/python/3.10.13/lib/python3.10/site-packages/airflow/example_dags/example_latest_only_with_trigger.py for tasks to queue
[2024-03-29T11:02:25.711+0000] {logging_mixin.py:150} INFO - [2024-03-29T11:02:25.710+0000] {dagbag.py:541} INFO - Filling up the DagBag from /usr/local/python/3.10.13/lib/python3.10/site-packages/airflow/example_dags/example_latest_only_with_trigger.py
[2024-03-29T11:02:25.717+0000] {processor.py:836} INFO - DAG(s) dict_keys(['latest_only_with_trigger']) retrieved from /usr/local/python/3.10.13/lib/python3.10/site-packages/airflow/example_dags/example_latest_only_with_trigger.py
[2024-03-29T11:02:25.736+0000] {logging_mixin.py:150} INFO - [2024-03-29T11:02:25.736+0000] {dag.py:2742} INFO - Sync 1 DAGs
[2024-03-29T11:02:25.761+0000] {logging_mixin.py:150} INFO - [2024-03-29T11:02:25.761+0000] {dag.py:3504} INFO - Setting next_dagrun for latest_only_with_trigger to 2024-03-29T07:02:25.761422+00:00, run_after=2024-03-29T11:02:25.761422+00:00
[2024-03-29T11:02:25.803+0000] {processor.py:179} INFO - Processing /usr/local/python/3.10.13/lib/python3.10/site-packages/airflow/example_dags/example_latest_only_with_trigger.py took 0.096 seconds
[2024-03-29T11:03:15.294+0000] {processor.py:157} INFO - Started process (PID=15621) to work on /usr/local/python/3.10.13/lib/python3.10/site-packages/airflow/example_dags/example_latest_only_with_trigger.py
[2024-03-29T11:03:15.294+0000] {processor.py:826} INFO - Processing file /usr/local/python/3.10.13/lib/python3.10/site-packages/airflow/example_dags/example_latest_only_with_trigger.py for tasks to queue
[2024-03-29T11:03:15.295+0000] {logging_mixin.py:150} INFO - [2024-03-29T11:03:15.295+0000] {dagbag.py:541} INFO - Filling up the DagBag from /usr/local/python/3.10.13/lib/python3.10/site-packages/airflow/example_dags/example_latest_only_with_trigger.py
[2024-03-29T11:03:15.302+0000] {processor.py:836} INFO - DAG(s) dict_keys(['latest_only_with_trigger']) retrieved from /usr/local/python/3.10.13/lib/python3.10/site-packages/airflow/example_dags/example_latest_only_with_trigger.py
[2024-03-29T11:03:15.319+0000] {logging_mixin.py:150} INFO - [2024-03-29T11:03:15.319+0000] {dag.py:2742} INFO - Sync 1 DAGs
[2024-03-29T11:03:15.342+0000] {logging_mixin.py:150} INFO - [2024-03-29T11:03:15.341+0000] {dag.py:3504} INFO - Setting next_dagrun for latest_only_with_trigger to 2024-03-29T07:03:15.341664+00:00, run_after=2024-03-29T11:03:15.341664+00:00
[2024-03-29T11:03:15.388+0000] {processor.py:179} INFO - Processing /usr/local/python/3.10.13/lib/python3.10/site-packages/airflow/example_dags/example_latest_only_with_trigger.py took 0.098 seconds
[2024-03-29T11:03:59.726+0000] {processor.py:157} INFO - Started process (PID=15940) to work on /usr/local/python/3.10.13/lib/python3.10/site-packages/airflow/example_dags/example_latest_only_with_trigger.py
[2024-03-29T11:03:59.726+0000] {processor.py:826} INFO - Processing file /usr/local/python/3.10.13/lib/python3.10/site-packages/airflow/example_dags/example_latest_only_with_trigger.py for tasks to queue
[2024-03-29T11:03:59.727+0000] {logging_mixin.py:150} INFO - [2024-03-29T11:03:59.727+0000] {dagbag.py:541} INFO - Filling up the DagBag from /usr/local/python/3.10.13/lib/python3.10/site-packages/airflow/example_dags/example_latest_only_with_trigger.py
[2024-03-29T11:03:59.732+0000] {processor.py:836} INFO - DAG(s) dict_keys(['latest_only_with_trigger']) retrieved from /usr/local/python/3.10.13/lib/python3.10/site-packages/airflow/example_dags/example_latest_only_with_trigger.py
[2024-03-29T11:03:59.744+0000] {logging_mixin.py:150} INFO - [2024-03-29T11:03:59.744+0000] {dag.py:2742} INFO - Sync 1 DAGs
[2024-03-29T11:03:59.759+0000] {logging_mixin.py:150} INFO - [2024-03-29T11:03:59.759+0000] {dag.py:3504} INFO - Setting next_dagrun for latest_only_with_trigger to 2024-03-29T07:03:59.758979+00:00, run_after=2024-03-29T11:03:59.758979+00:00
[2024-03-29T11:03:59.801+0000] {processor.py:179} INFO - Processing /usr/local/python/3.10.13/lib/python3.10/site-packages/airflow/example_dags/example_latest_only_with_trigger.py took 0.078 seconds
[2024-03-29T11:04:46.607+0000] {processor.py:157} INFO - Started process (PID=16277) to work on /usr/local/python/3.10.13/lib/python3.10/site-packages/airflow/example_dags/example_latest_only_with_trigger.py
[2024-03-29T11:04:46.608+0000] {processor.py:826} INFO - Processing file /usr/local/python/3.10.13/lib/python3.10/site-packages/airflow/example_dags/example_latest_only_with_trigger.py for tasks to queue
[2024-03-29T11:04:46.608+0000] {logging_mixin.py:150} INFO - [2024-03-29T11:04:46.608+0000] {dagbag.py:541} INFO - Filling up the DagBag from /usr/local/python/3.10.13/lib/python3.10/site-packages/airflow/example_dags/example_latest_only_with_trigger.py
[2024-03-29T11:04:46.613+0000] {processor.py:836} INFO - DAG(s) dict_keys(['latest_only_with_trigger']) retrieved from /usr/local/python/3.10.13/lib/python3.10/site-packages/airflow/example_dags/example_latest_only_with_trigger.py
[2024-03-29T11:04:46.627+0000] {logging_mixin.py:150} INFO - [2024-03-29T11:04:46.627+0000] {dag.py:2742} INFO - Sync 1 DAGs
[2024-03-29T11:04:46.643+0000] {logging_mixin.py:150} INFO - [2024-03-29T11:04:46.643+0000] {dag.py:3504} INFO - Setting next_dagrun for latest_only_with_trigger to 2024-03-29T07:04:46.643009+00:00, run_after=2024-03-29T11:04:46.643009+00:00
[2024-03-29T11:04:46.686+0000] {processor.py:179} INFO - Processing /usr/local/python/3.10.13/lib/python3.10/site-packages/airflow/example_dags/example_latest_only_with_trigger.py took 0.081 seconds
[2024-03-29T11:05:31.875+0000] {processor.py:157} INFO - Started process (PID=16582) to work on /usr/local/python/3.10.13/lib/python3.10/site-packages/airflow/example_dags/example_latest_only_with_trigger.py
[2024-03-29T11:05:31.876+0000] {processor.py:826} INFO - Processing file /usr/local/python/3.10.13/lib/python3.10/site-packages/airflow/example_dags/example_latest_only_with_trigger.py for tasks to queue
[2024-03-29T11:05:31.877+0000] {logging_mixin.py:150} INFO - [2024-03-29T11:05:31.876+0000] {dagbag.py:541} INFO - Filling up the DagBag from /usr/local/python/3.10.13/lib/python3.10/site-packages/airflow/example_dags/example_latest_only_with_trigger.py
[2024-03-29T11:05:31.884+0000] {processor.py:836} INFO - DAG(s) dict_keys(['latest_only_with_trigger']) retrieved from /usr/local/python/3.10.13/lib/python3.10/site-packages/airflow/example_dags/example_latest_only_with_trigger.py
[2024-03-29T11:05:31.903+0000] {logging_mixin.py:150} INFO - [2024-03-29T11:05:31.902+0000] {dag.py:2742} INFO - Sync 1 DAGs
[2024-03-29T11:05:31.928+0000] {logging_mixin.py:150} INFO - [2024-03-29T11:05:31.928+0000] {dag.py:3504} INFO - Setting next_dagrun for latest_only_with_trigger to 2024-03-29T07:05:31.928019+00:00, run_after=2024-03-29T11:05:31.928019+00:00
[2024-03-29T11:05:31.974+0000] {processor.py:179} INFO - Processing /usr/local/python/3.10.13/lib/python3.10/site-packages/airflow/example_dags/example_latest_only_with_trigger.py took 0.102 seconds
[2024-03-29T11:06:18.313+0000] {processor.py:157} INFO - Started process (PID=16921) to work on /usr/local/python/3.10.13/lib/python3.10/site-packages/airflow/example_dags/example_latest_only_with_trigger.py
[2024-03-29T11:06:18.313+0000] {processor.py:826} INFO - Processing file /usr/local/python/3.10.13/lib/python3.10/site-packages/airflow/example_dags/example_latest_only_with_trigger.py for tasks to queue
[2024-03-29T11:06:18.314+0000] {logging_mixin.py:150} INFO - [2024-03-29T11:06:18.314+0000] {dagbag.py:541} INFO - Filling up the DagBag from /usr/local/python/3.10.13/lib/python3.10/site-packages/airflow/example_dags/example_latest_only_with_trigger.py
[2024-03-29T11:06:18.319+0000] {processor.py:836} INFO - DAG(s) dict_keys(['latest_only_with_trigger']) retrieved from /usr/local/python/3.10.13/lib/python3.10/site-packages/airflow/example_dags/example_latest_only_with_trigger.py
[2024-03-29T11:06:18.332+0000] {logging_mixin.py:150} INFO - [2024-03-29T11:06:18.331+0000] {dag.py:2742} INFO - Sync 1 DAGs
[2024-03-29T11:06:18.347+0000] {logging_mixin.py:150} INFO - [2024-03-29T11:06:18.347+0000] {dag.py:3504} INFO - Setting next_dagrun for latest_only_with_trigger to 2024-03-29T07:06:18.346987+00:00, run_after=2024-03-29T11:06:18.346987+00:00
[2024-03-29T11:06:18.385+0000] {processor.py:179} INFO - Processing /usr/local/python/3.10.13/lib/python3.10/site-packages/airflow/example_dags/example_latest_only_with_trigger.py took 0.074 seconds
[2024-03-29T11:07:05.696+0000] {processor.py:157} INFO - Started process (PID=17246) to work on /usr/local/python/3.10.13/lib/python3.10/site-packages/airflow/example_dags/example_latest_only_with_trigger.py
[2024-03-29T11:07:05.698+0000] {processor.py:826} INFO - Processing file /usr/local/python/3.10.13/lib/python3.10/site-packages/airflow/example_dags/example_latest_only_with_trigger.py for tasks to queue
[2024-03-29T11:07:05.698+0000] {logging_mixin.py:150} INFO - [2024-03-29T11:07:05.698+0000] {dagbag.py:541} INFO - Filling up the DagBag from /usr/local/python/3.10.13/lib/python3.10/site-packages/airflow/example_dags/example_latest_only_with_trigger.py
[2024-03-29T11:07:05.703+0000] {processor.py:836} INFO - DAG(s) dict_keys(['latest_only_with_trigger']) retrieved from /usr/local/python/3.10.13/lib/python3.10/site-packages/airflow/example_dags/example_latest_only_with_trigger.py
[2024-03-29T11:07:05.715+0000] {logging_mixin.py:150} INFO - [2024-03-29T11:07:05.715+0000] {dag.py:2742} INFO - Sync 1 DAGs
[2024-03-29T11:07:05.730+0000] {logging_mixin.py:150} INFO - [2024-03-29T11:07:05.730+0000] {dag.py:3504} INFO - Setting next_dagrun for latest_only_with_trigger to 2024-03-29T07:07:05.729865+00:00, run_after=2024-03-29T11:07:05.729865+00:00
[2024-03-29T11:07:05.769+0000] {processor.py:179} INFO - Processing /usr/local/python/3.10.13/lib/python3.10/site-packages/airflow/example_dags/example_latest_only_with_trigger.py took 0.076 seconds
[2024-03-29T11:07:50.201+0000] {processor.py:157} INFO - Started process (PID=17574) to work on /usr/local/python/3.10.13/lib/python3.10/site-packages/airflow/example_dags/example_latest_only_with_trigger.py
[2024-03-29T11:07:50.202+0000] {processor.py:826} INFO - Processing file /usr/local/python/3.10.13/lib/python3.10/site-packages/airflow/example_dags/example_latest_only_with_trigger.py for tasks to queue
[2024-03-29T11:07:50.202+0000] {logging_mixin.py:150} INFO - [2024-03-29T11:07:50.202+0000] {dagbag.py:541} INFO - Filling up the DagBag from /usr/local/python/3.10.13/lib/python3.10/site-packages/airflow/example_dags/example_latest_only_with_trigger.py
[2024-03-29T11:07:50.207+0000] {processor.py:836} INFO - DAG(s) dict_keys(['latest_only_with_trigger']) retrieved from /usr/local/python/3.10.13/lib/python3.10/site-packages/airflow/example_dags/example_latest_only_with_trigger.py
[2024-03-29T11:07:50.219+0000] {logging_mixin.py:150} INFO - [2024-03-29T11:07:50.219+0000] {dag.py:2742} INFO - Sync 1 DAGs
[2024-03-29T11:07:50.235+0000] {logging_mixin.py:150} INFO - [2024-03-29T11:07:50.235+0000] {dag.py:3504} INFO - Setting next_dagrun for latest_only_with_trigger to 2024-03-29T07:07:50.235269+00:00, run_after=2024-03-29T11:07:50.235269+00:00
[2024-03-29T11:07:50.274+0000] {processor.py:179} INFO - Processing /usr/local/python/3.10.13/lib/python3.10/site-packages/airflow/example_dags/example_latest_only_with_trigger.py took 0.075 seconds
[2024-03-29T11:08:40.322+0000] {processor.py:157} INFO - Started process (PID=18092) to work on /usr/local/python/3.10.13/lib/python3.10/site-packages/airflow/example_dags/example_latest_only_with_trigger.py
[2024-03-29T11:08:40.323+0000] {processor.py:826} INFO - Processing file /usr/local/python/3.10.13/lib/python3.10/site-packages/airflow/example_dags/example_latest_only_with_trigger.py for tasks to queue
[2024-03-29T11:08:40.324+0000] {logging_mixin.py:150} INFO - [2024-03-29T11:08:40.324+0000] {dagbag.py:541} INFO - Filling up the DagBag from /usr/local/python/3.10.13/lib/python3.10/site-packages/airflow/example_dags/example_latest_only_with_trigger.py
[2024-03-29T11:08:40.329+0000] {processor.py:836} INFO - DAG(s) dict_keys(['latest_only_with_trigger']) retrieved from /usr/local/python/3.10.13/lib/python3.10/site-packages/airflow/example_dags/example_latest_only_with_trigger.py
[2024-03-29T11:08:40.343+0000] {logging_mixin.py:150} INFO - [2024-03-29T11:08:40.342+0000] {dag.py:2742} INFO - Sync 1 DAGs
[2024-03-29T11:08:40.359+0000] {logging_mixin.py:150} INFO - [2024-03-29T11:08:40.359+0000] {dag.py:3504} INFO - Setting next_dagrun for latest_only_with_trigger to 2024-03-29T07:08:40.359175+00:00, run_after=2024-03-29T11:08:40.359175+00:00
[2024-03-29T11:08:40.399+0000] {processor.py:179} INFO - Processing /usr/local/python/3.10.13/lib/python3.10/site-packages/airflow/example_dags/example_latest_only_with_trigger.py took 0.078 seconds
[2024-03-29T11:09:32.281+0000] {processor.py:157} INFO - Started process (PID=18685) to work on /usr/local/python/3.10.13/lib/python3.10/site-packages/airflow/example_dags/example_latest_only_with_trigger.py
[2024-03-29T11:09:32.282+0000] {processor.py:826} INFO - Processing file /usr/local/python/3.10.13/lib/python3.10/site-packages/airflow/example_dags/example_latest_only_with_trigger.py for tasks to queue
[2024-03-29T11:09:32.282+0000] {logging_mixin.py:150} INFO - [2024-03-29T11:09:32.282+0000] {dagbag.py:541} INFO - Filling up the DagBag from /usr/local/python/3.10.13/lib/python3.10/site-packages/airflow/example_dags/example_latest_only_with_trigger.py
[2024-03-29T11:09:32.287+0000] {processor.py:836} INFO - DAG(s) dict_keys(['latest_only_with_trigger']) retrieved from /usr/local/python/3.10.13/lib/python3.10/site-packages/airflow/example_dags/example_latest_only_with_trigger.py
[2024-03-29T11:09:32.299+0000] {logging_mixin.py:150} INFO - [2024-03-29T11:09:32.299+0000] {dag.py:2742} INFO - Sync 1 DAGs
[2024-03-29T11:09:32.315+0000] {logging_mixin.py:150} INFO - [2024-03-29T11:09:32.315+0000] {dag.py:3504} INFO - Setting next_dagrun for latest_only_with_trigger to 2024-03-29T07:09:32.315115+00:00, run_after=2024-03-29T11:09:32.315115+00:00
[2024-03-29T11:09:32.362+0000] {processor.py:179} INFO - Processing /usr/local/python/3.10.13/lib/python3.10/site-packages/airflow/example_dags/example_latest_only_with_trigger.py took 0.084 seconds
