[2024-03-29T10:59:52.893+0000] {processor.py:157} INFO - Started process (PID=14185) to work on /usr/local/python/3.10.13/lib/python3.10/site-packages/airflow/example_dags/example_xcom.py
[2024-03-29T10:59:52.894+0000] {processor.py:826} INFO - Processing file /usr/local/python/3.10.13/lib/python3.10/site-packages/airflow/example_dags/example_xcom.py for tasks to queue
[2024-03-29T10:59:52.894+0000] {logging_mixin.py:150} INFO - [2024-03-29T10:59:52.894+0000] {dagbag.py:541} INFO - Filling up the DagBag from /usr/local/python/3.10.13/lib/python3.10/site-packages/airflow/example_dags/example_xcom.py
[2024-03-29T10:59:52.900+0000] {processor.py:836} INFO - DAG(s) dict_keys(['example_xcom']) retrieved from /usr/local/python/3.10.13/lib/python3.10/site-packages/airflow/example_dags/example_xcom.py
[2024-03-29T10:59:53.039+0000] {logging_mixin.py:150} INFO - [2024-03-29T10:59:53.039+0000] {manager.py:504} INFO - Created Permission View: can delete on DAG:example_xcom
[2024-03-29T10:59:53.074+0000] {logging_mixin.py:150} INFO - [2024-03-29T10:59:53.074+0000] {manager.py:504} INFO - Created Permission View: can edit on DAG:example_xcom
[2024-03-29T10:59:53.104+0000] {logging_mixin.py:150} INFO - [2024-03-29T10:59:53.104+0000] {manager.py:504} INFO - Created Permission View: can read on DAG:example_xcom
[2024-03-29T10:59:53.118+0000] {logging_mixin.py:150} INFO - [2024-03-29T10:59:53.118+0000] {dag.py:2742} INFO - Sync 1 DAGs
[2024-03-29T10:59:53.129+0000] {logging_mixin.py:150} INFO - [2024-03-29T10:59:53.129+0000] {dag.py:2763} INFO - Creating ORM DAG for example_xcom
[2024-03-29T10:59:53.139+0000] {logging_mixin.py:150} INFO - [2024-03-29T10:59:53.139+0000] {dag.py:3504} INFO - Setting next_dagrun for example_xcom to 2021-01-01T00:00:00+00:00, run_after=2021-01-01T00:00:00+00:00
[2024-03-29T10:59:53.189+0000] {processor.py:179} INFO - Processing /usr/local/python/3.10.13/lib/python3.10/site-packages/airflow/example_dags/example_xcom.py took 0.299 seconds
[2024-03-29T11:00:48.787+0000] {processor.py:157} INFO - Started process (PID=14572) to work on /usr/local/python/3.10.13/lib/python3.10/site-packages/airflow/example_dags/example_xcom.py
[2024-03-29T11:00:48.788+0000] {processor.py:826} INFO - Processing file /usr/local/python/3.10.13/lib/python3.10/site-packages/airflow/example_dags/example_xcom.py for tasks to queue
[2024-03-29T11:00:48.789+0000] {logging_mixin.py:150} INFO - [2024-03-29T11:00:48.788+0000] {dagbag.py:541} INFO - Filling up the DagBag from /usr/local/python/3.10.13/lib/python3.10/site-packages/airflow/example_dags/example_xcom.py
[2024-03-29T11:00:48.794+0000] {processor.py:836} INFO - DAG(s) dict_keys(['example_xcom']) retrieved from /usr/local/python/3.10.13/lib/python3.10/site-packages/airflow/example_dags/example_xcom.py
[2024-03-29T11:00:48.807+0000] {logging_mixin.py:150} INFO - [2024-03-29T11:00:48.806+0000] {dag.py:2742} INFO - Sync 1 DAGs
[2024-03-29T11:00:48.822+0000] {logging_mixin.py:150} INFO - [2024-03-29T11:00:48.821+0000] {dag.py:3504} INFO - Setting next_dagrun for example_xcom to 2021-01-01T00:00:00+00:00, run_after=2021-01-01T00:00:00+00:00
[2024-03-29T11:00:48.866+0000] {processor.py:179} INFO - Processing /usr/local/python/3.10.13/lib/python3.10/site-packages/airflow/example_dags/example_xcom.py took 0.081 seconds
[2024-03-29T11:01:33.892+0000] {processor.py:157} INFO - Started process (PID=14908) to work on /usr/local/python/3.10.13/lib/python3.10/site-packages/airflow/example_dags/example_xcom.py
[2024-03-29T11:01:33.892+0000] {processor.py:826} INFO - Processing file /usr/local/python/3.10.13/lib/python3.10/site-packages/airflow/example_dags/example_xcom.py for tasks to queue
[2024-03-29T11:01:33.893+0000] {logging_mixin.py:150} INFO - [2024-03-29T11:01:33.893+0000] {dagbag.py:541} INFO - Filling up the DagBag from /usr/local/python/3.10.13/lib/python3.10/site-packages/airflow/example_dags/example_xcom.py
[2024-03-29T11:01:33.900+0000] {processor.py:836} INFO - DAG(s) dict_keys(['example_xcom']) retrieved from /usr/local/python/3.10.13/lib/python3.10/site-packages/airflow/example_dags/example_xcom.py
[2024-03-29T11:01:33.912+0000] {logging_mixin.py:150} INFO - [2024-03-29T11:01:33.912+0000] {dag.py:2742} INFO - Sync 1 DAGs
[2024-03-29T11:01:33.928+0000] {logging_mixin.py:150} INFO - [2024-03-29T11:01:33.928+0000] {dag.py:3504} INFO - Setting next_dagrun for example_xcom to 2021-01-01T00:00:00+00:00, run_after=2021-01-01T00:00:00+00:00
[2024-03-29T11:01:33.968+0000] {processor.py:179} INFO - Processing /usr/local/python/3.10.13/lib/python3.10/site-packages/airflow/example_dags/example_xcom.py took 0.079 seconds
[2024-03-29T11:02:24.002+0000] {processor.py:157} INFO - Started process (PID=15262) to work on /usr/local/python/3.10.13/lib/python3.10/site-packages/airflow/example_dags/example_xcom.py
[2024-03-29T11:02:24.003+0000] {processor.py:826} INFO - Processing file /usr/local/python/3.10.13/lib/python3.10/site-packages/airflow/example_dags/example_xcom.py for tasks to queue
[2024-03-29T11:02:24.004+0000] {logging_mixin.py:150} INFO - [2024-03-29T11:02:24.003+0000] {dagbag.py:541} INFO - Filling up the DagBag from /usr/local/python/3.10.13/lib/python3.10/site-packages/airflow/example_dags/example_xcom.py
[2024-03-29T11:02:24.009+0000] {processor.py:836} INFO - DAG(s) dict_keys(['example_xcom']) retrieved from /usr/local/python/3.10.13/lib/python3.10/site-packages/airflow/example_dags/example_xcom.py
[2024-03-29T11:02:24.022+0000] {logging_mixin.py:150} INFO - [2024-03-29T11:02:24.022+0000] {dag.py:2742} INFO - Sync 1 DAGs
[2024-03-29T11:02:24.037+0000] {logging_mixin.py:150} INFO - [2024-03-29T11:02:24.037+0000] {dag.py:3504} INFO - Setting next_dagrun for example_xcom to 2021-01-01T00:00:00+00:00, run_after=2021-01-01T00:00:00+00:00
[2024-03-29T11:02:24.075+0000] {processor.py:179} INFO - Processing /usr/local/python/3.10.13/lib/python3.10/site-packages/airflow/example_dags/example_xcom.py took 0.075 seconds
[2024-03-29T11:03:05.129+0000] {processor.py:157} INFO - Started process (PID=15550) to work on /usr/local/python/3.10.13/lib/python3.10/site-packages/airflow/example_dags/example_xcom.py
[2024-03-29T11:03:05.130+0000] {processor.py:826} INFO - Processing file /usr/local/python/3.10.13/lib/python3.10/site-packages/airflow/example_dags/example_xcom.py for tasks to queue
[2024-03-29T11:03:05.131+0000] {logging_mixin.py:150} INFO - [2024-03-29T11:03:05.130+0000] {dagbag.py:541} INFO - Filling up the DagBag from /usr/local/python/3.10.13/lib/python3.10/site-packages/airflow/example_dags/example_xcom.py
[2024-03-29T11:03:05.136+0000] {processor.py:836} INFO - DAG(s) dict_keys(['example_xcom']) retrieved from /usr/local/python/3.10.13/lib/python3.10/site-packages/airflow/example_dags/example_xcom.py
[2024-03-29T11:03:05.148+0000] {logging_mixin.py:150} INFO - [2024-03-29T11:03:05.148+0000] {dag.py:2742} INFO - Sync 1 DAGs
[2024-03-29T11:03:05.163+0000] {logging_mixin.py:150} INFO - [2024-03-29T11:03:05.163+0000] {dag.py:3504} INFO - Setting next_dagrun for example_xcom to 2021-01-01T00:00:00+00:00, run_after=2021-01-01T00:00:00+00:00
[2024-03-29T11:03:05.211+0000] {processor.py:179} INFO - Processing /usr/local/python/3.10.13/lib/python3.10/site-packages/airflow/example_dags/example_xcom.py took 0.084 seconds
[2024-03-29T11:03:50.561+0000] {processor.py:157} INFO - Started process (PID=15875) to work on /usr/local/python/3.10.13/lib/python3.10/site-packages/airflow/example_dags/example_xcom.py
[2024-03-29T11:03:50.562+0000] {processor.py:826} INFO - Processing file /usr/local/python/3.10.13/lib/python3.10/site-packages/airflow/example_dags/example_xcom.py for tasks to queue
[2024-03-29T11:03:50.563+0000] {logging_mixin.py:150} INFO - [2024-03-29T11:03:50.562+0000] {dagbag.py:541} INFO - Filling up the DagBag from /usr/local/python/3.10.13/lib/python3.10/site-packages/airflow/example_dags/example_xcom.py
[2024-03-29T11:03:50.568+0000] {processor.py:836} INFO - DAG(s) dict_keys(['example_xcom']) retrieved from /usr/local/python/3.10.13/lib/python3.10/site-packages/airflow/example_dags/example_xcom.py
[2024-03-29T11:03:50.581+0000] {logging_mixin.py:150} INFO - [2024-03-29T11:03:50.581+0000] {dag.py:2742} INFO - Sync 1 DAGs
[2024-03-29T11:03:50.598+0000] {logging_mixin.py:150} INFO - [2024-03-29T11:03:50.598+0000] {dag.py:3504} INFO - Setting next_dagrun for example_xcom to 2021-01-01T00:00:00+00:00, run_after=2021-01-01T00:00:00+00:00
[2024-03-29T11:03:50.642+0000] {processor.py:179} INFO - Processing /usr/local/python/3.10.13/lib/python3.10/site-packages/airflow/example_dags/example_xcom.py took 0.082 seconds
[2024-03-29T11:04:36.623+0000] {processor.py:157} INFO - Started process (PID=16206) to work on /usr/local/python/3.10.13/lib/python3.10/site-packages/airflow/example_dags/example_xcom.py
[2024-03-29T11:04:36.624+0000] {processor.py:826} INFO - Processing file /usr/local/python/3.10.13/lib/python3.10/site-packages/airflow/example_dags/example_xcom.py for tasks to queue
[2024-03-29T11:04:36.624+0000] {logging_mixin.py:150} INFO - [2024-03-29T11:04:36.624+0000] {dagbag.py:541} INFO - Filling up the DagBag from /usr/local/python/3.10.13/lib/python3.10/site-packages/airflow/example_dags/example_xcom.py
[2024-03-29T11:04:36.630+0000] {processor.py:836} INFO - DAG(s) dict_keys(['example_xcom']) retrieved from /usr/local/python/3.10.13/lib/python3.10/site-packages/airflow/example_dags/example_xcom.py
[2024-03-29T11:04:36.644+0000] {logging_mixin.py:150} INFO - [2024-03-29T11:04:36.644+0000] {dag.py:2742} INFO - Sync 1 DAGs
[2024-03-29T11:04:36.660+0000] {logging_mixin.py:150} INFO - [2024-03-29T11:04:36.659+0000] {dag.py:3504} INFO - Setting next_dagrun for example_xcom to 2021-01-01T00:00:00+00:00, run_after=2021-01-01T00:00:00+00:00
[2024-03-29T11:04:36.698+0000] {processor.py:179} INFO - Processing /usr/local/python/3.10.13/lib/python3.10/site-packages/airflow/example_dags/example_xcom.py took 0.077 seconds
[2024-03-29T11:05:24.747+0000] {processor.py:157} INFO - Started process (PID=16523) to work on /usr/local/python/3.10.13/lib/python3.10/site-packages/airflow/example_dags/example_xcom.py
[2024-03-29T11:05:24.748+0000] {processor.py:826} INFO - Processing file /usr/local/python/3.10.13/lib/python3.10/site-packages/airflow/example_dags/example_xcom.py for tasks to queue
[2024-03-29T11:05:24.748+0000] {logging_mixin.py:150} INFO - [2024-03-29T11:05:24.748+0000] {dagbag.py:541} INFO - Filling up the DagBag from /usr/local/python/3.10.13/lib/python3.10/site-packages/airflow/example_dags/example_xcom.py
[2024-03-29T11:05:24.754+0000] {processor.py:836} INFO - DAG(s) dict_keys(['example_xcom']) retrieved from /usr/local/python/3.10.13/lib/python3.10/site-packages/airflow/example_dags/example_xcom.py
[2024-03-29T11:05:24.769+0000] {logging_mixin.py:150} INFO - [2024-03-29T11:05:24.769+0000] {dag.py:2742} INFO - Sync 1 DAGs
[2024-03-29T11:05:24.793+0000] {logging_mixin.py:150} INFO - [2024-03-29T11:05:24.793+0000] {dag.py:3504} INFO - Setting next_dagrun for example_xcom to 2021-01-01T00:00:00+00:00, run_after=2021-01-01T00:00:00+00:00
[2024-03-29T11:05:24.835+0000] {processor.py:179} INFO - Processing /usr/local/python/3.10.13/lib/python3.10/site-packages/airflow/example_dags/example_xcom.py took 0.090 seconds
[2024-03-29T11:06:09.313+0000] {processor.py:157} INFO - Started process (PID=16858) to work on /usr/local/python/3.10.13/lib/python3.10/site-packages/airflow/example_dags/example_xcom.py
[2024-03-29T11:06:09.314+0000] {processor.py:826} INFO - Processing file /usr/local/python/3.10.13/lib/python3.10/site-packages/airflow/example_dags/example_xcom.py for tasks to queue
[2024-03-29T11:06:09.315+0000] {logging_mixin.py:150} INFO - [2024-03-29T11:06:09.314+0000] {dagbag.py:541} INFO - Filling up the DagBag from /usr/local/python/3.10.13/lib/python3.10/site-packages/airflow/example_dags/example_xcom.py
[2024-03-29T11:06:09.320+0000] {processor.py:836} INFO - DAG(s) dict_keys(['example_xcom']) retrieved from /usr/local/python/3.10.13/lib/python3.10/site-packages/airflow/example_dags/example_xcom.py
[2024-03-29T11:06:09.333+0000] {logging_mixin.py:150} INFO - [2024-03-29T11:06:09.333+0000] {dag.py:2742} INFO - Sync 1 DAGs
[2024-03-29T11:06:09.348+0000] {logging_mixin.py:150} INFO - [2024-03-29T11:06:09.348+0000] {dag.py:3504} INFO - Setting next_dagrun for example_xcom to 2021-01-01T00:00:00+00:00, run_after=2021-01-01T00:00:00+00:00
[2024-03-29T11:06:09.386+0000] {processor.py:179} INFO - Processing /usr/local/python/3.10.13/lib/python3.10/site-packages/airflow/example_dags/example_xcom.py took 0.075 seconds
[2024-03-29T11:06:57.901+0000] {processor.py:157} INFO - Started process (PID=17207) to work on /usr/local/python/3.10.13/lib/python3.10/site-packages/airflow/example_dags/example_xcom.py
[2024-03-29T11:06:57.902+0000] {processor.py:826} INFO - Processing file /usr/local/python/3.10.13/lib/python3.10/site-packages/airflow/example_dags/example_xcom.py for tasks to queue
[2024-03-29T11:06:57.903+0000] {logging_mixin.py:150} INFO - [2024-03-29T11:06:57.902+0000] {dagbag.py:541} INFO - Filling up the DagBag from /usr/local/python/3.10.13/lib/python3.10/site-packages/airflow/example_dags/example_xcom.py
[2024-03-29T11:06:57.908+0000] {processor.py:836} INFO - DAG(s) dict_keys(['example_xcom']) retrieved from /usr/local/python/3.10.13/lib/python3.10/site-packages/airflow/example_dags/example_xcom.py
[2024-03-29T11:06:57.922+0000] {logging_mixin.py:150} INFO - [2024-03-29T11:06:57.922+0000] {dag.py:2742} INFO - Sync 1 DAGs
[2024-03-29T11:06:57.937+0000] {logging_mixin.py:150} INFO - [2024-03-29T11:06:57.937+0000] {dag.py:3504} INFO - Setting next_dagrun for example_xcom to 2021-01-01T00:00:00+00:00, run_after=2021-01-01T00:00:00+00:00
[2024-03-29T11:06:57.975+0000] {processor.py:179} INFO - Processing /usr/local/python/3.10.13/lib/python3.10/site-packages/airflow/example_dags/example_xcom.py took 0.076 seconds
[2024-03-29T11:07:48.591+0000] {processor.py:157} INFO - Started process (PID=17566) to work on /usr/local/python/3.10.13/lib/python3.10/site-packages/airflow/example_dags/example_xcom.py
[2024-03-29T11:07:48.592+0000] {processor.py:826} INFO - Processing file /usr/local/python/3.10.13/lib/python3.10/site-packages/airflow/example_dags/example_xcom.py for tasks to queue
[2024-03-29T11:07:48.592+0000] {logging_mixin.py:150} INFO - [2024-03-29T11:07:48.592+0000] {dagbag.py:541} INFO - Filling up the DagBag from /usr/local/python/3.10.13/lib/python3.10/site-packages/airflow/example_dags/example_xcom.py
[2024-03-29T11:07:48.598+0000] {processor.py:836} INFO - DAG(s) dict_keys(['example_xcom']) retrieved from /usr/local/python/3.10.13/lib/python3.10/site-packages/airflow/example_dags/example_xcom.py
[2024-03-29T11:07:48.611+0000] {logging_mixin.py:150} INFO - [2024-03-29T11:07:48.610+0000] {dag.py:2742} INFO - Sync 1 DAGs
[2024-03-29T11:07:48.626+0000] {logging_mixin.py:150} INFO - [2024-03-29T11:07:48.626+0000] {dag.py:3504} INFO - Setting next_dagrun for example_xcom to 2021-01-01T00:00:00+00:00, run_after=2021-01-01T00:00:00+00:00
[2024-03-29T11:07:48.663+0000] {processor.py:179} INFO - Processing /usr/local/python/3.10.13/lib/python3.10/site-packages/airflow/example_dags/example_xcom.py took 0.075 seconds
[2024-03-29T11:08:38.439+0000] {processor.py:157} INFO - Started process (PID=18056) to work on /usr/local/python/3.10.13/lib/python3.10/site-packages/airflow/example_dags/example_xcom.py
[2024-03-29T11:08:38.439+0000] {processor.py:826} INFO - Processing file /usr/local/python/3.10.13/lib/python3.10/site-packages/airflow/example_dags/example_xcom.py for tasks to queue
[2024-03-29T11:08:38.440+0000] {logging_mixin.py:150} INFO - [2024-03-29T11:08:38.440+0000] {dagbag.py:541} INFO - Filling up the DagBag from /usr/local/python/3.10.13/lib/python3.10/site-packages/airflow/example_dags/example_xcom.py
[2024-03-29T11:08:38.446+0000] {processor.py:836} INFO - DAG(s) dict_keys(['example_xcom']) retrieved from /usr/local/python/3.10.13/lib/python3.10/site-packages/airflow/example_dags/example_xcom.py
[2024-03-29T11:08:38.458+0000] {logging_mixin.py:150} INFO - [2024-03-29T11:08:38.458+0000] {dag.py:2742} INFO - Sync 1 DAGs
[2024-03-29T11:08:38.474+0000] {logging_mixin.py:150} INFO - [2024-03-29T11:08:38.474+0000] {dag.py:3504} INFO - Setting next_dagrun for example_xcom to 2021-01-01T00:00:00+00:00, run_after=2021-01-01T00:00:00+00:00
[2024-03-29T11:08:38.519+0000] {processor.py:179} INFO - Processing /usr/local/python/3.10.13/lib/python3.10/site-packages/airflow/example_dags/example_xcom.py took 0.083 seconds
[2024-03-29T11:09:30.889+0000] {processor.py:157} INFO - Started process (PID=18677) to work on /usr/local/python/3.10.13/lib/python3.10/site-packages/airflow/example_dags/example_xcom.py
[2024-03-29T11:09:30.890+0000] {processor.py:826} INFO - Processing file /usr/local/python/3.10.13/lib/python3.10/site-packages/airflow/example_dags/example_xcom.py for tasks to queue
[2024-03-29T11:09:30.890+0000] {logging_mixin.py:150} INFO - [2024-03-29T11:09:30.890+0000] {dagbag.py:541} INFO - Filling up the DagBag from /usr/local/python/3.10.13/lib/python3.10/site-packages/airflow/example_dags/example_xcom.py
[2024-03-29T11:09:30.896+0000] {processor.py:836} INFO - DAG(s) dict_keys(['example_xcom']) retrieved from /usr/local/python/3.10.13/lib/python3.10/site-packages/airflow/example_dags/example_xcom.py
[2024-03-29T11:09:30.909+0000] {logging_mixin.py:150} INFO - [2024-03-29T11:09:30.909+0000] {dag.py:2742} INFO - Sync 1 DAGs
[2024-03-29T11:09:30.925+0000] {logging_mixin.py:150} INFO - [2024-03-29T11:09:30.925+0000] {dag.py:3504} INFO - Setting next_dagrun for example_xcom to 2021-01-01T00:00:00+00:00, run_after=2021-01-01T00:00:00+00:00
[2024-03-29T11:09:30.963+0000] {processor.py:179} INFO - Processing /usr/local/python/3.10.13/lib/python3.10/site-packages/airflow/example_dags/example_xcom.py took 0.076 seconds
