[2024-03-29T10:59:59.546+0000] {processor.py:157} INFO - Started process (PID=14223) to work on /usr/local/python/3.10.13/lib/python3.10/site-packages/airflow/example_dags/example_short_circuit_decorator.py
[2024-03-29T10:59:59.547+0000] {processor.py:826} INFO - Processing file /usr/local/python/3.10.13/lib/python3.10/site-packages/airflow/example_dags/example_short_circuit_decorator.py for tasks to queue
[2024-03-29T10:59:59.547+0000] {logging_mixin.py:150} INFO - [2024-03-29T10:59:59.547+0000] {dagbag.py:541} INFO - Filling up the DagBag from /usr/local/python/3.10.13/lib/python3.10/site-packages/airflow/example_dags/example_short_circuit_decorator.py
[2024-03-29T10:59:59.555+0000] {processor.py:836} INFO - DAG(s) dict_keys(['example_short_circuit_decorator']) retrieved from /usr/local/python/3.10.13/lib/python3.10/site-packages/airflow/example_dags/example_short_circuit_decorator.py
[2024-03-29T10:59:59.689+0000] {logging_mixin.py:150} INFO - [2024-03-29T10:59:59.689+0000] {manager.py:504} INFO - Created Permission View: can delete on DAG:example_short_circuit_decorator
[2024-03-29T10:59:59.719+0000] {logging_mixin.py:150} INFO - [2024-03-29T10:59:59.719+0000] {manager.py:504} INFO - Created Permission View: can edit on DAG:example_short_circuit_decorator
[2024-03-29T10:59:59.758+0000] {logging_mixin.py:150} INFO - [2024-03-29T10:59:59.758+0000] {manager.py:504} INFO - Created Permission View: can read on DAG:example_short_circuit_decorator
[2024-03-29T10:59:59.767+0000] {logging_mixin.py:150} INFO - [2024-03-29T10:59:59.767+0000] {dag.py:2742} INFO - Sync 1 DAGs
[2024-03-29T10:59:59.775+0000] {logging_mixin.py:150} INFO - [2024-03-29T10:59:59.775+0000] {dag.py:2763} INFO - Creating ORM DAG for example_short_circuit_decorator
[2024-03-29T10:59:59.782+0000] {logging_mixin.py:150} INFO - [2024-03-29T10:59:59.782+0000] {dag.py:3504} INFO - Setting next_dagrun for example_short_circuit_decorator to 2024-03-28T10:59:59.782226+00:00, run_after=2024-03-29T10:59:59.782226+00:00
[2024-03-29T10:59:59.827+0000] {processor.py:179} INFO - Processing /usr/local/python/3.10.13/lib/python3.10/site-packages/airflow/example_dags/example_short_circuit_decorator.py took 0.283 seconds
[2024-03-29T11:00:53.233+0000] {processor.py:157} INFO - Started process (PID=14608) to work on /usr/local/python/3.10.13/lib/python3.10/site-packages/airflow/example_dags/example_short_circuit_decorator.py
[2024-03-29T11:00:53.234+0000] {processor.py:826} INFO - Processing file /usr/local/python/3.10.13/lib/python3.10/site-packages/airflow/example_dags/example_short_circuit_decorator.py for tasks to queue
[2024-03-29T11:00:53.235+0000] {logging_mixin.py:150} INFO - [2024-03-29T11:00:53.235+0000] {dagbag.py:541} INFO - Filling up the DagBag from /usr/local/python/3.10.13/lib/python3.10/site-packages/airflow/example_dags/example_short_circuit_decorator.py
[2024-03-29T11:00:53.248+0000] {processor.py:836} INFO - DAG(s) dict_keys(['example_short_circuit_decorator']) retrieved from /usr/local/python/3.10.13/lib/python3.10/site-packages/airflow/example_dags/example_short_circuit_decorator.py
[2024-03-29T11:00:53.271+0000] {logging_mixin.py:150} INFO - [2024-03-29T11:00:53.271+0000] {dag.py:2742} INFO - Sync 1 DAGs
[2024-03-29T11:00:53.292+0000] {logging_mixin.py:150} INFO - [2024-03-29T11:00:53.292+0000] {dag.py:3504} INFO - Setting next_dagrun for example_short_circuit_decorator to 2024-03-28T11:00:53.292320+00:00, run_after=2024-03-29T11:00:53.292320+00:00
[2024-03-29T11:00:53.331+0000] {processor.py:179} INFO - Processing /usr/local/python/3.10.13/lib/python3.10/site-packages/airflow/example_dags/example_short_circuit_decorator.py took 0.101 seconds
[2024-03-29T11:01:39.321+0000] {processor.py:157} INFO - Started process (PID=14931) to work on /usr/local/python/3.10.13/lib/python3.10/site-packages/airflow/example_dags/example_short_circuit_decorator.py
[2024-03-29T11:01:39.322+0000] {processor.py:826} INFO - Processing file /usr/local/python/3.10.13/lib/python3.10/site-packages/airflow/example_dags/example_short_circuit_decorator.py for tasks to queue
[2024-03-29T11:01:39.322+0000] {logging_mixin.py:150} INFO - [2024-03-29T11:01:39.322+0000] {dagbag.py:541} INFO - Filling up the DagBag from /usr/local/python/3.10.13/lib/python3.10/site-packages/airflow/example_dags/example_short_circuit_decorator.py
[2024-03-29T11:01:39.330+0000] {processor.py:836} INFO - DAG(s) dict_keys(['example_short_circuit_decorator']) retrieved from /usr/local/python/3.10.13/lib/python3.10/site-packages/airflow/example_dags/example_short_circuit_decorator.py
[2024-03-29T11:01:39.343+0000] {logging_mixin.py:150} INFO - [2024-03-29T11:01:39.343+0000] {dag.py:2742} INFO - Sync 1 DAGs
[2024-03-29T11:01:39.359+0000] {logging_mixin.py:150} INFO - [2024-03-29T11:01:39.359+0000] {dag.py:3504} INFO - Setting next_dagrun for example_short_circuit_decorator to 2024-03-28T11:01:39.359554+00:00, run_after=2024-03-29T11:01:39.359554+00:00
[2024-03-29T11:01:39.401+0000] {processor.py:179} INFO - Processing /usr/local/python/3.10.13/lib/python3.10/site-packages/airflow/example_dags/example_short_circuit_decorator.py took 0.082 seconds
[2024-03-29T11:02:29.165+0000] {processor.py:157} INFO - Started process (PID=15286) to work on /usr/local/python/3.10.13/lib/python3.10/site-packages/airflow/example_dags/example_short_circuit_decorator.py
[2024-03-29T11:02:29.166+0000] {processor.py:826} INFO - Processing file /usr/local/python/3.10.13/lib/python3.10/site-packages/airflow/example_dags/example_short_circuit_decorator.py for tasks to queue
[2024-03-29T11:02:29.167+0000] {logging_mixin.py:150} INFO - [2024-03-29T11:02:29.166+0000] {dagbag.py:541} INFO - Filling up the DagBag from /usr/local/python/3.10.13/lib/python3.10/site-packages/airflow/example_dags/example_short_circuit_decorator.py
[2024-03-29T11:02:29.174+0000] {processor.py:836} INFO - DAG(s) dict_keys(['example_short_circuit_decorator']) retrieved from /usr/local/python/3.10.13/lib/python3.10/site-packages/airflow/example_dags/example_short_circuit_decorator.py
[2024-03-29T11:02:29.188+0000] {logging_mixin.py:150} INFO - [2024-03-29T11:02:29.188+0000] {dag.py:2742} INFO - Sync 1 DAGs
[2024-03-29T11:02:29.204+0000] {logging_mixin.py:150} INFO - [2024-03-29T11:02:29.203+0000] {dag.py:3504} INFO - Setting next_dagrun for example_short_circuit_decorator to 2024-03-28T11:02:29.203773+00:00, run_after=2024-03-29T11:02:29.203773+00:00
[2024-03-29T11:02:29.247+0000] {processor.py:179} INFO - Processing /usr/local/python/3.10.13/lib/python3.10/site-packages/airflow/example_dags/example_short_circuit_decorator.py took 0.084 seconds
[2024-03-29T11:03:18.922+0000] {processor.py:157} INFO - Started process (PID=15633) to work on /usr/local/python/3.10.13/lib/python3.10/site-packages/airflow/example_dags/example_short_circuit_decorator.py
[2024-03-29T11:03:18.923+0000] {processor.py:826} INFO - Processing file /usr/local/python/3.10.13/lib/python3.10/site-packages/airflow/example_dags/example_short_circuit_decorator.py for tasks to queue
[2024-03-29T11:03:18.924+0000] {logging_mixin.py:150} INFO - [2024-03-29T11:03:18.923+0000] {dagbag.py:541} INFO - Filling up the DagBag from /usr/local/python/3.10.13/lib/python3.10/site-packages/airflow/example_dags/example_short_circuit_decorator.py
[2024-03-29T11:03:18.931+0000] {processor.py:836} INFO - DAG(s) dict_keys(['example_short_circuit_decorator']) retrieved from /usr/local/python/3.10.13/lib/python3.10/site-packages/airflow/example_dags/example_short_circuit_decorator.py
[2024-03-29T11:03:18.945+0000] {logging_mixin.py:150} INFO - [2024-03-29T11:03:18.945+0000] {dag.py:2742} INFO - Sync 1 DAGs
[2024-03-29T11:03:18.960+0000] {logging_mixin.py:150} INFO - [2024-03-29T11:03:18.960+0000] {dag.py:3504} INFO - Setting next_dagrun for example_short_circuit_decorator to 2024-03-28T11:03:18.959953+00:00, run_after=2024-03-29T11:03:18.959953+00:00
[2024-03-29T11:03:19.018+0000] {processor.py:179} INFO - Processing /usr/local/python/3.10.13/lib/python3.10/site-packages/airflow/example_dags/example_short_circuit_decorator.py took 0.098 seconds
[2024-03-29T11:04:02.599+0000] {processor.py:157} INFO - Started process (PID=15949) to work on /usr/local/python/3.10.13/lib/python3.10/site-packages/airflow/example_dags/example_short_circuit_decorator.py
[2024-03-29T11:04:02.600+0000] {processor.py:826} INFO - Processing file /usr/local/python/3.10.13/lib/python3.10/site-packages/airflow/example_dags/example_short_circuit_decorator.py for tasks to queue
[2024-03-29T11:04:02.600+0000] {logging_mixin.py:150} INFO - [2024-03-29T11:04:02.600+0000] {dagbag.py:541} INFO - Filling up the DagBag from /usr/local/python/3.10.13/lib/python3.10/site-packages/airflow/example_dags/example_short_circuit_decorator.py
[2024-03-29T11:04:02.608+0000] {processor.py:836} INFO - DAG(s) dict_keys(['example_short_circuit_decorator']) retrieved from /usr/local/python/3.10.13/lib/python3.10/site-packages/airflow/example_dags/example_short_circuit_decorator.py
[2024-03-29T11:04:02.622+0000] {logging_mixin.py:150} INFO - [2024-03-29T11:04:02.621+0000] {dag.py:2742} INFO - Sync 1 DAGs
[2024-03-29T11:04:02.638+0000] {logging_mixin.py:150} INFO - [2024-03-29T11:04:02.638+0000] {dag.py:3504} INFO - Setting next_dagrun for example_short_circuit_decorator to 2024-03-28T11:04:02.637829+00:00, run_after=2024-03-29T11:04:02.637829+00:00
[2024-03-29T11:04:02.677+0000] {processor.py:179} INFO - Processing /usr/local/python/3.10.13/lib/python3.10/site-packages/airflow/example_dags/example_short_circuit_decorator.py took 0.081 seconds
[2024-03-29T11:04:48.295+0000] {processor.py:157} INFO - Started process (PID=16286) to work on /usr/local/python/3.10.13/lib/python3.10/site-packages/airflow/example_dags/example_short_circuit_decorator.py
[2024-03-29T11:04:48.296+0000] {processor.py:826} INFO - Processing file /usr/local/python/3.10.13/lib/python3.10/site-packages/airflow/example_dags/example_short_circuit_decorator.py for tasks to queue
[2024-03-29T11:04:48.297+0000] {logging_mixin.py:150} INFO - [2024-03-29T11:04:48.297+0000] {dagbag.py:541} INFO - Filling up the DagBag from /usr/local/python/3.10.13/lib/python3.10/site-packages/airflow/example_dags/example_short_circuit_decorator.py
[2024-03-29T11:04:48.304+0000] {processor.py:836} INFO - DAG(s) dict_keys(['example_short_circuit_decorator']) retrieved from /usr/local/python/3.10.13/lib/python3.10/site-packages/airflow/example_dags/example_short_circuit_decorator.py
[2024-03-29T11:04:48.318+0000] {logging_mixin.py:150} INFO - [2024-03-29T11:04:48.318+0000] {dag.py:2742} INFO - Sync 1 DAGs
[2024-03-29T11:04:48.334+0000] {logging_mixin.py:150} INFO - [2024-03-29T11:04:48.334+0000] {dag.py:3504} INFO - Setting next_dagrun for example_short_circuit_decorator to 2024-03-28T11:04:48.334415+00:00, run_after=2024-03-29T11:04:48.334415+00:00
[2024-03-29T11:04:48.373+0000] {processor.py:179} INFO - Processing /usr/local/python/3.10.13/lib/python3.10/site-packages/airflow/example_dags/example_short_circuit_decorator.py took 0.080 seconds
[2024-03-29T11:05:35.080+0000] {processor.py:157} INFO - Started process (PID=16591) to work on /usr/local/python/3.10.13/lib/python3.10/site-packages/airflow/example_dags/example_short_circuit_decorator.py
[2024-03-29T11:05:35.080+0000] {processor.py:826} INFO - Processing file /usr/local/python/3.10.13/lib/python3.10/site-packages/airflow/example_dags/example_short_circuit_decorator.py for tasks to queue
[2024-03-29T11:05:35.081+0000] {logging_mixin.py:150} INFO - [2024-03-29T11:05:35.081+0000] {dagbag.py:541} INFO - Filling up the DagBag from /usr/local/python/3.10.13/lib/python3.10/site-packages/airflow/example_dags/example_short_circuit_decorator.py
[2024-03-29T11:05:35.088+0000] {processor.py:836} INFO - DAG(s) dict_keys(['example_short_circuit_decorator']) retrieved from /usr/local/python/3.10.13/lib/python3.10/site-packages/airflow/example_dags/example_short_circuit_decorator.py
[2024-03-29T11:05:35.102+0000] {logging_mixin.py:150} INFO - [2024-03-29T11:05:35.102+0000] {dag.py:2742} INFO - Sync 1 DAGs
[2024-03-29T11:05:35.119+0000] {logging_mixin.py:150} INFO - [2024-03-29T11:05:35.118+0000] {dag.py:3504} INFO - Setting next_dagrun for example_short_circuit_decorator to 2024-03-28T11:05:35.118812+00:00, run_after=2024-03-29T11:05:35.118812+00:00
[2024-03-29T11:05:35.156+0000] {processor.py:179} INFO - Processing /usr/local/python/3.10.13/lib/python3.10/site-packages/airflow/example_dags/example_short_circuit_decorator.py took 0.079 seconds
[2024-03-29T11:06:20.965+0000] {processor.py:157} INFO - Started process (PID=16936) to work on /usr/local/python/3.10.13/lib/python3.10/site-packages/airflow/example_dags/example_short_circuit_decorator.py
[2024-03-29T11:06:20.966+0000] {processor.py:826} INFO - Processing file /usr/local/python/3.10.13/lib/python3.10/site-packages/airflow/example_dags/example_short_circuit_decorator.py for tasks to queue
[2024-03-29T11:06:20.967+0000] {logging_mixin.py:150} INFO - [2024-03-29T11:06:20.966+0000] {dagbag.py:541} INFO - Filling up the DagBag from /usr/local/python/3.10.13/lib/python3.10/site-packages/airflow/example_dags/example_short_circuit_decorator.py
[2024-03-29T11:06:20.974+0000] {processor.py:836} INFO - DAG(s) dict_keys(['example_short_circuit_decorator']) retrieved from /usr/local/python/3.10.13/lib/python3.10/site-packages/airflow/example_dags/example_short_circuit_decorator.py
[2024-03-29T11:06:20.988+0000] {logging_mixin.py:150} INFO - [2024-03-29T11:06:20.988+0000] {dag.py:2742} INFO - Sync 1 DAGs
[2024-03-29T11:06:21.004+0000] {logging_mixin.py:150} INFO - [2024-03-29T11:06:21.003+0000] {dag.py:3504} INFO - Setting next_dagrun for example_short_circuit_decorator to 2024-03-28T11:06:21.003751+00:00, run_after=2024-03-29T11:06:21.003751+00:00
[2024-03-29T11:06:21.042+0000] {processor.py:179} INFO - Processing /usr/local/python/3.10.13/lib/python3.10/site-packages/airflow/example_dags/example_short_circuit_decorator.py took 0.078 seconds
[2024-03-29T11:07:08.544+0000] {processor.py:157} INFO - Started process (PID=17279) to work on /usr/local/python/3.10.13/lib/python3.10/site-packages/airflow/example_dags/example_short_circuit_decorator.py
[2024-03-29T11:07:08.545+0000] {processor.py:826} INFO - Processing file /usr/local/python/3.10.13/lib/python3.10/site-packages/airflow/example_dags/example_short_circuit_decorator.py for tasks to queue
[2024-03-29T11:07:08.545+0000] {logging_mixin.py:150} INFO - [2024-03-29T11:07:08.545+0000] {dagbag.py:541} INFO - Filling up the DagBag from /usr/local/python/3.10.13/lib/python3.10/site-packages/airflow/example_dags/example_short_circuit_decorator.py
[2024-03-29T11:07:08.554+0000] {processor.py:836} INFO - DAG(s) dict_keys(['example_short_circuit_decorator']) retrieved from /usr/local/python/3.10.13/lib/python3.10/site-packages/airflow/example_dags/example_short_circuit_decorator.py
[2024-03-29T11:07:08.574+0000] {logging_mixin.py:150} INFO - [2024-03-29T11:07:08.573+0000] {dag.py:2742} INFO - Sync 1 DAGs
[2024-03-29T11:07:08.598+0000] {logging_mixin.py:150} INFO - [2024-03-29T11:07:08.598+0000] {dag.py:3504} INFO - Setting next_dagrun for example_short_circuit_decorator to 2024-03-28T11:07:08.598167+00:00, run_after=2024-03-29T11:07:08.598167+00:00
[2024-03-29T11:07:08.644+0000] {processor.py:179} INFO - Processing /usr/local/python/3.10.13/lib/python3.10/site-packages/airflow/example_dags/example_short_circuit_decorator.py took 0.102 seconds
[2024-03-29T11:07:58.837+0000] {processor.py:157} INFO - Started process (PID=17637) to work on /usr/local/python/3.10.13/lib/python3.10/site-packages/airflow/example_dags/example_short_circuit_decorator.py
[2024-03-29T11:07:58.838+0000] {processor.py:826} INFO - Processing file /usr/local/python/3.10.13/lib/python3.10/site-packages/airflow/example_dags/example_short_circuit_decorator.py for tasks to queue
[2024-03-29T11:07:58.839+0000] {logging_mixin.py:150} INFO - [2024-03-29T11:07:58.838+0000] {dagbag.py:541} INFO - Filling up the DagBag from /usr/local/python/3.10.13/lib/python3.10/site-packages/airflow/example_dags/example_short_circuit_decorator.py
[2024-03-29T11:07:58.846+0000] {processor.py:836} INFO - DAG(s) dict_keys(['example_short_circuit_decorator']) retrieved from /usr/local/python/3.10.13/lib/python3.10/site-packages/airflow/example_dags/example_short_circuit_decorator.py
[2024-03-29T11:07:58.860+0000] {logging_mixin.py:150} INFO - [2024-03-29T11:07:58.860+0000] {dag.py:2742} INFO - Sync 1 DAGs
[2024-03-29T11:07:58.875+0000] {logging_mixin.py:150} INFO - [2024-03-29T11:07:58.875+0000] {dag.py:3504} INFO - Setting next_dagrun for example_short_circuit_decorator to 2024-03-28T11:07:58.874988+00:00, run_after=2024-03-29T11:07:58.874988+00:00
[2024-03-29T11:07:58.915+0000] {processor.py:179} INFO - Processing /usr/local/python/3.10.13/lib/python3.10/site-packages/airflow/example_dags/example_short_circuit_decorator.py took 0.080 seconds
[2024-03-29T11:08:49.191+0000] {processor.py:157} INFO - Started process (PID=18210) to work on /usr/local/python/3.10.13/lib/python3.10/site-packages/airflow/example_dags/example_short_circuit_decorator.py
[2024-03-29T11:08:49.194+0000] {processor.py:826} INFO - Processing file /usr/local/python/3.10.13/lib/python3.10/site-packages/airflow/example_dags/example_short_circuit_decorator.py for tasks to queue
[2024-03-29T11:08:49.194+0000] {logging_mixin.py:150} INFO - [2024-03-29T11:08:49.194+0000] {dagbag.py:541} INFO - Filling up the DagBag from /usr/local/python/3.10.13/lib/python3.10/site-packages/airflow/example_dags/example_short_circuit_decorator.py
[2024-03-29T11:08:49.206+0000] {processor.py:836} INFO - DAG(s) dict_keys(['example_short_circuit_decorator']) retrieved from /usr/local/python/3.10.13/lib/python3.10/site-packages/airflow/example_dags/example_short_circuit_decorator.py
[2024-03-29T11:08:49.235+0000] {logging_mixin.py:150} INFO - [2024-03-29T11:08:49.235+0000] {dag.py:2742} INFO - Sync 1 DAGs
[2024-03-29T11:08:49.275+0000] {logging_mixin.py:150} INFO - [2024-03-29T11:08:49.274+0000] {dag.py:3504} INFO - Setting next_dagrun for example_short_circuit_decorator to 2024-03-28T11:08:49.274676+00:00, run_after=2024-03-29T11:08:49.274676+00:00
[2024-03-29T11:08:49.321+0000] {processor.py:179} INFO - Processing /usr/local/python/3.10.13/lib/python3.10/site-packages/airflow/example_dags/example_short_circuit_decorator.py took 0.134 seconds
[2024-03-29T11:09:33.715+0000] {processor.py:157} INFO - Started process (PID=18709) to work on /usr/local/python/3.10.13/lib/python3.10/site-packages/airflow/example_dags/example_short_circuit_decorator.py
[2024-03-29T11:09:33.716+0000] {processor.py:826} INFO - Processing file /usr/local/python/3.10.13/lib/python3.10/site-packages/airflow/example_dags/example_short_circuit_decorator.py for tasks to queue
[2024-03-29T11:09:33.717+0000] {logging_mixin.py:150} INFO - [2024-03-29T11:09:33.716+0000] {dagbag.py:541} INFO - Filling up the DagBag from /usr/local/python/3.10.13/lib/python3.10/site-packages/airflow/example_dags/example_short_circuit_decorator.py
[2024-03-29T11:09:33.724+0000] {processor.py:836} INFO - DAG(s) dict_keys(['example_short_circuit_decorator']) retrieved from /usr/local/python/3.10.13/lib/python3.10/site-packages/airflow/example_dags/example_short_circuit_decorator.py
[2024-03-29T11:09:33.737+0000] {logging_mixin.py:150} INFO - [2024-03-29T11:09:33.737+0000] {dag.py:2742} INFO - Sync 1 DAGs
[2024-03-29T11:09:33.753+0000] {logging_mixin.py:150} INFO - [2024-03-29T11:09:33.752+0000] {dag.py:3504} INFO - Setting next_dagrun for example_short_circuit_decorator to 2024-03-28T11:09:33.752770+00:00, run_after=2024-03-29T11:09:33.752770+00:00
[2024-03-29T11:09:33.793+0000] {processor.py:179} INFO - Processing /usr/local/python/3.10.13/lib/python3.10/site-packages/airflow/example_dags/example_short_circuit_decorator.py took 0.080 seconds
