[2024-03-29T11:00:27.960+0000] {processor.py:157} INFO - Started process (PID=14426) to work on /usr/local/python/3.10.13/lib/python3.10/site-packages/airflow/example_dags/example_bash_operator.py
[2024-03-29T11:00:27.961+0000] {processor.py:826} INFO - Processing file /usr/local/python/3.10.13/lib/python3.10/site-packages/airflow/example_dags/example_bash_operator.py for tasks to queue
[2024-03-29T11:00:27.962+0000] {logging_mixin.py:150} INFO - [2024-03-29T11:00:27.961+0000] {dagbag.py:541} INFO - Filling up the DagBag from /usr/local/python/3.10.13/lib/python3.10/site-packages/airflow/example_dags/example_bash_operator.py
[2024-03-29T11:00:27.971+0000] {processor.py:836} INFO - DAG(s) dict_keys(['example_bash_operator']) retrieved from /usr/local/python/3.10.13/lib/python3.10/site-packages/airflow/example_dags/example_bash_operator.py
[2024-03-29T11:00:28.120+0000] {logging_mixin.py:150} INFO - [2024-03-29T11:00:28.120+0000] {manager.py:504} INFO - Created Permission View: can delete on DAG:example_bash_operator
[2024-03-29T11:00:28.152+0000] {logging_mixin.py:150} INFO - [2024-03-29T11:00:28.152+0000] {manager.py:504} INFO - Created Permission View: can edit on DAG:example_bash_operator
[2024-03-29T11:00:28.189+0000] {logging_mixin.py:150} INFO - [2024-03-29T11:00:28.189+0000] {manager.py:504} INFO - Created Permission View: can read on DAG:example_bash_operator
[2024-03-29T11:00:28.198+0000] {logging_mixin.py:150} INFO - [2024-03-29T11:00:28.197+0000] {dag.py:2742} INFO - Sync 1 DAGs
[2024-03-29T11:00:28.206+0000] {logging_mixin.py:150} INFO - [2024-03-29T11:00:28.206+0000] {dag.py:2763} INFO - Creating ORM DAG for example_bash_operator
[2024-03-29T11:00:28.214+0000] {logging_mixin.py:150} INFO - [2024-03-29T11:00:28.214+0000] {dag.py:3504} INFO - Setting next_dagrun for example_bash_operator to 2024-03-28T00:00:00+00:00, run_after=2024-03-29T00:00:00+00:00
[2024-03-29T11:00:28.260+0000] {processor.py:179} INFO - Processing /usr/local/python/3.10.13/lib/python3.10/site-packages/airflow/example_dags/example_bash_operator.py took 0.301 seconds
[2024-03-29T11:01:28.978+0000] {processor.py:157} INFO - Started process (PID=14857) to work on /usr/local/python/3.10.13/lib/python3.10/site-packages/airflow/example_dags/example_bash_operator.py
[2024-03-29T11:01:28.978+0000] {processor.py:826} INFO - Processing file /usr/local/python/3.10.13/lib/python3.10/site-packages/airflow/example_dags/example_bash_operator.py for tasks to queue
[2024-03-29T11:01:28.979+0000] {logging_mixin.py:150} INFO - [2024-03-29T11:01:28.979+0000] {dagbag.py:541} INFO - Filling up the DagBag from /usr/local/python/3.10.13/lib/python3.10/site-packages/airflow/example_dags/example_bash_operator.py
[2024-03-29T11:01:28.987+0000] {processor.py:836} INFO - DAG(s) dict_keys(['example_bash_operator']) retrieved from /usr/local/python/3.10.13/lib/python3.10/site-packages/airflow/example_dags/example_bash_operator.py
[2024-03-29T11:01:29.006+0000] {logging_mixin.py:150} INFO - [2024-03-29T11:01:29.006+0000] {dag.py:2742} INFO - Sync 1 DAGs
[2024-03-29T11:01:29.023+0000] {logging_mixin.py:150} INFO - [2024-03-29T11:01:29.022+0000] {dag.py:3504} INFO - Setting next_dagrun for example_bash_operator to 2024-03-28T00:00:00+00:00, run_after=2024-03-29T00:00:00+00:00
[2024-03-29T11:01:29.068+0000] {processor.py:179} INFO - Processing /usr/local/python/3.10.13/lib/python3.10/site-packages/airflow/example_dags/example_bash_operator.py took 0.093 seconds
[2024-03-29T11:02:17.325+0000] {processor.py:157} INFO - Started process (PID=15208) to work on /usr/local/python/3.10.13/lib/python3.10/site-packages/airflow/example_dags/example_bash_operator.py
[2024-03-29T11:02:17.326+0000] {processor.py:826} INFO - Processing file /usr/local/python/3.10.13/lib/python3.10/site-packages/airflow/example_dags/example_bash_operator.py for tasks to queue
[2024-03-29T11:02:17.327+0000] {logging_mixin.py:150} INFO - [2024-03-29T11:02:17.327+0000] {dagbag.py:541} INFO - Filling up the DagBag from /usr/local/python/3.10.13/lib/python3.10/site-packages/airflow/example_dags/example_bash_operator.py
[2024-03-29T11:02:17.342+0000] {processor.py:836} INFO - DAG(s) dict_keys(['example_bash_operator']) retrieved from /usr/local/python/3.10.13/lib/python3.10/site-packages/airflow/example_dags/example_bash_operator.py
[2024-03-29T11:02:17.369+0000] {logging_mixin.py:150} INFO - [2024-03-29T11:02:17.368+0000] {dag.py:2742} INFO - Sync 1 DAGs
[2024-03-29T11:02:17.391+0000] {logging_mixin.py:150} INFO - [2024-03-29T11:02:17.391+0000] {dag.py:3504} INFO - Setting next_dagrun for example_bash_operator to 2024-03-28T00:00:00+00:00, run_after=2024-03-29T00:00:00+00:00
[2024-03-29T11:02:17.432+0000] {processor.py:179} INFO - Processing /usr/local/python/3.10.13/lib/python3.10/site-packages/airflow/example_dags/example_bash_operator.py took 0.110 seconds
[2024-03-29T11:03:08.588+0000] {processor.py:157} INFO - Started process (PID=15559) to work on /usr/local/python/3.10.13/lib/python3.10/site-packages/airflow/example_dags/example_bash_operator.py
[2024-03-29T11:03:08.588+0000] {processor.py:826} INFO - Processing file /usr/local/python/3.10.13/lib/python3.10/site-packages/airflow/example_dags/example_bash_operator.py for tasks to queue
[2024-03-29T11:03:08.589+0000] {logging_mixin.py:150} INFO - [2024-03-29T11:03:08.589+0000] {dagbag.py:541} INFO - Filling up the DagBag from /usr/local/python/3.10.13/lib/python3.10/site-packages/airflow/example_dags/example_bash_operator.py
[2024-03-29T11:03:08.598+0000] {processor.py:836} INFO - DAG(s) dict_keys(['example_bash_operator']) retrieved from /usr/local/python/3.10.13/lib/python3.10/site-packages/airflow/example_dags/example_bash_operator.py
[2024-03-29T11:03:08.617+0000] {logging_mixin.py:150} INFO - [2024-03-29T11:03:08.616+0000] {dag.py:2742} INFO - Sync 1 DAGs
[2024-03-29T11:03:08.633+0000] {logging_mixin.py:150} INFO - [2024-03-29T11:03:08.633+0000] {dag.py:3504} INFO - Setting next_dagrun for example_bash_operator to 2024-03-28T00:00:00+00:00, run_after=2024-03-29T00:00:00+00:00
[2024-03-29T11:03:08.674+0000] {processor.py:179} INFO - Processing /usr/local/python/3.10.13/lib/python3.10/site-packages/airflow/example_dags/example_bash_operator.py took 0.088 seconds
[2024-03-29T11:03:53.427+0000] {processor.py:157} INFO - Started process (PID=15890) to work on /usr/local/python/3.10.13/lib/python3.10/site-packages/airflow/example_dags/example_bash_operator.py
[2024-03-29T11:03:53.427+0000] {processor.py:826} INFO - Processing file /usr/local/python/3.10.13/lib/python3.10/site-packages/airflow/example_dags/example_bash_operator.py for tasks to queue
[2024-03-29T11:03:53.428+0000] {logging_mixin.py:150} INFO - [2024-03-29T11:03:53.428+0000] {dagbag.py:541} INFO - Filling up the DagBag from /usr/local/python/3.10.13/lib/python3.10/site-packages/airflow/example_dags/example_bash_operator.py
[2024-03-29T11:03:53.437+0000] {processor.py:836} INFO - DAG(s) dict_keys(['example_bash_operator']) retrieved from /usr/local/python/3.10.13/lib/python3.10/site-packages/airflow/example_dags/example_bash_operator.py
[2024-03-29T11:03:53.456+0000] {logging_mixin.py:150} INFO - [2024-03-29T11:03:53.455+0000] {dag.py:2742} INFO - Sync 1 DAGs
[2024-03-29T11:03:53.472+0000] {logging_mixin.py:150} INFO - [2024-03-29T11:03:53.472+0000] {dag.py:3504} INFO - Setting next_dagrun for example_bash_operator to 2024-03-28T00:00:00+00:00, run_after=2024-03-29T00:00:00+00:00
[2024-03-29T11:03:53.510+0000] {processor.py:179} INFO - Processing /usr/local/python/3.10.13/lib/python3.10/site-packages/airflow/example_dags/example_bash_operator.py took 0.085 seconds
[2024-03-29T11:04:40.086+0000] {processor.py:157} INFO - Started process (PID=16221) to work on /usr/local/python/3.10.13/lib/python3.10/site-packages/airflow/example_dags/example_bash_operator.py
[2024-03-29T11:04:40.086+0000] {processor.py:826} INFO - Processing file /usr/local/python/3.10.13/lib/python3.10/site-packages/airflow/example_dags/example_bash_operator.py for tasks to queue
[2024-03-29T11:04:40.087+0000] {logging_mixin.py:150} INFO - [2024-03-29T11:04:40.087+0000] {dagbag.py:541} INFO - Filling up the DagBag from /usr/local/python/3.10.13/lib/python3.10/site-packages/airflow/example_dags/example_bash_operator.py
[2024-03-29T11:04:40.096+0000] {processor.py:836} INFO - DAG(s) dict_keys(['example_bash_operator']) retrieved from /usr/local/python/3.10.13/lib/python3.10/site-packages/airflow/example_dags/example_bash_operator.py
[2024-03-29T11:04:40.114+0000] {logging_mixin.py:150} INFO - [2024-03-29T11:04:40.114+0000] {dag.py:2742} INFO - Sync 1 DAGs
[2024-03-29T11:04:40.131+0000] {logging_mixin.py:150} INFO - [2024-03-29T11:04:40.131+0000] {dag.py:3504} INFO - Setting next_dagrun for example_bash_operator to 2024-03-28T00:00:00+00:00, run_after=2024-03-29T00:00:00+00:00
[2024-03-29T11:04:40.172+0000] {processor.py:179} INFO - Processing /usr/local/python/3.10.13/lib/python3.10/site-packages/airflow/example_dags/example_bash_operator.py took 0.088 seconds
[2024-03-29T11:05:27.442+0000] {processor.py:157} INFO - Started process (PID=16557) to work on /usr/local/python/3.10.13/lib/python3.10/site-packages/airflow/example_dags/example_bash_operator.py
[2024-03-29T11:05:27.443+0000] {processor.py:826} INFO - Processing file /usr/local/python/3.10.13/lib/python3.10/site-packages/airflow/example_dags/example_bash_operator.py for tasks to queue
[2024-03-29T11:05:27.443+0000] {logging_mixin.py:150} INFO - [2024-03-29T11:05:27.443+0000] {dagbag.py:541} INFO - Filling up the DagBag from /usr/local/python/3.10.13/lib/python3.10/site-packages/airflow/example_dags/example_bash_operator.py
[2024-03-29T11:05:27.452+0000] {processor.py:836} INFO - DAG(s) dict_keys(['example_bash_operator']) retrieved from /usr/local/python/3.10.13/lib/python3.10/site-packages/airflow/example_dags/example_bash_operator.py
[2024-03-29T11:05:27.471+0000] {logging_mixin.py:150} INFO - [2024-03-29T11:05:27.471+0000] {dag.py:2742} INFO - Sync 1 DAGs
[2024-03-29T11:05:27.488+0000] {logging_mixin.py:150} INFO - [2024-03-29T11:05:27.488+0000] {dag.py:3504} INFO - Setting next_dagrun for example_bash_operator to 2024-03-28T00:00:00+00:00, run_after=2024-03-29T00:00:00+00:00
[2024-03-29T11:05:27.526+0000] {processor.py:179} INFO - Processing /usr/local/python/3.10.13/lib/python3.10/site-packages/airflow/example_dags/example_bash_operator.py took 0.085 seconds
[2024-03-29T11:06:12.629+0000] {processor.py:157} INFO - Started process (PID=16870) to work on /usr/local/python/3.10.13/lib/python3.10/site-packages/airflow/example_dags/example_bash_operator.py
[2024-03-29T11:06:12.629+0000] {processor.py:826} INFO - Processing file /usr/local/python/3.10.13/lib/python3.10/site-packages/airflow/example_dags/example_bash_operator.py for tasks to queue
[2024-03-29T11:06:12.630+0000] {logging_mixin.py:150} INFO - [2024-03-29T11:06:12.630+0000] {dagbag.py:541} INFO - Filling up the DagBag from /usr/local/python/3.10.13/lib/python3.10/site-packages/airflow/example_dags/example_bash_operator.py
[2024-03-29T11:06:12.639+0000] {processor.py:836} INFO - DAG(s) dict_keys(['example_bash_operator']) retrieved from /usr/local/python/3.10.13/lib/python3.10/site-packages/airflow/example_dags/example_bash_operator.py
[2024-03-29T11:06:12.657+0000] {logging_mixin.py:150} INFO - [2024-03-29T11:06:12.657+0000] {dag.py:2742} INFO - Sync 1 DAGs
[2024-03-29T11:06:12.675+0000] {logging_mixin.py:150} INFO - [2024-03-29T11:06:12.675+0000] {dag.py:3504} INFO - Setting next_dagrun for example_bash_operator to 2024-03-28T00:00:00+00:00, run_after=2024-03-29T00:00:00+00:00
[2024-03-29T11:06:12.733+0000] {processor.py:179} INFO - Processing /usr/local/python/3.10.13/lib/python3.10/site-packages/airflow/example_dags/example_bash_operator.py took 0.107 seconds
[2024-03-29T11:07:01.187+0000] {processor.py:157} INFO - Started process (PID=17222) to work on /usr/local/python/3.10.13/lib/python3.10/site-packages/airflow/example_dags/example_bash_operator.py
[2024-03-29T11:07:01.188+0000] {processor.py:826} INFO - Processing file /usr/local/python/3.10.13/lib/python3.10/site-packages/airflow/example_dags/example_bash_operator.py for tasks to queue
[2024-03-29T11:07:01.189+0000] {logging_mixin.py:150} INFO - [2024-03-29T11:07:01.188+0000] {dagbag.py:541} INFO - Filling up the DagBag from /usr/local/python/3.10.13/lib/python3.10/site-packages/airflow/example_dags/example_bash_operator.py
[2024-03-29T11:07:01.197+0000] {processor.py:836} INFO - DAG(s) dict_keys(['example_bash_operator']) retrieved from /usr/local/python/3.10.13/lib/python3.10/site-packages/airflow/example_dags/example_bash_operator.py
[2024-03-29T11:07:01.216+0000] {logging_mixin.py:150} INFO - [2024-03-29T11:07:01.216+0000] {dag.py:2742} INFO - Sync 1 DAGs
[2024-03-29T11:07:01.232+0000] {logging_mixin.py:150} INFO - [2024-03-29T11:07:01.232+0000] {dag.py:3504} INFO - Setting next_dagrun for example_bash_operator to 2024-03-28T00:00:00+00:00, run_after=2024-03-29T00:00:00+00:00
[2024-03-29T11:07:01.271+0000] {processor.py:179} INFO - Processing /usr/local/python/3.10.13/lib/python3.10/site-packages/airflow/example_dags/example_bash_operator.py took 0.086 seconds
[2024-03-29T11:07:52.893+0000] {processor.py:157} INFO - Started process (PID=17589) to work on /usr/local/python/3.10.13/lib/python3.10/site-packages/airflow/example_dags/example_bash_operator.py
[2024-03-29T11:07:52.894+0000] {processor.py:826} INFO - Processing file /usr/local/python/3.10.13/lib/python3.10/site-packages/airflow/example_dags/example_bash_operator.py for tasks to queue
[2024-03-29T11:07:52.895+0000] {logging_mixin.py:150} INFO - [2024-03-29T11:07:52.894+0000] {dagbag.py:541} INFO - Filling up the DagBag from /usr/local/python/3.10.13/lib/python3.10/site-packages/airflow/example_dags/example_bash_operator.py
[2024-03-29T11:07:52.903+0000] {processor.py:836} INFO - DAG(s) dict_keys(['example_bash_operator']) retrieved from /usr/local/python/3.10.13/lib/python3.10/site-packages/airflow/example_dags/example_bash_operator.py
[2024-03-29T11:07:52.922+0000] {logging_mixin.py:150} INFO - [2024-03-29T11:07:52.922+0000] {dag.py:2742} INFO - Sync 1 DAGs
[2024-03-29T11:07:52.938+0000] {logging_mixin.py:150} INFO - [2024-03-29T11:07:52.938+0000] {dag.py:3504} INFO - Setting next_dagrun for example_bash_operator to 2024-03-28T00:00:00+00:00, run_after=2024-03-29T00:00:00+00:00
[2024-03-29T11:07:52.978+0000] {processor.py:179} INFO - Processing /usr/local/python/3.10.13/lib/python3.10/site-packages/airflow/example_dags/example_bash_operator.py took 0.087 seconds
[2024-03-29T11:08:43.996+0000] {processor.py:157} INFO - Started process (PID=18150) to work on /usr/local/python/3.10.13/lib/python3.10/site-packages/airflow/example_dags/example_bash_operator.py
[2024-03-29T11:08:43.997+0000] {processor.py:826} INFO - Processing file /usr/local/python/3.10.13/lib/python3.10/site-packages/airflow/example_dags/example_bash_operator.py for tasks to queue
[2024-03-29T11:08:43.998+0000] {logging_mixin.py:150} INFO - [2024-03-29T11:08:43.997+0000] {dagbag.py:541} INFO - Filling up the DagBag from /usr/local/python/3.10.13/lib/python3.10/site-packages/airflow/example_dags/example_bash_operator.py
[2024-03-29T11:08:44.006+0000] {processor.py:836} INFO - DAG(s) dict_keys(['example_bash_operator']) retrieved from /usr/local/python/3.10.13/lib/python3.10/site-packages/airflow/example_dags/example_bash_operator.py
[2024-03-29T11:08:44.026+0000] {logging_mixin.py:150} INFO - [2024-03-29T11:08:44.026+0000] {dag.py:2742} INFO - Sync 1 DAGs
[2024-03-29T11:08:44.043+0000] {logging_mixin.py:150} INFO - [2024-03-29T11:08:44.043+0000] {dag.py:3504} INFO - Setting next_dagrun for example_bash_operator to 2024-03-28T00:00:00+00:00, run_after=2024-03-29T00:00:00+00:00
[2024-03-29T11:08:44.085+0000] {processor.py:179} INFO - Processing /usr/local/python/3.10.13/lib/python3.10/site-packages/airflow/example_dags/example_bash_operator.py took 0.092 seconds
[2024-03-29T11:09:36.039+0000] {processor.py:157} INFO - Started process (PID=18723) to work on /usr/local/python/3.10.13/lib/python3.10/site-packages/airflow/example_dags/example_bash_operator.py
[2024-03-29T11:09:36.040+0000] {processor.py:826} INFO - Processing file /usr/local/python/3.10.13/lib/python3.10/site-packages/airflow/example_dags/example_bash_operator.py for tasks to queue
[2024-03-29T11:09:36.041+0000] {logging_mixin.py:150} INFO - [2024-03-29T11:09:36.040+0000] {dagbag.py:541} INFO - Filling up the DagBag from /usr/local/python/3.10.13/lib/python3.10/site-packages/airflow/example_dags/example_bash_operator.py
[2024-03-29T11:09:36.052+0000] {processor.py:836} INFO - DAG(s) dict_keys(['example_bash_operator']) retrieved from /usr/local/python/3.10.13/lib/python3.10/site-packages/airflow/example_dags/example_bash_operator.py
[2024-03-29T11:09:36.071+0000] {logging_mixin.py:150} INFO - [2024-03-29T11:09:36.071+0000] {dag.py:2742} INFO - Sync 1 DAGs
[2024-03-29T11:09:36.087+0000] {logging_mixin.py:150} INFO - [2024-03-29T11:09:36.087+0000] {dag.py:3504} INFO - Setting next_dagrun for example_bash_operator to 2024-03-28T00:00:00+00:00, run_after=2024-03-29T00:00:00+00:00
[2024-03-29T11:09:36.125+0000] {processor.py:179} INFO - Processing /usr/local/python/3.10.13/lib/python3.10/site-packages/airflow/example_dags/example_bash_operator.py took 0.088 seconds
