[2024-03-29T10:59:54.353+0000] {processor.py:157} INFO - Started process (PID=14192) to work on /usr/local/python/3.10.13/lib/python3.10/site-packages/airflow/example_dags/example_trigger_controller_dag.py
[2024-03-29T10:59:54.353+0000] {processor.py:826} INFO - Processing file /usr/local/python/3.10.13/lib/python3.10/site-packages/airflow/example_dags/example_trigger_controller_dag.py for tasks to queue
[2024-03-29T10:59:54.354+0000] {logging_mixin.py:150} INFO - [2024-03-29T10:59:54.354+0000] {dagbag.py:541} INFO - Filling up the DagBag from /usr/local/python/3.10.13/lib/python3.10/site-packages/airflow/example_dags/example_trigger_controller_dag.py
[2024-03-29T10:59:54.357+0000] {processor.py:836} INFO - DAG(s) dict_keys(['example_trigger_controller_dag']) retrieved from /usr/local/python/3.10.13/lib/python3.10/site-packages/airflow/example_dags/example_trigger_controller_dag.py
[2024-03-29T10:59:54.515+0000] {logging_mixin.py:150} INFO - [2024-03-29T10:59:54.514+0000] {manager.py:504} INFO - Created Permission View: can delete on DAG:example_trigger_controller_dag
[2024-03-29T10:59:54.545+0000] {logging_mixin.py:150} INFO - [2024-03-29T10:59:54.545+0000] {manager.py:504} INFO - Created Permission View: can edit on DAG:example_trigger_controller_dag
[2024-03-29T10:59:54.573+0000] {logging_mixin.py:150} INFO - [2024-03-29T10:59:54.572+0000] {manager.py:504} INFO - Created Permission View: can read on DAG:example_trigger_controller_dag
[2024-03-29T10:59:54.582+0000] {logging_mixin.py:150} INFO - [2024-03-29T10:59:54.582+0000] {dag.py:2742} INFO - Sync 1 DAGs
[2024-03-29T10:59:54.590+0000] {logging_mixin.py:150} INFO - [2024-03-29T10:59:54.589+0000] {dag.py:2763} INFO - Creating ORM DAG for example_trigger_controller_dag
[2024-03-29T10:59:54.596+0000] {logging_mixin.py:150} INFO - [2024-03-29T10:59:54.596+0000] {dag.py:3504} INFO - Setting next_dagrun for example_trigger_controller_dag to 2021-01-01T00:00:00+00:00, run_after=2021-01-01T00:00:00+00:00
[2024-03-29T10:59:54.641+0000] {processor.py:179} INFO - Processing /usr/local/python/3.10.13/lib/python3.10/site-packages/airflow/example_dags/example_trigger_controller_dag.py took 0.290 seconds
[2024-03-29T11:00:49.338+0000] {processor.py:157} INFO - Started process (PID=14573) to work on /usr/local/python/3.10.13/lib/python3.10/site-packages/airflow/example_dags/example_trigger_controller_dag.py
[2024-03-29T11:00:49.339+0000] {processor.py:826} INFO - Processing file /usr/local/python/3.10.13/lib/python3.10/site-packages/airflow/example_dags/example_trigger_controller_dag.py for tasks to queue
[2024-03-29T11:00:49.339+0000] {logging_mixin.py:150} INFO - [2024-03-29T11:00:49.339+0000] {dagbag.py:541} INFO - Filling up the DagBag from /usr/local/python/3.10.13/lib/python3.10/site-packages/airflow/example_dags/example_trigger_controller_dag.py
[2024-03-29T11:00:49.342+0000] {processor.py:836} INFO - DAG(s) dict_keys(['example_trigger_controller_dag']) retrieved from /usr/local/python/3.10.13/lib/python3.10/site-packages/airflow/example_dags/example_trigger_controller_dag.py
[2024-03-29T11:00:49.354+0000] {logging_mixin.py:150} INFO - [2024-03-29T11:00:49.354+0000] {dag.py:2742} INFO - Sync 1 DAGs
[2024-03-29T11:00:49.369+0000] {logging_mixin.py:150} INFO - [2024-03-29T11:00:49.369+0000] {dag.py:3504} INFO - Setting next_dagrun for example_trigger_controller_dag to 2021-01-01T00:00:00+00:00, run_after=2021-01-01T00:00:00+00:00
[2024-03-29T11:00:49.416+0000] {processor.py:179} INFO - Processing /usr/local/python/3.10.13/lib/python3.10/site-packages/airflow/example_dags/example_trigger_controller_dag.py took 0.080 seconds
[2024-03-29T11:01:35.027+0000] {processor.py:157} INFO - Started process (PID=14909) to work on /usr/local/python/3.10.13/lib/python3.10/site-packages/airflow/example_dags/example_trigger_controller_dag.py
[2024-03-29T11:01:35.028+0000] {processor.py:826} INFO - Processing file /usr/local/python/3.10.13/lib/python3.10/site-packages/airflow/example_dags/example_trigger_controller_dag.py for tasks to queue
[2024-03-29T11:01:35.028+0000] {logging_mixin.py:150} INFO - [2024-03-29T11:01:35.028+0000] {dagbag.py:541} INFO - Filling up the DagBag from /usr/local/python/3.10.13/lib/python3.10/site-packages/airflow/example_dags/example_trigger_controller_dag.py
[2024-03-29T11:01:35.031+0000] {processor.py:836} INFO - DAG(s) dict_keys(['example_trigger_controller_dag']) retrieved from /usr/local/python/3.10.13/lib/python3.10/site-packages/airflow/example_dags/example_trigger_controller_dag.py
[2024-03-29T11:01:35.044+0000] {logging_mixin.py:150} INFO - [2024-03-29T11:01:35.044+0000] {dag.py:2742} INFO - Sync 1 DAGs
[2024-03-29T11:01:35.059+0000] {logging_mixin.py:150} INFO - [2024-03-29T11:01:35.059+0000] {dag.py:3504} INFO - Setting next_dagrun for example_trigger_controller_dag to 2021-01-01T00:00:00+00:00, run_after=2021-01-01T00:00:00+00:00
[2024-03-29T11:01:35.099+0000] {processor.py:179} INFO - Processing /usr/local/python/3.10.13/lib/python3.10/site-packages/airflow/example_dags/example_trigger_controller_dag.py took 0.075 seconds
[2024-03-29T11:02:24.574+0000] {processor.py:157} INFO - Started process (PID=15263) to work on /usr/local/python/3.10.13/lib/python3.10/site-packages/airflow/example_dags/example_trigger_controller_dag.py
[2024-03-29T11:02:24.575+0000] {processor.py:826} INFO - Processing file /usr/local/python/3.10.13/lib/python3.10/site-packages/airflow/example_dags/example_trigger_controller_dag.py for tasks to queue
[2024-03-29T11:02:24.576+0000] {logging_mixin.py:150} INFO - [2024-03-29T11:02:24.575+0000] {dagbag.py:541} INFO - Filling up the DagBag from /usr/local/python/3.10.13/lib/python3.10/site-packages/airflow/example_dags/example_trigger_controller_dag.py
[2024-03-29T11:02:24.580+0000] {processor.py:836} INFO - DAG(s) dict_keys(['example_trigger_controller_dag']) retrieved from /usr/local/python/3.10.13/lib/python3.10/site-packages/airflow/example_dags/example_trigger_controller_dag.py
[2024-03-29T11:02:24.592+0000] {logging_mixin.py:150} INFO - [2024-03-29T11:02:24.592+0000] {dag.py:2742} INFO - Sync 1 DAGs
[2024-03-29T11:02:24.607+0000] {logging_mixin.py:150} INFO - [2024-03-29T11:02:24.607+0000] {dag.py:3504} INFO - Setting next_dagrun for example_trigger_controller_dag to 2021-01-01T00:00:00+00:00, run_after=2021-01-01T00:00:00+00:00
[2024-03-29T11:02:24.646+0000] {processor.py:179} INFO - Processing /usr/local/python/3.10.13/lib/python3.10/site-packages/airflow/example_dags/example_trigger_controller_dag.py took 0.073 seconds
[2024-03-29T11:03:06.290+0000] {processor.py:157} INFO - Started process (PID=15551) to work on /usr/local/python/3.10.13/lib/python3.10/site-packages/airflow/example_dags/example_trigger_controller_dag.py
[2024-03-29T11:03:06.291+0000] {processor.py:826} INFO - Processing file /usr/local/python/3.10.13/lib/python3.10/site-packages/airflow/example_dags/example_trigger_controller_dag.py for tasks to queue
[2024-03-29T11:03:06.291+0000] {logging_mixin.py:150} INFO - [2024-03-29T11:03:06.291+0000] {dagbag.py:541} INFO - Filling up the DagBag from /usr/local/python/3.10.13/lib/python3.10/site-packages/airflow/example_dags/example_trigger_controller_dag.py
[2024-03-29T11:03:06.294+0000] {processor.py:836} INFO - DAG(s) dict_keys(['example_trigger_controller_dag']) retrieved from /usr/local/python/3.10.13/lib/python3.10/site-packages/airflow/example_dags/example_trigger_controller_dag.py
[2024-03-29T11:03:06.307+0000] {logging_mixin.py:150} INFO - [2024-03-29T11:03:06.307+0000] {dag.py:2742} INFO - Sync 1 DAGs
[2024-03-29T11:03:06.322+0000] {logging_mixin.py:150} INFO - [2024-03-29T11:03:06.322+0000] {dag.py:3504} INFO - Setting next_dagrun for example_trigger_controller_dag to 2021-01-01T00:00:00+00:00, run_after=2021-01-01T00:00:00+00:00
[2024-03-29T11:03:06.362+0000] {processor.py:179} INFO - Processing /usr/local/python/3.10.13/lib/python3.10/site-packages/airflow/example_dags/example_trigger_controller_dag.py took 0.074 seconds
[2024-03-29T11:03:51.083+0000] {processor.py:157} INFO - Started process (PID=15876) to work on /usr/local/python/3.10.13/lib/python3.10/site-packages/airflow/example_dags/example_trigger_controller_dag.py
[2024-03-29T11:03:51.083+0000] {processor.py:826} INFO - Processing file /usr/local/python/3.10.13/lib/python3.10/site-packages/airflow/example_dags/example_trigger_controller_dag.py for tasks to queue
[2024-03-29T11:03:51.084+0000] {logging_mixin.py:150} INFO - [2024-03-29T11:03:51.084+0000] {dagbag.py:541} INFO - Filling up the DagBag from /usr/local/python/3.10.13/lib/python3.10/site-packages/airflow/example_dags/example_trigger_controller_dag.py
[2024-03-29T11:03:51.087+0000] {processor.py:836} INFO - DAG(s) dict_keys(['example_trigger_controller_dag']) retrieved from /usr/local/python/3.10.13/lib/python3.10/site-packages/airflow/example_dags/example_trigger_controller_dag.py
[2024-03-29T11:03:51.099+0000] {logging_mixin.py:150} INFO - [2024-03-29T11:03:51.099+0000] {dag.py:2742} INFO - Sync 1 DAGs
[2024-03-29T11:03:51.113+0000] {logging_mixin.py:150} INFO - [2024-03-29T11:03:51.113+0000] {dag.py:3504} INFO - Setting next_dagrun for example_trigger_controller_dag to 2021-01-01T00:00:00+00:00, run_after=2021-01-01T00:00:00+00:00
[2024-03-29T11:03:51.151+0000] {processor.py:179} INFO - Processing /usr/local/python/3.10.13/lib/python3.10/site-packages/airflow/example_dags/example_trigger_controller_dag.py took 0.071 seconds
[2024-03-29T11:04:37.757+0000] {processor.py:157} INFO - Started process (PID=16207) to work on /usr/local/python/3.10.13/lib/python3.10/site-packages/airflow/example_dags/example_trigger_controller_dag.py
[2024-03-29T11:04:37.758+0000] {processor.py:826} INFO - Processing file /usr/local/python/3.10.13/lib/python3.10/site-packages/airflow/example_dags/example_trigger_controller_dag.py for tasks to queue
[2024-03-29T11:04:37.758+0000] {logging_mixin.py:150} INFO - [2024-03-29T11:04:37.758+0000] {dagbag.py:541} INFO - Filling up the DagBag from /usr/local/python/3.10.13/lib/python3.10/site-packages/airflow/example_dags/example_trigger_controller_dag.py
[2024-03-29T11:04:37.761+0000] {processor.py:836} INFO - DAG(s) dict_keys(['example_trigger_controller_dag']) retrieved from /usr/local/python/3.10.13/lib/python3.10/site-packages/airflow/example_dags/example_trigger_controller_dag.py
[2024-03-29T11:04:37.774+0000] {logging_mixin.py:150} INFO - [2024-03-29T11:04:37.773+0000] {dag.py:2742} INFO - Sync 1 DAGs
[2024-03-29T11:04:37.789+0000] {logging_mixin.py:150} INFO - [2024-03-29T11:04:37.788+0000] {dag.py:3504} INFO - Setting next_dagrun for example_trigger_controller_dag to 2021-01-01T00:00:00+00:00, run_after=2021-01-01T00:00:00+00:00
[2024-03-29T11:04:37.827+0000] {processor.py:179} INFO - Processing /usr/local/python/3.10.13/lib/python3.10/site-packages/airflow/example_dags/example_trigger_controller_dag.py took 0.072 seconds
[2024-03-29T11:05:25.931+0000] {processor.py:157} INFO - Started process (PID=16549) to work on /usr/local/python/3.10.13/lib/python3.10/site-packages/airflow/example_dags/example_trigger_controller_dag.py
[2024-03-29T11:05:25.932+0000] {processor.py:826} INFO - Processing file /usr/local/python/3.10.13/lib/python3.10/site-packages/airflow/example_dags/example_trigger_controller_dag.py for tasks to queue
[2024-03-29T11:05:25.932+0000] {logging_mixin.py:150} INFO - [2024-03-29T11:05:25.932+0000] {dagbag.py:541} INFO - Filling up the DagBag from /usr/local/python/3.10.13/lib/python3.10/site-packages/airflow/example_dags/example_trigger_controller_dag.py
[2024-03-29T11:05:25.935+0000] {processor.py:836} INFO - DAG(s) dict_keys(['example_trigger_controller_dag']) retrieved from /usr/local/python/3.10.13/lib/python3.10/site-packages/airflow/example_dags/example_trigger_controller_dag.py
[2024-03-29T11:05:25.947+0000] {logging_mixin.py:150} INFO - [2024-03-29T11:05:25.947+0000] {dag.py:2742} INFO - Sync 1 DAGs
[2024-03-29T11:05:25.962+0000] {logging_mixin.py:150} INFO - [2024-03-29T11:05:25.962+0000] {dag.py:3504} INFO - Setting next_dagrun for example_trigger_controller_dag to 2021-01-01T00:00:00+00:00, run_after=2021-01-01T00:00:00+00:00
[2024-03-29T11:05:26.002+0000] {processor.py:179} INFO - Processing /usr/local/python/3.10.13/lib/python3.10/site-packages/airflow/example_dags/example_trigger_controller_dag.py took 0.073 seconds
[2024-03-29T11:06:10.471+0000] {processor.py:157} INFO - Started process (PID=16859) to work on /usr/local/python/3.10.13/lib/python3.10/site-packages/airflow/example_dags/example_trigger_controller_dag.py
[2024-03-29T11:06:10.472+0000] {processor.py:826} INFO - Processing file /usr/local/python/3.10.13/lib/python3.10/site-packages/airflow/example_dags/example_trigger_controller_dag.py for tasks to queue
[2024-03-29T11:06:10.472+0000] {logging_mixin.py:150} INFO - [2024-03-29T11:06:10.472+0000] {dagbag.py:541} INFO - Filling up the DagBag from /usr/local/python/3.10.13/lib/python3.10/site-packages/airflow/example_dags/example_trigger_controller_dag.py
[2024-03-29T11:06:10.475+0000] {processor.py:836} INFO - DAG(s) dict_keys(['example_trigger_controller_dag']) retrieved from /usr/local/python/3.10.13/lib/python3.10/site-packages/airflow/example_dags/example_trigger_controller_dag.py
[2024-03-29T11:06:10.488+0000] {logging_mixin.py:150} INFO - [2024-03-29T11:06:10.487+0000] {dag.py:2742} INFO - Sync 1 DAGs
[2024-03-29T11:06:10.502+0000] {logging_mixin.py:150} INFO - [2024-03-29T11:06:10.502+0000] {dag.py:3504} INFO - Setting next_dagrun for example_trigger_controller_dag to 2021-01-01T00:00:00+00:00, run_after=2021-01-01T00:00:00+00:00
[2024-03-29T11:06:10.541+0000] {processor.py:179} INFO - Processing /usr/local/python/3.10.13/lib/python3.10/site-packages/airflow/example_dags/example_trigger_controller_dag.py took 0.072 seconds
[2024-03-29T11:06:58.895+0000] {processor.py:157} INFO - Started process (PID=17214) to work on /usr/local/python/3.10.13/lib/python3.10/site-packages/airflow/example_dags/example_trigger_controller_dag.py
[2024-03-29T11:06:58.896+0000] {processor.py:826} INFO - Processing file /usr/local/python/3.10.13/lib/python3.10/site-packages/airflow/example_dags/example_trigger_controller_dag.py for tasks to queue
[2024-03-29T11:06:58.897+0000] {logging_mixin.py:150} INFO - [2024-03-29T11:06:58.896+0000] {dagbag.py:541} INFO - Filling up the DagBag from /usr/local/python/3.10.13/lib/python3.10/site-packages/airflow/example_dags/example_trigger_controller_dag.py
[2024-03-29T11:06:58.899+0000] {processor.py:836} INFO - DAG(s) dict_keys(['example_trigger_controller_dag']) retrieved from /usr/local/python/3.10.13/lib/python3.10/site-packages/airflow/example_dags/example_trigger_controller_dag.py
[2024-03-29T11:06:58.911+0000] {logging_mixin.py:150} INFO - [2024-03-29T11:06:58.911+0000] {dag.py:2742} INFO - Sync 1 DAGs
[2024-03-29T11:06:58.928+0000] {logging_mixin.py:150} INFO - [2024-03-29T11:06:58.928+0000] {dag.py:3504} INFO - Setting next_dagrun for example_trigger_controller_dag to 2021-01-01T00:00:00+00:00, run_after=2021-01-01T00:00:00+00:00
[2024-03-29T11:06:58.966+0000] {processor.py:179} INFO - Processing /usr/local/python/3.10.13/lib/python3.10/site-packages/airflow/example_dags/example_trigger_controller_dag.py took 0.073 seconds
[2024-03-29T11:07:49.641+0000] {processor.py:157} INFO - Started process (PID=17567) to work on /usr/local/python/3.10.13/lib/python3.10/site-packages/airflow/example_dags/example_trigger_controller_dag.py
[2024-03-29T11:07:49.641+0000] {processor.py:826} INFO - Processing file /usr/local/python/3.10.13/lib/python3.10/site-packages/airflow/example_dags/example_trigger_controller_dag.py for tasks to queue
[2024-03-29T11:07:49.642+0000] {logging_mixin.py:150} INFO - [2024-03-29T11:07:49.642+0000] {dagbag.py:541} INFO - Filling up the DagBag from /usr/local/python/3.10.13/lib/python3.10/site-packages/airflow/example_dags/example_trigger_controller_dag.py
[2024-03-29T11:07:49.645+0000] {processor.py:836} INFO - DAG(s) dict_keys(['example_trigger_controller_dag']) retrieved from /usr/local/python/3.10.13/lib/python3.10/site-packages/airflow/example_dags/example_trigger_controller_dag.py
[2024-03-29T11:07:49.657+0000] {logging_mixin.py:150} INFO - [2024-03-29T11:07:49.656+0000] {dag.py:2742} INFO - Sync 1 DAGs
[2024-03-29T11:07:49.671+0000] {logging_mixin.py:150} INFO - [2024-03-29T11:07:49.671+0000] {dag.py:3504} INFO - Setting next_dagrun for example_trigger_controller_dag to 2021-01-01T00:00:00+00:00, run_after=2021-01-01T00:00:00+00:00
[2024-03-29T11:07:49.715+0000] {processor.py:179} INFO - Processing /usr/local/python/3.10.13/lib/python3.10/site-packages/airflow/example_dags/example_trigger_controller_dag.py took 0.076 seconds
[2024-03-29T11:08:39.597+0000] {processor.py:157} INFO - Started process (PID=18085) to work on /usr/local/python/3.10.13/lib/python3.10/site-packages/airflow/example_dags/example_trigger_controller_dag.py
[2024-03-29T11:08:39.597+0000] {processor.py:826} INFO - Processing file /usr/local/python/3.10.13/lib/python3.10/site-packages/airflow/example_dags/example_trigger_controller_dag.py for tasks to queue
[2024-03-29T11:08:39.598+0000] {logging_mixin.py:150} INFO - [2024-03-29T11:08:39.598+0000] {dagbag.py:541} INFO - Filling up the DagBag from /usr/local/python/3.10.13/lib/python3.10/site-packages/airflow/example_dags/example_trigger_controller_dag.py
[2024-03-29T11:08:39.601+0000] {processor.py:836} INFO - DAG(s) dict_keys(['example_trigger_controller_dag']) retrieved from /usr/local/python/3.10.13/lib/python3.10/site-packages/airflow/example_dags/example_trigger_controller_dag.py
[2024-03-29T11:08:39.613+0000] {logging_mixin.py:150} INFO - [2024-03-29T11:08:39.613+0000] {dag.py:2742} INFO - Sync 1 DAGs
[2024-03-29T11:08:39.629+0000] {logging_mixin.py:150} INFO - [2024-03-29T11:08:39.628+0000] {dag.py:3504} INFO - Setting next_dagrun for example_trigger_controller_dag to 2021-01-01T00:00:00+00:00, run_after=2021-01-01T00:00:00+00:00
[2024-03-29T11:08:39.671+0000] {processor.py:179} INFO - Processing /usr/local/python/3.10.13/lib/python3.10/site-packages/airflow/example_dags/example_trigger_controller_dag.py took 0.077 seconds
[2024-03-29T11:09:31.527+0000] {processor.py:157} INFO - Started process (PID=18681) to work on /usr/local/python/3.10.13/lib/python3.10/site-packages/airflow/example_dags/example_trigger_controller_dag.py
[2024-03-29T11:09:31.528+0000] {processor.py:826} INFO - Processing file /usr/local/python/3.10.13/lib/python3.10/site-packages/airflow/example_dags/example_trigger_controller_dag.py for tasks to queue
[2024-03-29T11:09:31.529+0000] {logging_mixin.py:150} INFO - [2024-03-29T11:09:31.529+0000] {dagbag.py:541} INFO - Filling up the DagBag from /usr/local/python/3.10.13/lib/python3.10/site-packages/airflow/example_dags/example_trigger_controller_dag.py
[2024-03-29T11:09:31.533+0000] {processor.py:836} INFO - DAG(s) dict_keys(['example_trigger_controller_dag']) retrieved from /usr/local/python/3.10.13/lib/python3.10/site-packages/airflow/example_dags/example_trigger_controller_dag.py
[2024-03-29T11:09:31.549+0000] {logging_mixin.py:150} INFO - [2024-03-29T11:09:31.549+0000] {dag.py:2742} INFO - Sync 1 DAGs
[2024-03-29T11:09:31.566+0000] {logging_mixin.py:150} INFO - [2024-03-29T11:09:31.566+0000] {dag.py:3504} INFO - Setting next_dagrun for example_trigger_controller_dag to 2021-01-01T00:00:00+00:00, run_after=2021-01-01T00:00:00+00:00
[2024-03-29T11:09:31.606+0000] {processor.py:179} INFO - Processing /usr/local/python/3.10.13/lib/python3.10/site-packages/airflow/example_dags/example_trigger_controller_dag.py took 0.081 seconds
