[2024-03-29T10:59:36.276+0000] {processor.py:157} INFO - Started process (PID=14069) to work on /usr/local/python/3.10.13/lib/python3.10/site-packages/airflow/example_dags/example_trigger_target_dag.py
[2024-03-29T10:59:36.277+0000] {processor.py:826} INFO - Processing file /usr/local/python/3.10.13/lib/python3.10/site-packages/airflow/example_dags/example_trigger_target_dag.py for tasks to queue
[2024-03-29T10:59:36.278+0000] {logging_mixin.py:150} INFO - [2024-03-29T10:59:36.277+0000] {dagbag.py:541} INFO - Filling up the DagBag from /usr/local/python/3.10.13/lib/python3.10/site-packages/airflow/example_dags/example_trigger_target_dag.py
[2024-03-29T10:59:36.283+0000] {processor.py:836} INFO - DAG(s) dict_keys(['example_trigger_target_dag']) retrieved from /usr/local/python/3.10.13/lib/python3.10/site-packages/airflow/example_dags/example_trigger_target_dag.py
[2024-03-29T10:59:36.413+0000] {logging_mixin.py:150} INFO - [2024-03-29T10:59:36.413+0000] {manager.py:504} INFO - Created Permission View: can delete on DAG:example_trigger_target_dag
[2024-03-29T10:59:36.445+0000] {logging_mixin.py:150} INFO - [2024-03-29T10:59:36.445+0000] {manager.py:504} INFO - Created Permission View: can edit on DAG:example_trigger_target_dag
[2024-03-29T10:59:36.476+0000] {logging_mixin.py:150} INFO - [2024-03-29T10:59:36.476+0000] {manager.py:504} INFO - Created Permission View: can read on DAG:example_trigger_target_dag
[2024-03-29T10:59:36.487+0000] {logging_mixin.py:150} INFO - [2024-03-29T10:59:36.486+0000] {dag.py:2742} INFO - Sync 1 DAGs
[2024-03-29T10:59:36.495+0000] {logging_mixin.py:150} INFO - [2024-03-29T10:59:36.495+0000] {dag.py:2763} INFO - Creating ORM DAG for example_trigger_target_dag
[2024-03-29T10:59:36.502+0000] {logging_mixin.py:150} INFO - [2024-03-29T10:59:36.502+0000] {dag.py:3504} INFO - Setting next_dagrun for example_trigger_target_dag to None, run_after=None
[2024-03-29T10:59:36.539+0000] {processor.py:179} INFO - Processing /usr/local/python/3.10.13/lib/python3.10/site-packages/airflow/example_dags/example_trigger_target_dag.py took 0.265 seconds
[2024-03-29T11:00:36.077+0000] {processor.py:157} INFO - Started process (PID=14486) to work on /usr/local/python/3.10.13/lib/python3.10/site-packages/airflow/example_dags/example_trigger_target_dag.py
[2024-03-29T11:00:36.078+0000] {processor.py:826} INFO - Processing file /usr/local/python/3.10.13/lib/python3.10/site-packages/airflow/example_dags/example_trigger_target_dag.py for tasks to queue
[2024-03-29T11:00:36.078+0000] {logging_mixin.py:150} INFO - [2024-03-29T11:00:36.078+0000] {dagbag.py:541} INFO - Filling up the DagBag from /usr/local/python/3.10.13/lib/python3.10/site-packages/airflow/example_dags/example_trigger_target_dag.py
[2024-03-29T11:00:36.083+0000] {processor.py:836} INFO - DAG(s) dict_keys(['example_trigger_target_dag']) retrieved from /usr/local/python/3.10.13/lib/python3.10/site-packages/airflow/example_dags/example_trigger_target_dag.py
[2024-03-29T11:00:36.098+0000] {logging_mixin.py:150} INFO - [2024-03-29T11:00:36.098+0000] {dag.py:2742} INFO - Sync 1 DAGs
[2024-03-29T11:00:36.121+0000] {logging_mixin.py:150} INFO - [2024-03-29T11:00:36.120+0000] {dag.py:3504} INFO - Setting next_dagrun for example_trigger_target_dag to None, run_after=None
[2024-03-29T11:00:36.165+0000] {processor.py:179} INFO - Processing /usr/local/python/3.10.13/lib/python3.10/site-packages/airflow/example_dags/example_trigger_target_dag.py took 0.091 seconds
[2024-03-29T11:01:18.032+0000] {processor.py:157} INFO - Started process (PID=14787) to work on /usr/local/python/3.10.13/lib/python3.10/site-packages/airflow/example_dags/example_trigger_target_dag.py
[2024-03-29T11:01:18.032+0000] {processor.py:826} INFO - Processing file /usr/local/python/3.10.13/lib/python3.10/site-packages/airflow/example_dags/example_trigger_target_dag.py for tasks to queue
[2024-03-29T11:01:18.033+0000] {logging_mixin.py:150} INFO - [2024-03-29T11:01:18.033+0000] {dagbag.py:541} INFO - Filling up the DagBag from /usr/local/python/3.10.13/lib/python3.10/site-packages/airflow/example_dags/example_trigger_target_dag.py
[2024-03-29T11:01:18.038+0000] {processor.py:836} INFO - DAG(s) dict_keys(['example_trigger_target_dag']) retrieved from /usr/local/python/3.10.13/lib/python3.10/site-packages/airflow/example_dags/example_trigger_target_dag.py
[2024-03-29T11:01:18.049+0000] {logging_mixin.py:150} INFO - [2024-03-29T11:01:18.049+0000] {dag.py:2742} INFO - Sync 1 DAGs
[2024-03-29T11:01:18.064+0000] {logging_mixin.py:150} INFO - [2024-03-29T11:01:18.064+0000] {dag.py:3504} INFO - Setting next_dagrun for example_trigger_target_dag to None, run_after=None
[2024-03-29T11:01:18.102+0000] {processor.py:179} INFO - Processing /usr/local/python/3.10.13/lib/python3.10/site-packages/airflow/example_dags/example_trigger_target_dag.py took 0.072 seconds
[2024-03-29T11:02:04.304+0000] {processor.py:157} INFO - Started process (PID=15115) to work on /usr/local/python/3.10.13/lib/python3.10/site-packages/airflow/example_dags/example_trigger_target_dag.py
[2024-03-29T11:02:04.304+0000] {processor.py:826} INFO - Processing file /usr/local/python/3.10.13/lib/python3.10/site-packages/airflow/example_dags/example_trigger_target_dag.py for tasks to queue
[2024-03-29T11:02:04.305+0000] {logging_mixin.py:150} INFO - [2024-03-29T11:02:04.305+0000] {dagbag.py:541} INFO - Filling up the DagBag from /usr/local/python/3.10.13/lib/python3.10/site-packages/airflow/example_dags/example_trigger_target_dag.py
[2024-03-29T11:02:04.309+0000] {processor.py:836} INFO - DAG(s) dict_keys(['example_trigger_target_dag']) retrieved from /usr/local/python/3.10.13/lib/python3.10/site-packages/airflow/example_dags/example_trigger_target_dag.py
[2024-03-29T11:02:04.321+0000] {logging_mixin.py:150} INFO - [2024-03-29T11:02:04.321+0000] {dag.py:2742} INFO - Sync 1 DAGs
[2024-03-29T11:02:04.336+0000] {logging_mixin.py:150} INFO - [2024-03-29T11:02:04.336+0000] {dag.py:3504} INFO - Setting next_dagrun for example_trigger_target_dag to None, run_after=None
[2024-03-29T11:02:04.377+0000] {processor.py:179} INFO - Processing /usr/local/python/3.10.13/lib/python3.10/site-packages/airflow/example_dags/example_trigger_target_dag.py took 0.075 seconds
[2024-03-29T11:02:38.258+0000] {processor.py:157} INFO - Started process (PID=15356) to work on /usr/local/python/3.10.13/lib/python3.10/site-packages/airflow/example_dags/example_trigger_target_dag.py
[2024-03-29T11:02:38.258+0000] {processor.py:826} INFO - Processing file /usr/local/python/3.10.13/lib/python3.10/site-packages/airflow/example_dags/example_trigger_target_dag.py for tasks to queue
[2024-03-29T11:02:38.259+0000] {logging_mixin.py:150} INFO - [2024-03-29T11:02:38.259+0000] {dagbag.py:541} INFO - Filling up the DagBag from /usr/local/python/3.10.13/lib/python3.10/site-packages/airflow/example_dags/example_trigger_target_dag.py
[2024-03-29T11:02:38.263+0000] {processor.py:836} INFO - DAG(s) dict_keys(['example_trigger_target_dag']) retrieved from /usr/local/python/3.10.13/lib/python3.10/site-packages/airflow/example_dags/example_trigger_target_dag.py
[2024-03-29T11:02:38.275+0000] {logging_mixin.py:150} INFO - [2024-03-29T11:02:38.275+0000] {dag.py:2742} INFO - Sync 1 DAGs
[2024-03-29T11:02:38.290+0000] {logging_mixin.py:150} INFO - [2024-03-29T11:02:38.290+0000] {dag.py:3504} INFO - Setting next_dagrun for example_trigger_target_dag to None, run_after=None
[2024-03-29T11:02:38.333+0000] {processor.py:179} INFO - Processing /usr/local/python/3.10.13/lib/python3.10/site-packages/airflow/example_dags/example_trigger_target_dag.py took 0.077 seconds
[2024-03-29T11:03:12.938+0000] {processor.py:157} INFO - Started process (PID=15581) to work on /usr/local/python/3.10.13/lib/python3.10/site-packages/airflow/example_dags/example_trigger_target_dag.py
[2024-03-29T11:03:12.938+0000] {processor.py:826} INFO - Processing file /usr/local/python/3.10.13/lib/python3.10/site-packages/airflow/example_dags/example_trigger_target_dag.py for tasks to queue
[2024-03-29T11:03:12.939+0000] {logging_mixin.py:150} INFO - [2024-03-29T11:03:12.939+0000] {dagbag.py:541} INFO - Filling up the DagBag from /usr/local/python/3.10.13/lib/python3.10/site-packages/airflow/example_dags/example_trigger_target_dag.py
[2024-03-29T11:03:12.943+0000] {processor.py:836} INFO - DAG(s) dict_keys(['example_trigger_target_dag']) retrieved from /usr/local/python/3.10.13/lib/python3.10/site-packages/airflow/example_dags/example_trigger_target_dag.py
[2024-03-29T11:03:12.955+0000] {logging_mixin.py:150} INFO - [2024-03-29T11:03:12.955+0000] {dag.py:2742} INFO - Sync 1 DAGs
[2024-03-29T11:03:12.970+0000] {logging_mixin.py:150} INFO - [2024-03-29T11:03:12.970+0000] {dag.py:3504} INFO - Setting next_dagrun for example_trigger_target_dag to None, run_after=None
[2024-03-29T11:03:13.012+0000] {processor.py:179} INFO - Processing /usr/local/python/3.10.13/lib/python3.10/site-packages/airflow/example_dags/example_trigger_target_dag.py took 0.077 seconds
[2024-03-29T11:03:56.247+0000] {processor.py:157} INFO - Started process (PID=15919) to work on /usr/local/python/3.10.13/lib/python3.10/site-packages/airflow/example_dags/example_trigger_target_dag.py
[2024-03-29T11:03:56.248+0000] {processor.py:826} INFO - Processing file /usr/local/python/3.10.13/lib/python3.10/site-packages/airflow/example_dags/example_trigger_target_dag.py for tasks to queue
[2024-03-29T11:03:56.249+0000] {logging_mixin.py:150} INFO - [2024-03-29T11:03:56.249+0000] {dagbag.py:541} INFO - Filling up the DagBag from /usr/local/python/3.10.13/lib/python3.10/site-packages/airflow/example_dags/example_trigger_target_dag.py
[2024-03-29T11:03:56.253+0000] {processor.py:836} INFO - DAG(s) dict_keys(['example_trigger_target_dag']) retrieved from /usr/local/python/3.10.13/lib/python3.10/site-packages/airflow/example_dags/example_trigger_target_dag.py
[2024-03-29T11:03:56.265+0000] {logging_mixin.py:150} INFO - [2024-03-29T11:03:56.265+0000] {dag.py:2742} INFO - Sync 1 DAGs
[2024-03-29T11:03:56.280+0000] {logging_mixin.py:150} INFO - [2024-03-29T11:03:56.280+0000] {dag.py:3504} INFO - Setting next_dagrun for example_trigger_target_dag to None, run_after=None
[2024-03-29T11:03:56.331+0000] {processor.py:179} INFO - Processing /usr/local/python/3.10.13/lib/python3.10/site-packages/airflow/example_dags/example_trigger_target_dag.py took 0.086 seconds
[2024-03-29T11:04:28.729+0000] {processor.py:157} INFO - Started process (PID=16143) to work on /usr/local/python/3.10.13/lib/python3.10/site-packages/airflow/example_dags/example_trigger_target_dag.py
[2024-03-29T11:04:28.729+0000] {processor.py:826} INFO - Processing file /usr/local/python/3.10.13/lib/python3.10/site-packages/airflow/example_dags/example_trigger_target_dag.py for tasks to queue
[2024-03-29T11:04:28.730+0000] {logging_mixin.py:150} INFO - [2024-03-29T11:04:28.730+0000] {dagbag.py:541} INFO - Filling up the DagBag from /usr/local/python/3.10.13/lib/python3.10/site-packages/airflow/example_dags/example_trigger_target_dag.py
[2024-03-29T11:04:28.734+0000] {processor.py:836} INFO - DAG(s) dict_keys(['example_trigger_target_dag']) retrieved from /usr/local/python/3.10.13/lib/python3.10/site-packages/airflow/example_dags/example_trigger_target_dag.py
[2024-03-29T11:04:28.746+0000] {logging_mixin.py:150} INFO - [2024-03-29T11:04:28.746+0000] {dag.py:2742} INFO - Sync 1 DAGs
[2024-03-29T11:04:28.761+0000] {logging_mixin.py:150} INFO - [2024-03-29T11:04:28.761+0000] {dag.py:3504} INFO - Setting next_dagrun for example_trigger_target_dag to None, run_after=None
[2024-03-29T11:04:28.802+0000] {processor.py:179} INFO - Processing /usr/local/python/3.10.13/lib/python3.10/site-packages/airflow/example_dags/example_trigger_target_dag.py took 0.075 seconds
[2024-03-29T11:05:15.513+0000] {processor.py:157} INFO - Started process (PID=16460) to work on /usr/local/python/3.10.13/lib/python3.10/site-packages/airflow/example_dags/example_trigger_target_dag.py
[2024-03-29T11:05:15.515+0000] {processor.py:826} INFO - Processing file /usr/local/python/3.10.13/lib/python3.10/site-packages/airflow/example_dags/example_trigger_target_dag.py for tasks to queue
[2024-03-29T11:05:15.516+0000] {logging_mixin.py:150} INFO - [2024-03-29T11:05:15.515+0000] {dagbag.py:541} INFO - Filling up the DagBag from /usr/local/python/3.10.13/lib/python3.10/site-packages/airflow/example_dags/example_trigger_target_dag.py
[2024-03-29T11:05:15.523+0000] {processor.py:836} INFO - DAG(s) dict_keys(['example_trigger_target_dag']) retrieved from /usr/local/python/3.10.13/lib/python3.10/site-packages/airflow/example_dags/example_trigger_target_dag.py
[2024-03-29T11:05:15.541+0000] {logging_mixin.py:150} INFO - [2024-03-29T11:05:15.541+0000] {dag.py:2742} INFO - Sync 1 DAGs
[2024-03-29T11:05:15.565+0000] {logging_mixin.py:150} INFO - [2024-03-29T11:05:15.565+0000] {dag.py:3504} INFO - Setting next_dagrun for example_trigger_target_dag to None, run_after=None
[2024-03-29T11:05:15.611+0000] {processor.py:179} INFO - Processing /usr/local/python/3.10.13/lib/python3.10/site-packages/airflow/example_dags/example_trigger_target_dag.py took 0.102 seconds
[2024-03-29T11:06:00.518+0000] {processor.py:157} INFO - Started process (PID=16784) to work on /usr/local/python/3.10.13/lib/python3.10/site-packages/airflow/example_dags/example_trigger_target_dag.py
[2024-03-29T11:06:00.518+0000] {processor.py:826} INFO - Processing file /usr/local/python/3.10.13/lib/python3.10/site-packages/airflow/example_dags/example_trigger_target_dag.py for tasks to queue
[2024-03-29T11:06:00.519+0000] {logging_mixin.py:150} INFO - [2024-03-29T11:06:00.519+0000] {dagbag.py:541} INFO - Filling up the DagBag from /usr/local/python/3.10.13/lib/python3.10/site-packages/airflow/example_dags/example_trigger_target_dag.py
[2024-03-29T11:06:00.523+0000] {processor.py:836} INFO - DAG(s) dict_keys(['example_trigger_target_dag']) retrieved from /usr/local/python/3.10.13/lib/python3.10/site-packages/airflow/example_dags/example_trigger_target_dag.py
[2024-03-29T11:06:00.534+0000] {logging_mixin.py:150} INFO - [2024-03-29T11:06:00.534+0000] {dag.py:2742} INFO - Sync 1 DAGs
[2024-03-29T11:06:00.549+0000] {logging_mixin.py:150} INFO - [2024-03-29T11:06:00.549+0000] {dag.py:3504} INFO - Setting next_dagrun for example_trigger_target_dag to None, run_after=None
[2024-03-29T11:06:00.588+0000] {processor.py:179} INFO - Processing /usr/local/python/3.10.13/lib/python3.10/site-packages/airflow/example_dags/example_trigger_target_dag.py took 0.073 seconds
[2024-03-29T11:06:33.263+0000] {processor.py:157} INFO - Started process (PID=17020) to work on /usr/local/python/3.10.13/lib/python3.10/site-packages/airflow/example_dags/example_trigger_target_dag.py
[2024-03-29T11:06:33.264+0000] {processor.py:826} INFO - Processing file /usr/local/python/3.10.13/lib/python3.10/site-packages/airflow/example_dags/example_trigger_target_dag.py for tasks to queue
[2024-03-29T11:06:33.264+0000] {logging_mixin.py:150} INFO - [2024-03-29T11:06:33.264+0000] {dagbag.py:541} INFO - Filling up the DagBag from /usr/local/python/3.10.13/lib/python3.10/site-packages/airflow/example_dags/example_trigger_target_dag.py
[2024-03-29T11:06:33.268+0000] {processor.py:836} INFO - DAG(s) dict_keys(['example_trigger_target_dag']) retrieved from /usr/local/python/3.10.13/lib/python3.10/site-packages/airflow/example_dags/example_trigger_target_dag.py
[2024-03-29T11:06:33.280+0000] {logging_mixin.py:150} INFO - [2024-03-29T11:06:33.280+0000] {dag.py:2742} INFO - Sync 1 DAGs
[2024-03-29T11:06:33.295+0000] {logging_mixin.py:150} INFO - [2024-03-29T11:06:33.294+0000] {dag.py:3504} INFO - Setting next_dagrun for example_trigger_target_dag to None, run_after=None
[2024-03-29T11:06:33.333+0000] {processor.py:179} INFO - Processing /usr/local/python/3.10.13/lib/python3.10/site-packages/airflow/example_dags/example_trigger_target_dag.py took 0.073 seconds
[2024-03-29T11:07:20.323+0000] {processor.py:157} INFO - Started process (PID=17357) to work on /usr/local/python/3.10.13/lib/python3.10/site-packages/airflow/example_dags/example_trigger_target_dag.py
[2024-03-29T11:07:20.323+0000] {processor.py:826} INFO - Processing file /usr/local/python/3.10.13/lib/python3.10/site-packages/airflow/example_dags/example_trigger_target_dag.py for tasks to queue
[2024-03-29T11:07:20.324+0000] {logging_mixin.py:150} INFO - [2024-03-29T11:07:20.324+0000] {dagbag.py:541} INFO - Filling up the DagBag from /usr/local/python/3.10.13/lib/python3.10/site-packages/airflow/example_dags/example_trigger_target_dag.py
[2024-03-29T11:07:20.328+0000] {processor.py:836} INFO - DAG(s) dict_keys(['example_trigger_target_dag']) retrieved from /usr/local/python/3.10.13/lib/python3.10/site-packages/airflow/example_dags/example_trigger_target_dag.py
[2024-03-29T11:07:20.340+0000] {logging_mixin.py:150} INFO - [2024-03-29T11:07:20.340+0000] {dag.py:2742} INFO - Sync 1 DAGs
[2024-03-29T11:07:20.355+0000] {logging_mixin.py:150} INFO - [2024-03-29T11:07:20.355+0000] {dag.py:3504} INFO - Setting next_dagrun for example_trigger_target_dag to None, run_after=None
[2024-03-29T11:07:20.394+0000] {processor.py:179} INFO - Processing /usr/local/python/3.10.13/lib/python3.10/site-packages/airflow/example_dags/example_trigger_target_dag.py took 0.074 seconds
[2024-03-29T11:07:55.363+0000] {processor.py:157} INFO - Started process (PID=17598) to work on /usr/local/python/3.10.13/lib/python3.10/site-packages/airflow/example_dags/example_trigger_target_dag.py
[2024-03-29T11:07:55.363+0000] {processor.py:826} INFO - Processing file /usr/local/python/3.10.13/lib/python3.10/site-packages/airflow/example_dags/example_trigger_target_dag.py for tasks to queue
[2024-03-29T11:07:55.364+0000] {logging_mixin.py:150} INFO - [2024-03-29T11:07:55.364+0000] {dagbag.py:541} INFO - Filling up the DagBag from /usr/local/python/3.10.13/lib/python3.10/site-packages/airflow/example_dags/example_trigger_target_dag.py
[2024-03-29T11:07:55.368+0000] {processor.py:836} INFO - DAG(s) dict_keys(['example_trigger_target_dag']) retrieved from /usr/local/python/3.10.13/lib/python3.10/site-packages/airflow/example_dags/example_trigger_target_dag.py
[2024-03-29T11:07:55.380+0000] {logging_mixin.py:150} INFO - [2024-03-29T11:07:55.380+0000] {dag.py:2742} INFO - Sync 1 DAGs
[2024-03-29T11:07:55.395+0000] {logging_mixin.py:150} INFO - [2024-03-29T11:07:55.395+0000] {dag.py:3504} INFO - Setting next_dagrun for example_trigger_target_dag to None, run_after=None
[2024-03-29T11:07:55.434+0000] {processor.py:179} INFO - Processing /usr/local/python/3.10.13/lib/python3.10/site-packages/airflow/example_dags/example_trigger_target_dag.py took 0.073 seconds
[2024-03-29T11:08:30.187+0000] {processor.py:157} INFO - Started process (PID=17947) to work on /usr/local/python/3.10.13/lib/python3.10/site-packages/airflow/example_dags/example_trigger_target_dag.py
[2024-03-29T11:08:30.188+0000] {processor.py:826} INFO - Processing file /usr/local/python/3.10.13/lib/python3.10/site-packages/airflow/example_dags/example_trigger_target_dag.py for tasks to queue
[2024-03-29T11:08:30.188+0000] {logging_mixin.py:150} INFO - [2024-03-29T11:08:30.188+0000] {dagbag.py:541} INFO - Filling up the DagBag from /usr/local/python/3.10.13/lib/python3.10/site-packages/airflow/example_dags/example_trigger_target_dag.py
[2024-03-29T11:08:30.193+0000] {processor.py:836} INFO - DAG(s) dict_keys(['example_trigger_target_dag']) retrieved from /usr/local/python/3.10.13/lib/python3.10/site-packages/airflow/example_dags/example_trigger_target_dag.py
[2024-03-29T11:08:30.204+0000] {logging_mixin.py:150} INFO - [2024-03-29T11:08:30.204+0000] {dag.py:2742} INFO - Sync 1 DAGs
[2024-03-29T11:08:30.219+0000] {logging_mixin.py:150} INFO - [2024-03-29T11:08:30.219+0000] {dag.py:3504} INFO - Setting next_dagrun for example_trigger_target_dag to None, run_after=None
[2024-03-29T11:08:30.261+0000] {processor.py:179} INFO - Processing /usr/local/python/3.10.13/lib/python3.10/site-packages/airflow/example_dags/example_trigger_target_dag.py took 0.076 seconds
[2024-03-29T11:09:03.591+0000] {processor.py:157} INFO - Started process (PID=18381) to work on /usr/local/python/3.10.13/lib/python3.10/site-packages/airflow/example_dags/example_trigger_target_dag.py
[2024-03-29T11:09:03.591+0000] {processor.py:826} INFO - Processing file /usr/local/python/3.10.13/lib/python3.10/site-packages/airflow/example_dags/example_trigger_target_dag.py for tasks to queue
[2024-03-29T11:09:03.592+0000] {logging_mixin.py:150} INFO - [2024-03-29T11:09:03.592+0000] {dagbag.py:541} INFO - Filling up the DagBag from /usr/local/python/3.10.13/lib/python3.10/site-packages/airflow/example_dags/example_trigger_target_dag.py
[2024-03-29T11:09:03.596+0000] {processor.py:836} INFO - DAG(s) dict_keys(['example_trigger_target_dag']) retrieved from /usr/local/python/3.10.13/lib/python3.10/site-packages/airflow/example_dags/example_trigger_target_dag.py
[2024-03-29T11:09:03.608+0000] {logging_mixin.py:150} INFO - [2024-03-29T11:09:03.608+0000] {dag.py:2742} INFO - Sync 1 DAGs
[2024-03-29T11:09:03.623+0000] {logging_mixin.py:150} INFO - [2024-03-29T11:09:03.623+0000] {dag.py:3504} INFO - Setting next_dagrun for example_trigger_target_dag to None, run_after=None
[2024-03-29T11:09:03.673+0000] {processor.py:179} INFO - Processing /usr/local/python/3.10.13/lib/python3.10/site-packages/airflow/example_dags/example_trigger_target_dag.py took 0.085 seconds
[2024-03-29T11:09:38.893+0000] {processor.py:157} INFO - Started process (PID=18747) to work on /usr/local/python/3.10.13/lib/python3.10/site-packages/airflow/example_dags/example_trigger_target_dag.py
[2024-03-29T11:09:38.894+0000] {processor.py:826} INFO - Processing file /usr/local/python/3.10.13/lib/python3.10/site-packages/airflow/example_dags/example_trigger_target_dag.py for tasks to queue
[2024-03-29T11:09:38.895+0000] {logging_mixin.py:150} INFO - [2024-03-29T11:09:38.895+0000] {dagbag.py:541} INFO - Filling up the DagBag from /usr/local/python/3.10.13/lib/python3.10/site-packages/airflow/example_dags/example_trigger_target_dag.py
[2024-03-29T11:09:38.900+0000] {processor.py:836} INFO - DAG(s) dict_keys(['example_trigger_target_dag']) retrieved from /usr/local/python/3.10.13/lib/python3.10/site-packages/airflow/example_dags/example_trigger_target_dag.py
[2024-03-29T11:09:38.916+0000] {logging_mixin.py:150} INFO - [2024-03-29T11:09:38.915+0000] {dag.py:2742} INFO - Sync 1 DAGs
[2024-03-29T11:09:38.956+0000] {logging_mixin.py:150} INFO - [2024-03-29T11:09:38.955+0000] {dag.py:3504} INFO - Setting next_dagrun for example_trigger_target_dag to None, run_after=None
[2024-03-29T11:09:39.016+0000] {processor.py:179} INFO - Processing /usr/local/python/3.10.13/lib/python3.10/site-packages/airflow/example_dags/example_trigger_target_dag.py took 0.125 seconds
