[2024-03-29T10:59:39.075+0000] {processor.py:157} INFO - Started process (PID=14083) to work on /usr/local/python/3.10.13/lib/python3.10/site-packages/airflow/example_dags/example_time_delta_sensor_async.py
[2024-03-29T10:59:39.076+0000] {processor.py:826} INFO - Processing file /usr/local/python/3.10.13/lib/python3.10/site-packages/airflow/example_dags/example_time_delta_sensor_async.py for tasks to queue
[2024-03-29T10:59:39.077+0000] {logging_mixin.py:150} INFO - [2024-03-29T10:59:39.076+0000] {dagbag.py:541} INFO - Filling up the DagBag from /usr/local/python/3.10.13/lib/python3.10/site-packages/airflow/example_dags/example_time_delta_sensor_async.py
[2024-03-29T10:59:39.082+0000] {processor.py:836} INFO - DAG(s) dict_keys(['example_time_delta_sensor_async']) retrieved from /usr/local/python/3.10.13/lib/python3.10/site-packages/airflow/example_dags/example_time_delta_sensor_async.py
[2024-03-29T10:59:39.217+0000] {logging_mixin.py:150} INFO - [2024-03-29T10:59:39.217+0000] {manager.py:504} INFO - Created Permission View: can delete on DAG:example_time_delta_sensor_async
[2024-03-29T10:59:39.247+0000] {logging_mixin.py:150} INFO - [2024-03-29T10:59:39.247+0000] {manager.py:504} INFO - Created Permission View: can edit on DAG:example_time_delta_sensor_async
[2024-03-29T10:59:39.280+0000] {logging_mixin.py:150} INFO - [2024-03-29T10:59:39.280+0000] {manager.py:504} INFO - Created Permission View: can read on DAG:example_time_delta_sensor_async
[2024-03-29T10:59:39.289+0000] {logging_mixin.py:150} INFO - [2024-03-29T10:59:39.288+0000] {dag.py:2742} INFO - Sync 1 DAGs
[2024-03-29T10:59:39.297+0000] {logging_mixin.py:150} INFO - [2024-03-29T10:59:39.297+0000] {dag.py:2763} INFO - Creating ORM DAG for example_time_delta_sensor_async
[2024-03-29T10:59:39.304+0000] {logging_mixin.py:150} INFO - [2024-03-29T10:59:39.303+0000] {dag.py:3504} INFO - Setting next_dagrun for example_time_delta_sensor_async to None, run_after=None
[2024-03-29T10:59:39.347+0000] {processor.py:179} INFO - Processing /usr/local/python/3.10.13/lib/python3.10/site-packages/airflow/example_dags/example_time_delta_sensor_async.py took 0.274 seconds
[2024-03-29T11:00:38.381+0000] {processor.py:157} INFO - Started process (PID=14502) to work on /usr/local/python/3.10.13/lib/python3.10/site-packages/airflow/example_dags/example_time_delta_sensor_async.py
[2024-03-29T11:00:38.382+0000] {processor.py:826} INFO - Processing file /usr/local/python/3.10.13/lib/python3.10/site-packages/airflow/example_dags/example_time_delta_sensor_async.py for tasks to queue
[2024-03-29T11:00:38.382+0000] {logging_mixin.py:150} INFO - [2024-03-29T11:00:38.382+0000] {dagbag.py:541} INFO - Filling up the DagBag from /usr/local/python/3.10.13/lib/python3.10/site-packages/airflow/example_dags/example_time_delta_sensor_async.py
[2024-03-29T11:00:38.386+0000] {processor.py:836} INFO - DAG(s) dict_keys(['example_time_delta_sensor_async']) retrieved from /usr/local/python/3.10.13/lib/python3.10/site-packages/airflow/example_dags/example_time_delta_sensor_async.py
[2024-03-29T11:00:38.397+0000] {logging_mixin.py:150} INFO - [2024-03-29T11:00:38.397+0000] {dag.py:2742} INFO - Sync 1 DAGs
[2024-03-29T11:00:38.412+0000] {logging_mixin.py:150} INFO - [2024-03-29T11:00:38.412+0000] {dag.py:3504} INFO - Setting next_dagrun for example_time_delta_sensor_async to None, run_after=None
[2024-03-29T11:00:38.453+0000] {processor.py:179} INFO - Processing /usr/local/python/3.10.13/lib/python3.10/site-packages/airflow/example_dags/example_time_delta_sensor_async.py took 0.074 seconds
[2024-03-29T11:01:20.333+0000] {processor.py:157} INFO - Started process (PID=14795) to work on /usr/local/python/3.10.13/lib/python3.10/site-packages/airflow/example_dags/example_time_delta_sensor_async.py
[2024-03-29T11:01:20.334+0000] {processor.py:826} INFO - Processing file /usr/local/python/3.10.13/lib/python3.10/site-packages/airflow/example_dags/example_time_delta_sensor_async.py for tasks to queue
[2024-03-29T11:01:20.334+0000] {logging_mixin.py:150} INFO - [2024-03-29T11:01:20.334+0000] {dagbag.py:541} INFO - Filling up the DagBag from /usr/local/python/3.10.13/lib/python3.10/site-packages/airflow/example_dags/example_time_delta_sensor_async.py
[2024-03-29T11:01:20.337+0000] {processor.py:836} INFO - DAG(s) dict_keys(['example_time_delta_sensor_async']) retrieved from /usr/local/python/3.10.13/lib/python3.10/site-packages/airflow/example_dags/example_time_delta_sensor_async.py
[2024-03-29T11:01:20.353+0000] {logging_mixin.py:150} INFO - [2024-03-29T11:01:20.353+0000] {dag.py:2742} INFO - Sync 1 DAGs
[2024-03-29T11:01:20.377+0000] {logging_mixin.py:150} INFO - [2024-03-29T11:01:20.377+0000] {dag.py:3504} INFO - Setting next_dagrun for example_time_delta_sensor_async to None, run_after=None
[2024-03-29T11:01:20.426+0000] {processor.py:179} INFO - Processing /usr/local/python/3.10.13/lib/python3.10/site-packages/airflow/example_dags/example_time_delta_sensor_async.py took 0.095 seconds
[2024-03-29T11:02:06.594+0000] {processor.py:157} INFO - Started process (PID=15126) to work on /usr/local/python/3.10.13/lib/python3.10/site-packages/airflow/example_dags/example_time_delta_sensor_async.py
[2024-03-29T11:02:06.594+0000] {processor.py:826} INFO - Processing file /usr/local/python/3.10.13/lib/python3.10/site-packages/airflow/example_dags/example_time_delta_sensor_async.py for tasks to queue
[2024-03-29T11:02:06.595+0000] {logging_mixin.py:150} INFO - [2024-03-29T11:02:06.595+0000] {dagbag.py:541} INFO - Filling up the DagBag from /usr/local/python/3.10.13/lib/python3.10/site-packages/airflow/example_dags/example_time_delta_sensor_async.py
[2024-03-29T11:02:06.599+0000] {processor.py:836} INFO - DAG(s) dict_keys(['example_time_delta_sensor_async']) retrieved from /usr/local/python/3.10.13/lib/python3.10/site-packages/airflow/example_dags/example_time_delta_sensor_async.py
[2024-03-29T11:02:06.611+0000] {logging_mixin.py:150} INFO - [2024-03-29T11:02:06.611+0000] {dag.py:2742} INFO - Sync 1 DAGs
[2024-03-29T11:02:06.626+0000] {logging_mixin.py:150} INFO - [2024-03-29T11:02:06.626+0000] {dag.py:3504} INFO - Setting next_dagrun for example_time_delta_sensor_async to None, run_after=None
[2024-03-29T11:02:06.671+0000] {processor.py:179} INFO - Processing /usr/local/python/3.10.13/lib/python3.10/site-packages/airflow/example_dags/example_time_delta_sensor_async.py took 0.080 seconds
[2024-03-29T11:02:40.600+0000] {processor.py:157} INFO - Started process (PID=15364) to work on /usr/local/python/3.10.13/lib/python3.10/site-packages/airflow/example_dags/example_time_delta_sensor_async.py
[2024-03-29T11:02:40.600+0000] {processor.py:826} INFO - Processing file /usr/local/python/3.10.13/lib/python3.10/site-packages/airflow/example_dags/example_time_delta_sensor_async.py for tasks to queue
[2024-03-29T11:02:40.601+0000] {logging_mixin.py:150} INFO - [2024-03-29T11:02:40.600+0000] {dagbag.py:541} INFO - Filling up the DagBag from /usr/local/python/3.10.13/lib/python3.10/site-packages/airflow/example_dags/example_time_delta_sensor_async.py
[2024-03-29T11:02:40.604+0000] {processor.py:836} INFO - DAG(s) dict_keys(['example_time_delta_sensor_async']) retrieved from /usr/local/python/3.10.13/lib/python3.10/site-packages/airflow/example_dags/example_time_delta_sensor_async.py
[2024-03-29T11:02:40.616+0000] {logging_mixin.py:150} INFO - [2024-03-29T11:02:40.616+0000] {dag.py:2742} INFO - Sync 1 DAGs
[2024-03-29T11:02:40.636+0000] {logging_mixin.py:150} INFO - [2024-03-29T11:02:40.635+0000] {dag.py:3504} INFO - Setting next_dagrun for example_time_delta_sensor_async to None, run_after=None
[2024-03-29T11:02:40.675+0000] {processor.py:179} INFO - Processing /usr/local/python/3.10.13/lib/python3.10/site-packages/airflow/example_dags/example_time_delta_sensor_async.py took 0.078 seconds
[2024-03-29T11:03:14.621+0000] {processor.py:157} INFO - Started process (PID=15614) to work on /usr/local/python/3.10.13/lib/python3.10/site-packages/airflow/example_dags/example_time_delta_sensor_async.py
[2024-03-29T11:03:14.622+0000] {processor.py:826} INFO - Processing file /usr/local/python/3.10.13/lib/python3.10/site-packages/airflow/example_dags/example_time_delta_sensor_async.py for tasks to queue
[2024-03-29T11:03:14.622+0000] {logging_mixin.py:150} INFO - [2024-03-29T11:03:14.622+0000] {dagbag.py:541} INFO - Filling up the DagBag from /usr/local/python/3.10.13/lib/python3.10/site-packages/airflow/example_dags/example_time_delta_sensor_async.py
[2024-03-29T11:03:14.626+0000] {processor.py:836} INFO - DAG(s) dict_keys(['example_time_delta_sensor_async']) retrieved from /usr/local/python/3.10.13/lib/python3.10/site-packages/airflow/example_dags/example_time_delta_sensor_async.py
[2024-03-29T11:03:14.638+0000] {logging_mixin.py:150} INFO - [2024-03-29T11:03:14.638+0000] {dag.py:2742} INFO - Sync 1 DAGs
[2024-03-29T11:03:14.653+0000] {logging_mixin.py:150} INFO - [2024-03-29T11:03:14.653+0000] {dag.py:3504} INFO - Setting next_dagrun for example_time_delta_sensor_async to None, run_after=None
[2024-03-29T11:03:14.698+0000] {processor.py:179} INFO - Processing /usr/local/python/3.10.13/lib/python3.10/site-packages/airflow/example_dags/example_time_delta_sensor_async.py took 0.079 seconds
[2024-03-29T11:03:58.566+0000] {processor.py:157} INFO - Started process (PID=15933) to work on /usr/local/python/3.10.13/lib/python3.10/site-packages/airflow/example_dags/example_time_delta_sensor_async.py
[2024-03-29T11:03:58.567+0000] {processor.py:826} INFO - Processing file /usr/local/python/3.10.13/lib/python3.10/site-packages/airflow/example_dags/example_time_delta_sensor_async.py for tasks to queue
[2024-03-29T11:03:58.567+0000] {logging_mixin.py:150} INFO - [2024-03-29T11:03:58.567+0000] {dagbag.py:541} INFO - Filling up the DagBag from /usr/local/python/3.10.13/lib/python3.10/site-packages/airflow/example_dags/example_time_delta_sensor_async.py
[2024-03-29T11:03:58.571+0000] {processor.py:836} INFO - DAG(s) dict_keys(['example_time_delta_sensor_async']) retrieved from /usr/local/python/3.10.13/lib/python3.10/site-packages/airflow/example_dags/example_time_delta_sensor_async.py
[2024-03-29T11:03:58.583+0000] {logging_mixin.py:150} INFO - [2024-03-29T11:03:58.583+0000] {dag.py:2742} INFO - Sync 1 DAGs
[2024-03-29T11:03:58.600+0000] {logging_mixin.py:150} INFO - [2024-03-29T11:03:58.600+0000] {dag.py:3504} INFO - Setting next_dagrun for example_time_delta_sensor_async to None, run_after=None
[2024-03-29T11:03:58.641+0000] {processor.py:179} INFO - Processing /usr/local/python/3.10.13/lib/python3.10/site-packages/airflow/example_dags/example_time_delta_sensor_async.py took 0.077 seconds
[2024-03-29T11:04:45.452+0000] {processor.py:157} INFO - Started process (PID=16264) to work on /usr/local/python/3.10.13/lib/python3.10/site-packages/airflow/example_dags/example_time_delta_sensor_async.py
[2024-03-29T11:04:45.452+0000] {processor.py:826} INFO - Processing file /usr/local/python/3.10.13/lib/python3.10/site-packages/airflow/example_dags/example_time_delta_sensor_async.py for tasks to queue
[2024-03-29T11:04:45.453+0000] {logging_mixin.py:150} INFO - [2024-03-29T11:04:45.453+0000] {dagbag.py:541} INFO - Filling up the DagBag from /usr/local/python/3.10.13/lib/python3.10/site-packages/airflow/example_dags/example_time_delta_sensor_async.py
[2024-03-29T11:04:45.456+0000] {processor.py:836} INFO - DAG(s) dict_keys(['example_time_delta_sensor_async']) retrieved from /usr/local/python/3.10.13/lib/python3.10/site-packages/airflow/example_dags/example_time_delta_sensor_async.py
[2024-03-29T11:04:45.468+0000] {logging_mixin.py:150} INFO - [2024-03-29T11:04:45.468+0000] {dag.py:2742} INFO - Sync 1 DAGs
[2024-03-29T11:04:45.483+0000] {logging_mixin.py:150} INFO - [2024-03-29T11:04:45.483+0000] {dag.py:3504} INFO - Setting next_dagrun for example_time_delta_sensor_async to None, run_after=None
[2024-03-29T11:04:45.522+0000] {processor.py:179} INFO - Processing /usr/local/python/3.10.13/lib/python3.10/site-packages/airflow/example_dags/example_time_delta_sensor_async.py took 0.073 seconds
[2024-03-29T11:05:31.566+0000] {processor.py:157} INFO - Started process (PID=16581) to work on /usr/local/python/3.10.13/lib/python3.10/site-packages/airflow/example_dags/example_time_delta_sensor_async.py
[2024-03-29T11:05:31.566+0000] {processor.py:826} INFO - Processing file /usr/local/python/3.10.13/lib/python3.10/site-packages/airflow/example_dags/example_time_delta_sensor_async.py for tasks to queue
[2024-03-29T11:05:31.567+0000] {logging_mixin.py:150} INFO - [2024-03-29T11:05:31.567+0000] {dagbag.py:541} INFO - Filling up the DagBag from /usr/local/python/3.10.13/lib/python3.10/site-packages/airflow/example_dags/example_time_delta_sensor_async.py
[2024-03-29T11:05:31.571+0000] {processor.py:836} INFO - DAG(s) dict_keys(['example_time_delta_sensor_async']) retrieved from /usr/local/python/3.10.13/lib/python3.10/site-packages/airflow/example_dags/example_time_delta_sensor_async.py
[2024-03-29T11:05:31.583+0000] {logging_mixin.py:150} INFO - [2024-03-29T11:05:31.583+0000] {dag.py:2742} INFO - Sync 1 DAGs
[2024-03-29T11:05:31.598+0000] {logging_mixin.py:150} INFO - [2024-03-29T11:05:31.598+0000] {dag.py:3504} INFO - Setting next_dagrun for example_time_delta_sensor_async to None, run_after=None
[2024-03-29T11:05:31.639+0000] {processor.py:179} INFO - Processing /usr/local/python/3.10.13/lib/python3.10/site-packages/airflow/example_dags/example_time_delta_sensor_async.py took 0.075 seconds
[2024-03-29T11:06:16.611+0000] {processor.py:157} INFO - Started process (PID=16898) to work on /usr/local/python/3.10.13/lib/python3.10/site-packages/airflow/example_dags/example_time_delta_sensor_async.py
[2024-03-29T11:06:16.612+0000] {processor.py:826} INFO - Processing file /usr/local/python/3.10.13/lib/python3.10/site-packages/airflow/example_dags/example_time_delta_sensor_async.py for tasks to queue
[2024-03-29T11:06:16.612+0000] {logging_mixin.py:150} INFO - [2024-03-29T11:06:16.612+0000] {dagbag.py:541} INFO - Filling up the DagBag from /usr/local/python/3.10.13/lib/python3.10/site-packages/airflow/example_dags/example_time_delta_sensor_async.py
[2024-03-29T11:06:16.616+0000] {processor.py:836} INFO - DAG(s) dict_keys(['example_time_delta_sensor_async']) retrieved from /usr/local/python/3.10.13/lib/python3.10/site-packages/airflow/example_dags/example_time_delta_sensor_async.py
[2024-03-29T11:06:16.630+0000] {logging_mixin.py:150} INFO - [2024-03-29T11:06:16.630+0000] {dag.py:2742} INFO - Sync 1 DAGs
[2024-03-29T11:06:16.656+0000] {logging_mixin.py:150} INFO - [2024-03-29T11:06:16.656+0000] {dag.py:3504} INFO - Setting next_dagrun for example_time_delta_sensor_async to None, run_after=None
[2024-03-29T11:06:16.708+0000] {processor.py:179} INFO - Processing /usr/local/python/3.10.13/lib/python3.10/site-packages/airflow/example_dags/example_time_delta_sensor_async.py took 0.100 seconds
[2024-03-29T11:06:49.873+0000] {processor.py:157} INFO - Started process (PID=17141) to work on /usr/local/python/3.10.13/lib/python3.10/site-packages/airflow/example_dags/example_time_delta_sensor_async.py
[2024-03-29T11:06:49.873+0000] {processor.py:826} INFO - Processing file /usr/local/python/3.10.13/lib/python3.10/site-packages/airflow/example_dags/example_time_delta_sensor_async.py for tasks to queue
[2024-03-29T11:06:49.874+0000] {logging_mixin.py:150} INFO - [2024-03-29T11:06:49.874+0000] {dagbag.py:541} INFO - Filling up the DagBag from /usr/local/python/3.10.13/lib/python3.10/site-packages/airflow/example_dags/example_time_delta_sensor_async.py
[2024-03-29T11:06:49.877+0000] {processor.py:836} INFO - DAG(s) dict_keys(['example_time_delta_sensor_async']) retrieved from /usr/local/python/3.10.13/lib/python3.10/site-packages/airflow/example_dags/example_time_delta_sensor_async.py
[2024-03-29T11:06:49.889+0000] {logging_mixin.py:150} INFO - [2024-03-29T11:06:49.888+0000] {dag.py:2742} INFO - Sync 1 DAGs
[2024-03-29T11:06:49.904+0000] {logging_mixin.py:150} INFO - [2024-03-29T11:06:49.903+0000] {dag.py:3504} INFO - Setting next_dagrun for example_time_delta_sensor_async to None, run_after=None
[2024-03-29T11:06:49.944+0000] {processor.py:179} INFO - Processing /usr/local/python/3.10.13/lib/python3.10/site-packages/airflow/example_dags/example_time_delta_sensor_async.py took 0.073 seconds
[2024-03-29T11:07:39.289+0000] {processor.py:157} INFO - Started process (PID=17495) to work on /usr/local/python/3.10.13/lib/python3.10/site-packages/airflow/example_dags/example_time_delta_sensor_async.py
[2024-03-29T11:07:39.290+0000] {processor.py:826} INFO - Processing file /usr/local/python/3.10.13/lib/python3.10/site-packages/airflow/example_dags/example_time_delta_sensor_async.py for tasks to queue
[2024-03-29T11:07:39.290+0000] {logging_mixin.py:150} INFO - [2024-03-29T11:07:39.290+0000] {dagbag.py:541} INFO - Filling up the DagBag from /usr/local/python/3.10.13/lib/python3.10/site-packages/airflow/example_dags/example_time_delta_sensor_async.py
[2024-03-29T11:07:39.294+0000] {processor.py:836} INFO - DAG(s) dict_keys(['example_time_delta_sensor_async']) retrieved from /usr/local/python/3.10.13/lib/python3.10/site-packages/airflow/example_dags/example_time_delta_sensor_async.py
[2024-03-29T11:07:39.306+0000] {logging_mixin.py:150} INFO - [2024-03-29T11:07:39.306+0000] {dag.py:2742} INFO - Sync 1 DAGs
[2024-03-29T11:07:39.321+0000] {logging_mixin.py:150} INFO - [2024-03-29T11:07:39.321+0000] {dag.py:3504} INFO - Setting next_dagrun for example_time_delta_sensor_async to None, run_after=None
[2024-03-29T11:07:39.362+0000] {processor.py:179} INFO - Processing /usr/local/python/3.10.13/lib/python3.10/site-packages/airflow/example_dags/example_time_delta_sensor_async.py took 0.075 seconds
[2024-03-29T11:08:13.575+0000] {processor.py:157} INFO - Started process (PID=17762) to work on /usr/local/python/3.10.13/lib/python3.10/site-packages/airflow/example_dags/example_time_delta_sensor_async.py
[2024-03-29T11:08:13.575+0000] {processor.py:826} INFO - Processing file /usr/local/python/3.10.13/lib/python3.10/site-packages/airflow/example_dags/example_time_delta_sensor_async.py for tasks to queue
[2024-03-29T11:08:13.576+0000] {logging_mixin.py:150} INFO - [2024-03-29T11:08:13.576+0000] {dagbag.py:541} INFO - Filling up the DagBag from /usr/local/python/3.10.13/lib/python3.10/site-packages/airflow/example_dags/example_time_delta_sensor_async.py
[2024-03-29T11:08:13.579+0000] {processor.py:836} INFO - DAG(s) dict_keys(['example_time_delta_sensor_async']) retrieved from /usr/local/python/3.10.13/lib/python3.10/site-packages/airflow/example_dags/example_time_delta_sensor_async.py
[2024-03-29T11:08:13.592+0000] {logging_mixin.py:150} INFO - [2024-03-29T11:08:13.592+0000] {dag.py:2742} INFO - Sync 1 DAGs
[2024-03-29T11:08:13.608+0000] {logging_mixin.py:150} INFO - [2024-03-29T11:08:13.608+0000] {dag.py:3504} INFO - Setting next_dagrun for example_time_delta_sensor_async to None, run_after=None
[2024-03-29T11:08:13.649+0000] {processor.py:179} INFO - Processing /usr/local/python/3.10.13/lib/python3.10/site-packages/airflow/example_dags/example_time_delta_sensor_async.py took 0.077 seconds
[2024-03-29T11:08:46.839+0000] {processor.py:157} INFO - Started process (PID=18172) to work on /usr/local/python/3.10.13/lib/python3.10/site-packages/airflow/example_dags/example_time_delta_sensor_async.py
[2024-03-29T11:08:46.840+0000] {processor.py:826} INFO - Processing file /usr/local/python/3.10.13/lib/python3.10/site-packages/airflow/example_dags/example_time_delta_sensor_async.py for tasks to queue
[2024-03-29T11:08:46.841+0000] {logging_mixin.py:150} INFO - [2024-03-29T11:08:46.841+0000] {dagbag.py:541} INFO - Filling up the DagBag from /usr/local/python/3.10.13/lib/python3.10/site-packages/airflow/example_dags/example_time_delta_sensor_async.py
[2024-03-29T11:08:46.845+0000] {processor.py:836} INFO - DAG(s) dict_keys(['example_time_delta_sensor_async']) retrieved from /usr/local/python/3.10.13/lib/python3.10/site-packages/airflow/example_dags/example_time_delta_sensor_async.py
[2024-03-29T11:08:46.858+0000] {logging_mixin.py:150} INFO - [2024-03-29T11:08:46.858+0000] {dag.py:2742} INFO - Sync 1 DAGs
[2024-03-29T11:08:46.873+0000] {logging_mixin.py:150} INFO - [2024-03-29T11:08:46.873+0000] {dag.py:3504} INFO - Setting next_dagrun for example_time_delta_sensor_async to None, run_after=None
[2024-03-29T11:08:46.911+0000] {processor.py:179} INFO - Processing /usr/local/python/3.10.13/lib/python3.10/site-packages/airflow/example_dags/example_time_delta_sensor_async.py took 0.075 seconds
[2024-03-29T11:09:22.011+0000] {processor.py:157} INFO - Started process (PID=18541) to work on /usr/local/python/3.10.13/lib/python3.10/site-packages/airflow/example_dags/example_time_delta_sensor_async.py
[2024-03-29T11:09:22.011+0000] {processor.py:826} INFO - Processing file /usr/local/python/3.10.13/lib/python3.10/site-packages/airflow/example_dags/example_time_delta_sensor_async.py for tasks to queue
[2024-03-29T11:09:22.012+0000] {logging_mixin.py:150} INFO - [2024-03-29T11:09:22.012+0000] {dagbag.py:541} INFO - Filling up the DagBag from /usr/local/python/3.10.13/lib/python3.10/site-packages/airflow/example_dags/example_time_delta_sensor_async.py
[2024-03-29T11:09:22.015+0000] {processor.py:836} INFO - DAG(s) dict_keys(['example_time_delta_sensor_async']) retrieved from /usr/local/python/3.10.13/lib/python3.10/site-packages/airflow/example_dags/example_time_delta_sensor_async.py
[2024-03-29T11:09:22.027+0000] {logging_mixin.py:150} INFO - [2024-03-29T11:09:22.027+0000] {dag.py:2742} INFO - Sync 1 DAGs
[2024-03-29T11:09:22.043+0000] {logging_mixin.py:150} INFO - [2024-03-29T11:09:22.042+0000] {dag.py:3504} INFO - Setting next_dagrun for example_time_delta_sensor_async to None, run_after=None
[2024-03-29T11:09:22.082+0000] {processor.py:179} INFO - Processing /usr/local/python/3.10.13/lib/python3.10/site-packages/airflow/example_dags/example_time_delta_sensor_async.py took 0.074 seconds
