[2024-03-29T11:00:29.455+0000] {processor.py:157} INFO - Started process (PID=14427) to work on /usr/local/python/3.10.13/lib/python3.10/site-packages/airflow/example_dags/example_branch_day_of_week_operator.py
[2024-03-29T11:00:29.456+0000] {processor.py:826} INFO - Processing file /usr/local/python/3.10.13/lib/python3.10/site-packages/airflow/example_dags/example_branch_day_of_week_operator.py for tasks to queue
[2024-03-29T11:00:29.457+0000] {logging_mixin.py:150} INFO - [2024-03-29T11:00:29.456+0000] {dagbag.py:541} INFO - Filling up the DagBag from /usr/local/python/3.10.13/lib/python3.10/site-packages/airflow/example_dags/example_branch_day_of_week_operator.py
[2024-03-29T11:00:29.462+0000] {processor.py:836} INFO - DAG(s) dict_keys(['example_weekday_branch_operator']) retrieved from /usr/local/python/3.10.13/lib/python3.10/site-packages/airflow/example_dags/example_branch_day_of_week_operator.py
[2024-03-29T11:00:29.608+0000] {logging_mixin.py:150} INFO - [2024-03-29T11:00:29.607+0000] {manager.py:504} INFO - Created Permission View: can delete on DAG:example_weekday_branch_operator
[2024-03-29T11:00:29.666+0000] {logging_mixin.py:150} INFO - [2024-03-29T11:00:29.666+0000] {manager.py:504} INFO - Created Permission View: can edit on DAG:example_weekday_branch_operator
[2024-03-29T11:00:29.700+0000] {logging_mixin.py:150} INFO - [2024-03-29T11:00:29.699+0000] {manager.py:504} INFO - Created Permission View: can read on DAG:example_weekday_branch_operator
[2024-03-29T11:00:29.708+0000] {logging_mixin.py:150} INFO - [2024-03-29T11:00:29.708+0000] {dag.py:2742} INFO - Sync 1 DAGs
[2024-03-29T11:00:29.717+0000] {logging_mixin.py:150} INFO - [2024-03-29T11:00:29.717+0000] {dag.py:2763} INFO - Creating ORM DAG for example_weekday_branch_operator
[2024-03-29T11:00:29.727+0000] {logging_mixin.py:150} INFO - [2024-03-29T11:00:29.727+0000] {dag.py:3504} INFO - Setting next_dagrun for example_weekday_branch_operator to 2024-03-28T00:00:00+00:00, run_after=2024-03-29T00:00:00+00:00
[2024-03-29T11:00:29.782+0000] {processor.py:179} INFO - Processing /usr/local/python/3.10.13/lib/python3.10/site-packages/airflow/example_dags/example_branch_day_of_week_operator.py took 0.329 seconds
[2024-03-29T11:01:30.111+0000] {processor.py:157} INFO - Started process (PID=14864) to work on /usr/local/python/3.10.13/lib/python3.10/site-packages/airflow/example_dags/example_branch_day_of_week_operator.py
[2024-03-29T11:01:30.112+0000] {processor.py:826} INFO - Processing file /usr/local/python/3.10.13/lib/python3.10/site-packages/airflow/example_dags/example_branch_day_of_week_operator.py for tasks to queue
[2024-03-29T11:01:30.113+0000] {logging_mixin.py:150} INFO - [2024-03-29T11:01:30.112+0000] {dagbag.py:541} INFO - Filling up the DagBag from /usr/local/python/3.10.13/lib/python3.10/site-packages/airflow/example_dags/example_branch_day_of_week_operator.py
[2024-03-29T11:01:30.118+0000] {processor.py:836} INFO - DAG(s) dict_keys(['example_weekday_branch_operator']) retrieved from /usr/local/python/3.10.13/lib/python3.10/site-packages/airflow/example_dags/example_branch_day_of_week_operator.py
[2024-03-29T11:01:30.131+0000] {logging_mixin.py:150} INFO - [2024-03-29T11:01:30.131+0000] {dag.py:2742} INFO - Sync 1 DAGs
[2024-03-29T11:01:30.151+0000] {logging_mixin.py:150} INFO - [2024-03-29T11:01:30.151+0000] {dag.py:3504} INFO - Setting next_dagrun for example_weekday_branch_operator to 2024-03-28T00:00:00+00:00, run_after=2024-03-29T00:00:00+00:00
[2024-03-29T11:01:30.194+0000] {processor.py:179} INFO - Processing /usr/local/python/3.10.13/lib/python3.10/site-packages/airflow/example_dags/example_branch_day_of_week_operator.py took 0.085 seconds
[2024-03-29T11:02:18.611+0000] {processor.py:157} INFO - Started process (PID=15212) to work on /usr/local/python/3.10.13/lib/python3.10/site-packages/airflow/example_dags/example_branch_day_of_week_operator.py
[2024-03-29T11:02:18.612+0000] {processor.py:826} INFO - Processing file /usr/local/python/3.10.13/lib/python3.10/site-packages/airflow/example_dags/example_branch_day_of_week_operator.py for tasks to queue
[2024-03-29T11:02:18.612+0000] {logging_mixin.py:150} INFO - [2024-03-29T11:02:18.612+0000] {dagbag.py:541} INFO - Filling up the DagBag from /usr/local/python/3.10.13/lib/python3.10/site-packages/airflow/example_dags/example_branch_day_of_week_operator.py
[2024-03-29T11:02:18.618+0000] {processor.py:836} INFO - DAG(s) dict_keys(['example_weekday_branch_operator']) retrieved from /usr/local/python/3.10.13/lib/python3.10/site-packages/airflow/example_dags/example_branch_day_of_week_operator.py
[2024-03-29T11:02:18.631+0000] {logging_mixin.py:150} INFO - [2024-03-29T11:02:18.631+0000] {dag.py:2742} INFO - Sync 1 DAGs
[2024-03-29T11:02:18.649+0000] {logging_mixin.py:150} INFO - [2024-03-29T11:02:18.649+0000] {dag.py:3504} INFO - Setting next_dagrun for example_weekday_branch_operator to 2024-03-28T00:00:00+00:00, run_after=2024-03-29T00:00:00+00:00
[2024-03-29T11:02:18.688+0000] {processor.py:179} INFO - Processing /usr/local/python/3.10.13/lib/python3.10/site-packages/airflow/example_dags/example_branch_day_of_week_operator.py took 0.079 seconds
[2024-03-29T11:03:09.447+0000] {processor.py:157} INFO - Started process (PID=15572) to work on /usr/local/python/3.10.13/lib/python3.10/site-packages/airflow/example_dags/example_branch_day_of_week_operator.py
[2024-03-29T11:03:09.448+0000] {processor.py:826} INFO - Processing file /usr/local/python/3.10.13/lib/python3.10/site-packages/airflow/example_dags/example_branch_day_of_week_operator.py for tasks to queue
[2024-03-29T11:03:09.449+0000] {logging_mixin.py:150} INFO - [2024-03-29T11:03:09.448+0000] {dagbag.py:541} INFO - Filling up the DagBag from /usr/local/python/3.10.13/lib/python3.10/site-packages/airflow/example_dags/example_branch_day_of_week_operator.py
[2024-03-29T11:03:09.457+0000] {processor.py:836} INFO - DAG(s) dict_keys(['example_weekday_branch_operator']) retrieved from /usr/local/python/3.10.13/lib/python3.10/site-packages/airflow/example_dags/example_branch_day_of_week_operator.py
[2024-03-29T11:03:09.470+0000] {logging_mixin.py:150} INFO - [2024-03-29T11:03:09.470+0000] {dag.py:2742} INFO - Sync 1 DAGs
[2024-03-29T11:03:09.487+0000] {logging_mixin.py:150} INFO - [2024-03-29T11:03:09.487+0000] {dag.py:3504} INFO - Setting next_dagrun for example_weekday_branch_operator to 2024-03-28T00:00:00+00:00, run_after=2024-03-29T00:00:00+00:00
[2024-03-29T11:03:09.528+0000] {processor.py:179} INFO - Processing /usr/local/python/3.10.13/lib/python3.10/site-packages/airflow/example_dags/example_branch_day_of_week_operator.py took 0.084 seconds
[2024-03-29T11:03:54.594+0000] {processor.py:157} INFO - Started process (PID=15916) to work on /usr/local/python/3.10.13/lib/python3.10/site-packages/airflow/example_dags/example_branch_day_of_week_operator.py
[2024-03-29T11:03:54.595+0000] {processor.py:826} INFO - Processing file /usr/local/python/3.10.13/lib/python3.10/site-packages/airflow/example_dags/example_branch_day_of_week_operator.py for tasks to queue
[2024-03-29T11:03:54.595+0000] {logging_mixin.py:150} INFO - [2024-03-29T11:03:54.595+0000] {dagbag.py:541} INFO - Filling up the DagBag from /usr/local/python/3.10.13/lib/python3.10/site-packages/airflow/example_dags/example_branch_day_of_week_operator.py
[2024-03-29T11:03:54.601+0000] {processor.py:836} INFO - DAG(s) dict_keys(['example_weekday_branch_operator']) retrieved from /usr/local/python/3.10.13/lib/python3.10/site-packages/airflow/example_dags/example_branch_day_of_week_operator.py
[2024-03-29T11:03:54.614+0000] {logging_mixin.py:150} INFO - [2024-03-29T11:03:54.614+0000] {dag.py:2742} INFO - Sync 1 DAGs
[2024-03-29T11:03:54.631+0000] {logging_mixin.py:150} INFO - [2024-03-29T11:03:54.631+0000] {dag.py:3504} INFO - Setting next_dagrun for example_weekday_branch_operator to 2024-03-28T00:00:00+00:00, run_after=2024-03-29T00:00:00+00:00
[2024-03-29T11:03:54.669+0000] {processor.py:179} INFO - Processing /usr/local/python/3.10.13/lib/python3.10/site-packages/airflow/example_dags/example_branch_day_of_week_operator.py took 0.079 seconds
[2024-03-29T11:04:41.244+0000] {processor.py:157} INFO - Started process (PID=16228) to work on /usr/local/python/3.10.13/lib/python3.10/site-packages/airflow/example_dags/example_branch_day_of_week_operator.py
[2024-03-29T11:04:41.245+0000] {processor.py:826} INFO - Processing file /usr/local/python/3.10.13/lib/python3.10/site-packages/airflow/example_dags/example_branch_day_of_week_operator.py for tasks to queue
[2024-03-29T11:04:41.246+0000] {logging_mixin.py:150} INFO - [2024-03-29T11:04:41.245+0000] {dagbag.py:541} INFO - Filling up the DagBag from /usr/local/python/3.10.13/lib/python3.10/site-packages/airflow/example_dags/example_branch_day_of_week_operator.py
[2024-03-29T11:04:41.252+0000] {processor.py:836} INFO - DAG(s) dict_keys(['example_weekday_branch_operator']) retrieved from /usr/local/python/3.10.13/lib/python3.10/site-packages/airflow/example_dags/example_branch_day_of_week_operator.py
[2024-03-29T11:04:41.265+0000] {logging_mixin.py:150} INFO - [2024-03-29T11:04:41.265+0000] {dag.py:2742} INFO - Sync 1 DAGs
[2024-03-29T11:04:41.290+0000] {logging_mixin.py:150} INFO - [2024-03-29T11:04:41.290+0000] {dag.py:3504} INFO - Setting next_dagrun for example_weekday_branch_operator to 2024-03-28T00:00:00+00:00, run_after=2024-03-29T00:00:00+00:00
[2024-03-29T11:04:41.333+0000] {processor.py:179} INFO - Processing /usr/local/python/3.10.13/lib/python3.10/site-packages/airflow/example_dags/example_branch_day_of_week_operator.py took 0.091 seconds
[2024-03-29T11:05:28.600+0000] {processor.py:157} INFO - Started process (PID=16558) to work on /usr/local/python/3.10.13/lib/python3.10/site-packages/airflow/example_dags/example_branch_day_of_week_operator.py
[2024-03-29T11:05:28.600+0000] {processor.py:826} INFO - Processing file /usr/local/python/3.10.13/lib/python3.10/site-packages/airflow/example_dags/example_branch_day_of_week_operator.py for tasks to queue
[2024-03-29T11:05:28.601+0000] {logging_mixin.py:150} INFO - [2024-03-29T11:05:28.601+0000] {dagbag.py:541} INFO - Filling up the DagBag from /usr/local/python/3.10.13/lib/python3.10/site-packages/airflow/example_dags/example_branch_day_of_week_operator.py
[2024-03-29T11:05:28.607+0000] {processor.py:836} INFO - DAG(s) dict_keys(['example_weekday_branch_operator']) retrieved from /usr/local/python/3.10.13/lib/python3.10/site-packages/airflow/example_dags/example_branch_day_of_week_operator.py
[2024-03-29T11:05:28.620+0000] {logging_mixin.py:150} INFO - [2024-03-29T11:05:28.620+0000] {dag.py:2742} INFO - Sync 1 DAGs
[2024-03-29T11:05:28.637+0000] {logging_mixin.py:150} INFO - [2024-03-29T11:05:28.637+0000] {dag.py:3504} INFO - Setting next_dagrun for example_weekday_branch_operator to 2024-03-28T00:00:00+00:00, run_after=2024-03-29T00:00:00+00:00
[2024-03-29T11:05:28.687+0000] {processor.py:179} INFO - Processing /usr/local/python/3.10.13/lib/python3.10/site-packages/airflow/example_dags/example_branch_day_of_week_operator.py took 0.090 seconds
[2024-03-29T11:06:28.447+0000] {processor.py:157} INFO - Started process (PID=16997) to work on /usr/local/python/3.10.13/lib/python3.10/site-packages/airflow/example_dags/example_branch_day_of_week_operator.py
[2024-03-29T11:06:28.447+0000] {processor.py:826} INFO - Processing file /usr/local/python/3.10.13/lib/python3.10/site-packages/airflow/example_dags/example_branch_day_of_week_operator.py for tasks to queue
[2024-03-29T11:06:28.448+0000] {logging_mixin.py:150} INFO - [2024-03-29T11:06:28.448+0000] {dagbag.py:541} INFO - Filling up the DagBag from /usr/local/python/3.10.13/lib/python3.10/site-packages/airflow/example_dags/example_branch_day_of_week_operator.py
[2024-03-29T11:06:28.455+0000] {processor.py:836} INFO - DAG(s) dict_keys(['example_weekday_branch_operator']) retrieved from /usr/local/python/3.10.13/lib/python3.10/site-packages/airflow/example_dags/example_branch_day_of_week_operator.py
[2024-03-29T11:06:28.470+0000] {logging_mixin.py:150} INFO - [2024-03-29T11:06:28.470+0000] {dag.py:2742} INFO - Sync 1 DAGs
[2024-03-29T11:06:28.487+0000] {logging_mixin.py:150} INFO - [2024-03-29T11:06:28.487+0000] {dag.py:3504} INFO - Setting next_dagrun for example_weekday_branch_operator to 2024-03-28T00:00:00+00:00, run_after=2024-03-29T00:00:00+00:00
[2024-03-29T11:06:28.529+0000] {processor.py:179} INFO - Processing /usr/local/python/3.10.13/lib/python3.10/site-packages/airflow/example_dags/example_branch_day_of_week_operator.py took 0.085 seconds
[2024-03-29T11:07:17.193+0000] {processor.py:157} INFO - Started process (PID=17323) to work on /usr/local/python/3.10.13/lib/python3.10/site-packages/airflow/example_dags/example_branch_day_of_week_operator.py
[2024-03-29T11:07:17.194+0000] {processor.py:826} INFO - Processing file /usr/local/python/3.10.13/lib/python3.10/site-packages/airflow/example_dags/example_branch_day_of_week_operator.py for tasks to queue
[2024-03-29T11:07:17.195+0000] {logging_mixin.py:150} INFO - [2024-03-29T11:07:17.194+0000] {dagbag.py:541} INFO - Filling up the DagBag from /usr/local/python/3.10.13/lib/python3.10/site-packages/airflow/example_dags/example_branch_day_of_week_operator.py
[2024-03-29T11:07:17.201+0000] {processor.py:836} INFO - DAG(s) dict_keys(['example_weekday_branch_operator']) retrieved from /usr/local/python/3.10.13/lib/python3.10/site-packages/airflow/example_dags/example_branch_day_of_week_operator.py
[2024-03-29T11:07:17.213+0000] {logging_mixin.py:150} INFO - [2024-03-29T11:07:17.213+0000] {dag.py:2742} INFO - Sync 1 DAGs
[2024-03-29T11:07:17.230+0000] {logging_mixin.py:150} INFO - [2024-03-29T11:07:17.230+0000] {dag.py:3504} INFO - Setting next_dagrun for example_weekday_branch_operator to 2024-03-28T00:00:00+00:00, run_after=2024-03-29T00:00:00+00:00
[2024-03-29T11:07:17.270+0000] {processor.py:179} INFO - Processing /usr/local/python/3.10.13/lib/python3.10/site-packages/airflow/example_dags/example_branch_day_of_week_operator.py took 0.079 seconds
[2024-03-29T11:08:09.271+0000] {processor.py:157} INFO - Started process (PID=17714) to work on /usr/local/python/3.10.13/lib/python3.10/site-packages/airflow/example_dags/example_branch_day_of_week_operator.py
[2024-03-29T11:08:09.272+0000] {processor.py:826} INFO - Processing file /usr/local/python/3.10.13/lib/python3.10/site-packages/airflow/example_dags/example_branch_day_of_week_operator.py for tasks to queue
[2024-03-29T11:08:09.272+0000] {logging_mixin.py:150} INFO - [2024-03-29T11:08:09.272+0000] {dagbag.py:541} INFO - Filling up the DagBag from /usr/local/python/3.10.13/lib/python3.10/site-packages/airflow/example_dags/example_branch_day_of_week_operator.py
[2024-03-29T11:08:09.278+0000] {processor.py:836} INFO - DAG(s) dict_keys(['example_weekday_branch_operator']) retrieved from /usr/local/python/3.10.13/lib/python3.10/site-packages/airflow/example_dags/example_branch_day_of_week_operator.py
[2024-03-29T11:08:09.291+0000] {logging_mixin.py:150} INFO - [2024-03-29T11:08:09.291+0000] {dag.py:2742} INFO - Sync 1 DAGs
[2024-03-29T11:08:09.308+0000] {logging_mixin.py:150} INFO - [2024-03-29T11:08:09.308+0000] {dag.py:3504} INFO - Setting next_dagrun for example_weekday_branch_operator to 2024-03-28T00:00:00+00:00, run_after=2024-03-29T00:00:00+00:00
[2024-03-29T11:08:09.350+0000] {processor.py:179} INFO - Processing /usr/local/python/3.10.13/lib/python3.10/site-packages/airflow/example_dags/example_branch_day_of_week_operator.py took 0.081 seconds
[2024-03-29T11:08:59.684+0000] {processor.py:157} INFO - Started process (PID=18350) to work on /usr/local/python/3.10.13/lib/python3.10/site-packages/airflow/example_dags/example_branch_day_of_week_operator.py
[2024-03-29T11:08:59.685+0000] {processor.py:826} INFO - Processing file /usr/local/python/3.10.13/lib/python3.10/site-packages/airflow/example_dags/example_branch_day_of_week_operator.py for tasks to queue
[2024-03-29T11:08:59.686+0000] {logging_mixin.py:150} INFO - [2024-03-29T11:08:59.685+0000] {dagbag.py:541} INFO - Filling up the DagBag from /usr/local/python/3.10.13/lib/python3.10/site-packages/airflow/example_dags/example_branch_day_of_week_operator.py
[2024-03-29T11:08:59.691+0000] {processor.py:836} INFO - DAG(s) dict_keys(['example_weekday_branch_operator']) retrieved from /usr/local/python/3.10.13/lib/python3.10/site-packages/airflow/example_dags/example_branch_day_of_week_operator.py
[2024-03-29T11:08:59.704+0000] {logging_mixin.py:150} INFO - [2024-03-29T11:08:59.704+0000] {dag.py:2742} INFO - Sync 1 DAGs
[2024-03-29T11:08:59.721+0000] {logging_mixin.py:150} INFO - [2024-03-29T11:08:59.721+0000] {dag.py:3504} INFO - Setting next_dagrun for example_weekday_branch_operator to 2024-03-28T00:00:00+00:00, run_after=2024-03-29T00:00:00+00:00
[2024-03-29T11:08:59.759+0000] {processor.py:179} INFO - Processing /usr/local/python/3.10.13/lib/python3.10/site-packages/airflow/example_dags/example_branch_day_of_week_operator.py took 0.077 seconds
