[2024-03-29T11:00:26.132+0000] {processor.py:157} INFO - Started process (PID=14418) to work on /usr/local/python/3.10.13/lib/python3.10/site-packages/airflow/example_dags/example_dynamic_task_mapping_with_no_taskflow_operators.py
[2024-03-29T11:00:26.132+0000] {processor.py:826} INFO - Processing file /usr/local/python/3.10.13/lib/python3.10/site-packages/airflow/example_dags/example_dynamic_task_mapping_with_no_taskflow_operators.py for tasks to queue
[2024-03-29T11:00:26.133+0000] {logging_mixin.py:150} INFO - [2024-03-29T11:00:26.133+0000] {dagbag.py:541} INFO - Filling up the DagBag from /usr/local/python/3.10.13/lib/python3.10/site-packages/airflow/example_dags/example_dynamic_task_mapping_with_no_taskflow_operators.py
[2024-03-29T11:00:26.142+0000] {processor.py:836} INFO - DAG(s) dict_keys(['example_dynamic_task_mapping_with_no_taskflow_operators']) retrieved from /usr/local/python/3.10.13/lib/python3.10/site-packages/airflow/example_dags/example_dynamic_task_mapping_with_no_taskflow_operators.py
[2024-03-29T11:00:26.282+0000] {logging_mixin.py:150} INFO - [2024-03-29T11:00:26.282+0000] {manager.py:504} INFO - Created Permission View: can delete on DAG:example_dynamic_task_mapping_with_no_taskflow_operators
[2024-03-29T11:00:26.318+0000] {logging_mixin.py:150} INFO - [2024-03-29T11:00:26.318+0000] {manager.py:504} INFO - Created Permission View: can edit on DAG:example_dynamic_task_mapping_with_no_taskflow_operators
[2024-03-29T11:00:26.363+0000] {logging_mixin.py:150} INFO - [2024-03-29T11:00:26.363+0000] {manager.py:504} INFO - Created Permission View: can read on DAG:example_dynamic_task_mapping_with_no_taskflow_operators
[2024-03-29T11:00:26.373+0000] {logging_mixin.py:150} INFO - [2024-03-29T11:00:26.373+0000] {dag.py:2742} INFO - Sync 1 DAGs
[2024-03-29T11:00:26.381+0000] {logging_mixin.py:150} INFO - [2024-03-29T11:00:26.381+0000] {dag.py:2763} INFO - Creating ORM DAG for example_dynamic_task_mapping_with_no_taskflow_operators
[2024-03-29T11:00:26.388+0000] {logging_mixin.py:150} INFO - [2024-03-29T11:00:26.388+0000] {dag.py:3504} INFO - Setting next_dagrun for example_dynamic_task_mapping_with_no_taskflow_operators to 2024-03-28T11:00:26.388166+00:00, run_after=2024-03-29T11:00:26.388166+00:00
[2024-03-29T11:00:26.435+0000] {processor.py:179} INFO - Processing /usr/local/python/3.10.13/lib/python3.10/site-packages/airflow/example_dags/example_dynamic_task_mapping_with_no_taskflow_operators.py took 0.306 seconds
[2024-03-29T11:01:13.576+0000] {processor.py:157} INFO - Started process (PID=14763) to work on /usr/local/python/3.10.13/lib/python3.10/site-packages/airflow/example_dags/example_dynamic_task_mapping_with_no_taskflow_operators.py
[2024-03-29T11:01:13.577+0000] {processor.py:826} INFO - Processing file /usr/local/python/3.10.13/lib/python3.10/site-packages/airflow/example_dags/example_dynamic_task_mapping_with_no_taskflow_operators.py for tasks to queue
[2024-03-29T11:01:13.577+0000] {logging_mixin.py:150} INFO - [2024-03-29T11:01:13.577+0000] {dagbag.py:541} INFO - Filling up the DagBag from /usr/local/python/3.10.13/lib/python3.10/site-packages/airflow/example_dags/example_dynamic_task_mapping_with_no_taskflow_operators.py
[2024-03-29T11:01:13.582+0000] {processor.py:836} INFO - DAG(s) dict_keys(['example_dynamic_task_mapping_with_no_taskflow_operators']) retrieved from /usr/local/python/3.10.13/lib/python3.10/site-packages/airflow/example_dags/example_dynamic_task_mapping_with_no_taskflow_operators.py
[2024-03-29T11:01:13.594+0000] {logging_mixin.py:150} INFO - [2024-03-29T11:01:13.594+0000] {dag.py:2742} INFO - Sync 1 DAGs
[2024-03-29T11:01:13.609+0000] {logging_mixin.py:150} INFO - [2024-03-29T11:01:13.609+0000] {dag.py:3504} INFO - Setting next_dagrun for example_dynamic_task_mapping_with_no_taskflow_operators to 2024-03-28T11:01:13.609227+00:00, run_after=2024-03-29T11:01:13.609227+00:00
[2024-03-29T11:01:13.652+0000] {processor.py:179} INFO - Processing /usr/local/python/3.10.13/lib/python3.10/site-packages/airflow/example_dags/example_dynamic_task_mapping_with_no_taskflow_operators.py took 0.078 seconds
[2024-03-29T11:02:03.018+0000] {processor.py:157} INFO - Started process (PID=15107) to work on /usr/local/python/3.10.13/lib/python3.10/site-packages/airflow/example_dags/example_dynamic_task_mapping_with_no_taskflow_operators.py
[2024-03-29T11:02:03.019+0000] {processor.py:826} INFO - Processing file /usr/local/python/3.10.13/lib/python3.10/site-packages/airflow/example_dags/example_dynamic_task_mapping_with_no_taskflow_operators.py for tasks to queue
[2024-03-29T11:02:03.020+0000] {logging_mixin.py:150} INFO - [2024-03-29T11:02:03.019+0000] {dagbag.py:541} INFO - Filling up the DagBag from /usr/local/python/3.10.13/lib/python3.10/site-packages/airflow/example_dags/example_dynamic_task_mapping_with_no_taskflow_operators.py
[2024-03-29T11:02:03.025+0000] {processor.py:836} INFO - DAG(s) dict_keys(['example_dynamic_task_mapping_with_no_taskflow_operators']) retrieved from /usr/local/python/3.10.13/lib/python3.10/site-packages/airflow/example_dags/example_dynamic_task_mapping_with_no_taskflow_operators.py
[2024-03-29T11:02:03.037+0000] {logging_mixin.py:150} INFO - [2024-03-29T11:02:03.037+0000] {dag.py:2742} INFO - Sync 1 DAGs
[2024-03-29T11:02:03.052+0000] {logging_mixin.py:150} INFO - [2024-03-29T11:02:03.052+0000] {dag.py:3504} INFO - Setting next_dagrun for example_dynamic_task_mapping_with_no_taskflow_operators to 2024-03-28T11:02:03.051957+00:00, run_after=2024-03-29T11:02:03.051957+00:00
[2024-03-29T11:02:03.090+0000] {processor.py:179} INFO - Processing /usr/local/python/3.10.13/lib/python3.10/site-packages/airflow/example_dags/example_dynamic_task_mapping_with_no_taskflow_operators.py took 0.074 seconds
[2024-03-29T11:02:53.949+0000] {processor.py:157} INFO - Started process (PID=15471) to work on /usr/local/python/3.10.13/lib/python3.10/site-packages/airflow/example_dags/example_dynamic_task_mapping_with_no_taskflow_operators.py
[2024-03-29T11:02:53.950+0000] {processor.py:826} INFO - Processing file /usr/local/python/3.10.13/lib/python3.10/site-packages/airflow/example_dags/example_dynamic_task_mapping_with_no_taskflow_operators.py for tasks to queue
[2024-03-29T11:02:53.951+0000] {logging_mixin.py:150} INFO - [2024-03-29T11:02:53.950+0000] {dagbag.py:541} INFO - Filling up the DagBag from /usr/local/python/3.10.13/lib/python3.10/site-packages/airflow/example_dags/example_dynamic_task_mapping_with_no_taskflow_operators.py
[2024-03-29T11:02:53.956+0000] {processor.py:836} INFO - DAG(s) dict_keys(['example_dynamic_task_mapping_with_no_taskflow_operators']) retrieved from /usr/local/python/3.10.13/lib/python3.10/site-packages/airflow/example_dags/example_dynamic_task_mapping_with_no_taskflow_operators.py
[2024-03-29T11:02:53.971+0000] {logging_mixin.py:150} INFO - [2024-03-29T11:02:53.970+0000] {dag.py:2742} INFO - Sync 1 DAGs
[2024-03-29T11:02:53.991+0000] {logging_mixin.py:150} INFO - [2024-03-29T11:02:53.991+0000] {dag.py:3504} INFO - Setting next_dagrun for example_dynamic_task_mapping_with_no_taskflow_operators to 2024-03-28T11:02:53.991529+00:00, run_after=2024-03-29T11:02:53.991529+00:00
[2024-03-29T11:02:54.036+0000] {processor.py:179} INFO - Processing /usr/local/python/3.10.13/lib/python3.10/site-packages/airflow/example_dags/example_dynamic_task_mapping_with_no_taskflow_operators.py took 0.089 seconds
[2024-03-29T11:03:39.245+0000] {processor.py:157} INFO - Started process (PID=15796) to work on /usr/local/python/3.10.13/lib/python3.10/site-packages/airflow/example_dags/example_dynamic_task_mapping_with_no_taskflow_operators.py
[2024-03-29T11:03:39.245+0000] {processor.py:826} INFO - Processing file /usr/local/python/3.10.13/lib/python3.10/site-packages/airflow/example_dags/example_dynamic_task_mapping_with_no_taskflow_operators.py for tasks to queue
[2024-03-29T11:03:39.246+0000] {logging_mixin.py:150} INFO - [2024-03-29T11:03:39.246+0000] {dagbag.py:541} INFO - Filling up the DagBag from /usr/local/python/3.10.13/lib/python3.10/site-packages/airflow/example_dags/example_dynamic_task_mapping_with_no_taskflow_operators.py
[2024-03-29T11:03:39.251+0000] {processor.py:836} INFO - DAG(s) dict_keys(['example_dynamic_task_mapping_with_no_taskflow_operators']) retrieved from /usr/local/python/3.10.13/lib/python3.10/site-packages/airflow/example_dags/example_dynamic_task_mapping_with_no_taskflow_operators.py
[2024-03-29T11:03:39.262+0000] {logging_mixin.py:150} INFO - [2024-03-29T11:03:39.262+0000] {dag.py:2742} INFO - Sync 1 DAGs
[2024-03-29T11:03:39.277+0000] {logging_mixin.py:150} INFO - [2024-03-29T11:03:39.277+0000] {dag.py:3504} INFO - Setting next_dagrun for example_dynamic_task_mapping_with_no_taskflow_operators to 2024-03-28T11:03:39.277275+00:00, run_after=2024-03-29T11:03:39.277275+00:00
[2024-03-29T11:03:39.316+0000] {processor.py:179} INFO - Processing /usr/local/python/3.10.13/lib/python3.10/site-packages/airflow/example_dags/example_dynamic_task_mapping_with_no_taskflow_operators.py took 0.074 seconds
[2024-03-29T11:04:25.965+0000] {processor.py:157} INFO - Started process (PID=16134) to work on /usr/local/python/3.10.13/lib/python3.10/site-packages/airflow/example_dags/example_dynamic_task_mapping_with_no_taskflow_operators.py
[2024-03-29T11:04:25.966+0000] {processor.py:826} INFO - Processing file /usr/local/python/3.10.13/lib/python3.10/site-packages/airflow/example_dags/example_dynamic_task_mapping_with_no_taskflow_operators.py for tasks to queue
[2024-03-29T11:04:25.966+0000] {logging_mixin.py:150} INFO - [2024-03-29T11:04:25.966+0000] {dagbag.py:541} INFO - Filling up the DagBag from /usr/local/python/3.10.13/lib/python3.10/site-packages/airflow/example_dags/example_dynamic_task_mapping_with_no_taskflow_operators.py
[2024-03-29T11:04:25.972+0000] {processor.py:836} INFO - DAG(s) dict_keys(['example_dynamic_task_mapping_with_no_taskflow_operators']) retrieved from /usr/local/python/3.10.13/lib/python3.10/site-packages/airflow/example_dags/example_dynamic_task_mapping_with_no_taskflow_operators.py
[2024-03-29T11:04:25.983+0000] {logging_mixin.py:150} INFO - [2024-03-29T11:04:25.983+0000] {dag.py:2742} INFO - Sync 1 DAGs
[2024-03-29T11:04:25.999+0000] {logging_mixin.py:150} INFO - [2024-03-29T11:04:25.999+0000] {dag.py:3504} INFO - Setting next_dagrun for example_dynamic_task_mapping_with_no_taskflow_operators to 2024-03-28T11:04:25.999255+00:00, run_after=2024-03-29T11:04:25.999255+00:00
[2024-03-29T11:04:26.041+0000] {processor.py:179} INFO - Processing /usr/local/python/3.10.13/lib/python3.10/site-packages/airflow/example_dags/example_dynamic_task_mapping_with_no_taskflow_operators.py took 0.078 seconds
[2024-03-29T11:05:12.530+0000] {processor.py:157} INFO - Started process (PID=16438) to work on /usr/local/python/3.10.13/lib/python3.10/site-packages/airflow/example_dags/example_dynamic_task_mapping_with_no_taskflow_operators.py
[2024-03-29T11:05:12.531+0000] {processor.py:826} INFO - Processing file /usr/local/python/3.10.13/lib/python3.10/site-packages/airflow/example_dags/example_dynamic_task_mapping_with_no_taskflow_operators.py for tasks to queue
[2024-03-29T11:05:12.532+0000] {logging_mixin.py:150} INFO - [2024-03-29T11:05:12.531+0000] {dagbag.py:541} INFO - Filling up the DagBag from /usr/local/python/3.10.13/lib/python3.10/site-packages/airflow/example_dags/example_dynamic_task_mapping_with_no_taskflow_operators.py
[2024-03-29T11:05:12.537+0000] {processor.py:836} INFO - DAG(s) dict_keys(['example_dynamic_task_mapping_with_no_taskflow_operators']) retrieved from /usr/local/python/3.10.13/lib/python3.10/site-packages/airflow/example_dags/example_dynamic_task_mapping_with_no_taskflow_operators.py
[2024-03-29T11:05:12.548+0000] {logging_mixin.py:150} INFO - [2024-03-29T11:05:12.548+0000] {dag.py:2742} INFO - Sync 1 DAGs
[2024-03-29T11:05:12.564+0000] {logging_mixin.py:150} INFO - [2024-03-29T11:05:12.563+0000] {dag.py:3504} INFO - Setting next_dagrun for example_dynamic_task_mapping_with_no_taskflow_operators to 2024-03-28T11:05:12.563681+00:00, run_after=2024-03-29T11:05:12.563681+00:00
[2024-03-29T11:05:12.607+0000] {processor.py:179} INFO - Processing /usr/local/python/3.10.13/lib/python3.10/site-packages/airflow/example_dags/example_dynamic_task_mapping_with_no_taskflow_operators.py took 0.079 seconds
[2024-03-29T11:05:57.096+0000] {processor.py:157} INFO - Started process (PID=16762) to work on /usr/local/python/3.10.13/lib/python3.10/site-packages/airflow/example_dags/example_dynamic_task_mapping_with_no_taskflow_operators.py
[2024-03-29T11:05:57.097+0000] {processor.py:826} INFO - Processing file /usr/local/python/3.10.13/lib/python3.10/site-packages/airflow/example_dags/example_dynamic_task_mapping_with_no_taskflow_operators.py for tasks to queue
[2024-03-29T11:05:57.097+0000] {logging_mixin.py:150} INFO - [2024-03-29T11:05:57.097+0000] {dagbag.py:541} INFO - Filling up the DagBag from /usr/local/python/3.10.13/lib/python3.10/site-packages/airflow/example_dags/example_dynamic_task_mapping_with_no_taskflow_operators.py
[2024-03-29T11:05:57.103+0000] {processor.py:836} INFO - DAG(s) dict_keys(['example_dynamic_task_mapping_with_no_taskflow_operators']) retrieved from /usr/local/python/3.10.13/lib/python3.10/site-packages/airflow/example_dags/example_dynamic_task_mapping_with_no_taskflow_operators.py
[2024-03-29T11:05:57.113+0000] {logging_mixin.py:150} INFO - [2024-03-29T11:05:57.113+0000] {dag.py:2742} INFO - Sync 1 DAGs
[2024-03-29T11:05:57.128+0000] {logging_mixin.py:150} INFO - [2024-03-29T11:05:57.128+0000] {dag.py:3504} INFO - Setting next_dagrun for example_dynamic_task_mapping_with_no_taskflow_operators to 2024-03-28T11:05:57.128565+00:00, run_after=2024-03-29T11:05:57.128565+00:00
[2024-03-29T11:05:57.166+0000] {processor.py:179} INFO - Processing /usr/local/python/3.10.13/lib/python3.10/site-packages/airflow/example_dags/example_dynamic_task_mapping_with_no_taskflow_operators.py took 0.072 seconds
[2024-03-29T11:06:45.982+0000] {processor.py:157} INFO - Started process (PID=17106) to work on /usr/local/python/3.10.13/lib/python3.10/site-packages/airflow/example_dags/example_dynamic_task_mapping_with_no_taskflow_operators.py
[2024-03-29T11:06:45.983+0000] {processor.py:826} INFO - Processing file /usr/local/python/3.10.13/lib/python3.10/site-packages/airflow/example_dags/example_dynamic_task_mapping_with_no_taskflow_operators.py for tasks to queue
[2024-03-29T11:06:45.983+0000] {logging_mixin.py:150} INFO - [2024-03-29T11:06:45.983+0000] {dagbag.py:541} INFO - Filling up the DagBag from /usr/local/python/3.10.13/lib/python3.10/site-packages/airflow/example_dags/example_dynamic_task_mapping_with_no_taskflow_operators.py
[2024-03-29T11:06:45.989+0000] {processor.py:836} INFO - DAG(s) dict_keys(['example_dynamic_task_mapping_with_no_taskflow_operators']) retrieved from /usr/local/python/3.10.13/lib/python3.10/site-packages/airflow/example_dags/example_dynamic_task_mapping_with_no_taskflow_operators.py
[2024-03-29T11:06:45.999+0000] {logging_mixin.py:150} INFO - [2024-03-29T11:06:45.999+0000] {dag.py:2742} INFO - Sync 1 DAGs
[2024-03-29T11:06:46.014+0000] {logging_mixin.py:150} INFO - [2024-03-29T11:06:46.014+0000] {dag.py:3504} INFO - Setting next_dagrun for example_dynamic_task_mapping_with_no_taskflow_operators to 2024-03-28T11:06:46.014324+00:00, run_after=2024-03-29T11:06:46.014324+00:00
[2024-03-29T11:06:46.053+0000] {processor.py:179} INFO - Processing /usr/local/python/3.10.13/lib/python3.10/site-packages/airflow/example_dags/example_dynamic_task_mapping_with_no_taskflow_operators.py took 0.073 seconds
[2024-03-29T11:07:35.780+0000] {processor.py:157} INFO - Started process (PID=17467) to work on /usr/local/python/3.10.13/lib/python3.10/site-packages/airflow/example_dags/example_dynamic_task_mapping_with_no_taskflow_operators.py
[2024-03-29T11:07:35.781+0000] {processor.py:826} INFO - Processing file /usr/local/python/3.10.13/lib/python3.10/site-packages/airflow/example_dags/example_dynamic_task_mapping_with_no_taskflow_operators.py for tasks to queue
[2024-03-29T11:07:35.782+0000] {logging_mixin.py:150} INFO - [2024-03-29T11:07:35.781+0000] {dagbag.py:541} INFO - Filling up the DagBag from /usr/local/python/3.10.13/lib/python3.10/site-packages/airflow/example_dags/example_dynamic_task_mapping_with_no_taskflow_operators.py
[2024-03-29T11:07:35.787+0000] {processor.py:836} INFO - DAG(s) dict_keys(['example_dynamic_task_mapping_with_no_taskflow_operators']) retrieved from /usr/local/python/3.10.13/lib/python3.10/site-packages/airflow/example_dags/example_dynamic_task_mapping_with_no_taskflow_operators.py
[2024-03-29T11:07:35.798+0000] {logging_mixin.py:150} INFO - [2024-03-29T11:07:35.798+0000] {dag.py:2742} INFO - Sync 1 DAGs
[2024-03-29T11:07:35.813+0000] {logging_mixin.py:150} INFO - [2024-03-29T11:07:35.813+0000] {dag.py:3504} INFO - Setting next_dagrun for example_dynamic_task_mapping_with_no_taskflow_operators to 2024-03-28T11:07:35.813055+00:00, run_after=2024-03-29T11:07:35.813055+00:00
[2024-03-29T11:07:35.852+0000] {processor.py:179} INFO - Processing /usr/local/python/3.10.13/lib/python3.10/site-packages/airflow/example_dags/example_dynamic_task_mapping_with_no_taskflow_operators.py took 0.074 seconds
[2024-03-29T11:08:27.496+0000] {processor.py:157} INFO - Started process (PID=17901) to work on /usr/local/python/3.10.13/lib/python3.10/site-packages/airflow/example_dags/example_dynamic_task_mapping_with_no_taskflow_operators.py
[2024-03-29T11:08:27.497+0000] {processor.py:826} INFO - Processing file /usr/local/python/3.10.13/lib/python3.10/site-packages/airflow/example_dags/example_dynamic_task_mapping_with_no_taskflow_operators.py for tasks to queue
[2024-03-29T11:08:27.497+0000] {logging_mixin.py:150} INFO - [2024-03-29T11:08:27.497+0000] {dagbag.py:541} INFO - Filling up the DagBag from /usr/local/python/3.10.13/lib/python3.10/site-packages/airflow/example_dags/example_dynamic_task_mapping_with_no_taskflow_operators.py
[2024-03-29T11:08:27.505+0000] {processor.py:836} INFO - DAG(s) dict_keys(['example_dynamic_task_mapping_with_no_taskflow_operators']) retrieved from /usr/local/python/3.10.13/lib/python3.10/site-packages/airflow/example_dags/example_dynamic_task_mapping_with_no_taskflow_operators.py
[2024-03-29T11:08:27.520+0000] {logging_mixin.py:150} INFO - [2024-03-29T11:08:27.519+0000] {dag.py:2742} INFO - Sync 1 DAGs
[2024-03-29T11:08:27.542+0000] {logging_mixin.py:150} INFO - [2024-03-29T11:08:27.542+0000] {dag.py:3504} INFO - Setting next_dagrun for example_dynamic_task_mapping_with_no_taskflow_operators to 2024-03-28T11:08:27.542017+00:00, run_after=2024-03-29T11:08:27.542017+00:00
[2024-03-29T11:08:27.594+0000] {processor.py:179} INFO - Processing /usr/local/python/3.10.13/lib/python3.10/site-packages/airflow/example_dags/example_dynamic_task_mapping_with_no_taskflow_operators.py took 0.101 seconds
[2024-03-29T11:09:18.214+0000] {processor.py:157} INFO - Started process (PID=18494) to work on /usr/local/python/3.10.13/lib/python3.10/site-packages/airflow/example_dags/example_dynamic_task_mapping_with_no_taskflow_operators.py
[2024-03-29T11:09:18.215+0000] {processor.py:826} INFO - Processing file /usr/local/python/3.10.13/lib/python3.10/site-packages/airflow/example_dags/example_dynamic_task_mapping_with_no_taskflow_operators.py for tasks to queue
[2024-03-29T11:09:18.216+0000] {logging_mixin.py:150} INFO - [2024-03-29T11:09:18.215+0000] {dagbag.py:541} INFO - Filling up the DagBag from /usr/local/python/3.10.13/lib/python3.10/site-packages/airflow/example_dags/example_dynamic_task_mapping_with_no_taskflow_operators.py
[2024-03-29T11:09:18.221+0000] {processor.py:836} INFO - DAG(s) dict_keys(['example_dynamic_task_mapping_with_no_taskflow_operators']) retrieved from /usr/local/python/3.10.13/lib/python3.10/site-packages/airflow/example_dags/example_dynamic_task_mapping_with_no_taskflow_operators.py
[2024-03-29T11:09:18.232+0000] {logging_mixin.py:150} INFO - [2024-03-29T11:09:18.232+0000] {dag.py:2742} INFO - Sync 1 DAGs
[2024-03-29T11:09:18.248+0000] {logging_mixin.py:150} INFO - [2024-03-29T11:09:18.248+0000] {dag.py:3504} INFO - Setting next_dagrun for example_dynamic_task_mapping_with_no_taskflow_operators to 2024-03-28T11:09:18.247882+00:00, run_after=2024-03-29T11:09:18.247882+00:00
[2024-03-29T11:09:18.288+0000] {processor.py:179} INFO - Processing /usr/local/python/3.10.13/lib/python3.10/site-packages/airflow/example_dags/example_dynamic_task_mapping_with_no_taskflow_operators.py took 0.076 seconds
