[2024-03-29T11:00:07.142+0000] {processor.py:157} INFO - Started process (PID=14279) to work on /usr/local/python/3.10.13/lib/python3.10/site-packages/airflow/example_dags/example_nested_branch_dag.py
[2024-03-29T11:00:07.143+0000] {processor.py:826} INFO - Processing file /usr/local/python/3.10.13/lib/python3.10/site-packages/airflow/example_dags/example_nested_branch_dag.py for tasks to queue
[2024-03-29T11:00:07.143+0000] {logging_mixin.py:150} INFO - [2024-03-29T11:00:07.143+0000] {dagbag.py:541} INFO - Filling up the DagBag from /usr/local/python/3.10.13/lib/python3.10/site-packages/airflow/example_dags/example_nested_branch_dag.py
[2024-03-29T11:00:07.151+0000] {processor.py:836} INFO - DAG(s) dict_keys(['example_nested_branch_dag']) retrieved from /usr/local/python/3.10.13/lib/python3.10/site-packages/airflow/example_dags/example_nested_branch_dag.py
[2024-03-29T11:00:07.291+0000] {logging_mixin.py:150} INFO - [2024-03-29T11:00:07.291+0000] {manager.py:504} INFO - Created Permission View: can delete on DAG:example_nested_branch_dag
[2024-03-29T11:00:07.323+0000] {logging_mixin.py:150} INFO - [2024-03-29T11:00:07.322+0000] {manager.py:504} INFO - Created Permission View: can edit on DAG:example_nested_branch_dag
[2024-03-29T11:00:07.355+0000] {logging_mixin.py:150} INFO - [2024-03-29T11:00:07.355+0000] {manager.py:504} INFO - Created Permission View: can read on DAG:example_nested_branch_dag
[2024-03-29T11:00:07.364+0000] {logging_mixin.py:150} INFO - [2024-03-29T11:00:07.364+0000] {dag.py:2742} INFO - Sync 1 DAGs
[2024-03-29T11:00:07.372+0000] {logging_mixin.py:150} INFO - [2024-03-29T11:00:07.372+0000] {dag.py:2763} INFO - Creating ORM DAG for example_nested_branch_dag
[2024-03-29T11:00:07.380+0000] {logging_mixin.py:150} INFO - [2024-03-29T11:00:07.380+0000] {dag.py:3504} INFO - Setting next_dagrun for example_nested_branch_dag to 2024-03-28T00:00:00+00:00, run_after=2024-03-29T00:00:00+00:00
[2024-03-29T11:00:07.422+0000] {processor.py:179} INFO - Processing /usr/local/python/3.10.13/lib/python3.10/site-packages/airflow/example_dags/example_nested_branch_dag.py took 0.284 seconds
[2024-03-29T11:00:59.635+0000] {processor.py:157} INFO - Started process (PID=14645) to work on /usr/local/python/3.10.13/lib/python3.10/site-packages/airflow/example_dags/example_nested_branch_dag.py
[2024-03-29T11:00:59.636+0000] {processor.py:826} INFO - Processing file /usr/local/python/3.10.13/lib/python3.10/site-packages/airflow/example_dags/example_nested_branch_dag.py for tasks to queue
[2024-03-29T11:00:59.637+0000] {logging_mixin.py:150} INFO - [2024-03-29T11:00:59.636+0000] {dagbag.py:541} INFO - Filling up the DagBag from /usr/local/python/3.10.13/lib/python3.10/site-packages/airflow/example_dags/example_nested_branch_dag.py
[2024-03-29T11:00:59.644+0000] {processor.py:836} INFO - DAG(s) dict_keys(['example_nested_branch_dag']) retrieved from /usr/local/python/3.10.13/lib/python3.10/site-packages/airflow/example_dags/example_nested_branch_dag.py
[2024-03-29T11:00:59.658+0000] {logging_mixin.py:150} INFO - [2024-03-29T11:00:59.657+0000] {dag.py:2742} INFO - Sync 1 DAGs
[2024-03-29T11:00:59.675+0000] {logging_mixin.py:150} INFO - [2024-03-29T11:00:59.675+0000] {dag.py:3504} INFO - Setting next_dagrun for example_nested_branch_dag to 2024-03-28T00:00:00+00:00, run_after=2024-03-29T00:00:00+00:00
[2024-03-29T11:00:59.728+0000] {processor.py:179} INFO - Processing /usr/local/python/3.10.13/lib/python3.10/site-packages/airflow/example_dags/example_nested_branch_dag.py took 0.094 seconds
[2024-03-29T11:01:45.188+0000] {processor.py:157} INFO - Started process (PID=14980) to work on /usr/local/python/3.10.13/lib/python3.10/site-packages/airflow/example_dags/example_nested_branch_dag.py
[2024-03-29T11:01:45.188+0000] {processor.py:826} INFO - Processing file /usr/local/python/3.10.13/lib/python3.10/site-packages/airflow/example_dags/example_nested_branch_dag.py for tasks to queue
[2024-03-29T11:01:45.189+0000] {logging_mixin.py:150} INFO - [2024-03-29T11:01:45.189+0000] {dagbag.py:541} INFO - Filling up the DagBag from /usr/local/python/3.10.13/lib/python3.10/site-packages/airflow/example_dags/example_nested_branch_dag.py
[2024-03-29T11:01:45.196+0000] {processor.py:836} INFO - DAG(s) dict_keys(['example_nested_branch_dag']) retrieved from /usr/local/python/3.10.13/lib/python3.10/site-packages/airflow/example_dags/example_nested_branch_dag.py
[2024-03-29T11:01:45.210+0000] {logging_mixin.py:150} INFO - [2024-03-29T11:01:45.210+0000] {dag.py:2742} INFO - Sync 1 DAGs
[2024-03-29T11:01:45.226+0000] {logging_mixin.py:150} INFO - [2024-03-29T11:01:45.226+0000] {dag.py:3504} INFO - Setting next_dagrun for example_nested_branch_dag to 2024-03-28T00:00:00+00:00, run_after=2024-03-29T00:00:00+00:00
[2024-03-29T11:01:45.279+0000] {processor.py:179} INFO - Processing /usr/local/python/3.10.13/lib/python3.10/site-packages/airflow/example_dags/example_nested_branch_dag.py took 0.093 seconds
[2024-03-29T11:02:34.708+0000] {processor.py:157} INFO - Started process (PID=15335) to work on /usr/local/python/3.10.13/lib/python3.10/site-packages/airflow/example_dags/example_nested_branch_dag.py
[2024-03-29T11:02:34.709+0000] {processor.py:826} INFO - Processing file /usr/local/python/3.10.13/lib/python3.10/site-packages/airflow/example_dags/example_nested_branch_dag.py for tasks to queue
[2024-03-29T11:02:34.710+0000] {logging_mixin.py:150} INFO - [2024-03-29T11:02:34.709+0000] {dagbag.py:541} INFO - Filling up the DagBag from /usr/local/python/3.10.13/lib/python3.10/site-packages/airflow/example_dags/example_nested_branch_dag.py
[2024-03-29T11:02:34.717+0000] {processor.py:836} INFO - DAG(s) dict_keys(['example_nested_branch_dag']) retrieved from /usr/local/python/3.10.13/lib/python3.10/site-packages/airflow/example_dags/example_nested_branch_dag.py
[2024-03-29T11:02:34.730+0000] {logging_mixin.py:150} INFO - [2024-03-29T11:02:34.730+0000] {dag.py:2742} INFO - Sync 1 DAGs
[2024-03-29T11:02:34.746+0000] {logging_mixin.py:150} INFO - [2024-03-29T11:02:34.746+0000] {dag.py:3504} INFO - Setting next_dagrun for example_nested_branch_dag to 2024-03-28T00:00:00+00:00, run_after=2024-03-29T00:00:00+00:00
[2024-03-29T11:02:34.785+0000] {processor.py:179} INFO - Processing /usr/local/python/3.10.13/lib/python3.10/site-packages/airflow/example_dags/example_nested_branch_dag.py took 0.079 seconds
[2024-03-29T11:03:24.524+0000] {processor.py:157} INFO - Started process (PID=15687) to work on /usr/local/python/3.10.13/lib/python3.10/site-packages/airflow/example_dags/example_nested_branch_dag.py
[2024-03-29T11:03:24.525+0000] {processor.py:826} INFO - Processing file /usr/local/python/3.10.13/lib/python3.10/site-packages/airflow/example_dags/example_nested_branch_dag.py for tasks to queue
[2024-03-29T11:03:24.526+0000] {logging_mixin.py:150} INFO - [2024-03-29T11:03:24.525+0000] {dagbag.py:541} INFO - Filling up the DagBag from /usr/local/python/3.10.13/lib/python3.10/site-packages/airflow/example_dags/example_nested_branch_dag.py
[2024-03-29T11:03:24.533+0000] {processor.py:836} INFO - DAG(s) dict_keys(['example_nested_branch_dag']) retrieved from /usr/local/python/3.10.13/lib/python3.10/site-packages/airflow/example_dags/example_nested_branch_dag.py
[2024-03-29T11:03:24.546+0000] {logging_mixin.py:150} INFO - [2024-03-29T11:03:24.546+0000] {dag.py:2742} INFO - Sync 1 DAGs
[2024-03-29T11:03:24.565+0000] {logging_mixin.py:150} INFO - [2024-03-29T11:03:24.565+0000] {dag.py:3504} INFO - Setting next_dagrun for example_nested_branch_dag to 2024-03-28T00:00:00+00:00, run_after=2024-03-29T00:00:00+00:00
[2024-03-29T11:03:24.632+0000] {processor.py:179} INFO - Processing /usr/local/python/3.10.13/lib/python3.10/site-packages/airflow/example_dags/example_nested_branch_dag.py took 0.110 seconds
[2024-03-29T11:04:07.758+0000] {processor.py:157} INFO - Started process (PID=15997) to work on /usr/local/python/3.10.13/lib/python3.10/site-packages/airflow/example_dags/example_nested_branch_dag.py
[2024-03-29T11:04:07.759+0000] {processor.py:826} INFO - Processing file /usr/local/python/3.10.13/lib/python3.10/site-packages/airflow/example_dags/example_nested_branch_dag.py for tasks to queue
[2024-03-29T11:04:07.759+0000] {logging_mixin.py:150} INFO - [2024-03-29T11:04:07.759+0000] {dagbag.py:541} INFO - Filling up the DagBag from /usr/local/python/3.10.13/lib/python3.10/site-packages/airflow/example_dags/example_nested_branch_dag.py
[2024-03-29T11:04:07.767+0000] {processor.py:836} INFO - DAG(s) dict_keys(['example_nested_branch_dag']) retrieved from /usr/local/python/3.10.13/lib/python3.10/site-packages/airflow/example_dags/example_nested_branch_dag.py
[2024-03-29T11:04:07.780+0000] {logging_mixin.py:150} INFO - [2024-03-29T11:04:07.780+0000] {dag.py:2742} INFO - Sync 1 DAGs
[2024-03-29T11:04:07.797+0000] {logging_mixin.py:150} INFO - [2024-03-29T11:04:07.797+0000] {dag.py:3504} INFO - Setting next_dagrun for example_nested_branch_dag to 2024-03-28T00:00:00+00:00, run_after=2024-03-29T00:00:00+00:00
[2024-03-29T11:04:07.840+0000] {processor.py:179} INFO - Processing /usr/local/python/3.10.13/lib/python3.10/site-packages/airflow/example_dags/example_nested_branch_dag.py took 0.084 seconds
[2024-03-29T11:04:54.651+0000] {processor.py:157} INFO - Started process (PID=16316) to work on /usr/local/python/3.10.13/lib/python3.10/site-packages/airflow/example_dags/example_nested_branch_dag.py
[2024-03-29T11:04:54.652+0000] {processor.py:826} INFO - Processing file /usr/local/python/3.10.13/lib/python3.10/site-packages/airflow/example_dags/example_nested_branch_dag.py for tasks to queue
[2024-03-29T11:04:54.652+0000] {logging_mixin.py:150} INFO - [2024-03-29T11:04:54.652+0000] {dagbag.py:541} INFO - Filling up the DagBag from /usr/local/python/3.10.13/lib/python3.10/site-packages/airflow/example_dags/example_nested_branch_dag.py
[2024-03-29T11:04:54.660+0000] {processor.py:836} INFO - DAG(s) dict_keys(['example_nested_branch_dag']) retrieved from /usr/local/python/3.10.13/lib/python3.10/site-packages/airflow/example_dags/example_nested_branch_dag.py
[2024-03-29T11:04:54.673+0000] {logging_mixin.py:150} INFO - [2024-03-29T11:04:54.673+0000] {dag.py:2742} INFO - Sync 1 DAGs
[2024-03-29T11:04:54.689+0000] {logging_mixin.py:150} INFO - [2024-03-29T11:04:54.689+0000] {dag.py:3504} INFO - Setting next_dagrun for example_nested_branch_dag to 2024-03-28T00:00:00+00:00, run_after=2024-03-29T00:00:00+00:00
[2024-03-29T11:04:54.730+0000] {processor.py:179} INFO - Processing /usr/local/python/3.10.13/lib/python3.10/site-packages/airflow/example_dags/example_nested_branch_dag.py took 0.081 seconds
[2024-03-29T11:05:40.246+0000] {processor.py:157} INFO - Started process (PID=16642) to work on /usr/local/python/3.10.13/lib/python3.10/site-packages/airflow/example_dags/example_nested_branch_dag.py
[2024-03-29T11:05:40.247+0000] {processor.py:826} INFO - Processing file /usr/local/python/3.10.13/lib/python3.10/site-packages/airflow/example_dags/example_nested_branch_dag.py for tasks to queue
[2024-03-29T11:05:40.248+0000] {logging_mixin.py:150} INFO - [2024-03-29T11:05:40.247+0000] {dagbag.py:541} INFO - Filling up the DagBag from /usr/local/python/3.10.13/lib/python3.10/site-packages/airflow/example_dags/example_nested_branch_dag.py
[2024-03-29T11:05:40.255+0000] {processor.py:836} INFO - DAG(s) dict_keys(['example_nested_branch_dag']) retrieved from /usr/local/python/3.10.13/lib/python3.10/site-packages/airflow/example_dags/example_nested_branch_dag.py
[2024-03-29T11:05:40.269+0000] {logging_mixin.py:150} INFO - [2024-03-29T11:05:40.269+0000] {dag.py:2742} INFO - Sync 1 DAGs
[2024-03-29T11:05:40.286+0000] {logging_mixin.py:150} INFO - [2024-03-29T11:05:40.286+0000] {dag.py:3504} INFO - Setting next_dagrun for example_nested_branch_dag to 2024-03-28T00:00:00+00:00, run_after=2024-03-29T00:00:00+00:00
[2024-03-29T11:05:40.326+0000] {processor.py:179} INFO - Processing /usr/local/python/3.10.13/lib/python3.10/site-packages/airflow/example_dags/example_nested_branch_dag.py took 0.082 seconds
[2024-03-29T11:06:27.035+0000] {processor.py:157} INFO - Started process (PID=16989) to work on /usr/local/python/3.10.13/lib/python3.10/site-packages/airflow/example_dags/example_nested_branch_dag.py
[2024-03-29T11:06:27.036+0000] {processor.py:826} INFO - Processing file /usr/local/python/3.10.13/lib/python3.10/site-packages/airflow/example_dags/example_nested_branch_dag.py for tasks to queue
[2024-03-29T11:06:27.037+0000] {logging_mixin.py:150} INFO - [2024-03-29T11:06:27.036+0000] {dagbag.py:541} INFO - Filling up the DagBag from /usr/local/python/3.10.13/lib/python3.10/site-packages/airflow/example_dags/example_nested_branch_dag.py
[2024-03-29T11:06:27.044+0000] {processor.py:836} INFO - DAG(s) dict_keys(['example_nested_branch_dag']) retrieved from /usr/local/python/3.10.13/lib/python3.10/site-packages/airflow/example_dags/example_nested_branch_dag.py
[2024-03-29T11:06:27.058+0000] {logging_mixin.py:150} INFO - [2024-03-29T11:06:27.058+0000] {dag.py:2742} INFO - Sync 1 DAGs
[2024-03-29T11:06:27.075+0000] {logging_mixin.py:150} INFO - [2024-03-29T11:06:27.074+0000] {dag.py:3504} INFO - Setting next_dagrun for example_nested_branch_dag to 2024-03-28T00:00:00+00:00, run_after=2024-03-29T00:00:00+00:00
[2024-03-29T11:06:27.117+0000] {processor.py:179} INFO - Processing /usr/local/python/3.10.13/lib/python3.10/site-packages/airflow/example_dags/example_nested_branch_dag.py took 0.084 seconds
[2024-03-29T11:07:14.903+0000] {processor.py:157} INFO - Started process (PID=17315) to work on /usr/local/python/3.10.13/lib/python3.10/site-packages/airflow/example_dags/example_nested_branch_dag.py
[2024-03-29T11:07:14.904+0000] {processor.py:826} INFO - Processing file /usr/local/python/3.10.13/lib/python3.10/site-packages/airflow/example_dags/example_nested_branch_dag.py for tasks to queue
[2024-03-29T11:07:14.904+0000] {logging_mixin.py:150} INFO - [2024-03-29T11:07:14.904+0000] {dagbag.py:541} INFO - Filling up the DagBag from /usr/local/python/3.10.13/lib/python3.10/site-packages/airflow/example_dags/example_nested_branch_dag.py
[2024-03-29T11:07:14.912+0000] {processor.py:836} INFO - DAG(s) dict_keys(['example_nested_branch_dag']) retrieved from /usr/local/python/3.10.13/lib/python3.10/site-packages/airflow/example_dags/example_nested_branch_dag.py
[2024-03-29T11:07:14.927+0000] {logging_mixin.py:150} INFO - [2024-03-29T11:07:14.927+0000] {dag.py:2742} INFO - Sync 1 DAGs
[2024-03-29T11:07:14.945+0000] {logging_mixin.py:150} INFO - [2024-03-29T11:07:14.945+0000] {dag.py:3504} INFO - Setting next_dagrun for example_nested_branch_dag to 2024-03-28T00:00:00+00:00, run_after=2024-03-29T00:00:00+00:00
[2024-03-29T11:07:14.985+0000] {processor.py:179} INFO - Processing /usr/local/python/3.10.13/lib/python3.10/site-packages/airflow/example_dags/example_nested_branch_dag.py took 0.085 seconds
[2024-03-29T11:08:05.243+0000] {processor.py:157} INFO - Started process (PID=17670) to work on /usr/local/python/3.10.13/lib/python3.10/site-packages/airflow/example_dags/example_nested_branch_dag.py
[2024-03-29T11:08:05.243+0000] {processor.py:826} INFO - Processing file /usr/local/python/3.10.13/lib/python3.10/site-packages/airflow/example_dags/example_nested_branch_dag.py for tasks to queue
[2024-03-29T11:08:05.244+0000] {logging_mixin.py:150} INFO - [2024-03-29T11:08:05.244+0000] {dagbag.py:541} INFO - Filling up the DagBag from /usr/local/python/3.10.13/lib/python3.10/site-packages/airflow/example_dags/example_nested_branch_dag.py
[2024-03-29T11:08:05.258+0000] {processor.py:836} INFO - DAG(s) dict_keys(['example_nested_branch_dag']) retrieved from /usr/local/python/3.10.13/lib/python3.10/site-packages/airflow/example_dags/example_nested_branch_dag.py
[2024-03-29T11:08:05.287+0000] {logging_mixin.py:150} INFO - [2024-03-29T11:08:05.286+0000] {dag.py:2742} INFO - Sync 1 DAGs
[2024-03-29T11:08:05.308+0000] {logging_mixin.py:150} INFO - [2024-03-29T11:08:05.308+0000] {dag.py:3504} INFO - Setting next_dagrun for example_nested_branch_dag to 2024-03-28T00:00:00+00:00, run_after=2024-03-29T00:00:00+00:00
[2024-03-29T11:08:05.358+0000] {processor.py:179} INFO - Processing /usr/local/python/3.10.13/lib/python3.10/site-packages/airflow/example_dags/example_nested_branch_dag.py took 0.119 seconds
[2024-03-29T11:08:54.729+0000] {processor.py:157} INFO - Started process (PID=18280) to work on /usr/local/python/3.10.13/lib/python3.10/site-packages/airflow/example_dags/example_nested_branch_dag.py
[2024-03-29T11:08:54.729+0000] {processor.py:826} INFO - Processing file /usr/local/python/3.10.13/lib/python3.10/site-packages/airflow/example_dags/example_nested_branch_dag.py for tasks to queue
[2024-03-29T11:08:54.730+0000] {logging_mixin.py:150} INFO - [2024-03-29T11:08:54.730+0000] {dagbag.py:541} INFO - Filling up the DagBag from /usr/local/python/3.10.13/lib/python3.10/site-packages/airflow/example_dags/example_nested_branch_dag.py
[2024-03-29T11:08:54.737+0000] {processor.py:836} INFO - DAG(s) dict_keys(['example_nested_branch_dag']) retrieved from /usr/local/python/3.10.13/lib/python3.10/site-packages/airflow/example_dags/example_nested_branch_dag.py
[2024-03-29T11:08:54.750+0000] {logging_mixin.py:150} INFO - [2024-03-29T11:08:54.750+0000] {dag.py:2742} INFO - Sync 1 DAGs
[2024-03-29T11:08:54.767+0000] {logging_mixin.py:150} INFO - [2024-03-29T11:08:54.767+0000] {dag.py:3504} INFO - Setting next_dagrun for example_nested_branch_dag to 2024-03-28T00:00:00+00:00, run_after=2024-03-29T00:00:00+00:00
[2024-03-29T11:08:54.806+0000] {processor.py:179} INFO - Processing /usr/local/python/3.10.13/lib/python3.10/site-packages/airflow/example_dags/example_nested_branch_dag.py took 0.080 seconds
