[2024-03-29T11:00:17.217+0000] {processor.py:157} INFO - Started process (PID=14349) to work on /usr/local/python/3.10.13/lib/python3.10/site-packages/airflow/example_dags/example_branch_python_dop_operator_3.py
[2024-03-29T11:00:17.218+0000] {processor.py:826} INFO - Processing file /usr/local/python/3.10.13/lib/python3.10/site-packages/airflow/example_dags/example_branch_python_dop_operator_3.py for tasks to queue
[2024-03-29T11:00:17.218+0000] {logging_mixin.py:150} INFO - [2024-03-29T11:00:17.218+0000] {dagbag.py:541} INFO - Filling up the DagBag from /usr/local/python/3.10.13/lib/python3.10/site-packages/airflow/example_dags/example_branch_python_dop_operator_3.py
[2024-03-29T11:00:17.225+0000] {processor.py:836} INFO - DAG(s) dict_keys(['example_branch_dop_operator_v3']) retrieved from /usr/local/python/3.10.13/lib/python3.10/site-packages/airflow/example_dags/example_branch_python_dop_operator_3.py
[2024-03-29T11:00:17.356+0000] {logging_mixin.py:150} INFO - [2024-03-29T11:00:17.356+0000] {manager.py:504} INFO - Created Permission View: can delete on DAG:example_branch_dop_operator_v3
[2024-03-29T11:00:17.390+0000] {logging_mixin.py:150} INFO - [2024-03-29T11:00:17.390+0000] {manager.py:504} INFO - Created Permission View: can edit on DAG:example_branch_dop_operator_v3
[2024-03-29T11:00:17.418+0000] {logging_mixin.py:150} INFO - [2024-03-29T11:00:17.418+0000] {manager.py:504} INFO - Created Permission View: can read on DAG:example_branch_dop_operator_v3
[2024-03-29T11:00:17.426+0000] {logging_mixin.py:150} INFO - [2024-03-29T11:00:17.426+0000] {dag.py:2742} INFO - Sync 1 DAGs
[2024-03-29T11:00:17.434+0000] {logging_mixin.py:150} INFO - [2024-03-29T11:00:17.434+0000] {dag.py:2763} INFO - Creating ORM DAG for example_branch_dop_operator_v3
[2024-03-29T11:00:17.445+0000] {logging_mixin.py:150} INFO - [2024-03-29T11:00:17.445+0000] {dag.py:3504} INFO - Setting next_dagrun for example_branch_dop_operator_v3 to 2024-03-29T10:59:00+00:00, run_after=2024-03-29T11:00:00+00:00
[2024-03-29T11:00:17.493+0000] {processor.py:179} INFO - Processing /usr/local/python/3.10.13/lib/python3.10/site-packages/airflow/example_dags/example_branch_python_dop_operator_3.py took 0.279 seconds
[2024-03-29T11:01:07.139+0000] {processor.py:157} INFO - Started process (PID=14709) to work on /usr/local/python/3.10.13/lib/python3.10/site-packages/airflow/example_dags/example_branch_python_dop_operator_3.py
[2024-03-29T11:01:07.140+0000] {processor.py:826} INFO - Processing file /usr/local/python/3.10.13/lib/python3.10/site-packages/airflow/example_dags/example_branch_python_dop_operator_3.py for tasks to queue
[2024-03-29T11:01:07.141+0000] {logging_mixin.py:150} INFO - [2024-03-29T11:01:07.140+0000] {dagbag.py:541} INFO - Filling up the DagBag from /usr/local/python/3.10.13/lib/python3.10/site-packages/airflow/example_dags/example_branch_python_dop_operator_3.py
[2024-03-29T11:01:07.147+0000] {processor.py:836} INFO - DAG(s) dict_keys(['example_branch_dop_operator_v3']) retrieved from /usr/local/python/3.10.13/lib/python3.10/site-packages/airflow/example_dags/example_branch_python_dop_operator_3.py
[2024-03-29T11:01:07.159+0000] {logging_mixin.py:150} INFO - [2024-03-29T11:01:07.159+0000] {dag.py:2742} INFO - Sync 1 DAGs
[2024-03-29T11:01:07.179+0000] {logging_mixin.py:150} INFO - [2024-03-29T11:01:07.179+0000] {dag.py:3504} INFO - Setting next_dagrun for example_branch_dop_operator_v3 to 2024-03-29T11:00:00+00:00, run_after=2024-03-29T11:01:00+00:00
[2024-03-29T11:01:07.219+0000] {processor.py:179} INFO - Processing /usr/local/python/3.10.13/lib/python3.10/site-packages/airflow/example_dags/example_branch_python_dop_operator_3.py took 0.082 seconds
[2024-03-29T11:01:56.466+0000] {processor.py:157} INFO - Started process (PID=15055) to work on /usr/local/python/3.10.13/lib/python3.10/site-packages/airflow/example_dags/example_branch_python_dop_operator_3.py
[2024-03-29T11:01:56.467+0000] {processor.py:826} INFO - Processing file /usr/local/python/3.10.13/lib/python3.10/site-packages/airflow/example_dags/example_branch_python_dop_operator_3.py for tasks to queue
[2024-03-29T11:01:56.468+0000] {logging_mixin.py:150} INFO - [2024-03-29T11:01:56.467+0000] {dagbag.py:541} INFO - Filling up the DagBag from /usr/local/python/3.10.13/lib/python3.10/site-packages/airflow/example_dags/example_branch_python_dop_operator_3.py
[2024-03-29T11:01:56.477+0000] {processor.py:836} INFO - DAG(s) dict_keys(['example_branch_dop_operator_v3']) retrieved from /usr/local/python/3.10.13/lib/python3.10/site-packages/airflow/example_dags/example_branch_python_dop_operator_3.py
[2024-03-29T11:01:56.494+0000] {logging_mixin.py:150} INFO - [2024-03-29T11:01:56.494+0000] {dag.py:2742} INFO - Sync 1 DAGs
[2024-03-29T11:01:56.526+0000] {logging_mixin.py:150} INFO - [2024-03-29T11:01:56.526+0000] {dag.py:3504} INFO - Setting next_dagrun for example_branch_dop_operator_v3 to 2024-03-29T11:00:00+00:00, run_after=2024-03-29T11:01:00+00:00
[2024-03-29T11:01:56.576+0000] {processor.py:179} INFO - Processing /usr/local/python/3.10.13/lib/python3.10/site-packages/airflow/example_dags/example_branch_python_dop_operator_3.py took 0.114 seconds
[2024-03-29T11:02:48.328+0000] {processor.py:157} INFO - Started process (PID=15423) to work on /usr/local/python/3.10.13/lib/python3.10/site-packages/airflow/example_dags/example_branch_python_dop_operator_3.py
[2024-03-29T11:02:48.329+0000] {processor.py:826} INFO - Processing file /usr/local/python/3.10.13/lib/python3.10/site-packages/airflow/example_dags/example_branch_python_dop_operator_3.py for tasks to queue
[2024-03-29T11:02:48.330+0000] {logging_mixin.py:150} INFO - [2024-03-29T11:02:48.329+0000] {dagbag.py:541} INFO - Filling up the DagBag from /usr/local/python/3.10.13/lib/python3.10/site-packages/airflow/example_dags/example_branch_python_dop_operator_3.py
[2024-03-29T11:02:48.339+0000] {processor.py:836} INFO - DAG(s) dict_keys(['example_branch_dop_operator_v3']) retrieved from /usr/local/python/3.10.13/lib/python3.10/site-packages/airflow/example_dags/example_branch_python_dop_operator_3.py
[2024-03-29T11:02:48.357+0000] {logging_mixin.py:150} INFO - [2024-03-29T11:02:48.356+0000] {dag.py:2742} INFO - Sync 1 DAGs
[2024-03-29T11:02:48.380+0000] {logging_mixin.py:150} INFO - [2024-03-29T11:02:48.380+0000] {dag.py:3504} INFO - Setting next_dagrun for example_branch_dop_operator_v3 to 2024-03-29T11:01:00+00:00, run_after=2024-03-29T11:02:00+00:00
[2024-03-29T11:02:48.423+0000] {processor.py:179} INFO - Processing /usr/local/python/3.10.13/lib/python3.10/site-packages/airflow/example_dags/example_branch_python_dop_operator_3.py took 0.098 seconds
[2024-03-29T11:03:33.913+0000] {processor.py:157} INFO - Started process (PID=15772) to work on /usr/local/python/3.10.13/lib/python3.10/site-packages/airflow/example_dags/example_branch_python_dop_operator_3.py
[2024-03-29T11:03:33.914+0000] {processor.py:826} INFO - Processing file /usr/local/python/3.10.13/lib/python3.10/site-packages/airflow/example_dags/example_branch_python_dop_operator_3.py for tasks to queue
[2024-03-29T11:03:33.914+0000] {logging_mixin.py:150} INFO - [2024-03-29T11:03:33.914+0000] {dagbag.py:541} INFO - Filling up the DagBag from /usr/local/python/3.10.13/lib/python3.10/site-packages/airflow/example_dags/example_branch_python_dop_operator_3.py
[2024-03-29T11:03:33.921+0000] {processor.py:836} INFO - DAG(s) dict_keys(['example_branch_dop_operator_v3']) retrieved from /usr/local/python/3.10.13/lib/python3.10/site-packages/airflow/example_dags/example_branch_python_dop_operator_3.py
[2024-03-29T11:03:33.933+0000] {logging_mixin.py:150} INFO - [2024-03-29T11:03:33.933+0000] {dag.py:2742} INFO - Sync 1 DAGs
[2024-03-29T11:03:33.953+0000] {logging_mixin.py:150} INFO - [2024-03-29T11:03:33.953+0000] {dag.py:3504} INFO - Setting next_dagrun for example_branch_dop_operator_v3 to 2024-03-29T11:02:00+00:00, run_after=2024-03-29T11:03:00+00:00
[2024-03-29T11:03:33.994+0000] {processor.py:179} INFO - Processing /usr/local/python/3.10.13/lib/python3.10/site-packages/airflow/example_dags/example_branch_python_dop_operator_3.py took 0.083 seconds
[2024-03-29T11:04:19.701+0000] {processor.py:157} INFO - Started process (PID=16084) to work on /usr/local/python/3.10.13/lib/python3.10/site-packages/airflow/example_dags/example_branch_python_dop_operator_3.py
[2024-03-29T11:04:19.702+0000] {processor.py:826} INFO - Processing file /usr/local/python/3.10.13/lib/python3.10/site-packages/airflow/example_dags/example_branch_python_dop_operator_3.py for tasks to queue
[2024-03-29T11:04:19.702+0000] {logging_mixin.py:150} INFO - [2024-03-29T11:04:19.702+0000] {dagbag.py:541} INFO - Filling up the DagBag from /usr/local/python/3.10.13/lib/python3.10/site-packages/airflow/example_dags/example_branch_python_dop_operator_3.py
[2024-03-29T11:04:19.709+0000] {processor.py:836} INFO - DAG(s) dict_keys(['example_branch_dop_operator_v3']) retrieved from /usr/local/python/3.10.13/lib/python3.10/site-packages/airflow/example_dags/example_branch_python_dop_operator_3.py
[2024-03-29T11:04:19.722+0000] {logging_mixin.py:150} INFO - [2024-03-29T11:04:19.722+0000] {dag.py:2742} INFO - Sync 1 DAGs
[2024-03-29T11:04:19.742+0000] {logging_mixin.py:150} INFO - [2024-03-29T11:04:19.742+0000] {dag.py:3504} INFO - Setting next_dagrun for example_branch_dop_operator_v3 to 2024-03-29T11:03:00+00:00, run_after=2024-03-29T11:04:00+00:00
[2024-03-29T11:04:19.782+0000] {processor.py:179} INFO - Processing /usr/local/python/3.10.13/lib/python3.10/site-packages/airflow/example_dags/example_branch_python_dop_operator_3.py took 0.083 seconds
[2024-03-29T11:05:06.372+0000] {processor.py:157} INFO - Started process (PID=16408) to work on /usr/local/python/3.10.13/lib/python3.10/site-packages/airflow/example_dags/example_branch_python_dop_operator_3.py
[2024-03-29T11:05:06.373+0000] {processor.py:826} INFO - Processing file /usr/local/python/3.10.13/lib/python3.10/site-packages/airflow/example_dags/example_branch_python_dop_operator_3.py for tasks to queue
[2024-03-29T11:05:06.374+0000] {logging_mixin.py:150} INFO - [2024-03-29T11:05:06.374+0000] {dagbag.py:541} INFO - Filling up the DagBag from /usr/local/python/3.10.13/lib/python3.10/site-packages/airflow/example_dags/example_branch_python_dop_operator_3.py
[2024-03-29T11:05:06.381+0000] {processor.py:836} INFO - DAG(s) dict_keys(['example_branch_dop_operator_v3']) retrieved from /usr/local/python/3.10.13/lib/python3.10/site-packages/airflow/example_dags/example_branch_python_dop_operator_3.py
[2024-03-29T11:05:06.393+0000] {logging_mixin.py:150} INFO - [2024-03-29T11:05:06.393+0000] {dag.py:2742} INFO - Sync 1 DAGs
[2024-03-29T11:05:06.412+0000] {logging_mixin.py:150} INFO - [2024-03-29T11:05:06.412+0000] {dag.py:3504} INFO - Setting next_dagrun for example_branch_dop_operator_v3 to 2024-03-29T11:04:00+00:00, run_after=2024-03-29T11:05:00+00:00
[2024-03-29T11:05:06.450+0000] {processor.py:179} INFO - Processing /usr/local/python/3.10.13/lib/python3.10/site-packages/airflow/example_dags/example_branch_python_dop_operator_3.py took 0.080 seconds
[2024-03-29T11:05:50.671+0000] {processor.py:157} INFO - Started process (PID=16713) to work on /usr/local/python/3.10.13/lib/python3.10/site-packages/airflow/example_dags/example_branch_python_dop_operator_3.py
[2024-03-29T11:05:50.672+0000] {processor.py:826} INFO - Processing file /usr/local/python/3.10.13/lib/python3.10/site-packages/airflow/example_dags/example_branch_python_dop_operator_3.py for tasks to queue
[2024-03-29T11:05:50.672+0000] {logging_mixin.py:150} INFO - [2024-03-29T11:05:50.672+0000] {dagbag.py:541} INFO - Filling up the DagBag from /usr/local/python/3.10.13/lib/python3.10/site-packages/airflow/example_dags/example_branch_python_dop_operator_3.py
[2024-03-29T11:05:50.680+0000] {processor.py:836} INFO - DAG(s) dict_keys(['example_branch_dop_operator_v3']) retrieved from /usr/local/python/3.10.13/lib/python3.10/site-packages/airflow/example_dags/example_branch_python_dop_operator_3.py
[2024-03-29T11:05:50.693+0000] {logging_mixin.py:150} INFO - [2024-03-29T11:05:50.693+0000] {dag.py:2742} INFO - Sync 1 DAGs
[2024-03-29T11:05:50.712+0000] {logging_mixin.py:150} INFO - [2024-03-29T11:05:50.712+0000] {dag.py:3504} INFO - Setting next_dagrun for example_branch_dop_operator_v3 to 2024-03-29T11:04:00+00:00, run_after=2024-03-29T11:05:00+00:00
[2024-03-29T11:05:50.752+0000] {processor.py:179} INFO - Processing /usr/local/python/3.10.13/lib/python3.10/site-packages/airflow/example_dags/example_branch_python_dop_operator_3.py took 0.083 seconds
[2024-03-29T11:06:39.715+0000] {processor.py:157} INFO - Started process (PID=17076) to work on /usr/local/python/3.10.13/lib/python3.10/site-packages/airflow/example_dags/example_branch_python_dop_operator_3.py
[2024-03-29T11:06:39.716+0000] {processor.py:826} INFO - Processing file /usr/local/python/3.10.13/lib/python3.10/site-packages/airflow/example_dags/example_branch_python_dop_operator_3.py for tasks to queue
[2024-03-29T11:06:39.717+0000] {logging_mixin.py:150} INFO - [2024-03-29T11:06:39.716+0000] {dagbag.py:541} INFO - Filling up the DagBag from /usr/local/python/3.10.13/lib/python3.10/site-packages/airflow/example_dags/example_branch_python_dop_operator_3.py
[2024-03-29T11:06:39.724+0000] {processor.py:836} INFO - DAG(s) dict_keys(['example_branch_dop_operator_v3']) retrieved from /usr/local/python/3.10.13/lib/python3.10/site-packages/airflow/example_dags/example_branch_python_dop_operator_3.py
[2024-03-29T11:06:39.736+0000] {logging_mixin.py:150} INFO - [2024-03-29T11:06:39.735+0000] {dag.py:2742} INFO - Sync 1 DAGs
[2024-03-29T11:06:39.755+0000] {logging_mixin.py:150} INFO - [2024-03-29T11:06:39.755+0000] {dag.py:3504} INFO - Setting next_dagrun for example_branch_dop_operator_v3 to 2024-03-29T11:05:00+00:00, run_after=2024-03-29T11:06:00+00:00
[2024-03-29T11:06:39.797+0000] {processor.py:179} INFO - Processing /usr/local/python/3.10.13/lib/python3.10/site-packages/airflow/example_dags/example_branch_python_dop_operator_3.py took 0.084 seconds
[2024-03-29T11:07:28.664+0000] {processor.py:157} INFO - Started process (PID=17420) to work on /usr/local/python/3.10.13/lib/python3.10/site-packages/airflow/example_dags/example_branch_python_dop_operator_3.py
[2024-03-29T11:07:28.664+0000] {processor.py:826} INFO - Processing file /usr/local/python/3.10.13/lib/python3.10/site-packages/airflow/example_dags/example_branch_python_dop_operator_3.py for tasks to queue
[2024-03-29T11:07:28.665+0000] {logging_mixin.py:150} INFO - [2024-03-29T11:07:28.665+0000] {dagbag.py:541} INFO - Filling up the DagBag from /usr/local/python/3.10.13/lib/python3.10/site-packages/airflow/example_dags/example_branch_python_dop_operator_3.py
[2024-03-29T11:07:28.672+0000] {processor.py:836} INFO - DAG(s) dict_keys(['example_branch_dop_operator_v3']) retrieved from /usr/local/python/3.10.13/lib/python3.10/site-packages/airflow/example_dags/example_branch_python_dop_operator_3.py
[2024-03-29T11:07:28.685+0000] {logging_mixin.py:150} INFO - [2024-03-29T11:07:28.685+0000] {dag.py:2742} INFO - Sync 1 DAGs
[2024-03-29T11:07:28.705+0000] {logging_mixin.py:150} INFO - [2024-03-29T11:07:28.705+0000] {dag.py:3504} INFO - Setting next_dagrun for example_branch_dop_operator_v3 to 2024-03-29T11:06:00+00:00, run_after=2024-03-29T11:07:00+00:00
[2024-03-29T11:07:28.755+0000] {processor.py:179} INFO - Processing /usr/local/python/3.10.13/lib/python3.10/site-packages/airflow/example_dags/example_branch_python_dop_operator_3.py took 0.094 seconds
[2024-03-29T11:08:21.031+0000] {processor.py:157} INFO - Started process (PID=17836) to work on /usr/local/python/3.10.13/lib/python3.10/site-packages/airflow/example_dags/example_branch_python_dop_operator_3.py
[2024-03-29T11:08:21.032+0000] {processor.py:826} INFO - Processing file /usr/local/python/3.10.13/lib/python3.10/site-packages/airflow/example_dags/example_branch_python_dop_operator_3.py for tasks to queue
[2024-03-29T11:08:21.033+0000] {logging_mixin.py:150} INFO - [2024-03-29T11:08:21.032+0000] {dagbag.py:541} INFO - Filling up the DagBag from /usr/local/python/3.10.13/lib/python3.10/site-packages/airflow/example_dags/example_branch_python_dop_operator_3.py
[2024-03-29T11:08:21.040+0000] {processor.py:836} INFO - DAG(s) dict_keys(['example_branch_dop_operator_v3']) retrieved from /usr/local/python/3.10.13/lib/python3.10/site-packages/airflow/example_dags/example_branch_python_dop_operator_3.py
[2024-03-29T11:08:21.052+0000] {logging_mixin.py:150} INFO - [2024-03-29T11:08:21.052+0000] {dag.py:2742} INFO - Sync 1 DAGs
[2024-03-29T11:08:21.071+0000] {logging_mixin.py:150} INFO - [2024-03-29T11:08:21.071+0000] {dag.py:3504} INFO - Setting next_dagrun for example_branch_dop_operator_v3 to 2024-03-29T11:07:00+00:00, run_after=2024-03-29T11:08:00+00:00
[2024-03-29T11:08:21.111+0000] {processor.py:179} INFO - Processing /usr/local/python/3.10.13/lib/python3.10/site-packages/airflow/example_dags/example_branch_python_dop_operator_3.py took 0.082 seconds
[2024-03-29T11:09:11.984+0000] {processor.py:157} INFO - Started process (PID=18447) to work on /usr/local/python/3.10.13/lib/python3.10/site-packages/airflow/example_dags/example_branch_python_dop_operator_3.py
[2024-03-29T11:09:11.985+0000] {processor.py:826} INFO - Processing file /usr/local/python/3.10.13/lib/python3.10/site-packages/airflow/example_dags/example_branch_python_dop_operator_3.py for tasks to queue
[2024-03-29T11:09:11.987+0000] {logging_mixin.py:150} INFO - [2024-03-29T11:09:11.986+0000] {dagbag.py:541} INFO - Filling up the DagBag from /usr/local/python/3.10.13/lib/python3.10/site-packages/airflow/example_dags/example_branch_python_dop_operator_3.py
[2024-03-29T11:09:11.993+0000] {processor.py:836} INFO - DAG(s) dict_keys(['example_branch_dop_operator_v3']) retrieved from /usr/local/python/3.10.13/lib/python3.10/site-packages/airflow/example_dags/example_branch_python_dop_operator_3.py
[2024-03-29T11:09:12.005+0000] {logging_mixin.py:150} INFO - [2024-03-29T11:09:12.005+0000] {dag.py:2742} INFO - Sync 1 DAGs
[2024-03-29T11:09:12.024+0000] {logging_mixin.py:150} INFO - [2024-03-29T11:09:12.024+0000] {dag.py:3504} INFO - Setting next_dagrun for example_branch_dop_operator_v3 to 2024-03-29T11:08:00+00:00, run_after=2024-03-29T11:09:00+00:00
[2024-03-29T11:09:12.065+0000] {processor.py:179} INFO - Processing /usr/local/python/3.10.13/lib/python3.10/site-packages/airflow/example_dags/example_branch_python_dop_operator_3.py took 0.084 seconds
