[2024-03-29T11:00:01.800+0000] {processor.py:157} INFO - Started process (PID=14250) to work on /usr/local/python/3.10.13/lib/python3.10/site-packages/airflow/example_dags/example_sensor_decorator.py
[2024-03-29T11:00:01.801+0000] {processor.py:826} INFO - Processing file /usr/local/python/3.10.13/lib/python3.10/site-packages/airflow/example_dags/example_sensor_decorator.py for tasks to queue
[2024-03-29T11:00:01.801+0000] {logging_mixin.py:150} INFO - [2024-03-29T11:00:01.801+0000] {dagbag.py:541} INFO - Filling up the DagBag from /usr/local/python/3.10.13/lib/python3.10/site-packages/airflow/example_dags/example_sensor_decorator.py
[2024-03-29T11:00:01.805+0000] {processor.py:836} INFO - DAG(s) dict_keys(['example_sensor_decorator']) retrieved from /usr/local/python/3.10.13/lib/python3.10/site-packages/airflow/example_dags/example_sensor_decorator.py
[2024-03-29T11:00:01.943+0000] {logging_mixin.py:150} INFO - [2024-03-29T11:00:01.942+0000] {manager.py:504} INFO - Created Permission View: can delete on DAG:example_sensor_decorator
[2024-03-29T11:00:01.976+0000] {logging_mixin.py:150} INFO - [2024-03-29T11:00:01.976+0000] {manager.py:504} INFO - Created Permission View: can edit on DAG:example_sensor_decorator
[2024-03-29T11:00:02.007+0000] {logging_mixin.py:150} INFO - [2024-03-29T11:00:02.007+0000] {manager.py:504} INFO - Created Permission View: can read on DAG:example_sensor_decorator
[2024-03-29T11:00:02.017+0000] {logging_mixin.py:150} INFO - [2024-03-29T11:00:02.016+0000] {dag.py:2742} INFO - Sync 1 DAGs
[2024-03-29T11:00:02.024+0000] {logging_mixin.py:150} INFO - [2024-03-29T11:00:02.024+0000] {dag.py:2763} INFO - Creating ORM DAG for example_sensor_decorator
[2024-03-29T11:00:02.032+0000] {logging_mixin.py:150} INFO - [2024-03-29T11:00:02.031+0000] {dag.py:3504} INFO - Setting next_dagrun for example_sensor_decorator to None, run_after=None
[2024-03-29T11:00:02.086+0000] {processor.py:179} INFO - Processing /usr/local/python/3.10.13/lib/python3.10/site-packages/airflow/example_dags/example_sensor_decorator.py took 0.288 seconds
[2024-03-29T11:00:55.659+0000] {processor.py:157} INFO - Started process (PID=14622) to work on /usr/local/python/3.10.13/lib/python3.10/site-packages/airflow/example_dags/example_sensor_decorator.py
[2024-03-29T11:00:55.660+0000] {processor.py:826} INFO - Processing file /usr/local/python/3.10.13/lib/python3.10/site-packages/airflow/example_dags/example_sensor_decorator.py for tasks to queue
[2024-03-29T11:00:55.660+0000] {logging_mixin.py:150} INFO - [2024-03-29T11:00:55.660+0000] {dagbag.py:541} INFO - Filling up the DagBag from /usr/local/python/3.10.13/lib/python3.10/site-packages/airflow/example_dags/example_sensor_decorator.py
[2024-03-29T11:00:55.665+0000] {processor.py:836} INFO - DAG(s) dict_keys(['example_sensor_decorator']) retrieved from /usr/local/python/3.10.13/lib/python3.10/site-packages/airflow/example_dags/example_sensor_decorator.py
[2024-03-29T11:00:55.679+0000] {logging_mixin.py:150} INFO - [2024-03-29T11:00:55.678+0000] {dag.py:2742} INFO - Sync 1 DAGs
[2024-03-29T11:00:55.698+0000] {logging_mixin.py:150} INFO - [2024-03-29T11:00:55.698+0000] {dag.py:3504} INFO - Setting next_dagrun for example_sensor_decorator to None, run_after=None
[2024-03-29T11:00:55.742+0000] {processor.py:179} INFO - Processing /usr/local/python/3.10.13/lib/python3.10/site-packages/airflow/example_dags/example_sensor_decorator.py took 0.085 seconds
[2024-03-29T11:01:40.989+0000] {processor.py:157} INFO - Started process (PID=14939) to work on /usr/local/python/3.10.13/lib/python3.10/site-packages/airflow/example_dags/example_sensor_decorator.py
[2024-03-29T11:01:40.990+0000] {processor.py:826} INFO - Processing file /usr/local/python/3.10.13/lib/python3.10/site-packages/airflow/example_dags/example_sensor_decorator.py for tasks to queue
[2024-03-29T11:01:40.991+0000] {logging_mixin.py:150} INFO - [2024-03-29T11:01:40.990+0000] {dagbag.py:541} INFO - Filling up the DagBag from /usr/local/python/3.10.13/lib/python3.10/site-packages/airflow/example_dags/example_sensor_decorator.py
[2024-03-29T11:01:40.995+0000] {processor.py:836} INFO - DAG(s) dict_keys(['example_sensor_decorator']) retrieved from /usr/local/python/3.10.13/lib/python3.10/site-packages/airflow/example_dags/example_sensor_decorator.py
[2024-03-29T11:01:41.007+0000] {logging_mixin.py:150} INFO - [2024-03-29T11:01:41.007+0000] {dag.py:2742} INFO - Sync 1 DAGs
[2024-03-29T11:01:41.022+0000] {logging_mixin.py:150} INFO - [2024-03-29T11:01:41.022+0000] {dag.py:3504} INFO - Setting next_dagrun for example_sensor_decorator to None, run_after=None
[2024-03-29T11:01:41.061+0000] {processor.py:179} INFO - Processing /usr/local/python/3.10.13/lib/python3.10/site-packages/airflow/example_dags/example_sensor_decorator.py took 0.074 seconds
[2024-03-29T11:02:31.467+0000] {processor.py:157} INFO - Started process (PID=15301) to work on /usr/local/python/3.10.13/lib/python3.10/site-packages/airflow/example_dags/example_sensor_decorator.py
[2024-03-29T11:02:31.467+0000] {processor.py:826} INFO - Processing file /usr/local/python/3.10.13/lib/python3.10/site-packages/airflow/example_dags/example_sensor_decorator.py for tasks to queue
[2024-03-29T11:02:31.468+0000] {logging_mixin.py:150} INFO - [2024-03-29T11:02:31.468+0000] {dagbag.py:541} INFO - Filling up the DagBag from /usr/local/python/3.10.13/lib/python3.10/site-packages/airflow/example_dags/example_sensor_decorator.py
[2024-03-29T11:02:31.472+0000] {processor.py:836} INFO - DAG(s) dict_keys(['example_sensor_decorator']) retrieved from /usr/local/python/3.10.13/lib/python3.10/site-packages/airflow/example_dags/example_sensor_decorator.py
[2024-03-29T11:02:31.484+0000] {logging_mixin.py:150} INFO - [2024-03-29T11:02:31.484+0000] {dag.py:2742} INFO - Sync 1 DAGs
[2024-03-29T11:02:31.499+0000] {logging_mixin.py:150} INFO - [2024-03-29T11:02:31.499+0000] {dag.py:3504} INFO - Setting next_dagrun for example_sensor_decorator to None, run_after=None
[2024-03-29T11:02:31.541+0000] {processor.py:179} INFO - Processing /usr/local/python/3.10.13/lib/python3.10/site-packages/airflow/example_dags/example_sensor_decorator.py took 0.076 seconds
[2024-03-29T11:03:19.806+0000] {processor.py:157} INFO - Started process (PID=15647) to work on /usr/local/python/3.10.13/lib/python3.10/site-packages/airflow/example_dags/example_sensor_decorator.py
[2024-03-29T11:03:19.806+0000] {processor.py:826} INFO - Processing file /usr/local/python/3.10.13/lib/python3.10/site-packages/airflow/example_dags/example_sensor_decorator.py for tasks to queue
[2024-03-29T11:03:19.807+0000] {logging_mixin.py:150} INFO - [2024-03-29T11:03:19.807+0000] {dagbag.py:541} INFO - Filling up the DagBag from /usr/local/python/3.10.13/lib/python3.10/site-packages/airflow/example_dags/example_sensor_decorator.py
[2024-03-29T11:03:19.813+0000] {processor.py:836} INFO - DAG(s) dict_keys(['example_sensor_decorator']) retrieved from /usr/local/python/3.10.13/lib/python3.10/site-packages/airflow/example_dags/example_sensor_decorator.py
[2024-03-29T11:03:19.825+0000] {logging_mixin.py:150} INFO - [2024-03-29T11:03:19.825+0000] {dag.py:2742} INFO - Sync 1 DAGs
[2024-03-29T11:03:19.841+0000] {logging_mixin.py:150} INFO - [2024-03-29T11:03:19.841+0000] {dag.py:3504} INFO - Setting next_dagrun for example_sensor_decorator to None, run_after=None
[2024-03-29T11:03:19.878+0000] {processor.py:179} INFO - Processing /usr/local/python/3.10.13/lib/python3.10/site-packages/airflow/example_dags/example_sensor_decorator.py took 0.075 seconds
[2024-03-29T11:04:04.561+0000] {processor.py:157} INFO - Started process (PID=15981) to work on /usr/local/python/3.10.13/lib/python3.10/site-packages/airflow/example_dags/example_sensor_decorator.py
[2024-03-29T11:04:04.562+0000] {processor.py:826} INFO - Processing file /usr/local/python/3.10.13/lib/python3.10/site-packages/airflow/example_dags/example_sensor_decorator.py for tasks to queue
[2024-03-29T11:04:04.562+0000] {logging_mixin.py:150} INFO - [2024-03-29T11:04:04.562+0000] {dagbag.py:541} INFO - Filling up the DagBag from /usr/local/python/3.10.13/lib/python3.10/site-packages/airflow/example_dags/example_sensor_decorator.py
[2024-03-29T11:04:04.567+0000] {processor.py:836} INFO - DAG(s) dict_keys(['example_sensor_decorator']) retrieved from /usr/local/python/3.10.13/lib/python3.10/site-packages/airflow/example_dags/example_sensor_decorator.py
[2024-03-29T11:04:04.579+0000] {logging_mixin.py:150} INFO - [2024-03-29T11:04:04.579+0000] {dag.py:2742} INFO - Sync 1 DAGs
[2024-03-29T11:04:04.594+0000] {logging_mixin.py:150} INFO - [2024-03-29T11:04:04.594+0000] {dag.py:3504} INFO - Setting next_dagrun for example_sensor_decorator to None, run_after=None
[2024-03-29T11:04:04.635+0000] {processor.py:179} INFO - Processing /usr/local/python/3.10.13/lib/python3.10/site-packages/airflow/example_dags/example_sensor_decorator.py took 0.076 seconds
[2024-03-29T11:04:50.090+0000] {processor.py:157} INFO - Started process (PID=16288) to work on /usr/local/python/3.10.13/lib/python3.10/site-packages/airflow/example_dags/example_sensor_decorator.py
[2024-03-29T11:04:50.091+0000] {processor.py:826} INFO - Processing file /usr/local/python/3.10.13/lib/python3.10/site-packages/airflow/example_dags/example_sensor_decorator.py for tasks to queue
[2024-03-29T11:04:50.091+0000] {logging_mixin.py:150} INFO - [2024-03-29T11:04:50.091+0000] {dagbag.py:541} INFO - Filling up the DagBag from /usr/local/python/3.10.13/lib/python3.10/site-packages/airflow/example_dags/example_sensor_decorator.py
[2024-03-29T11:04:50.096+0000] {processor.py:836} INFO - DAG(s) dict_keys(['example_sensor_decorator']) retrieved from /usr/local/python/3.10.13/lib/python3.10/site-packages/airflow/example_dags/example_sensor_decorator.py
[2024-03-29T11:04:50.108+0000] {logging_mixin.py:150} INFO - [2024-03-29T11:04:50.108+0000] {dag.py:2742} INFO - Sync 1 DAGs
[2024-03-29T11:04:50.122+0000] {logging_mixin.py:150} INFO - [2024-03-29T11:04:50.122+0000] {dag.py:3504} INFO - Setting next_dagrun for example_sensor_decorator to None, run_after=None
[2024-03-29T11:04:50.165+0000] {processor.py:179} INFO - Processing /usr/local/python/3.10.13/lib/python3.10/site-packages/airflow/example_dags/example_sensor_decorator.py took 0.077 seconds
[2024-03-29T11:05:36.691+0000] {processor.py:157} INFO - Started process (PID=16626) to work on /usr/local/python/3.10.13/lib/python3.10/site-packages/airflow/example_dags/example_sensor_decorator.py
[2024-03-29T11:05:36.692+0000] {processor.py:826} INFO - Processing file /usr/local/python/3.10.13/lib/python3.10/site-packages/airflow/example_dags/example_sensor_decorator.py for tasks to queue
[2024-03-29T11:05:36.693+0000] {logging_mixin.py:150} INFO - [2024-03-29T11:05:36.693+0000] {dagbag.py:541} INFO - Filling up the DagBag from /usr/local/python/3.10.13/lib/python3.10/site-packages/airflow/example_dags/example_sensor_decorator.py
[2024-03-29T11:05:36.697+0000] {processor.py:836} INFO - DAG(s) dict_keys(['example_sensor_decorator']) retrieved from /usr/local/python/3.10.13/lib/python3.10/site-packages/airflow/example_dags/example_sensor_decorator.py
[2024-03-29T11:05:36.709+0000] {logging_mixin.py:150} INFO - [2024-03-29T11:05:36.709+0000] {dag.py:2742} INFO - Sync 1 DAGs
[2024-03-29T11:05:36.724+0000] {logging_mixin.py:150} INFO - [2024-03-29T11:05:36.724+0000] {dag.py:3504} INFO - Setting next_dagrun for example_sensor_decorator to None, run_after=None
[2024-03-29T11:05:36.763+0000] {processor.py:179} INFO - Processing /usr/local/python/3.10.13/lib/python3.10/site-packages/airflow/example_dags/example_sensor_decorator.py took 0.075 seconds
[2024-03-29T11:06:23.059+0000] {processor.py:157} INFO - Started process (PID=16947) to work on /usr/local/python/3.10.13/lib/python3.10/site-packages/airflow/example_dags/example_sensor_decorator.py
[2024-03-29T11:06:23.060+0000] {processor.py:826} INFO - Processing file /usr/local/python/3.10.13/lib/python3.10/site-packages/airflow/example_dags/example_sensor_decorator.py for tasks to queue
[2024-03-29T11:06:23.061+0000] {logging_mixin.py:150} INFO - [2024-03-29T11:06:23.061+0000] {dagbag.py:541} INFO - Filling up the DagBag from /usr/local/python/3.10.13/lib/python3.10/site-packages/airflow/example_dags/example_sensor_decorator.py
[2024-03-29T11:06:23.065+0000] {processor.py:836} INFO - DAG(s) dict_keys(['example_sensor_decorator']) retrieved from /usr/local/python/3.10.13/lib/python3.10/site-packages/airflow/example_dags/example_sensor_decorator.py
[2024-03-29T11:06:23.077+0000] {logging_mixin.py:150} INFO - [2024-03-29T11:06:23.077+0000] {dag.py:2742} INFO - Sync 1 DAGs
[2024-03-29T11:06:23.093+0000] {logging_mixin.py:150} INFO - [2024-03-29T11:06:23.093+0000] {dag.py:3504} INFO - Setting next_dagrun for example_sensor_decorator to None, run_after=None
[2024-03-29T11:06:23.139+0000] {processor.py:179} INFO - Processing /usr/local/python/3.10.13/lib/python3.10/site-packages/airflow/example_dags/example_sensor_decorator.py took 0.082 seconds
[2024-03-29T11:07:10.188+0000] {processor.py:157} INFO - Started process (PID=17287) to work on /usr/local/python/3.10.13/lib/python3.10/site-packages/airflow/example_dags/example_sensor_decorator.py
[2024-03-29T11:07:10.189+0000] {processor.py:826} INFO - Processing file /usr/local/python/3.10.13/lib/python3.10/site-packages/airflow/example_dags/example_sensor_decorator.py for tasks to queue
[2024-03-29T11:07:10.189+0000] {logging_mixin.py:150} INFO - [2024-03-29T11:07:10.189+0000] {dagbag.py:541} INFO - Filling up the DagBag from /usr/local/python/3.10.13/lib/python3.10/site-packages/airflow/example_dags/example_sensor_decorator.py
[2024-03-29T11:07:10.194+0000] {processor.py:836} INFO - DAG(s) dict_keys(['example_sensor_decorator']) retrieved from /usr/local/python/3.10.13/lib/python3.10/site-packages/airflow/example_dags/example_sensor_decorator.py
[2024-03-29T11:07:10.206+0000] {logging_mixin.py:150} INFO - [2024-03-29T11:07:10.206+0000] {dag.py:2742} INFO - Sync 1 DAGs
[2024-03-29T11:07:10.222+0000] {logging_mixin.py:150} INFO - [2024-03-29T11:07:10.222+0000] {dag.py:3504} INFO - Setting next_dagrun for example_sensor_decorator to None, run_after=None
[2024-03-29T11:07:10.262+0000] {processor.py:179} INFO - Processing /usr/local/python/3.10.13/lib/python3.10/site-packages/airflow/example_dags/example_sensor_decorator.py took 0.077 seconds
[2024-03-29T11:08:00.523+0000] {processor.py:157} INFO - Started process (PID=17645) to work on /usr/local/python/3.10.13/lib/python3.10/site-packages/airflow/example_dags/example_sensor_decorator.py
[2024-03-29T11:08:00.524+0000] {processor.py:826} INFO - Processing file /usr/local/python/3.10.13/lib/python3.10/site-packages/airflow/example_dags/example_sensor_decorator.py for tasks to queue
[2024-03-29T11:08:00.525+0000] {logging_mixin.py:150} INFO - [2024-03-29T11:08:00.524+0000] {dagbag.py:541} INFO - Filling up the DagBag from /usr/local/python/3.10.13/lib/python3.10/site-packages/airflow/example_dags/example_sensor_decorator.py
[2024-03-29T11:08:00.529+0000] {processor.py:836} INFO - DAG(s) dict_keys(['example_sensor_decorator']) retrieved from /usr/local/python/3.10.13/lib/python3.10/site-packages/airflow/example_dags/example_sensor_decorator.py
[2024-03-29T11:08:00.542+0000] {logging_mixin.py:150} INFO - [2024-03-29T11:08:00.542+0000] {dag.py:2742} INFO - Sync 1 DAGs
[2024-03-29T11:08:00.557+0000] {logging_mixin.py:150} INFO - [2024-03-29T11:08:00.557+0000] {dag.py:3504} INFO - Setting next_dagrun for example_sensor_decorator to None, run_after=None
[2024-03-29T11:08:00.596+0000] {processor.py:179} INFO - Processing /usr/local/python/3.10.13/lib/python3.10/site-packages/airflow/example_dags/example_sensor_decorator.py took 0.075 seconds
[2024-03-29T11:08:51.581+0000] {processor.py:157} INFO - Started process (PID=18249) to work on /usr/local/python/3.10.13/lib/python3.10/site-packages/airflow/example_dags/example_sensor_decorator.py
[2024-03-29T11:08:51.581+0000] {processor.py:826} INFO - Processing file /usr/local/python/3.10.13/lib/python3.10/site-packages/airflow/example_dags/example_sensor_decorator.py for tasks to queue
[2024-03-29T11:08:51.582+0000] {logging_mixin.py:150} INFO - [2024-03-29T11:08:51.582+0000] {dagbag.py:541} INFO - Filling up the DagBag from /usr/local/python/3.10.13/lib/python3.10/site-packages/airflow/example_dags/example_sensor_decorator.py
[2024-03-29T11:08:51.586+0000] {processor.py:836} INFO - DAG(s) dict_keys(['example_sensor_decorator']) retrieved from /usr/local/python/3.10.13/lib/python3.10/site-packages/airflow/example_dags/example_sensor_decorator.py
[2024-03-29T11:08:51.599+0000] {logging_mixin.py:150} INFO - [2024-03-29T11:08:51.599+0000] {dag.py:2742} INFO - Sync 1 DAGs
[2024-03-29T11:08:51.614+0000] {logging_mixin.py:150} INFO - [2024-03-29T11:08:51.614+0000] {dag.py:3504} INFO - Setting next_dagrun for example_sensor_decorator to None, run_after=None
[2024-03-29T11:08:51.654+0000] {processor.py:179} INFO - Processing /usr/local/python/3.10.13/lib/python3.10/site-packages/airflow/example_dags/example_sensor_decorator.py took 0.075 seconds
[2024-03-29T11:09:43.319+0000] {processor.py:157} INFO - Started process (PID=18820) to work on /usr/local/python/3.10.13/lib/python3.10/site-packages/airflow/example_dags/example_sensor_decorator.py
[2024-03-29T11:09:43.320+0000] {processor.py:826} INFO - Processing file /usr/local/python/3.10.13/lib/python3.10/site-packages/airflow/example_dags/example_sensor_decorator.py for tasks to queue
[2024-03-29T11:09:43.320+0000] {logging_mixin.py:150} INFO - [2024-03-29T11:09:43.320+0000] {dagbag.py:541} INFO - Filling up the DagBag from /usr/local/python/3.10.13/lib/python3.10/site-packages/airflow/example_dags/example_sensor_decorator.py
[2024-03-29T11:09:43.325+0000] {processor.py:836} INFO - DAG(s) dict_keys(['example_sensor_decorator']) retrieved from /usr/local/python/3.10.13/lib/python3.10/site-packages/airflow/example_dags/example_sensor_decorator.py
[2024-03-29T11:09:43.337+0000] {logging_mixin.py:150} INFO - [2024-03-29T11:09:43.336+0000] {dag.py:2742} INFO - Sync 1 DAGs
[2024-03-29T11:09:43.352+0000] {logging_mixin.py:150} INFO - [2024-03-29T11:09:43.352+0000] {dag.py:3504} INFO - Setting next_dagrun for example_sensor_decorator to None, run_after=None
[2024-03-29T11:09:43.391+0000] {processor.py:179} INFO - Processing /usr/local/python/3.10.13/lib/python3.10/site-packages/airflow/example_dags/example_sensor_decorator.py took 0.074 seconds
