[2024-03-29T10:59:46.408+0000] {processor.py:157} INFO - Started process (PID=14140) to work on /usr/local/python/3.10.13/lib/python3.10/site-packages/airflow/example_dags/example_subdag_operator.py
[2024-03-29T10:59:46.409+0000] {processor.py:826} INFO - Processing file /usr/local/python/3.10.13/lib/python3.10/site-packages/airflow/example_dags/example_subdag_operator.py for tasks to queue
[2024-03-29T10:59:46.409+0000] {logging_mixin.py:150} INFO - [2024-03-29T10:59:46.409+0000] {dagbag.py:541} INFO - Filling up the DagBag from /usr/local/python/3.10.13/lib/python3.10/site-packages/airflow/example_dags/example_subdag_operator.py
[2024-03-29T10:59:46.423+0000] {processor.py:836} INFO - DAG(s) dict_keys(['example_subdag_operator.section-1', 'example_subdag_operator.section-2', 'example_subdag_operator']) retrieved from /usr/local/python/3.10.13/lib/python3.10/site-packages/airflow/example_dags/example_subdag_operator.py
[2024-03-29T10:59:46.558+0000] {logging_mixin.py:150} INFO - [2024-03-29T10:59:46.558+0000] {manager.py:504} INFO - Created Permission View: can delete on DAG:example_subdag_operator
[2024-03-29T10:59:46.588+0000] {logging_mixin.py:150} INFO - [2024-03-29T10:59:46.588+0000] {manager.py:504} INFO - Created Permission View: can edit on DAG:example_subdag_operator
[2024-03-29T10:59:46.619+0000] {logging_mixin.py:150} INFO - [2024-03-29T10:59:46.619+0000] {manager.py:504} INFO - Created Permission View: can read on DAG:example_subdag_operator
[2024-03-29T10:59:46.629+0000] {logging_mixin.py:150} INFO - [2024-03-29T10:59:46.629+0000] {dag.py:2742} INFO - Sync 3 DAGs
[2024-03-29T10:59:46.636+0000] {logging_mixin.py:150} INFO - [2024-03-29T10:59:46.636+0000] {dag.py:2763} INFO - Creating ORM DAG for example_subdag_operator
[2024-03-29T10:59:46.637+0000] {logging_mixin.py:150} INFO - [2024-03-29T10:59:46.637+0000] {dag.py:2763} INFO - Creating ORM DAG for example_subdag_operator.section-1
[2024-03-29T10:59:46.637+0000] {logging_mixin.py:150} INFO - [2024-03-29T10:59:46.637+0000] {dag.py:2763} INFO - Creating ORM DAG for example_subdag_operator.section-2
[2024-03-29T10:59:46.644+0000] {logging_mixin.py:150} INFO - [2024-03-29T10:59:46.644+0000] {dag.py:3504} INFO - Setting next_dagrun for example_subdag_operator to 2022-01-01T00:00:00+00:00, run_after=2022-01-01T00:00:00+00:00
[2024-03-29T10:59:46.645+0000] {logging_mixin.py:150} INFO - [2024-03-29T10:59:46.645+0000] {dag.py:3504} INFO - Setting next_dagrun for example_subdag_operator.section-1 to None, run_after=None
[2024-03-29T10:59:46.645+0000] {logging_mixin.py:150} INFO - [2024-03-29T10:59:46.645+0000] {dag.py:3504} INFO - Setting next_dagrun for example_subdag_operator.section-2 to None, run_after=None
[2024-03-29T10:59:46.651+0000] {logging_mixin.py:150} INFO - [2024-03-29T10:59:46.650+0000] {dag.py:2742} INFO - Sync 2 DAGs
[2024-03-29T10:59:46.654+0000] {logging_mixin.py:150} INFO - [2024-03-29T10:59:46.654+0000] {dag.py:3504} INFO - Setting next_dagrun for example_subdag_operator.section-1 to None, run_after=None
[2024-03-29T10:59:46.655+0000] {logging_mixin.py:150} INFO - [2024-03-29T10:59:46.655+0000] {dag.py:3504} INFO - Setting next_dagrun for example_subdag_operator.section-2 to None, run_after=None
[2024-03-29T10:59:46.695+0000] {processor.py:179} INFO - Processing /usr/local/python/3.10.13/lib/python3.10/site-packages/airflow/example_dags/example_subdag_operator.py took 0.289 seconds
[2024-03-29T11:00:44.071+0000] {processor.py:157} INFO - Started process (PID=14544) to work on /usr/local/python/3.10.13/lib/python3.10/site-packages/airflow/example_dags/example_subdag_operator.py
[2024-03-29T11:00:44.071+0000] {processor.py:826} INFO - Processing file /usr/local/python/3.10.13/lib/python3.10/site-packages/airflow/example_dags/example_subdag_operator.py for tasks to queue
[2024-03-29T11:00:44.072+0000] {logging_mixin.py:150} INFO - [2024-03-29T11:00:44.072+0000] {dagbag.py:541} INFO - Filling up the DagBag from /usr/local/python/3.10.13/lib/python3.10/site-packages/airflow/example_dags/example_subdag_operator.py
[2024-03-29T11:00:44.088+0000] {processor.py:836} INFO - DAG(s) dict_keys(['example_subdag_operator.section-1', 'example_subdag_operator.section-2', 'example_subdag_operator']) retrieved from /usr/local/python/3.10.13/lib/python3.10/site-packages/airflow/example_dags/example_subdag_operator.py
[2024-03-29T11:00:44.106+0000] {logging_mixin.py:150} INFO - [2024-03-29T11:00:44.105+0000] {dag.py:2742} INFO - Sync 3 DAGs
[2024-03-29T11:00:44.129+0000] {logging_mixin.py:150} INFO - [2024-03-29T11:00:44.129+0000] {dag.py:3504} INFO - Setting next_dagrun for example_subdag_operator to 2022-01-01T00:00:00+00:00, run_after=2022-01-01T00:00:00+00:00
[2024-03-29T11:00:44.133+0000] {logging_mixin.py:150} INFO - [2024-03-29T11:00:44.133+0000] {dag.py:3504} INFO - Setting next_dagrun for example_subdag_operator.section-1 to None, run_after=None
[2024-03-29T11:00:44.134+0000] {logging_mixin.py:150} INFO - [2024-03-29T11:00:44.134+0000] {dag.py:3504} INFO - Setting next_dagrun for example_subdag_operator.section-2 to None, run_after=None
[2024-03-29T11:00:44.141+0000] {logging_mixin.py:150} INFO - [2024-03-29T11:00:44.141+0000] {dag.py:2742} INFO - Sync 2 DAGs
[2024-03-29T11:00:44.145+0000] {logging_mixin.py:150} INFO - [2024-03-29T11:00:44.145+0000] {dag.py:3504} INFO - Setting next_dagrun for example_subdag_operator.section-1 to None, run_after=None
[2024-03-29T11:00:44.146+0000] {logging_mixin.py:150} INFO - [2024-03-29T11:00:44.146+0000] {dag.py:3504} INFO - Setting next_dagrun for example_subdag_operator.section-2 to None, run_after=None
[2024-03-29T11:00:44.182+0000] {processor.py:179} INFO - Processing /usr/local/python/3.10.13/lib/python3.10/site-packages/airflow/example_dags/example_subdag_operator.py took 0.114 seconds
[2024-03-29T11:01:26.686+0000] {processor.py:157} INFO - Started process (PID=14849) to work on /usr/local/python/3.10.13/lib/python3.10/site-packages/airflow/example_dags/example_subdag_operator.py
[2024-03-29T11:01:26.686+0000] {processor.py:826} INFO - Processing file /usr/local/python/3.10.13/lib/python3.10/site-packages/airflow/example_dags/example_subdag_operator.py for tasks to queue
[2024-03-29T11:01:26.687+0000] {logging_mixin.py:150} INFO - [2024-03-29T11:01:26.687+0000] {dagbag.py:541} INFO - Filling up the DagBag from /usr/local/python/3.10.13/lib/python3.10/site-packages/airflow/example_dags/example_subdag_operator.py
[2024-03-29T11:01:26.701+0000] {processor.py:836} INFO - DAG(s) dict_keys(['example_subdag_operator.section-1', 'example_subdag_operator.section-2', 'example_subdag_operator']) retrieved from /usr/local/python/3.10.13/lib/python3.10/site-packages/airflow/example_dags/example_subdag_operator.py
[2024-03-29T11:01:26.713+0000] {logging_mixin.py:150} INFO - [2024-03-29T11:01:26.713+0000] {dag.py:2742} INFO - Sync 3 DAGs
[2024-03-29T11:01:26.729+0000] {logging_mixin.py:150} INFO - [2024-03-29T11:01:26.729+0000] {dag.py:3504} INFO - Setting next_dagrun for example_subdag_operator to 2022-01-01T00:00:00+00:00, run_after=2022-01-01T00:00:00+00:00
[2024-03-29T11:01:26.731+0000] {logging_mixin.py:150} INFO - [2024-03-29T11:01:26.731+0000] {dag.py:3504} INFO - Setting next_dagrun for example_subdag_operator.section-1 to None, run_after=None
[2024-03-29T11:01:26.732+0000] {logging_mixin.py:150} INFO - [2024-03-29T11:01:26.732+0000] {dag.py:3504} INFO - Setting next_dagrun for example_subdag_operator.section-2 to None, run_after=None
[2024-03-29T11:01:26.736+0000] {logging_mixin.py:150} INFO - [2024-03-29T11:01:26.736+0000] {dag.py:2742} INFO - Sync 2 DAGs
[2024-03-29T11:01:26.739+0000] {logging_mixin.py:150} INFO - [2024-03-29T11:01:26.739+0000] {dag.py:3504} INFO - Setting next_dagrun for example_subdag_operator.section-1 to None, run_after=None
[2024-03-29T11:01:26.740+0000] {logging_mixin.py:150} INFO - [2024-03-29T11:01:26.740+0000] {dag.py:3504} INFO - Setting next_dagrun for example_subdag_operator.section-2 to None, run_after=None
[2024-03-29T11:01:26.773+0000] {processor.py:179} INFO - Processing /usr/local/python/3.10.13/lib/python3.10/site-packages/airflow/example_dags/example_subdag_operator.py took 0.090 seconds
[2024-03-29T11:02:12.156+0000] {processor.py:157} INFO - Started process (PID=15163) to work on /usr/local/python/3.10.13/lib/python3.10/site-packages/airflow/example_dags/example_subdag_operator.py
[2024-03-29T11:02:12.157+0000] {processor.py:826} INFO - Processing file /usr/local/python/3.10.13/lib/python3.10/site-packages/airflow/example_dags/example_subdag_operator.py for tasks to queue
[2024-03-29T11:02:12.157+0000] {logging_mixin.py:150} INFO - [2024-03-29T11:02:12.157+0000] {dagbag.py:541} INFO - Filling up the DagBag from /usr/local/python/3.10.13/lib/python3.10/site-packages/airflow/example_dags/example_subdag_operator.py
[2024-03-29T11:02:12.172+0000] {processor.py:836} INFO - DAG(s) dict_keys(['example_subdag_operator.section-1', 'example_subdag_operator.section-2', 'example_subdag_operator']) retrieved from /usr/local/python/3.10.13/lib/python3.10/site-packages/airflow/example_dags/example_subdag_operator.py
[2024-03-29T11:02:12.184+0000] {logging_mixin.py:150} INFO - [2024-03-29T11:02:12.184+0000] {dag.py:2742} INFO - Sync 3 DAGs
[2024-03-29T11:02:12.199+0000] {logging_mixin.py:150} INFO - [2024-03-29T11:02:12.199+0000] {dag.py:3504} INFO - Setting next_dagrun for example_subdag_operator to 2022-01-01T00:00:00+00:00, run_after=2022-01-01T00:00:00+00:00
[2024-03-29T11:02:12.201+0000] {logging_mixin.py:150} INFO - [2024-03-29T11:02:12.201+0000] {dag.py:3504} INFO - Setting next_dagrun for example_subdag_operator.section-1 to None, run_after=None
[2024-03-29T11:02:12.202+0000] {logging_mixin.py:150} INFO - [2024-03-29T11:02:12.201+0000] {dag.py:3504} INFO - Setting next_dagrun for example_subdag_operator.section-2 to None, run_after=None
[2024-03-29T11:02:12.206+0000] {logging_mixin.py:150} INFO - [2024-03-29T11:02:12.206+0000] {dag.py:2742} INFO - Sync 2 DAGs
[2024-03-29T11:02:12.209+0000] {logging_mixin.py:150} INFO - [2024-03-29T11:02:12.209+0000] {dag.py:3504} INFO - Setting next_dagrun for example_subdag_operator.section-1 to None, run_after=None
[2024-03-29T11:02:12.209+0000] {logging_mixin.py:150} INFO - [2024-03-29T11:02:12.209+0000] {dag.py:3504} INFO - Setting next_dagrun for example_subdag_operator.section-2 to None, run_after=None
[2024-03-29T11:02:12.246+0000] {processor.py:179} INFO - Processing /usr/local/python/3.10.13/lib/python3.10/site-packages/airflow/example_dags/example_subdag_operator.py took 0.092 seconds
[2024-03-29T11:03:02.568+0000] {processor.py:157} INFO - Started process (PID=15510) to work on /usr/local/python/3.10.13/lib/python3.10/site-packages/airflow/example_dags/example_subdag_operator.py
[2024-03-29T11:03:02.569+0000] {processor.py:826} INFO - Processing file /usr/local/python/3.10.13/lib/python3.10/site-packages/airflow/example_dags/example_subdag_operator.py for tasks to queue
[2024-03-29T11:03:02.570+0000] {logging_mixin.py:150} INFO - [2024-03-29T11:03:02.569+0000] {dagbag.py:541} INFO - Filling up the DagBag from /usr/local/python/3.10.13/lib/python3.10/site-packages/airflow/example_dags/example_subdag_operator.py
[2024-03-29T11:03:02.586+0000] {processor.py:836} INFO - DAG(s) dict_keys(['example_subdag_operator.section-1', 'example_subdag_operator.section-2', 'example_subdag_operator']) retrieved from /usr/local/python/3.10.13/lib/python3.10/site-packages/airflow/example_dags/example_subdag_operator.py
[2024-03-29T11:03:02.598+0000] {logging_mixin.py:150} INFO - [2024-03-29T11:03:02.598+0000] {dag.py:2742} INFO - Sync 3 DAGs
[2024-03-29T11:03:02.612+0000] {logging_mixin.py:150} INFO - [2024-03-29T11:03:02.612+0000] {dag.py:3504} INFO - Setting next_dagrun for example_subdag_operator to 2022-01-01T00:00:00+00:00, run_after=2022-01-01T00:00:00+00:00
[2024-03-29T11:03:02.614+0000] {logging_mixin.py:150} INFO - [2024-03-29T11:03:02.614+0000] {dag.py:3504} INFO - Setting next_dagrun for example_subdag_operator.section-1 to None, run_after=None
[2024-03-29T11:03:02.615+0000] {logging_mixin.py:150} INFO - [2024-03-29T11:03:02.615+0000] {dag.py:3504} INFO - Setting next_dagrun for example_subdag_operator.section-2 to None, run_after=None
[2024-03-29T11:03:02.620+0000] {logging_mixin.py:150} INFO - [2024-03-29T11:03:02.620+0000] {dag.py:2742} INFO - Sync 2 DAGs
[2024-03-29T11:03:02.623+0000] {logging_mixin.py:150} INFO - [2024-03-29T11:03:02.623+0000] {dag.py:3504} INFO - Setting next_dagrun for example_subdag_operator.section-1 to None, run_after=None
[2024-03-29T11:03:02.623+0000] {logging_mixin.py:150} INFO - [2024-03-29T11:03:02.623+0000] {dag.py:3504} INFO - Setting next_dagrun for example_subdag_operator.section-2 to None, run_after=None
[2024-03-29T11:03:02.657+0000] {processor.py:179} INFO - Processing /usr/local/python/3.10.13/lib/python3.10/site-packages/airflow/example_dags/example_subdag_operator.py took 0.091 seconds
[2024-03-29T11:03:45.817+0000] {processor.py:157} INFO - Started process (PID=15847) to work on /usr/local/python/3.10.13/lib/python3.10/site-packages/airflow/example_dags/example_subdag_operator.py
[2024-03-29T11:03:45.818+0000] {processor.py:826} INFO - Processing file /usr/local/python/3.10.13/lib/python3.10/site-packages/airflow/example_dags/example_subdag_operator.py for tasks to queue
[2024-03-29T11:03:45.818+0000] {logging_mixin.py:150} INFO - [2024-03-29T11:03:45.818+0000] {dagbag.py:541} INFO - Filling up the DagBag from /usr/local/python/3.10.13/lib/python3.10/site-packages/airflow/example_dags/example_subdag_operator.py
[2024-03-29T11:03:45.836+0000] {processor.py:836} INFO - DAG(s) dict_keys(['example_subdag_operator.section-1', 'example_subdag_operator.section-2', 'example_subdag_operator']) retrieved from /usr/local/python/3.10.13/lib/python3.10/site-packages/airflow/example_dags/example_subdag_operator.py
[2024-03-29T11:03:45.854+0000] {logging_mixin.py:150} INFO - [2024-03-29T11:03:45.854+0000] {dag.py:2742} INFO - Sync 3 DAGs
[2024-03-29T11:03:45.875+0000] {logging_mixin.py:150} INFO - [2024-03-29T11:03:45.875+0000] {dag.py:3504} INFO - Setting next_dagrun for example_subdag_operator to 2022-01-01T00:00:00+00:00, run_after=2022-01-01T00:00:00+00:00
[2024-03-29T11:03:45.878+0000] {logging_mixin.py:150} INFO - [2024-03-29T11:03:45.878+0000] {dag.py:3504} INFO - Setting next_dagrun for example_subdag_operator.section-1 to None, run_after=None
[2024-03-29T11:03:45.879+0000] {logging_mixin.py:150} INFO - [2024-03-29T11:03:45.879+0000] {dag.py:3504} INFO - Setting next_dagrun for example_subdag_operator.section-2 to None, run_after=None
[2024-03-29T11:03:45.886+0000] {logging_mixin.py:150} INFO - [2024-03-29T11:03:45.886+0000] {dag.py:2742} INFO - Sync 2 DAGs
[2024-03-29T11:03:45.890+0000] {logging_mixin.py:150} INFO - [2024-03-29T11:03:45.890+0000] {dag.py:3504} INFO - Setting next_dagrun for example_subdag_operator.section-1 to None, run_after=None
[2024-03-29T11:03:45.891+0000] {logging_mixin.py:150} INFO - [2024-03-29T11:03:45.891+0000] {dag.py:3504} INFO - Setting next_dagrun for example_subdag_operator.section-2 to None, run_after=None
[2024-03-29T11:03:45.930+0000] {processor.py:179} INFO - Processing /usr/local/python/3.10.13/lib/python3.10/site-packages/airflow/example_dags/example_subdag_operator.py took 0.115 seconds
[2024-03-29T11:04:32.706+0000] {processor.py:157} INFO - Started process (PID=16166) to work on /usr/local/python/3.10.13/lib/python3.10/site-packages/airflow/example_dags/example_subdag_operator.py
[2024-03-29T11:04:32.707+0000] {processor.py:826} INFO - Processing file /usr/local/python/3.10.13/lib/python3.10/site-packages/airflow/example_dags/example_subdag_operator.py for tasks to queue
[2024-03-29T11:04:32.707+0000] {logging_mixin.py:150} INFO - [2024-03-29T11:04:32.707+0000] {dagbag.py:541} INFO - Filling up the DagBag from /usr/local/python/3.10.13/lib/python3.10/site-packages/airflow/example_dags/example_subdag_operator.py
[2024-03-29T11:04:32.722+0000] {processor.py:836} INFO - DAG(s) dict_keys(['example_subdag_operator.section-1', 'example_subdag_operator.section-2', 'example_subdag_operator']) retrieved from /usr/local/python/3.10.13/lib/python3.10/site-packages/airflow/example_dags/example_subdag_operator.py
[2024-03-29T11:04:32.733+0000] {logging_mixin.py:150} INFO - [2024-03-29T11:04:32.733+0000] {dag.py:2742} INFO - Sync 3 DAGs
[2024-03-29T11:04:32.748+0000] {logging_mixin.py:150} INFO - [2024-03-29T11:04:32.748+0000] {dag.py:3504} INFO - Setting next_dagrun for example_subdag_operator to 2022-01-01T00:00:00+00:00, run_after=2022-01-01T00:00:00+00:00
[2024-03-29T11:04:32.750+0000] {logging_mixin.py:150} INFO - [2024-03-29T11:04:32.750+0000] {dag.py:3504} INFO - Setting next_dagrun for example_subdag_operator.section-1 to None, run_after=None
[2024-03-29T11:04:32.751+0000] {logging_mixin.py:150} INFO - [2024-03-29T11:04:32.751+0000] {dag.py:3504} INFO - Setting next_dagrun for example_subdag_operator.section-2 to None, run_after=None
[2024-03-29T11:04:32.756+0000] {logging_mixin.py:150} INFO - [2024-03-29T11:04:32.755+0000] {dag.py:2742} INFO - Sync 2 DAGs
[2024-03-29T11:04:32.758+0000] {logging_mixin.py:150} INFO - [2024-03-29T11:04:32.758+0000] {dag.py:3504} INFO - Setting next_dagrun for example_subdag_operator.section-1 to None, run_after=None
[2024-03-29T11:04:32.759+0000] {logging_mixin.py:150} INFO - [2024-03-29T11:04:32.759+0000] {dag.py:3504} INFO - Setting next_dagrun for example_subdag_operator.section-2 to None, run_after=None
[2024-03-29T11:04:32.793+0000] {processor.py:179} INFO - Processing /usr/local/python/3.10.13/lib/python3.10/site-packages/airflow/example_dags/example_subdag_operator.py took 0.089 seconds
[2024-03-29T11:05:20.372+0000] {processor.py:157} INFO - Started process (PID=16501) to work on /usr/local/python/3.10.13/lib/python3.10/site-packages/airflow/example_dags/example_subdag_operator.py
[2024-03-29T11:05:20.373+0000] {processor.py:826} INFO - Processing file /usr/local/python/3.10.13/lib/python3.10/site-packages/airflow/example_dags/example_subdag_operator.py for tasks to queue
[2024-03-29T11:05:20.374+0000] {logging_mixin.py:150} INFO - [2024-03-29T11:05:20.373+0000] {dagbag.py:541} INFO - Filling up the DagBag from /usr/local/python/3.10.13/lib/python3.10/site-packages/airflow/example_dags/example_subdag_operator.py
[2024-03-29T11:05:20.389+0000] {processor.py:836} INFO - DAG(s) dict_keys(['example_subdag_operator.section-1', 'example_subdag_operator.section-2', 'example_subdag_operator']) retrieved from /usr/local/python/3.10.13/lib/python3.10/site-packages/airflow/example_dags/example_subdag_operator.py
[2024-03-29T11:05:20.400+0000] {logging_mixin.py:150} INFO - [2024-03-29T11:05:20.400+0000] {dag.py:2742} INFO - Sync 3 DAGs
[2024-03-29T11:05:20.415+0000] {logging_mixin.py:150} INFO - [2024-03-29T11:05:20.415+0000] {dag.py:3504} INFO - Setting next_dagrun for example_subdag_operator to 2022-01-01T00:00:00+00:00, run_after=2022-01-01T00:00:00+00:00
[2024-03-29T11:05:20.417+0000] {logging_mixin.py:150} INFO - [2024-03-29T11:05:20.417+0000] {dag.py:3504} INFO - Setting next_dagrun for example_subdag_operator.section-1 to None, run_after=None
[2024-03-29T11:05:20.418+0000] {logging_mixin.py:150} INFO - [2024-03-29T11:05:20.418+0000] {dag.py:3504} INFO - Setting next_dagrun for example_subdag_operator.section-2 to None, run_after=None
[2024-03-29T11:05:20.422+0000] {logging_mixin.py:150} INFO - [2024-03-29T11:05:20.422+0000] {dag.py:2742} INFO - Sync 2 DAGs
[2024-03-29T11:05:20.425+0000] {logging_mixin.py:150} INFO - [2024-03-29T11:05:20.425+0000] {dag.py:3504} INFO - Setting next_dagrun for example_subdag_operator.section-1 to None, run_after=None
[2024-03-29T11:05:20.425+0000] {logging_mixin.py:150} INFO - [2024-03-29T11:05:20.425+0000] {dag.py:3504} INFO - Setting next_dagrun for example_subdag_operator.section-2 to None, run_after=None
[2024-03-29T11:05:20.464+0000] {processor.py:179} INFO - Processing /usr/local/python/3.10.13/lib/python3.10/site-packages/airflow/example_dags/example_subdag_operator.py took 0.094 seconds
[2024-03-29T11:06:05.824+0000] {processor.py:157} INFO - Started process (PID=16813) to work on /usr/local/python/3.10.13/lib/python3.10/site-packages/airflow/example_dags/example_subdag_operator.py
[2024-03-29T11:06:05.825+0000] {processor.py:826} INFO - Processing file /usr/local/python/3.10.13/lib/python3.10/site-packages/airflow/example_dags/example_subdag_operator.py for tasks to queue
[2024-03-29T11:06:05.826+0000] {logging_mixin.py:150} INFO - [2024-03-29T11:06:05.826+0000] {dagbag.py:541} INFO - Filling up the DagBag from /usr/local/python/3.10.13/lib/python3.10/site-packages/airflow/example_dags/example_subdag_operator.py
[2024-03-29T11:06:05.840+0000] {processor.py:836} INFO - DAG(s) dict_keys(['example_subdag_operator.section-1', 'example_subdag_operator.section-2', 'example_subdag_operator']) retrieved from /usr/local/python/3.10.13/lib/python3.10/site-packages/airflow/example_dags/example_subdag_operator.py
[2024-03-29T11:06:05.852+0000] {logging_mixin.py:150} INFO - [2024-03-29T11:06:05.852+0000] {dag.py:2742} INFO - Sync 3 DAGs
[2024-03-29T11:06:05.867+0000] {logging_mixin.py:150} INFO - [2024-03-29T11:06:05.867+0000] {dag.py:3504} INFO - Setting next_dagrun for example_subdag_operator to 2022-01-01T00:00:00+00:00, run_after=2022-01-01T00:00:00+00:00
[2024-03-29T11:06:05.869+0000] {logging_mixin.py:150} INFO - [2024-03-29T11:06:05.869+0000] {dag.py:3504} INFO - Setting next_dagrun for example_subdag_operator.section-1 to None, run_after=None
[2024-03-29T11:06:05.870+0000] {logging_mixin.py:150} INFO - [2024-03-29T11:06:05.870+0000] {dag.py:3504} INFO - Setting next_dagrun for example_subdag_operator.section-2 to None, run_after=None
[2024-03-29T11:06:05.875+0000] {logging_mixin.py:150} INFO - [2024-03-29T11:06:05.875+0000] {dag.py:2742} INFO - Sync 2 DAGs
[2024-03-29T11:06:05.878+0000] {logging_mixin.py:150} INFO - [2024-03-29T11:06:05.878+0000] {dag.py:3504} INFO - Setting next_dagrun for example_subdag_operator.section-1 to None, run_after=None
[2024-03-29T11:06:05.878+0000] {logging_mixin.py:150} INFO - [2024-03-29T11:06:05.878+0000] {dag.py:3504} INFO - Setting next_dagrun for example_subdag_operator.section-2 to None, run_after=None
[2024-03-29T11:06:05.913+0000] {processor.py:179} INFO - Processing /usr/local/python/3.10.13/lib/python3.10/site-packages/airflow/example_dags/example_subdag_operator.py took 0.091 seconds
[2024-03-29T11:06:53.928+0000] {processor.py:157} INFO - Started process (PID=17164) to work on /usr/local/python/3.10.13/lib/python3.10/site-packages/airflow/example_dags/example_subdag_operator.py
[2024-03-29T11:06:53.929+0000] {processor.py:826} INFO - Processing file /usr/local/python/3.10.13/lib/python3.10/site-packages/airflow/example_dags/example_subdag_operator.py for tasks to queue
[2024-03-29T11:06:53.930+0000] {logging_mixin.py:150} INFO - [2024-03-29T11:06:53.929+0000] {dagbag.py:541} INFO - Filling up the DagBag from /usr/local/python/3.10.13/lib/python3.10/site-packages/airflow/example_dags/example_subdag_operator.py
[2024-03-29T11:06:53.944+0000] {processor.py:836} INFO - DAG(s) dict_keys(['example_subdag_operator.section-1', 'example_subdag_operator.section-2', 'example_subdag_operator']) retrieved from /usr/local/python/3.10.13/lib/python3.10/site-packages/airflow/example_dags/example_subdag_operator.py
[2024-03-29T11:06:53.956+0000] {logging_mixin.py:150} INFO - [2024-03-29T11:06:53.955+0000] {dag.py:2742} INFO - Sync 3 DAGs
[2024-03-29T11:06:53.973+0000] {logging_mixin.py:150} INFO - [2024-03-29T11:06:53.972+0000] {dag.py:3504} INFO - Setting next_dagrun for example_subdag_operator to 2022-01-01T00:00:00+00:00, run_after=2022-01-01T00:00:00+00:00
[2024-03-29T11:06:53.976+0000] {logging_mixin.py:150} INFO - [2024-03-29T11:06:53.975+0000] {dag.py:3504} INFO - Setting next_dagrun for example_subdag_operator.section-1 to None, run_after=None
[2024-03-29T11:06:53.977+0000] {logging_mixin.py:150} INFO - [2024-03-29T11:06:53.976+0000] {dag.py:3504} INFO - Setting next_dagrun for example_subdag_operator.section-2 to None, run_after=None
[2024-03-29T11:06:53.983+0000] {logging_mixin.py:150} INFO - [2024-03-29T11:06:53.982+0000] {dag.py:2742} INFO - Sync 2 DAGs
[2024-03-29T11:06:53.986+0000] {logging_mixin.py:150} INFO - [2024-03-29T11:06:53.986+0000] {dag.py:3504} INFO - Setting next_dagrun for example_subdag_operator.section-1 to None, run_after=None
[2024-03-29T11:06:53.987+0000] {logging_mixin.py:150} INFO - [2024-03-29T11:06:53.987+0000] {dag.py:3504} INFO - Setting next_dagrun for example_subdag_operator.section-2 to None, run_after=None
[2024-03-29T11:06:54.023+0000] {processor.py:179} INFO - Processing /usr/local/python/3.10.13/lib/python3.10/site-packages/airflow/example_dags/example_subdag_operator.py took 0.098 seconds
[2024-03-29T11:07:44.377+0000] {processor.py:157} INFO - Started process (PID=17525) to work on /usr/local/python/3.10.13/lib/python3.10/site-packages/airflow/example_dags/example_subdag_operator.py
[2024-03-29T11:07:44.378+0000] {processor.py:826} INFO - Processing file /usr/local/python/3.10.13/lib/python3.10/site-packages/airflow/example_dags/example_subdag_operator.py for tasks to queue
[2024-03-29T11:07:44.378+0000] {logging_mixin.py:150} INFO - [2024-03-29T11:07:44.378+0000] {dagbag.py:541} INFO - Filling up the DagBag from /usr/local/python/3.10.13/lib/python3.10/site-packages/airflow/example_dags/example_subdag_operator.py
[2024-03-29T11:07:44.393+0000] {processor.py:836} INFO - DAG(s) dict_keys(['example_subdag_operator.section-1', 'example_subdag_operator.section-2', 'example_subdag_operator']) retrieved from /usr/local/python/3.10.13/lib/python3.10/site-packages/airflow/example_dags/example_subdag_operator.py
[2024-03-29T11:07:44.405+0000] {logging_mixin.py:150} INFO - [2024-03-29T11:07:44.405+0000] {dag.py:2742} INFO - Sync 3 DAGs
[2024-03-29T11:07:44.421+0000] {logging_mixin.py:150} INFO - [2024-03-29T11:07:44.421+0000] {dag.py:3504} INFO - Setting next_dagrun for example_subdag_operator to 2022-01-01T00:00:00+00:00, run_after=2022-01-01T00:00:00+00:00
[2024-03-29T11:07:44.424+0000] {logging_mixin.py:150} INFO - [2024-03-29T11:07:44.424+0000] {dag.py:3504} INFO - Setting next_dagrun for example_subdag_operator.section-1 to None, run_after=None
[2024-03-29T11:07:44.425+0000] {logging_mixin.py:150} INFO - [2024-03-29T11:07:44.425+0000] {dag.py:3504} INFO - Setting next_dagrun for example_subdag_operator.section-2 to None, run_after=None
[2024-03-29T11:07:44.430+0000] {logging_mixin.py:150} INFO - [2024-03-29T11:07:44.429+0000] {dag.py:2742} INFO - Sync 2 DAGs
[2024-03-29T11:07:44.433+0000] {logging_mixin.py:150} INFO - [2024-03-29T11:07:44.433+0000] {dag.py:3504} INFO - Setting next_dagrun for example_subdag_operator.section-1 to None, run_after=None
[2024-03-29T11:07:44.433+0000] {logging_mixin.py:150} INFO - [2024-03-29T11:07:44.433+0000] {dag.py:3504} INFO - Setting next_dagrun for example_subdag_operator.section-2 to None, run_after=None
[2024-03-29T11:07:44.471+0000] {processor.py:179} INFO - Processing /usr/local/python/3.10.13/lib/python3.10/site-packages/airflow/example_dags/example_subdag_operator.py took 0.096 seconds
[2024-03-29T11:08:34.740+0000] {processor.py:157} INFO - Started process (PID=18016) to work on /usr/local/python/3.10.13/lib/python3.10/site-packages/airflow/example_dags/example_subdag_operator.py
[2024-03-29T11:08:34.742+0000] {processor.py:826} INFO - Processing file /usr/local/python/3.10.13/lib/python3.10/site-packages/airflow/example_dags/example_subdag_operator.py for tasks to queue
[2024-03-29T11:08:34.743+0000] {logging_mixin.py:150} INFO - [2024-03-29T11:08:34.742+0000] {dagbag.py:541} INFO - Filling up the DagBag from /usr/local/python/3.10.13/lib/python3.10/site-packages/airflow/example_dags/example_subdag_operator.py
[2024-03-29T11:08:34.758+0000] {processor.py:836} INFO - DAG(s) dict_keys(['example_subdag_operator.section-1', 'example_subdag_operator.section-2', 'example_subdag_operator']) retrieved from /usr/local/python/3.10.13/lib/python3.10/site-packages/airflow/example_dags/example_subdag_operator.py
[2024-03-29T11:08:34.771+0000] {logging_mixin.py:150} INFO - [2024-03-29T11:08:34.771+0000] {dag.py:2742} INFO - Sync 3 DAGs
[2024-03-29T11:08:34.787+0000] {logging_mixin.py:150} INFO - [2024-03-29T11:08:34.787+0000] {dag.py:3504} INFO - Setting next_dagrun for example_subdag_operator to 2022-01-01T00:00:00+00:00, run_after=2022-01-01T00:00:00+00:00
[2024-03-29T11:08:34.789+0000] {logging_mixin.py:150} INFO - [2024-03-29T11:08:34.789+0000] {dag.py:3504} INFO - Setting next_dagrun for example_subdag_operator.section-1 to None, run_after=None
[2024-03-29T11:08:34.790+0000] {logging_mixin.py:150} INFO - [2024-03-29T11:08:34.790+0000] {dag.py:3504} INFO - Setting next_dagrun for example_subdag_operator.section-2 to None, run_after=None
[2024-03-29T11:08:34.794+0000] {logging_mixin.py:150} INFO - [2024-03-29T11:08:34.794+0000] {dag.py:2742} INFO - Sync 2 DAGs
[2024-03-29T11:08:34.797+0000] {logging_mixin.py:150} INFO - [2024-03-29T11:08:34.797+0000] {dag.py:3504} INFO - Setting next_dagrun for example_subdag_operator.section-1 to None, run_after=None
[2024-03-29T11:08:34.798+0000] {logging_mixin.py:150} INFO - [2024-03-29T11:08:34.798+0000] {dag.py:3504} INFO - Setting next_dagrun for example_subdag_operator.section-2 to None, run_after=None
[2024-03-29T11:08:34.832+0000] {processor.py:179} INFO - Processing /usr/local/python/3.10.13/lib/python3.10/site-packages/airflow/example_dags/example_subdag_operator.py took 0.094 seconds
[2024-03-29T11:09:26.869+0000] {processor.py:157} INFO - Started process (PID=18604) to work on /usr/local/python/3.10.13/lib/python3.10/site-packages/airflow/example_dags/example_subdag_operator.py
[2024-03-29T11:09:26.870+0000] {processor.py:826} INFO - Processing file /usr/local/python/3.10.13/lib/python3.10/site-packages/airflow/example_dags/example_subdag_operator.py for tasks to queue
[2024-03-29T11:09:26.870+0000] {logging_mixin.py:150} INFO - [2024-03-29T11:09:26.870+0000] {dagbag.py:541} INFO - Filling up the DagBag from /usr/local/python/3.10.13/lib/python3.10/site-packages/airflow/example_dags/example_subdag_operator.py
[2024-03-29T11:09:26.885+0000] {processor.py:836} INFO - DAG(s) dict_keys(['example_subdag_operator.section-1', 'example_subdag_operator.section-2', 'example_subdag_operator']) retrieved from /usr/local/python/3.10.13/lib/python3.10/site-packages/airflow/example_dags/example_subdag_operator.py
[2024-03-29T11:09:26.897+0000] {logging_mixin.py:150} INFO - [2024-03-29T11:09:26.896+0000] {dag.py:2742} INFO - Sync 3 DAGs
[2024-03-29T11:09:26.913+0000] {logging_mixin.py:150} INFO - [2024-03-29T11:09:26.913+0000] {dag.py:3504} INFO - Setting next_dagrun for example_subdag_operator to 2022-01-01T00:00:00+00:00, run_after=2022-01-01T00:00:00+00:00
[2024-03-29T11:09:26.915+0000] {logging_mixin.py:150} INFO - [2024-03-29T11:09:26.915+0000] {dag.py:3504} INFO - Setting next_dagrun for example_subdag_operator.section-1 to None, run_after=None
[2024-03-29T11:09:26.916+0000] {logging_mixin.py:150} INFO - [2024-03-29T11:09:26.916+0000] {dag.py:3504} INFO - Setting next_dagrun for example_subdag_operator.section-2 to None, run_after=None
[2024-03-29T11:09:26.921+0000] {logging_mixin.py:150} INFO - [2024-03-29T11:09:26.921+0000] {dag.py:2742} INFO - Sync 2 DAGs
[2024-03-29T11:09:26.924+0000] {logging_mixin.py:150} INFO - [2024-03-29T11:09:26.924+0000] {dag.py:3504} INFO - Setting next_dagrun for example_subdag_operator.section-1 to None, run_after=None
[2024-03-29T11:09:26.924+0000] {logging_mixin.py:150} INFO - [2024-03-29T11:09:26.924+0000] {dag.py:3504} INFO - Setting next_dagrun for example_subdag_operator.section-2 to None, run_after=None
[2024-03-29T11:09:26.961+0000] {processor.py:179} INFO - Processing /usr/local/python/3.10.13/lib/python3.10/site-packages/airflow/example_dags/example_subdag_operator.py took 0.094 seconds
