[2024-03-29T11:00:16.255+0000] {processor.py:157} INFO - Started process (PID=14343) to work on /usr/local/python/3.10.13/lib/python3.10/site-packages/airflow/example_dags/example_branch_operator_decorator.py
[2024-03-29T11:00:16.256+0000] {processor.py:826} INFO - Processing file /usr/local/python/3.10.13/lib/python3.10/site-packages/airflow/example_dags/example_branch_operator_decorator.py for tasks to queue
[2024-03-29T11:00:16.257+0000] {logging_mixin.py:150} INFO - [2024-03-29T11:00:16.256+0000] {dagbag.py:541} INFO - Filling up the DagBag from /usr/local/python/3.10.13/lib/python3.10/site-packages/airflow/example_dags/example_branch_operator_decorator.py
[2024-03-29T11:00:16.265+0000] {processor.py:836} INFO - DAG(s) dict_keys(['example_branch_python_operator_decorator']) retrieved from /usr/local/python/3.10.13/lib/python3.10/site-packages/airflow/example_dags/example_branch_operator_decorator.py
[2024-03-29T11:00:16.399+0000] {logging_mixin.py:150} INFO - [2024-03-29T11:00:16.399+0000] {manager.py:504} INFO - Created Permission View: can delete on DAG:example_branch_python_operator_decorator
[2024-03-29T11:00:16.432+0000] {logging_mixin.py:150} INFO - [2024-03-29T11:00:16.432+0000] {manager.py:504} INFO - Created Permission View: can edit on DAG:example_branch_python_operator_decorator
[2024-03-29T11:00:16.463+0000] {logging_mixin.py:150} INFO - [2024-03-29T11:00:16.463+0000] {manager.py:504} INFO - Created Permission View: can read on DAG:example_branch_python_operator_decorator
[2024-03-29T11:00:16.472+0000] {logging_mixin.py:150} INFO - [2024-03-29T11:00:16.472+0000] {dag.py:2742} INFO - Sync 1 DAGs
[2024-03-29T11:00:16.479+0000] {logging_mixin.py:150} INFO - [2024-03-29T11:00:16.479+0000] {dag.py:2763} INFO - Creating ORM DAG for example_branch_python_operator_decorator
[2024-03-29T11:00:16.487+0000] {logging_mixin.py:150} INFO - [2024-03-29T11:00:16.487+0000] {dag.py:3504} INFO - Setting next_dagrun for example_branch_python_operator_decorator to 2024-03-28T00:00:00+00:00, run_after=2024-03-29T00:00:00+00:00
[2024-03-29T11:00:16.546+0000] {processor.py:179} INFO - Processing /usr/local/python/3.10.13/lib/python3.10/site-packages/airflow/example_dags/example_branch_operator_decorator.py took 0.293 seconds
[2024-03-29T11:01:06.007+0000] {processor.py:157} INFO - Started process (PID=14702) to work on /usr/local/python/3.10.13/lib/python3.10/site-packages/airflow/example_dags/example_branch_operator_decorator.py
[2024-03-29T11:01:06.007+0000] {processor.py:826} INFO - Processing file /usr/local/python/3.10.13/lib/python3.10/site-packages/airflow/example_dags/example_branch_operator_decorator.py for tasks to queue
[2024-03-29T11:01:06.008+0000] {logging_mixin.py:150} INFO - [2024-03-29T11:01:06.008+0000] {dagbag.py:541} INFO - Filling up the DagBag from /usr/local/python/3.10.13/lib/python3.10/site-packages/airflow/example_dags/example_branch_operator_decorator.py
[2024-03-29T11:01:06.016+0000] {processor.py:836} INFO - DAG(s) dict_keys(['example_branch_python_operator_decorator']) retrieved from /usr/local/python/3.10.13/lib/python3.10/site-packages/airflow/example_dags/example_branch_operator_decorator.py
[2024-03-29T11:01:06.029+0000] {logging_mixin.py:150} INFO - [2024-03-29T11:01:06.029+0000] {dag.py:2742} INFO - Sync 1 DAGs
[2024-03-29T11:01:06.046+0000] {logging_mixin.py:150} INFO - [2024-03-29T11:01:06.046+0000] {dag.py:3504} INFO - Setting next_dagrun for example_branch_python_operator_decorator to 2024-03-28T00:00:00+00:00, run_after=2024-03-29T00:00:00+00:00
[2024-03-29T11:01:06.086+0000] {processor.py:179} INFO - Processing /usr/local/python/3.10.13/lib/python3.10/site-packages/airflow/example_dags/example_branch_operator_decorator.py took 0.081 seconds
[2024-03-29T11:01:55.327+0000] {processor.py:157} INFO - Started process (PID=15051) to work on /usr/local/python/3.10.13/lib/python3.10/site-packages/airflow/example_dags/example_branch_operator_decorator.py
[2024-03-29T11:01:55.327+0000] {processor.py:826} INFO - Processing file /usr/local/python/3.10.13/lib/python3.10/site-packages/airflow/example_dags/example_branch_operator_decorator.py for tasks to queue
[2024-03-29T11:01:55.328+0000] {logging_mixin.py:150} INFO - [2024-03-29T11:01:55.328+0000] {dagbag.py:541} INFO - Filling up the DagBag from /usr/local/python/3.10.13/lib/python3.10/site-packages/airflow/example_dags/example_branch_operator_decorator.py
[2024-03-29T11:01:55.336+0000] {processor.py:836} INFO - DAG(s) dict_keys(['example_branch_python_operator_decorator']) retrieved from /usr/local/python/3.10.13/lib/python3.10/site-packages/airflow/example_dags/example_branch_operator_decorator.py
[2024-03-29T11:01:55.350+0000] {logging_mixin.py:150} INFO - [2024-03-29T11:01:55.350+0000] {dag.py:2742} INFO - Sync 1 DAGs
[2024-03-29T11:01:55.366+0000] {logging_mixin.py:150} INFO - [2024-03-29T11:01:55.366+0000] {dag.py:3504} INFO - Setting next_dagrun for example_branch_python_operator_decorator to 2024-03-28T00:00:00+00:00, run_after=2024-03-29T00:00:00+00:00
[2024-03-29T11:01:55.409+0000] {processor.py:179} INFO - Processing /usr/local/python/3.10.13/lib/python3.10/site-packages/airflow/example_dags/example_branch_operator_decorator.py took 0.084 seconds
[2024-03-29T11:02:47.148+0000] {processor.py:157} INFO - Started process (PID=15413) to work on /usr/local/python/3.10.13/lib/python3.10/site-packages/airflow/example_dags/example_branch_operator_decorator.py
[2024-03-29T11:02:47.149+0000] {processor.py:826} INFO - Processing file /usr/local/python/3.10.13/lib/python3.10/site-packages/airflow/example_dags/example_branch_operator_decorator.py for tasks to queue
[2024-03-29T11:02:47.149+0000] {logging_mixin.py:150} INFO - [2024-03-29T11:02:47.149+0000] {dagbag.py:541} INFO - Filling up the DagBag from /usr/local/python/3.10.13/lib/python3.10/site-packages/airflow/example_dags/example_branch_operator_decorator.py
[2024-03-29T11:02:47.158+0000] {processor.py:836} INFO - DAG(s) dict_keys(['example_branch_python_operator_decorator']) retrieved from /usr/local/python/3.10.13/lib/python3.10/site-packages/airflow/example_dags/example_branch_operator_decorator.py
[2024-03-29T11:02:47.172+0000] {logging_mixin.py:150} INFO - [2024-03-29T11:02:47.172+0000] {dag.py:2742} INFO - Sync 1 DAGs
[2024-03-29T11:02:47.188+0000] {logging_mixin.py:150} INFO - [2024-03-29T11:02:47.188+0000] {dag.py:3504} INFO - Setting next_dagrun for example_branch_python_operator_decorator to 2024-03-28T00:00:00+00:00, run_after=2024-03-29T00:00:00+00:00
[2024-03-29T11:02:47.239+0000] {processor.py:179} INFO - Processing /usr/local/python/3.10.13/lib/python3.10/site-packages/airflow/example_dags/example_branch_operator_decorator.py took 0.094 seconds
[2024-03-29T11:03:32.741+0000] {processor.py:157} INFO - Started process (PID=15747) to work on /usr/local/python/3.10.13/lib/python3.10/site-packages/airflow/example_dags/example_branch_operator_decorator.py
[2024-03-29T11:03:32.742+0000] {processor.py:826} INFO - Processing file /usr/local/python/3.10.13/lib/python3.10/site-packages/airflow/example_dags/example_branch_operator_decorator.py for tasks to queue
[2024-03-29T11:03:32.743+0000] {logging_mixin.py:150} INFO - [2024-03-29T11:03:32.743+0000] {dagbag.py:541} INFO - Filling up the DagBag from /usr/local/python/3.10.13/lib/python3.10/site-packages/airflow/example_dags/example_branch_operator_decorator.py
[2024-03-29T11:03:32.755+0000] {processor.py:836} INFO - DAG(s) dict_keys(['example_branch_python_operator_decorator']) retrieved from /usr/local/python/3.10.13/lib/python3.10/site-packages/airflow/example_dags/example_branch_operator_decorator.py
[2024-03-29T11:03:32.771+0000] {logging_mixin.py:150} INFO - [2024-03-29T11:03:32.771+0000] {dag.py:2742} INFO - Sync 1 DAGs
[2024-03-29T11:03:32.791+0000] {logging_mixin.py:150} INFO - [2024-03-29T11:03:32.791+0000] {dag.py:3504} INFO - Setting next_dagrun for example_branch_python_operator_decorator to 2024-03-28T00:00:00+00:00, run_after=2024-03-29T00:00:00+00:00
[2024-03-29T11:03:32.830+0000] {processor.py:179} INFO - Processing /usr/local/python/3.10.13/lib/python3.10/site-packages/airflow/example_dags/example_branch_operator_decorator.py took 0.091 seconds
[2024-03-29T11:04:19.532+0000] {processor.py:157} INFO - Started process (PID=16083) to work on /usr/local/python/3.10.13/lib/python3.10/site-packages/airflow/example_dags/example_branch_operator_decorator.py
[2024-03-29T11:04:19.533+0000] {processor.py:826} INFO - Processing file /usr/local/python/3.10.13/lib/python3.10/site-packages/airflow/example_dags/example_branch_operator_decorator.py for tasks to queue
[2024-03-29T11:04:19.534+0000] {logging_mixin.py:150} INFO - [2024-03-29T11:04:19.533+0000] {dagbag.py:541} INFO - Filling up the DagBag from /usr/local/python/3.10.13/lib/python3.10/site-packages/airflow/example_dags/example_branch_operator_decorator.py
[2024-03-29T11:04:19.542+0000] {processor.py:836} INFO - DAG(s) dict_keys(['example_branch_python_operator_decorator']) retrieved from /usr/local/python/3.10.13/lib/python3.10/site-packages/airflow/example_dags/example_branch_operator_decorator.py
[2024-03-29T11:04:19.556+0000] {logging_mixin.py:150} INFO - [2024-03-29T11:04:19.556+0000] {dag.py:2742} INFO - Sync 1 DAGs
[2024-03-29T11:04:19.573+0000] {logging_mixin.py:150} INFO - [2024-03-29T11:04:19.572+0000] {dag.py:3504} INFO - Setting next_dagrun for example_branch_python_operator_decorator to 2024-03-28T00:00:00+00:00, run_after=2024-03-29T00:00:00+00:00
[2024-03-29T11:04:19.619+0000] {processor.py:179} INFO - Processing /usr/local/python/3.10.13/lib/python3.10/site-packages/airflow/example_dags/example_branch_operator_decorator.py took 0.089 seconds
[2024-03-29T11:05:05.224+0000] {processor.py:157} INFO - Started process (PID=16387) to work on /usr/local/python/3.10.13/lib/python3.10/site-packages/airflow/example_dags/example_branch_operator_decorator.py
[2024-03-29T11:05:05.225+0000] {processor.py:826} INFO - Processing file /usr/local/python/3.10.13/lib/python3.10/site-packages/airflow/example_dags/example_branch_operator_decorator.py for tasks to queue
[2024-03-29T11:05:05.226+0000] {logging_mixin.py:150} INFO - [2024-03-29T11:05:05.225+0000] {dagbag.py:541} INFO - Filling up the DagBag from /usr/local/python/3.10.13/lib/python3.10/site-packages/airflow/example_dags/example_branch_operator_decorator.py
[2024-03-29T11:05:05.234+0000] {processor.py:836} INFO - DAG(s) dict_keys(['example_branch_python_operator_decorator']) retrieved from /usr/local/python/3.10.13/lib/python3.10/site-packages/airflow/example_dags/example_branch_operator_decorator.py
[2024-03-29T11:05:05.247+0000] {logging_mixin.py:150} INFO - [2024-03-29T11:05:05.247+0000] {dag.py:2742} INFO - Sync 1 DAGs
[2024-03-29T11:05:05.264+0000] {logging_mixin.py:150} INFO - [2024-03-29T11:05:05.264+0000] {dag.py:3504} INFO - Setting next_dagrun for example_branch_python_operator_decorator to 2024-03-28T00:00:00+00:00, run_after=2024-03-29T00:00:00+00:00
[2024-03-29T11:05:05.301+0000] {processor.py:179} INFO - Processing /usr/local/python/3.10.13/lib/python3.10/site-packages/airflow/example_dags/example_branch_operator_decorator.py took 0.079 seconds
[2024-03-29T11:05:50.151+0000] {processor.py:157} INFO - Started process (PID=16712) to work on /usr/local/python/3.10.13/lib/python3.10/site-packages/airflow/example_dags/example_branch_operator_decorator.py
[2024-03-29T11:05:50.151+0000] {processor.py:826} INFO - Processing file /usr/local/python/3.10.13/lib/python3.10/site-packages/airflow/example_dags/example_branch_operator_decorator.py for tasks to queue
[2024-03-29T11:05:50.152+0000] {logging_mixin.py:150} INFO - [2024-03-29T11:05:50.152+0000] {dagbag.py:541} INFO - Filling up the DagBag from /usr/local/python/3.10.13/lib/python3.10/site-packages/airflow/example_dags/example_branch_operator_decorator.py
[2024-03-29T11:05:50.159+0000] {processor.py:836} INFO - DAG(s) dict_keys(['example_branch_python_operator_decorator']) retrieved from /usr/local/python/3.10.13/lib/python3.10/site-packages/airflow/example_dags/example_branch_operator_decorator.py
[2024-03-29T11:05:50.173+0000] {logging_mixin.py:150} INFO - [2024-03-29T11:05:50.173+0000] {dag.py:2742} INFO - Sync 1 DAGs
[2024-03-29T11:05:50.190+0000] {logging_mixin.py:150} INFO - [2024-03-29T11:05:50.190+0000] {dag.py:3504} INFO - Setting next_dagrun for example_branch_python_operator_decorator to 2024-03-28T00:00:00+00:00, run_after=2024-03-29T00:00:00+00:00
[2024-03-29T11:05:50.231+0000] {processor.py:179} INFO - Processing /usr/local/python/3.10.13/lib/python3.10/site-packages/airflow/example_dags/example_branch_operator_decorator.py took 0.083 seconds
[2024-03-29T11:06:38.581+0000] {processor.py:157} INFO - Started process (PID=17069) to work on /usr/local/python/3.10.13/lib/python3.10/site-packages/airflow/example_dags/example_branch_operator_decorator.py
[2024-03-29T11:06:38.582+0000] {processor.py:826} INFO - Processing file /usr/local/python/3.10.13/lib/python3.10/site-packages/airflow/example_dags/example_branch_operator_decorator.py for tasks to queue
[2024-03-29T11:06:38.582+0000] {logging_mixin.py:150} INFO - [2024-03-29T11:06:38.582+0000] {dagbag.py:541} INFO - Filling up the DagBag from /usr/local/python/3.10.13/lib/python3.10/site-packages/airflow/example_dags/example_branch_operator_decorator.py
[2024-03-29T11:06:38.590+0000] {processor.py:836} INFO - DAG(s) dict_keys(['example_branch_python_operator_decorator']) retrieved from /usr/local/python/3.10.13/lib/python3.10/site-packages/airflow/example_dags/example_branch_operator_decorator.py
[2024-03-29T11:06:38.604+0000] {logging_mixin.py:150} INFO - [2024-03-29T11:06:38.603+0000] {dag.py:2742} INFO - Sync 1 DAGs
[2024-03-29T11:06:38.620+0000] {logging_mixin.py:150} INFO - [2024-03-29T11:06:38.619+0000] {dag.py:3504} INFO - Setting next_dagrun for example_branch_python_operator_decorator to 2024-03-28T00:00:00+00:00, run_after=2024-03-29T00:00:00+00:00
[2024-03-29T11:06:38.657+0000] {processor.py:179} INFO - Processing /usr/local/python/3.10.13/lib/python3.10/site-packages/airflow/example_dags/example_branch_operator_decorator.py took 0.078 seconds
[2024-03-29T11:07:27.530+0000] {processor.py:157} INFO - Started process (PID=17400) to work on /usr/local/python/3.10.13/lib/python3.10/site-packages/airflow/example_dags/example_branch_operator_decorator.py
[2024-03-29T11:07:27.531+0000] {processor.py:826} INFO - Processing file /usr/local/python/3.10.13/lib/python3.10/site-packages/airflow/example_dags/example_branch_operator_decorator.py for tasks to queue
[2024-03-29T11:07:27.532+0000] {logging_mixin.py:150} INFO - [2024-03-29T11:07:27.531+0000] {dagbag.py:541} INFO - Filling up the DagBag from /usr/local/python/3.10.13/lib/python3.10/site-packages/airflow/example_dags/example_branch_operator_decorator.py
[2024-03-29T11:07:27.539+0000] {processor.py:836} INFO - DAG(s) dict_keys(['example_branch_python_operator_decorator']) retrieved from /usr/local/python/3.10.13/lib/python3.10/site-packages/airflow/example_dags/example_branch_operator_decorator.py
[2024-03-29T11:07:27.553+0000] {logging_mixin.py:150} INFO - [2024-03-29T11:07:27.553+0000] {dag.py:2742} INFO - Sync 1 DAGs
[2024-03-29T11:07:27.570+0000] {logging_mixin.py:150} INFO - [2024-03-29T11:07:27.570+0000] {dag.py:3504} INFO - Setting next_dagrun for example_branch_python_operator_decorator to 2024-03-28T00:00:00+00:00, run_after=2024-03-29T00:00:00+00:00
[2024-03-29T11:07:27.609+0000] {processor.py:179} INFO - Processing /usr/local/python/3.10.13/lib/python3.10/site-packages/airflow/example_dags/example_branch_operator_decorator.py took 0.081 seconds
[2024-03-29T11:08:20.052+0000] {processor.py:157} INFO - Started process (PID=17829) to work on /usr/local/python/3.10.13/lib/python3.10/site-packages/airflow/example_dags/example_branch_operator_decorator.py
[2024-03-29T11:08:20.053+0000] {processor.py:826} INFO - Processing file /usr/local/python/3.10.13/lib/python3.10/site-packages/airflow/example_dags/example_branch_operator_decorator.py for tasks to queue
[2024-03-29T11:08:20.054+0000] {logging_mixin.py:150} INFO - [2024-03-29T11:08:20.053+0000] {dagbag.py:541} INFO - Filling up the DagBag from /usr/local/python/3.10.13/lib/python3.10/site-packages/airflow/example_dags/example_branch_operator_decorator.py
[2024-03-29T11:08:20.062+0000] {processor.py:836} INFO - DAG(s) dict_keys(['example_branch_python_operator_decorator']) retrieved from /usr/local/python/3.10.13/lib/python3.10/site-packages/airflow/example_dags/example_branch_operator_decorator.py
[2024-03-29T11:08:20.075+0000] {logging_mixin.py:150} INFO - [2024-03-29T11:08:20.075+0000] {dag.py:2742} INFO - Sync 1 DAGs
[2024-03-29T11:08:20.091+0000] {logging_mixin.py:150} INFO - [2024-03-29T11:08:20.091+0000] {dag.py:3504} INFO - Setting next_dagrun for example_branch_python_operator_decorator to 2024-03-28T00:00:00+00:00, run_after=2024-03-29T00:00:00+00:00
[2024-03-29T11:08:20.136+0000] {processor.py:179} INFO - Processing /usr/local/python/3.10.13/lib/python3.10/site-packages/airflow/example_dags/example_branch_operator_decorator.py took 0.086 seconds
[2024-03-29T11:09:10.727+0000] {processor.py:157} INFO - Started process (PID=18440) to work on /usr/local/python/3.10.13/lib/python3.10/site-packages/airflow/example_dags/example_branch_operator_decorator.py
[2024-03-29T11:09:10.728+0000] {processor.py:826} INFO - Processing file /usr/local/python/3.10.13/lib/python3.10/site-packages/airflow/example_dags/example_branch_operator_decorator.py for tasks to queue
[2024-03-29T11:09:10.729+0000] {logging_mixin.py:150} INFO - [2024-03-29T11:09:10.729+0000] {dagbag.py:541} INFO - Filling up the DagBag from /usr/local/python/3.10.13/lib/python3.10/site-packages/airflow/example_dags/example_branch_operator_decorator.py
[2024-03-29T11:09:10.740+0000] {processor.py:836} INFO - DAG(s) dict_keys(['example_branch_python_operator_decorator']) retrieved from /usr/local/python/3.10.13/lib/python3.10/site-packages/airflow/example_dags/example_branch_operator_decorator.py
[2024-03-29T11:09:10.770+0000] {logging_mixin.py:150} INFO - [2024-03-29T11:09:10.770+0000] {dag.py:2742} INFO - Sync 1 DAGs
[2024-03-29T11:09:10.795+0000] {logging_mixin.py:150} INFO - [2024-03-29T11:09:10.795+0000] {dag.py:3504} INFO - Setting next_dagrun for example_branch_python_operator_decorator to 2024-03-28T00:00:00+00:00, run_after=2024-03-29T00:00:00+00:00
[2024-03-29T11:09:10.841+0000] {processor.py:179} INFO - Processing /usr/local/python/3.10.13/lib/python3.10/site-packages/airflow/example_dags/example_branch_operator_decorator.py took 0.116 seconds
