[2024-03-29T11:00:30.890+0000] {processor.py:157} INFO - Started process (PID=14455) to work on /usr/local/python/3.10.13/lib/python3.10/site-packages/airflow/example_dags/example_branch_datetime_operator.py
[2024-03-29T11:00:30.890+0000] {processor.py:826} INFO - Processing file /usr/local/python/3.10.13/lib/python3.10/site-packages/airflow/example_dags/example_branch_datetime_operator.py for tasks to queue
[2024-03-29T11:00:30.891+0000] {logging_mixin.py:150} INFO - [2024-03-29T11:00:30.891+0000] {dagbag.py:541} INFO - Filling up the DagBag from /usr/local/python/3.10.13/lib/python3.10/site-packages/airflow/example_dags/example_branch_datetime_operator.py
[2024-03-29T11:00:30.899+0000] {processor.py:836} INFO - DAG(s) dict_keys(['example_branch_datetime_operator', 'example_branch_datetime_operator_3', 'example_branch_datetime_operator_2']) retrieved from /usr/local/python/3.10.13/lib/python3.10/site-packages/airflow/example_dags/example_branch_datetime_operator.py
[2024-03-29T11:00:31.033+0000] {logging_mixin.py:150} INFO - [2024-03-29T11:00:31.033+0000] {manager.py:504} INFO - Created Permission View: can delete on DAG:example_branch_datetime_operator
[2024-03-29T11:00:31.070+0000] {logging_mixin.py:150} INFO - [2024-03-29T11:00:31.070+0000] {manager.py:504} INFO - Created Permission View: can edit on DAG:example_branch_datetime_operator
[2024-03-29T11:00:31.101+0000] {logging_mixin.py:150} INFO - [2024-03-29T11:00:31.101+0000] {manager.py:504} INFO - Created Permission View: can read on DAG:example_branch_datetime_operator
[2024-03-29T11:00:31.179+0000] {logging_mixin.py:150} INFO - [2024-03-29T11:00:31.178+0000] {manager.py:504} INFO - Created Permission View: can delete on DAG:example_branch_datetime_operator_3
[2024-03-29T11:00:31.218+0000] {logging_mixin.py:150} INFO - [2024-03-29T11:00:31.217+0000] {manager.py:504} INFO - Created Permission View: can edit on DAG:example_branch_datetime_operator_3
[2024-03-29T11:00:31.246+0000] {logging_mixin.py:150} INFO - [2024-03-29T11:00:31.246+0000] {manager.py:504} INFO - Created Permission View: can read on DAG:example_branch_datetime_operator_3
[2024-03-29T11:00:31.317+0000] {logging_mixin.py:150} INFO - [2024-03-29T11:00:31.317+0000] {manager.py:504} INFO - Created Permission View: can delete on DAG:example_branch_datetime_operator_2
[2024-03-29T11:00:31.348+0000] {logging_mixin.py:150} INFO - [2024-03-29T11:00:31.347+0000] {manager.py:504} INFO - Created Permission View: can edit on DAG:example_branch_datetime_operator_2
[2024-03-29T11:00:31.381+0000] {logging_mixin.py:150} INFO - [2024-03-29T11:00:31.380+0000] {manager.py:504} INFO - Created Permission View: can read on DAG:example_branch_datetime_operator_2
[2024-03-29T11:00:31.384+0000] {logging_mixin.py:150} INFO - [2024-03-29T11:00:31.384+0000] {dag.py:2742} INFO - Sync 3 DAGs
[2024-03-29T11:00:31.393+0000] {logging_mixin.py:150} INFO - [2024-03-29T11:00:31.393+0000] {dag.py:2763} INFO - Creating ORM DAG for example_branch_datetime_operator
[2024-03-29T11:00:31.394+0000] {logging_mixin.py:150} INFO - [2024-03-29T11:00:31.394+0000] {dag.py:2763} INFO - Creating ORM DAG for example_branch_datetime_operator_3
[2024-03-29T11:00:31.394+0000] {logging_mixin.py:150} INFO - [2024-03-29T11:00:31.394+0000] {dag.py:2763} INFO - Creating ORM DAG for example_branch_datetime_operator_2
[2024-03-29T11:00:31.402+0000] {logging_mixin.py:150} INFO - [2024-03-29T11:00:31.402+0000] {dag.py:3504} INFO - Setting next_dagrun for example_branch_datetime_operator to 2024-03-28T00:00:00+00:00, run_after=2024-03-29T00:00:00+00:00
[2024-03-29T11:00:31.404+0000] {logging_mixin.py:150} INFO - [2024-03-29T11:00:31.404+0000] {dag.py:3504} INFO - Setting next_dagrun for example_branch_datetime_operator_2 to 2024-03-28T00:00:00+00:00, run_after=2024-03-29T00:00:00+00:00
[2024-03-29T11:00:31.405+0000] {logging_mixin.py:150} INFO - [2024-03-29T11:00:31.405+0000] {dag.py:3504} INFO - Setting next_dagrun for example_branch_datetime_operator_3 to 2024-03-28T00:00:00+00:00, run_after=2024-03-29T00:00:00+00:00
[2024-03-29T11:00:31.457+0000] {processor.py:179} INFO - Processing /usr/local/python/3.10.13/lib/python3.10/site-packages/airflow/example_dags/example_branch_datetime_operator.py took 0.570 seconds
[2024-03-29T11:01:30.661+0000] {processor.py:157} INFO - Started process (PID=14865) to work on /usr/local/python/3.10.13/lib/python3.10/site-packages/airflow/example_dags/example_branch_datetime_operator.py
[2024-03-29T11:01:30.662+0000] {processor.py:826} INFO - Processing file /usr/local/python/3.10.13/lib/python3.10/site-packages/airflow/example_dags/example_branch_datetime_operator.py for tasks to queue
[2024-03-29T11:01:30.663+0000] {logging_mixin.py:150} INFO - [2024-03-29T11:01:30.662+0000] {dagbag.py:541} INFO - Filling up the DagBag from /usr/local/python/3.10.13/lib/python3.10/site-packages/airflow/example_dags/example_branch_datetime_operator.py
[2024-03-29T11:01:30.670+0000] {processor.py:836} INFO - DAG(s) dict_keys(['example_branch_datetime_operator_2', 'example_branch_datetime_operator_3', 'example_branch_datetime_operator']) retrieved from /usr/local/python/3.10.13/lib/python3.10/site-packages/airflow/example_dags/example_branch_datetime_operator.py
[2024-03-29T11:01:30.687+0000] {logging_mixin.py:150} INFO - [2024-03-29T11:01:30.687+0000] {dag.py:2742} INFO - Sync 3 DAGs
[2024-03-29T11:01:30.705+0000] {logging_mixin.py:150} INFO - [2024-03-29T11:01:30.705+0000] {dag.py:3504} INFO - Setting next_dagrun for example_branch_datetime_operator to 2024-03-28T00:00:00+00:00, run_after=2024-03-29T00:00:00+00:00
[2024-03-29T11:01:30.709+0000] {logging_mixin.py:150} INFO - [2024-03-29T11:01:30.709+0000] {dag.py:3504} INFO - Setting next_dagrun for example_branch_datetime_operator_2 to 2024-03-28T00:00:00+00:00, run_after=2024-03-29T00:00:00+00:00
[2024-03-29T11:01:30.711+0000] {logging_mixin.py:150} INFO - [2024-03-29T11:01:30.711+0000] {dag.py:3504} INFO - Setting next_dagrun for example_branch_datetime_operator_3 to 2024-03-28T00:00:00+00:00, run_after=2024-03-29T00:00:00+00:00
[2024-03-29T11:01:30.751+0000] {processor.py:179} INFO - Processing /usr/local/python/3.10.13/lib/python3.10/site-packages/airflow/example_dags/example_branch_datetime_operator.py took 0.091 seconds
[2024-03-29T11:02:19.751+0000] {processor.py:157} INFO - Started process (PID=15219) to work on /usr/local/python/3.10.13/lib/python3.10/site-packages/airflow/example_dags/example_branch_datetime_operator.py
[2024-03-29T11:02:19.751+0000] {processor.py:826} INFO - Processing file /usr/local/python/3.10.13/lib/python3.10/site-packages/airflow/example_dags/example_branch_datetime_operator.py for tasks to queue
[2024-03-29T11:02:19.752+0000] {logging_mixin.py:150} INFO - [2024-03-29T11:02:19.752+0000] {dagbag.py:541} INFO - Filling up the DagBag from /usr/local/python/3.10.13/lib/python3.10/site-packages/airflow/example_dags/example_branch_datetime_operator.py
[2024-03-29T11:02:19.760+0000] {processor.py:836} INFO - DAG(s) dict_keys(['example_branch_datetime_operator', 'example_branch_datetime_operator_2', 'example_branch_datetime_operator_3']) retrieved from /usr/local/python/3.10.13/lib/python3.10/site-packages/airflow/example_dags/example_branch_datetime_operator.py
[2024-03-29T11:02:19.777+0000] {logging_mixin.py:150} INFO - [2024-03-29T11:02:19.777+0000] {dag.py:2742} INFO - Sync 3 DAGs
[2024-03-29T11:02:19.796+0000] {logging_mixin.py:150} INFO - [2024-03-29T11:02:19.796+0000] {dag.py:3504} INFO - Setting next_dagrun for example_branch_datetime_operator to 2024-03-28T00:00:00+00:00, run_after=2024-03-29T00:00:00+00:00
[2024-03-29T11:02:19.799+0000] {logging_mixin.py:150} INFO - [2024-03-29T11:02:19.799+0000] {dag.py:3504} INFO - Setting next_dagrun for example_branch_datetime_operator_2 to 2024-03-28T00:00:00+00:00, run_after=2024-03-29T00:00:00+00:00
[2024-03-29T11:02:19.801+0000] {logging_mixin.py:150} INFO - [2024-03-29T11:02:19.801+0000] {dag.py:3504} INFO - Setting next_dagrun for example_branch_datetime_operator_3 to 2024-03-28T00:00:00+00:00, run_after=2024-03-29T00:00:00+00:00
[2024-03-29T11:02:19.839+0000] {processor.py:179} INFO - Processing /usr/local/python/3.10.13/lib/python3.10/site-packages/airflow/example_dags/example_branch_datetime_operator.py took 0.090 seconds
[2024-03-29T11:03:10.646+0000] {processor.py:157} INFO - Started process (PID=15573) to work on /usr/local/python/3.10.13/lib/python3.10/site-packages/airflow/example_dags/example_branch_datetime_operator.py
[2024-03-29T11:03:10.647+0000] {processor.py:826} INFO - Processing file /usr/local/python/3.10.13/lib/python3.10/site-packages/airflow/example_dags/example_branch_datetime_operator.py for tasks to queue
[2024-03-29T11:03:10.647+0000] {logging_mixin.py:150} INFO - [2024-03-29T11:03:10.647+0000] {dagbag.py:541} INFO - Filling up the DagBag from /usr/local/python/3.10.13/lib/python3.10/site-packages/airflow/example_dags/example_branch_datetime_operator.py
[2024-03-29T11:03:10.655+0000] {processor.py:836} INFO - DAG(s) dict_keys(['example_branch_datetime_operator', 'example_branch_datetime_operator_3', 'example_branch_datetime_operator_2']) retrieved from /usr/local/python/3.10.13/lib/python3.10/site-packages/airflow/example_dags/example_branch_datetime_operator.py
[2024-03-29T11:03:10.672+0000] {logging_mixin.py:150} INFO - [2024-03-29T11:03:10.672+0000] {dag.py:2742} INFO - Sync 3 DAGs
[2024-03-29T11:03:10.691+0000] {logging_mixin.py:150} INFO - [2024-03-29T11:03:10.691+0000] {dag.py:3504} INFO - Setting next_dagrun for example_branch_datetime_operator to 2024-03-28T00:00:00+00:00, run_after=2024-03-29T00:00:00+00:00
[2024-03-29T11:03:10.695+0000] {logging_mixin.py:150} INFO - [2024-03-29T11:03:10.695+0000] {dag.py:3504} INFO - Setting next_dagrun for example_branch_datetime_operator_2 to 2024-03-28T00:00:00+00:00, run_after=2024-03-29T00:00:00+00:00
[2024-03-29T11:03:10.697+0000] {logging_mixin.py:150} INFO - [2024-03-29T11:03:10.697+0000] {dag.py:3504} INFO - Setting next_dagrun for example_branch_datetime_operator_3 to 2024-03-28T00:00:00+00:00, run_after=2024-03-29T00:00:00+00:00
[2024-03-29T11:03:10.736+0000] {processor.py:179} INFO - Processing /usr/local/python/3.10.13/lib/python3.10/site-packages/airflow/example_dags/example_branch_datetime_operator.py took 0.093 seconds
[2024-03-29T11:04:10.148+0000] {processor.py:157} INFO - Started process (PID=16011) to work on /usr/local/python/3.10.13/lib/python3.10/site-packages/airflow/example_dags/example_branch_datetime_operator.py
[2024-03-29T11:04:10.148+0000] {processor.py:826} INFO - Processing file /usr/local/python/3.10.13/lib/python3.10/site-packages/airflow/example_dags/example_branch_datetime_operator.py for tasks to queue
[2024-03-29T11:04:10.149+0000] {logging_mixin.py:150} INFO - [2024-03-29T11:04:10.149+0000] {dagbag.py:541} INFO - Filling up the DagBag from /usr/local/python/3.10.13/lib/python3.10/site-packages/airflow/example_dags/example_branch_datetime_operator.py
[2024-03-29T11:04:10.157+0000] {processor.py:836} INFO - DAG(s) dict_keys(['example_branch_datetime_operator_2', 'example_branch_datetime_operator_3', 'example_branch_datetime_operator']) retrieved from /usr/local/python/3.10.13/lib/python3.10/site-packages/airflow/example_dags/example_branch_datetime_operator.py
[2024-03-29T11:04:10.174+0000] {logging_mixin.py:150} INFO - [2024-03-29T11:04:10.174+0000] {dag.py:2742} INFO - Sync 3 DAGs
[2024-03-29T11:04:10.190+0000] {logging_mixin.py:150} INFO - [2024-03-29T11:04:10.190+0000] {dag.py:3504} INFO - Setting next_dagrun for example_branch_datetime_operator to 2024-03-28T00:00:00+00:00, run_after=2024-03-29T00:00:00+00:00
[2024-03-29T11:04:10.195+0000] {logging_mixin.py:150} INFO - [2024-03-29T11:04:10.194+0000] {dag.py:3504} INFO - Setting next_dagrun for example_branch_datetime_operator_2 to 2024-03-28T00:00:00+00:00, run_after=2024-03-29T00:00:00+00:00
[2024-03-29T11:04:10.196+0000] {logging_mixin.py:150} INFO - [2024-03-29T11:04:10.196+0000] {dag.py:3504} INFO - Setting next_dagrun for example_branch_datetime_operator_3 to 2024-03-28T00:00:00+00:00, run_after=2024-03-29T00:00:00+00:00
[2024-03-29T11:04:10.237+0000] {processor.py:179} INFO - Processing /usr/local/python/3.10.13/lib/python3.10/site-packages/airflow/example_dags/example_branch_datetime_operator.py took 0.092 seconds
[2024-03-29T11:04:56.915+0000] {processor.py:157} INFO - Started process (PID=16342) to work on /usr/local/python/3.10.13/lib/python3.10/site-packages/airflow/example_dags/example_branch_datetime_operator.py
[2024-03-29T11:04:56.915+0000] {processor.py:826} INFO - Processing file /usr/local/python/3.10.13/lib/python3.10/site-packages/airflow/example_dags/example_branch_datetime_operator.py for tasks to queue
[2024-03-29T11:04:56.916+0000] {logging_mixin.py:150} INFO - [2024-03-29T11:04:56.916+0000] {dagbag.py:541} INFO - Filling up the DagBag from /usr/local/python/3.10.13/lib/python3.10/site-packages/airflow/example_dags/example_branch_datetime_operator.py
[2024-03-29T11:04:56.924+0000] {processor.py:836} INFO - DAG(s) dict_keys(['example_branch_datetime_operator_2', 'example_branch_datetime_operator', 'example_branch_datetime_operator_3']) retrieved from /usr/local/python/3.10.13/lib/python3.10/site-packages/airflow/example_dags/example_branch_datetime_operator.py
[2024-03-29T11:04:56.941+0000] {logging_mixin.py:150} INFO - [2024-03-29T11:04:56.941+0000] {dag.py:2742} INFO - Sync 3 DAGs
[2024-03-29T11:04:56.957+0000] {logging_mixin.py:150} INFO - [2024-03-29T11:04:56.957+0000] {dag.py:3504} INFO - Setting next_dagrun for example_branch_datetime_operator to 2024-03-28T00:00:00+00:00, run_after=2024-03-29T00:00:00+00:00
[2024-03-29T11:04:56.962+0000] {logging_mixin.py:150} INFO - [2024-03-29T11:04:56.962+0000] {dag.py:3504} INFO - Setting next_dagrun for example_branch_datetime_operator_2 to 2024-03-28T00:00:00+00:00, run_after=2024-03-29T00:00:00+00:00
[2024-03-29T11:04:56.964+0000] {logging_mixin.py:150} INFO - [2024-03-29T11:04:56.964+0000] {dag.py:3504} INFO - Setting next_dagrun for example_branch_datetime_operator_3 to 2024-03-28T00:00:00+00:00, run_after=2024-03-29T00:00:00+00:00
[2024-03-29T11:04:57.002+0000] {processor.py:179} INFO - Processing /usr/local/python/3.10.13/lib/python3.10/site-packages/airflow/example_dags/example_branch_datetime_operator.py took 0.089 seconds
[2024-03-29T11:05:42.567+0000] {processor.py:157} INFO - Started process (PID=16656) to work on /usr/local/python/3.10.13/lib/python3.10/site-packages/airflow/example_dags/example_branch_datetime_operator.py
[2024-03-29T11:05:42.567+0000] {processor.py:826} INFO - Processing file /usr/local/python/3.10.13/lib/python3.10/site-packages/airflow/example_dags/example_branch_datetime_operator.py for tasks to queue
[2024-03-29T11:05:42.568+0000] {logging_mixin.py:150} INFO - [2024-03-29T11:05:42.568+0000] {dagbag.py:541} INFO - Filling up the DagBag from /usr/local/python/3.10.13/lib/python3.10/site-packages/airflow/example_dags/example_branch_datetime_operator.py
[2024-03-29T11:05:42.577+0000] {processor.py:836} INFO - DAG(s) dict_keys(['example_branch_datetime_operator_3', 'example_branch_datetime_operator_2', 'example_branch_datetime_operator']) retrieved from /usr/local/python/3.10.13/lib/python3.10/site-packages/airflow/example_dags/example_branch_datetime_operator.py
[2024-03-29T11:05:42.593+0000] {logging_mixin.py:150} INFO - [2024-03-29T11:05:42.593+0000] {dag.py:2742} INFO - Sync 3 DAGs
[2024-03-29T11:05:42.610+0000] {logging_mixin.py:150} INFO - [2024-03-29T11:05:42.610+0000] {dag.py:3504} INFO - Setting next_dagrun for example_branch_datetime_operator to 2024-03-28T00:00:00+00:00, run_after=2024-03-29T00:00:00+00:00
[2024-03-29T11:05:42.614+0000] {logging_mixin.py:150} INFO - [2024-03-29T11:05:42.614+0000] {dag.py:3504} INFO - Setting next_dagrun for example_branch_datetime_operator_2 to 2024-03-28T00:00:00+00:00, run_after=2024-03-29T00:00:00+00:00
[2024-03-29T11:05:42.616+0000] {logging_mixin.py:150} INFO - [2024-03-29T11:05:42.616+0000] {dag.py:3504} INFO - Setting next_dagrun for example_branch_datetime_operator_3 to 2024-03-28T00:00:00+00:00, run_after=2024-03-29T00:00:00+00:00
[2024-03-29T11:05:42.653+0000] {processor.py:179} INFO - Processing /usr/local/python/3.10.13/lib/python3.10/site-packages/airflow/example_dags/example_branch_datetime_operator.py took 0.089 seconds
[2024-03-29T11:06:29.581+0000] {processor.py:157} INFO - Started process (PID=17004) to work on /usr/local/python/3.10.13/lib/python3.10/site-packages/airflow/example_dags/example_branch_datetime_operator.py
[2024-03-29T11:06:29.581+0000] {processor.py:826} INFO - Processing file /usr/local/python/3.10.13/lib/python3.10/site-packages/airflow/example_dags/example_branch_datetime_operator.py for tasks to queue
[2024-03-29T11:06:29.582+0000] {logging_mixin.py:150} INFO - [2024-03-29T11:06:29.582+0000] {dagbag.py:541} INFO - Filling up the DagBag from /usr/local/python/3.10.13/lib/python3.10/site-packages/airflow/example_dags/example_branch_datetime_operator.py
[2024-03-29T11:06:29.590+0000] {processor.py:836} INFO - DAG(s) dict_keys(['example_branch_datetime_operator_2', 'example_branch_datetime_operator', 'example_branch_datetime_operator_3']) retrieved from /usr/local/python/3.10.13/lib/python3.10/site-packages/airflow/example_dags/example_branch_datetime_operator.py
[2024-03-29T11:06:29.607+0000] {logging_mixin.py:150} INFO - [2024-03-29T11:06:29.607+0000] {dag.py:2742} INFO - Sync 3 DAGs
[2024-03-29T11:06:29.623+0000] {logging_mixin.py:150} INFO - [2024-03-29T11:06:29.623+0000] {dag.py:3504} INFO - Setting next_dagrun for example_branch_datetime_operator to 2024-03-28T00:00:00+00:00, run_after=2024-03-29T00:00:00+00:00
[2024-03-29T11:06:29.627+0000] {logging_mixin.py:150} INFO - [2024-03-29T11:06:29.627+0000] {dag.py:3504} INFO - Setting next_dagrun for example_branch_datetime_operator_2 to 2024-03-28T00:00:00+00:00, run_after=2024-03-29T00:00:00+00:00
[2024-03-29T11:06:29.629+0000] {logging_mixin.py:150} INFO - [2024-03-29T11:06:29.629+0000] {dag.py:3504} INFO - Setting next_dagrun for example_branch_datetime_operator_3 to 2024-03-28T00:00:00+00:00, run_after=2024-03-29T00:00:00+00:00
[2024-03-29T11:06:29.668+0000] {processor.py:179} INFO - Processing /usr/local/python/3.10.13/lib/python3.10/site-packages/airflow/example_dags/example_branch_datetime_operator.py took 0.090 seconds
[2024-03-29T11:07:18.327+0000] {processor.py:157} INFO - Started process (PID=17342) to work on /usr/local/python/3.10.13/lib/python3.10/site-packages/airflow/example_dags/example_branch_datetime_operator.py
[2024-03-29T11:07:18.327+0000] {processor.py:826} INFO - Processing file /usr/local/python/3.10.13/lib/python3.10/site-packages/airflow/example_dags/example_branch_datetime_operator.py for tasks to queue
[2024-03-29T11:07:18.328+0000] {logging_mixin.py:150} INFO - [2024-03-29T11:07:18.328+0000] {dagbag.py:541} INFO - Filling up the DagBag from /usr/local/python/3.10.13/lib/python3.10/site-packages/airflow/example_dags/example_branch_datetime_operator.py
[2024-03-29T11:07:18.336+0000] {processor.py:836} INFO - DAG(s) dict_keys(['example_branch_datetime_operator_2', 'example_branch_datetime_operator', 'example_branch_datetime_operator_3']) retrieved from /usr/local/python/3.10.13/lib/python3.10/site-packages/airflow/example_dags/example_branch_datetime_operator.py
[2024-03-29T11:07:18.353+0000] {logging_mixin.py:150} INFO - [2024-03-29T11:07:18.353+0000] {dag.py:2742} INFO - Sync 3 DAGs
[2024-03-29T11:07:18.370+0000] {logging_mixin.py:150} INFO - [2024-03-29T11:07:18.370+0000] {dag.py:3504} INFO - Setting next_dagrun for example_branch_datetime_operator to 2024-03-28T00:00:00+00:00, run_after=2024-03-29T00:00:00+00:00
[2024-03-29T11:07:18.374+0000] {logging_mixin.py:150} INFO - [2024-03-29T11:07:18.374+0000] {dag.py:3504} INFO - Setting next_dagrun for example_branch_datetime_operator_2 to 2024-03-28T00:00:00+00:00, run_after=2024-03-29T00:00:00+00:00
[2024-03-29T11:07:18.376+0000] {logging_mixin.py:150} INFO - [2024-03-29T11:07:18.375+0000] {dag.py:3504} INFO - Setting next_dagrun for example_branch_datetime_operator_3 to 2024-03-28T00:00:00+00:00, run_after=2024-03-29T00:00:00+00:00
[2024-03-29T11:07:18.414+0000] {processor.py:179} INFO - Processing /usr/local/python/3.10.13/lib/python3.10/site-packages/airflow/example_dags/example_branch_datetime_operator.py took 0.089 seconds
[2024-03-29T11:08:09.917+0000] {processor.py:157} INFO - Started process (PID=17715) to work on /usr/local/python/3.10.13/lib/python3.10/site-packages/airflow/example_dags/example_branch_datetime_operator.py
[2024-03-29T11:08:09.918+0000] {processor.py:826} INFO - Processing file /usr/local/python/3.10.13/lib/python3.10/site-packages/airflow/example_dags/example_branch_datetime_operator.py for tasks to queue
[2024-03-29T11:08:09.918+0000] {logging_mixin.py:150} INFO - [2024-03-29T11:08:09.918+0000] {dagbag.py:541} INFO - Filling up the DagBag from /usr/local/python/3.10.13/lib/python3.10/site-packages/airflow/example_dags/example_branch_datetime_operator.py
[2024-03-29T11:08:09.926+0000] {processor.py:836} INFO - DAG(s) dict_keys(['example_branch_datetime_operator_2', 'example_branch_datetime_operator_3', 'example_branch_datetime_operator']) retrieved from /usr/local/python/3.10.13/lib/python3.10/site-packages/airflow/example_dags/example_branch_datetime_operator.py
[2024-03-29T11:08:09.944+0000] {logging_mixin.py:150} INFO - [2024-03-29T11:08:09.944+0000] {dag.py:2742} INFO - Sync 3 DAGs
[2024-03-29T11:08:09.963+0000] {logging_mixin.py:150} INFO - [2024-03-29T11:08:09.963+0000] {dag.py:3504} INFO - Setting next_dagrun for example_branch_datetime_operator to 2024-03-28T00:00:00+00:00, run_after=2024-03-29T00:00:00+00:00
[2024-03-29T11:08:09.966+0000] {logging_mixin.py:150} INFO - [2024-03-29T11:08:09.966+0000] {dag.py:3504} INFO - Setting next_dagrun for example_branch_datetime_operator_2 to 2024-03-28T00:00:00+00:00, run_after=2024-03-29T00:00:00+00:00
[2024-03-29T11:08:09.968+0000] {logging_mixin.py:150} INFO - [2024-03-29T11:08:09.968+0000] {dag.py:3504} INFO - Setting next_dagrun for example_branch_datetime_operator_3 to 2024-03-28T00:00:00+00:00, run_after=2024-03-29T00:00:00+00:00
[2024-03-29T11:08:10.007+0000] {processor.py:179} INFO - Processing /usr/local/python/3.10.13/lib/python3.10/site-packages/airflow/example_dags/example_branch_datetime_operator.py took 0.092 seconds
[2024-03-29T11:09:00.580+0000] {processor.py:157} INFO - Started process (PID=18357) to work on /usr/local/python/3.10.13/lib/python3.10/site-packages/airflow/example_dags/example_branch_datetime_operator.py
[2024-03-29T11:09:00.581+0000] {processor.py:826} INFO - Processing file /usr/local/python/3.10.13/lib/python3.10/site-packages/airflow/example_dags/example_branch_datetime_operator.py for tasks to queue
[2024-03-29T11:09:00.582+0000] {logging_mixin.py:150} INFO - [2024-03-29T11:09:00.581+0000] {dagbag.py:541} INFO - Filling up the DagBag from /usr/local/python/3.10.13/lib/python3.10/site-packages/airflow/example_dags/example_branch_datetime_operator.py
[2024-03-29T11:09:00.589+0000] {processor.py:836} INFO - DAG(s) dict_keys(['example_branch_datetime_operator_2', 'example_branch_datetime_operator', 'example_branch_datetime_operator_3']) retrieved from /usr/local/python/3.10.13/lib/python3.10/site-packages/airflow/example_dags/example_branch_datetime_operator.py
[2024-03-29T11:09:00.606+0000] {logging_mixin.py:150} INFO - [2024-03-29T11:09:00.606+0000] {dag.py:2742} INFO - Sync 3 DAGs
[2024-03-29T11:09:00.625+0000] {logging_mixin.py:150} INFO - [2024-03-29T11:09:00.625+0000] {dag.py:3504} INFO - Setting next_dagrun for example_branch_datetime_operator to 2024-03-28T00:00:00+00:00, run_after=2024-03-29T00:00:00+00:00
[2024-03-29T11:09:00.629+0000] {logging_mixin.py:150} INFO - [2024-03-29T11:09:00.629+0000] {dag.py:3504} INFO - Setting next_dagrun for example_branch_datetime_operator_2 to 2024-03-28T00:00:00+00:00, run_after=2024-03-29T00:00:00+00:00
[2024-03-29T11:09:00.631+0000] {logging_mixin.py:150} INFO - [2024-03-29T11:09:00.631+0000] {dag.py:3504} INFO - Setting next_dagrun for example_branch_datetime_operator_3 to 2024-03-28T00:00:00+00:00, run_after=2024-03-29T00:00:00+00:00
[2024-03-29T11:09:00.671+0000] {processor.py:179} INFO - Processing /usr/local/python/3.10.13/lib/python3.10/site-packages/airflow/example_dags/example_branch_datetime_operator.py took 0.093 seconds
