[2024-03-29T11:00:23.962+0000] {processor.py:157} INFO - Started process (PID=14405) to work on /usr/local/python/3.10.13/lib/python3.10/site-packages/airflow/example_dags/example_datasets.py
[2024-03-29T11:00:23.962+0000] {processor.py:826} INFO - Processing file /usr/local/python/3.10.13/lib/python3.10/site-packages/airflow/example_dags/example_datasets.py for tasks to queue
[2024-03-29T11:00:23.963+0000] {logging_mixin.py:150} INFO - [2024-03-29T11:00:23.963+0000] {dagbag.py:541} INFO - Filling up the DagBag from /usr/local/python/3.10.13/lib/python3.10/site-packages/airflow/example_dags/example_datasets.py
[2024-03-29T11:00:23.971+0000] {processor.py:836} INFO - DAG(s) dict_keys(['dataset_consumes_unknown_never_scheduled', 'dataset_consumes_1', 'dataset_produces_2', 'dataset_consumes_1_and_2', 'dataset_produces_1', 'dataset_consumes_1_never_scheduled']) retrieved from /usr/local/python/3.10.13/lib/python3.10/site-packages/airflow/example_dags/example_datasets.py
[2024-03-29T11:00:24.105+0000] {logging_mixin.py:150} INFO - [2024-03-29T11:00:24.105+0000] {manager.py:504} INFO - Created Permission View: can delete on DAG:dataset_consumes_unknown_never_scheduled
[2024-03-29T11:00:24.138+0000] {logging_mixin.py:150} INFO - [2024-03-29T11:00:24.138+0000] {manager.py:504} INFO - Created Permission View: can edit on DAG:dataset_consumes_unknown_never_scheduled
[2024-03-29T11:00:24.172+0000] {logging_mixin.py:150} INFO - [2024-03-29T11:00:24.172+0000] {manager.py:504} INFO - Created Permission View: can read on DAG:dataset_consumes_unknown_never_scheduled
[2024-03-29T11:00:24.262+0000] {logging_mixin.py:150} INFO - [2024-03-29T11:00:24.262+0000] {manager.py:504} INFO - Created Permission View: can delete on DAG:dataset_consumes_1
[2024-03-29T11:00:24.296+0000] {logging_mixin.py:150} INFO - [2024-03-29T11:00:24.295+0000] {manager.py:504} INFO - Created Permission View: can edit on DAG:dataset_consumes_1
[2024-03-29T11:00:24.327+0000] {logging_mixin.py:150} INFO - [2024-03-29T11:00:24.327+0000] {manager.py:504} INFO - Created Permission View: can read on DAG:dataset_consumes_1
[2024-03-29T11:00:24.397+0000] {logging_mixin.py:150} INFO - [2024-03-29T11:00:24.397+0000] {manager.py:504} INFO - Created Permission View: can delete on DAG:dataset_produces_2
[2024-03-29T11:00:24.433+0000] {logging_mixin.py:150} INFO - [2024-03-29T11:00:24.433+0000] {manager.py:504} INFO - Created Permission View: can edit on DAG:dataset_produces_2
[2024-03-29T11:00:24.465+0000] {logging_mixin.py:150} INFO - [2024-03-29T11:00:24.465+0000] {manager.py:504} INFO - Created Permission View: can read on DAG:dataset_produces_2
[2024-03-29T11:00:24.545+0000] {logging_mixin.py:150} INFO - [2024-03-29T11:00:24.544+0000] {manager.py:504} INFO - Created Permission View: can delete on DAG:dataset_consumes_1_and_2
[2024-03-29T11:00:24.575+0000] {logging_mixin.py:150} INFO - [2024-03-29T11:00:24.575+0000] {manager.py:504} INFO - Created Permission View: can edit on DAG:dataset_consumes_1_and_2
[2024-03-29T11:00:24.608+0000] {logging_mixin.py:150} INFO - [2024-03-29T11:00:24.608+0000] {manager.py:504} INFO - Created Permission View: can read on DAG:dataset_consumes_1_and_2
[2024-03-29T11:00:24.675+0000] {logging_mixin.py:150} INFO - [2024-03-29T11:00:24.675+0000] {manager.py:504} INFO - Created Permission View: can delete on DAG:dataset_produces_1
[2024-03-29T11:00:24.705+0000] {logging_mixin.py:150} INFO - [2024-03-29T11:00:24.705+0000] {manager.py:504} INFO - Created Permission View: can edit on DAG:dataset_produces_1
[2024-03-29T11:00:24.746+0000] {logging_mixin.py:150} INFO - [2024-03-29T11:00:24.745+0000] {manager.py:504} INFO - Created Permission View: can read on DAG:dataset_produces_1
[2024-03-29T11:00:24.817+0000] {logging_mixin.py:150} INFO - [2024-03-29T11:00:24.817+0000] {manager.py:504} INFO - Created Permission View: can delete on DAG:dataset_consumes_1_never_scheduled
[2024-03-29T11:00:24.847+0000] {logging_mixin.py:150} INFO - [2024-03-29T11:00:24.846+0000] {manager.py:504} INFO - Created Permission View: can edit on DAG:dataset_consumes_1_never_scheduled
[2024-03-29T11:00:24.875+0000] {logging_mixin.py:150} INFO - [2024-03-29T11:00:24.875+0000] {manager.py:504} INFO - Created Permission View: can read on DAG:dataset_consumes_1_never_scheduled
[2024-03-29T11:00:24.879+0000] {logging_mixin.py:150} INFO - [2024-03-29T11:00:24.879+0000] {dag.py:2742} INFO - Sync 6 DAGs
[2024-03-29T11:00:24.888+0000] {logging_mixin.py:150} INFO - [2024-03-29T11:00:24.887+0000] {dag.py:2763} INFO - Creating ORM DAG for dataset_consumes_unknown_never_scheduled
[2024-03-29T11:00:24.888+0000] {logging_mixin.py:150} INFO - [2024-03-29T11:00:24.888+0000] {dag.py:2763} INFO - Creating ORM DAG for dataset_produces_1
[2024-03-29T11:00:24.888+0000] {logging_mixin.py:150} INFO - [2024-03-29T11:00:24.888+0000] {dag.py:2763} INFO - Creating ORM DAG for dataset_consumes_1_never_scheduled
[2024-03-29T11:00:24.889+0000] {logging_mixin.py:150} INFO - [2024-03-29T11:00:24.889+0000] {dag.py:2763} INFO - Creating ORM DAG for dataset_consumes_1
[2024-03-29T11:00:24.889+0000] {logging_mixin.py:150} INFO - [2024-03-29T11:00:24.889+0000] {dag.py:2763} INFO - Creating ORM DAG for dataset_consumes_1_and_2
[2024-03-29T11:00:24.890+0000] {logging_mixin.py:150} INFO - [2024-03-29T11:00:24.890+0000] {dag.py:2763} INFO - Creating ORM DAG for dataset_produces_2
[2024-03-29T11:00:24.896+0000] {logging_mixin.py:150} INFO - [2024-03-29T11:00:24.896+0000] {dag.py:3504} INFO - Setting next_dagrun for dataset_consumes_1 to None, run_after=None
[2024-03-29T11:00:24.897+0000] {logging_mixin.py:150} INFO - [2024-03-29T11:00:24.897+0000] {dag.py:3504} INFO - Setting next_dagrun for dataset_consumes_1_and_2 to None, run_after=None
[2024-03-29T11:00:24.897+0000] {logging_mixin.py:150} INFO - [2024-03-29T11:00:24.897+0000] {dag.py:3504} INFO - Setting next_dagrun for dataset_consumes_1_never_scheduled to None, run_after=None
[2024-03-29T11:00:24.898+0000] {logging_mixin.py:150} INFO - [2024-03-29T11:00:24.897+0000] {dag.py:3504} INFO - Setting next_dagrun for dataset_consumes_unknown_never_scheduled to None, run_after=None
[2024-03-29T11:00:24.899+0000] {logging_mixin.py:150} INFO - [2024-03-29T11:00:24.899+0000] {dag.py:3504} INFO - Setting next_dagrun for dataset_produces_1 to 2024-03-28T00:00:00+00:00, run_after=2024-03-29T00:00:00+00:00
[2024-03-29T11:00:24.900+0000] {logging_mixin.py:150} INFO - [2024-03-29T11:00:24.900+0000] {dag.py:3504} INFO - Setting next_dagrun for dataset_produces_2 to None, run_after=None
[2024-03-29T11:00:24.968+0000] {processor.py:179} INFO - Processing /usr/local/python/3.10.13/lib/python3.10/site-packages/airflow/example_dags/example_datasets.py took 1.009 seconds
[2024-03-29T11:01:12.317+0000] {processor.py:157} INFO - Started process (PID=14753) to work on /usr/local/python/3.10.13/lib/python3.10/site-packages/airflow/example_dags/example_datasets.py
[2024-03-29T11:01:12.317+0000] {processor.py:826} INFO - Processing file /usr/local/python/3.10.13/lib/python3.10/site-packages/airflow/example_dags/example_datasets.py for tasks to queue
[2024-03-29T11:01:12.318+0000] {logging_mixin.py:150} INFO - [2024-03-29T11:01:12.318+0000] {dagbag.py:541} INFO - Filling up the DagBag from /usr/local/python/3.10.13/lib/python3.10/site-packages/airflow/example_dags/example_datasets.py
[2024-03-29T11:01:12.328+0000] {processor.py:836} INFO - DAG(s) dict_keys(['dataset_consumes_1_and_2', 'dataset_produces_2', 'dataset_produces_1', 'dataset_consumes_1_never_scheduled', 'dataset_consumes_1', 'dataset_consumes_unknown_never_scheduled']) retrieved from /usr/local/python/3.10.13/lib/python3.10/site-packages/airflow/example_dags/example_datasets.py
[2024-03-29T11:01:12.354+0000] {logging_mixin.py:150} INFO - [2024-03-29T11:01:12.354+0000] {dag.py:2742} INFO - Sync 6 DAGs
[2024-03-29T11:01:12.370+0000] {logging_mixin.py:150} INFO - [2024-03-29T11:01:12.370+0000] {dag.py:3504} INFO - Setting next_dagrun for dataset_consumes_1 to None, run_after=None
[2024-03-29T11:01:12.373+0000] {logging_mixin.py:150} INFO - [2024-03-29T11:01:12.373+0000] {dag.py:3504} INFO - Setting next_dagrun for dataset_consumes_1_and_2 to None, run_after=None
[2024-03-29T11:01:12.373+0000] {logging_mixin.py:150} INFO - [2024-03-29T11:01:12.373+0000] {dag.py:3504} INFO - Setting next_dagrun for dataset_consumes_1_never_scheduled to None, run_after=None
[2024-03-29T11:01:12.374+0000] {logging_mixin.py:150} INFO - [2024-03-29T11:01:12.374+0000] {dag.py:3504} INFO - Setting next_dagrun for dataset_consumes_unknown_never_scheduled to None, run_after=None
[2024-03-29T11:01:12.376+0000] {logging_mixin.py:150} INFO - [2024-03-29T11:01:12.376+0000] {dag.py:3504} INFO - Setting next_dagrun for dataset_produces_1 to 2024-03-28T00:00:00+00:00, run_after=2024-03-29T00:00:00+00:00
[2024-03-29T11:01:12.377+0000] {logging_mixin.py:150} INFO - [2024-03-29T11:01:12.377+0000] {dag.py:3504} INFO - Setting next_dagrun for dataset_produces_2 to None, run_after=None
[2024-03-29T11:01:12.424+0000] {processor.py:179} INFO - Processing /usr/local/python/3.10.13/lib/python3.10/site-packages/airflow/example_dags/example_datasets.py took 0.109 seconds
[2024-03-29T11:02:01.726+0000] {processor.py:157} INFO - Started process (PID=15081) to work on /usr/local/python/3.10.13/lib/python3.10/site-packages/airflow/example_dags/example_datasets.py
[2024-03-29T11:02:01.727+0000] {processor.py:826} INFO - Processing file /usr/local/python/3.10.13/lib/python3.10/site-packages/airflow/example_dags/example_datasets.py for tasks to queue
[2024-03-29T11:02:01.727+0000] {logging_mixin.py:150} INFO - [2024-03-29T11:02:01.727+0000] {dagbag.py:541} INFO - Filling up the DagBag from /usr/local/python/3.10.13/lib/python3.10/site-packages/airflow/example_dags/example_datasets.py
[2024-03-29T11:02:01.735+0000] {processor.py:836} INFO - DAG(s) dict_keys(['dataset_consumes_unknown_never_scheduled', 'dataset_produces_1', 'dataset_consumes_1', 'dataset_consumes_1_and_2', 'dataset_consumes_1_never_scheduled', 'dataset_produces_2']) retrieved from /usr/local/python/3.10.13/lib/python3.10/site-packages/airflow/example_dags/example_datasets.py
[2024-03-29T11:02:01.757+0000] {logging_mixin.py:150} INFO - [2024-03-29T11:02:01.757+0000] {dag.py:2742} INFO - Sync 6 DAGs
[2024-03-29T11:02:01.776+0000] {logging_mixin.py:150} INFO - [2024-03-29T11:02:01.775+0000] {dag.py:3504} INFO - Setting next_dagrun for dataset_consumes_1 to None, run_after=None
[2024-03-29T11:02:01.778+0000] {logging_mixin.py:150} INFO - [2024-03-29T11:02:01.778+0000] {dag.py:3504} INFO - Setting next_dagrun for dataset_consumes_1_and_2 to None, run_after=None
[2024-03-29T11:02:01.779+0000] {logging_mixin.py:150} INFO - [2024-03-29T11:02:01.779+0000] {dag.py:3504} INFO - Setting next_dagrun for dataset_consumes_1_never_scheduled to None, run_after=None
[2024-03-29T11:02:01.779+0000] {logging_mixin.py:150} INFO - [2024-03-29T11:02:01.779+0000] {dag.py:3504} INFO - Setting next_dagrun for dataset_consumes_unknown_never_scheduled to None, run_after=None
[2024-03-29T11:02:01.782+0000] {logging_mixin.py:150} INFO - [2024-03-29T11:02:01.781+0000] {dag.py:3504} INFO - Setting next_dagrun for dataset_produces_1 to 2024-03-28T00:00:00+00:00, run_after=2024-03-29T00:00:00+00:00
[2024-03-29T11:02:01.782+0000] {logging_mixin.py:150} INFO - [2024-03-29T11:02:01.782+0000] {dag.py:3504} INFO - Setting next_dagrun for dataset_produces_2 to None, run_after=None
[2024-03-29T11:02:01.828+0000] {processor.py:179} INFO - Processing /usr/local/python/3.10.13/lib/python3.10/site-packages/airflow/example_dags/example_datasets.py took 0.104 seconds
[2024-03-29T11:02:53.513+0000] {processor.py:157} INFO - Started process (PID=15470) to work on /usr/local/python/3.10.13/lib/python3.10/site-packages/airflow/example_dags/example_datasets.py
[2024-03-29T11:02:53.514+0000] {processor.py:826} INFO - Processing file /usr/local/python/3.10.13/lib/python3.10/site-packages/airflow/example_dags/example_datasets.py for tasks to queue
[2024-03-29T11:02:53.514+0000] {logging_mixin.py:150} INFO - [2024-03-29T11:02:53.514+0000] {dagbag.py:541} INFO - Filling up the DagBag from /usr/local/python/3.10.13/lib/python3.10/site-packages/airflow/example_dags/example_datasets.py
[2024-03-29T11:02:53.522+0000] {processor.py:836} INFO - DAG(s) dict_keys(['dataset_consumes_1_never_scheduled', 'dataset_produces_2', 'dataset_produces_1', 'dataset_consumes_unknown_never_scheduled', 'dataset_consumes_1', 'dataset_consumes_1_and_2']) retrieved from /usr/local/python/3.10.13/lib/python3.10/site-packages/airflow/example_dags/example_datasets.py
[2024-03-29T11:02:53.544+0000] {logging_mixin.py:150} INFO - [2024-03-29T11:02:53.544+0000] {dag.py:2742} INFO - Sync 6 DAGs
[2024-03-29T11:02:53.561+0000] {logging_mixin.py:150} INFO - [2024-03-29T11:02:53.560+0000] {dag.py:3504} INFO - Setting next_dagrun for dataset_consumes_1 to None, run_after=None
[2024-03-29T11:02:53.563+0000] {logging_mixin.py:150} INFO - [2024-03-29T11:02:53.563+0000] {dag.py:3504} INFO - Setting next_dagrun for dataset_consumes_1_and_2 to None, run_after=None
[2024-03-29T11:02:53.564+0000] {logging_mixin.py:150} INFO - [2024-03-29T11:02:53.564+0000] {dag.py:3504} INFO - Setting next_dagrun for dataset_consumes_1_never_scheduled to None, run_after=None
[2024-03-29T11:02:53.565+0000] {logging_mixin.py:150} INFO - [2024-03-29T11:02:53.565+0000] {dag.py:3504} INFO - Setting next_dagrun for dataset_consumes_unknown_never_scheduled to None, run_after=None
[2024-03-29T11:02:53.567+0000] {logging_mixin.py:150} INFO - [2024-03-29T11:02:53.567+0000] {dag.py:3504} INFO - Setting next_dagrun for dataset_produces_1 to 2024-03-28T00:00:00+00:00, run_after=2024-03-29T00:00:00+00:00
[2024-03-29T11:02:53.567+0000] {logging_mixin.py:150} INFO - [2024-03-29T11:02:53.567+0000] {dag.py:3504} INFO - Setting next_dagrun for dataset_produces_2 to None, run_after=None
[2024-03-29T11:02:53.619+0000] {processor.py:179} INFO - Processing /usr/local/python/3.10.13/lib/python3.10/site-packages/airflow/example_dags/example_datasets.py took 0.108 seconds
[2024-03-29T11:03:37.990+0000] {processor.py:157} INFO - Started process (PID=15792) to work on /usr/local/python/3.10.13/lib/python3.10/site-packages/airflow/example_dags/example_datasets.py
[2024-03-29T11:03:37.991+0000] {processor.py:826} INFO - Processing file /usr/local/python/3.10.13/lib/python3.10/site-packages/airflow/example_dags/example_datasets.py for tasks to queue
[2024-03-29T11:03:37.992+0000] {logging_mixin.py:150} INFO - [2024-03-29T11:03:37.992+0000] {dagbag.py:541} INFO - Filling up the DagBag from /usr/local/python/3.10.13/lib/python3.10/site-packages/airflow/example_dags/example_datasets.py
[2024-03-29T11:03:38.003+0000] {processor.py:836} INFO - DAG(s) dict_keys(['dataset_consumes_1', 'dataset_consumes_1_and_2', 'dataset_produces_2', 'dataset_consumes_unknown_never_scheduled', 'dataset_produces_1', 'dataset_consumes_1_never_scheduled']) retrieved from /usr/local/python/3.10.13/lib/python3.10/site-packages/airflow/example_dags/example_datasets.py
[2024-03-29T11:03:38.035+0000] {logging_mixin.py:150} INFO - [2024-03-29T11:03:38.035+0000] {dag.py:2742} INFO - Sync 6 DAGs
[2024-03-29T11:03:38.052+0000] {logging_mixin.py:150} INFO - [2024-03-29T11:03:38.052+0000] {dag.py:3504} INFO - Setting next_dagrun for dataset_consumes_1 to None, run_after=None
[2024-03-29T11:03:38.054+0000] {logging_mixin.py:150} INFO - [2024-03-29T11:03:38.054+0000] {dag.py:3504} INFO - Setting next_dagrun for dataset_consumes_1_and_2 to None, run_after=None
[2024-03-29T11:03:38.055+0000] {logging_mixin.py:150} INFO - [2024-03-29T11:03:38.055+0000] {dag.py:3504} INFO - Setting next_dagrun for dataset_consumes_1_never_scheduled to None, run_after=None
[2024-03-29T11:03:38.056+0000] {logging_mixin.py:150} INFO - [2024-03-29T11:03:38.056+0000] {dag.py:3504} INFO - Setting next_dagrun for dataset_consumes_unknown_never_scheduled to None, run_after=None
[2024-03-29T11:03:38.058+0000] {logging_mixin.py:150} INFO - [2024-03-29T11:03:38.058+0000] {dag.py:3504} INFO - Setting next_dagrun for dataset_produces_1 to 2024-03-28T00:00:00+00:00, run_after=2024-03-29T00:00:00+00:00
[2024-03-29T11:03:38.058+0000] {logging_mixin.py:150} INFO - [2024-03-29T11:03:38.058+0000] {dag.py:3504} INFO - Setting next_dagrun for dataset_produces_2 to None, run_after=None
[2024-03-29T11:03:38.104+0000] {processor.py:179} INFO - Processing /usr/local/python/3.10.13/lib/python3.10/site-packages/airflow/example_dags/example_datasets.py took 0.117 seconds
[2024-03-29T11:04:24.709+0000] {processor.py:157} INFO - Started process (PID=16114) to work on /usr/local/python/3.10.13/lib/python3.10/site-packages/airflow/example_dags/example_datasets.py
[2024-03-29T11:04:24.710+0000] {processor.py:826} INFO - Processing file /usr/local/python/3.10.13/lib/python3.10/site-packages/airflow/example_dags/example_datasets.py for tasks to queue
[2024-03-29T11:04:24.711+0000] {logging_mixin.py:150} INFO - [2024-03-29T11:04:24.711+0000] {dagbag.py:541} INFO - Filling up the DagBag from /usr/local/python/3.10.13/lib/python3.10/site-packages/airflow/example_dags/example_datasets.py
[2024-03-29T11:04:24.723+0000] {processor.py:836} INFO - DAG(s) dict_keys(['dataset_consumes_1_and_2', 'dataset_produces_1', 'dataset_consumes_1_never_scheduled', 'dataset_consumes_unknown_never_scheduled', 'dataset_consumes_1', 'dataset_produces_2']) retrieved from /usr/local/python/3.10.13/lib/python3.10/site-packages/airflow/example_dags/example_datasets.py
[2024-03-29T11:04:24.752+0000] {logging_mixin.py:150} INFO - [2024-03-29T11:04:24.752+0000] {dag.py:2742} INFO - Sync 6 DAGs
[2024-03-29T11:04:24.775+0000] {logging_mixin.py:150} INFO - [2024-03-29T11:04:24.774+0000] {dag.py:3504} INFO - Setting next_dagrun for dataset_consumes_1 to None, run_after=None
[2024-03-29T11:04:24.778+0000] {logging_mixin.py:150} INFO - [2024-03-29T11:04:24.777+0000] {dag.py:3504} INFO - Setting next_dagrun for dataset_consumes_1_and_2 to None, run_after=None
[2024-03-29T11:04:24.778+0000] {logging_mixin.py:150} INFO - [2024-03-29T11:04:24.778+0000] {dag.py:3504} INFO - Setting next_dagrun for dataset_consumes_1_never_scheduled to None, run_after=None
[2024-03-29T11:04:24.779+0000] {logging_mixin.py:150} INFO - [2024-03-29T11:04:24.779+0000] {dag.py:3504} INFO - Setting next_dagrun for dataset_consumes_unknown_never_scheduled to None, run_after=None
[2024-03-29T11:04:24.781+0000] {logging_mixin.py:150} INFO - [2024-03-29T11:04:24.781+0000] {dag.py:3504} INFO - Setting next_dagrun for dataset_produces_1 to 2024-03-28T00:00:00+00:00, run_after=2024-03-29T00:00:00+00:00
[2024-03-29T11:04:24.782+0000] {logging_mixin.py:150} INFO - [2024-03-29T11:04:24.782+0000] {dag.py:3504} INFO - Setting next_dagrun for dataset_produces_2 to None, run_after=None
[2024-03-29T11:04:24.831+0000] {processor.py:179} INFO - Processing /usr/local/python/3.10.13/lib/python3.10/site-packages/airflow/example_dags/example_datasets.py took 0.124 seconds
[2024-03-29T11:05:11.274+0000] {processor.py:157} INFO - Started process (PID=16437) to work on /usr/local/python/3.10.13/lib/python3.10/site-packages/airflow/example_dags/example_datasets.py
[2024-03-29T11:05:11.274+0000] {processor.py:826} INFO - Processing file /usr/local/python/3.10.13/lib/python3.10/site-packages/airflow/example_dags/example_datasets.py for tasks to queue
[2024-03-29T11:05:11.275+0000] {logging_mixin.py:150} INFO - [2024-03-29T11:05:11.275+0000] {dagbag.py:541} INFO - Filling up the DagBag from /usr/local/python/3.10.13/lib/python3.10/site-packages/airflow/example_dags/example_datasets.py
[2024-03-29T11:05:11.282+0000] {processor.py:836} INFO - DAG(s) dict_keys(['dataset_consumes_1_never_scheduled', 'dataset_consumes_1_and_2', 'dataset_consumes_1', 'dataset_produces_2', 'dataset_consumes_unknown_never_scheduled', 'dataset_produces_1']) retrieved from /usr/local/python/3.10.13/lib/python3.10/site-packages/airflow/example_dags/example_datasets.py
[2024-03-29T11:05:11.303+0000] {logging_mixin.py:150} INFO - [2024-03-29T11:05:11.303+0000] {dag.py:2742} INFO - Sync 6 DAGs
[2024-03-29T11:05:11.319+0000] {logging_mixin.py:150} INFO - [2024-03-29T11:05:11.319+0000] {dag.py:3504} INFO - Setting next_dagrun for dataset_consumes_1 to None, run_after=None
[2024-03-29T11:05:11.322+0000] {logging_mixin.py:150} INFO - [2024-03-29T11:05:11.322+0000] {dag.py:3504} INFO - Setting next_dagrun for dataset_consumes_1_and_2 to None, run_after=None
[2024-03-29T11:05:11.322+0000] {logging_mixin.py:150} INFO - [2024-03-29T11:05:11.322+0000] {dag.py:3504} INFO - Setting next_dagrun for dataset_consumes_1_never_scheduled to None, run_after=None
[2024-03-29T11:05:11.323+0000] {logging_mixin.py:150} INFO - [2024-03-29T11:05:11.323+0000] {dag.py:3504} INFO - Setting next_dagrun for dataset_consumes_unknown_never_scheduled to None, run_after=None
[2024-03-29T11:05:11.325+0000] {logging_mixin.py:150} INFO - [2024-03-29T11:05:11.325+0000] {dag.py:3504} INFO - Setting next_dagrun for dataset_produces_1 to 2024-03-28T00:00:00+00:00, run_after=2024-03-29T00:00:00+00:00
[2024-03-29T11:05:11.326+0000] {logging_mixin.py:150} INFO - [2024-03-29T11:05:11.326+0000] {dag.py:3504} INFO - Setting next_dagrun for dataset_produces_2 to None, run_after=None
[2024-03-29T11:05:11.371+0000] {processor.py:179} INFO - Processing /usr/local/python/3.10.13/lib/python3.10/site-packages/airflow/example_dags/example_datasets.py took 0.099 seconds
[2024-03-29T11:05:55.834+0000] {processor.py:157} INFO - Started process (PID=16736) to work on /usr/local/python/3.10.13/lib/python3.10/site-packages/airflow/example_dags/example_datasets.py
[2024-03-29T11:05:55.835+0000] {processor.py:826} INFO - Processing file /usr/local/python/3.10.13/lib/python3.10/site-packages/airflow/example_dags/example_datasets.py for tasks to queue
[2024-03-29T11:05:55.836+0000] {logging_mixin.py:150} INFO - [2024-03-29T11:05:55.835+0000] {dagbag.py:541} INFO - Filling up the DagBag from /usr/local/python/3.10.13/lib/python3.10/site-packages/airflow/example_dags/example_datasets.py
[2024-03-29T11:05:55.843+0000] {processor.py:836} INFO - DAG(s) dict_keys(['dataset_consumes_unknown_never_scheduled', 'dataset_consumes_1_never_scheduled', 'dataset_consumes_1', 'dataset_consumes_1_and_2', 'dataset_produces_2', 'dataset_produces_1']) retrieved from /usr/local/python/3.10.13/lib/python3.10/site-packages/airflow/example_dags/example_datasets.py
[2024-03-29T11:05:55.865+0000] {logging_mixin.py:150} INFO - [2024-03-29T11:05:55.864+0000] {dag.py:2742} INFO - Sync 6 DAGs
[2024-03-29T11:05:55.881+0000] {logging_mixin.py:150} INFO - [2024-03-29T11:05:55.880+0000] {dag.py:3504} INFO - Setting next_dagrun for dataset_consumes_1 to None, run_after=None
[2024-03-29T11:05:55.883+0000] {logging_mixin.py:150} INFO - [2024-03-29T11:05:55.883+0000] {dag.py:3504} INFO - Setting next_dagrun for dataset_consumes_1_and_2 to None, run_after=None
[2024-03-29T11:05:55.884+0000] {logging_mixin.py:150} INFO - [2024-03-29T11:05:55.883+0000] {dag.py:3504} INFO - Setting next_dagrun for dataset_consumes_1_never_scheduled to None, run_after=None
[2024-03-29T11:05:55.884+0000] {logging_mixin.py:150} INFO - [2024-03-29T11:05:55.884+0000] {dag.py:3504} INFO - Setting next_dagrun for dataset_consumes_unknown_never_scheduled to None, run_after=None
[2024-03-29T11:05:55.886+0000] {logging_mixin.py:150} INFO - [2024-03-29T11:05:55.886+0000] {dag.py:3504} INFO - Setting next_dagrun for dataset_produces_1 to 2024-03-28T00:00:00+00:00, run_after=2024-03-29T00:00:00+00:00
[2024-03-29T11:05:55.887+0000] {logging_mixin.py:150} INFO - [2024-03-29T11:05:55.887+0000] {dag.py:3504} INFO - Setting next_dagrun for dataset_produces_2 to None, run_after=None
[2024-03-29T11:05:55.934+0000] {processor.py:179} INFO - Processing /usr/local/python/3.10.13/lib/python3.10/site-packages/airflow/example_dags/example_datasets.py took 0.102 seconds
[2024-03-29T11:06:44.725+0000] {processor.py:157} INFO - Started process (PID=17099) to work on /usr/local/python/3.10.13/lib/python3.10/site-packages/airflow/example_dags/example_datasets.py
[2024-03-29T11:06:44.726+0000] {processor.py:826} INFO - Processing file /usr/local/python/3.10.13/lib/python3.10/site-packages/airflow/example_dags/example_datasets.py for tasks to queue
[2024-03-29T11:06:44.727+0000] {logging_mixin.py:150} INFO - [2024-03-29T11:06:44.726+0000] {dagbag.py:541} INFO - Filling up the DagBag from /usr/local/python/3.10.13/lib/python3.10/site-packages/airflow/example_dags/example_datasets.py
[2024-03-29T11:06:44.734+0000] {processor.py:836} INFO - DAG(s) dict_keys(['dataset_produces_1', 'dataset_consumes_unknown_never_scheduled', 'dataset_consumes_1_and_2', 'dataset_consumes_1', 'dataset_consumes_1_never_scheduled', 'dataset_produces_2']) retrieved from /usr/local/python/3.10.13/lib/python3.10/site-packages/airflow/example_dags/example_datasets.py
[2024-03-29T11:06:44.755+0000] {logging_mixin.py:150} INFO - [2024-03-29T11:06:44.755+0000] {dag.py:2742} INFO - Sync 6 DAGs
[2024-03-29T11:06:44.771+0000] {logging_mixin.py:150} INFO - [2024-03-29T11:06:44.771+0000] {dag.py:3504} INFO - Setting next_dagrun for dataset_consumes_1 to None, run_after=None
[2024-03-29T11:06:44.773+0000] {logging_mixin.py:150} INFO - [2024-03-29T11:06:44.773+0000] {dag.py:3504} INFO - Setting next_dagrun for dataset_consumes_1_and_2 to None, run_after=None
[2024-03-29T11:06:44.774+0000] {logging_mixin.py:150} INFO - [2024-03-29T11:06:44.774+0000] {dag.py:3504} INFO - Setting next_dagrun for dataset_consumes_1_never_scheduled to None, run_after=None
[2024-03-29T11:06:44.775+0000] {logging_mixin.py:150} INFO - [2024-03-29T11:06:44.775+0000] {dag.py:3504} INFO - Setting next_dagrun for dataset_consumes_unknown_never_scheduled to None, run_after=None
[2024-03-29T11:06:44.777+0000] {logging_mixin.py:150} INFO - [2024-03-29T11:06:44.777+0000] {dag.py:3504} INFO - Setting next_dagrun for dataset_produces_1 to 2024-03-28T00:00:00+00:00, run_after=2024-03-29T00:00:00+00:00
[2024-03-29T11:06:44.777+0000] {logging_mixin.py:150} INFO - [2024-03-29T11:06:44.777+0000] {dag.py:3504} INFO - Setting next_dagrun for dataset_produces_2 to None, run_after=None
[2024-03-29T11:06:44.835+0000] {processor.py:179} INFO - Processing /usr/local/python/3.10.13/lib/python3.10/site-packages/airflow/example_dags/example_datasets.py took 0.112 seconds
[2024-03-29T11:07:34.483+0000] {processor.py:157} INFO - Started process (PID=17454) to work on /usr/local/python/3.10.13/lib/python3.10/site-packages/airflow/example_dags/example_datasets.py
[2024-03-29T11:07:34.484+0000] {processor.py:826} INFO - Processing file /usr/local/python/3.10.13/lib/python3.10/site-packages/airflow/example_dags/example_datasets.py for tasks to queue
[2024-03-29T11:07:34.484+0000] {logging_mixin.py:150} INFO - [2024-03-29T11:07:34.484+0000] {dagbag.py:541} INFO - Filling up the DagBag from /usr/local/python/3.10.13/lib/python3.10/site-packages/airflow/example_dags/example_datasets.py
[2024-03-29T11:07:34.494+0000] {processor.py:836} INFO - DAG(s) dict_keys(['dataset_produces_2', 'dataset_consumes_1', 'dataset_consumes_unknown_never_scheduled', 'dataset_consumes_1_never_scheduled', 'dataset_produces_1', 'dataset_consumes_1_and_2']) retrieved from /usr/local/python/3.10.13/lib/python3.10/site-packages/airflow/example_dags/example_datasets.py
[2024-03-29T11:07:34.520+0000] {logging_mixin.py:150} INFO - [2024-03-29T11:07:34.519+0000] {dag.py:2742} INFO - Sync 6 DAGs
[2024-03-29T11:07:34.536+0000] {logging_mixin.py:150} INFO - [2024-03-29T11:07:34.536+0000] {dag.py:3504} INFO - Setting next_dagrun for dataset_consumes_1 to None, run_after=None
[2024-03-29T11:07:34.539+0000] {logging_mixin.py:150} INFO - [2024-03-29T11:07:34.539+0000] {dag.py:3504} INFO - Setting next_dagrun for dataset_consumes_1_and_2 to None, run_after=None
[2024-03-29T11:07:34.539+0000] {logging_mixin.py:150} INFO - [2024-03-29T11:07:34.539+0000] {dag.py:3504} INFO - Setting next_dagrun for dataset_consumes_1_never_scheduled to None, run_after=None
[2024-03-29T11:07:34.540+0000] {logging_mixin.py:150} INFO - [2024-03-29T11:07:34.540+0000] {dag.py:3504} INFO - Setting next_dagrun for dataset_consumes_unknown_never_scheduled to None, run_after=None
[2024-03-29T11:07:34.542+0000] {logging_mixin.py:150} INFO - [2024-03-29T11:07:34.542+0000] {dag.py:3504} INFO - Setting next_dagrun for dataset_produces_1 to 2024-03-28T00:00:00+00:00, run_after=2024-03-29T00:00:00+00:00
[2024-03-29T11:07:34.543+0000] {logging_mixin.py:150} INFO - [2024-03-29T11:07:34.543+0000] {dag.py:3504} INFO - Setting next_dagrun for dataset_produces_2 to None, run_after=None
[2024-03-29T11:07:34.588+0000] {processor.py:179} INFO - Processing /usr/local/python/3.10.13/lib/python3.10/site-packages/airflow/example_dags/example_datasets.py took 0.108 seconds
[2024-03-29T11:08:26.196+0000] {processor.py:157} INFO - Started process (PID=17868) to work on /usr/local/python/3.10.13/lib/python3.10/site-packages/airflow/example_dags/example_datasets.py
[2024-03-29T11:08:26.196+0000] {processor.py:826} INFO - Processing file /usr/local/python/3.10.13/lib/python3.10/site-packages/airflow/example_dags/example_datasets.py for tasks to queue
[2024-03-29T11:08:26.197+0000] {logging_mixin.py:150} INFO - [2024-03-29T11:08:26.197+0000] {dagbag.py:541} INFO - Filling up the DagBag from /usr/local/python/3.10.13/lib/python3.10/site-packages/airflow/example_dags/example_datasets.py
[2024-03-29T11:08:26.205+0000] {processor.py:836} INFO - DAG(s) dict_keys(['dataset_consumes_unknown_never_scheduled', 'dataset_consumes_1_never_scheduled', 'dataset_consumes_1_and_2', 'dataset_consumes_1', 'dataset_produces_1', 'dataset_produces_2']) retrieved from /usr/local/python/3.10.13/lib/python3.10/site-packages/airflow/example_dags/example_datasets.py
[2024-03-29T11:08:26.230+0000] {logging_mixin.py:150} INFO - [2024-03-29T11:08:26.230+0000] {dag.py:2742} INFO - Sync 6 DAGs
[2024-03-29T11:08:26.248+0000] {logging_mixin.py:150} INFO - [2024-03-29T11:08:26.248+0000] {dag.py:3504} INFO - Setting next_dagrun for dataset_consumes_1 to None, run_after=None
[2024-03-29T11:08:26.250+0000] {logging_mixin.py:150} INFO - [2024-03-29T11:08:26.250+0000] {dag.py:3504} INFO - Setting next_dagrun for dataset_consumes_1_and_2 to None, run_after=None
[2024-03-29T11:08:26.251+0000] {logging_mixin.py:150} INFO - [2024-03-29T11:08:26.251+0000] {dag.py:3504} INFO - Setting next_dagrun for dataset_consumes_1_never_scheduled to None, run_after=None
[2024-03-29T11:08:26.252+0000] {logging_mixin.py:150} INFO - [2024-03-29T11:08:26.251+0000] {dag.py:3504} INFO - Setting next_dagrun for dataset_consumes_unknown_never_scheduled to None, run_after=None
[2024-03-29T11:08:26.254+0000] {logging_mixin.py:150} INFO - [2024-03-29T11:08:26.254+0000] {dag.py:3504} INFO - Setting next_dagrun for dataset_produces_1 to 2024-03-28T00:00:00+00:00, run_after=2024-03-29T00:00:00+00:00
[2024-03-29T11:08:26.254+0000] {logging_mixin.py:150} INFO - [2024-03-29T11:08:26.254+0000] {dag.py:3504} INFO - Setting next_dagrun for dataset_produces_2 to None, run_after=None
[2024-03-29T11:08:26.304+0000] {processor.py:179} INFO - Processing /usr/local/python/3.10.13/lib/python3.10/site-packages/airflow/example_dags/example_datasets.py took 0.110 seconds
[2024-03-29T11:09:17.662+0000] {processor.py:157} INFO - Started process (PID=18481) to work on /usr/local/python/3.10.13/lib/python3.10/site-packages/airflow/example_dags/example_datasets.py
[2024-03-29T11:09:17.663+0000] {processor.py:826} INFO - Processing file /usr/local/python/3.10.13/lib/python3.10/site-packages/airflow/example_dags/example_datasets.py for tasks to queue
[2024-03-29T11:09:17.663+0000] {logging_mixin.py:150} INFO - [2024-03-29T11:09:17.663+0000] {dagbag.py:541} INFO - Filling up the DagBag from /usr/local/python/3.10.13/lib/python3.10/site-packages/airflow/example_dags/example_datasets.py
[2024-03-29T11:09:17.671+0000] {processor.py:836} INFO - DAG(s) dict_keys(['dataset_consumes_1', 'dataset_produces_2', 'dataset_produces_1', 'dataset_consumes_1_never_scheduled', 'dataset_consumes_unknown_never_scheduled', 'dataset_consumes_1_and_2']) retrieved from /usr/local/python/3.10.13/lib/python3.10/site-packages/airflow/example_dags/example_datasets.py
[2024-03-29T11:09:17.695+0000] {logging_mixin.py:150} INFO - [2024-03-29T11:09:17.695+0000] {dag.py:2742} INFO - Sync 6 DAGs
[2024-03-29T11:09:17.717+0000] {logging_mixin.py:150} INFO - [2024-03-29T11:09:17.717+0000] {dag.py:3504} INFO - Setting next_dagrun for dataset_consumes_1 to None, run_after=None
[2024-03-29T11:09:17.721+0000] {logging_mixin.py:150} INFO - [2024-03-29T11:09:17.721+0000] {dag.py:3504} INFO - Setting next_dagrun for dataset_consumes_1_and_2 to None, run_after=None
[2024-03-29T11:09:17.722+0000] {logging_mixin.py:150} INFO - [2024-03-29T11:09:17.722+0000] {dag.py:3504} INFO - Setting next_dagrun for dataset_consumes_1_never_scheduled to None, run_after=None
[2024-03-29T11:09:17.723+0000] {logging_mixin.py:150} INFO - [2024-03-29T11:09:17.722+0000] {dag.py:3504} INFO - Setting next_dagrun for dataset_consumes_unknown_never_scheduled to None, run_after=None
[2024-03-29T11:09:17.726+0000] {logging_mixin.py:150} INFO - [2024-03-29T11:09:17.725+0000] {dag.py:3504} INFO - Setting next_dagrun for dataset_produces_1 to 2024-03-28T00:00:00+00:00, run_after=2024-03-29T00:00:00+00:00
[2024-03-29T11:09:17.727+0000] {logging_mixin.py:150} INFO - [2024-03-29T11:09:17.726+0000] {dag.py:3504} INFO - Setting next_dagrun for dataset_produces_2 to None, run_after=None
[2024-03-29T11:09:17.793+0000] {processor.py:179} INFO - Processing /usr/local/python/3.10.13/lib/python3.10/site-packages/airflow/example_dags/example_datasets.py took 0.133 seconds
