[2024-03-29T10:59:45.670+0000] {processor.py:157} INFO - Started process (PID=14133) to work on /usr/local/python/3.10.13/lib/python3.10/site-packages/airflow/example_dags/tutorial_taskflow_api_virtualenv.py
[2024-03-29T10:59:45.671+0000] {processor.py:826} INFO - Processing file /usr/local/python/3.10.13/lib/python3.10/site-packages/airflow/example_dags/tutorial_taskflow_api_virtualenv.py for tasks to queue
[2024-03-29T10:59:45.671+0000] {logging_mixin.py:150} INFO - [2024-03-29T10:59:45.671+0000] {dagbag.py:541} INFO - Filling up the DagBag from /usr/local/python/3.10.13/lib/python3.10/site-packages/airflow/example_dags/tutorial_taskflow_api_virtualenv.py
[2024-03-29T10:59:45.679+0000] {processor.py:836} INFO - DAG(s) dict_keys(['tutorial_taskflow_api_virtualenv']) retrieved from /usr/local/python/3.10.13/lib/python3.10/site-packages/airflow/example_dags/tutorial_taskflow_api_virtualenv.py
[2024-03-29T10:59:45.827+0000] {logging_mixin.py:150} INFO - [2024-03-29T10:59:45.827+0000] {manager.py:504} INFO - Created Permission View: can delete on DAG:tutorial_taskflow_api_virtualenv
[2024-03-29T10:59:45.859+0000] {logging_mixin.py:150} INFO - [2024-03-29T10:59:45.858+0000] {manager.py:504} INFO - Created Permission View: can edit on DAG:tutorial_taskflow_api_virtualenv
[2024-03-29T10:59:45.886+0000] {logging_mixin.py:150} INFO - [2024-03-29T10:59:45.886+0000] {manager.py:504} INFO - Created Permission View: can read on DAG:tutorial_taskflow_api_virtualenv
[2024-03-29T10:59:45.895+0000] {logging_mixin.py:150} INFO - [2024-03-29T10:59:45.895+0000] {dag.py:2742} INFO - Sync 1 DAGs
[2024-03-29T10:59:45.903+0000] {logging_mixin.py:150} INFO - [2024-03-29T10:59:45.903+0000] {dag.py:2763} INFO - Creating ORM DAG for tutorial_taskflow_api_virtualenv
[2024-03-29T10:59:45.909+0000] {logging_mixin.py:150} INFO - [2024-03-29T10:59:45.909+0000] {dag.py:3504} INFO - Setting next_dagrun for tutorial_taskflow_api_virtualenv to None, run_after=None
[2024-03-29T10:59:45.953+0000] {processor.py:179} INFO - Processing /usr/local/python/3.10.13/lib/python3.10/site-packages/airflow/example_dags/tutorial_taskflow_api_virtualenv.py took 0.285 seconds
[2024-03-29T11:00:43.094+0000] {processor.py:157} INFO - Started process (PID=14543) to work on /usr/local/python/3.10.13/lib/python3.10/site-packages/airflow/example_dags/tutorial_taskflow_api_virtualenv.py
[2024-03-29T11:00:43.095+0000] {processor.py:826} INFO - Processing file /usr/local/python/3.10.13/lib/python3.10/site-packages/airflow/example_dags/tutorial_taskflow_api_virtualenv.py for tasks to queue
[2024-03-29T11:00:43.095+0000] {logging_mixin.py:150} INFO - [2024-03-29T11:00:43.095+0000] {dagbag.py:541} INFO - Filling up the DagBag from /usr/local/python/3.10.13/lib/python3.10/site-packages/airflow/example_dags/tutorial_taskflow_api_virtualenv.py
[2024-03-29T11:00:43.101+0000] {processor.py:836} INFO - DAG(s) dict_keys(['tutorial_taskflow_api_virtualenv']) retrieved from /usr/local/python/3.10.13/lib/python3.10/site-packages/airflow/example_dags/tutorial_taskflow_api_virtualenv.py
[2024-03-29T11:00:43.113+0000] {logging_mixin.py:150} INFO - [2024-03-29T11:00:43.112+0000] {dag.py:2742} INFO - Sync 1 DAGs
[2024-03-29T11:00:43.127+0000] {logging_mixin.py:150} INFO - [2024-03-29T11:00:43.127+0000] {dag.py:3504} INFO - Setting next_dagrun for tutorial_taskflow_api_virtualenv to None, run_after=None
[2024-03-29T11:00:43.167+0000] {processor.py:179} INFO - Processing /usr/local/python/3.10.13/lib/python3.10/site-packages/airflow/example_dags/tutorial_taskflow_api_virtualenv.py took 0.076 seconds
[2024-03-29T11:01:25.500+0000] {processor.py:157} INFO - Started process (PID=14842) to work on /usr/local/python/3.10.13/lib/python3.10/site-packages/airflow/example_dags/tutorial_taskflow_api_virtualenv.py
[2024-03-29T11:01:25.501+0000] {processor.py:826} INFO - Processing file /usr/local/python/3.10.13/lib/python3.10/site-packages/airflow/example_dags/tutorial_taskflow_api_virtualenv.py for tasks to queue
[2024-03-29T11:01:25.502+0000] {logging_mixin.py:150} INFO - [2024-03-29T11:01:25.501+0000] {dagbag.py:541} INFO - Filling up the DagBag from /usr/local/python/3.10.13/lib/python3.10/site-packages/airflow/example_dags/tutorial_taskflow_api_virtualenv.py
[2024-03-29T11:01:25.507+0000] {processor.py:836} INFO - DAG(s) dict_keys(['tutorial_taskflow_api_virtualenv']) retrieved from /usr/local/python/3.10.13/lib/python3.10/site-packages/airflow/example_dags/tutorial_taskflow_api_virtualenv.py
[2024-03-29T11:01:25.519+0000] {logging_mixin.py:150} INFO - [2024-03-29T11:01:25.518+0000] {dag.py:2742} INFO - Sync 1 DAGs
[2024-03-29T11:01:25.537+0000] {logging_mixin.py:150} INFO - [2024-03-29T11:01:25.537+0000] {dag.py:3504} INFO - Setting next_dagrun for tutorial_taskflow_api_virtualenv to None, run_after=None
[2024-03-29T11:01:25.575+0000] {processor.py:179} INFO - Processing /usr/local/python/3.10.13/lib/python3.10/site-packages/airflow/example_dags/tutorial_taskflow_api_virtualenv.py took 0.077 seconds
[2024-03-29T11:02:11.609+0000] {processor.py:157} INFO - Started process (PID=15162) to work on /usr/local/python/3.10.13/lib/python3.10/site-packages/airflow/example_dags/tutorial_taskflow_api_virtualenv.py
[2024-03-29T11:02:11.609+0000] {processor.py:826} INFO - Processing file /usr/local/python/3.10.13/lib/python3.10/site-packages/airflow/example_dags/tutorial_taskflow_api_virtualenv.py for tasks to queue
[2024-03-29T11:02:11.610+0000] {logging_mixin.py:150} INFO - [2024-03-29T11:02:11.610+0000] {dagbag.py:541} INFO - Filling up the DagBag from /usr/local/python/3.10.13/lib/python3.10/site-packages/airflow/example_dags/tutorial_taskflow_api_virtualenv.py
[2024-03-29T11:02:11.615+0000] {processor.py:836} INFO - DAG(s) dict_keys(['tutorial_taskflow_api_virtualenv']) retrieved from /usr/local/python/3.10.13/lib/python3.10/site-packages/airflow/example_dags/tutorial_taskflow_api_virtualenv.py
[2024-03-29T11:02:11.628+0000] {logging_mixin.py:150} INFO - [2024-03-29T11:02:11.628+0000] {dag.py:2742} INFO - Sync 1 DAGs
[2024-03-29T11:02:11.643+0000] {logging_mixin.py:150} INFO - [2024-03-29T11:02:11.643+0000] {dag.py:3504} INFO - Setting next_dagrun for tutorial_taskflow_api_virtualenv to None, run_after=None
[2024-03-29T11:02:11.689+0000] {processor.py:179} INFO - Processing /usr/local/python/3.10.13/lib/python3.10/site-packages/airflow/example_dags/tutorial_taskflow_api_virtualenv.py took 0.083 seconds
[2024-03-29T11:03:01.435+0000] {processor.py:157} INFO - Started process (PID=15509) to work on /usr/local/python/3.10.13/lib/python3.10/site-packages/airflow/example_dags/tutorial_taskflow_api_virtualenv.py
[2024-03-29T11:03:01.436+0000] {processor.py:826} INFO - Processing file /usr/local/python/3.10.13/lib/python3.10/site-packages/airflow/example_dags/tutorial_taskflow_api_virtualenv.py for tasks to queue
[2024-03-29T11:03:01.436+0000] {logging_mixin.py:150} INFO - [2024-03-29T11:03:01.436+0000] {dagbag.py:541} INFO - Filling up the DagBag from /usr/local/python/3.10.13/lib/python3.10/site-packages/airflow/example_dags/tutorial_taskflow_api_virtualenv.py
[2024-03-29T11:03:01.442+0000] {processor.py:836} INFO - DAG(s) dict_keys(['tutorial_taskflow_api_virtualenv']) retrieved from /usr/local/python/3.10.13/lib/python3.10/site-packages/airflow/example_dags/tutorial_taskflow_api_virtualenv.py
[2024-03-29T11:03:01.454+0000] {logging_mixin.py:150} INFO - [2024-03-29T11:03:01.453+0000] {dag.py:2742} INFO - Sync 1 DAGs
[2024-03-29T11:03:01.469+0000] {logging_mixin.py:150} INFO - [2024-03-29T11:03:01.469+0000] {dag.py:3504} INFO - Setting next_dagrun for tutorial_taskflow_api_virtualenv to None, run_after=None
[2024-03-29T11:03:01.509+0000] {processor.py:179} INFO - Processing /usr/local/python/3.10.13/lib/python3.10/site-packages/airflow/example_dags/tutorial_taskflow_api_virtualenv.py took 0.076 seconds
[2024-03-29T11:03:45.491+0000] {processor.py:157} INFO - Started process (PID=15846) to work on /usr/local/python/3.10.13/lib/python3.10/site-packages/airflow/example_dags/tutorial_taskflow_api_virtualenv.py
[2024-03-29T11:03:45.492+0000] {processor.py:826} INFO - Processing file /usr/local/python/3.10.13/lib/python3.10/site-packages/airflow/example_dags/tutorial_taskflow_api_virtualenv.py for tasks to queue
[2024-03-29T11:03:45.493+0000] {logging_mixin.py:150} INFO - [2024-03-29T11:03:45.492+0000] {dagbag.py:541} INFO - Filling up the DagBag from /usr/local/python/3.10.13/lib/python3.10/site-packages/airflow/example_dags/tutorial_taskflow_api_virtualenv.py
[2024-03-29T11:03:45.498+0000] {processor.py:836} INFO - DAG(s) dict_keys(['tutorial_taskflow_api_virtualenv']) retrieved from /usr/local/python/3.10.13/lib/python3.10/site-packages/airflow/example_dags/tutorial_taskflow_api_virtualenv.py
[2024-03-29T11:03:45.510+0000] {logging_mixin.py:150} INFO - [2024-03-29T11:03:45.510+0000] {dag.py:2742} INFO - Sync 1 DAGs
[2024-03-29T11:03:45.524+0000] {logging_mixin.py:150} INFO - [2024-03-29T11:03:45.524+0000] {dag.py:3504} INFO - Setting next_dagrun for tutorial_taskflow_api_virtualenv to None, run_after=None
[2024-03-29T11:03:45.577+0000] {processor.py:179} INFO - Processing /usr/local/python/3.10.13/lib/python3.10/site-packages/airflow/example_dags/tutorial_taskflow_api_virtualenv.py took 0.088 seconds
[2024-03-29T11:04:31.737+0000] {processor.py:157} INFO - Started process (PID=16165) to work on /usr/local/python/3.10.13/lib/python3.10/site-packages/airflow/example_dags/tutorial_taskflow_api_virtualenv.py
[2024-03-29T11:04:31.738+0000] {processor.py:826} INFO - Processing file /usr/local/python/3.10.13/lib/python3.10/site-packages/airflow/example_dags/tutorial_taskflow_api_virtualenv.py for tasks to queue
[2024-03-29T11:04:31.739+0000] {logging_mixin.py:150} INFO - [2024-03-29T11:04:31.738+0000] {dagbag.py:541} INFO - Filling up the DagBag from /usr/local/python/3.10.13/lib/python3.10/site-packages/airflow/example_dags/tutorial_taskflow_api_virtualenv.py
[2024-03-29T11:04:31.744+0000] {processor.py:836} INFO - DAG(s) dict_keys(['tutorial_taskflow_api_virtualenv']) retrieved from /usr/local/python/3.10.13/lib/python3.10/site-packages/airflow/example_dags/tutorial_taskflow_api_virtualenv.py
[2024-03-29T11:04:31.757+0000] {logging_mixin.py:150} INFO - [2024-03-29T11:04:31.756+0000] {dag.py:2742} INFO - Sync 1 DAGs
[2024-03-29T11:04:31.773+0000] {logging_mixin.py:150} INFO - [2024-03-29T11:04:31.772+0000] {dag.py:3504} INFO - Setting next_dagrun for tutorial_taskflow_api_virtualenv to None, run_after=None
[2024-03-29T11:04:31.811+0000] {processor.py:179} INFO - Processing /usr/local/python/3.10.13/lib/python3.10/site-packages/airflow/example_dags/tutorial_taskflow_api_virtualenv.py took 0.076 seconds
[2024-03-29T11:05:19.484+0000] {processor.py:157} INFO - Started process (PID=16500) to work on /usr/local/python/3.10.13/lib/python3.10/site-packages/airflow/example_dags/tutorial_taskflow_api_virtualenv.py
[2024-03-29T11:05:19.485+0000] {processor.py:826} INFO - Processing file /usr/local/python/3.10.13/lib/python3.10/site-packages/airflow/example_dags/tutorial_taskflow_api_virtualenv.py for tasks to queue
[2024-03-29T11:05:19.486+0000] {logging_mixin.py:150} INFO - [2024-03-29T11:05:19.486+0000] {dagbag.py:541} INFO - Filling up the DagBag from /usr/local/python/3.10.13/lib/python3.10/site-packages/airflow/example_dags/tutorial_taskflow_api_virtualenv.py
[2024-03-29T11:05:19.494+0000] {processor.py:836} INFO - DAG(s) dict_keys(['tutorial_taskflow_api_virtualenv']) retrieved from /usr/local/python/3.10.13/lib/python3.10/site-packages/airflow/example_dags/tutorial_taskflow_api_virtualenv.py
[2024-03-29T11:05:19.511+0000] {logging_mixin.py:150} INFO - [2024-03-29T11:05:19.511+0000] {dag.py:2742} INFO - Sync 1 DAGs
[2024-03-29T11:05:19.534+0000] {logging_mixin.py:150} INFO - [2024-03-29T11:05:19.534+0000] {dag.py:3504} INFO - Setting next_dagrun for tutorial_taskflow_api_virtualenv to None, run_after=None
[2024-03-29T11:05:19.578+0000] {processor.py:179} INFO - Processing /usr/local/python/3.10.13/lib/python3.10/site-packages/airflow/example_dags/tutorial_taskflow_api_virtualenv.py took 0.097 seconds
[2024-03-29T11:06:04.668+0000] {processor.py:157} INFO - Started process (PID=16810) to work on /usr/local/python/3.10.13/lib/python3.10/site-packages/airflow/example_dags/tutorial_taskflow_api_virtualenv.py
[2024-03-29T11:06:04.669+0000] {processor.py:826} INFO - Processing file /usr/local/python/3.10.13/lib/python3.10/site-packages/airflow/example_dags/tutorial_taskflow_api_virtualenv.py for tasks to queue
[2024-03-29T11:06:04.670+0000] {logging_mixin.py:150} INFO - [2024-03-29T11:06:04.669+0000] {dagbag.py:541} INFO - Filling up the DagBag from /usr/local/python/3.10.13/lib/python3.10/site-packages/airflow/example_dags/tutorial_taskflow_api_virtualenv.py
[2024-03-29T11:06:04.675+0000] {processor.py:836} INFO - DAG(s) dict_keys(['tutorial_taskflow_api_virtualenv']) retrieved from /usr/local/python/3.10.13/lib/python3.10/site-packages/airflow/example_dags/tutorial_taskflow_api_virtualenv.py
[2024-03-29T11:06:04.690+0000] {logging_mixin.py:150} INFO - [2024-03-29T11:06:04.690+0000] {dag.py:2742} INFO - Sync 1 DAGs
[2024-03-29T11:06:04.711+0000] {logging_mixin.py:150} INFO - [2024-03-29T11:06:04.711+0000] {dag.py:3504} INFO - Setting next_dagrun for tutorial_taskflow_api_virtualenv to None, run_after=None
[2024-03-29T11:06:04.750+0000] {processor.py:179} INFO - Processing /usr/local/python/3.10.13/lib/python3.10/site-packages/airflow/example_dags/tutorial_taskflow_api_virtualenv.py took 0.084 seconds
[2024-03-29T11:06:52.739+0000] {processor.py:157} INFO - Started process (PID=17163) to work on /usr/local/python/3.10.13/lib/python3.10/site-packages/airflow/example_dags/tutorial_taskflow_api_virtualenv.py
[2024-03-29T11:06:52.740+0000] {processor.py:826} INFO - Processing file /usr/local/python/3.10.13/lib/python3.10/site-packages/airflow/example_dags/tutorial_taskflow_api_virtualenv.py for tasks to queue
[2024-03-29T11:06:52.740+0000] {logging_mixin.py:150} INFO - [2024-03-29T11:06:52.740+0000] {dagbag.py:541} INFO - Filling up the DagBag from /usr/local/python/3.10.13/lib/python3.10/site-packages/airflow/example_dags/tutorial_taskflow_api_virtualenv.py
[2024-03-29T11:06:52.746+0000] {processor.py:836} INFO - DAG(s) dict_keys(['tutorial_taskflow_api_virtualenv']) retrieved from /usr/local/python/3.10.13/lib/python3.10/site-packages/airflow/example_dags/tutorial_taskflow_api_virtualenv.py
[2024-03-29T11:06:52.758+0000] {logging_mixin.py:150} INFO - [2024-03-29T11:06:52.758+0000] {dag.py:2742} INFO - Sync 1 DAGs
[2024-03-29T11:06:52.774+0000] {logging_mixin.py:150} INFO - [2024-03-29T11:06:52.773+0000] {dag.py:3504} INFO - Setting next_dagrun for tutorial_taskflow_api_virtualenv to None, run_after=None
[2024-03-29T11:06:52.812+0000] {processor.py:179} INFO - Processing /usr/local/python/3.10.13/lib/python3.10/site-packages/airflow/example_dags/tutorial_taskflow_api_virtualenv.py took 0.075 seconds
[2024-03-29T11:07:43.221+0000] {processor.py:157} INFO - Started process (PID=17518) to work on /usr/local/python/3.10.13/lib/python3.10/site-packages/airflow/example_dags/tutorial_taskflow_api_virtualenv.py
[2024-03-29T11:07:43.221+0000] {processor.py:826} INFO - Processing file /usr/local/python/3.10.13/lib/python3.10/site-packages/airflow/example_dags/tutorial_taskflow_api_virtualenv.py for tasks to queue
[2024-03-29T11:07:43.222+0000] {logging_mixin.py:150} INFO - [2024-03-29T11:07:43.222+0000] {dagbag.py:541} INFO - Filling up the DagBag from /usr/local/python/3.10.13/lib/python3.10/site-packages/airflow/example_dags/tutorial_taskflow_api_virtualenv.py
[2024-03-29T11:07:43.227+0000] {processor.py:836} INFO - DAG(s) dict_keys(['tutorial_taskflow_api_virtualenv']) retrieved from /usr/local/python/3.10.13/lib/python3.10/site-packages/airflow/example_dags/tutorial_taskflow_api_virtualenv.py
[2024-03-29T11:07:43.240+0000] {logging_mixin.py:150} INFO - [2024-03-29T11:07:43.240+0000] {dag.py:2742} INFO - Sync 1 DAGs
[2024-03-29T11:07:43.255+0000] {logging_mixin.py:150} INFO - [2024-03-29T11:07:43.255+0000] {dag.py:3504} INFO - Setting next_dagrun for tutorial_taskflow_api_virtualenv to None, run_after=None
[2024-03-29T11:07:43.295+0000] {processor.py:179} INFO - Processing /usr/local/python/3.10.13/lib/python3.10/site-packages/airflow/example_dags/tutorial_taskflow_api_virtualenv.py took 0.076 seconds
[2024-03-29T11:08:33.581+0000] {processor.py:157} INFO - Started process (PID=17975) to work on /usr/local/python/3.10.13/lib/python3.10/site-packages/airflow/example_dags/tutorial_taskflow_api_virtualenv.py
[2024-03-29T11:08:33.582+0000] {processor.py:826} INFO - Processing file /usr/local/python/3.10.13/lib/python3.10/site-packages/airflow/example_dags/tutorial_taskflow_api_virtualenv.py for tasks to queue
[2024-03-29T11:08:33.583+0000] {logging_mixin.py:150} INFO - [2024-03-29T11:08:33.582+0000] {dagbag.py:541} INFO - Filling up the DagBag from /usr/local/python/3.10.13/lib/python3.10/site-packages/airflow/example_dags/tutorial_taskflow_api_virtualenv.py
[2024-03-29T11:08:33.588+0000] {processor.py:836} INFO - DAG(s) dict_keys(['tutorial_taskflow_api_virtualenv']) retrieved from /usr/local/python/3.10.13/lib/python3.10/site-packages/airflow/example_dags/tutorial_taskflow_api_virtualenv.py
[2024-03-29T11:08:33.600+0000] {logging_mixin.py:150} INFO - [2024-03-29T11:08:33.600+0000] {dag.py:2742} INFO - Sync 1 DAGs
[2024-03-29T11:08:33.615+0000] {logging_mixin.py:150} INFO - [2024-03-29T11:08:33.615+0000] {dag.py:3504} INFO - Setting next_dagrun for tutorial_taskflow_api_virtualenv to None, run_after=None
[2024-03-29T11:08:33.655+0000] {processor.py:179} INFO - Processing /usr/local/python/3.10.13/lib/python3.10/site-packages/airflow/example_dags/tutorial_taskflow_api_virtualenv.py took 0.075 seconds
[2024-03-29T11:09:25.714+0000] {processor.py:157} INFO - Started process (PID=18603) to work on /usr/local/python/3.10.13/lib/python3.10/site-packages/airflow/example_dags/tutorial_taskflow_api_virtualenv.py
[2024-03-29T11:09:25.715+0000] {processor.py:826} INFO - Processing file /usr/local/python/3.10.13/lib/python3.10/site-packages/airflow/example_dags/tutorial_taskflow_api_virtualenv.py for tasks to queue
[2024-03-29T11:09:25.716+0000] {logging_mixin.py:150} INFO - [2024-03-29T11:09:25.715+0000] {dagbag.py:541} INFO - Filling up the DagBag from /usr/local/python/3.10.13/lib/python3.10/site-packages/airflow/example_dags/tutorial_taskflow_api_virtualenv.py
[2024-03-29T11:09:25.721+0000] {processor.py:836} INFO - DAG(s) dict_keys(['tutorial_taskflow_api_virtualenv']) retrieved from /usr/local/python/3.10.13/lib/python3.10/site-packages/airflow/example_dags/tutorial_taskflow_api_virtualenv.py
[2024-03-29T11:09:25.733+0000] {logging_mixin.py:150} INFO - [2024-03-29T11:09:25.732+0000] {dag.py:2742} INFO - Sync 1 DAGs
[2024-03-29T11:09:25.747+0000] {logging_mixin.py:150} INFO - [2024-03-29T11:09:25.747+0000] {dag.py:3504} INFO - Setting next_dagrun for tutorial_taskflow_api_virtualenv to None, run_after=None
[2024-03-29T11:09:25.793+0000] {processor.py:179} INFO - Processing /usr/local/python/3.10.13/lib/python3.10/site-packages/airflow/example_dags/tutorial_taskflow_api_virtualenv.py took 0.081 seconds
