[2024-03-29T10:59:41.407+0000] {processor.py:157} INFO - Started process (PID=14109) to work on /usr/local/python/3.10.13/lib/python3.10/site-packages/airflow/example_dags/tutorial.py
[2024-03-29T10:59:41.408+0000] {processor.py:826} INFO - Processing file /usr/local/python/3.10.13/lib/python3.10/site-packages/airflow/example_dags/tutorial.py for tasks to queue
[2024-03-29T10:59:41.408+0000] {logging_mixin.py:150} INFO - [2024-03-29T10:59:41.408+0000] {dagbag.py:541} INFO - Filling up the DagBag from /usr/local/python/3.10.13/lib/python3.10/site-packages/airflow/example_dags/tutorial.py
[2024-03-29T10:59:41.415+0000] {processor.py:836} INFO - DAG(s) dict_keys(['tutorial']) retrieved from /usr/local/python/3.10.13/lib/python3.10/site-packages/airflow/example_dags/tutorial.py
[2024-03-29T10:59:41.557+0000] {logging_mixin.py:150} INFO - [2024-03-29T10:59:41.557+0000] {manager.py:504} INFO - Created Permission View: can delete on DAG:tutorial
[2024-03-29T10:59:41.587+0000] {logging_mixin.py:150} INFO - [2024-03-29T10:59:41.587+0000] {manager.py:504} INFO - Created Permission View: can edit on DAG:tutorial
[2024-03-29T10:59:41.624+0000] {logging_mixin.py:150} INFO - [2024-03-29T10:59:41.624+0000] {manager.py:504} INFO - Created Permission View: can read on DAG:tutorial
[2024-03-29T10:59:41.634+0000] {logging_mixin.py:150} INFO - [2024-03-29T10:59:41.633+0000] {dag.py:2742} INFO - Sync 1 DAGs
[2024-03-29T10:59:41.646+0000] {logging_mixin.py:150} INFO - [2024-03-29T10:59:41.646+0000] {dag.py:2763} INFO - Creating ORM DAG for tutorial
[2024-03-29T10:59:41.654+0000] {logging_mixin.py:150} INFO - [2024-03-29T10:59:41.653+0000] {dag.py:3504} INFO - Setting next_dagrun for tutorial to 2024-03-28T10:59:41.653705+00:00, run_after=2024-03-29T10:59:41.653705+00:00
[2024-03-29T10:59:41.698+0000] {processor.py:179} INFO - Processing /usr/local/python/3.10.13/lib/python3.10/site-packages/airflow/example_dags/tutorial.py took 0.293 seconds
[2024-03-29T11:00:40.094+0000] {processor.py:157} INFO - Started process (PID=14510) to work on /usr/local/python/3.10.13/lib/python3.10/site-packages/airflow/example_dags/tutorial.py
[2024-03-29T11:00:40.094+0000] {processor.py:826} INFO - Processing file /usr/local/python/3.10.13/lib/python3.10/site-packages/airflow/example_dags/tutorial.py for tasks to queue
[2024-03-29T11:00:40.095+0000] {logging_mixin.py:150} INFO - [2024-03-29T11:00:40.095+0000] {dagbag.py:541} INFO - Filling up the DagBag from /usr/local/python/3.10.13/lib/python3.10/site-packages/airflow/example_dags/tutorial.py
[2024-03-29T11:00:40.100+0000] {processor.py:836} INFO - DAG(s) dict_keys(['tutorial']) retrieved from /usr/local/python/3.10.13/lib/python3.10/site-packages/airflow/example_dags/tutorial.py
[2024-03-29T11:00:40.112+0000] {logging_mixin.py:150} INFO - [2024-03-29T11:00:40.111+0000] {dag.py:2742} INFO - Sync 1 DAGs
[2024-03-29T11:00:40.127+0000] {logging_mixin.py:150} INFO - [2024-03-29T11:00:40.127+0000] {dag.py:3504} INFO - Setting next_dagrun for tutorial to 2024-03-28T11:00:40.127033+00:00, run_after=2024-03-29T11:00:40.127033+00:00
[2024-03-29T11:00:40.170+0000] {processor.py:179} INFO - Processing /usr/local/python/3.10.13/lib/python3.10/site-packages/airflow/example_dags/tutorial.py took 0.078 seconds
[2024-03-29T11:01:22.770+0000] {processor.py:157} INFO - Started process (PID=14827) to work on /usr/local/python/3.10.13/lib/python3.10/site-packages/airflow/example_dags/tutorial.py
[2024-03-29T11:01:22.771+0000] {processor.py:826} INFO - Processing file /usr/local/python/3.10.13/lib/python3.10/site-packages/airflow/example_dags/tutorial.py for tasks to queue
[2024-03-29T11:01:22.771+0000] {logging_mixin.py:150} INFO - [2024-03-29T11:01:22.771+0000] {dagbag.py:541} INFO - Filling up the DagBag from /usr/local/python/3.10.13/lib/python3.10/site-packages/airflow/example_dags/tutorial.py
[2024-03-29T11:01:22.777+0000] {processor.py:836} INFO - DAG(s) dict_keys(['tutorial']) retrieved from /usr/local/python/3.10.13/lib/python3.10/site-packages/airflow/example_dags/tutorial.py
[2024-03-29T11:01:22.788+0000] {logging_mixin.py:150} INFO - [2024-03-29T11:01:22.788+0000] {dag.py:2742} INFO - Sync 1 DAGs
[2024-03-29T11:01:22.804+0000] {logging_mixin.py:150} INFO - [2024-03-29T11:01:22.804+0000] {dag.py:3504} INFO - Setting next_dagrun for tutorial to 2024-03-28T11:01:22.804054+00:00, run_after=2024-03-29T11:01:22.804054+00:00
[2024-03-29T11:01:22.844+0000] {processor.py:179} INFO - Processing /usr/local/python/3.10.13/lib/python3.10/site-packages/airflow/example_dags/tutorial.py took 0.076 seconds
[2024-03-29T11:02:08.180+0000] {processor.py:157} INFO - Started process (PID=15134) to work on /usr/local/python/3.10.13/lib/python3.10/site-packages/airflow/example_dags/tutorial.py
[2024-03-29T11:02:08.181+0000] {processor.py:826} INFO - Processing file /usr/local/python/3.10.13/lib/python3.10/site-packages/airflow/example_dags/tutorial.py for tasks to queue
[2024-03-29T11:02:08.182+0000] {logging_mixin.py:150} INFO - [2024-03-29T11:02:08.181+0000] {dagbag.py:541} INFO - Filling up the DagBag from /usr/local/python/3.10.13/lib/python3.10/site-packages/airflow/example_dags/tutorial.py
[2024-03-29T11:02:08.187+0000] {processor.py:836} INFO - DAG(s) dict_keys(['tutorial']) retrieved from /usr/local/python/3.10.13/lib/python3.10/site-packages/airflow/example_dags/tutorial.py
[2024-03-29T11:02:08.198+0000] {logging_mixin.py:150} INFO - [2024-03-29T11:02:08.198+0000] {dag.py:2742} INFO - Sync 1 DAGs
[2024-03-29T11:02:08.213+0000] {logging_mixin.py:150} INFO - [2024-03-29T11:02:08.213+0000] {dag.py:3504} INFO - Setting next_dagrun for tutorial to 2024-03-28T11:02:08.213327+00:00, run_after=2024-03-29T11:02:08.213327+00:00
[2024-03-29T11:02:08.254+0000] {processor.py:179} INFO - Processing /usr/local/python/3.10.13/lib/python3.10/site-packages/airflow/example_dags/tutorial.py took 0.076 seconds
[2024-03-29T11:02:58.667+0000] {processor.py:157} INFO - Started process (PID=15497) to work on /usr/local/python/3.10.13/lib/python3.10/site-packages/airflow/example_dags/tutorial.py
[2024-03-29T11:02:58.667+0000] {processor.py:826} INFO - Processing file /usr/local/python/3.10.13/lib/python3.10/site-packages/airflow/example_dags/tutorial.py for tasks to queue
[2024-03-29T11:02:58.668+0000] {logging_mixin.py:150} INFO - [2024-03-29T11:02:58.668+0000] {dagbag.py:541} INFO - Filling up the DagBag from /usr/local/python/3.10.13/lib/python3.10/site-packages/airflow/example_dags/tutorial.py
[2024-03-29T11:02:58.675+0000] {processor.py:836} INFO - DAG(s) dict_keys(['tutorial']) retrieved from /usr/local/python/3.10.13/lib/python3.10/site-packages/airflow/example_dags/tutorial.py
[2024-03-29T11:02:58.691+0000] {logging_mixin.py:150} INFO - [2024-03-29T11:02:58.690+0000] {dag.py:2742} INFO - Sync 1 DAGs
[2024-03-29T11:02:58.712+0000] {logging_mixin.py:150} INFO - [2024-03-29T11:02:58.712+0000] {dag.py:3504} INFO - Setting next_dagrun for tutorial to 2024-03-28T11:02:58.712390+00:00, run_after=2024-03-29T11:02:58.712390+00:00
[2024-03-29T11:02:58.765+0000] {processor.py:179} INFO - Processing /usr/local/python/3.10.13/lib/python3.10/site-packages/airflow/example_dags/tutorial.py took 0.101 seconds
[2024-03-29T11:03:42.062+0000] {processor.py:157} INFO - Started process (PID=15812) to work on /usr/local/python/3.10.13/lib/python3.10/site-packages/airflow/example_dags/tutorial.py
[2024-03-29T11:03:42.063+0000] {processor.py:826} INFO - Processing file /usr/local/python/3.10.13/lib/python3.10/site-packages/airflow/example_dags/tutorial.py for tasks to queue
[2024-03-29T11:03:42.063+0000] {logging_mixin.py:150} INFO - [2024-03-29T11:03:42.063+0000] {dagbag.py:541} INFO - Filling up the DagBag from /usr/local/python/3.10.13/lib/python3.10/site-packages/airflow/example_dags/tutorial.py
[2024-03-29T11:03:42.068+0000] {processor.py:836} INFO - DAG(s) dict_keys(['tutorial']) retrieved from /usr/local/python/3.10.13/lib/python3.10/site-packages/airflow/example_dags/tutorial.py
[2024-03-29T11:03:42.080+0000] {logging_mixin.py:150} INFO - [2024-03-29T11:03:42.080+0000] {dag.py:2742} INFO - Sync 1 DAGs
[2024-03-29T11:03:42.095+0000] {logging_mixin.py:150} INFO - [2024-03-29T11:03:42.095+0000] {dag.py:3504} INFO - Setting next_dagrun for tutorial to 2024-03-28T11:03:42.095254+00:00, run_after=2024-03-29T11:03:42.095254+00:00
[2024-03-29T11:03:42.149+0000] {processor.py:179} INFO - Processing /usr/local/python/3.10.13/lib/python3.10/site-packages/airflow/example_dags/tutorial.py took 0.089 seconds
[2024-03-29T11:04:29.862+0000] {processor.py:157} INFO - Started process (PID=16150) to work on /usr/local/python/3.10.13/lib/python3.10/site-packages/airflow/example_dags/tutorial.py
[2024-03-29T11:04:29.863+0000] {processor.py:826} INFO - Processing file /usr/local/python/3.10.13/lib/python3.10/site-packages/airflow/example_dags/tutorial.py for tasks to queue
[2024-03-29T11:04:29.864+0000] {logging_mixin.py:150} INFO - [2024-03-29T11:04:29.863+0000] {dagbag.py:541} INFO - Filling up the DagBag from /usr/local/python/3.10.13/lib/python3.10/site-packages/airflow/example_dags/tutorial.py
[2024-03-29T11:04:29.869+0000] {processor.py:836} INFO - DAG(s) dict_keys(['tutorial']) retrieved from /usr/local/python/3.10.13/lib/python3.10/site-packages/airflow/example_dags/tutorial.py
[2024-03-29T11:04:29.880+0000] {logging_mixin.py:150} INFO - [2024-03-29T11:04:29.880+0000] {dag.py:2742} INFO - Sync 1 DAGs
[2024-03-29T11:04:29.896+0000] {logging_mixin.py:150} INFO - [2024-03-29T11:04:29.896+0000] {dag.py:3504} INFO - Setting next_dagrun for tutorial to 2024-03-28T11:04:29.895983+00:00, run_after=2024-03-29T11:04:29.895983+00:00
[2024-03-29T11:04:29.950+0000] {processor.py:179} INFO - Processing /usr/local/python/3.10.13/lib/python3.10/site-packages/airflow/example_dags/tutorial.py took 0.090 seconds
[2024-03-29T11:05:16.745+0000] {processor.py:157} INFO - Started process (PID=16479) to work on /usr/local/python/3.10.13/lib/python3.10/site-packages/airflow/example_dags/tutorial.py
[2024-03-29T11:05:16.746+0000] {processor.py:826} INFO - Processing file /usr/local/python/3.10.13/lib/python3.10/site-packages/airflow/example_dags/tutorial.py for tasks to queue
[2024-03-29T11:05:16.747+0000] {logging_mixin.py:150} INFO - [2024-03-29T11:05:16.746+0000] {dagbag.py:541} INFO - Filling up the DagBag from /usr/local/python/3.10.13/lib/python3.10/site-packages/airflow/example_dags/tutorial.py
[2024-03-29T11:05:16.754+0000] {processor.py:836} INFO - DAG(s) dict_keys(['tutorial']) retrieved from /usr/local/python/3.10.13/lib/python3.10/site-packages/airflow/example_dags/tutorial.py
[2024-03-29T11:05:16.770+0000] {logging_mixin.py:150} INFO - [2024-03-29T11:05:16.770+0000] {dag.py:2742} INFO - Sync 1 DAGs
[2024-03-29T11:05:16.789+0000] {logging_mixin.py:150} INFO - [2024-03-29T11:05:16.788+0000] {dag.py:3504} INFO - Setting next_dagrun for tutorial to 2024-03-28T11:05:16.788804+00:00, run_after=2024-03-29T11:05:16.788804+00:00
[2024-03-29T11:05:16.829+0000] {processor.py:179} INFO - Processing /usr/local/python/3.10.13/lib/python3.10/site-packages/airflow/example_dags/tutorial.py took 0.087 seconds
[2024-03-29T11:06:01.095+0000] {processor.py:157} INFO - Started process (PID=16785) to work on /usr/local/python/3.10.13/lib/python3.10/site-packages/airflow/example_dags/tutorial.py
[2024-03-29T11:06:01.096+0000] {processor.py:826} INFO - Processing file /usr/local/python/3.10.13/lib/python3.10/site-packages/airflow/example_dags/tutorial.py for tasks to queue
[2024-03-29T11:06:01.097+0000] {logging_mixin.py:150} INFO - [2024-03-29T11:06:01.096+0000] {dagbag.py:541} INFO - Filling up the DagBag from /usr/local/python/3.10.13/lib/python3.10/site-packages/airflow/example_dags/tutorial.py
[2024-03-29T11:06:01.102+0000] {processor.py:836} INFO - DAG(s) dict_keys(['tutorial']) retrieved from /usr/local/python/3.10.13/lib/python3.10/site-packages/airflow/example_dags/tutorial.py
[2024-03-29T11:06:01.113+0000] {logging_mixin.py:150} INFO - [2024-03-29T11:06:01.113+0000] {dag.py:2742} INFO - Sync 1 DAGs
[2024-03-29T11:06:01.128+0000] {logging_mixin.py:150} INFO - [2024-03-29T11:06:01.127+0000] {dag.py:3504} INFO - Setting next_dagrun for tutorial to 2024-03-28T11:06:01.127758+00:00, run_after=2024-03-29T11:06:01.127758+00:00
[2024-03-29T11:06:01.166+0000] {processor.py:179} INFO - Processing /usr/local/python/3.10.13/lib/python3.10/site-packages/airflow/example_dags/tutorial.py took 0.073 seconds
[2024-03-29T11:06:51.037+0000] {processor.py:157} INFO - Started process (PID=17148) to work on /usr/local/python/3.10.13/lib/python3.10/site-packages/airflow/example_dags/tutorial.py
[2024-03-29T11:06:51.037+0000] {processor.py:826} INFO - Processing file /usr/local/python/3.10.13/lib/python3.10/site-packages/airflow/example_dags/tutorial.py for tasks to queue
[2024-03-29T11:06:51.038+0000] {logging_mixin.py:150} INFO - [2024-03-29T11:06:51.038+0000] {dagbag.py:541} INFO - Filling up the DagBag from /usr/local/python/3.10.13/lib/python3.10/site-packages/airflow/example_dags/tutorial.py
[2024-03-29T11:06:51.043+0000] {processor.py:836} INFO - DAG(s) dict_keys(['tutorial']) retrieved from /usr/local/python/3.10.13/lib/python3.10/site-packages/airflow/example_dags/tutorial.py
[2024-03-29T11:06:51.054+0000] {logging_mixin.py:150} INFO - [2024-03-29T11:06:51.054+0000] {dag.py:2742} INFO - Sync 1 DAGs
[2024-03-29T11:06:51.069+0000] {logging_mixin.py:150} INFO - [2024-03-29T11:06:51.069+0000] {dag.py:3504} INFO - Setting next_dagrun for tutorial to 2024-03-28T11:06:51.069164+00:00, run_after=2024-03-29T11:06:51.069164+00:00
[2024-03-29T11:06:51.107+0000] {processor.py:179} INFO - Processing /usr/local/python/3.10.13/lib/python3.10/site-packages/airflow/example_dags/tutorial.py took 0.073 seconds
[2024-03-29T11:07:39.756+0000] {processor.py:157} INFO - Started process (PID=17503) to work on /usr/local/python/3.10.13/lib/python3.10/site-packages/airflow/example_dags/tutorial.py
[2024-03-29T11:07:39.757+0000] {processor.py:826} INFO - Processing file /usr/local/python/3.10.13/lib/python3.10/site-packages/airflow/example_dags/tutorial.py for tasks to queue
[2024-03-29T11:07:39.757+0000] {logging_mixin.py:150} INFO - [2024-03-29T11:07:39.757+0000] {dagbag.py:541} INFO - Filling up the DagBag from /usr/local/python/3.10.13/lib/python3.10/site-packages/airflow/example_dags/tutorial.py
[2024-03-29T11:07:39.762+0000] {processor.py:836} INFO - DAG(s) dict_keys(['tutorial']) retrieved from /usr/local/python/3.10.13/lib/python3.10/site-packages/airflow/example_dags/tutorial.py
[2024-03-29T11:07:39.774+0000] {logging_mixin.py:150} INFO - [2024-03-29T11:07:39.774+0000] {dag.py:2742} INFO - Sync 1 DAGs
[2024-03-29T11:07:39.789+0000] {logging_mixin.py:150} INFO - [2024-03-29T11:07:39.789+0000] {dag.py:3504} INFO - Setting next_dagrun for tutorial to 2024-03-28T11:07:39.789050+00:00, run_after=2024-03-29T11:07:39.789050+00:00
[2024-03-29T11:07:39.827+0000] {processor.py:179} INFO - Processing /usr/local/python/3.10.13/lib/python3.10/site-packages/airflow/example_dags/tutorial.py took 0.073 seconds
[2024-03-29T11:08:15.870+0000] {processor.py:157} INFO - Started process (PID=17773) to work on /usr/local/python/3.10.13/lib/python3.10/site-packages/airflow/example_dags/tutorial.py
[2024-03-29T11:08:15.871+0000] {processor.py:826} INFO - Processing file /usr/local/python/3.10.13/lib/python3.10/site-packages/airflow/example_dags/tutorial.py for tasks to queue
[2024-03-29T11:08:15.871+0000] {logging_mixin.py:150} INFO - [2024-03-29T11:08:15.871+0000] {dagbag.py:541} INFO - Filling up the DagBag from /usr/local/python/3.10.13/lib/python3.10/site-packages/airflow/example_dags/tutorial.py
[2024-03-29T11:08:15.876+0000] {processor.py:836} INFO - DAG(s) dict_keys(['tutorial']) retrieved from /usr/local/python/3.10.13/lib/python3.10/site-packages/airflow/example_dags/tutorial.py
[2024-03-29T11:08:15.888+0000] {logging_mixin.py:150} INFO - [2024-03-29T11:08:15.887+0000] {dag.py:2742} INFO - Sync 1 DAGs
[2024-03-29T11:08:15.903+0000] {logging_mixin.py:150} INFO - [2024-03-29T11:08:15.902+0000] {dag.py:3504} INFO - Setting next_dagrun for tutorial to 2024-03-28T11:08:15.902734+00:00, run_after=2024-03-29T11:08:15.902734+00:00
[2024-03-29T11:08:15.941+0000] {processor.py:179} INFO - Processing /usr/local/python/3.10.13/lib/python3.10/site-packages/airflow/example_dags/tutorial.py took 0.074 seconds
[2024-03-29T11:09:06.466+0000] {processor.py:157} INFO - Started process (PID=18392) to work on /usr/local/python/3.10.13/lib/python3.10/site-packages/airflow/example_dags/tutorial.py
[2024-03-29T11:09:06.467+0000] {processor.py:826} INFO - Processing file /usr/local/python/3.10.13/lib/python3.10/site-packages/airflow/example_dags/tutorial.py for tasks to queue
[2024-03-29T11:09:06.467+0000] {logging_mixin.py:150} INFO - [2024-03-29T11:09:06.467+0000] {dagbag.py:541} INFO - Filling up the DagBag from /usr/local/python/3.10.13/lib/python3.10/site-packages/airflow/example_dags/tutorial.py
[2024-03-29T11:09:06.473+0000] {processor.py:836} INFO - DAG(s) dict_keys(['tutorial']) retrieved from /usr/local/python/3.10.13/lib/python3.10/site-packages/airflow/example_dags/tutorial.py
[2024-03-29T11:09:06.485+0000] {logging_mixin.py:150} INFO - [2024-03-29T11:09:06.485+0000] {dag.py:2742} INFO - Sync 1 DAGs
[2024-03-29T11:09:06.501+0000] {logging_mixin.py:150} INFO - [2024-03-29T11:09:06.500+0000] {dag.py:3504} INFO - Setting next_dagrun for tutorial to 2024-03-28T11:09:06.500738+00:00, run_after=2024-03-29T11:09:06.500738+00:00
[2024-03-29T11:09:06.541+0000] {processor.py:179} INFO - Processing /usr/local/python/3.10.13/lib/python3.10/site-packages/airflow/example_dags/tutorial.py took 0.077 seconds
[2024-03-29T11:09:41.027+0000] {processor.py:157} INFO - Started process (PID=18791) to work on /usr/local/python/3.10.13/lib/python3.10/site-packages/airflow/example_dags/tutorial.py
[2024-03-29T11:09:41.028+0000] {processor.py:826} INFO - Processing file /usr/local/python/3.10.13/lib/python3.10/site-packages/airflow/example_dags/tutorial.py for tasks to queue
[2024-03-29T11:09:41.029+0000] {logging_mixin.py:150} INFO - [2024-03-29T11:09:41.029+0000] {dagbag.py:541} INFO - Filling up the DagBag from /usr/local/python/3.10.13/lib/python3.10/site-packages/airflow/example_dags/tutorial.py
[2024-03-29T11:09:41.034+0000] {processor.py:836} INFO - DAG(s) dict_keys(['tutorial']) retrieved from /usr/local/python/3.10.13/lib/python3.10/site-packages/airflow/example_dags/tutorial.py
[2024-03-29T11:09:41.046+0000] {logging_mixin.py:150} INFO - [2024-03-29T11:09:41.046+0000] {dag.py:2742} INFO - Sync 1 DAGs
[2024-03-29T11:09:41.062+0000] {logging_mixin.py:150} INFO - [2024-03-29T11:09:41.062+0000] {dag.py:3504} INFO - Setting next_dagrun for tutorial to 2024-03-28T11:09:41.061883+00:00, run_after=2024-03-29T11:09:41.061883+00:00
[2024-03-29T11:09:41.101+0000] {processor.py:179} INFO - Processing /usr/local/python/3.10.13/lib/python3.10/site-packages/airflow/example_dags/tutorial.py took 0.076 seconds
