[2024-04-02T08:57:20.779+0000] {processor.py:157} INFO - Started process (PID=11708) to work on /usr/local/python/3.10.13/lib/python3.10/site-packages/airflow/example_dags/example_latest_only.py
[2024-04-02T08:57:20.780+0000] {processor.py:826} INFO - Processing file /usr/local/python/3.10.13/lib/python3.10/site-packages/airflow/example_dags/example_latest_only.py for tasks to queue
[2024-04-02T08:57:20.781+0000] {logging_mixin.py:150} INFO - [2024-04-02T08:57:20.781+0000] {dagbag.py:541} INFO - Filling up the DagBag from /usr/local/python/3.10.13/lib/python3.10/site-packages/airflow/example_dags/example_latest_only.py
[2024-04-02T08:57:20.788+0000] {processor.py:836} INFO - DAG(s) dict_keys(['latest_only']) retrieved from /usr/local/python/3.10.13/lib/python3.10/site-packages/airflow/example_dags/example_latest_only.py
[2024-04-02T08:57:21.080+0000] {logging_mixin.py:150} INFO - [2024-04-02T08:57:21.080+0000] {dag.py:2742} INFO - Sync 1 DAGs
[2024-04-02T08:57:21.104+0000] {logging_mixin.py:150} INFO - [2024-04-02T08:57:21.104+0000] {dag.py:3504} INFO - Setting next_dagrun for latest_only to 2024-04-02T04:57:21.104057+00:00, run_after=2024-04-02T08:57:21.104057+00:00
[2024-04-02T08:57:21.281+0000] {processor.py:179} INFO - Processing /usr/local/python/3.10.13/lib/python3.10/site-packages/airflow/example_dags/example_latest_only.py took 0.505 seconds
[2024-04-02T08:58:26.359+0000] {processor.py:157} INFO - Started process (PID=12685) to work on /usr/local/python/3.10.13/lib/python3.10/site-packages/airflow/example_dags/example_latest_only.py
[2024-04-02T08:58:26.360+0000] {processor.py:826} INFO - Processing file /usr/local/python/3.10.13/lib/python3.10/site-packages/airflow/example_dags/example_latest_only.py for tasks to queue
[2024-04-02T08:58:26.361+0000] {logging_mixin.py:150} INFO - [2024-04-02T08:58:26.361+0000] {dagbag.py:541} INFO - Filling up the DagBag from /usr/local/python/3.10.13/lib/python3.10/site-packages/airflow/example_dags/example_latest_only.py
[2024-04-02T08:58:26.368+0000] {processor.py:836} INFO - DAG(s) dict_keys(['latest_only']) retrieved from /usr/local/python/3.10.13/lib/python3.10/site-packages/airflow/example_dags/example_latest_only.py
[2024-04-02T08:58:26.454+0000] {logging_mixin.py:150} INFO - [2024-04-02T08:58:26.454+0000] {dag.py:2742} INFO - Sync 1 DAGs
[2024-04-02T08:58:26.513+0000] {logging_mixin.py:150} INFO - [2024-04-02T08:58:26.513+0000] {dag.py:3504} INFO - Setting next_dagrun for latest_only to 2024-04-02T04:58:26.512908+00:00, run_after=2024-04-02T08:58:26.512908+00:00
[2024-04-02T08:58:26.556+0000] {processor.py:179} INFO - Processing /usr/local/python/3.10.13/lib/python3.10/site-packages/airflow/example_dags/example_latest_only.py took 0.200 seconds
[2024-04-02T09:00:21.266+0000] {processor.py:157} INFO - Started process (PID=14321) to work on /usr/local/python/3.10.13/lib/python3.10/site-packages/airflow/example_dags/example_latest_only.py
[2024-04-02T09:00:21.267+0000] {processor.py:826} INFO - Processing file /usr/local/python/3.10.13/lib/python3.10/site-packages/airflow/example_dags/example_latest_only.py for tasks to queue
[2024-04-02T09:00:21.268+0000] {logging_mixin.py:150} INFO - [2024-04-02T09:00:21.267+0000] {dagbag.py:541} INFO - Filling up the DagBag from /usr/local/python/3.10.13/lib/python3.10/site-packages/airflow/example_dags/example_latest_only.py
[2024-04-02T09:00:21.274+0000] {processor.py:836} INFO - DAG(s) dict_keys(['latest_only']) retrieved from /usr/local/python/3.10.13/lib/python3.10/site-packages/airflow/example_dags/example_latest_only.py
[2024-04-02T09:00:21.291+0000] {logging_mixin.py:150} INFO - [2024-04-02T09:00:21.291+0000] {dag.py:2742} INFO - Sync 1 DAGs
[2024-04-02T09:00:21.313+0000] {logging_mixin.py:150} INFO - [2024-04-02T09:00:21.313+0000] {dag.py:3504} INFO - Setting next_dagrun for latest_only to 2024-04-02T05:00:21.313043+00:00, run_after=2024-04-02T09:00:21.313043+00:00
[2024-04-02T09:00:21.357+0000] {processor.py:179} INFO - Processing /usr/local/python/3.10.13/lib/python3.10/site-packages/airflow/example_dags/example_latest_only.py took 0.095 seconds
[2024-04-02T09:01:18.742+0000] {processor.py:157} INFO - Started process (PID=14717) to work on /usr/local/python/3.10.13/lib/python3.10/site-packages/airflow/example_dags/example_latest_only.py
[2024-04-02T09:01:18.746+0000] {processor.py:826} INFO - Processing file /usr/local/python/3.10.13/lib/python3.10/site-packages/airflow/example_dags/example_latest_only.py for tasks to queue
[2024-04-02T09:01:18.747+0000] {logging_mixin.py:150} INFO - [2024-04-02T09:01:18.747+0000] {dagbag.py:541} INFO - Filling up the DagBag from /usr/local/python/3.10.13/lib/python3.10/site-packages/airflow/example_dags/example_latest_only.py
[2024-04-02T09:01:18.759+0000] {processor.py:836} INFO - DAG(s) dict_keys(['latest_only']) retrieved from /usr/local/python/3.10.13/lib/python3.10/site-packages/airflow/example_dags/example_latest_only.py
[2024-04-02T09:01:18.792+0000] {logging_mixin.py:150} INFO - [2024-04-02T09:01:18.792+0000] {dag.py:2742} INFO - Sync 1 DAGs
[2024-04-02T09:01:18.821+0000] {logging_mixin.py:150} INFO - [2024-04-02T09:01:18.821+0000] {dag.py:3504} INFO - Setting next_dagrun for latest_only to 2024-04-02T05:01:18.820877+00:00, run_after=2024-04-02T09:01:18.820877+00:00
[2024-04-02T09:01:18.901+0000] {processor.py:179} INFO - Processing /usr/local/python/3.10.13/lib/python3.10/site-packages/airflow/example_dags/example_latest_only.py took 0.165 seconds
[2024-04-02T09:02:16.696+0000] {processor.py:157} INFO - Started process (PID=15177) to work on /usr/local/python/3.10.13/lib/python3.10/site-packages/airflow/example_dags/example_latest_only.py
[2024-04-02T09:02:16.697+0000] {processor.py:826} INFO - Processing file /usr/local/python/3.10.13/lib/python3.10/site-packages/airflow/example_dags/example_latest_only.py for tasks to queue
[2024-04-02T09:02:16.698+0000] {logging_mixin.py:150} INFO - [2024-04-02T09:02:16.697+0000] {dagbag.py:541} INFO - Filling up the DagBag from /usr/local/python/3.10.13/lib/python3.10/site-packages/airflow/example_dags/example_latest_only.py
[2024-04-02T09:02:16.702+0000] {processor.py:836} INFO - DAG(s) dict_keys(['latest_only']) retrieved from /usr/local/python/3.10.13/lib/python3.10/site-packages/airflow/example_dags/example_latest_only.py
[2024-04-02T09:02:16.714+0000] {logging_mixin.py:150} INFO - [2024-04-02T09:02:16.713+0000] {dag.py:2742} INFO - Sync 1 DAGs
[2024-04-02T09:02:16.729+0000] {logging_mixin.py:150} INFO - [2024-04-02T09:02:16.729+0000] {dag.py:3504} INFO - Setting next_dagrun for latest_only to 2024-04-02T05:02:16.729145+00:00, run_after=2024-04-02T09:02:16.729145+00:00
[2024-04-02T09:02:16.768+0000] {processor.py:179} INFO - Processing /usr/local/python/3.10.13/lib/python3.10/site-packages/airflow/example_dags/example_latest_only.py took 0.074 seconds
[2024-04-02T09:03:15.149+0000] {processor.py:157} INFO - Started process (PID=15580) to work on /usr/local/python/3.10.13/lib/python3.10/site-packages/airflow/example_dags/example_latest_only.py
[2024-04-02T09:03:15.150+0000] {processor.py:826} INFO - Processing file /usr/local/python/3.10.13/lib/python3.10/site-packages/airflow/example_dags/example_latest_only.py for tasks to queue
[2024-04-02T09:03:15.151+0000] {logging_mixin.py:150} INFO - [2024-04-02T09:03:15.151+0000] {dagbag.py:541} INFO - Filling up the DagBag from /usr/local/python/3.10.13/lib/python3.10/site-packages/airflow/example_dags/example_latest_only.py
[2024-04-02T09:03:15.155+0000] {processor.py:836} INFO - DAG(s) dict_keys(['latest_only']) retrieved from /usr/local/python/3.10.13/lib/python3.10/site-packages/airflow/example_dags/example_latest_only.py
[2024-04-02T09:03:15.167+0000] {logging_mixin.py:150} INFO - [2024-04-02T09:03:15.166+0000] {dag.py:2742} INFO - Sync 1 DAGs
[2024-04-02T09:03:15.184+0000] {logging_mixin.py:150} INFO - [2024-04-02T09:03:15.184+0000] {dag.py:3504} INFO - Setting next_dagrun for latest_only to 2024-04-02T05:03:15.183786+00:00, run_after=2024-04-02T09:03:15.183786+00:00
[2024-04-02T09:03:15.226+0000] {processor.py:179} INFO - Processing /usr/local/python/3.10.13/lib/python3.10/site-packages/airflow/example_dags/example_latest_only.py took 0.079 seconds
[2024-04-02T09:04:16.165+0000] {processor.py:157} INFO - Started process (PID=15990) to work on /usr/local/python/3.10.13/lib/python3.10/site-packages/airflow/example_dags/example_latest_only.py
[2024-04-02T09:04:16.166+0000] {processor.py:826} INFO - Processing file /usr/local/python/3.10.13/lib/python3.10/site-packages/airflow/example_dags/example_latest_only.py for tasks to queue
[2024-04-02T09:04:16.168+0000] {logging_mixin.py:150} INFO - [2024-04-02T09:04:16.167+0000] {dagbag.py:541} INFO - Filling up the DagBag from /usr/local/python/3.10.13/lib/python3.10/site-packages/airflow/example_dags/example_latest_only.py
[2024-04-02T09:04:16.175+0000] {processor.py:836} INFO - DAG(s) dict_keys(['latest_only']) retrieved from /usr/local/python/3.10.13/lib/python3.10/site-packages/airflow/example_dags/example_latest_only.py
[2024-04-02T09:04:16.192+0000] {logging_mixin.py:150} INFO - [2024-04-02T09:04:16.192+0000] {dag.py:2742} INFO - Sync 1 DAGs
[2024-04-02T09:04:16.219+0000] {logging_mixin.py:150} INFO - [2024-04-02T09:04:16.219+0000] {dag.py:3504} INFO - Setting next_dagrun for latest_only to 2024-04-02T05:04:16.219548+00:00, run_after=2024-04-02T09:04:16.219548+00:00
[2024-04-02T09:04:16.268+0000] {processor.py:179} INFO - Processing /usr/local/python/3.10.13/lib/python3.10/site-packages/airflow/example_dags/example_latest_only.py took 0.106 seconds
[2024-04-02T09:05:04.829+0000] {processor.py:157} INFO - Started process (PID=16334) to work on /usr/local/python/3.10.13/lib/python3.10/site-packages/airflow/example_dags/example_latest_only.py
[2024-04-02T09:05:04.830+0000] {processor.py:826} INFO - Processing file /usr/local/python/3.10.13/lib/python3.10/site-packages/airflow/example_dags/example_latest_only.py for tasks to queue
[2024-04-02T09:05:04.831+0000] {logging_mixin.py:150} INFO - [2024-04-02T09:05:04.831+0000] {dagbag.py:541} INFO - Filling up the DagBag from /usr/local/python/3.10.13/lib/python3.10/site-packages/airflow/example_dags/example_latest_only.py
[2024-04-02T09:05:04.835+0000] {processor.py:836} INFO - DAG(s) dict_keys(['latest_only']) retrieved from /usr/local/python/3.10.13/lib/python3.10/site-packages/airflow/example_dags/example_latest_only.py
[2024-04-02T09:05:04.846+0000] {logging_mixin.py:150} INFO - [2024-04-02T09:05:04.846+0000] {dag.py:2742} INFO - Sync 1 DAGs
[2024-04-02T09:05:04.862+0000] {logging_mixin.py:150} INFO - [2024-04-02T09:05:04.862+0000] {dag.py:3504} INFO - Setting next_dagrun for latest_only to 2024-04-02T05:05:04.861863+00:00, run_after=2024-04-02T09:05:04.861863+00:00
[2024-04-02T09:05:04.901+0000] {processor.py:179} INFO - Processing /usr/local/python/3.10.13/lib/python3.10/site-packages/airflow/example_dags/example_latest_only.py took 0.074 seconds
[2024-04-02T09:06:07.918+0000] {processor.py:157} INFO - Started process (PID=16794) to work on /usr/local/python/3.10.13/lib/python3.10/site-packages/airflow/example_dags/example_latest_only.py
[2024-04-02T09:06:07.919+0000] {processor.py:826} INFO - Processing file /usr/local/python/3.10.13/lib/python3.10/site-packages/airflow/example_dags/example_latest_only.py for tasks to queue
[2024-04-02T09:06:07.920+0000] {logging_mixin.py:150} INFO - [2024-04-02T09:06:07.919+0000] {dagbag.py:541} INFO - Filling up the DagBag from /usr/local/python/3.10.13/lib/python3.10/site-packages/airflow/example_dags/example_latest_only.py
[2024-04-02T09:06:07.924+0000] {processor.py:836} INFO - DAG(s) dict_keys(['latest_only']) retrieved from /usr/local/python/3.10.13/lib/python3.10/site-packages/airflow/example_dags/example_latest_only.py
[2024-04-02T09:06:07.936+0000] {logging_mixin.py:150} INFO - [2024-04-02T09:06:07.936+0000] {dag.py:2742} INFO - Sync 1 DAGs
[2024-04-02T09:06:07.952+0000] {logging_mixin.py:150} INFO - [2024-04-02T09:06:07.952+0000] {dag.py:3504} INFO - Setting next_dagrun for latest_only to 2024-04-02T05:06:07.951843+00:00, run_after=2024-04-02T09:06:07.951843+00:00
[2024-04-02T09:06:07.991+0000] {processor.py:179} INFO - Processing /usr/local/python/3.10.13/lib/python3.10/site-packages/airflow/example_dags/example_latest_only.py took 0.075 seconds
[2024-04-02T09:07:09.608+0000] {processor.py:157} INFO - Started process (PID=17641) to work on /usr/local/python/3.10.13/lib/python3.10/site-packages/airflow/example_dags/example_latest_only.py
[2024-04-02T09:07:09.608+0000] {processor.py:826} INFO - Processing file /usr/local/python/3.10.13/lib/python3.10/site-packages/airflow/example_dags/example_latest_only.py for tasks to queue
[2024-04-02T09:07:09.609+0000] {logging_mixin.py:150} INFO - [2024-04-02T09:07:09.609+0000] {dagbag.py:541} INFO - Filling up the DagBag from /usr/local/python/3.10.13/lib/python3.10/site-packages/airflow/example_dags/example_latest_only.py
[2024-04-02T09:07:09.614+0000] {processor.py:836} INFO - DAG(s) dict_keys(['latest_only']) retrieved from /usr/local/python/3.10.13/lib/python3.10/site-packages/airflow/example_dags/example_latest_only.py
[2024-04-02T09:07:09.629+0000] {logging_mixin.py:150} INFO - [2024-04-02T09:07:09.629+0000] {dag.py:2742} INFO - Sync 1 DAGs
[2024-04-02T09:07:09.648+0000] {logging_mixin.py:150} INFO - [2024-04-02T09:07:09.647+0000] {dag.py:3504} INFO - Setting next_dagrun for latest_only to 2024-04-02T05:07:09.647770+00:00, run_after=2024-04-02T09:07:09.647770+00:00
[2024-04-02T09:07:09.687+0000] {processor.py:179} INFO - Processing /usr/local/python/3.10.13/lib/python3.10/site-packages/airflow/example_dags/example_latest_only.py took 0.082 seconds
[2024-04-02T09:08:07.131+0000] {processor.py:157} INFO - Started process (PID=18021) to work on /usr/local/python/3.10.13/lib/python3.10/site-packages/airflow/example_dags/example_latest_only.py
[2024-04-02T09:08:07.131+0000] {processor.py:826} INFO - Processing file /usr/local/python/3.10.13/lib/python3.10/site-packages/airflow/example_dags/example_latest_only.py for tasks to queue
[2024-04-02T09:08:07.132+0000] {logging_mixin.py:150} INFO - [2024-04-02T09:08:07.132+0000] {dagbag.py:541} INFO - Filling up the DagBag from /usr/local/python/3.10.13/lib/python3.10/site-packages/airflow/example_dags/example_latest_only.py
[2024-04-02T09:08:07.137+0000] {processor.py:836} INFO - DAG(s) dict_keys(['latest_only']) retrieved from /usr/local/python/3.10.13/lib/python3.10/site-packages/airflow/example_dags/example_latest_only.py
[2024-04-02T09:08:07.148+0000] {logging_mixin.py:150} INFO - [2024-04-02T09:08:07.148+0000] {dag.py:2742} INFO - Sync 1 DAGs
[2024-04-02T09:08:07.172+0000] {logging_mixin.py:150} INFO - [2024-04-02T09:08:07.172+0000] {dag.py:3504} INFO - Setting next_dagrun for latest_only to 2024-04-02T05:08:07.172071+00:00, run_after=2024-04-02T09:08:07.172071+00:00
[2024-04-02T09:08:07.220+0000] {processor.py:179} INFO - Processing /usr/local/python/3.10.13/lib/python3.10/site-packages/airflow/example_dags/example_latest_only.py took 0.092 seconds
[2024-04-02T09:09:03.414+0000] {processor.py:157} INFO - Started process (PID=18409) to work on /usr/local/python/3.10.13/lib/python3.10/site-packages/airflow/example_dags/example_latest_only.py
[2024-04-02T09:09:03.415+0000] {processor.py:826} INFO - Processing file /usr/local/python/3.10.13/lib/python3.10/site-packages/airflow/example_dags/example_latest_only.py for tasks to queue
[2024-04-02T09:09:03.415+0000] {logging_mixin.py:150} INFO - [2024-04-02T09:09:03.415+0000] {dagbag.py:541} INFO - Filling up the DagBag from /usr/local/python/3.10.13/lib/python3.10/site-packages/airflow/example_dags/example_latest_only.py
[2024-04-02T09:09:03.420+0000] {processor.py:836} INFO - DAG(s) dict_keys(['latest_only']) retrieved from /usr/local/python/3.10.13/lib/python3.10/site-packages/airflow/example_dags/example_latest_only.py
[2024-04-02T09:09:03.431+0000] {logging_mixin.py:150} INFO - [2024-04-02T09:09:03.431+0000] {dag.py:2742} INFO - Sync 1 DAGs
[2024-04-02T09:09:03.446+0000] {logging_mixin.py:150} INFO - [2024-04-02T09:09:03.446+0000] {dag.py:3504} INFO - Setting next_dagrun for latest_only to 2024-04-02T05:09:03.446361+00:00, run_after=2024-04-02T09:09:03.446361+00:00
[2024-04-02T09:09:03.504+0000] {processor.py:179} INFO - Processing /usr/local/python/3.10.13/lib/python3.10/site-packages/airflow/example_dags/example_latest_only.py took 0.092 seconds
[2024-04-02T09:09:59.964+0000] {processor.py:157} INFO - Started process (PID=18806) to work on /usr/local/python/3.10.13/lib/python3.10/site-packages/airflow/example_dags/example_latest_only.py
[2024-04-02T09:09:59.965+0000] {processor.py:826} INFO - Processing file /usr/local/python/3.10.13/lib/python3.10/site-packages/airflow/example_dags/example_latest_only.py for tasks to queue
[2024-04-02T09:09:59.966+0000] {logging_mixin.py:150} INFO - [2024-04-02T09:09:59.965+0000] {dagbag.py:541} INFO - Filling up the DagBag from /usr/local/python/3.10.13/lib/python3.10/site-packages/airflow/example_dags/example_latest_only.py
[2024-04-02T09:09:59.972+0000] {processor.py:836} INFO - DAG(s) dict_keys(['latest_only']) retrieved from /usr/local/python/3.10.13/lib/python3.10/site-packages/airflow/example_dags/example_latest_only.py
[2024-04-02T09:10:00.021+0000] {logging_mixin.py:150} INFO - [2024-04-02T09:10:00.020+0000] {dag.py:2742} INFO - Sync 1 DAGs
[2024-04-02T09:10:00.053+0000] {logging_mixin.py:150} INFO - [2024-04-02T09:10:00.053+0000] {dag.py:3504} INFO - Setting next_dagrun for latest_only to 2024-04-02T05:10:00.053233+00:00, run_after=2024-04-02T09:10:00.053233+00:00
[2024-04-02T09:10:00.110+0000] {processor.py:179} INFO - Processing /usr/local/python/3.10.13/lib/python3.10/site-packages/airflow/example_dags/example_latest_only.py took 0.149 seconds
[2024-04-02T09:10:59.665+0000] {processor.py:157} INFO - Started process (PID=19216) to work on /usr/local/python/3.10.13/lib/python3.10/site-packages/airflow/example_dags/example_latest_only.py
[2024-04-02T09:10:59.665+0000] {processor.py:826} INFO - Processing file /usr/local/python/3.10.13/lib/python3.10/site-packages/airflow/example_dags/example_latest_only.py for tasks to queue
[2024-04-02T09:10:59.666+0000] {logging_mixin.py:150} INFO - [2024-04-02T09:10:59.666+0000] {dagbag.py:541} INFO - Filling up the DagBag from /usr/local/python/3.10.13/lib/python3.10/site-packages/airflow/example_dags/example_latest_only.py
[2024-04-02T09:10:59.671+0000] {processor.py:836} INFO - DAG(s) dict_keys(['latest_only']) retrieved from /usr/local/python/3.10.13/lib/python3.10/site-packages/airflow/example_dags/example_latest_only.py
[2024-04-02T09:10:59.682+0000] {logging_mixin.py:150} INFO - [2024-04-02T09:10:59.682+0000] {dag.py:2742} INFO - Sync 1 DAGs
[2024-04-02T09:10:59.697+0000] {logging_mixin.py:150} INFO - [2024-04-02T09:10:59.697+0000] {dag.py:3504} INFO - Setting next_dagrun for latest_only to 2024-04-02T05:10:59.697249+00:00, run_after=2024-04-02T09:10:59.697249+00:00
[2024-04-02T09:10:59.741+0000] {processor.py:179} INFO - Processing /usr/local/python/3.10.13/lib/python3.10/site-packages/airflow/example_dags/example_latest_only.py took 0.079 seconds
[2024-04-02T09:11:58.479+0000] {processor.py:157} INFO - Started process (PID=19619) to work on /usr/local/python/3.10.13/lib/python3.10/site-packages/airflow/example_dags/example_latest_only.py
[2024-04-02T09:11:58.483+0000] {processor.py:826} INFO - Processing file /usr/local/python/3.10.13/lib/python3.10/site-packages/airflow/example_dags/example_latest_only.py for tasks to queue
[2024-04-02T09:11:58.484+0000] {logging_mixin.py:150} INFO - [2024-04-02T09:11:58.483+0000] {dagbag.py:541} INFO - Filling up the DagBag from /usr/local/python/3.10.13/lib/python3.10/site-packages/airflow/example_dags/example_latest_only.py
[2024-04-02T09:11:58.490+0000] {processor.py:836} INFO - DAG(s) dict_keys(['latest_only']) retrieved from /usr/local/python/3.10.13/lib/python3.10/site-packages/airflow/example_dags/example_latest_only.py
[2024-04-02T09:11:58.516+0000] {logging_mixin.py:150} INFO - [2024-04-02T09:11:58.516+0000] {dag.py:2742} INFO - Sync 1 DAGs
[2024-04-02T09:11:58.535+0000] {logging_mixin.py:150} INFO - [2024-04-02T09:11:58.535+0000] {dag.py:3504} INFO - Setting next_dagrun for latest_only to 2024-04-02T05:11:58.535248+00:00, run_after=2024-04-02T09:11:58.535248+00:00
[2024-04-02T09:11:58.577+0000] {processor.py:179} INFO - Processing /usr/local/python/3.10.13/lib/python3.10/site-packages/airflow/example_dags/example_latest_only.py took 0.104 seconds
[2024-04-02T09:12:59.153+0000] {processor.py:157} INFO - Started process (PID=20032) to work on /usr/local/python/3.10.13/lib/python3.10/site-packages/airflow/example_dags/example_latest_only.py
[2024-04-02T09:12:59.155+0000] {processor.py:826} INFO - Processing file /usr/local/python/3.10.13/lib/python3.10/site-packages/airflow/example_dags/example_latest_only.py for tasks to queue
[2024-04-02T09:12:59.156+0000] {logging_mixin.py:150} INFO - [2024-04-02T09:12:59.155+0000] {dagbag.py:541} INFO - Filling up the DagBag from /usr/local/python/3.10.13/lib/python3.10/site-packages/airflow/example_dags/example_latest_only.py
[2024-04-02T09:12:59.162+0000] {processor.py:836} INFO - DAG(s) dict_keys(['latest_only']) retrieved from /usr/local/python/3.10.13/lib/python3.10/site-packages/airflow/example_dags/example_latest_only.py
[2024-04-02T09:12:59.178+0000] {logging_mixin.py:150} INFO - [2024-04-02T09:12:59.178+0000] {dag.py:2742} INFO - Sync 1 DAGs
[2024-04-02T09:12:59.201+0000] {logging_mixin.py:150} INFO - [2024-04-02T09:12:59.201+0000] {dag.py:3504} INFO - Setting next_dagrun for latest_only to 2024-04-02T05:12:59.201413+00:00, run_after=2024-04-02T09:12:59.201413+00:00
[2024-04-02T09:12:59.250+0000] {processor.py:179} INFO - Processing /usr/local/python/3.10.13/lib/python3.10/site-packages/airflow/example_dags/example_latest_only.py took 0.100 seconds
[2024-04-02T09:13:55.381+0000] {processor.py:157} INFO - Started process (PID=20413) to work on /usr/local/python/3.10.13/lib/python3.10/site-packages/airflow/example_dags/example_latest_only.py
[2024-04-02T09:13:55.382+0000] {processor.py:826} INFO - Processing file /usr/local/python/3.10.13/lib/python3.10/site-packages/airflow/example_dags/example_latest_only.py for tasks to queue
[2024-04-02T09:13:55.382+0000] {logging_mixin.py:150} INFO - [2024-04-02T09:13:55.382+0000] {dagbag.py:541} INFO - Filling up the DagBag from /usr/local/python/3.10.13/lib/python3.10/site-packages/airflow/example_dags/example_latest_only.py
[2024-04-02T09:13:55.387+0000] {processor.py:836} INFO - DAG(s) dict_keys(['latest_only']) retrieved from /usr/local/python/3.10.13/lib/python3.10/site-packages/airflow/example_dags/example_latest_only.py
[2024-04-02T09:13:55.401+0000] {logging_mixin.py:150} INFO - [2024-04-02T09:13:55.401+0000] {dag.py:2742} INFO - Sync 1 DAGs
[2024-04-02T09:13:55.431+0000] {logging_mixin.py:150} INFO - [2024-04-02T09:13:55.430+0000] {dag.py:3504} INFO - Setting next_dagrun for latest_only to 2024-04-02T05:13:55.430666+00:00, run_after=2024-04-02T09:13:55.430666+00:00
[2024-04-02T09:13:55.470+0000] {processor.py:179} INFO - Processing /usr/local/python/3.10.13/lib/python3.10/site-packages/airflow/example_dags/example_latest_only.py took 0.091 seconds
[2024-04-02T09:14:48.565+0000] {processor.py:157} INFO - Started process (PID=20799) to work on /usr/local/python/3.10.13/lib/python3.10/site-packages/airflow/example_dags/example_latest_only.py
[2024-04-02T09:14:48.566+0000] {processor.py:826} INFO - Processing file /usr/local/python/3.10.13/lib/python3.10/site-packages/airflow/example_dags/example_latest_only.py for tasks to queue
[2024-04-02T09:14:48.567+0000] {logging_mixin.py:150} INFO - [2024-04-02T09:14:48.567+0000] {dagbag.py:541} INFO - Filling up the DagBag from /usr/local/python/3.10.13/lib/python3.10/site-packages/airflow/example_dags/example_latest_only.py
[2024-04-02T09:14:48.572+0000] {processor.py:836} INFO - DAG(s) dict_keys(['latest_only']) retrieved from /usr/local/python/3.10.13/lib/python3.10/site-packages/airflow/example_dags/example_latest_only.py
[2024-04-02T09:14:48.583+0000] {logging_mixin.py:150} INFO - [2024-04-02T09:14:48.583+0000] {dag.py:2742} INFO - Sync 1 DAGs
[2024-04-02T09:14:48.598+0000] {logging_mixin.py:150} INFO - [2024-04-02T09:14:48.598+0000] {dag.py:3504} INFO - Setting next_dagrun for latest_only to 2024-04-02T05:14:48.598507+00:00, run_after=2024-04-02T09:14:48.598507+00:00
[2024-04-02T09:14:48.640+0000] {processor.py:179} INFO - Processing /usr/local/python/3.10.13/lib/python3.10/site-packages/airflow/example_dags/example_latest_only.py took 0.077 seconds
[2024-04-02T09:15:39.866+0000] {processor.py:157} INFO - Started process (PID=21150) to work on /usr/local/python/3.10.13/lib/python3.10/site-packages/airflow/example_dags/example_latest_only.py
[2024-04-02T09:15:39.867+0000] {processor.py:826} INFO - Processing file /usr/local/python/3.10.13/lib/python3.10/site-packages/airflow/example_dags/example_latest_only.py for tasks to queue
[2024-04-02T09:15:39.868+0000] {logging_mixin.py:150} INFO - [2024-04-02T09:15:39.868+0000] {dagbag.py:541} INFO - Filling up the DagBag from /usr/local/python/3.10.13/lib/python3.10/site-packages/airflow/example_dags/example_latest_only.py
[2024-04-02T09:15:39.875+0000] {processor.py:836} INFO - DAG(s) dict_keys(['latest_only']) retrieved from /usr/local/python/3.10.13/lib/python3.10/site-packages/airflow/example_dags/example_latest_only.py
[2024-04-02T09:15:39.893+0000] {logging_mixin.py:150} INFO - [2024-04-02T09:15:39.893+0000] {dag.py:2742} INFO - Sync 1 DAGs
[2024-04-02T09:15:39.919+0000] {logging_mixin.py:150} INFO - [2024-04-02T09:15:39.919+0000] {dag.py:3504} INFO - Setting next_dagrun for latest_only to 2024-04-02T05:15:39.919287+00:00, run_after=2024-04-02T09:15:39.919287+00:00
[2024-04-02T09:15:39.963+0000] {processor.py:179} INFO - Processing /usr/local/python/3.10.13/lib/python3.10/site-packages/airflow/example_dags/example_latest_only.py took 0.100 seconds
[2024-04-02T09:16:37.695+0000] {processor.py:157} INFO - Started process (PID=21551) to work on /usr/local/python/3.10.13/lib/python3.10/site-packages/airflow/example_dags/example_latest_only.py
[2024-04-02T09:16:37.695+0000] {processor.py:826} INFO - Processing file /usr/local/python/3.10.13/lib/python3.10/site-packages/airflow/example_dags/example_latest_only.py for tasks to queue
[2024-04-02T09:16:37.696+0000] {logging_mixin.py:150} INFO - [2024-04-02T09:16:37.696+0000] {dagbag.py:541} INFO - Filling up the DagBag from /usr/local/python/3.10.13/lib/python3.10/site-packages/airflow/example_dags/example_latest_only.py
[2024-04-02T09:16:37.701+0000] {processor.py:836} INFO - DAG(s) dict_keys(['latest_only']) retrieved from /usr/local/python/3.10.13/lib/python3.10/site-packages/airflow/example_dags/example_latest_only.py
[2024-04-02T09:16:37.712+0000] {logging_mixin.py:150} INFO - [2024-04-02T09:16:37.712+0000] {dag.py:2742} INFO - Sync 1 DAGs
[2024-04-02T09:16:37.727+0000] {logging_mixin.py:150} INFO - [2024-04-02T09:16:37.727+0000] {dag.py:3504} INFO - Setting next_dagrun for latest_only to 2024-04-02T05:16:37.727201+00:00, run_after=2024-04-02T09:16:37.727201+00:00
[2024-04-02T09:16:37.767+0000] {processor.py:179} INFO - Processing /usr/local/python/3.10.13/lib/python3.10/site-packages/airflow/example_dags/example_latest_only.py took 0.074 seconds
[2024-04-02T09:17:37.562+0000] {processor.py:157} INFO - Started process (PID=21963) to work on /usr/local/python/3.10.13/lib/python3.10/site-packages/airflow/example_dags/example_latest_only.py
[2024-04-02T09:17:37.563+0000] {processor.py:826} INFO - Processing file /usr/local/python/3.10.13/lib/python3.10/site-packages/airflow/example_dags/example_latest_only.py for tasks to queue
[2024-04-02T09:17:37.564+0000] {logging_mixin.py:150} INFO - [2024-04-02T09:17:37.563+0000] {dagbag.py:541} INFO - Filling up the DagBag from /usr/local/python/3.10.13/lib/python3.10/site-packages/airflow/example_dags/example_latest_only.py
[2024-04-02T09:17:37.569+0000] {processor.py:836} INFO - DAG(s) dict_keys(['latest_only']) retrieved from /usr/local/python/3.10.13/lib/python3.10/site-packages/airflow/example_dags/example_latest_only.py
[2024-04-02T09:17:37.580+0000] {logging_mixin.py:150} INFO - [2024-04-02T09:17:37.580+0000] {dag.py:2742} INFO - Sync 1 DAGs
[2024-04-02T09:17:37.595+0000] {logging_mixin.py:150} INFO - [2024-04-02T09:17:37.595+0000] {dag.py:3504} INFO - Setting next_dagrun for latest_only to 2024-04-02T05:17:37.595655+00:00, run_after=2024-04-02T09:17:37.595655+00:00
[2024-04-02T09:17:37.634+0000] {processor.py:179} INFO - Processing /usr/local/python/3.10.13/lib/python3.10/site-packages/airflow/example_dags/example_latest_only.py took 0.074 seconds
[2024-04-02T09:18:36.014+0000] {processor.py:157} INFO - Started process (PID=22367) to work on /usr/local/python/3.10.13/lib/python3.10/site-packages/airflow/example_dags/example_latest_only.py
[2024-04-02T09:18:36.015+0000] {processor.py:826} INFO - Processing file /usr/local/python/3.10.13/lib/python3.10/site-packages/airflow/example_dags/example_latest_only.py for tasks to queue
[2024-04-02T09:18:36.016+0000] {logging_mixin.py:150} INFO - [2024-04-02T09:18:36.016+0000] {dagbag.py:541} INFO - Filling up the DagBag from /usr/local/python/3.10.13/lib/python3.10/site-packages/airflow/example_dags/example_latest_only.py
[2024-04-02T09:18:36.023+0000] {processor.py:836} INFO - DAG(s) dict_keys(['latest_only']) retrieved from /usr/local/python/3.10.13/lib/python3.10/site-packages/airflow/example_dags/example_latest_only.py
[2024-04-02T09:18:36.039+0000] {logging_mixin.py:150} INFO - [2024-04-02T09:18:36.038+0000] {dag.py:2742} INFO - Sync 1 DAGs
[2024-04-02T09:18:36.061+0000] {logging_mixin.py:150} INFO - [2024-04-02T09:18:36.061+0000] {dag.py:3504} INFO - Setting next_dagrun for latest_only to 2024-04-02T05:18:36.061405+00:00, run_after=2024-04-02T09:18:36.061405+00:00
[2024-04-02T09:18:36.111+0000] {processor.py:179} INFO - Processing /usr/local/python/3.10.13/lib/python3.10/site-packages/airflow/example_dags/example_latest_only.py took 0.099 seconds
[2024-04-02T09:19:33.473+0000] {processor.py:157} INFO - Started process (PID=22775) to work on /usr/local/python/3.10.13/lib/python3.10/site-packages/airflow/example_dags/example_latest_only.py
[2024-04-02T09:19:33.474+0000] {processor.py:826} INFO - Processing file /usr/local/python/3.10.13/lib/python3.10/site-packages/airflow/example_dags/example_latest_only.py for tasks to queue
[2024-04-02T09:19:33.475+0000] {logging_mixin.py:150} INFO - [2024-04-02T09:19:33.475+0000] {dagbag.py:541} INFO - Filling up the DagBag from /usr/local/python/3.10.13/lib/python3.10/site-packages/airflow/example_dags/example_latest_only.py
[2024-04-02T09:19:33.479+0000] {processor.py:836} INFO - DAG(s) dict_keys(['latest_only']) retrieved from /usr/local/python/3.10.13/lib/python3.10/site-packages/airflow/example_dags/example_latest_only.py
[2024-04-02T09:19:33.491+0000] {logging_mixin.py:150} INFO - [2024-04-02T09:19:33.491+0000] {dag.py:2742} INFO - Sync 1 DAGs
[2024-04-02T09:19:33.506+0000] {logging_mixin.py:150} INFO - [2024-04-02T09:19:33.506+0000] {dag.py:3504} INFO - Setting next_dagrun for latest_only to 2024-04-02T05:19:33.506031+00:00, run_after=2024-04-02T09:19:33.506031+00:00
[2024-04-02T09:19:33.543+0000] {processor.py:179} INFO - Processing /usr/local/python/3.10.13/lib/python3.10/site-packages/airflow/example_dags/example_latest_only.py took 0.072 seconds
[2024-04-02T09:20:26.578+0000] {processor.py:157} INFO - Started process (PID=23149) to work on /usr/local/python/3.10.13/lib/python3.10/site-packages/airflow/example_dags/example_latest_only.py
[2024-04-02T09:20:26.580+0000] {processor.py:826} INFO - Processing file /usr/local/python/3.10.13/lib/python3.10/site-packages/airflow/example_dags/example_latest_only.py for tasks to queue
[2024-04-02T09:20:26.581+0000] {logging_mixin.py:150} INFO - [2024-04-02T09:20:26.580+0000] {dagbag.py:541} INFO - Filling up the DagBag from /usr/local/python/3.10.13/lib/python3.10/site-packages/airflow/example_dags/example_latest_only.py
[2024-04-02T09:20:26.589+0000] {processor.py:836} INFO - DAG(s) dict_keys(['latest_only']) retrieved from /usr/local/python/3.10.13/lib/python3.10/site-packages/airflow/example_dags/example_latest_only.py
[2024-04-02T09:20:26.606+0000] {logging_mixin.py:150} INFO - [2024-04-02T09:20:26.606+0000] {dag.py:2742} INFO - Sync 1 DAGs
[2024-04-02T09:20:26.629+0000] {logging_mixin.py:150} INFO - [2024-04-02T09:20:26.629+0000] {dag.py:3504} INFO - Setting next_dagrun for latest_only to 2024-04-02T05:20:26.629128+00:00, run_after=2024-04-02T09:20:26.629128+00:00
[2024-04-02T09:20:26.676+0000] {processor.py:179} INFO - Processing /usr/local/python/3.10.13/lib/python3.10/site-packages/airflow/example_dags/example_latest_only.py took 0.101 seconds
[2024-04-02T09:21:24.467+0000] {processor.py:157} INFO - Started process (PID=23531) to work on /usr/local/python/3.10.13/lib/python3.10/site-packages/airflow/example_dags/example_latest_only.py
[2024-04-02T09:21:24.468+0000] {processor.py:826} INFO - Processing file /usr/local/python/3.10.13/lib/python3.10/site-packages/airflow/example_dags/example_latest_only.py for tasks to queue
[2024-04-02T09:21:24.469+0000] {logging_mixin.py:150} INFO - [2024-04-02T09:21:24.468+0000] {dagbag.py:541} INFO - Filling up the DagBag from /usr/local/python/3.10.13/lib/python3.10/site-packages/airflow/example_dags/example_latest_only.py
[2024-04-02T09:21:24.474+0000] {processor.py:836} INFO - DAG(s) dict_keys(['latest_only']) retrieved from /usr/local/python/3.10.13/lib/python3.10/site-packages/airflow/example_dags/example_latest_only.py
[2024-04-02T09:21:24.485+0000] {logging_mixin.py:150} INFO - [2024-04-02T09:21:24.485+0000] {dag.py:2742} INFO - Sync 1 DAGs
[2024-04-02T09:21:24.500+0000] {logging_mixin.py:150} INFO - [2024-04-02T09:21:24.500+0000] {dag.py:3504} INFO - Setting next_dagrun for latest_only to 2024-04-02T05:21:24.500519+00:00, run_after=2024-04-02T09:21:24.500519+00:00
[2024-04-02T09:21:24.542+0000] {processor.py:179} INFO - Processing /usr/local/python/3.10.13/lib/python3.10/site-packages/airflow/example_dags/example_latest_only.py took 0.077 seconds
[2024-04-02T09:22:19.636+0000] {processor.py:157} INFO - Started process (PID=23922) to work on /usr/local/python/3.10.13/lib/python3.10/site-packages/airflow/example_dags/example_latest_only.py
[2024-04-02T09:22:19.637+0000] {processor.py:826} INFO - Processing file /usr/local/python/3.10.13/lib/python3.10/site-packages/airflow/example_dags/example_latest_only.py for tasks to queue
[2024-04-02T09:22:19.637+0000] {logging_mixin.py:150} INFO - [2024-04-02T09:22:19.637+0000] {dagbag.py:541} INFO - Filling up the DagBag from /usr/local/python/3.10.13/lib/python3.10/site-packages/airflow/example_dags/example_latest_only.py
[2024-04-02T09:22:19.642+0000] {processor.py:836} INFO - DAG(s) dict_keys(['latest_only']) retrieved from /usr/local/python/3.10.13/lib/python3.10/site-packages/airflow/example_dags/example_latest_only.py
[2024-04-02T09:22:19.653+0000] {logging_mixin.py:150} INFO - [2024-04-02T09:22:19.653+0000] {dag.py:2742} INFO - Sync 1 DAGs
[2024-04-02T09:22:19.668+0000] {logging_mixin.py:150} INFO - [2024-04-02T09:22:19.668+0000] {dag.py:3504} INFO - Setting next_dagrun for latest_only to 2024-04-02T05:22:19.668258+00:00, run_after=2024-04-02T09:22:19.668258+00:00
[2024-04-02T09:22:19.706+0000] {processor.py:179} INFO - Processing /usr/local/python/3.10.13/lib/python3.10/site-packages/airflow/example_dags/example_latest_only.py took 0.072 seconds
[2024-04-02T09:23:18.924+0000] {processor.py:157} INFO - Started process (PID=24308) to work on /usr/local/python/3.10.13/lib/python3.10/site-packages/airflow/example_dags/example_latest_only.py
[2024-04-02T09:23:18.924+0000] {processor.py:826} INFO - Processing file /usr/local/python/3.10.13/lib/python3.10/site-packages/airflow/example_dags/example_latest_only.py for tasks to queue
[2024-04-02T09:23:18.925+0000] {logging_mixin.py:150} INFO - [2024-04-02T09:23:18.925+0000] {dagbag.py:541} INFO - Filling up the DagBag from /usr/local/python/3.10.13/lib/python3.10/site-packages/airflow/example_dags/example_latest_only.py
[2024-04-02T09:23:18.929+0000] {processor.py:836} INFO - DAG(s) dict_keys(['latest_only']) retrieved from /usr/local/python/3.10.13/lib/python3.10/site-packages/airflow/example_dags/example_latest_only.py
[2024-04-02T09:23:18.941+0000] {logging_mixin.py:150} INFO - [2024-04-02T09:23:18.941+0000] {dag.py:2742} INFO - Sync 1 DAGs
[2024-04-02T09:23:18.956+0000] {logging_mixin.py:150} INFO - [2024-04-02T09:23:18.956+0000] {dag.py:3504} INFO - Setting next_dagrun for latest_only to 2024-04-02T05:23:18.956051+00:00, run_after=2024-04-02T09:23:18.956051+00:00
[2024-04-02T09:23:18.994+0000] {processor.py:179} INFO - Processing /usr/local/python/3.10.13/lib/python3.10/site-packages/airflow/example_dags/example_latest_only.py took 0.073 seconds
[2024-04-02T09:24:21.323+0000] {processor.py:157} INFO - Started process (PID=24747) to work on /usr/local/python/3.10.13/lib/python3.10/site-packages/airflow/example_dags/example_latest_only.py
[2024-04-02T09:24:21.324+0000] {processor.py:826} INFO - Processing file /usr/local/python/3.10.13/lib/python3.10/site-packages/airflow/example_dags/example_latest_only.py for tasks to queue
[2024-04-02T09:24:21.324+0000] {logging_mixin.py:150} INFO - [2024-04-02T09:24:21.324+0000] {dagbag.py:541} INFO - Filling up the DagBag from /usr/local/python/3.10.13/lib/python3.10/site-packages/airflow/example_dags/example_latest_only.py
[2024-04-02T09:24:21.329+0000] {processor.py:836} INFO - DAG(s) dict_keys(['latest_only']) retrieved from /usr/local/python/3.10.13/lib/python3.10/site-packages/airflow/example_dags/example_latest_only.py
[2024-04-02T09:24:21.341+0000] {logging_mixin.py:150} INFO - [2024-04-02T09:24:21.340+0000] {dag.py:2742} INFO - Sync 1 DAGs
[2024-04-02T09:24:21.356+0000] {logging_mixin.py:150} INFO - [2024-04-02T09:24:21.355+0000] {dag.py:3504} INFO - Setting next_dagrun for latest_only to 2024-04-02T05:24:21.355794+00:00, run_after=2024-04-02T09:24:21.355794+00:00
[2024-04-02T09:24:21.393+0000] {processor.py:179} INFO - Processing /usr/local/python/3.10.13/lib/python3.10/site-packages/airflow/example_dags/example_latest_only.py took 0.072 seconds
[2024-04-02T09:25:21.194+0000] {processor.py:157} INFO - Started process (PID=25166) to work on /usr/local/python/3.10.13/lib/python3.10/site-packages/airflow/example_dags/example_latest_only.py
[2024-04-02T09:25:21.195+0000] {processor.py:826} INFO - Processing file /usr/local/python/3.10.13/lib/python3.10/site-packages/airflow/example_dags/example_latest_only.py for tasks to queue
[2024-04-02T09:25:21.195+0000] {logging_mixin.py:150} INFO - [2024-04-02T09:25:21.195+0000] {dagbag.py:541} INFO - Filling up the DagBag from /usr/local/python/3.10.13/lib/python3.10/site-packages/airflow/example_dags/example_latest_only.py
[2024-04-02T09:25:21.200+0000] {processor.py:836} INFO - DAG(s) dict_keys(['latest_only']) retrieved from /usr/local/python/3.10.13/lib/python3.10/site-packages/airflow/example_dags/example_latest_only.py
[2024-04-02T09:25:21.211+0000] {logging_mixin.py:150} INFO - [2024-04-02T09:25:21.211+0000] {dag.py:2742} INFO - Sync 1 DAGs
[2024-04-02T09:25:21.227+0000] {logging_mixin.py:150} INFO - [2024-04-02T09:25:21.226+0000] {dag.py:3504} INFO - Setting next_dagrun for latest_only to 2024-04-02T05:25:21.226819+00:00, run_after=2024-04-02T09:25:21.226819+00:00
[2024-04-02T09:25:21.267+0000] {processor.py:179} INFO - Processing /usr/local/python/3.10.13/lib/python3.10/site-packages/airflow/example_dags/example_latest_only.py took 0.076 seconds
[2024-04-02T09:26:11.910+0000] {processor.py:157} INFO - Started process (PID=25510) to work on /usr/local/python/3.10.13/lib/python3.10/site-packages/airflow/example_dags/example_latest_only.py
[2024-04-02T09:26:11.911+0000] {processor.py:826} INFO - Processing file /usr/local/python/3.10.13/lib/python3.10/site-packages/airflow/example_dags/example_latest_only.py for tasks to queue
[2024-04-02T09:26:11.911+0000] {logging_mixin.py:150} INFO - [2024-04-02T09:26:11.911+0000] {dagbag.py:541} INFO - Filling up the DagBag from /usr/local/python/3.10.13/lib/python3.10/site-packages/airflow/example_dags/example_latest_only.py
[2024-04-02T09:26:11.916+0000] {processor.py:836} INFO - DAG(s) dict_keys(['latest_only']) retrieved from /usr/local/python/3.10.13/lib/python3.10/site-packages/airflow/example_dags/example_latest_only.py
[2024-04-02T09:26:11.928+0000] {logging_mixin.py:150} INFO - [2024-04-02T09:26:11.928+0000] {dag.py:2742} INFO - Sync 1 DAGs
[2024-04-02T09:26:11.949+0000] {logging_mixin.py:150} INFO - [2024-04-02T09:26:11.949+0000] {dag.py:3504} INFO - Setting next_dagrun for latest_only to 2024-04-02T05:26:11.949472+00:00, run_after=2024-04-02T09:26:11.949472+00:00
[2024-04-02T09:26:12.082+0000] {processor.py:179} INFO - Processing /usr/local/python/3.10.13/lib/python3.10/site-packages/airflow/example_dags/example_latest_only.py took 0.175 seconds
[2024-04-02T09:27:12.521+0000] {processor.py:157} INFO - Started process (PID=25924) to work on /usr/local/python/3.10.13/lib/python3.10/site-packages/airflow/example_dags/example_latest_only.py
[2024-04-02T09:27:12.521+0000] {processor.py:826} INFO - Processing file /usr/local/python/3.10.13/lib/python3.10/site-packages/airflow/example_dags/example_latest_only.py for tasks to queue
[2024-04-02T09:27:12.522+0000] {logging_mixin.py:150} INFO - [2024-04-02T09:27:12.522+0000] {dagbag.py:541} INFO - Filling up the DagBag from /usr/local/python/3.10.13/lib/python3.10/site-packages/airflow/example_dags/example_latest_only.py
[2024-04-02T09:27:12.527+0000] {processor.py:836} INFO - DAG(s) dict_keys(['latest_only']) retrieved from /usr/local/python/3.10.13/lib/python3.10/site-packages/airflow/example_dags/example_latest_only.py
[2024-04-02T09:27:12.538+0000] {logging_mixin.py:150} INFO - [2024-04-02T09:27:12.538+0000] {dag.py:2742} INFO - Sync 1 DAGs
[2024-04-02T09:27:12.554+0000] {logging_mixin.py:150} INFO - [2024-04-02T09:27:12.553+0000] {dag.py:3504} INFO - Setting next_dagrun for latest_only to 2024-04-02T05:27:12.553772+00:00, run_after=2024-04-02T09:27:12.553772+00:00
[2024-04-02T09:27:12.590+0000] {processor.py:179} INFO - Processing /usr/local/python/3.10.13/lib/python3.10/site-packages/airflow/example_dags/example_latest_only.py took 0.072 seconds
[2024-04-02T09:28:13.346+0000] {processor.py:157} INFO - Started process (PID=26336) to work on /usr/local/python/3.10.13/lib/python3.10/site-packages/airflow/example_dags/example_latest_only.py
[2024-04-02T09:28:13.347+0000] {processor.py:826} INFO - Processing file /usr/local/python/3.10.13/lib/python3.10/site-packages/airflow/example_dags/example_latest_only.py for tasks to queue
[2024-04-02T09:28:13.347+0000] {logging_mixin.py:150} INFO - [2024-04-02T09:28:13.347+0000] {dagbag.py:541} INFO - Filling up the DagBag from /usr/local/python/3.10.13/lib/python3.10/site-packages/airflow/example_dags/example_latest_only.py
[2024-04-02T09:28:13.354+0000] {processor.py:836} INFO - DAG(s) dict_keys(['latest_only']) retrieved from /usr/local/python/3.10.13/lib/python3.10/site-packages/airflow/example_dags/example_latest_only.py
[2024-04-02T09:28:13.369+0000] {logging_mixin.py:150} INFO - [2024-04-02T09:28:13.368+0000] {dag.py:2742} INFO - Sync 1 DAGs
[2024-04-02T09:28:13.384+0000] {logging_mixin.py:150} INFO - [2024-04-02T09:28:13.383+0000] {dag.py:3504} INFO - Setting next_dagrun for latest_only to 2024-04-02T05:28:13.383712+00:00, run_after=2024-04-02T09:28:13.383712+00:00
[2024-04-02T09:28:13.424+0000] {processor.py:179} INFO - Processing /usr/local/python/3.10.13/lib/python3.10/site-packages/airflow/example_dags/example_latest_only.py took 0.081 seconds
[2024-04-02T09:29:15.856+0000] {processor.py:157} INFO - Started process (PID=26753) to work on /usr/local/python/3.10.13/lib/python3.10/site-packages/airflow/example_dags/example_latest_only.py
[2024-04-02T09:29:15.857+0000] {processor.py:826} INFO - Processing file /usr/local/python/3.10.13/lib/python3.10/site-packages/airflow/example_dags/example_latest_only.py for tasks to queue
[2024-04-02T09:29:15.857+0000] {logging_mixin.py:150} INFO - [2024-04-02T09:29:15.857+0000] {dagbag.py:541} INFO - Filling up the DagBag from /usr/local/python/3.10.13/lib/python3.10/site-packages/airflow/example_dags/example_latest_only.py
[2024-04-02T09:29:15.862+0000] {processor.py:836} INFO - DAG(s) dict_keys(['latest_only']) retrieved from /usr/local/python/3.10.13/lib/python3.10/site-packages/airflow/example_dags/example_latest_only.py
[2024-04-02T09:29:15.875+0000] {logging_mixin.py:150} INFO - [2024-04-02T09:29:15.875+0000] {dag.py:2742} INFO - Sync 1 DAGs
[2024-04-02T09:29:15.890+0000] {logging_mixin.py:150} INFO - [2024-04-02T09:29:15.890+0000] {dag.py:3504} INFO - Setting next_dagrun for latest_only to 2024-04-02T05:29:15.890436+00:00, run_after=2024-04-02T09:29:15.890436+00:00
[2024-04-02T09:29:15.928+0000] {processor.py:179} INFO - Processing /usr/local/python/3.10.13/lib/python3.10/site-packages/airflow/example_dags/example_latest_only.py took 0.075 seconds
[2024-04-02T09:30:09.025+0000] {processor.py:157} INFO - Started process (PID=27176) to work on /usr/local/python/3.10.13/lib/python3.10/site-packages/airflow/example_dags/example_latest_only.py
[2024-04-02T09:30:09.026+0000] {processor.py:826} INFO - Processing file /usr/local/python/3.10.13/lib/python3.10/site-packages/airflow/example_dags/example_latest_only.py for tasks to queue
[2024-04-02T09:30:09.028+0000] {logging_mixin.py:150} INFO - [2024-04-02T09:30:09.027+0000] {dagbag.py:541} INFO - Filling up the DagBag from /usr/local/python/3.10.13/lib/python3.10/site-packages/airflow/example_dags/example_latest_only.py
[2024-04-02T09:30:09.034+0000] {processor.py:836} INFO - DAG(s) dict_keys(['latest_only']) retrieved from /usr/local/python/3.10.13/lib/python3.10/site-packages/airflow/example_dags/example_latest_only.py
[2024-04-02T09:30:09.052+0000] {logging_mixin.py:150} INFO - [2024-04-02T09:30:09.051+0000] {dag.py:2742} INFO - Sync 1 DAGs
[2024-04-02T09:30:09.073+0000] {logging_mixin.py:150} INFO - [2024-04-02T09:30:09.073+0000] {dag.py:3504} INFO - Setting next_dagrun for latest_only to 2024-04-02T05:30:09.073549+00:00, run_after=2024-04-02T09:30:09.073549+00:00
[2024-04-02T09:30:09.122+0000] {processor.py:179} INFO - Processing /usr/local/python/3.10.13/lib/python3.10/site-packages/airflow/example_dags/example_latest_only.py took 0.100 seconds
[2024-04-02T09:31:07.752+0000] {processor.py:157} INFO - Started process (PID=27570) to work on /usr/local/python/3.10.13/lib/python3.10/site-packages/airflow/example_dags/example_latest_only.py
[2024-04-02T09:31:07.753+0000] {processor.py:826} INFO - Processing file /usr/local/python/3.10.13/lib/python3.10/site-packages/airflow/example_dags/example_latest_only.py for tasks to queue
[2024-04-02T09:31:07.754+0000] {logging_mixin.py:150} INFO - [2024-04-02T09:31:07.754+0000] {dagbag.py:541} INFO - Filling up the DagBag from /usr/local/python/3.10.13/lib/python3.10/site-packages/airflow/example_dags/example_latest_only.py
[2024-04-02T09:31:07.761+0000] {processor.py:836} INFO - DAG(s) dict_keys(['latest_only']) retrieved from /usr/local/python/3.10.13/lib/python3.10/site-packages/airflow/example_dags/example_latest_only.py
[2024-04-02T09:31:07.780+0000] {logging_mixin.py:150} INFO - [2024-04-02T09:31:07.780+0000] {dag.py:2742} INFO - Sync 1 DAGs
[2024-04-02T09:31:07.805+0000] {logging_mixin.py:150} INFO - [2024-04-02T09:31:07.805+0000] {dag.py:3504} INFO - Setting next_dagrun for latest_only to 2024-04-02T05:31:07.804820+00:00, run_after=2024-04-02T09:31:07.804820+00:00
[2024-04-02T09:31:07.854+0000] {processor.py:179} INFO - Processing /usr/local/python/3.10.13/lib/python3.10/site-packages/airflow/example_dags/example_latest_only.py took 0.105 seconds
[2024-04-02T09:32:06.362+0000] {processor.py:157} INFO - Started process (PID=27972) to work on /usr/local/python/3.10.13/lib/python3.10/site-packages/airflow/example_dags/example_latest_only.py
[2024-04-02T09:32:06.362+0000] {processor.py:826} INFO - Processing file /usr/local/python/3.10.13/lib/python3.10/site-packages/airflow/example_dags/example_latest_only.py for tasks to queue
[2024-04-02T09:32:06.363+0000] {logging_mixin.py:150} INFO - [2024-04-02T09:32:06.363+0000] {dagbag.py:541} INFO - Filling up the DagBag from /usr/local/python/3.10.13/lib/python3.10/site-packages/airflow/example_dags/example_latest_only.py
[2024-04-02T09:32:06.368+0000] {processor.py:836} INFO - DAG(s) dict_keys(['latest_only']) retrieved from /usr/local/python/3.10.13/lib/python3.10/site-packages/airflow/example_dags/example_latest_only.py
[2024-04-02T09:32:06.379+0000] {logging_mixin.py:150} INFO - [2024-04-02T09:32:06.379+0000] {dag.py:2742} INFO - Sync 1 DAGs
[2024-04-02T09:32:06.394+0000] {logging_mixin.py:150} INFO - [2024-04-02T09:32:06.393+0000] {dag.py:3504} INFO - Setting next_dagrun for latest_only to 2024-04-02T05:32:06.393748+00:00, run_after=2024-04-02T09:32:06.393748+00:00
[2024-04-02T09:32:06.435+0000] {processor.py:179} INFO - Processing /usr/local/python/3.10.13/lib/python3.10/site-packages/airflow/example_dags/example_latest_only.py took 0.076 seconds
[2024-04-02T09:33:06.217+0000] {processor.py:157} INFO - Started process (PID=28384) to work on /usr/local/python/3.10.13/lib/python3.10/site-packages/airflow/example_dags/example_latest_only.py
[2024-04-02T09:33:06.217+0000] {processor.py:826} INFO - Processing file /usr/local/python/3.10.13/lib/python3.10/site-packages/airflow/example_dags/example_latest_only.py for tasks to queue
[2024-04-02T09:33:06.218+0000] {logging_mixin.py:150} INFO - [2024-04-02T09:33:06.218+0000] {dagbag.py:541} INFO - Filling up the DagBag from /usr/local/python/3.10.13/lib/python3.10/site-packages/airflow/example_dags/example_latest_only.py
[2024-04-02T09:33:06.223+0000] {processor.py:836} INFO - DAG(s) dict_keys(['latest_only']) retrieved from /usr/local/python/3.10.13/lib/python3.10/site-packages/airflow/example_dags/example_latest_only.py
[2024-04-02T09:33:06.234+0000] {logging_mixin.py:150} INFO - [2024-04-02T09:33:06.234+0000] {dag.py:2742} INFO - Sync 1 DAGs
[2024-04-02T09:33:06.249+0000] {logging_mixin.py:150} INFO - [2024-04-02T09:33:06.249+0000] {dag.py:3504} INFO - Setting next_dagrun for latest_only to 2024-04-02T05:33:06.249067+00:00, run_after=2024-04-02T09:33:06.249067+00:00
[2024-04-02T09:33:06.291+0000] {processor.py:179} INFO - Processing /usr/local/python/3.10.13/lib/python3.10/site-packages/airflow/example_dags/example_latest_only.py took 0.077 seconds
[2024-04-02T09:34:03.569+0000] {processor.py:157} INFO - Started process (PID=28763) to work on /usr/local/python/3.10.13/lib/python3.10/site-packages/airflow/example_dags/example_latest_only.py
[2024-04-02T09:34:03.570+0000] {processor.py:826} INFO - Processing file /usr/local/python/3.10.13/lib/python3.10/site-packages/airflow/example_dags/example_latest_only.py for tasks to queue
[2024-04-02T09:34:03.571+0000] {logging_mixin.py:150} INFO - [2024-04-02T09:34:03.571+0000] {dagbag.py:541} INFO - Filling up the DagBag from /usr/local/python/3.10.13/lib/python3.10/site-packages/airflow/example_dags/example_latest_only.py
[2024-04-02T09:34:03.575+0000] {processor.py:836} INFO - DAG(s) dict_keys(['latest_only']) retrieved from /usr/local/python/3.10.13/lib/python3.10/site-packages/airflow/example_dags/example_latest_only.py
[2024-04-02T09:34:03.586+0000] {logging_mixin.py:150} INFO - [2024-04-02T09:34:03.586+0000] {dag.py:2742} INFO - Sync 1 DAGs
[2024-04-02T09:34:03.604+0000] {logging_mixin.py:150} INFO - [2024-04-02T09:34:03.604+0000] {dag.py:3504} INFO - Setting next_dagrun for latest_only to 2024-04-02T05:34:03.603858+00:00, run_after=2024-04-02T09:34:03.603858+00:00
[2024-04-02T09:34:03.643+0000] {processor.py:179} INFO - Processing /usr/local/python/3.10.13/lib/python3.10/site-packages/airflow/example_dags/example_latest_only.py took 0.076 seconds
[2024-04-02T09:35:00.948+0000] {processor.py:157} INFO - Started process (PID=29188) to work on /usr/local/python/3.10.13/lib/python3.10/site-packages/airflow/example_dags/example_latest_only.py
[2024-04-02T09:35:00.949+0000] {processor.py:826} INFO - Processing file /usr/local/python/3.10.13/lib/python3.10/site-packages/airflow/example_dags/example_latest_only.py for tasks to queue
[2024-04-02T09:35:00.950+0000] {logging_mixin.py:150} INFO - [2024-04-02T09:35:00.950+0000] {dagbag.py:541} INFO - Filling up the DagBag from /usr/local/python/3.10.13/lib/python3.10/site-packages/airflow/example_dags/example_latest_only.py
[2024-04-02T09:35:00.957+0000] {processor.py:836} INFO - DAG(s) dict_keys(['latest_only']) retrieved from /usr/local/python/3.10.13/lib/python3.10/site-packages/airflow/example_dags/example_latest_only.py
[2024-04-02T09:35:00.970+0000] {logging_mixin.py:150} INFO - [2024-04-02T09:35:00.970+0000] {dag.py:2742} INFO - Sync 1 DAGs
[2024-04-02T09:35:00.986+0000] {logging_mixin.py:150} INFO - [2024-04-02T09:35:00.985+0000] {dag.py:3504} INFO - Setting next_dagrun for latest_only to 2024-04-02T05:35:00.985724+00:00, run_after=2024-04-02T09:35:00.985724+00:00
[2024-04-02T09:35:01.026+0000] {processor.py:179} INFO - Processing /usr/local/python/3.10.13/lib/python3.10/site-packages/airflow/example_dags/example_latest_only.py took 0.085 seconds
[2024-04-02T09:35:56.599+0000] {processor.py:157} INFO - Started process (PID=29586) to work on /usr/local/python/3.10.13/lib/python3.10/site-packages/airflow/example_dags/example_latest_only.py
[2024-04-02T09:35:56.605+0000] {processor.py:826} INFO - Processing file /usr/local/python/3.10.13/lib/python3.10/site-packages/airflow/example_dags/example_latest_only.py for tasks to queue
[2024-04-02T09:35:56.606+0000] {logging_mixin.py:150} INFO - [2024-04-02T09:35:56.605+0000] {dagbag.py:541} INFO - Filling up the DagBag from /usr/local/python/3.10.13/lib/python3.10/site-packages/airflow/example_dags/example_latest_only.py
[2024-04-02T09:35:56.618+0000] {processor.py:836} INFO - DAG(s) dict_keys(['latest_only']) retrieved from /usr/local/python/3.10.13/lib/python3.10/site-packages/airflow/example_dags/example_latest_only.py
[2024-04-02T09:35:56.630+0000] {logging_mixin.py:150} INFO - [2024-04-02T09:35:56.630+0000] {dag.py:2742} INFO - Sync 1 DAGs
[2024-04-02T09:35:56.646+0000] {logging_mixin.py:150} INFO - [2024-04-02T09:35:56.646+0000] {dag.py:3504} INFO - Setting next_dagrun for latest_only to 2024-04-02T05:35:56.646299+00:00, run_after=2024-04-02T09:35:56.646299+00:00
[2024-04-02T09:35:56.686+0000] {processor.py:179} INFO - Processing /usr/local/python/3.10.13/lib/python3.10/site-packages/airflow/example_dags/example_latest_only.py took 0.090 seconds
[2024-04-02T09:36:50.251+0000] {processor.py:157} INFO - Started process (PID=29941) to work on /usr/local/python/3.10.13/lib/python3.10/site-packages/airflow/example_dags/example_latest_only.py
[2024-04-02T09:36:50.251+0000] {processor.py:826} INFO - Processing file /usr/local/python/3.10.13/lib/python3.10/site-packages/airflow/example_dags/example_latest_only.py for tasks to queue
[2024-04-02T09:36:50.252+0000] {logging_mixin.py:150} INFO - [2024-04-02T09:36:50.252+0000] {dagbag.py:541} INFO - Filling up the DagBag from /usr/local/python/3.10.13/lib/python3.10/site-packages/airflow/example_dags/example_latest_only.py
[2024-04-02T09:36:50.257+0000] {processor.py:836} INFO - DAG(s) dict_keys(['latest_only']) retrieved from /usr/local/python/3.10.13/lib/python3.10/site-packages/airflow/example_dags/example_latest_only.py
[2024-04-02T09:36:50.269+0000] {logging_mixin.py:150} INFO - [2024-04-02T09:36:50.269+0000] {dag.py:2742} INFO - Sync 1 DAGs
[2024-04-02T09:36:50.285+0000] {logging_mixin.py:150} INFO - [2024-04-02T09:36:50.285+0000] {dag.py:3504} INFO - Setting next_dagrun for latest_only to 2024-04-02T05:36:50.285312+00:00, run_after=2024-04-02T09:36:50.285312+00:00
[2024-04-02T09:36:50.326+0000] {processor.py:179} INFO - Processing /usr/local/python/3.10.13/lib/python3.10/site-packages/airflow/example_dags/example_latest_only.py took 0.078 seconds
[2024-04-02T09:37:46.446+0000] {processor.py:157} INFO - Started process (PID=30322) to work on /usr/local/python/3.10.13/lib/python3.10/site-packages/airflow/example_dags/example_latest_only.py
[2024-04-02T09:37:46.446+0000] {processor.py:826} INFO - Processing file /usr/local/python/3.10.13/lib/python3.10/site-packages/airflow/example_dags/example_latest_only.py for tasks to queue
[2024-04-02T09:37:46.447+0000] {logging_mixin.py:150} INFO - [2024-04-02T09:37:46.447+0000] {dagbag.py:541} INFO - Filling up the DagBag from /usr/local/python/3.10.13/lib/python3.10/site-packages/airflow/example_dags/example_latest_only.py
[2024-04-02T09:37:46.452+0000] {processor.py:836} INFO - DAG(s) dict_keys(['latest_only']) retrieved from /usr/local/python/3.10.13/lib/python3.10/site-packages/airflow/example_dags/example_latest_only.py
[2024-04-02T09:37:46.463+0000] {logging_mixin.py:150} INFO - [2024-04-02T09:37:46.463+0000] {dag.py:2742} INFO - Sync 1 DAGs
[2024-04-02T09:37:46.481+0000] {logging_mixin.py:150} INFO - [2024-04-02T09:37:46.480+0000] {dag.py:3504} INFO - Setting next_dagrun for latest_only to 2024-04-02T05:37:46.480532+00:00, run_after=2024-04-02T09:37:46.480532+00:00
[2024-04-02T09:37:46.519+0000] {processor.py:179} INFO - Processing /usr/local/python/3.10.13/lib/python3.10/site-packages/airflow/example_dags/example_latest_only.py took 0.076 seconds
[2024-04-02T09:38:43.227+0000] {processor.py:157} INFO - Started process (PID=30709) to work on /usr/local/python/3.10.13/lib/python3.10/site-packages/airflow/example_dags/example_latest_only.py
[2024-04-02T09:38:43.227+0000] {processor.py:826} INFO - Processing file /usr/local/python/3.10.13/lib/python3.10/site-packages/airflow/example_dags/example_latest_only.py for tasks to queue
[2024-04-02T09:38:43.228+0000] {logging_mixin.py:150} INFO - [2024-04-02T09:38:43.228+0000] {dagbag.py:541} INFO - Filling up the DagBag from /usr/local/python/3.10.13/lib/python3.10/site-packages/airflow/example_dags/example_latest_only.py
[2024-04-02T09:38:43.235+0000] {processor.py:836} INFO - DAG(s) dict_keys(['latest_only']) retrieved from /usr/local/python/3.10.13/lib/python3.10/site-packages/airflow/example_dags/example_latest_only.py
[2024-04-02T09:38:43.268+0000] {logging_mixin.py:150} INFO - [2024-04-02T09:38:43.268+0000] {dag.py:2742} INFO - Sync 1 DAGs
[2024-04-02T09:38:43.294+0000] {logging_mixin.py:150} INFO - [2024-04-02T09:38:43.294+0000] {dag.py:3504} INFO - Setting next_dagrun for latest_only to 2024-04-02T05:38:43.294334+00:00, run_after=2024-04-02T09:38:43.294334+00:00
[2024-04-02T09:38:43.365+0000] {processor.py:179} INFO - Processing /usr/local/python/3.10.13/lib/python3.10/site-packages/airflow/example_dags/example_latest_only.py took 0.141 seconds
[2024-04-02T09:39:39.773+0000] {processor.py:157} INFO - Started process (PID=31140) to work on /usr/local/python/3.10.13/lib/python3.10/site-packages/airflow/example_dags/example_latest_only.py
[2024-04-02T09:39:39.773+0000] {processor.py:826} INFO - Processing file /usr/local/python/3.10.13/lib/python3.10/site-packages/airflow/example_dags/example_latest_only.py for tasks to queue
[2024-04-02T09:39:39.774+0000] {logging_mixin.py:150} INFO - [2024-04-02T09:39:39.774+0000] {dagbag.py:541} INFO - Filling up the DagBag from /usr/local/python/3.10.13/lib/python3.10/site-packages/airflow/example_dags/example_latest_only.py
[2024-04-02T09:39:39.779+0000] {processor.py:836} INFO - DAG(s) dict_keys(['latest_only']) retrieved from /usr/local/python/3.10.13/lib/python3.10/site-packages/airflow/example_dags/example_latest_only.py
[2024-04-02T09:39:39.791+0000] {logging_mixin.py:150} INFO - [2024-04-02T09:39:39.791+0000] {dag.py:2742} INFO - Sync 1 DAGs
[2024-04-02T09:39:39.806+0000] {logging_mixin.py:150} INFO - [2024-04-02T09:39:39.806+0000] {dag.py:3504} INFO - Setting next_dagrun for latest_only to 2024-04-02T05:39:39.806492+00:00, run_after=2024-04-02T09:39:39.806492+00:00
[2024-04-02T09:39:39.852+0000] {processor.py:179} INFO - Processing /usr/local/python/3.10.13/lib/python3.10/site-packages/airflow/example_dags/example_latest_only.py took 0.081 seconds
[2024-04-02T09:40:37.335+0000] {processor.py:157} INFO - Started process (PID=31539) to work on /usr/local/python/3.10.13/lib/python3.10/site-packages/airflow/example_dags/example_latest_only.py
[2024-04-02T09:40:37.336+0000] {processor.py:826} INFO - Processing file /usr/local/python/3.10.13/lib/python3.10/site-packages/airflow/example_dags/example_latest_only.py for tasks to queue
[2024-04-02T09:40:37.336+0000] {logging_mixin.py:150} INFO - [2024-04-02T09:40:37.336+0000] {dagbag.py:541} INFO - Filling up the DagBag from /usr/local/python/3.10.13/lib/python3.10/site-packages/airflow/example_dags/example_latest_only.py
[2024-04-02T09:40:37.341+0000] {processor.py:836} INFO - DAG(s) dict_keys(['latest_only']) retrieved from /usr/local/python/3.10.13/lib/python3.10/site-packages/airflow/example_dags/example_latest_only.py
[2024-04-02T09:40:37.353+0000] {logging_mixin.py:150} INFO - [2024-04-02T09:40:37.353+0000] {dag.py:2742} INFO - Sync 1 DAGs
[2024-04-02T09:40:37.368+0000] {logging_mixin.py:150} INFO - [2024-04-02T09:40:37.368+0000] {dag.py:3504} INFO - Setting next_dagrun for latest_only to 2024-04-02T05:40:37.367957+00:00, run_after=2024-04-02T09:40:37.367957+00:00
[2024-04-02T09:40:37.406+0000] {processor.py:179} INFO - Processing /usr/local/python/3.10.13/lib/python3.10/site-packages/airflow/example_dags/example_latest_only.py took 0.073 seconds
[2024-04-02T09:41:34.813+0000] {processor.py:157} INFO - Started process (PID=31937) to work on /usr/local/python/3.10.13/lib/python3.10/site-packages/airflow/example_dags/example_latest_only.py
[2024-04-02T09:41:34.814+0000] {processor.py:826} INFO - Processing file /usr/local/python/3.10.13/lib/python3.10/site-packages/airflow/example_dags/example_latest_only.py for tasks to queue
[2024-04-02T09:41:34.815+0000] {logging_mixin.py:150} INFO - [2024-04-02T09:41:34.815+0000] {dagbag.py:541} INFO - Filling up the DagBag from /usr/local/python/3.10.13/lib/python3.10/site-packages/airflow/example_dags/example_latest_only.py
[2024-04-02T09:41:34.820+0000] {processor.py:836} INFO - DAG(s) dict_keys(['latest_only']) retrieved from /usr/local/python/3.10.13/lib/python3.10/site-packages/airflow/example_dags/example_latest_only.py
[2024-04-02T09:41:34.831+0000] {logging_mixin.py:150} INFO - [2024-04-02T09:41:34.831+0000] {dag.py:2742} INFO - Sync 1 DAGs
[2024-04-02T09:41:34.861+0000] {logging_mixin.py:150} INFO - [2024-04-02T09:41:34.860+0000] {dag.py:3504} INFO - Setting next_dagrun for latest_only to 2024-04-02T05:41:34.860442+00:00, run_after=2024-04-02T09:41:34.860442+00:00
[2024-04-02T09:41:34.913+0000] {processor.py:179} INFO - Processing /usr/local/python/3.10.13/lib/python3.10/site-packages/airflow/example_dags/example_latest_only.py took 0.102 seconds
[2024-04-02T09:42:30.269+0000] {processor.py:157} INFO - Started process (PID=32310) to work on /usr/local/python/3.10.13/lib/python3.10/site-packages/airflow/example_dags/example_latest_only.py
[2024-04-02T09:42:30.270+0000] {processor.py:826} INFO - Processing file /usr/local/python/3.10.13/lib/python3.10/site-packages/airflow/example_dags/example_latest_only.py for tasks to queue
[2024-04-02T09:42:30.271+0000] {logging_mixin.py:150} INFO - [2024-04-02T09:42:30.271+0000] {dagbag.py:541} INFO - Filling up the DagBag from /usr/local/python/3.10.13/lib/python3.10/site-packages/airflow/example_dags/example_latest_only.py
[2024-04-02T09:42:30.276+0000] {processor.py:836} INFO - DAG(s) dict_keys(['latest_only']) retrieved from /usr/local/python/3.10.13/lib/python3.10/site-packages/airflow/example_dags/example_latest_only.py
[2024-04-02T09:42:30.287+0000] {logging_mixin.py:150} INFO - [2024-04-02T09:42:30.287+0000] {dag.py:2742} INFO - Sync 1 DAGs
[2024-04-02T09:42:30.303+0000] {logging_mixin.py:150} INFO - [2024-04-02T09:42:30.303+0000] {dag.py:3504} INFO - Setting next_dagrun for latest_only to 2024-04-02T05:42:30.303183+00:00, run_after=2024-04-02T09:42:30.303183+00:00
[2024-04-02T09:42:30.345+0000] {processor.py:179} INFO - Processing /usr/local/python/3.10.13/lib/python3.10/site-packages/airflow/example_dags/example_latest_only.py took 0.078 seconds
[2024-04-02T09:43:31.577+0000] {processor.py:157} INFO - Started process (PID=32729) to work on /usr/local/python/3.10.13/lib/python3.10/site-packages/airflow/example_dags/example_latest_only.py
[2024-04-02T09:43:31.578+0000] {processor.py:826} INFO - Processing file /usr/local/python/3.10.13/lib/python3.10/site-packages/airflow/example_dags/example_latest_only.py for tasks to queue
[2024-04-02T09:43:31.579+0000] {logging_mixin.py:150} INFO - [2024-04-02T09:43:31.578+0000] {dagbag.py:541} INFO - Filling up the DagBag from /usr/local/python/3.10.13/lib/python3.10/site-packages/airflow/example_dags/example_latest_only.py
[2024-04-02T09:43:31.583+0000] {processor.py:836} INFO - DAG(s) dict_keys(['latest_only']) retrieved from /usr/local/python/3.10.13/lib/python3.10/site-packages/airflow/example_dags/example_latest_only.py
[2024-04-02T09:43:31.595+0000] {logging_mixin.py:150} INFO - [2024-04-02T09:43:31.595+0000] {dag.py:2742} INFO - Sync 1 DAGs
[2024-04-02T09:43:31.611+0000] {logging_mixin.py:150} INFO - [2024-04-02T09:43:31.611+0000] {dag.py:3504} INFO - Setting next_dagrun for latest_only to 2024-04-02T05:43:31.610923+00:00, run_after=2024-04-02T09:43:31.610923+00:00
[2024-04-02T09:43:31.652+0000] {processor.py:179} INFO - Processing /usr/local/python/3.10.13/lib/python3.10/site-packages/airflow/example_dags/example_latest_only.py took 0.077 seconds
