[2024-04-02T08:57:16.725+0000] {processor.py:157} INFO - Started process (PID=11642) to work on /usr/local/python/3.10.13/lib/python3.10/site-packages/airflow/example_dags/example_dag_decorator.py
[2024-04-02T08:57:16.726+0000] {processor.py:826} INFO - Processing file /usr/local/python/3.10.13/lib/python3.10/site-packages/airflow/example_dags/example_dag_decorator.py for tasks to queue
[2024-04-02T08:57:16.727+0000] {logging_mixin.py:150} INFO - [2024-04-02T08:57:16.726+0000] {dagbag.py:541} INFO - Filling up the DagBag from /usr/local/python/3.10.13/lib/python3.10/site-packages/airflow/example_dags/example_dag_decorator.py
[2024-04-02T08:57:16.739+0000] {processor.py:836} INFO - DAG(s) dict_keys(['example_dag_decorator']) retrieved from /usr/local/python/3.10.13/lib/python3.10/site-packages/airflow/example_dags/example_dag_decorator.py
[2024-04-02T08:57:16.873+0000] {logging_mixin.py:150} INFO - [2024-04-02T08:57:16.872+0000] {dag.py:2742} INFO - Sync 1 DAGs
[2024-04-02T08:57:16.891+0000] {logging_mixin.py:150} INFO - [2024-04-02T08:57:16.891+0000] {dag.py:3504} INFO - Setting next_dagrun for example_dag_decorator to None, run_after=None
[2024-04-02T08:57:16.943+0000] {processor.py:179} INFO - Processing /usr/local/python/3.10.13/lib/python3.10/site-packages/airflow/example_dags/example_dag_decorator.py took 0.221 seconds
[2024-04-02T08:58:23.045+0000] {processor.py:157} INFO - Started process (PID=12621) to work on /usr/local/python/3.10.13/lib/python3.10/site-packages/airflow/example_dags/example_dag_decorator.py
[2024-04-02T08:58:23.046+0000] {processor.py:826} INFO - Processing file /usr/local/python/3.10.13/lib/python3.10/site-packages/airflow/example_dags/example_dag_decorator.py for tasks to queue
[2024-04-02T08:58:23.047+0000] {logging_mixin.py:150} INFO - [2024-04-02T08:58:23.047+0000] {dagbag.py:541} INFO - Filling up the DagBag from /usr/local/python/3.10.13/lib/python3.10/site-packages/airflow/example_dags/example_dag_decorator.py
[2024-04-02T08:58:23.061+0000] {processor.py:836} INFO - DAG(s) dict_keys(['example_dag_decorator']) retrieved from /usr/local/python/3.10.13/lib/python3.10/site-packages/airflow/example_dags/example_dag_decorator.py
[2024-04-02T08:58:23.204+0000] {logging_mixin.py:150} INFO - [2024-04-02T08:58:23.204+0000] {dag.py:2742} INFO - Sync 1 DAGs
[2024-04-02T08:58:23.231+0000] {logging_mixin.py:150} INFO - [2024-04-02T08:58:23.231+0000] {dag.py:3504} INFO - Setting next_dagrun for example_dag_decorator to None, run_after=None
[2024-04-02T08:58:23.279+0000] {processor.py:179} INFO - Processing /usr/local/python/3.10.13/lib/python3.10/site-packages/airflow/example_dags/example_dag_decorator.py took 0.237 seconds
[2024-04-02T09:00:18.411+0000] {processor.py:157} INFO - Started process (PID=14263) to work on /usr/local/python/3.10.13/lib/python3.10/site-packages/airflow/example_dags/example_dag_decorator.py
[2024-04-02T09:00:18.411+0000] {processor.py:826} INFO - Processing file /usr/local/python/3.10.13/lib/python3.10/site-packages/airflow/example_dags/example_dag_decorator.py for tasks to queue
[2024-04-02T09:00:18.412+0000] {logging_mixin.py:150} INFO - [2024-04-02T09:00:18.412+0000] {dagbag.py:541} INFO - Filling up the DagBag from /usr/local/python/3.10.13/lib/python3.10/site-packages/airflow/example_dags/example_dag_decorator.py
[2024-04-02T09:00:18.421+0000] {processor.py:836} INFO - DAG(s) dict_keys(['example_dag_decorator']) retrieved from /usr/local/python/3.10.13/lib/python3.10/site-packages/airflow/example_dags/example_dag_decorator.py
[2024-04-02T09:00:18.504+0000] {logging_mixin.py:150} INFO - [2024-04-02T09:00:18.504+0000] {dag.py:2742} INFO - Sync 1 DAGs
[2024-04-02T09:00:18.518+0000] {logging_mixin.py:150} INFO - [2024-04-02T09:00:18.518+0000] {dag.py:3504} INFO - Setting next_dagrun for example_dag_decorator to None, run_after=None
[2024-04-02T09:00:18.557+0000] {processor.py:179} INFO - Processing /usr/local/python/3.10.13/lib/python3.10/site-packages/airflow/example_dags/example_dag_decorator.py took 0.149 seconds
[2024-04-02T09:01:05.800+0000] {processor.py:157} INFO - Started process (PID=14617) to work on /usr/local/python/3.10.13/lib/python3.10/site-packages/airflow/example_dags/example_dag_decorator.py
[2024-04-02T09:01:05.801+0000] {processor.py:826} INFO - Processing file /usr/local/python/3.10.13/lib/python3.10/site-packages/airflow/example_dags/example_dag_decorator.py for tasks to queue
[2024-04-02T09:01:05.803+0000] {logging_mixin.py:150} INFO - [2024-04-02T09:01:05.802+0000] {dagbag.py:541} INFO - Filling up the DagBag from /usr/local/python/3.10.13/lib/python3.10/site-packages/airflow/example_dags/example_dag_decorator.py
[2024-04-02T09:01:05.816+0000] {processor.py:836} INFO - DAG(s) dict_keys(['example_dag_decorator']) retrieved from /usr/local/python/3.10.13/lib/python3.10/site-packages/airflow/example_dags/example_dag_decorator.py
[2024-04-02T09:01:05.958+0000] {logging_mixin.py:150} INFO - [2024-04-02T09:01:05.958+0000] {dag.py:2742} INFO - Sync 1 DAGs
[2024-04-02T09:01:05.985+0000] {logging_mixin.py:150} INFO - [2024-04-02T09:01:05.985+0000] {dag.py:3504} INFO - Setting next_dagrun for example_dag_decorator to None, run_after=None
[2024-04-02T09:01:06.030+0000] {processor.py:179} INFO - Processing /usr/local/python/3.10.13/lib/python3.10/site-packages/airflow/example_dags/example_dag_decorator.py took 0.233 seconds
[2024-04-02T09:02:04.319+0000] {processor.py:157} INFO - Started process (PID=15088) to work on /usr/local/python/3.10.13/lib/python3.10/site-packages/airflow/example_dags/example_dag_decorator.py
[2024-04-02T09:02:04.320+0000] {processor.py:826} INFO - Processing file /usr/local/python/3.10.13/lib/python3.10/site-packages/airflow/example_dags/example_dag_decorator.py for tasks to queue
[2024-04-02T09:02:04.321+0000] {logging_mixin.py:150} INFO - [2024-04-02T09:02:04.320+0000] {dagbag.py:541} INFO - Filling up the DagBag from /usr/local/python/3.10.13/lib/python3.10/site-packages/airflow/example_dags/example_dag_decorator.py
[2024-04-02T09:02:04.330+0000] {processor.py:836} INFO - DAG(s) dict_keys(['example_dag_decorator']) retrieved from /usr/local/python/3.10.13/lib/python3.10/site-packages/airflow/example_dags/example_dag_decorator.py
[2024-04-02T09:02:04.414+0000] {logging_mixin.py:150} INFO - [2024-04-02T09:02:04.414+0000] {dag.py:2742} INFO - Sync 1 DAGs
[2024-04-02T09:02:04.431+0000] {logging_mixin.py:150} INFO - [2024-04-02T09:02:04.431+0000] {dag.py:3504} INFO - Setting next_dagrun for example_dag_decorator to None, run_after=None
[2024-04-02T09:02:04.476+0000] {processor.py:179} INFO - Processing /usr/local/python/3.10.13/lib/python3.10/site-packages/airflow/example_dags/example_dag_decorator.py took 0.159 seconds
[2024-04-02T09:03:02.713+0000] {processor.py:157} INFO - Started process (PID=15483) to work on /usr/local/python/3.10.13/lib/python3.10/site-packages/airflow/example_dags/example_dag_decorator.py
[2024-04-02T09:03:02.714+0000] {processor.py:826} INFO - Processing file /usr/local/python/3.10.13/lib/python3.10/site-packages/airflow/example_dags/example_dag_decorator.py for tasks to queue
[2024-04-02T09:03:02.715+0000] {logging_mixin.py:150} INFO - [2024-04-02T09:03:02.714+0000] {dagbag.py:541} INFO - Filling up the DagBag from /usr/local/python/3.10.13/lib/python3.10/site-packages/airflow/example_dags/example_dag_decorator.py
[2024-04-02T09:03:02.724+0000] {processor.py:836} INFO - DAG(s) dict_keys(['example_dag_decorator']) retrieved from /usr/local/python/3.10.13/lib/python3.10/site-packages/airflow/example_dags/example_dag_decorator.py
[2024-04-02T09:03:02.807+0000] {logging_mixin.py:150} INFO - [2024-04-02T09:03:02.807+0000] {dag.py:2742} INFO - Sync 1 DAGs
[2024-04-02T09:03:02.820+0000] {logging_mixin.py:150} INFO - [2024-04-02T09:03:02.820+0000] {dag.py:3504} INFO - Setting next_dagrun for example_dag_decorator to None, run_after=None
[2024-04-02T09:03:02.859+0000] {processor.py:179} INFO - Processing /usr/local/python/3.10.13/lib/python3.10/site-packages/airflow/example_dags/example_dag_decorator.py took 0.148 seconds
[2024-04-02T09:04:00.869+0000] {processor.py:157} INFO - Started process (PID=15886) to work on /usr/local/python/3.10.13/lib/python3.10/site-packages/airflow/example_dags/example_dag_decorator.py
[2024-04-02T09:04:00.871+0000] {processor.py:826} INFO - Processing file /usr/local/python/3.10.13/lib/python3.10/site-packages/airflow/example_dags/example_dag_decorator.py for tasks to queue
[2024-04-02T09:04:00.872+0000] {logging_mixin.py:150} INFO - [2024-04-02T09:04:00.872+0000] {dagbag.py:541} INFO - Filling up the DagBag from /usr/local/python/3.10.13/lib/python3.10/site-packages/airflow/example_dags/example_dag_decorator.py
[2024-04-02T09:04:00.886+0000] {processor.py:836} INFO - DAG(s) dict_keys(['example_dag_decorator']) retrieved from /usr/local/python/3.10.13/lib/python3.10/site-packages/airflow/example_dags/example_dag_decorator.py
[2024-04-02T09:04:01.006+0000] {logging_mixin.py:150} INFO - [2024-04-02T09:04:01.006+0000] {dag.py:2742} INFO - Sync 1 DAGs
[2024-04-02T09:04:01.028+0000] {logging_mixin.py:150} INFO - [2024-04-02T09:04:01.028+0000] {dag.py:3504} INFO - Setting next_dagrun for example_dag_decorator to None, run_after=None
[2024-04-02T09:04:01.080+0000] {processor.py:179} INFO - Processing /usr/local/python/3.10.13/lib/python3.10/site-packages/airflow/example_dags/example_dag_decorator.py took 0.214 seconds
[2024-04-02T09:04:53.217+0000] {processor.py:157} INFO - Started process (PID=16260) to work on /usr/local/python/3.10.13/lib/python3.10/site-packages/airflow/example_dags/example_dag_decorator.py
[2024-04-02T09:04:53.219+0000] {processor.py:826} INFO - Processing file /usr/local/python/3.10.13/lib/python3.10/site-packages/airflow/example_dags/example_dag_decorator.py for tasks to queue
[2024-04-02T09:04:53.220+0000] {logging_mixin.py:150} INFO - [2024-04-02T09:04:53.220+0000] {dagbag.py:541} INFO - Filling up the DagBag from /usr/local/python/3.10.13/lib/python3.10/site-packages/airflow/example_dags/example_dag_decorator.py
[2024-04-02T09:04:53.234+0000] {processor.py:836} INFO - DAG(s) dict_keys(['example_dag_decorator']) retrieved from /usr/local/python/3.10.13/lib/python3.10/site-packages/airflow/example_dags/example_dag_decorator.py
[2024-04-02T09:04:53.453+0000] {logging_mixin.py:150} INFO - [2024-04-02T09:04:53.453+0000] {dag.py:2742} INFO - Sync 1 DAGs
[2024-04-02T09:04:53.476+0000] {logging_mixin.py:150} INFO - [2024-04-02T09:04:53.476+0000] {dag.py:3504} INFO - Setting next_dagrun for example_dag_decorator to None, run_after=None
[2024-04-02T09:04:53.526+0000] {processor.py:179} INFO - Processing /usr/local/python/3.10.13/lib/python3.10/site-packages/airflow/example_dags/example_dag_decorator.py took 0.312 seconds
[2024-04-02T09:05:52.074+0000] {processor.py:157} INFO - Started process (PID=16667) to work on /usr/local/python/3.10.13/lib/python3.10/site-packages/airflow/example_dags/example_dag_decorator.py
[2024-04-02T09:05:52.075+0000] {processor.py:826} INFO - Processing file /usr/local/python/3.10.13/lib/python3.10/site-packages/airflow/example_dags/example_dag_decorator.py for tasks to queue
[2024-04-02T09:05:52.076+0000] {logging_mixin.py:150} INFO - [2024-04-02T09:05:52.076+0000] {dagbag.py:541} INFO - Filling up the DagBag from /usr/local/python/3.10.13/lib/python3.10/site-packages/airflow/example_dags/example_dag_decorator.py
[2024-04-02T09:05:52.090+0000] {processor.py:836} INFO - DAG(s) dict_keys(['example_dag_decorator']) retrieved from /usr/local/python/3.10.13/lib/python3.10/site-packages/airflow/example_dags/example_dag_decorator.py
[2024-04-02T09:05:52.222+0000] {logging_mixin.py:150} INFO - [2024-04-02T09:05:52.222+0000] {dag.py:2742} INFO - Sync 1 DAGs
[2024-04-02T09:05:52.242+0000] {logging_mixin.py:150} INFO - [2024-04-02T09:05:52.242+0000] {dag.py:3504} INFO - Setting next_dagrun for example_dag_decorator to None, run_after=None
[2024-04-02T09:05:52.301+0000] {processor.py:179} INFO - Processing /usr/local/python/3.10.13/lib/python3.10/site-packages/airflow/example_dags/example_dag_decorator.py took 0.231 seconds
[2024-04-02T09:06:54.016+0000] {processor.py:157} INFO - Started process (PID=17522) to work on /usr/local/python/3.10.13/lib/python3.10/site-packages/airflow/example_dags/example_dag_decorator.py
[2024-04-02T09:06:54.017+0000] {processor.py:826} INFO - Processing file /usr/local/python/3.10.13/lib/python3.10/site-packages/airflow/example_dags/example_dag_decorator.py for tasks to queue
[2024-04-02T09:06:54.018+0000] {logging_mixin.py:150} INFO - [2024-04-02T09:06:54.017+0000] {dagbag.py:541} INFO - Filling up the DagBag from /usr/local/python/3.10.13/lib/python3.10/site-packages/airflow/example_dags/example_dag_decorator.py
[2024-04-02T09:06:54.027+0000] {processor.py:836} INFO - DAG(s) dict_keys(['example_dag_decorator']) retrieved from /usr/local/python/3.10.13/lib/python3.10/site-packages/airflow/example_dags/example_dag_decorator.py
[2024-04-02T09:06:54.111+0000] {logging_mixin.py:150} INFO - [2024-04-02T09:06:54.111+0000] {dag.py:2742} INFO - Sync 1 DAGs
[2024-04-02T09:06:54.126+0000] {logging_mixin.py:150} INFO - [2024-04-02T09:06:54.126+0000] {dag.py:3504} INFO - Setting next_dagrun for example_dag_decorator to None, run_after=None
[2024-04-02T09:06:54.169+0000] {processor.py:179} INFO - Processing /usr/local/python/3.10.13/lib/python3.10/site-packages/airflow/example_dags/example_dag_decorator.py took 0.155 seconds
[2024-04-02T09:07:54.289+0000] {processor.py:157} INFO - Started process (PID=17933) to work on /usr/local/python/3.10.13/lib/python3.10/site-packages/airflow/example_dags/example_dag_decorator.py
[2024-04-02T09:07:54.289+0000] {processor.py:826} INFO - Processing file /usr/local/python/3.10.13/lib/python3.10/site-packages/airflow/example_dags/example_dag_decorator.py for tasks to queue
[2024-04-02T09:07:54.290+0000] {logging_mixin.py:150} INFO - [2024-04-02T09:07:54.290+0000] {dagbag.py:541} INFO - Filling up the DagBag from /usr/local/python/3.10.13/lib/python3.10/site-packages/airflow/example_dags/example_dag_decorator.py
[2024-04-02T09:07:54.299+0000] {processor.py:836} INFO - DAG(s) dict_keys(['example_dag_decorator']) retrieved from /usr/local/python/3.10.13/lib/python3.10/site-packages/airflow/example_dags/example_dag_decorator.py
[2024-04-02T09:07:54.421+0000] {logging_mixin.py:150} INFO - [2024-04-02T09:07:54.421+0000] {dag.py:2742} INFO - Sync 1 DAGs
[2024-04-02T09:07:54.439+0000] {logging_mixin.py:150} INFO - [2024-04-02T09:07:54.439+0000] {dag.py:3504} INFO - Setting next_dagrun for example_dag_decorator to None, run_after=None
[2024-04-02T09:07:54.482+0000] {processor.py:179} INFO - Processing /usr/local/python/3.10.13/lib/python3.10/site-packages/airflow/example_dags/example_dag_decorator.py took 0.195 seconds
[2024-04-02T09:08:48.810+0000] {processor.py:157} INFO - Started process (PID=18297) to work on /usr/local/python/3.10.13/lib/python3.10/site-packages/airflow/example_dags/example_dag_decorator.py
[2024-04-02T09:08:48.811+0000] {processor.py:826} INFO - Processing file /usr/local/python/3.10.13/lib/python3.10/site-packages/airflow/example_dags/example_dag_decorator.py for tasks to queue
[2024-04-02T09:08:48.812+0000] {logging_mixin.py:150} INFO - [2024-04-02T09:08:48.812+0000] {dagbag.py:541} INFO - Filling up the DagBag from /usr/local/python/3.10.13/lib/python3.10/site-packages/airflow/example_dags/example_dag_decorator.py
[2024-04-02T09:08:48.827+0000] {processor.py:836} INFO - DAG(s) dict_keys(['example_dag_decorator']) retrieved from /usr/local/python/3.10.13/lib/python3.10/site-packages/airflow/example_dags/example_dag_decorator.py
[2024-04-02T09:08:48.974+0000] {logging_mixin.py:150} INFO - [2024-04-02T09:08:48.974+0000] {dag.py:2742} INFO - Sync 1 DAGs
[2024-04-02T09:08:48.999+0000] {logging_mixin.py:150} INFO - [2024-04-02T09:08:48.999+0000] {dag.py:3504} INFO - Setting next_dagrun for example_dag_decorator to None, run_after=None
[2024-04-02T09:08:49.087+0000] {processor.py:179} INFO - Processing /usr/local/python/3.10.13/lib/python3.10/site-packages/airflow/example_dags/example_dag_decorator.py took 0.281 seconds
[2024-04-02T09:09:45.964+0000] {processor.py:157} INFO - Started process (PID=18728) to work on /usr/local/python/3.10.13/lib/python3.10/site-packages/airflow/example_dags/example_dag_decorator.py
[2024-04-02T09:09:45.964+0000] {processor.py:826} INFO - Processing file /usr/local/python/3.10.13/lib/python3.10/site-packages/airflow/example_dags/example_dag_decorator.py for tasks to queue
[2024-04-02T09:09:45.965+0000] {logging_mixin.py:150} INFO - [2024-04-02T09:09:45.965+0000] {dagbag.py:541} INFO - Filling up the DagBag from /usr/local/python/3.10.13/lib/python3.10/site-packages/airflow/example_dags/example_dag_decorator.py
[2024-04-02T09:09:45.978+0000] {processor.py:836} INFO - DAG(s) dict_keys(['example_dag_decorator']) retrieved from /usr/local/python/3.10.13/lib/python3.10/site-packages/airflow/example_dags/example_dag_decorator.py
[2024-04-02T09:09:46.114+0000] {logging_mixin.py:150} INFO - [2024-04-02T09:09:46.114+0000] {dag.py:2742} INFO - Sync 1 DAGs
[2024-04-02T09:09:46.136+0000] {logging_mixin.py:150} INFO - [2024-04-02T09:09:46.136+0000] {dag.py:3504} INFO - Setting next_dagrun for example_dag_decorator to None, run_after=None
[2024-04-02T09:09:46.183+0000] {processor.py:179} INFO - Processing /usr/local/python/3.10.13/lib/python3.10/site-packages/airflow/example_dags/example_dag_decorator.py took 0.223 seconds
[2024-04-02T09:10:45.062+0000] {processor.py:157} INFO - Started process (PID=19129) to work on /usr/local/python/3.10.13/lib/python3.10/site-packages/airflow/example_dags/example_dag_decorator.py
[2024-04-02T09:10:45.063+0000] {processor.py:826} INFO - Processing file /usr/local/python/3.10.13/lib/python3.10/site-packages/airflow/example_dags/example_dag_decorator.py for tasks to queue
[2024-04-02T09:10:45.064+0000] {logging_mixin.py:150} INFO - [2024-04-02T09:10:45.063+0000] {dagbag.py:541} INFO - Filling up the DagBag from /usr/local/python/3.10.13/lib/python3.10/site-packages/airflow/example_dags/example_dag_decorator.py
[2024-04-02T09:10:45.077+0000] {processor.py:836} INFO - DAG(s) dict_keys(['example_dag_decorator']) retrieved from /usr/local/python/3.10.13/lib/python3.10/site-packages/airflow/example_dags/example_dag_decorator.py
[2024-04-02T09:10:45.209+0000] {logging_mixin.py:150} INFO - [2024-04-02T09:10:45.209+0000] {dag.py:2742} INFO - Sync 1 DAGs
[2024-04-02T09:10:45.232+0000] {logging_mixin.py:150} INFO - [2024-04-02T09:10:45.232+0000] {dag.py:3504} INFO - Setting next_dagrun for example_dag_decorator to None, run_after=None
[2024-04-02T09:10:45.282+0000] {processor.py:179} INFO - Processing /usr/local/python/3.10.13/lib/python3.10/site-packages/airflow/example_dags/example_dag_decorator.py took 0.224 seconds
[2024-04-02T09:11:44.389+0000] {processor.py:157} INFO - Started process (PID=19515) to work on /usr/local/python/3.10.13/lib/python3.10/site-packages/airflow/example_dags/example_dag_decorator.py
[2024-04-02T09:11:44.390+0000] {processor.py:826} INFO - Processing file /usr/local/python/3.10.13/lib/python3.10/site-packages/airflow/example_dags/example_dag_decorator.py for tasks to queue
[2024-04-02T09:11:44.390+0000] {logging_mixin.py:150} INFO - [2024-04-02T09:11:44.390+0000] {dagbag.py:541} INFO - Filling up the DagBag from /usr/local/python/3.10.13/lib/python3.10/site-packages/airflow/example_dags/example_dag_decorator.py
[2024-04-02T09:11:44.400+0000] {processor.py:836} INFO - DAG(s) dict_keys(['example_dag_decorator']) retrieved from /usr/local/python/3.10.13/lib/python3.10/site-packages/airflow/example_dags/example_dag_decorator.py
[2024-04-02T09:11:44.506+0000] {logging_mixin.py:150} INFO - [2024-04-02T09:11:44.506+0000] {dag.py:2742} INFO - Sync 1 DAGs
[2024-04-02T09:11:44.524+0000] {logging_mixin.py:150} INFO - [2024-04-02T09:11:44.524+0000] {dag.py:3504} INFO - Setting next_dagrun for example_dag_decorator to None, run_after=None
[2024-04-02T09:11:44.567+0000] {processor.py:179} INFO - Processing /usr/local/python/3.10.13/lib/python3.10/site-packages/airflow/example_dags/example_dag_decorator.py took 0.181 seconds
[2024-04-02T09:12:44.442+0000] {processor.py:157} INFO - Started process (PID=19926) to work on /usr/local/python/3.10.13/lib/python3.10/site-packages/airflow/example_dags/example_dag_decorator.py
[2024-04-02T09:12:44.442+0000] {processor.py:826} INFO - Processing file /usr/local/python/3.10.13/lib/python3.10/site-packages/airflow/example_dags/example_dag_decorator.py for tasks to queue
[2024-04-02T09:12:44.443+0000] {logging_mixin.py:150} INFO - [2024-04-02T09:12:44.443+0000] {dagbag.py:541} INFO - Filling up the DagBag from /usr/local/python/3.10.13/lib/python3.10/site-packages/airflow/example_dags/example_dag_decorator.py
[2024-04-02T09:12:44.453+0000] {processor.py:836} INFO - DAG(s) dict_keys(['example_dag_decorator']) retrieved from /usr/local/python/3.10.13/lib/python3.10/site-packages/airflow/example_dags/example_dag_decorator.py
[2024-04-02T09:12:44.539+0000] {logging_mixin.py:150} INFO - [2024-04-02T09:12:44.538+0000] {dag.py:2742} INFO - Sync 1 DAGs
[2024-04-02T09:12:44.553+0000] {logging_mixin.py:150} INFO - [2024-04-02T09:12:44.553+0000] {dag.py:3504} INFO - Setting next_dagrun for example_dag_decorator to None, run_after=None
[2024-04-02T09:12:44.597+0000] {processor.py:179} INFO - Processing /usr/local/python/3.10.13/lib/python3.10/site-packages/airflow/example_dags/example_dag_decorator.py took 0.158 seconds
[2024-04-02T09:13:42.806+0000] {processor.py:157} INFO - Started process (PID=20325) to work on /usr/local/python/3.10.13/lib/python3.10/site-packages/airflow/example_dags/example_dag_decorator.py
[2024-04-02T09:13:42.807+0000] {processor.py:826} INFO - Processing file /usr/local/python/3.10.13/lib/python3.10/site-packages/airflow/example_dags/example_dag_decorator.py for tasks to queue
[2024-04-02T09:13:42.808+0000] {logging_mixin.py:150} INFO - [2024-04-02T09:13:42.808+0000] {dagbag.py:541} INFO - Filling up the DagBag from /usr/local/python/3.10.13/lib/python3.10/site-packages/airflow/example_dags/example_dag_decorator.py
[2024-04-02T09:13:42.818+0000] {processor.py:836} INFO - DAG(s) dict_keys(['example_dag_decorator']) retrieved from /usr/local/python/3.10.13/lib/python3.10/site-packages/airflow/example_dags/example_dag_decorator.py
[2024-04-02T09:13:42.900+0000] {logging_mixin.py:150} INFO - [2024-04-02T09:13:42.900+0000] {dag.py:2742} INFO - Sync 1 DAGs
[2024-04-02T09:13:42.914+0000] {logging_mixin.py:150} INFO - [2024-04-02T09:13:42.914+0000] {dag.py:3504} INFO - Setting next_dagrun for example_dag_decorator to None, run_after=None
[2024-04-02T09:13:42.952+0000] {processor.py:179} INFO - Processing /usr/local/python/3.10.13/lib/python3.10/site-packages/airflow/example_dags/example_dag_decorator.py took 0.148 seconds
[2024-04-02T09:14:35.570+0000] {processor.py:157} INFO - Started process (PID=20714) to work on /usr/local/python/3.10.13/lib/python3.10/site-packages/airflow/example_dags/example_dag_decorator.py
[2024-04-02T09:14:35.570+0000] {processor.py:826} INFO - Processing file /usr/local/python/3.10.13/lib/python3.10/site-packages/airflow/example_dags/example_dag_decorator.py for tasks to queue
[2024-04-02T09:14:35.571+0000] {logging_mixin.py:150} INFO - [2024-04-02T09:14:35.571+0000] {dagbag.py:541} INFO - Filling up the DagBag from /usr/local/python/3.10.13/lib/python3.10/site-packages/airflow/example_dags/example_dag_decorator.py
[2024-04-02T09:14:35.581+0000] {processor.py:836} INFO - DAG(s) dict_keys(['example_dag_decorator']) retrieved from /usr/local/python/3.10.13/lib/python3.10/site-packages/airflow/example_dags/example_dag_decorator.py
[2024-04-02T09:14:35.663+0000] {logging_mixin.py:150} INFO - [2024-04-02T09:14:35.662+0000] {dag.py:2742} INFO - Sync 1 DAGs
[2024-04-02T09:14:35.677+0000] {logging_mixin.py:150} INFO - [2024-04-02T09:14:35.677+0000] {dag.py:3504} INFO - Setting next_dagrun for example_dag_decorator to None, run_after=None
[2024-04-02T09:14:35.718+0000] {processor.py:179} INFO - Processing /usr/local/python/3.10.13/lib/python3.10/site-packages/airflow/example_dags/example_dag_decorator.py took 0.151 seconds
[2024-04-02T09:15:26.456+0000] {processor.py:157} INFO - Started process (PID=21063) to work on /usr/local/python/3.10.13/lib/python3.10/site-packages/airflow/example_dags/example_dag_decorator.py
[2024-04-02T09:15:26.457+0000] {processor.py:826} INFO - Processing file /usr/local/python/3.10.13/lib/python3.10/site-packages/airflow/example_dags/example_dag_decorator.py for tasks to queue
[2024-04-02T09:15:26.458+0000] {logging_mixin.py:150} INFO - [2024-04-02T09:15:26.458+0000] {dagbag.py:541} INFO - Filling up the DagBag from /usr/local/python/3.10.13/lib/python3.10/site-packages/airflow/example_dags/example_dag_decorator.py
[2024-04-02T09:15:26.467+0000] {processor.py:836} INFO - DAG(s) dict_keys(['example_dag_decorator']) retrieved from /usr/local/python/3.10.13/lib/python3.10/site-packages/airflow/example_dags/example_dag_decorator.py
[2024-04-02T09:15:26.550+0000] {logging_mixin.py:150} INFO - [2024-04-02T09:15:26.550+0000] {dag.py:2742} INFO - Sync 1 DAGs
[2024-04-02T09:15:26.565+0000] {logging_mixin.py:150} INFO - [2024-04-02T09:15:26.565+0000] {dag.py:3504} INFO - Setting next_dagrun for example_dag_decorator to None, run_after=None
[2024-04-02T09:15:26.603+0000] {processor.py:179} INFO - Processing /usr/local/python/3.10.13/lib/python3.10/site-packages/airflow/example_dags/example_dag_decorator.py took 0.149 seconds
[2024-04-02T09:16:22.580+0000] {processor.py:157} INFO - Started process (PID=21463) to work on /usr/local/python/3.10.13/lib/python3.10/site-packages/airflow/example_dags/example_dag_decorator.py
[2024-04-02T09:16:22.581+0000] {processor.py:826} INFO - Processing file /usr/local/python/3.10.13/lib/python3.10/site-packages/airflow/example_dags/example_dag_decorator.py for tasks to queue
[2024-04-02T09:16:22.582+0000] {logging_mixin.py:150} INFO - [2024-04-02T09:16:22.581+0000] {dagbag.py:541} INFO - Filling up the DagBag from /usr/local/python/3.10.13/lib/python3.10/site-packages/airflow/example_dags/example_dag_decorator.py
[2024-04-02T09:16:22.591+0000] {processor.py:836} INFO - DAG(s) dict_keys(['example_dag_decorator']) retrieved from /usr/local/python/3.10.13/lib/python3.10/site-packages/airflow/example_dags/example_dag_decorator.py
[2024-04-02T09:16:22.696+0000] {logging_mixin.py:150} INFO - [2024-04-02T09:16:22.695+0000] {dag.py:2742} INFO - Sync 1 DAGs
[2024-04-02T09:16:22.711+0000] {logging_mixin.py:150} INFO - [2024-04-02T09:16:22.710+0000] {dag.py:3504} INFO - Setting next_dagrun for example_dag_decorator to None, run_after=None
[2024-04-02T09:16:22.748+0000] {processor.py:179} INFO - Processing /usr/local/python/3.10.13/lib/python3.10/site-packages/airflow/example_dags/example_dag_decorator.py took 0.170 seconds
[2024-04-02T09:17:23.895+0000] {processor.py:157} INFO - Started process (PID=21876) to work on /usr/local/python/3.10.13/lib/python3.10/site-packages/airflow/example_dags/example_dag_decorator.py
[2024-04-02T09:17:23.896+0000] {processor.py:826} INFO - Processing file /usr/local/python/3.10.13/lib/python3.10/site-packages/airflow/example_dags/example_dag_decorator.py for tasks to queue
[2024-04-02T09:17:23.897+0000] {logging_mixin.py:150} INFO - [2024-04-02T09:17:23.896+0000] {dagbag.py:541} INFO - Filling up the DagBag from /usr/local/python/3.10.13/lib/python3.10/site-packages/airflow/example_dags/example_dag_decorator.py
[2024-04-02T09:17:23.911+0000] {processor.py:836} INFO - DAG(s) dict_keys(['example_dag_decorator']) retrieved from /usr/local/python/3.10.13/lib/python3.10/site-packages/airflow/example_dags/example_dag_decorator.py
[2024-04-02T09:17:23.995+0000] {logging_mixin.py:150} INFO - [2024-04-02T09:17:23.995+0000] {dag.py:2742} INFO - Sync 1 DAGs
[2024-04-02T09:17:24.008+0000] {logging_mixin.py:150} INFO - [2024-04-02T09:17:24.008+0000] {dag.py:3504} INFO - Setting next_dagrun for example_dag_decorator to None, run_after=None
[2024-04-02T09:17:24.048+0000] {processor.py:179} INFO - Processing /usr/local/python/3.10.13/lib/python3.10/site-packages/airflow/example_dags/example_dag_decorator.py took 0.156 seconds
[2024-04-02T09:18:21.065+0000] {processor.py:157} INFO - Started process (PID=22254) to work on /usr/local/python/3.10.13/lib/python3.10/site-packages/airflow/example_dags/example_dag_decorator.py
[2024-04-02T09:18:21.066+0000] {processor.py:826} INFO - Processing file /usr/local/python/3.10.13/lib/python3.10/site-packages/airflow/example_dags/example_dag_decorator.py for tasks to queue
[2024-04-02T09:18:21.067+0000] {logging_mixin.py:150} INFO - [2024-04-02T09:18:21.066+0000] {dagbag.py:541} INFO - Filling up the DagBag from /usr/local/python/3.10.13/lib/python3.10/site-packages/airflow/example_dags/example_dag_decorator.py
[2024-04-02T09:18:21.076+0000] {processor.py:836} INFO - DAG(s) dict_keys(['example_dag_decorator']) retrieved from /usr/local/python/3.10.13/lib/python3.10/site-packages/airflow/example_dags/example_dag_decorator.py
[2024-04-02T09:18:21.161+0000] {logging_mixin.py:150} INFO - [2024-04-02T09:18:21.160+0000] {dag.py:2742} INFO - Sync 1 DAGs
[2024-04-02T09:18:21.174+0000] {logging_mixin.py:150} INFO - [2024-04-02T09:18:21.174+0000] {dag.py:3504} INFO - Setting next_dagrun for example_dag_decorator to None, run_after=None
[2024-04-02T09:18:21.214+0000] {processor.py:179} INFO - Processing /usr/local/python/3.10.13/lib/python3.10/site-packages/airflow/example_dags/example_dag_decorator.py took 0.152 seconds
[2024-04-02T09:19:20.722+0000] {processor.py:157} INFO - Started process (PID=22660) to work on /usr/local/python/3.10.13/lib/python3.10/site-packages/airflow/example_dags/example_dag_decorator.py
[2024-04-02T09:19:20.723+0000] {processor.py:826} INFO - Processing file /usr/local/python/3.10.13/lib/python3.10/site-packages/airflow/example_dags/example_dag_decorator.py for tasks to queue
[2024-04-02T09:19:20.724+0000] {logging_mixin.py:150} INFO - [2024-04-02T09:19:20.723+0000] {dagbag.py:541} INFO - Filling up the DagBag from /usr/local/python/3.10.13/lib/python3.10/site-packages/airflow/example_dags/example_dag_decorator.py
[2024-04-02T09:19:20.733+0000] {processor.py:836} INFO - DAG(s) dict_keys(['example_dag_decorator']) retrieved from /usr/local/python/3.10.13/lib/python3.10/site-packages/airflow/example_dags/example_dag_decorator.py
[2024-04-02T09:19:20.824+0000] {logging_mixin.py:150} INFO - [2024-04-02T09:19:20.824+0000] {dag.py:2742} INFO - Sync 1 DAGs
[2024-04-02T09:19:20.838+0000] {logging_mixin.py:150} INFO - [2024-04-02T09:19:20.838+0000] {dag.py:3504} INFO - Setting next_dagrun for example_dag_decorator to None, run_after=None
[2024-04-02T09:19:20.878+0000] {processor.py:179} INFO - Processing /usr/local/python/3.10.13/lib/python3.10/site-packages/airflow/example_dags/example_dag_decorator.py took 0.158 seconds
[2024-04-02T09:20:10.584+0000] {processor.py:157} INFO - Started process (PID=23030) to work on /usr/local/python/3.10.13/lib/python3.10/site-packages/airflow/example_dags/example_dag_decorator.py
[2024-04-02T09:20:10.584+0000] {processor.py:826} INFO - Processing file /usr/local/python/3.10.13/lib/python3.10/site-packages/airflow/example_dags/example_dag_decorator.py for tasks to queue
[2024-04-02T09:20:10.585+0000] {logging_mixin.py:150} INFO - [2024-04-02T09:20:10.585+0000] {dagbag.py:541} INFO - Filling up the DagBag from /usr/local/python/3.10.13/lib/python3.10/site-packages/airflow/example_dags/example_dag_decorator.py
[2024-04-02T09:20:10.594+0000] {processor.py:836} INFO - DAG(s) dict_keys(['example_dag_decorator']) retrieved from /usr/local/python/3.10.13/lib/python3.10/site-packages/airflow/example_dags/example_dag_decorator.py
[2024-04-02T09:20:10.675+0000] {logging_mixin.py:150} INFO - [2024-04-02T09:20:10.675+0000] {dag.py:2742} INFO - Sync 1 DAGs
[2024-04-02T09:20:10.690+0000] {logging_mixin.py:150} INFO - [2024-04-02T09:20:10.690+0000] {dag.py:3504} INFO - Setting next_dagrun for example_dag_decorator to None, run_after=None
[2024-04-02T09:20:10.847+0000] {processor.py:179} INFO - Processing /usr/local/python/3.10.13/lib/python3.10/site-packages/airflow/example_dags/example_dag_decorator.py took 0.266 seconds
[2024-04-02T09:21:10.183+0000] {processor.py:157} INFO - Started process (PID=23443) to work on /usr/local/python/3.10.13/lib/python3.10/site-packages/airflow/example_dags/example_dag_decorator.py
[2024-04-02T09:21:10.185+0000] {processor.py:826} INFO - Processing file /usr/local/python/3.10.13/lib/python3.10/site-packages/airflow/example_dags/example_dag_decorator.py for tasks to queue
[2024-04-02T09:21:10.186+0000] {logging_mixin.py:150} INFO - [2024-04-02T09:21:10.186+0000] {dagbag.py:541} INFO - Filling up the DagBag from /usr/local/python/3.10.13/lib/python3.10/site-packages/airflow/example_dags/example_dag_decorator.py
[2024-04-02T09:21:10.196+0000] {processor.py:836} INFO - DAG(s) dict_keys(['example_dag_decorator']) retrieved from /usr/local/python/3.10.13/lib/python3.10/site-packages/airflow/example_dags/example_dag_decorator.py
[2024-04-02T09:21:10.280+0000] {logging_mixin.py:150} INFO - [2024-04-02T09:21:10.280+0000] {dag.py:2742} INFO - Sync 1 DAGs
[2024-04-02T09:21:10.294+0000] {logging_mixin.py:150} INFO - [2024-04-02T09:21:10.294+0000] {dag.py:3504} INFO - Setting next_dagrun for example_dag_decorator to None, run_after=None
[2024-04-02T09:21:10.336+0000] {processor.py:179} INFO - Processing /usr/local/python/3.10.13/lib/python3.10/site-packages/airflow/example_dags/example_dag_decorator.py took 0.155 seconds
[2024-04-02T09:22:03.993+0000] {processor.py:157} INFO - Started process (PID=23803) to work on /usr/local/python/3.10.13/lib/python3.10/site-packages/airflow/example_dags/example_dag_decorator.py
[2024-04-02T09:22:03.994+0000] {processor.py:826} INFO - Processing file /usr/local/python/3.10.13/lib/python3.10/site-packages/airflow/example_dags/example_dag_decorator.py for tasks to queue
[2024-04-02T09:22:03.994+0000] {logging_mixin.py:150} INFO - [2024-04-02T09:22:03.994+0000] {dagbag.py:541} INFO - Filling up the DagBag from /usr/local/python/3.10.13/lib/python3.10/site-packages/airflow/example_dags/example_dag_decorator.py
[2024-04-02T09:22:04.004+0000] {processor.py:836} INFO - DAG(s) dict_keys(['example_dag_decorator']) retrieved from /usr/local/python/3.10.13/lib/python3.10/site-packages/airflow/example_dags/example_dag_decorator.py
[2024-04-02T09:22:04.085+0000] {logging_mixin.py:150} INFO - [2024-04-02T09:22:04.085+0000] {dag.py:2742} INFO - Sync 1 DAGs
[2024-04-02T09:22:04.099+0000] {logging_mixin.py:150} INFO - [2024-04-02T09:22:04.099+0000] {dag.py:3504} INFO - Setting next_dagrun for example_dag_decorator to None, run_after=None
[2024-04-02T09:22:04.137+0000] {processor.py:179} INFO - Processing /usr/local/python/3.10.13/lib/python3.10/site-packages/airflow/example_dags/example_dag_decorator.py took 0.146 seconds
[2024-04-02T09:23:04.818+0000] {processor.py:157} INFO - Started process (PID=24221) to work on /usr/local/python/3.10.13/lib/python3.10/site-packages/airflow/example_dags/example_dag_decorator.py
[2024-04-02T09:23:04.820+0000] {processor.py:826} INFO - Processing file /usr/local/python/3.10.13/lib/python3.10/site-packages/airflow/example_dags/example_dag_decorator.py for tasks to queue
[2024-04-02T09:23:04.821+0000] {logging_mixin.py:150} INFO - [2024-04-02T09:23:04.820+0000] {dagbag.py:541} INFO - Filling up the DagBag from /usr/local/python/3.10.13/lib/python3.10/site-packages/airflow/example_dags/example_dag_decorator.py
[2024-04-02T09:23:04.835+0000] {processor.py:836} INFO - DAG(s) dict_keys(['example_dag_decorator']) retrieved from /usr/local/python/3.10.13/lib/python3.10/site-packages/airflow/example_dags/example_dag_decorator.py
[2024-04-02T09:23:04.969+0000] {logging_mixin.py:150} INFO - [2024-04-02T09:23:04.969+0000] {dag.py:2742} INFO - Sync 1 DAGs
[2024-04-02T09:23:04.991+0000] {logging_mixin.py:150} INFO - [2024-04-02T09:23:04.991+0000] {dag.py:3504} INFO - Setting next_dagrun for example_dag_decorator to None, run_after=None
[2024-04-02T09:23:05.148+0000] {processor.py:179} INFO - Processing /usr/local/python/3.10.13/lib/python3.10/site-packages/airflow/example_dags/example_dag_decorator.py took 0.332 seconds
[2024-04-02T09:24:03.558+0000] {processor.py:157} INFO - Started process (PID=24625) to work on /usr/local/python/3.10.13/lib/python3.10/site-packages/airflow/example_dags/example_dag_decorator.py
[2024-04-02T09:24:03.559+0000] {processor.py:826} INFO - Processing file /usr/local/python/3.10.13/lib/python3.10/site-packages/airflow/example_dags/example_dag_decorator.py for tasks to queue
[2024-04-02T09:24:03.560+0000] {logging_mixin.py:150} INFO - [2024-04-02T09:24:03.560+0000] {dagbag.py:541} INFO - Filling up the DagBag from /usr/local/python/3.10.13/lib/python3.10/site-packages/airflow/example_dags/example_dag_decorator.py
[2024-04-02T09:24:03.573+0000] {processor.py:836} INFO - DAG(s) dict_keys(['example_dag_decorator']) retrieved from /usr/local/python/3.10.13/lib/python3.10/site-packages/airflow/example_dags/example_dag_decorator.py
[2024-04-02T09:24:03.695+0000] {logging_mixin.py:150} INFO - [2024-04-02T09:24:03.695+0000] {dag.py:2742} INFO - Sync 1 DAGs
[2024-04-02T09:24:03.800+0000] {logging_mixin.py:150} INFO - [2024-04-02T09:24:03.800+0000] {dag.py:3504} INFO - Setting next_dagrun for example_dag_decorator to None, run_after=None
[2024-04-02T09:24:03.840+0000] {processor.py:179} INFO - Processing /usr/local/python/3.10.13/lib/python3.10/site-packages/airflow/example_dags/example_dag_decorator.py took 0.285 seconds
[2024-04-02T09:25:05.452+0000] {processor.py:157} INFO - Started process (PID=25067) to work on /usr/local/python/3.10.13/lib/python3.10/site-packages/airflow/example_dags/example_dag_decorator.py
[2024-04-02T09:25:05.453+0000] {processor.py:826} INFO - Processing file /usr/local/python/3.10.13/lib/python3.10/site-packages/airflow/example_dags/example_dag_decorator.py for tasks to queue
[2024-04-02T09:25:05.454+0000] {logging_mixin.py:150} INFO - [2024-04-02T09:25:05.453+0000] {dagbag.py:541} INFO - Filling up the DagBag from /usr/local/python/3.10.13/lib/python3.10/site-packages/airflow/example_dags/example_dag_decorator.py
[2024-04-02T09:25:05.462+0000] {processor.py:836} INFO - DAG(s) dict_keys(['example_dag_decorator']) retrieved from /usr/local/python/3.10.13/lib/python3.10/site-packages/airflow/example_dags/example_dag_decorator.py
[2024-04-02T09:25:05.630+0000] {logging_mixin.py:150} INFO - [2024-04-02T09:25:05.630+0000] {dag.py:2742} INFO - Sync 1 DAGs
[2024-04-02T09:25:05.643+0000] {logging_mixin.py:150} INFO - [2024-04-02T09:25:05.642+0000] {dag.py:3504} INFO - Setting next_dagrun for example_dag_decorator to None, run_after=None
[2024-04-02T09:25:05.683+0000] {processor.py:179} INFO - Processing /usr/local/python/3.10.13/lib/python3.10/site-packages/airflow/example_dags/example_dag_decorator.py took 0.233 seconds
[2024-04-02T09:26:09.293+0000] {processor.py:157} INFO - Started process (PID=25495) to work on /usr/local/python/3.10.13/lib/python3.10/site-packages/airflow/example_dags/example_dag_decorator.py
[2024-04-02T09:26:09.294+0000] {processor.py:826} INFO - Processing file /usr/local/python/3.10.13/lib/python3.10/site-packages/airflow/example_dags/example_dag_decorator.py for tasks to queue
[2024-04-02T09:26:09.295+0000] {logging_mixin.py:150} INFO - [2024-04-02T09:26:09.294+0000] {dagbag.py:541} INFO - Filling up the DagBag from /usr/local/python/3.10.13/lib/python3.10/site-packages/airflow/example_dags/example_dag_decorator.py
[2024-04-02T09:26:09.304+0000] {processor.py:836} INFO - DAG(s) dict_keys(['example_dag_decorator']) retrieved from /usr/local/python/3.10.13/lib/python3.10/site-packages/airflow/example_dags/example_dag_decorator.py
[2024-04-02T09:26:09.506+0000] {logging_mixin.py:150} INFO - [2024-04-02T09:26:09.506+0000] {dag.py:2742} INFO - Sync 1 DAGs
[2024-04-02T09:26:09.528+0000] {logging_mixin.py:150} INFO - [2024-04-02T09:26:09.528+0000] {dag.py:3504} INFO - Setting next_dagrun for example_dag_decorator to None, run_after=None
[2024-04-02T09:26:09.575+0000] {processor.py:179} INFO - Processing /usr/local/python/3.10.13/lib/python3.10/site-packages/airflow/example_dags/example_dag_decorator.py took 0.284 seconds
[2024-04-02T09:27:09.537+0000] {processor.py:157} INFO - Started process (PID=25909) to work on /usr/local/python/3.10.13/lib/python3.10/site-packages/airflow/example_dags/example_dag_decorator.py
[2024-04-02T09:27:09.538+0000] {processor.py:826} INFO - Processing file /usr/local/python/3.10.13/lib/python3.10/site-packages/airflow/example_dags/example_dag_decorator.py for tasks to queue
[2024-04-02T09:27:09.539+0000] {logging_mixin.py:150} INFO - [2024-04-02T09:27:09.539+0000] {dagbag.py:541} INFO - Filling up the DagBag from /usr/local/python/3.10.13/lib/python3.10/site-packages/airflow/example_dags/example_dag_decorator.py
[2024-04-02T09:27:09.549+0000] {processor.py:836} INFO - DAG(s) dict_keys(['example_dag_decorator']) retrieved from /usr/local/python/3.10.13/lib/python3.10/site-packages/airflow/example_dags/example_dag_decorator.py
[2024-04-02T09:27:09.759+0000] {logging_mixin.py:150} INFO - [2024-04-02T09:27:09.759+0000] {dag.py:2742} INFO - Sync 1 DAGs
[2024-04-02T09:27:09.780+0000] {logging_mixin.py:150} INFO - [2024-04-02T09:27:09.780+0000] {dag.py:3504} INFO - Setting next_dagrun for example_dag_decorator to None, run_after=None
[2024-04-02T09:27:09.824+0000] {processor.py:179} INFO - Processing /usr/local/python/3.10.13/lib/python3.10/site-packages/airflow/example_dags/example_dag_decorator.py took 0.289 seconds
[2024-04-02T09:28:10.460+0000] {processor.py:157} INFO - Started process (PID=26321) to work on /usr/local/python/3.10.13/lib/python3.10/site-packages/airflow/example_dags/example_dag_decorator.py
[2024-04-02T09:28:10.461+0000] {processor.py:826} INFO - Processing file /usr/local/python/3.10.13/lib/python3.10/site-packages/airflow/example_dags/example_dag_decorator.py for tasks to queue
[2024-04-02T09:28:10.462+0000] {logging_mixin.py:150} INFO - [2024-04-02T09:28:10.462+0000] {dagbag.py:541} INFO - Filling up the DagBag from /usr/local/python/3.10.13/lib/python3.10/site-packages/airflow/example_dags/example_dag_decorator.py
[2024-04-02T09:28:10.475+0000] {processor.py:836} INFO - DAG(s) dict_keys(['example_dag_decorator']) retrieved from /usr/local/python/3.10.13/lib/python3.10/site-packages/airflow/example_dags/example_dag_decorator.py
[2024-04-02T09:28:10.717+0000] {logging_mixin.py:150} INFO - [2024-04-02T09:28:10.717+0000] {dag.py:2742} INFO - Sync 1 DAGs
[2024-04-02T09:28:10.736+0000] {logging_mixin.py:150} INFO - [2024-04-02T09:28:10.736+0000] {dag.py:3504} INFO - Setting next_dagrun for example_dag_decorator to None, run_after=None
[2024-04-02T09:28:10.777+0000] {processor.py:179} INFO - Processing /usr/local/python/3.10.13/lib/python3.10/site-packages/airflow/example_dags/example_dag_decorator.py took 0.319 seconds
[2024-04-02T09:29:13.903+0000] {processor.py:157} INFO - Started process (PID=26744) to work on /usr/local/python/3.10.13/lib/python3.10/site-packages/airflow/example_dags/example_dag_decorator.py
[2024-04-02T09:29:13.904+0000] {processor.py:826} INFO - Processing file /usr/local/python/3.10.13/lib/python3.10/site-packages/airflow/example_dags/example_dag_decorator.py for tasks to queue
[2024-04-02T09:29:13.906+0000] {logging_mixin.py:150} INFO - [2024-04-02T09:29:13.905+0000] {dagbag.py:541} INFO - Filling up the DagBag from /usr/local/python/3.10.13/lib/python3.10/site-packages/airflow/example_dags/example_dag_decorator.py
[2024-04-02T09:29:13.918+0000] {processor.py:836} INFO - DAG(s) dict_keys(['example_dag_decorator']) retrieved from /usr/local/python/3.10.13/lib/python3.10/site-packages/airflow/example_dags/example_dag_decorator.py
[2024-04-02T09:29:14.021+0000] {logging_mixin.py:150} INFO - [2024-04-02T09:29:14.020+0000] {dag.py:2742} INFO - Sync 1 DAGs
[2024-04-02T09:29:14.035+0000] {logging_mixin.py:150} INFO - [2024-04-02T09:29:14.035+0000] {dag.py:3504} INFO - Setting next_dagrun for example_dag_decorator to None, run_after=None
[2024-04-02T09:29:14.073+0000] {processor.py:179} INFO - Processing /usr/local/python/3.10.13/lib/python3.10/site-packages/airflow/example_dags/example_dag_decorator.py took 0.173 seconds
[2024-04-02T09:30:05.587+0000] {processor.py:157} INFO - Started process (PID=27149) to work on /usr/local/python/3.10.13/lib/python3.10/site-packages/airflow/example_dags/example_dag_decorator.py
[2024-04-02T09:30:05.587+0000] {processor.py:826} INFO - Processing file /usr/local/python/3.10.13/lib/python3.10/site-packages/airflow/example_dags/example_dag_decorator.py for tasks to queue
[2024-04-02T09:30:05.588+0000] {logging_mixin.py:150} INFO - [2024-04-02T09:30:05.588+0000] {dagbag.py:541} INFO - Filling up the DagBag from /usr/local/python/3.10.13/lib/python3.10/site-packages/airflow/example_dags/example_dag_decorator.py
[2024-04-02T09:30:05.597+0000] {processor.py:836} INFO - DAG(s) dict_keys(['example_dag_decorator']) retrieved from /usr/local/python/3.10.13/lib/python3.10/site-packages/airflow/example_dags/example_dag_decorator.py
[2024-04-02T09:30:05.679+0000] {logging_mixin.py:150} INFO - [2024-04-02T09:30:05.678+0000] {dag.py:2742} INFO - Sync 1 DAGs
[2024-04-02T09:30:05.693+0000] {logging_mixin.py:150} INFO - [2024-04-02T09:30:05.693+0000] {dag.py:3504} INFO - Setting next_dagrun for example_dag_decorator to None, run_after=None
[2024-04-02T09:30:05.734+0000] {processor.py:179} INFO - Processing /usr/local/python/3.10.13/lib/python3.10/site-packages/airflow/example_dags/example_dag_decorator.py took 0.150 seconds
[2024-04-02T09:31:05.199+0000] {processor.py:157} INFO - Started process (PID=27555) to work on /usr/local/python/3.10.13/lib/python3.10/site-packages/airflow/example_dags/example_dag_decorator.py
[2024-04-02T09:31:05.199+0000] {processor.py:826} INFO - Processing file /usr/local/python/3.10.13/lib/python3.10/site-packages/airflow/example_dags/example_dag_decorator.py for tasks to queue
[2024-04-02T09:31:05.200+0000] {logging_mixin.py:150} INFO - [2024-04-02T09:31:05.200+0000] {dagbag.py:541} INFO - Filling up the DagBag from /usr/local/python/3.10.13/lib/python3.10/site-packages/airflow/example_dags/example_dag_decorator.py
[2024-04-02T09:31:05.209+0000] {processor.py:836} INFO - DAG(s) dict_keys(['example_dag_decorator']) retrieved from /usr/local/python/3.10.13/lib/python3.10/site-packages/airflow/example_dags/example_dag_decorator.py
[2024-04-02T09:31:05.294+0000] {logging_mixin.py:150} INFO - [2024-04-02T09:31:05.294+0000] {dag.py:2742} INFO - Sync 1 DAGs
[2024-04-02T09:31:05.308+0000] {logging_mixin.py:150} INFO - [2024-04-02T09:31:05.308+0000] {dag.py:3504} INFO - Setting next_dagrun for example_dag_decorator to None, run_after=None
[2024-04-02T09:31:05.350+0000] {processor.py:179} INFO - Processing /usr/local/python/3.10.13/lib/python3.10/site-packages/airflow/example_dags/example_dag_decorator.py took 0.154 seconds
[2024-04-02T09:32:02.566+0000] {processor.py:157} INFO - Started process (PID=27957) to work on /usr/local/python/3.10.13/lib/python3.10/site-packages/airflow/example_dags/example_dag_decorator.py
[2024-04-02T09:32:02.567+0000] {processor.py:826} INFO - Processing file /usr/local/python/3.10.13/lib/python3.10/site-packages/airflow/example_dags/example_dag_decorator.py for tasks to queue
[2024-04-02T09:32:02.569+0000] {logging_mixin.py:150} INFO - [2024-04-02T09:32:02.568+0000] {dagbag.py:541} INFO - Filling up the DagBag from /usr/local/python/3.10.13/lib/python3.10/site-packages/airflow/example_dags/example_dag_decorator.py
[2024-04-02T09:32:02.582+0000] {processor.py:836} INFO - DAG(s) dict_keys(['example_dag_decorator']) retrieved from /usr/local/python/3.10.13/lib/python3.10/site-packages/airflow/example_dags/example_dag_decorator.py
[2024-04-02T09:32:02.713+0000] {logging_mixin.py:150} INFO - [2024-04-02T09:32:02.713+0000] {dag.py:2742} INFO - Sync 1 DAGs
[2024-04-02T09:32:02.735+0000] {logging_mixin.py:150} INFO - [2024-04-02T09:32:02.735+0000] {dag.py:3504} INFO - Setting next_dagrun for example_dag_decorator to None, run_after=None
[2024-04-02T09:32:02.783+0000] {processor.py:179} INFO - Processing /usr/local/python/3.10.13/lib/python3.10/site-packages/airflow/example_dags/example_dag_decorator.py took 0.220 seconds
[2024-04-02T09:33:02.457+0000] {processor.py:157} INFO - Started process (PID=28350) to work on /usr/local/python/3.10.13/lib/python3.10/site-packages/airflow/example_dags/example_dag_decorator.py
[2024-04-02T09:33:02.458+0000] {processor.py:826} INFO - Processing file /usr/local/python/3.10.13/lib/python3.10/site-packages/airflow/example_dags/example_dag_decorator.py for tasks to queue
[2024-04-02T09:33:02.459+0000] {logging_mixin.py:150} INFO - [2024-04-02T09:33:02.459+0000] {dagbag.py:541} INFO - Filling up the DagBag from /usr/local/python/3.10.13/lib/python3.10/site-packages/airflow/example_dags/example_dag_decorator.py
[2024-04-02T09:33:02.484+0000] {processor.py:836} INFO - DAG(s) dict_keys(['example_dag_decorator']) retrieved from /usr/local/python/3.10.13/lib/python3.10/site-packages/airflow/example_dags/example_dag_decorator.py
[2024-04-02T09:33:02.681+0000] {logging_mixin.py:150} INFO - [2024-04-02T09:33:02.681+0000] {dag.py:2742} INFO - Sync 1 DAGs
[2024-04-02T09:33:02.711+0000] {logging_mixin.py:150} INFO - [2024-04-02T09:33:02.711+0000] {dag.py:3504} INFO - Setting next_dagrun for example_dag_decorator to None, run_after=None
[2024-04-02T09:33:02.789+0000] {processor.py:179} INFO - Processing /usr/local/python/3.10.13/lib/python3.10/site-packages/airflow/example_dags/example_dag_decorator.py took 0.335 seconds
[2024-04-02T09:34:00.187+0000] {processor.py:157} INFO - Started process (PID=28748) to work on /usr/local/python/3.10.13/lib/python3.10/site-packages/airflow/example_dags/example_dag_decorator.py
[2024-04-02T09:34:00.187+0000] {processor.py:826} INFO - Processing file /usr/local/python/3.10.13/lib/python3.10/site-packages/airflow/example_dags/example_dag_decorator.py for tasks to queue
[2024-04-02T09:34:00.188+0000] {logging_mixin.py:150} INFO - [2024-04-02T09:34:00.188+0000] {dagbag.py:541} INFO - Filling up the DagBag from /usr/local/python/3.10.13/lib/python3.10/site-packages/airflow/example_dags/example_dag_decorator.py
[2024-04-02T09:34:00.197+0000] {processor.py:836} INFO - DAG(s) dict_keys(['example_dag_decorator']) retrieved from /usr/local/python/3.10.13/lib/python3.10/site-packages/airflow/example_dags/example_dag_decorator.py
[2024-04-02T09:34:00.281+0000] {logging_mixin.py:150} INFO - [2024-04-02T09:34:00.281+0000] {dag.py:2742} INFO - Sync 1 DAGs
[2024-04-02T09:34:00.296+0000] {logging_mixin.py:150} INFO - [2024-04-02T09:34:00.296+0000] {dag.py:3504} INFO - Setting next_dagrun for example_dag_decorator to None, run_after=None
[2024-04-02T09:34:00.334+0000] {processor.py:179} INFO - Processing /usr/local/python/3.10.13/lib/python3.10/site-packages/airflow/example_dags/example_dag_decorator.py took 0.151 seconds
[2024-04-02T09:34:59.179+0000] {processor.py:157} INFO - Started process (PID=29179) to work on /usr/local/python/3.10.13/lib/python3.10/site-packages/airflow/example_dags/example_dag_decorator.py
[2024-04-02T09:34:59.180+0000] {processor.py:826} INFO - Processing file /usr/local/python/3.10.13/lib/python3.10/site-packages/airflow/example_dags/example_dag_decorator.py for tasks to queue
[2024-04-02T09:34:59.182+0000] {logging_mixin.py:150} INFO - [2024-04-02T09:34:59.181+0000] {dagbag.py:541} INFO - Filling up the DagBag from /usr/local/python/3.10.13/lib/python3.10/site-packages/airflow/example_dags/example_dag_decorator.py
[2024-04-02T09:34:59.195+0000] {processor.py:836} INFO - DAG(s) dict_keys(['example_dag_decorator']) retrieved from /usr/local/python/3.10.13/lib/python3.10/site-packages/airflow/example_dags/example_dag_decorator.py
[2024-04-02T09:34:59.318+0000] {logging_mixin.py:150} INFO - [2024-04-02T09:34:59.318+0000] {dag.py:2742} INFO - Sync 1 DAGs
[2024-04-02T09:34:59.338+0000] {logging_mixin.py:150} INFO - [2024-04-02T09:34:59.338+0000] {dag.py:3504} INFO - Setting next_dagrun for example_dag_decorator to None, run_after=None
[2024-04-02T09:34:59.384+0000] {processor.py:179} INFO - Processing /usr/local/python/3.10.13/lib/python3.10/site-packages/airflow/example_dags/example_dag_decorator.py took 0.208 seconds
[2024-04-02T09:35:52.959+0000] {processor.py:157} INFO - Started process (PID=29547) to work on /usr/local/python/3.10.13/lib/python3.10/site-packages/airflow/example_dags/example_dag_decorator.py
[2024-04-02T09:35:52.960+0000] {processor.py:826} INFO - Processing file /usr/local/python/3.10.13/lib/python3.10/site-packages/airflow/example_dags/example_dag_decorator.py for tasks to queue
[2024-04-02T09:35:52.961+0000] {logging_mixin.py:150} INFO - [2024-04-02T09:35:52.961+0000] {dagbag.py:541} INFO - Filling up the DagBag from /usr/local/python/3.10.13/lib/python3.10/site-packages/airflow/example_dags/example_dag_decorator.py
[2024-04-02T09:35:52.975+0000] {processor.py:836} INFO - DAG(s) dict_keys(['example_dag_decorator']) retrieved from /usr/local/python/3.10.13/lib/python3.10/site-packages/airflow/example_dags/example_dag_decorator.py
[2024-04-02T09:35:53.107+0000] {logging_mixin.py:150} INFO - [2024-04-02T09:35:53.106+0000] {dag.py:2742} INFO - Sync 1 DAGs
[2024-04-02T09:35:53.128+0000] {logging_mixin.py:150} INFO - [2024-04-02T09:35:53.128+0000] {dag.py:3504} INFO - Setting next_dagrun for example_dag_decorator to None, run_after=None
[2024-04-02T09:35:53.175+0000] {processor.py:179} INFO - Processing /usr/local/python/3.10.13/lib/python3.10/site-packages/airflow/example_dags/example_dag_decorator.py took 0.219 seconds
[2024-04-02T09:36:46.890+0000] {processor.py:157} INFO - Started process (PID=29913) to work on /usr/local/python/3.10.13/lib/python3.10/site-packages/airflow/example_dags/example_dag_decorator.py
[2024-04-02T09:36:46.891+0000] {processor.py:826} INFO - Processing file /usr/local/python/3.10.13/lib/python3.10/site-packages/airflow/example_dags/example_dag_decorator.py for tasks to queue
[2024-04-02T09:36:46.892+0000] {logging_mixin.py:150} INFO - [2024-04-02T09:36:46.891+0000] {dagbag.py:541} INFO - Filling up the DagBag from /usr/local/python/3.10.13/lib/python3.10/site-packages/airflow/example_dags/example_dag_decorator.py
[2024-04-02T09:36:46.905+0000] {processor.py:836} INFO - DAG(s) dict_keys(['example_dag_decorator']) retrieved from /usr/local/python/3.10.13/lib/python3.10/site-packages/airflow/example_dags/example_dag_decorator.py
[2024-04-02T09:36:47.031+0000] {logging_mixin.py:150} INFO - [2024-04-02T09:36:47.031+0000] {dag.py:2742} INFO - Sync 1 DAGs
[2024-04-02T09:36:47.054+0000] {logging_mixin.py:150} INFO - [2024-04-02T09:36:47.054+0000] {dag.py:3504} INFO - Setting next_dagrun for example_dag_decorator to None, run_after=None
[2024-04-02T09:36:47.102+0000] {processor.py:179} INFO - Processing /usr/local/python/3.10.13/lib/python3.10/site-packages/airflow/example_dags/example_dag_decorator.py took 0.215 seconds
[2024-04-02T09:37:43.624+0000] {processor.py:157} INFO - Started process (PID=30307) to work on /usr/local/python/3.10.13/lib/python3.10/site-packages/airflow/example_dags/example_dag_decorator.py
[2024-04-02T09:37:43.625+0000] {processor.py:826} INFO - Processing file /usr/local/python/3.10.13/lib/python3.10/site-packages/airflow/example_dags/example_dag_decorator.py for tasks to queue
[2024-04-02T09:37:43.626+0000] {logging_mixin.py:150} INFO - [2024-04-02T09:37:43.625+0000] {dagbag.py:541} INFO - Filling up the DagBag from /usr/local/python/3.10.13/lib/python3.10/site-packages/airflow/example_dags/example_dag_decorator.py
[2024-04-02T09:37:43.639+0000] {processor.py:836} INFO - DAG(s) dict_keys(['example_dag_decorator']) retrieved from /usr/local/python/3.10.13/lib/python3.10/site-packages/airflow/example_dags/example_dag_decorator.py
[2024-04-02T09:37:43.762+0000] {logging_mixin.py:150} INFO - [2024-04-02T09:37:43.762+0000] {dag.py:2742} INFO - Sync 1 DAGs
[2024-04-02T09:37:43.784+0000] {logging_mixin.py:150} INFO - [2024-04-02T09:37:43.784+0000] {dag.py:3504} INFO - Setting next_dagrun for example_dag_decorator to None, run_after=None
[2024-04-02T09:37:43.830+0000] {processor.py:179} INFO - Processing /usr/local/python/3.10.13/lib/python3.10/site-packages/airflow/example_dags/example_dag_decorator.py took 0.209 seconds
[2024-04-02T09:38:39.689+0000] {processor.py:157} INFO - Started process (PID=30694) to work on /usr/local/python/3.10.13/lib/python3.10/site-packages/airflow/example_dags/example_dag_decorator.py
[2024-04-02T09:38:39.690+0000] {processor.py:826} INFO - Processing file /usr/local/python/3.10.13/lib/python3.10/site-packages/airflow/example_dags/example_dag_decorator.py for tasks to queue
[2024-04-02T09:38:39.691+0000] {logging_mixin.py:150} INFO - [2024-04-02T09:38:39.690+0000] {dagbag.py:541} INFO - Filling up the DagBag from /usr/local/python/3.10.13/lib/python3.10/site-packages/airflow/example_dags/example_dag_decorator.py
[2024-04-02T09:38:39.700+0000] {processor.py:836} INFO - DAG(s) dict_keys(['example_dag_decorator']) retrieved from /usr/local/python/3.10.13/lib/python3.10/site-packages/airflow/example_dags/example_dag_decorator.py
[2024-04-02T09:38:39.783+0000] {logging_mixin.py:150} INFO - [2024-04-02T09:38:39.782+0000] {dag.py:2742} INFO - Sync 1 DAGs
[2024-04-02T09:38:39.797+0000] {logging_mixin.py:150} INFO - [2024-04-02T09:38:39.797+0000] {dag.py:3504} INFO - Setting next_dagrun for example_dag_decorator to None, run_after=None
[2024-04-02T09:38:39.850+0000] {processor.py:179} INFO - Processing /usr/local/python/3.10.13/lib/python3.10/site-packages/airflow/example_dags/example_dag_decorator.py took 0.163 seconds
[2024-04-02T09:39:36.125+0000] {processor.py:157} INFO - Started process (PID=31111) to work on /usr/local/python/3.10.13/lib/python3.10/site-packages/airflow/example_dags/example_dag_decorator.py
[2024-04-02T09:39:36.125+0000] {processor.py:826} INFO - Processing file /usr/local/python/3.10.13/lib/python3.10/site-packages/airflow/example_dags/example_dag_decorator.py for tasks to queue
[2024-04-02T09:39:36.126+0000] {logging_mixin.py:150} INFO - [2024-04-02T09:39:36.126+0000] {dagbag.py:541} INFO - Filling up the DagBag from /usr/local/python/3.10.13/lib/python3.10/site-packages/airflow/example_dags/example_dag_decorator.py
[2024-04-02T09:39:36.135+0000] {processor.py:836} INFO - DAG(s) dict_keys(['example_dag_decorator']) retrieved from /usr/local/python/3.10.13/lib/python3.10/site-packages/airflow/example_dags/example_dag_decorator.py
[2024-04-02T09:39:36.218+0000] {logging_mixin.py:150} INFO - [2024-04-02T09:39:36.218+0000] {dag.py:2742} INFO - Sync 1 DAGs
[2024-04-02T09:39:36.232+0000] {logging_mixin.py:150} INFO - [2024-04-02T09:39:36.232+0000] {dag.py:3504} INFO - Setting next_dagrun for example_dag_decorator to None, run_after=None
[2024-04-02T09:39:36.272+0000] {processor.py:179} INFO - Processing /usr/local/python/3.10.13/lib/python3.10/site-packages/airflow/example_dags/example_dag_decorator.py took 0.150 seconds
[2024-04-02T09:40:34.806+0000] {processor.py:157} INFO - Started process (PID=31530) to work on /usr/local/python/3.10.13/lib/python3.10/site-packages/airflow/example_dags/example_dag_decorator.py
[2024-04-02T09:40:34.806+0000] {processor.py:826} INFO - Processing file /usr/local/python/3.10.13/lib/python3.10/site-packages/airflow/example_dags/example_dag_decorator.py for tasks to queue
[2024-04-02T09:40:34.807+0000] {logging_mixin.py:150} INFO - [2024-04-02T09:40:34.807+0000] {dagbag.py:541} INFO - Filling up the DagBag from /usr/local/python/3.10.13/lib/python3.10/site-packages/airflow/example_dags/example_dag_decorator.py
[2024-04-02T09:40:34.817+0000] {processor.py:836} INFO - DAG(s) dict_keys(['example_dag_decorator']) retrieved from /usr/local/python/3.10.13/lib/python3.10/site-packages/airflow/example_dags/example_dag_decorator.py
[2024-04-02T09:40:34.914+0000] {logging_mixin.py:150} INFO - [2024-04-02T09:40:34.914+0000] {dag.py:2742} INFO - Sync 1 DAGs
[2024-04-02T09:40:34.938+0000] {logging_mixin.py:150} INFO - [2024-04-02T09:40:34.938+0000] {dag.py:3504} INFO - Setting next_dagrun for example_dag_decorator to None, run_after=None
[2024-04-02T09:40:34.986+0000] {processor.py:179} INFO - Processing /usr/local/python/3.10.13/lib/python3.10/site-packages/airflow/example_dags/example_dag_decorator.py took 0.183 seconds
[2024-04-02T09:41:31.811+0000] {processor.py:157} INFO - Started process (PID=31903) to work on /usr/local/python/3.10.13/lib/python3.10/site-packages/airflow/example_dags/example_dag_decorator.py
[2024-04-02T09:41:31.812+0000] {processor.py:826} INFO - Processing file /usr/local/python/3.10.13/lib/python3.10/site-packages/airflow/example_dags/example_dag_decorator.py for tasks to queue
[2024-04-02T09:41:31.812+0000] {logging_mixin.py:150} INFO - [2024-04-02T09:41:31.812+0000] {dagbag.py:541} INFO - Filling up the DagBag from /usr/local/python/3.10.13/lib/python3.10/site-packages/airflow/example_dags/example_dag_decorator.py
[2024-04-02T09:41:31.822+0000] {processor.py:836} INFO - DAG(s) dict_keys(['example_dag_decorator']) retrieved from /usr/local/python/3.10.13/lib/python3.10/site-packages/airflow/example_dags/example_dag_decorator.py
[2024-04-02T09:41:31.904+0000] {logging_mixin.py:150} INFO - [2024-04-02T09:41:31.903+0000] {dag.py:2742} INFO - Sync 1 DAGs
[2024-04-02T09:41:31.918+0000] {logging_mixin.py:150} INFO - [2024-04-02T09:41:31.918+0000] {dag.py:3504} INFO - Setting next_dagrun for example_dag_decorator to None, run_after=None
[2024-04-02T09:41:31.961+0000] {processor.py:179} INFO - Processing /usr/local/python/3.10.13/lib/python3.10/site-packages/airflow/example_dags/example_dag_decorator.py took 0.153 seconds
[2024-04-02T09:42:27.387+0000] {processor.py:157} INFO - Started process (PID=32295) to work on /usr/local/python/3.10.13/lib/python3.10/site-packages/airflow/example_dags/example_dag_decorator.py
[2024-04-02T09:42:27.388+0000] {processor.py:826} INFO - Processing file /usr/local/python/3.10.13/lib/python3.10/site-packages/airflow/example_dags/example_dag_decorator.py for tasks to queue
[2024-04-02T09:42:27.389+0000] {logging_mixin.py:150} INFO - [2024-04-02T09:42:27.388+0000] {dagbag.py:541} INFO - Filling up the DagBag from /usr/local/python/3.10.13/lib/python3.10/site-packages/airflow/example_dags/example_dag_decorator.py
[2024-04-02T09:42:27.402+0000] {processor.py:836} INFO - DAG(s) dict_keys(['example_dag_decorator']) retrieved from /usr/local/python/3.10.13/lib/python3.10/site-packages/airflow/example_dags/example_dag_decorator.py
[2024-04-02T09:42:27.528+0000] {logging_mixin.py:150} INFO - [2024-04-02T09:42:27.528+0000] {dag.py:2742} INFO - Sync 1 DAGs
[2024-04-02T09:42:27.551+0000] {logging_mixin.py:150} INFO - [2024-04-02T09:42:27.551+0000] {dag.py:3504} INFO - Setting next_dagrun for example_dag_decorator to None, run_after=None
[2024-04-02T09:42:27.598+0000] {processor.py:179} INFO - Processing /usr/local/python/3.10.13/lib/python3.10/site-packages/airflow/example_dags/example_dag_decorator.py took 0.214 seconds
[2024-04-02T09:43:28.726+0000] {processor.py:157} INFO - Started process (PID=32708) to work on /usr/local/python/3.10.13/lib/python3.10/site-packages/airflow/example_dags/example_dag_decorator.py
[2024-04-02T09:43:28.727+0000] {processor.py:826} INFO - Processing file /usr/local/python/3.10.13/lib/python3.10/site-packages/airflow/example_dags/example_dag_decorator.py for tasks to queue
[2024-04-02T09:43:28.728+0000] {logging_mixin.py:150} INFO - [2024-04-02T09:43:28.728+0000] {dagbag.py:541} INFO - Filling up the DagBag from /usr/local/python/3.10.13/lib/python3.10/site-packages/airflow/example_dags/example_dag_decorator.py
[2024-04-02T09:43:28.743+0000] {processor.py:836} INFO - DAG(s) dict_keys(['example_dag_decorator']) retrieved from /usr/local/python/3.10.13/lib/python3.10/site-packages/airflow/example_dags/example_dag_decorator.py
[2024-04-02T09:43:28.878+0000] {logging_mixin.py:150} INFO - [2024-04-02T09:43:28.878+0000] {dag.py:2742} INFO - Sync 1 DAGs
[2024-04-02T09:43:28.907+0000] {logging_mixin.py:150} INFO - [2024-04-02T09:43:28.907+0000] {dag.py:3504} INFO - Setting next_dagrun for example_dag_decorator to None, run_after=None
[2024-04-02T09:43:28.964+0000] {processor.py:179} INFO - Processing /usr/local/python/3.10.13/lib/python3.10/site-packages/airflow/example_dags/example_dag_decorator.py took 0.241 seconds
