[2024-04-02T08:57:09.749+0000] {processor.py:157} INFO - Started process (PID=11569) to work on /usr/local/python/3.10.13/lib/python3.10/site-packages/airflow/example_dags/example_params_ui_tutorial.py
[2024-04-02T08:57:09.750+0000] {processor.py:826} INFO - Processing file /usr/local/python/3.10.13/lib/python3.10/site-packages/airflow/example_dags/example_params_ui_tutorial.py for tasks to queue
[2024-04-02T08:57:09.751+0000] {logging_mixin.py:150} INFO - [2024-04-02T08:57:09.751+0000] {dagbag.py:541} INFO - Filling up the DagBag from /usr/local/python/3.10.13/lib/python3.10/site-packages/airflow/example_dags/example_params_ui_tutorial.py
[2024-04-02T08:57:09.800+0000] {processor.py:836} INFO - DAG(s) dict_keys(['example_params_ui_tutorial']) retrieved from /usr/local/python/3.10.13/lib/python3.10/site-packages/airflow/example_dags/example_params_ui_tutorial.py
[2024-04-02T08:57:10.133+0000] {logging_mixin.py:150} INFO - [2024-04-02T08:57:10.133+0000] {dag.py:2742} INFO - Sync 1 DAGs
[2024-04-02T08:57:10.158+0000] {logging_mixin.py:150} INFO - [2024-04-02T08:57:10.158+0000] {dag.py:3504} INFO - Setting next_dagrun for example_params_ui_tutorial to None, run_after=None
[2024-04-02T08:57:10.207+0000] {processor.py:179} INFO - Processing /usr/local/python/3.10.13/lib/python3.10/site-packages/airflow/example_dags/example_params_ui_tutorial.py took 0.461 seconds
[2024-04-02T08:58:17.214+0000] {processor.py:157} INFO - Started process (PID=12568) to work on /usr/local/python/3.10.13/lib/python3.10/site-packages/airflow/example_dags/example_params_ui_tutorial.py
[2024-04-02T08:58:17.225+0000] {processor.py:826} INFO - Processing file /usr/local/python/3.10.13/lib/python3.10/site-packages/airflow/example_dags/example_params_ui_tutorial.py for tasks to queue
[2024-04-02T08:58:17.226+0000] {logging_mixin.py:150} INFO - [2024-04-02T08:58:17.225+0000] {dagbag.py:541} INFO - Filling up the DagBag from /usr/local/python/3.10.13/lib/python3.10/site-packages/airflow/example_dags/example_params_ui_tutorial.py
[2024-04-02T08:58:17.255+0000] {processor.py:836} INFO - DAG(s) dict_keys(['example_params_ui_tutorial']) retrieved from /usr/local/python/3.10.13/lib/python3.10/site-packages/airflow/example_dags/example_params_ui_tutorial.py
[2024-04-02T08:58:17.286+0000] {logging_mixin.py:150} INFO - [2024-04-02T08:58:17.286+0000] {dag.py:2742} INFO - Sync 1 DAGs
[2024-04-02T08:58:17.301+0000] {logging_mixin.py:150} INFO - [2024-04-02T08:58:17.300+0000] {dag.py:3504} INFO - Setting next_dagrun for example_params_ui_tutorial to None, run_after=None
[2024-04-02T08:58:17.340+0000] {processor.py:179} INFO - Processing /usr/local/python/3.10.13/lib/python3.10/site-packages/airflow/example_dags/example_params_ui_tutorial.py took 0.129 seconds
[2024-04-02T09:00:11.974+0000] {processor.py:157} INFO - Started process (PID=14182) to work on /usr/local/python/3.10.13/lib/python3.10/site-packages/airflow/example_dags/example_params_ui_tutorial.py
[2024-04-02T09:00:11.975+0000] {processor.py:826} INFO - Processing file /usr/local/python/3.10.13/lib/python3.10/site-packages/airflow/example_dags/example_params_ui_tutorial.py for tasks to queue
[2024-04-02T09:00:11.976+0000] {logging_mixin.py:150} INFO - [2024-04-02T09:00:11.976+0000] {dagbag.py:541} INFO - Filling up the DagBag from /usr/local/python/3.10.13/lib/python3.10/site-packages/airflow/example_dags/example_params_ui_tutorial.py
[2024-04-02T09:00:11.995+0000] {processor.py:836} INFO - DAG(s) dict_keys(['example_params_ui_tutorial']) retrieved from /usr/local/python/3.10.13/lib/python3.10/site-packages/airflow/example_dags/example_params_ui_tutorial.py
[2024-04-02T09:00:12.025+0000] {logging_mixin.py:150} INFO - [2024-04-02T09:00:12.025+0000] {dag.py:2742} INFO - Sync 1 DAGs
[2024-04-02T09:00:12.040+0000] {logging_mixin.py:150} INFO - [2024-04-02T09:00:12.040+0000] {dag.py:3504} INFO - Setting next_dagrun for example_params_ui_tutorial to None, run_after=None
[2024-04-02T09:00:12.079+0000] {processor.py:179} INFO - Processing /usr/local/python/3.10.13/lib/python3.10/site-packages/airflow/example_dags/example_params_ui_tutorial.py took 0.106 seconds
[2024-04-02T09:01:00.757+0000] {processor.py:157} INFO - Started process (PID=14575) to work on /usr/local/python/3.10.13/lib/python3.10/site-packages/airflow/example_dags/example_params_ui_tutorial.py
[2024-04-02T09:01:00.758+0000] {processor.py:826} INFO - Processing file /usr/local/python/3.10.13/lib/python3.10/site-packages/airflow/example_dags/example_params_ui_tutorial.py for tasks to queue
[2024-04-02T09:01:00.759+0000] {logging_mixin.py:150} INFO - [2024-04-02T09:01:00.758+0000] {dagbag.py:541} INFO - Filling up the DagBag from /usr/local/python/3.10.13/lib/python3.10/site-packages/airflow/example_dags/example_params_ui_tutorial.py
[2024-04-02T09:01:00.788+0000] {processor.py:836} INFO - DAG(s) dict_keys(['example_params_ui_tutorial']) retrieved from /usr/local/python/3.10.13/lib/python3.10/site-packages/airflow/example_dags/example_params_ui_tutorial.py
[2024-04-02T09:01:00.831+0000] {logging_mixin.py:150} INFO - [2024-04-02T09:01:00.831+0000] {dag.py:2742} INFO - Sync 1 DAGs
[2024-04-02T09:01:00.854+0000] {logging_mixin.py:150} INFO - [2024-04-02T09:01:00.854+0000] {dag.py:3504} INFO - Setting next_dagrun for example_params_ui_tutorial to None, run_after=None
[2024-04-02T09:01:00.898+0000] {processor.py:179} INFO - Processing /usr/local/python/3.10.13/lib/python3.10/site-packages/airflow/example_dags/example_params_ui_tutorial.py took 0.143 seconds
[2024-04-02T09:01:58.019+0000] {processor.py:157} INFO - Started process (PID=15037) to work on /usr/local/python/3.10.13/lib/python3.10/site-packages/airflow/example_dags/example_params_ui_tutorial.py
[2024-04-02T09:01:58.020+0000] {processor.py:826} INFO - Processing file /usr/local/python/3.10.13/lib/python3.10/site-packages/airflow/example_dags/example_params_ui_tutorial.py for tasks to queue
[2024-04-02T09:01:58.021+0000] {logging_mixin.py:150} INFO - [2024-04-02T09:01:58.020+0000] {dagbag.py:541} INFO - Filling up the DagBag from /usr/local/python/3.10.13/lib/python3.10/site-packages/airflow/example_dags/example_params_ui_tutorial.py
[2024-04-02T09:01:58.040+0000] {processor.py:836} INFO - DAG(s) dict_keys(['example_params_ui_tutorial']) retrieved from /usr/local/python/3.10.13/lib/python3.10/site-packages/airflow/example_dags/example_params_ui_tutorial.py
[2024-04-02T09:01:58.067+0000] {logging_mixin.py:150} INFO - [2024-04-02T09:01:58.067+0000] {dag.py:2742} INFO - Sync 1 DAGs
[2024-04-02T09:01:58.086+0000] {logging_mixin.py:150} INFO - [2024-04-02T09:01:58.086+0000] {dag.py:3504} INFO - Setting next_dagrun for example_params_ui_tutorial to None, run_after=None
[2024-04-02T09:01:58.126+0000] {processor.py:179} INFO - Processing /usr/local/python/3.10.13/lib/python3.10/site-packages/airflow/example_dags/example_params_ui_tutorial.py took 0.109 seconds
[2024-04-02T09:02:56.786+0000] {processor.py:157} INFO - Started process (PID=15450) to work on /usr/local/python/3.10.13/lib/python3.10/site-packages/airflow/example_dags/example_params_ui_tutorial.py
[2024-04-02T09:02:56.787+0000] {processor.py:826} INFO - Processing file /usr/local/python/3.10.13/lib/python3.10/site-packages/airflow/example_dags/example_params_ui_tutorial.py for tasks to queue
[2024-04-02T09:02:56.788+0000] {logging_mixin.py:150} INFO - [2024-04-02T09:02:56.787+0000] {dagbag.py:541} INFO - Filling up the DagBag from /usr/local/python/3.10.13/lib/python3.10/site-packages/airflow/example_dags/example_params_ui_tutorial.py
[2024-04-02T09:02:56.807+0000] {processor.py:836} INFO - DAG(s) dict_keys(['example_params_ui_tutorial']) retrieved from /usr/local/python/3.10.13/lib/python3.10/site-packages/airflow/example_dags/example_params_ui_tutorial.py
[2024-04-02T09:02:56.837+0000] {logging_mixin.py:150} INFO - [2024-04-02T09:02:56.836+0000] {dag.py:2742} INFO - Sync 1 DAGs
[2024-04-02T09:02:56.853+0000] {logging_mixin.py:150} INFO - [2024-04-02T09:02:56.852+0000] {dag.py:3504} INFO - Setting next_dagrun for example_params_ui_tutorial to None, run_after=None
[2024-04-02T09:02:56.892+0000] {processor.py:179} INFO - Processing /usr/local/python/3.10.13/lib/python3.10/site-packages/airflow/example_dags/example_params_ui_tutorial.py took 0.108 seconds
[2024-04-02T09:03:55.280+0000] {processor.py:157} INFO - Started process (PID=15856) to work on /usr/local/python/3.10.13/lib/python3.10/site-packages/airflow/example_dags/example_params_ui_tutorial.py
[2024-04-02T09:03:55.281+0000] {processor.py:826} INFO - Processing file /usr/local/python/3.10.13/lib/python3.10/site-packages/airflow/example_dags/example_params_ui_tutorial.py for tasks to queue
[2024-04-02T09:03:55.282+0000] {logging_mixin.py:150} INFO - [2024-04-02T09:03:55.281+0000] {dagbag.py:541} INFO - Filling up the DagBag from /usr/local/python/3.10.13/lib/python3.10/site-packages/airflow/example_dags/example_params_ui_tutorial.py
[2024-04-02T09:03:55.301+0000] {processor.py:836} INFO - DAG(s) dict_keys(['example_params_ui_tutorial']) retrieved from /usr/local/python/3.10.13/lib/python3.10/site-packages/airflow/example_dags/example_params_ui_tutorial.py
[2024-04-02T09:03:55.329+0000] {logging_mixin.py:150} INFO - [2024-04-02T09:03:55.329+0000] {dag.py:2742} INFO - Sync 1 DAGs
[2024-04-02T09:03:55.345+0000] {logging_mixin.py:150} INFO - [2024-04-02T09:03:55.344+0000] {dag.py:3504} INFO - Setting next_dagrun for example_params_ui_tutorial to None, run_after=None
[2024-04-02T09:03:55.382+0000] {processor.py:179} INFO - Processing /usr/local/python/3.10.13/lib/python3.10/site-packages/airflow/example_dags/example_params_ui_tutorial.py took 0.104 seconds
[2024-04-02T09:04:47.525+0000] {processor.py:157} INFO - Started process (PID=16230) to work on /usr/local/python/3.10.13/lib/python3.10/site-packages/airflow/example_dags/example_params_ui_tutorial.py
[2024-04-02T09:04:47.526+0000] {processor.py:826} INFO - Processing file /usr/local/python/3.10.13/lib/python3.10/site-packages/airflow/example_dags/example_params_ui_tutorial.py for tasks to queue
[2024-04-02T09:04:47.527+0000] {logging_mixin.py:150} INFO - [2024-04-02T09:04:47.527+0000] {dagbag.py:541} INFO - Filling up the DagBag from /usr/local/python/3.10.13/lib/python3.10/site-packages/airflow/example_dags/example_params_ui_tutorial.py
[2024-04-02T09:04:47.556+0000] {processor.py:836} INFO - DAG(s) dict_keys(['example_params_ui_tutorial']) retrieved from /usr/local/python/3.10.13/lib/python3.10/site-packages/airflow/example_dags/example_params_ui_tutorial.py
[2024-04-02T09:04:47.598+0000] {logging_mixin.py:150} INFO - [2024-04-02T09:04:47.598+0000] {dag.py:2742} INFO - Sync 1 DAGs
[2024-04-02T09:04:47.618+0000] {logging_mixin.py:150} INFO - [2024-04-02T09:04:47.618+0000] {dag.py:3504} INFO - Setting next_dagrun for example_params_ui_tutorial to None, run_after=None
[2024-04-02T09:04:47.665+0000] {processor.py:179} INFO - Processing /usr/local/python/3.10.13/lib/python3.10/site-packages/airflow/example_dags/example_params_ui_tutorial.py took 0.143 seconds
[2024-04-02T09:05:45.638+0000] {processor.py:157} INFO - Started process (PID=16617) to work on /usr/local/python/3.10.13/lib/python3.10/site-packages/airflow/example_dags/example_params_ui_tutorial.py
[2024-04-02T09:05:45.639+0000] {processor.py:826} INFO - Processing file /usr/local/python/3.10.13/lib/python3.10/site-packages/airflow/example_dags/example_params_ui_tutorial.py for tasks to queue
[2024-04-02T09:05:45.640+0000] {logging_mixin.py:150} INFO - [2024-04-02T09:05:45.640+0000] {dagbag.py:541} INFO - Filling up the DagBag from /usr/local/python/3.10.13/lib/python3.10/site-packages/airflow/example_dags/example_params_ui_tutorial.py
[2024-04-02T09:05:45.670+0000] {processor.py:836} INFO - DAG(s) dict_keys(['example_params_ui_tutorial']) retrieved from /usr/local/python/3.10.13/lib/python3.10/site-packages/airflow/example_dags/example_params_ui_tutorial.py
[2024-04-02T09:05:45.716+0000] {logging_mixin.py:150} INFO - [2024-04-02T09:05:45.715+0000] {dag.py:2742} INFO - Sync 1 DAGs
[2024-04-02T09:05:45.738+0000] {logging_mixin.py:150} INFO - [2024-04-02T09:05:45.738+0000] {dag.py:3504} INFO - Setting next_dagrun for example_params_ui_tutorial to None, run_after=None
[2024-04-02T09:05:45.794+0000] {processor.py:179} INFO - Processing /usr/local/python/3.10.13/lib/python3.10/site-packages/airflow/example_dags/example_params_ui_tutorial.py took 0.159 seconds
[2024-04-02T09:06:35.712+0000] {processor.py:157} INFO - Started process (PID=16992) to work on /usr/local/python/3.10.13/lib/python3.10/site-packages/airflow/example_dags/example_params_ui_tutorial.py
[2024-04-02T09:06:35.713+0000] {processor.py:826} INFO - Processing file /usr/local/python/3.10.13/lib/python3.10/site-packages/airflow/example_dags/example_params_ui_tutorial.py for tasks to queue
[2024-04-02T09:06:35.713+0000] {logging_mixin.py:150} INFO - [2024-04-02T09:06:35.713+0000] {dagbag.py:541} INFO - Filling up the DagBag from /usr/local/python/3.10.13/lib/python3.10/site-packages/airflow/example_dags/example_params_ui_tutorial.py
[2024-04-02T09:06:35.732+0000] {processor.py:836} INFO - DAG(s) dict_keys(['example_params_ui_tutorial']) retrieved from /usr/local/python/3.10.13/lib/python3.10/site-packages/airflow/example_dags/example_params_ui_tutorial.py
[2024-04-02T09:06:35.760+0000] {logging_mixin.py:150} INFO - [2024-04-02T09:06:35.760+0000] {dag.py:2742} INFO - Sync 1 DAGs
[2024-04-02T09:06:35.775+0000] {logging_mixin.py:150} INFO - [2024-04-02T09:06:35.775+0000] {dag.py:3504} INFO - Setting next_dagrun for example_params_ui_tutorial to None, run_after=None
[2024-04-02T09:06:35.814+0000] {processor.py:179} INFO - Processing /usr/local/python/3.10.13/lib/python3.10/site-packages/airflow/example_dags/example_params_ui_tutorial.py took 0.105 seconds
[2024-04-02T09:07:36.600+0000] {processor.py:157} INFO - Started process (PID=17812) to work on /usr/local/python/3.10.13/lib/python3.10/site-packages/airflow/example_dags/example_params_ui_tutorial.py
[2024-04-02T09:07:36.602+0000] {processor.py:826} INFO - Processing file /usr/local/python/3.10.13/lib/python3.10/site-packages/airflow/example_dags/example_params_ui_tutorial.py for tasks to queue
[2024-04-02T09:07:36.603+0000] {logging_mixin.py:150} INFO - [2024-04-02T09:07:36.602+0000] {dagbag.py:541} INFO - Filling up the DagBag from /usr/local/python/3.10.13/lib/python3.10/site-packages/airflow/example_dags/example_params_ui_tutorial.py
[2024-04-02T09:07:36.634+0000] {processor.py:836} INFO - DAG(s) dict_keys(['example_params_ui_tutorial']) retrieved from /usr/local/python/3.10.13/lib/python3.10/site-packages/airflow/example_dags/example_params_ui_tutorial.py
[2024-04-02T09:07:36.681+0000] {logging_mixin.py:150} INFO - [2024-04-02T09:07:36.680+0000] {dag.py:2742} INFO - Sync 1 DAGs
[2024-04-02T09:07:36.702+0000] {logging_mixin.py:150} INFO - [2024-04-02T09:07:36.702+0000] {dag.py:3504} INFO - Setting next_dagrun for example_params_ui_tutorial to None, run_after=None
[2024-04-02T09:07:36.748+0000] {processor.py:179} INFO - Processing /usr/local/python/3.10.13/lib/python3.10/site-packages/airflow/example_dags/example_params_ui_tutorial.py took 0.151 seconds
[2024-04-02T09:08:31.760+0000] {processor.py:157} INFO - Started process (PID=18196) to work on /usr/local/python/3.10.13/lib/python3.10/site-packages/airflow/example_dags/example_params_ui_tutorial.py
[2024-04-02T09:08:31.761+0000] {processor.py:826} INFO - Processing file /usr/local/python/3.10.13/lib/python3.10/site-packages/airflow/example_dags/example_params_ui_tutorial.py for tasks to queue
[2024-04-02T09:08:31.761+0000] {logging_mixin.py:150} INFO - [2024-04-02T09:08:31.761+0000] {dagbag.py:541} INFO - Filling up the DagBag from /usr/local/python/3.10.13/lib/python3.10/site-packages/airflow/example_dags/example_params_ui_tutorial.py
[2024-04-02T09:08:31.781+0000] {processor.py:836} INFO - DAG(s) dict_keys(['example_params_ui_tutorial']) retrieved from /usr/local/python/3.10.13/lib/python3.10/site-packages/airflow/example_dags/example_params_ui_tutorial.py
[2024-04-02T09:08:31.809+0000] {logging_mixin.py:150} INFO - [2024-04-02T09:08:31.809+0000] {dag.py:2742} INFO - Sync 1 DAGs
[2024-04-02T09:08:31.824+0000] {logging_mixin.py:150} INFO - [2024-04-02T09:08:31.824+0000] {dag.py:3504} INFO - Setting next_dagrun for example_params_ui_tutorial to None, run_after=None
[2024-04-02T09:08:31.862+0000] {processor.py:179} INFO - Processing /usr/local/python/3.10.13/lib/python3.10/site-packages/airflow/example_dags/example_params_ui_tutorial.py took 0.105 seconds
[2024-04-02T09:09:29.553+0000] {processor.py:157} INFO - Started process (PID=18595) to work on /usr/local/python/3.10.13/lib/python3.10/site-packages/airflow/example_dags/example_params_ui_tutorial.py
[2024-04-02T09:09:29.554+0000] {processor.py:826} INFO - Processing file /usr/local/python/3.10.13/lib/python3.10/site-packages/airflow/example_dags/example_params_ui_tutorial.py for tasks to queue
[2024-04-02T09:09:29.555+0000] {logging_mixin.py:150} INFO - [2024-04-02T09:09:29.554+0000] {dagbag.py:541} INFO - Filling up the DagBag from /usr/local/python/3.10.13/lib/python3.10/site-packages/airflow/example_dags/example_params_ui_tutorial.py
[2024-04-02T09:09:29.574+0000] {processor.py:836} INFO - DAG(s) dict_keys(['example_params_ui_tutorial']) retrieved from /usr/local/python/3.10.13/lib/python3.10/site-packages/airflow/example_dags/example_params_ui_tutorial.py
[2024-04-02T09:09:29.602+0000] {logging_mixin.py:150} INFO - [2024-04-02T09:09:29.602+0000] {dag.py:2742} INFO - Sync 1 DAGs
[2024-04-02T09:09:29.618+0000] {logging_mixin.py:150} INFO - [2024-04-02T09:09:29.618+0000] {dag.py:3504} INFO - Setting next_dagrun for example_params_ui_tutorial to None, run_after=None
[2024-04-02T09:09:29.659+0000] {processor.py:179} INFO - Processing /usr/local/python/3.10.13/lib/python3.10/site-packages/airflow/example_dags/example_params_ui_tutorial.py took 0.109 seconds
[2024-04-02T09:10:27.266+0000] {processor.py:157} INFO - Started process (PID=18997) to work on /usr/local/python/3.10.13/lib/python3.10/site-packages/airflow/example_dags/example_params_ui_tutorial.py
[2024-04-02T09:10:27.267+0000] {processor.py:826} INFO - Processing file /usr/local/python/3.10.13/lib/python3.10/site-packages/airflow/example_dags/example_params_ui_tutorial.py for tasks to queue
[2024-04-02T09:10:27.269+0000] {logging_mixin.py:150} INFO - [2024-04-02T09:10:27.268+0000] {dagbag.py:541} INFO - Filling up the DagBag from /usr/local/python/3.10.13/lib/python3.10/site-packages/airflow/example_dags/example_params_ui_tutorial.py
[2024-04-02T09:10:27.313+0000] {processor.py:836} INFO - DAG(s) dict_keys(['example_params_ui_tutorial']) retrieved from /usr/local/python/3.10.13/lib/python3.10/site-packages/airflow/example_dags/example_params_ui_tutorial.py
[2024-04-02T09:10:27.378+0000] {logging_mixin.py:150} INFO - [2024-04-02T09:10:27.378+0000] {dag.py:2742} INFO - Sync 1 DAGs
[2024-04-02T09:10:27.402+0000] {logging_mixin.py:150} INFO - [2024-04-02T09:10:27.402+0000] {dag.py:3504} INFO - Setting next_dagrun for example_params_ui_tutorial to None, run_after=None
[2024-04-02T09:10:27.445+0000] {processor.py:179} INFO - Processing /usr/local/python/3.10.13/lib/python3.10/site-packages/airflow/example_dags/example_params_ui_tutorial.py took 0.182 seconds
[2024-04-02T09:11:26.769+0000] {processor.py:157} INFO - Started process (PID=19405) to work on /usr/local/python/3.10.13/lib/python3.10/site-packages/airflow/example_dags/example_params_ui_tutorial.py
[2024-04-02T09:11:26.770+0000] {processor.py:826} INFO - Processing file /usr/local/python/3.10.13/lib/python3.10/site-packages/airflow/example_dags/example_params_ui_tutorial.py for tasks to queue
[2024-04-02T09:11:26.772+0000] {logging_mixin.py:150} INFO - [2024-04-02T09:11:26.772+0000] {dagbag.py:541} INFO - Filling up the DagBag from /usr/local/python/3.10.13/lib/python3.10/site-packages/airflow/example_dags/example_params_ui_tutorial.py
[2024-04-02T09:11:26.804+0000] {processor.py:836} INFO - DAG(s) dict_keys(['example_params_ui_tutorial']) retrieved from /usr/local/python/3.10.13/lib/python3.10/site-packages/airflow/example_dags/example_params_ui_tutorial.py
[2024-04-02T09:11:26.847+0000] {logging_mixin.py:150} INFO - [2024-04-02T09:11:26.846+0000] {dag.py:2742} INFO - Sync 1 DAGs
[2024-04-02T09:11:26.873+0000] {logging_mixin.py:150} INFO - [2024-04-02T09:11:26.873+0000] {dag.py:3504} INFO - Setting next_dagrun for example_params_ui_tutorial to None, run_after=None
[2024-04-02T09:11:26.918+0000] {processor.py:179} INFO - Processing /usr/local/python/3.10.13/lib/python3.10/site-packages/airflow/example_dags/example_params_ui_tutorial.py took 0.152 seconds
[2024-04-02T09:12:26.753+0000] {processor.py:157} INFO - Started process (PID=19816) to work on /usr/local/python/3.10.13/lib/python3.10/site-packages/airflow/example_dags/example_params_ui_tutorial.py
[2024-04-02T09:12:26.754+0000] {processor.py:826} INFO - Processing file /usr/local/python/3.10.13/lib/python3.10/site-packages/airflow/example_dags/example_params_ui_tutorial.py for tasks to queue
[2024-04-02T09:12:26.755+0000] {logging_mixin.py:150} INFO - [2024-04-02T09:12:26.755+0000] {dagbag.py:541} INFO - Filling up the DagBag from /usr/local/python/3.10.13/lib/python3.10/site-packages/airflow/example_dags/example_params_ui_tutorial.py
[2024-04-02T09:12:26.788+0000] {processor.py:836} INFO - DAG(s) dict_keys(['example_params_ui_tutorial']) retrieved from /usr/local/python/3.10.13/lib/python3.10/site-packages/airflow/example_dags/example_params_ui_tutorial.py
[2024-04-02T09:12:26.835+0000] {logging_mixin.py:150} INFO - [2024-04-02T09:12:26.835+0000] {dag.py:2742} INFO - Sync 1 DAGs
[2024-04-02T09:12:26.859+0000] {logging_mixin.py:150} INFO - [2024-04-02T09:12:26.859+0000] {dag.py:3504} INFO - Setting next_dagrun for example_params_ui_tutorial to None, run_after=None
[2024-04-02T09:12:26.903+0000] {processor.py:179} INFO - Processing /usr/local/python/3.10.13/lib/python3.10/site-packages/airflow/example_dags/example_params_ui_tutorial.py took 0.154 seconds
[2024-04-02T09:13:26.862+0000] {processor.py:157} INFO - Started process (PID=20207) to work on /usr/local/python/3.10.13/lib/python3.10/site-packages/airflow/example_dags/example_params_ui_tutorial.py
[2024-04-02T09:13:26.863+0000] {processor.py:826} INFO - Processing file /usr/local/python/3.10.13/lib/python3.10/site-packages/airflow/example_dags/example_params_ui_tutorial.py for tasks to queue
[2024-04-02T09:13:26.865+0000] {logging_mixin.py:150} INFO - [2024-04-02T09:13:26.864+0000] {dagbag.py:541} INFO - Filling up the DagBag from /usr/local/python/3.10.13/lib/python3.10/site-packages/airflow/example_dags/example_params_ui_tutorial.py
[2024-04-02T09:13:26.900+0000] {processor.py:836} INFO - DAG(s) dict_keys(['example_params_ui_tutorial']) retrieved from /usr/local/python/3.10.13/lib/python3.10/site-packages/airflow/example_dags/example_params_ui_tutorial.py
[2024-04-02T09:13:26.959+0000] {logging_mixin.py:150} INFO - [2024-04-02T09:13:26.959+0000] {dag.py:2742} INFO - Sync 1 DAGs
[2024-04-02T09:13:26.996+0000] {logging_mixin.py:150} INFO - [2024-04-02T09:13:26.996+0000] {dag.py:3504} INFO - Setting next_dagrun for example_params_ui_tutorial to None, run_after=None
[2024-04-02T09:13:27.063+0000] {processor.py:179} INFO - Processing /usr/local/python/3.10.13/lib/python3.10/site-packages/airflow/example_dags/example_params_ui_tutorial.py took 0.204 seconds
[2024-04-02T09:14:20.570+0000] {processor.py:157} INFO - Started process (PID=20592) to work on /usr/local/python/3.10.13/lib/python3.10/site-packages/airflow/example_dags/example_params_ui_tutorial.py
[2024-04-02T09:14:20.571+0000] {processor.py:826} INFO - Processing file /usr/local/python/3.10.13/lib/python3.10/site-packages/airflow/example_dags/example_params_ui_tutorial.py for tasks to queue
[2024-04-02T09:14:20.571+0000] {logging_mixin.py:150} INFO - [2024-04-02T09:14:20.571+0000] {dagbag.py:541} INFO - Filling up the DagBag from /usr/local/python/3.10.13/lib/python3.10/site-packages/airflow/example_dags/example_params_ui_tutorial.py
[2024-04-02T09:14:20.591+0000] {processor.py:836} INFO - DAG(s) dict_keys(['example_params_ui_tutorial']) retrieved from /usr/local/python/3.10.13/lib/python3.10/site-packages/airflow/example_dags/example_params_ui_tutorial.py
[2024-04-02T09:14:20.618+0000] {logging_mixin.py:150} INFO - [2024-04-02T09:14:20.618+0000] {dag.py:2742} INFO - Sync 1 DAGs
[2024-04-02T09:14:20.633+0000] {logging_mixin.py:150} INFO - [2024-04-02T09:14:20.633+0000] {dag.py:3504} INFO - Setting next_dagrun for example_params_ui_tutorial to None, run_after=None
[2024-04-02T09:14:20.675+0000] {processor.py:179} INFO - Processing /usr/local/python/3.10.13/lib/python3.10/site-packages/airflow/example_dags/example_params_ui_tutorial.py took 0.107 seconds
[2024-04-02T09:15:10.961+0000] {processor.py:157} INFO - Started process (PID=20963) to work on /usr/local/python/3.10.13/lib/python3.10/site-packages/airflow/example_dags/example_params_ui_tutorial.py
[2024-04-02T09:15:10.962+0000] {processor.py:826} INFO - Processing file /usr/local/python/3.10.13/lib/python3.10/site-packages/airflow/example_dags/example_params_ui_tutorial.py for tasks to queue
[2024-04-02T09:15:10.963+0000] {logging_mixin.py:150} INFO - [2024-04-02T09:15:10.963+0000] {dagbag.py:541} INFO - Filling up the DagBag from /usr/local/python/3.10.13/lib/python3.10/site-packages/airflow/example_dags/example_params_ui_tutorial.py
[2024-04-02T09:15:10.995+0000] {processor.py:836} INFO - DAG(s) dict_keys(['example_params_ui_tutorial']) retrieved from /usr/local/python/3.10.13/lib/python3.10/site-packages/airflow/example_dags/example_params_ui_tutorial.py
[2024-04-02T09:15:11.038+0000] {logging_mixin.py:150} INFO - [2024-04-02T09:15:11.038+0000] {dag.py:2742} INFO - Sync 1 DAGs
[2024-04-02T09:15:11.060+0000] {logging_mixin.py:150} INFO - [2024-04-02T09:15:11.060+0000] {dag.py:3504} INFO - Setting next_dagrun for example_params_ui_tutorial to None, run_after=None
[2024-04-02T09:15:11.102+0000] {processor.py:179} INFO - Processing /usr/local/python/3.10.13/lib/python3.10/site-packages/airflow/example_dags/example_params_ui_tutorial.py took 0.145 seconds
[2024-04-02T09:16:06.148+0000] {processor.py:157} INFO - Started process (PID=21340) to work on /usr/local/python/3.10.13/lib/python3.10/site-packages/airflow/example_dags/example_params_ui_tutorial.py
[2024-04-02T09:16:06.149+0000] {processor.py:826} INFO - Processing file /usr/local/python/3.10.13/lib/python3.10/site-packages/airflow/example_dags/example_params_ui_tutorial.py for tasks to queue
[2024-04-02T09:16:06.150+0000] {logging_mixin.py:150} INFO - [2024-04-02T09:16:06.150+0000] {dagbag.py:541} INFO - Filling up the DagBag from /usr/local/python/3.10.13/lib/python3.10/site-packages/airflow/example_dags/example_params_ui_tutorial.py
[2024-04-02T09:16:06.182+0000] {processor.py:836} INFO - DAG(s) dict_keys(['example_params_ui_tutorial']) retrieved from /usr/local/python/3.10.13/lib/python3.10/site-packages/airflow/example_dags/example_params_ui_tutorial.py
[2024-04-02T09:16:06.255+0000] {logging_mixin.py:150} INFO - [2024-04-02T09:16:06.254+0000] {dag.py:2742} INFO - Sync 1 DAGs
[2024-04-02T09:16:06.279+0000] {logging_mixin.py:150} INFO - [2024-04-02T09:16:06.279+0000] {dag.py:3504} INFO - Setting next_dagrun for example_params_ui_tutorial to None, run_after=None
[2024-04-02T09:16:06.324+0000] {processor.py:179} INFO - Processing /usr/local/python/3.10.13/lib/python3.10/site-packages/airflow/example_dags/example_params_ui_tutorial.py took 0.180 seconds
[2024-04-02T09:17:05.218+0000] {processor.py:157} INFO - Started process (PID=21742) to work on /usr/local/python/3.10.13/lib/python3.10/site-packages/airflow/example_dags/example_params_ui_tutorial.py
[2024-04-02T09:17:05.219+0000] {processor.py:826} INFO - Processing file /usr/local/python/3.10.13/lib/python3.10/site-packages/airflow/example_dags/example_params_ui_tutorial.py for tasks to queue
[2024-04-02T09:17:05.220+0000] {logging_mixin.py:150} INFO - [2024-04-02T09:17:05.219+0000] {dagbag.py:541} INFO - Filling up the DagBag from /usr/local/python/3.10.13/lib/python3.10/site-packages/airflow/example_dags/example_params_ui_tutorial.py
[2024-04-02T09:17:05.243+0000] {processor.py:836} INFO - DAG(s) dict_keys(['example_params_ui_tutorial']) retrieved from /usr/local/python/3.10.13/lib/python3.10/site-packages/airflow/example_dags/example_params_ui_tutorial.py
[2024-04-02T09:17:05.287+0000] {logging_mixin.py:150} INFO - [2024-04-02T09:17:05.287+0000] {dag.py:2742} INFO - Sync 1 DAGs
[2024-04-02T09:17:05.303+0000] {logging_mixin.py:150} INFO - [2024-04-02T09:17:05.303+0000] {dag.py:3504} INFO - Setting next_dagrun for example_params_ui_tutorial to None, run_after=None
[2024-04-02T09:17:05.344+0000] {processor.py:179} INFO - Processing /usr/local/python/3.10.13/lib/python3.10/site-packages/airflow/example_dags/example_params_ui_tutorial.py took 0.128 seconds
[2024-04-02T09:18:02.146+0000] {processor.py:157} INFO - Started process (PID=22120) to work on /usr/local/python/3.10.13/lib/python3.10/site-packages/airflow/example_dags/example_params_ui_tutorial.py
[2024-04-02T09:18:02.147+0000] {processor.py:826} INFO - Processing file /usr/local/python/3.10.13/lib/python3.10/site-packages/airflow/example_dags/example_params_ui_tutorial.py for tasks to queue
[2024-04-02T09:18:02.148+0000] {logging_mixin.py:150} INFO - [2024-04-02T09:18:02.148+0000] {dagbag.py:541} INFO - Filling up the DagBag from /usr/local/python/3.10.13/lib/python3.10/site-packages/airflow/example_dags/example_params_ui_tutorial.py
[2024-04-02T09:18:02.178+0000] {processor.py:836} INFO - DAG(s) dict_keys(['example_params_ui_tutorial']) retrieved from /usr/local/python/3.10.13/lib/python3.10/site-packages/airflow/example_dags/example_params_ui_tutorial.py
[2024-04-02T09:18:02.209+0000] {logging_mixin.py:150} INFO - [2024-04-02T09:18:02.208+0000] {dag.py:2742} INFO - Sync 1 DAGs
[2024-04-02T09:18:02.228+0000] {logging_mixin.py:150} INFO - [2024-04-02T09:18:02.228+0000] {dag.py:3504} INFO - Setting next_dagrun for example_params_ui_tutorial to None, run_after=None
[2024-04-02T09:18:02.275+0000] {processor.py:179} INFO - Processing /usr/local/python/3.10.13/lib/python3.10/site-packages/airflow/example_dags/example_params_ui_tutorial.py took 0.133 seconds
[2024-04-02T09:19:02.877+0000] {processor.py:157} INFO - Started process (PID=22539) to work on /usr/local/python/3.10.13/lib/python3.10/site-packages/airflow/example_dags/example_params_ui_tutorial.py
[2024-04-02T09:19:02.878+0000] {processor.py:826} INFO - Processing file /usr/local/python/3.10.13/lib/python3.10/site-packages/airflow/example_dags/example_params_ui_tutorial.py for tasks to queue
[2024-04-02T09:19:02.879+0000] {logging_mixin.py:150} INFO - [2024-04-02T09:19:02.878+0000] {dagbag.py:541} INFO - Filling up the DagBag from /usr/local/python/3.10.13/lib/python3.10/site-packages/airflow/example_dags/example_params_ui_tutorial.py
[2024-04-02T09:19:02.898+0000] {processor.py:836} INFO - DAG(s) dict_keys(['example_params_ui_tutorial']) retrieved from /usr/local/python/3.10.13/lib/python3.10/site-packages/airflow/example_dags/example_params_ui_tutorial.py
[2024-04-02T09:19:02.926+0000] {logging_mixin.py:150} INFO - [2024-04-02T09:19:02.926+0000] {dag.py:2742} INFO - Sync 1 DAGs
[2024-04-02T09:19:02.941+0000] {logging_mixin.py:150} INFO - [2024-04-02T09:19:02.941+0000] {dag.py:3504} INFO - Setting next_dagrun for example_params_ui_tutorial to None, run_after=None
[2024-04-02T09:19:02.981+0000] {processor.py:179} INFO - Processing /usr/local/python/3.10.13/lib/python3.10/site-packages/airflow/example_dags/example_params_ui_tutorial.py took 0.106 seconds
[2024-04-02T09:19:56.374+0000] {processor.py:157} INFO - Started process (PID=22943) to work on /usr/local/python/3.10.13/lib/python3.10/site-packages/airflow/example_dags/example_params_ui_tutorial.py
[2024-04-02T09:19:56.375+0000] {processor.py:826} INFO - Processing file /usr/local/python/3.10.13/lib/python3.10/site-packages/airflow/example_dags/example_params_ui_tutorial.py for tasks to queue
[2024-04-02T09:19:56.376+0000] {logging_mixin.py:150} INFO - [2024-04-02T09:19:56.375+0000] {dagbag.py:541} INFO - Filling up the DagBag from /usr/local/python/3.10.13/lib/python3.10/site-packages/airflow/example_dags/example_params_ui_tutorial.py
[2024-04-02T09:19:56.395+0000] {processor.py:836} INFO - DAG(s) dict_keys(['example_params_ui_tutorial']) retrieved from /usr/local/python/3.10.13/lib/python3.10/site-packages/airflow/example_dags/example_params_ui_tutorial.py
[2024-04-02T09:19:56.423+0000] {logging_mixin.py:150} INFO - [2024-04-02T09:19:56.422+0000] {dag.py:2742} INFO - Sync 1 DAGs
[2024-04-02T09:19:56.437+0000] {logging_mixin.py:150} INFO - [2024-04-02T09:19:56.437+0000] {dag.py:3504} INFO - Setting next_dagrun for example_params_ui_tutorial to None, run_after=None
[2024-04-02T09:19:56.478+0000] {processor.py:179} INFO - Processing /usr/local/python/3.10.13/lib/python3.10/site-packages/airflow/example_dags/example_params_ui_tutorial.py took 0.106 seconds
[2024-04-02T09:20:54.603+0000] {processor.py:157} INFO - Started process (PID=23324) to work on /usr/local/python/3.10.13/lib/python3.10/site-packages/airflow/example_dags/example_params_ui_tutorial.py
[2024-04-02T09:20:54.603+0000] {processor.py:826} INFO - Processing file /usr/local/python/3.10.13/lib/python3.10/site-packages/airflow/example_dags/example_params_ui_tutorial.py for tasks to queue
[2024-04-02T09:20:54.604+0000] {logging_mixin.py:150} INFO - [2024-04-02T09:20:54.604+0000] {dagbag.py:541} INFO - Filling up the DagBag from /usr/local/python/3.10.13/lib/python3.10/site-packages/airflow/example_dags/example_params_ui_tutorial.py
[2024-04-02T09:20:54.623+0000] {processor.py:836} INFO - DAG(s) dict_keys(['example_params_ui_tutorial']) retrieved from /usr/local/python/3.10.13/lib/python3.10/site-packages/airflow/example_dags/example_params_ui_tutorial.py
[2024-04-02T09:20:54.651+0000] {logging_mixin.py:150} INFO - [2024-04-02T09:20:54.651+0000] {dag.py:2742} INFO - Sync 1 DAGs
[2024-04-02T09:20:54.666+0000] {logging_mixin.py:150} INFO - [2024-04-02T09:20:54.666+0000] {dag.py:3504} INFO - Setting next_dagrun for example_params_ui_tutorial to None, run_after=None
[2024-04-02T09:20:54.705+0000] {processor.py:179} INFO - Processing /usr/local/python/3.10.13/lib/python3.10/site-packages/airflow/example_dags/example_params_ui_tutorial.py took 0.105 seconds
[2024-04-02T09:21:48.196+0000] {processor.py:157} INFO - Started process (PID=23708) to work on /usr/local/python/3.10.13/lib/python3.10/site-packages/airflow/example_dags/example_params_ui_tutorial.py
[2024-04-02T09:21:48.197+0000] {processor.py:826} INFO - Processing file /usr/local/python/3.10.13/lib/python3.10/site-packages/airflow/example_dags/example_params_ui_tutorial.py for tasks to queue
[2024-04-02T09:21:48.198+0000] {logging_mixin.py:150} INFO - [2024-04-02T09:21:48.197+0000] {dagbag.py:541} INFO - Filling up the DagBag from /usr/local/python/3.10.13/lib/python3.10/site-packages/airflow/example_dags/example_params_ui_tutorial.py
[2024-04-02T09:21:48.217+0000] {processor.py:836} INFO - DAG(s) dict_keys(['example_params_ui_tutorial']) retrieved from /usr/local/python/3.10.13/lib/python3.10/site-packages/airflow/example_dags/example_params_ui_tutorial.py
[2024-04-02T09:21:48.247+0000] {logging_mixin.py:150} INFO - [2024-04-02T09:21:48.247+0000] {dag.py:2742} INFO - Sync 1 DAGs
[2024-04-02T09:21:48.262+0000] {logging_mixin.py:150} INFO - [2024-04-02T09:21:48.262+0000] {dag.py:3504} INFO - Setting next_dagrun for example_params_ui_tutorial to None, run_after=None
[2024-04-02T09:21:48.301+0000] {processor.py:179} INFO - Processing /usr/local/python/3.10.13/lib/python3.10/site-packages/airflow/example_dags/example_params_ui_tutorial.py took 0.107 seconds
[2024-04-02T09:22:46.970+0000] {processor.py:157} INFO - Started process (PID=24095) to work on /usr/local/python/3.10.13/lib/python3.10/site-packages/airflow/example_dags/example_params_ui_tutorial.py
[2024-04-02T09:22:46.971+0000] {processor.py:826} INFO - Processing file /usr/local/python/3.10.13/lib/python3.10/site-packages/airflow/example_dags/example_params_ui_tutorial.py for tasks to queue
[2024-04-02T09:22:46.972+0000] {logging_mixin.py:150} INFO - [2024-04-02T09:22:46.971+0000] {dagbag.py:541} INFO - Filling up the DagBag from /usr/local/python/3.10.13/lib/python3.10/site-packages/airflow/example_dags/example_params_ui_tutorial.py
[2024-04-02T09:22:46.990+0000] {processor.py:836} INFO - DAG(s) dict_keys(['example_params_ui_tutorial']) retrieved from /usr/local/python/3.10.13/lib/python3.10/site-packages/airflow/example_dags/example_params_ui_tutorial.py
[2024-04-02T09:22:47.020+0000] {logging_mixin.py:150} INFO - [2024-04-02T09:22:47.020+0000] {dag.py:2742} INFO - Sync 1 DAGs
[2024-04-02T09:22:47.035+0000] {logging_mixin.py:150} INFO - [2024-04-02T09:22:47.035+0000] {dag.py:3504} INFO - Setting next_dagrun for example_params_ui_tutorial to None, run_after=None
[2024-04-02T09:22:47.075+0000] {processor.py:179} INFO - Processing /usr/local/python/3.10.13/lib/python3.10/site-packages/airflow/example_dags/example_params_ui_tutorial.py took 0.107 seconds
[2024-04-02T09:23:44.816+0000] {processor.py:157} INFO - Started process (PID=24499) to work on /usr/local/python/3.10.13/lib/python3.10/site-packages/airflow/example_dags/example_params_ui_tutorial.py
[2024-04-02T09:23:44.817+0000] {processor.py:826} INFO - Processing file /usr/local/python/3.10.13/lib/python3.10/site-packages/airflow/example_dags/example_params_ui_tutorial.py for tasks to queue
[2024-04-02T09:23:44.818+0000] {logging_mixin.py:150} INFO - [2024-04-02T09:23:44.818+0000] {dagbag.py:541} INFO - Filling up the DagBag from /usr/local/python/3.10.13/lib/python3.10/site-packages/airflow/example_dags/example_params_ui_tutorial.py
[2024-04-02T09:23:44.848+0000] {processor.py:836} INFO - DAG(s) dict_keys(['example_params_ui_tutorial']) retrieved from /usr/local/python/3.10.13/lib/python3.10/site-packages/airflow/example_dags/example_params_ui_tutorial.py
[2024-04-02T09:23:44.911+0000] {logging_mixin.py:150} INFO - [2024-04-02T09:23:44.911+0000] {dag.py:2742} INFO - Sync 1 DAGs
[2024-04-02T09:23:44.935+0000] {logging_mixin.py:150} INFO - [2024-04-02T09:23:44.935+0000] {dag.py:3504} INFO - Setting next_dagrun for example_params_ui_tutorial to None, run_after=None
[2024-04-02T09:23:44.979+0000] {processor.py:179} INFO - Processing /usr/local/python/3.10.13/lib/python3.10/site-packages/airflow/example_dags/example_params_ui_tutorial.py took 0.166 seconds
[2024-04-02T09:24:48.435+0000] {processor.py:157} INFO - Started process (PID=24947) to work on /usr/local/python/3.10.13/lib/python3.10/site-packages/airflow/example_dags/example_params_ui_tutorial.py
[2024-04-02T09:24:48.435+0000] {processor.py:826} INFO - Processing file /usr/local/python/3.10.13/lib/python3.10/site-packages/airflow/example_dags/example_params_ui_tutorial.py for tasks to queue
[2024-04-02T09:24:48.436+0000] {logging_mixin.py:150} INFO - [2024-04-02T09:24:48.436+0000] {dagbag.py:541} INFO - Filling up the DagBag from /usr/local/python/3.10.13/lib/python3.10/site-packages/airflow/example_dags/example_params_ui_tutorial.py
[2024-04-02T09:24:48.455+0000] {processor.py:836} INFO - DAG(s) dict_keys(['example_params_ui_tutorial']) retrieved from /usr/local/python/3.10.13/lib/python3.10/site-packages/airflow/example_dags/example_params_ui_tutorial.py
[2024-04-02T09:24:48.483+0000] {logging_mixin.py:150} INFO - [2024-04-02T09:24:48.483+0000] {dag.py:2742} INFO - Sync 1 DAGs
[2024-04-02T09:24:48.500+0000] {logging_mixin.py:150} INFO - [2024-04-02T09:24:48.500+0000] {dag.py:3504} INFO - Setting next_dagrun for example_params_ui_tutorial to None, run_after=None
[2024-04-02T09:24:48.542+0000] {processor.py:179} INFO - Processing /usr/local/python/3.10.13/lib/python3.10/site-packages/airflow/example_dags/example_params_ui_tutorial.py took 0.110 seconds
[2024-04-02T09:25:50.712+0000] {processor.py:157} INFO - Started process (PID=25371) to work on /usr/local/python/3.10.13/lib/python3.10/site-packages/airflow/example_dags/example_params_ui_tutorial.py
[2024-04-02T09:25:50.713+0000] {processor.py:826} INFO - Processing file /usr/local/python/3.10.13/lib/python3.10/site-packages/airflow/example_dags/example_params_ui_tutorial.py for tasks to queue
[2024-04-02T09:25:50.714+0000] {logging_mixin.py:150} INFO - [2024-04-02T09:25:50.714+0000] {dagbag.py:541} INFO - Filling up the DagBag from /usr/local/python/3.10.13/lib/python3.10/site-packages/airflow/example_dags/example_params_ui_tutorial.py
[2024-04-02T09:25:50.747+0000] {processor.py:836} INFO - DAG(s) dict_keys(['example_params_ui_tutorial']) retrieved from /usr/local/python/3.10.13/lib/python3.10/site-packages/airflow/example_dags/example_params_ui_tutorial.py
[2024-04-02T09:25:50.794+0000] {logging_mixin.py:150} INFO - [2024-04-02T09:25:50.794+0000] {dag.py:2742} INFO - Sync 1 DAGs
[2024-04-02T09:25:50.817+0000] {logging_mixin.py:150} INFO - [2024-04-02T09:25:50.817+0000] {dag.py:3504} INFO - Setting next_dagrun for example_params_ui_tutorial to None, run_after=None
[2024-04-02T09:25:50.865+0000] {processor.py:179} INFO - Processing /usr/local/python/3.10.13/lib/python3.10/site-packages/airflow/example_dags/example_params_ui_tutorial.py took 0.157 seconds
[2024-04-02T09:26:52.051+0000] {processor.py:157} INFO - Started process (PID=25781) to work on /usr/local/python/3.10.13/lib/python3.10/site-packages/airflow/example_dags/example_params_ui_tutorial.py
[2024-04-02T09:26:52.051+0000] {processor.py:826} INFO - Processing file /usr/local/python/3.10.13/lib/python3.10/site-packages/airflow/example_dags/example_params_ui_tutorial.py for tasks to queue
[2024-04-02T09:26:52.052+0000] {logging_mixin.py:150} INFO - [2024-04-02T09:26:52.052+0000] {dagbag.py:541} INFO - Filling up the DagBag from /usr/local/python/3.10.13/lib/python3.10/site-packages/airflow/example_dags/example_params_ui_tutorial.py
[2024-04-02T09:26:52.072+0000] {processor.py:836} INFO - DAG(s) dict_keys(['example_params_ui_tutorial']) retrieved from /usr/local/python/3.10.13/lib/python3.10/site-packages/airflow/example_dags/example_params_ui_tutorial.py
[2024-04-02T09:26:52.100+0000] {logging_mixin.py:150} INFO - [2024-04-02T09:26:52.099+0000] {dag.py:2742} INFO - Sync 1 DAGs
[2024-04-02T09:26:52.114+0000] {logging_mixin.py:150} INFO - [2024-04-02T09:26:52.114+0000] {dag.py:3504} INFO - Setting next_dagrun for example_params_ui_tutorial to None, run_after=None
[2024-04-02T09:26:52.156+0000] {processor.py:179} INFO - Processing /usr/local/python/3.10.13/lib/python3.10/site-packages/airflow/example_dags/example_params_ui_tutorial.py took 0.108 seconds
[2024-04-02T09:27:51.914+0000] {processor.py:157} INFO - Started process (PID=26194) to work on /usr/local/python/3.10.13/lib/python3.10/site-packages/airflow/example_dags/example_params_ui_tutorial.py
[2024-04-02T09:27:51.915+0000] {processor.py:826} INFO - Processing file /usr/local/python/3.10.13/lib/python3.10/site-packages/airflow/example_dags/example_params_ui_tutorial.py for tasks to queue
[2024-04-02T09:27:51.916+0000] {logging_mixin.py:150} INFO - [2024-04-02T09:27:51.915+0000] {dagbag.py:541} INFO - Filling up the DagBag from /usr/local/python/3.10.13/lib/python3.10/site-packages/airflow/example_dags/example_params_ui_tutorial.py
[2024-04-02T09:27:51.939+0000] {processor.py:836} INFO - DAG(s) dict_keys(['example_params_ui_tutorial']) retrieved from /usr/local/python/3.10.13/lib/python3.10/site-packages/airflow/example_dags/example_params_ui_tutorial.py
[2024-04-02T09:27:51.966+0000] {logging_mixin.py:150} INFO - [2024-04-02T09:27:51.966+0000] {dag.py:2742} INFO - Sync 1 DAGs
[2024-04-02T09:27:51.981+0000] {logging_mixin.py:150} INFO - [2024-04-02T09:27:51.981+0000] {dag.py:3504} INFO - Setting next_dagrun for example_params_ui_tutorial to None, run_after=None
[2024-04-02T09:27:52.020+0000] {processor.py:179} INFO - Processing /usr/local/python/3.10.13/lib/python3.10/site-packages/airflow/example_dags/example_params_ui_tutorial.py took 0.110 seconds
[2024-04-02T09:28:54.835+0000] {processor.py:157} INFO - Started process (PID=26610) to work on /usr/local/python/3.10.13/lib/python3.10/site-packages/airflow/example_dags/example_params_ui_tutorial.py
[2024-04-02T09:28:54.837+0000] {processor.py:826} INFO - Processing file /usr/local/python/3.10.13/lib/python3.10/site-packages/airflow/example_dags/example_params_ui_tutorial.py for tasks to queue
[2024-04-02T09:28:54.838+0000] {logging_mixin.py:150} INFO - [2024-04-02T09:28:54.837+0000] {dagbag.py:541} INFO - Filling up the DagBag from /usr/local/python/3.10.13/lib/python3.10/site-packages/airflow/example_dags/example_params_ui_tutorial.py
[2024-04-02T09:28:54.871+0000] {processor.py:836} INFO - DAG(s) dict_keys(['example_params_ui_tutorial']) retrieved from /usr/local/python/3.10.13/lib/python3.10/site-packages/airflow/example_dags/example_params_ui_tutorial.py
[2024-04-02T09:28:54.921+0000] {logging_mixin.py:150} INFO - [2024-04-02T09:28:54.921+0000] {dag.py:2742} INFO - Sync 1 DAGs
[2024-04-02T09:28:55.069+0000] {logging_mixin.py:150} INFO - [2024-04-02T09:28:55.069+0000] {dag.py:3504} INFO - Setting next_dagrun for example_params_ui_tutorial to None, run_after=None
[2024-04-02T09:28:55.115+0000] {processor.py:179} INFO - Processing /usr/local/python/3.10.13/lib/python3.10/site-packages/airflow/example_dags/example_params_ui_tutorial.py took 0.283 seconds
[2024-04-02T09:29:52.106+0000] {processor.py:157} INFO - Started process (PID=27068) to work on /usr/local/python/3.10.13/lib/python3.10/site-packages/airflow/example_dags/example_params_ui_tutorial.py
[2024-04-02T09:29:52.107+0000] {processor.py:826} INFO - Processing file /usr/local/python/3.10.13/lib/python3.10/site-packages/airflow/example_dags/example_params_ui_tutorial.py for tasks to queue
[2024-04-02T09:29:52.108+0000] {logging_mixin.py:150} INFO - [2024-04-02T09:29:52.108+0000] {dagbag.py:541} INFO - Filling up the DagBag from /usr/local/python/3.10.13/lib/python3.10/site-packages/airflow/example_dags/example_params_ui_tutorial.py
[2024-04-02T09:29:52.140+0000] {processor.py:836} INFO - DAG(s) dict_keys(['example_params_ui_tutorial']) retrieved from /usr/local/python/3.10.13/lib/python3.10/site-packages/airflow/example_dags/example_params_ui_tutorial.py
[2024-04-02T09:29:52.187+0000] {logging_mixin.py:150} INFO - [2024-04-02T09:29:52.186+0000] {dag.py:2742} INFO - Sync 1 DAGs
[2024-04-02T09:29:52.210+0000] {logging_mixin.py:150} INFO - [2024-04-02T09:29:52.210+0000] {dag.py:3504} INFO - Setting next_dagrun for example_params_ui_tutorial to None, run_after=None
[2024-04-02T09:29:52.260+0000] {processor.py:179} INFO - Processing /usr/local/python/3.10.13/lib/python3.10/site-packages/airflow/example_dags/example_params_ui_tutorial.py took 0.158 seconds
[2024-04-02T09:30:44.810+0000] {processor.py:157} INFO - Started process (PID=27417) to work on /usr/local/python/3.10.13/lib/python3.10/site-packages/airflow/example_dags/example_params_ui_tutorial.py
[2024-04-02T09:30:44.812+0000] {processor.py:826} INFO - Processing file /usr/local/python/3.10.13/lib/python3.10/site-packages/airflow/example_dags/example_params_ui_tutorial.py for tasks to queue
[2024-04-02T09:30:44.813+0000] {logging_mixin.py:150} INFO - [2024-04-02T09:30:44.813+0000] {dagbag.py:541} INFO - Filling up the DagBag from /usr/local/python/3.10.13/lib/python3.10/site-packages/airflow/example_dags/example_params_ui_tutorial.py
[2024-04-02T09:30:44.844+0000] {processor.py:836} INFO - DAG(s) dict_keys(['example_params_ui_tutorial']) retrieved from /usr/local/python/3.10.13/lib/python3.10/site-packages/airflow/example_dags/example_params_ui_tutorial.py
[2024-04-02T09:30:44.892+0000] {logging_mixin.py:150} INFO - [2024-04-02T09:30:44.892+0000] {dag.py:2742} INFO - Sync 1 DAGs
[2024-04-02T09:30:44.916+0000] {logging_mixin.py:150} INFO - [2024-04-02T09:30:44.916+0000] {dag.py:3504} INFO - Setting next_dagrun for example_params_ui_tutorial to None, run_after=None
[2024-04-02T09:30:45.027+0000] {processor.py:179} INFO - Processing /usr/local/python/3.10.13/lib/python3.10/site-packages/airflow/example_dags/example_params_ui_tutorial.py took 0.230 seconds
[2024-04-02T09:31:46.954+0000] {processor.py:157} INFO - Started process (PID=27842) to work on /usr/local/python/3.10.13/lib/python3.10/site-packages/airflow/example_dags/example_params_ui_tutorial.py
[2024-04-02T09:31:46.954+0000] {processor.py:826} INFO - Processing file /usr/local/python/3.10.13/lib/python3.10/site-packages/airflow/example_dags/example_params_ui_tutorial.py for tasks to queue
[2024-04-02T09:31:46.955+0000] {logging_mixin.py:150} INFO - [2024-04-02T09:31:46.955+0000] {dagbag.py:541} INFO - Filling up the DagBag from /usr/local/python/3.10.13/lib/python3.10/site-packages/airflow/example_dags/example_params_ui_tutorial.py
[2024-04-02T09:31:46.974+0000] {processor.py:836} INFO - DAG(s) dict_keys(['example_params_ui_tutorial']) retrieved from /usr/local/python/3.10.13/lib/python3.10/site-packages/airflow/example_dags/example_params_ui_tutorial.py
[2024-04-02T09:31:47.002+0000] {logging_mixin.py:150} INFO - [2024-04-02T09:31:47.002+0000] {dag.py:2742} INFO - Sync 1 DAGs
[2024-04-02T09:31:47.017+0000] {logging_mixin.py:150} INFO - [2024-04-02T09:31:47.017+0000] {dag.py:3504} INFO - Setting next_dagrun for example_params_ui_tutorial to None, run_after=None
[2024-04-02T09:31:47.057+0000] {processor.py:179} INFO - Processing /usr/local/python/3.10.13/lib/python3.10/site-packages/airflow/example_dags/example_params_ui_tutorial.py took 0.105 seconds
[2024-04-02T09:32:45.457+0000] {processor.py:157} INFO - Started process (PID=28248) to work on /usr/local/python/3.10.13/lib/python3.10/site-packages/airflow/example_dags/example_params_ui_tutorial.py
[2024-04-02T09:32:45.458+0000] {processor.py:826} INFO - Processing file /usr/local/python/3.10.13/lib/python3.10/site-packages/airflow/example_dags/example_params_ui_tutorial.py for tasks to queue
[2024-04-02T09:32:45.459+0000] {logging_mixin.py:150} INFO - [2024-04-02T09:32:45.458+0000] {dagbag.py:541} INFO - Filling up the DagBag from /usr/local/python/3.10.13/lib/python3.10/site-packages/airflow/example_dags/example_params_ui_tutorial.py
[2024-04-02T09:32:45.487+0000] {processor.py:836} INFO - DAG(s) dict_keys(['example_params_ui_tutorial']) retrieved from /usr/local/python/3.10.13/lib/python3.10/site-packages/airflow/example_dags/example_params_ui_tutorial.py
[2024-04-02T09:32:45.515+0000] {logging_mixin.py:150} INFO - [2024-04-02T09:32:45.515+0000] {dag.py:2742} INFO - Sync 1 DAGs
[2024-04-02T09:32:45.530+0000] {logging_mixin.py:150} INFO - [2024-04-02T09:32:45.530+0000] {dag.py:3504} INFO - Setting next_dagrun for example_params_ui_tutorial to None, run_after=None
[2024-04-02T09:32:45.577+0000] {processor.py:179} INFO - Processing /usr/local/python/3.10.13/lib/python3.10/site-packages/airflow/example_dags/example_params_ui_tutorial.py took 0.123 seconds
[2024-04-02T09:33:44.952+0000] {processor.py:157} INFO - Started process (PID=28647) to work on /usr/local/python/3.10.13/lib/python3.10/site-packages/airflow/example_dags/example_params_ui_tutorial.py
[2024-04-02T09:33:44.953+0000] {processor.py:826} INFO - Processing file /usr/local/python/3.10.13/lib/python3.10/site-packages/airflow/example_dags/example_params_ui_tutorial.py for tasks to queue
[2024-04-02T09:33:44.953+0000] {logging_mixin.py:150} INFO - [2024-04-02T09:33:44.953+0000] {dagbag.py:541} INFO - Filling up the DagBag from /usr/local/python/3.10.13/lib/python3.10/site-packages/airflow/example_dags/example_params_ui_tutorial.py
[2024-04-02T09:33:44.972+0000] {processor.py:836} INFO - DAG(s) dict_keys(['example_params_ui_tutorial']) retrieved from /usr/local/python/3.10.13/lib/python3.10/site-packages/airflow/example_dags/example_params_ui_tutorial.py
[2024-04-02T09:33:45.000+0000] {logging_mixin.py:150} INFO - [2024-04-02T09:33:45.000+0000] {dag.py:2742} INFO - Sync 1 DAGs
[2024-04-02T09:33:45.019+0000] {logging_mixin.py:150} INFO - [2024-04-02T09:33:45.019+0000] {dag.py:3504} INFO - Setting next_dagrun for example_params_ui_tutorial to None, run_after=None
[2024-04-02T09:33:45.074+0000] {processor.py:179} INFO - Processing /usr/local/python/3.10.13/lib/python3.10/site-packages/airflow/example_dags/example_params_ui_tutorial.py took 0.124 seconds
[2024-04-02T09:34:39.765+0000] {processor.py:157} INFO - Started process (PID=29051) to work on /usr/local/python/3.10.13/lib/python3.10/site-packages/airflow/example_dags/example_params_ui_tutorial.py
[2024-04-02T09:34:39.766+0000] {processor.py:826} INFO - Processing file /usr/local/python/3.10.13/lib/python3.10/site-packages/airflow/example_dags/example_params_ui_tutorial.py for tasks to queue
[2024-04-02T09:34:39.767+0000] {logging_mixin.py:150} INFO - [2024-04-02T09:34:39.766+0000] {dagbag.py:541} INFO - Filling up the DagBag from /usr/local/python/3.10.13/lib/python3.10/site-packages/airflow/example_dags/example_params_ui_tutorial.py
[2024-04-02T09:34:39.786+0000] {processor.py:836} INFO - DAG(s) dict_keys(['example_params_ui_tutorial']) retrieved from /usr/local/python/3.10.13/lib/python3.10/site-packages/airflow/example_dags/example_params_ui_tutorial.py
[2024-04-02T09:34:39.814+0000] {logging_mixin.py:150} INFO - [2024-04-02T09:34:39.814+0000] {dag.py:2742} INFO - Sync 1 DAGs
[2024-04-02T09:34:39.829+0000] {logging_mixin.py:150} INFO - [2024-04-02T09:34:39.829+0000] {dag.py:3504} INFO - Setting next_dagrun for example_params_ui_tutorial to None, run_after=None
[2024-04-02T09:34:39.869+0000] {processor.py:179} INFO - Processing /usr/local/python/3.10.13/lib/python3.10/site-packages/airflow/example_dags/example_params_ui_tutorial.py took 0.107 seconds
[2024-04-02T09:35:37.402+0000] {processor.py:157} INFO - Started process (PID=29447) to work on /usr/local/python/3.10.13/lib/python3.10/site-packages/airflow/example_dags/example_params_ui_tutorial.py
[2024-04-02T09:35:37.403+0000] {processor.py:826} INFO - Processing file /usr/local/python/3.10.13/lib/python3.10/site-packages/airflow/example_dags/example_params_ui_tutorial.py for tasks to queue
[2024-04-02T09:35:37.403+0000] {logging_mixin.py:150} INFO - [2024-04-02T09:35:37.403+0000] {dagbag.py:541} INFO - Filling up the DagBag from /usr/local/python/3.10.13/lib/python3.10/site-packages/airflow/example_dags/example_params_ui_tutorial.py
[2024-04-02T09:35:37.422+0000] {processor.py:836} INFO - DAG(s) dict_keys(['example_params_ui_tutorial']) retrieved from /usr/local/python/3.10.13/lib/python3.10/site-packages/airflow/example_dags/example_params_ui_tutorial.py
[2024-04-02T09:35:37.450+0000] {logging_mixin.py:150} INFO - [2024-04-02T09:35:37.450+0000] {dag.py:2742} INFO - Sync 1 DAGs
[2024-04-02T09:35:37.465+0000] {logging_mixin.py:150} INFO - [2024-04-02T09:35:37.465+0000] {dag.py:3504} INFO - Setting next_dagrun for example_params_ui_tutorial to None, run_after=None
[2024-04-02T09:35:37.505+0000] {processor.py:179} INFO - Processing /usr/local/python/3.10.13/lib/python3.10/site-packages/airflow/example_dags/example_params_ui_tutorial.py took 0.105 seconds
[2024-04-02T09:36:29.366+0000] {processor.py:157} INFO - Started process (PID=29803) to work on /usr/local/python/3.10.13/lib/python3.10/site-packages/airflow/example_dags/example_params_ui_tutorial.py
[2024-04-02T09:36:29.367+0000] {processor.py:826} INFO - Processing file /usr/local/python/3.10.13/lib/python3.10/site-packages/airflow/example_dags/example_params_ui_tutorial.py for tasks to queue
[2024-04-02T09:36:29.368+0000] {logging_mixin.py:150} INFO - [2024-04-02T09:36:29.368+0000] {dagbag.py:541} INFO - Filling up the DagBag from /usr/local/python/3.10.13/lib/python3.10/site-packages/airflow/example_dags/example_params_ui_tutorial.py
[2024-04-02T09:36:29.391+0000] {processor.py:836} INFO - DAG(s) dict_keys(['example_params_ui_tutorial']) retrieved from /usr/local/python/3.10.13/lib/python3.10/site-packages/airflow/example_dags/example_params_ui_tutorial.py
[2024-04-02T09:36:29.448+0000] {logging_mixin.py:150} INFO - [2024-04-02T09:36:29.448+0000] {dag.py:2742} INFO - Sync 1 DAGs
[2024-04-02T09:36:29.472+0000] {logging_mixin.py:150} INFO - [2024-04-02T09:36:29.472+0000] {dag.py:3504} INFO - Setting next_dagrun for example_params_ui_tutorial to None, run_after=None
[2024-04-02T09:36:29.517+0000] {processor.py:179} INFO - Processing /usr/local/python/3.10.13/lib/python3.10/site-packages/airflow/example_dags/example_params_ui_tutorial.py took 0.153 seconds
[2024-04-02T09:37:27.815+0000] {processor.py:157} INFO - Started process (PID=30184) to work on /usr/local/python/3.10.13/lib/python3.10/site-packages/airflow/example_dags/example_params_ui_tutorial.py
[2024-04-02T09:37:27.815+0000] {processor.py:826} INFO - Processing file /usr/local/python/3.10.13/lib/python3.10/site-packages/airflow/example_dags/example_params_ui_tutorial.py for tasks to queue
[2024-04-02T09:37:27.816+0000] {logging_mixin.py:150} INFO - [2024-04-02T09:37:27.816+0000] {dagbag.py:541} INFO - Filling up the DagBag from /usr/local/python/3.10.13/lib/python3.10/site-packages/airflow/example_dags/example_params_ui_tutorial.py
[2024-04-02T09:37:27.844+0000] {processor.py:836} INFO - DAG(s) dict_keys(['example_params_ui_tutorial']) retrieved from /usr/local/python/3.10.13/lib/python3.10/site-packages/airflow/example_dags/example_params_ui_tutorial.py
[2024-04-02T09:37:27.881+0000] {logging_mixin.py:150} INFO - [2024-04-02T09:37:27.881+0000] {dag.py:2742} INFO - Sync 1 DAGs
[2024-04-02T09:37:27.904+0000] {logging_mixin.py:150} INFO - [2024-04-02T09:37:27.904+0000] {dag.py:3504} INFO - Setting next_dagrun for example_params_ui_tutorial to None, run_after=None
[2024-04-02T09:37:27.954+0000] {processor.py:179} INFO - Processing /usr/local/python/3.10.13/lib/python3.10/site-packages/airflow/example_dags/example_params_ui_tutorial.py took 0.141 seconds
[2024-04-02T09:38:22.881+0000] {processor.py:157} INFO - Started process (PID=30574) to work on /usr/local/python/3.10.13/lib/python3.10/site-packages/airflow/example_dags/example_params_ui_tutorial.py
[2024-04-02T09:38:22.882+0000] {processor.py:826} INFO - Processing file /usr/local/python/3.10.13/lib/python3.10/site-packages/airflow/example_dags/example_params_ui_tutorial.py for tasks to queue
[2024-04-02T09:38:22.883+0000] {logging_mixin.py:150} INFO - [2024-04-02T09:38:22.883+0000] {dagbag.py:541} INFO - Filling up the DagBag from /usr/local/python/3.10.13/lib/python3.10/site-packages/airflow/example_dags/example_params_ui_tutorial.py
[2024-04-02T09:38:22.902+0000] {processor.py:836} INFO - DAG(s) dict_keys(['example_params_ui_tutorial']) retrieved from /usr/local/python/3.10.13/lib/python3.10/site-packages/airflow/example_dags/example_params_ui_tutorial.py
[2024-04-02T09:38:22.933+0000] {logging_mixin.py:150} INFO - [2024-04-02T09:38:22.933+0000] {dag.py:2742} INFO - Sync 1 DAGs
[2024-04-02T09:38:22.954+0000] {logging_mixin.py:150} INFO - [2024-04-02T09:38:22.954+0000] {dag.py:3504} INFO - Setting next_dagrun for example_params_ui_tutorial to None, run_after=None
[2024-04-02T09:38:22.993+0000] {processor.py:179} INFO - Processing /usr/local/python/3.10.13/lib/python3.10/site-packages/airflow/example_dags/example_params_ui_tutorial.py took 0.114 seconds
[2024-04-02T09:39:19.936+0000] {processor.py:157} INFO - Started process (PID=30950) to work on /usr/local/python/3.10.13/lib/python3.10/site-packages/airflow/example_dags/example_params_ui_tutorial.py
[2024-04-02T09:39:19.936+0000] {processor.py:826} INFO - Processing file /usr/local/python/3.10.13/lib/python3.10/site-packages/airflow/example_dags/example_params_ui_tutorial.py for tasks to queue
[2024-04-02T09:39:19.937+0000] {logging_mixin.py:150} INFO - [2024-04-02T09:39:19.937+0000] {dagbag.py:541} INFO - Filling up the DagBag from /usr/local/python/3.10.13/lib/python3.10/site-packages/airflow/example_dags/example_params_ui_tutorial.py
[2024-04-02T09:39:19.957+0000] {processor.py:836} INFO - DAG(s) dict_keys(['example_params_ui_tutorial']) retrieved from /usr/local/python/3.10.13/lib/python3.10/site-packages/airflow/example_dags/example_params_ui_tutorial.py
[2024-04-02T09:39:19.994+0000] {logging_mixin.py:150} INFO - [2024-04-02T09:39:19.994+0000] {dag.py:2742} INFO - Sync 1 DAGs
[2024-04-02T09:39:20.016+0000] {logging_mixin.py:150} INFO - [2024-04-02T09:39:20.016+0000] {dag.py:3504} INFO - Setting next_dagrun for example_params_ui_tutorial to None, run_after=None
[2024-04-02T09:39:20.069+0000] {processor.py:179} INFO - Processing /usr/local/python/3.10.13/lib/python3.10/site-packages/airflow/example_dags/example_params_ui_tutorial.py took 0.136 seconds
[2024-04-02T09:40:17.757+0000] {processor.py:157} INFO - Started process (PID=31403) to work on /usr/local/python/3.10.13/lib/python3.10/site-packages/airflow/example_dags/example_params_ui_tutorial.py
[2024-04-02T09:40:17.758+0000] {processor.py:826} INFO - Processing file /usr/local/python/3.10.13/lib/python3.10/site-packages/airflow/example_dags/example_params_ui_tutorial.py for tasks to queue
[2024-04-02T09:40:17.758+0000] {logging_mixin.py:150} INFO - [2024-04-02T09:40:17.758+0000] {dagbag.py:541} INFO - Filling up the DagBag from /usr/local/python/3.10.13/lib/python3.10/site-packages/airflow/example_dags/example_params_ui_tutorial.py
[2024-04-02T09:40:17.779+0000] {processor.py:836} INFO - DAG(s) dict_keys(['example_params_ui_tutorial']) retrieved from /usr/local/python/3.10.13/lib/python3.10/site-packages/airflow/example_dags/example_params_ui_tutorial.py
[2024-04-02T09:40:17.806+0000] {logging_mixin.py:150} INFO - [2024-04-02T09:40:17.806+0000] {dag.py:2742} INFO - Sync 1 DAGs
[2024-04-02T09:40:17.821+0000] {logging_mixin.py:150} INFO - [2024-04-02T09:40:17.821+0000] {dag.py:3504} INFO - Setting next_dagrun for example_params_ui_tutorial to None, run_after=None
[2024-04-02T09:40:17.865+0000] {processor.py:179} INFO - Processing /usr/local/python/3.10.13/lib/python3.10/site-packages/airflow/example_dags/example_params_ui_tutorial.py took 0.111 seconds
[2024-04-02T09:41:15.047+0000] {processor.py:157} INFO - Started process (PID=31802) to work on /usr/local/python/3.10.13/lib/python3.10/site-packages/airflow/example_dags/example_params_ui_tutorial.py
[2024-04-02T09:41:15.048+0000] {processor.py:826} INFO - Processing file /usr/local/python/3.10.13/lib/python3.10/site-packages/airflow/example_dags/example_params_ui_tutorial.py for tasks to queue
[2024-04-02T09:41:15.048+0000] {logging_mixin.py:150} INFO - [2024-04-02T09:41:15.048+0000] {dagbag.py:541} INFO - Filling up the DagBag from /usr/local/python/3.10.13/lib/python3.10/site-packages/airflow/example_dags/example_params_ui_tutorial.py
[2024-04-02T09:41:15.068+0000] {processor.py:836} INFO - DAG(s) dict_keys(['example_params_ui_tutorial']) retrieved from /usr/local/python/3.10.13/lib/python3.10/site-packages/airflow/example_dags/example_params_ui_tutorial.py
[2024-04-02T09:41:15.096+0000] {logging_mixin.py:150} INFO - [2024-04-02T09:41:15.096+0000] {dag.py:2742} INFO - Sync 1 DAGs
[2024-04-02T09:41:15.111+0000] {logging_mixin.py:150} INFO - [2024-04-02T09:41:15.111+0000] {dag.py:3504} INFO - Setting next_dagrun for example_params_ui_tutorial to None, run_after=None
[2024-04-02T09:41:15.148+0000] {processor.py:179} INFO - Processing /usr/local/python/3.10.13/lib/python3.10/site-packages/airflow/example_dags/example_params_ui_tutorial.py took 0.103 seconds
[2024-04-02T09:42:10.032+0000] {processor.py:157} INFO - Started process (PID=32169) to work on /usr/local/python/3.10.13/lib/python3.10/site-packages/airflow/example_dags/example_params_ui_tutorial.py
[2024-04-02T09:42:10.033+0000] {processor.py:826} INFO - Processing file /usr/local/python/3.10.13/lib/python3.10/site-packages/airflow/example_dags/example_params_ui_tutorial.py for tasks to queue
[2024-04-02T09:42:10.034+0000] {logging_mixin.py:150} INFO - [2024-04-02T09:42:10.033+0000] {dagbag.py:541} INFO - Filling up the DagBag from /usr/local/python/3.10.13/lib/python3.10/site-packages/airflow/example_dags/example_params_ui_tutorial.py
[2024-04-02T09:42:10.061+0000] {processor.py:836} INFO - DAG(s) dict_keys(['example_params_ui_tutorial']) retrieved from /usr/local/python/3.10.13/lib/python3.10/site-packages/airflow/example_dags/example_params_ui_tutorial.py
[2024-04-02T09:42:10.095+0000] {logging_mixin.py:150} INFO - [2024-04-02T09:42:10.095+0000] {dag.py:2742} INFO - Sync 1 DAGs
[2024-04-02T09:42:10.110+0000] {logging_mixin.py:150} INFO - [2024-04-02T09:42:10.110+0000] {dag.py:3504} INFO - Setting next_dagrun for example_params_ui_tutorial to None, run_after=None
[2024-04-02T09:42:10.149+0000] {processor.py:179} INFO - Processing /usr/local/python/3.10.13/lib/python3.10/site-packages/airflow/example_dags/example_params_ui_tutorial.py took 0.121 seconds
[2024-04-02T09:43:09.841+0000] {processor.py:157} INFO - Started process (PID=32581) to work on /usr/local/python/3.10.13/lib/python3.10/site-packages/airflow/example_dags/example_params_ui_tutorial.py
[2024-04-02T09:43:09.842+0000] {processor.py:826} INFO - Processing file /usr/local/python/3.10.13/lib/python3.10/site-packages/airflow/example_dags/example_params_ui_tutorial.py for tasks to queue
[2024-04-02T09:43:09.842+0000] {logging_mixin.py:150} INFO - [2024-04-02T09:43:09.842+0000] {dagbag.py:541} INFO - Filling up the DagBag from /usr/local/python/3.10.13/lib/python3.10/site-packages/airflow/example_dags/example_params_ui_tutorial.py
[2024-04-02T09:43:09.862+0000] {processor.py:836} INFO - DAG(s) dict_keys(['example_params_ui_tutorial']) retrieved from /usr/local/python/3.10.13/lib/python3.10/site-packages/airflow/example_dags/example_params_ui_tutorial.py
[2024-04-02T09:43:09.890+0000] {logging_mixin.py:150} INFO - [2024-04-02T09:43:09.890+0000] {dag.py:2742} INFO - Sync 1 DAGs
[2024-04-02T09:43:09.904+0000] {logging_mixin.py:150} INFO - [2024-04-02T09:43:09.904+0000] {dag.py:3504} INFO - Setting next_dagrun for example_params_ui_tutorial to None, run_after=None
[2024-04-02T09:43:09.940+0000] {processor.py:179} INFO - Processing /usr/local/python/3.10.13/lib/python3.10/site-packages/airflow/example_dags/example_params_ui_tutorial.py took 0.102 seconds
