[2024-04-02T08:57:07.090+0000] {processor.py:157} INFO - Started process (PID=11549) to work on /usr/local/python/3.10.13/lib/python3.10/site-packages/airflow/example_dags/example_sensors.py
[2024-04-02T08:57:07.090+0000] {processor.py:826} INFO - Processing file /usr/local/python/3.10.13/lib/python3.10/site-packages/airflow/example_dags/example_sensors.py for tasks to queue
[2024-04-02T08:57:07.091+0000] {logging_mixin.py:150} INFO - [2024-04-02T08:57:07.091+0000] {dagbag.py:541} INFO - Filling up the DagBag from /usr/local/python/3.10.13/lib/python3.10/site-packages/airflow/example_dags/example_sensors.py
[2024-04-02T08:57:07.100+0000] {processor.py:836} INFO - DAG(s) dict_keys(['example_sensors']) retrieved from /usr/local/python/3.10.13/lib/python3.10/site-packages/airflow/example_dags/example_sensors.py
[2024-04-02T08:57:07.185+0000] {logging_mixin.py:150} INFO - [2024-04-02T08:57:07.185+0000] {dag.py:2742} INFO - Sync 1 DAGs
[2024-04-02T08:57:07.200+0000] {logging_mixin.py:150} INFO - [2024-04-02T08:57:07.200+0000] {dag.py:3504} INFO - Setting next_dagrun for example_sensors to None, run_after=None
[2024-04-02T08:57:07.242+0000] {processor.py:179} INFO - Processing /usr/local/python/3.10.13/lib/python3.10/site-packages/airflow/example_dags/example_sensors.py took 0.155 seconds
[2024-04-02T08:58:14.895+0000] {processor.py:157} INFO - Started process (PID=12540) to work on /usr/local/python/3.10.13/lib/python3.10/site-packages/airflow/example_dags/example_sensors.py
[2024-04-02T08:58:14.895+0000] {processor.py:826} INFO - Processing file /usr/local/python/3.10.13/lib/python3.10/site-packages/airflow/example_dags/example_sensors.py for tasks to queue
[2024-04-02T08:58:14.896+0000] {logging_mixin.py:150} INFO - [2024-04-02T08:58:14.896+0000] {dagbag.py:541} INFO - Filling up the DagBag from /usr/local/python/3.10.13/lib/python3.10/site-packages/airflow/example_dags/example_sensors.py
[2024-04-02T08:58:14.904+0000] {processor.py:836} INFO - DAG(s) dict_keys(['example_sensors']) retrieved from /usr/local/python/3.10.13/lib/python3.10/site-packages/airflow/example_dags/example_sensors.py
[2024-04-02T08:58:14.919+0000] {logging_mixin.py:150} INFO - [2024-04-02T08:58:14.919+0000] {dag.py:2742} INFO - Sync 1 DAGs
[2024-04-02T08:58:14.936+0000] {logging_mixin.py:150} INFO - [2024-04-02T08:58:14.936+0000] {dag.py:3504} INFO - Setting next_dagrun for example_sensors to None, run_after=None
[2024-04-02T08:58:14.977+0000] {processor.py:179} INFO - Processing /usr/local/python/3.10.13/lib/python3.10/site-packages/airflow/example_dags/example_sensors.py took 0.084 seconds
[2024-04-02T09:00:10.303+0000] {processor.py:157} INFO - Started process (PID=14171) to work on /usr/local/python/3.10.13/lib/python3.10/site-packages/airflow/example_dags/example_sensors.py
[2024-04-02T09:00:10.304+0000] {processor.py:826} INFO - Processing file /usr/local/python/3.10.13/lib/python3.10/site-packages/airflow/example_dags/example_sensors.py for tasks to queue
[2024-04-02T09:00:10.305+0000] {logging_mixin.py:150} INFO - [2024-04-02T09:00:10.304+0000] {dagbag.py:541} INFO - Filling up the DagBag from /usr/local/python/3.10.13/lib/python3.10/site-packages/airflow/example_dags/example_sensors.py
[2024-04-02T09:00:10.327+0000] {processor.py:836} INFO - DAG(s) dict_keys(['example_sensors']) retrieved from /usr/local/python/3.10.13/lib/python3.10/site-packages/airflow/example_dags/example_sensors.py
[2024-04-02T09:00:10.358+0000] {logging_mixin.py:150} INFO - [2024-04-02T09:00:10.358+0000] {dag.py:2742} INFO - Sync 1 DAGs
[2024-04-02T09:00:10.383+0000] {logging_mixin.py:150} INFO - [2024-04-02T09:00:10.382+0000] {dag.py:3504} INFO - Setting next_dagrun for example_sensors to None, run_after=None
[2024-04-02T09:00:10.428+0000] {processor.py:179} INFO - Processing /usr/local/python/3.10.13/lib/python3.10/site-packages/airflow/example_dags/example_sensors.py took 0.129 seconds
[2024-04-02T09:00:58.187+0000] {processor.py:157} INFO - Started process (PID=14555) to work on /usr/local/python/3.10.13/lib/python3.10/site-packages/airflow/example_dags/example_sensors.py
[2024-04-02T09:00:58.188+0000] {processor.py:826} INFO - Processing file /usr/local/python/3.10.13/lib/python3.10/site-packages/airflow/example_dags/example_sensors.py for tasks to queue
[2024-04-02T09:00:58.190+0000] {logging_mixin.py:150} INFO - [2024-04-02T09:00:58.189+0000] {dagbag.py:541} INFO - Filling up the DagBag from /usr/local/python/3.10.13/lib/python3.10/site-packages/airflow/example_dags/example_sensors.py
[2024-04-02T09:00:58.201+0000] {processor.py:836} INFO - DAG(s) dict_keys(['example_sensors']) retrieved from /usr/local/python/3.10.13/lib/python3.10/site-packages/airflow/example_dags/example_sensors.py
[2024-04-02T09:00:58.224+0000] {logging_mixin.py:150} INFO - [2024-04-02T09:00:58.224+0000] {dag.py:2742} INFO - Sync 1 DAGs
[2024-04-02T09:00:58.246+0000] {logging_mixin.py:150} INFO - [2024-04-02T09:00:58.246+0000] {dag.py:3504} INFO - Setting next_dagrun for example_sensors to None, run_after=None
[2024-04-02T09:00:58.294+0000] {processor.py:179} INFO - Processing /usr/local/python/3.10.13/lib/python3.10/site-packages/airflow/example_dags/example_sensors.py took 0.111 seconds
[2024-04-02T09:01:55.414+0000] {processor.py:157} INFO - Started process (PID=15023) to work on /usr/local/python/3.10.13/lib/python3.10/site-packages/airflow/example_dags/example_sensors.py
[2024-04-02T09:01:55.415+0000] {processor.py:826} INFO - Processing file /usr/local/python/3.10.13/lib/python3.10/site-packages/airflow/example_dags/example_sensors.py for tasks to queue
[2024-04-02T09:01:55.416+0000] {logging_mixin.py:150} INFO - [2024-04-02T09:01:55.415+0000] {dagbag.py:541} INFO - Filling up the DagBag from /usr/local/python/3.10.13/lib/python3.10/site-packages/airflow/example_dags/example_sensors.py
[2024-04-02T09:01:55.427+0000] {processor.py:836} INFO - DAG(s) dict_keys(['example_sensors']) retrieved from /usr/local/python/3.10.13/lib/python3.10/site-packages/airflow/example_dags/example_sensors.py
[2024-04-02T09:01:55.452+0000] {logging_mixin.py:150} INFO - [2024-04-02T09:01:55.451+0000] {dag.py:2742} INFO - Sync 1 DAGs
[2024-04-02T09:01:55.475+0000] {logging_mixin.py:150} INFO - [2024-04-02T09:01:55.475+0000] {dag.py:3504} INFO - Setting next_dagrun for example_sensors to None, run_after=None
[2024-04-02T09:01:55.521+0000] {processor.py:179} INFO - Processing /usr/local/python/3.10.13/lib/python3.10/site-packages/airflow/example_dags/example_sensors.py took 0.111 seconds
[2024-04-02T09:02:54.415+0000] {processor.py:157} INFO - Started process (PID=15442) to work on /usr/local/python/3.10.13/lib/python3.10/site-packages/airflow/example_dags/example_sensors.py
[2024-04-02T09:02:54.417+0000] {processor.py:826} INFO - Processing file /usr/local/python/3.10.13/lib/python3.10/site-packages/airflow/example_dags/example_sensors.py for tasks to queue
[2024-04-02T09:02:54.424+0000] {logging_mixin.py:150} INFO - [2024-04-02T09:02:54.424+0000] {dagbag.py:541} INFO - Filling up the DagBag from /usr/local/python/3.10.13/lib/python3.10/site-packages/airflow/example_dags/example_sensors.py
[2024-04-02T09:02:54.440+0000] {processor.py:836} INFO - DAG(s) dict_keys(['example_sensors']) retrieved from /usr/local/python/3.10.13/lib/python3.10/site-packages/airflow/example_dags/example_sensors.py
[2024-04-02T09:02:54.465+0000] {logging_mixin.py:150} INFO - [2024-04-02T09:02:54.464+0000] {dag.py:2742} INFO - Sync 1 DAGs
[2024-04-02T09:02:54.490+0000] {logging_mixin.py:150} INFO - [2024-04-02T09:02:54.490+0000] {dag.py:3504} INFO - Setting next_dagrun for example_sensors to None, run_after=None
[2024-04-02T09:02:54.536+0000] {processor.py:179} INFO - Processing /usr/local/python/3.10.13/lib/python3.10/site-packages/airflow/example_dags/example_sensors.py took 0.125 seconds
[2024-04-02T09:03:52.884+0000] {processor.py:157} INFO - Started process (PID=15822) to work on /usr/local/python/3.10.13/lib/python3.10/site-packages/airflow/example_dags/example_sensors.py
[2024-04-02T09:03:52.885+0000] {processor.py:826} INFO - Processing file /usr/local/python/3.10.13/lib/python3.10/site-packages/airflow/example_dags/example_sensors.py for tasks to queue
[2024-04-02T09:03:52.887+0000] {logging_mixin.py:150} INFO - [2024-04-02T09:03:52.886+0000] {dagbag.py:541} INFO - Filling up the DagBag from /usr/local/python/3.10.13/lib/python3.10/site-packages/airflow/example_dags/example_sensors.py
[2024-04-02T09:03:52.899+0000] {processor.py:836} INFO - DAG(s) dict_keys(['example_sensors']) retrieved from /usr/local/python/3.10.13/lib/python3.10/site-packages/airflow/example_dags/example_sensors.py
[2024-04-02T09:03:52.923+0000] {logging_mixin.py:150} INFO - [2024-04-02T09:03:52.923+0000] {dag.py:2742} INFO - Sync 1 DAGs
[2024-04-02T09:03:52.948+0000] {logging_mixin.py:150} INFO - [2024-04-02T09:03:52.948+0000] {dag.py:3504} INFO - Setting next_dagrun for example_sensors to None, run_after=None
[2024-04-02T09:03:52.995+0000] {processor.py:179} INFO - Processing /usr/local/python/3.10.13/lib/python3.10/site-packages/airflow/example_dags/example_sensors.py took 0.114 seconds
[2024-04-02T09:04:45.227+0000] {processor.py:157} INFO - Started process (PID=16204) to work on /usr/local/python/3.10.13/lib/python3.10/site-packages/airflow/example_dags/example_sensors.py
[2024-04-02T09:04:45.228+0000] {processor.py:826} INFO - Processing file /usr/local/python/3.10.13/lib/python3.10/site-packages/airflow/example_dags/example_sensors.py for tasks to queue
[2024-04-02T09:04:45.229+0000] {logging_mixin.py:150} INFO - [2024-04-02T09:04:45.229+0000] {dagbag.py:541} INFO - Filling up the DagBag from /usr/local/python/3.10.13/lib/python3.10/site-packages/airflow/example_dags/example_sensors.py
[2024-04-02T09:04:45.237+0000] {processor.py:836} INFO - DAG(s) dict_keys(['example_sensors']) retrieved from /usr/local/python/3.10.13/lib/python3.10/site-packages/airflow/example_dags/example_sensors.py
[2024-04-02T09:04:45.252+0000] {logging_mixin.py:150} INFO - [2024-04-02T09:04:45.252+0000] {dag.py:2742} INFO - Sync 1 DAGs
[2024-04-02T09:04:45.272+0000] {logging_mixin.py:150} INFO - [2024-04-02T09:04:45.271+0000] {dag.py:3504} INFO - Setting next_dagrun for example_sensors to None, run_after=None
[2024-04-02T09:04:45.314+0000] {processor.py:179} INFO - Processing /usr/local/python/3.10.13/lib/python3.10/site-packages/airflow/example_dags/example_sensors.py took 0.088 seconds
[2024-04-02T09:05:43.964+0000] {processor.py:157} INFO - Started process (PID=16609) to work on /usr/local/python/3.10.13/lib/python3.10/site-packages/airflow/example_dags/example_sensors.py
[2024-04-02T09:05:43.970+0000] {processor.py:826} INFO - Processing file /usr/local/python/3.10.13/lib/python3.10/site-packages/airflow/example_dags/example_sensors.py for tasks to queue
[2024-04-02T09:05:43.971+0000] {logging_mixin.py:150} INFO - [2024-04-02T09:05:43.970+0000] {dagbag.py:541} INFO - Filling up the DagBag from /usr/local/python/3.10.13/lib/python3.10/site-packages/airflow/example_dags/example_sensors.py
[2024-04-02T09:05:43.991+0000] {processor.py:836} INFO - DAG(s) dict_keys(['example_sensors']) retrieved from /usr/local/python/3.10.13/lib/python3.10/site-packages/airflow/example_dags/example_sensors.py
[2024-04-02T09:05:44.017+0000] {logging_mixin.py:150} INFO - [2024-04-02T09:05:44.016+0000] {dag.py:2742} INFO - Sync 1 DAGs
[2024-04-02T09:05:44.040+0000] {logging_mixin.py:150} INFO - [2024-04-02T09:05:44.040+0000] {dag.py:3504} INFO - Setting next_dagrun for example_sensors to None, run_after=None
[2024-04-02T09:05:44.091+0000] {processor.py:179} INFO - Processing /usr/local/python/3.10.13/lib/python3.10/site-packages/airflow/example_dags/example_sensors.py took 0.130 seconds
[2024-04-02T09:06:34.318+0000] {processor.py:157} INFO - Started process (PID=16981) to work on /usr/local/python/3.10.13/lib/python3.10/site-packages/airflow/example_dags/example_sensors.py
[2024-04-02T09:06:34.319+0000] {processor.py:826} INFO - Processing file /usr/local/python/3.10.13/lib/python3.10/site-packages/airflow/example_dags/example_sensors.py for tasks to queue
[2024-04-02T09:06:34.320+0000] {logging_mixin.py:150} INFO - [2024-04-02T09:06:34.320+0000] {dagbag.py:541} INFO - Filling up the DagBag from /usr/local/python/3.10.13/lib/python3.10/site-packages/airflow/example_dags/example_sensors.py
[2024-04-02T09:06:34.328+0000] {processor.py:836} INFO - DAG(s) dict_keys(['example_sensors']) retrieved from /usr/local/python/3.10.13/lib/python3.10/site-packages/airflow/example_dags/example_sensors.py
[2024-04-02T09:06:34.344+0000] {logging_mixin.py:150} INFO - [2024-04-02T09:06:34.344+0000] {dag.py:2742} INFO - Sync 1 DAGs
[2024-04-02T09:06:34.358+0000] {logging_mixin.py:150} INFO - [2024-04-02T09:06:34.358+0000] {dag.py:3504} INFO - Setting next_dagrun for example_sensors to None, run_after=None
[2024-04-02T09:06:34.397+0000] {processor.py:179} INFO - Processing /usr/local/python/3.10.13/lib/python3.10/site-packages/airflow/example_dags/example_sensors.py took 0.082 seconds
[2024-04-02T09:07:35.153+0000] {processor.py:157} INFO - Started process (PID=17804) to work on /usr/local/python/3.10.13/lib/python3.10/site-packages/airflow/example_dags/example_sensors.py
[2024-04-02T09:07:35.154+0000] {processor.py:826} INFO - Processing file /usr/local/python/3.10.13/lib/python3.10/site-packages/airflow/example_dags/example_sensors.py for tasks to queue
[2024-04-02T09:07:35.155+0000] {logging_mixin.py:150} INFO - [2024-04-02T09:07:35.155+0000] {dagbag.py:541} INFO - Filling up the DagBag from /usr/local/python/3.10.13/lib/python3.10/site-packages/airflow/example_dags/example_sensors.py
[2024-04-02T09:07:35.166+0000] {processor.py:836} INFO - DAG(s) dict_keys(['example_sensors']) retrieved from /usr/local/python/3.10.13/lib/python3.10/site-packages/airflow/example_dags/example_sensors.py
[2024-04-02T09:07:35.191+0000] {logging_mixin.py:150} INFO - [2024-04-02T09:07:35.191+0000] {dag.py:2742} INFO - Sync 1 DAGs
[2024-04-02T09:07:35.212+0000] {logging_mixin.py:150} INFO - [2024-04-02T09:07:35.212+0000] {dag.py:3504} INFO - Setting next_dagrun for example_sensors to None, run_after=None
[2024-04-02T09:07:35.260+0000] {processor.py:179} INFO - Processing /usr/local/python/3.10.13/lib/python3.10/site-packages/airflow/example_dags/example_sensors.py took 0.110 seconds
[2024-04-02T09:08:29.419+0000] {processor.py:157} INFO - Started process (PID=18170) to work on /usr/local/python/3.10.13/lib/python3.10/site-packages/airflow/example_dags/example_sensors.py
[2024-04-02T09:08:29.420+0000] {processor.py:826} INFO - Processing file /usr/local/python/3.10.13/lib/python3.10/site-packages/airflow/example_dags/example_sensors.py for tasks to queue
[2024-04-02T09:08:29.421+0000] {logging_mixin.py:150} INFO - [2024-04-02T09:08:29.421+0000] {dagbag.py:541} INFO - Filling up the DagBag from /usr/local/python/3.10.13/lib/python3.10/site-packages/airflow/example_dags/example_sensors.py
[2024-04-02T09:08:29.429+0000] {processor.py:836} INFO - DAG(s) dict_keys(['example_sensors']) retrieved from /usr/local/python/3.10.13/lib/python3.10/site-packages/airflow/example_dags/example_sensors.py
[2024-04-02T09:08:29.445+0000] {logging_mixin.py:150} INFO - [2024-04-02T09:08:29.444+0000] {dag.py:2742} INFO - Sync 1 DAGs
[2024-04-02T09:08:29.461+0000] {logging_mixin.py:150} INFO - [2024-04-02T09:08:29.461+0000] {dag.py:3504} INFO - Setting next_dagrun for example_sensors to None, run_after=None
[2024-04-02T09:08:29.502+0000] {processor.py:179} INFO - Processing /usr/local/python/3.10.13/lib/python3.10/site-packages/airflow/example_dags/example_sensors.py took 0.085 seconds
[2024-04-02T09:09:28.128+0000] {processor.py:157} INFO - Started process (PID=18573) to work on /usr/local/python/3.10.13/lib/python3.10/site-packages/airflow/example_dags/example_sensors.py
[2024-04-02T09:09:28.129+0000] {processor.py:826} INFO - Processing file /usr/local/python/3.10.13/lib/python3.10/site-packages/airflow/example_dags/example_sensors.py for tasks to queue
[2024-04-02T09:09:28.130+0000] {logging_mixin.py:150} INFO - [2024-04-02T09:09:28.129+0000] {dagbag.py:541} INFO - Filling up the DagBag from /usr/local/python/3.10.13/lib/python3.10/site-packages/airflow/example_dags/example_sensors.py
[2024-04-02T09:09:28.137+0000] {processor.py:836} INFO - DAG(s) dict_keys(['example_sensors']) retrieved from /usr/local/python/3.10.13/lib/python3.10/site-packages/airflow/example_dags/example_sensors.py
[2024-04-02T09:09:28.153+0000] {logging_mixin.py:150} INFO - [2024-04-02T09:09:28.153+0000] {dag.py:2742} INFO - Sync 1 DAGs
[2024-04-02T09:09:28.169+0000] {logging_mixin.py:150} INFO - [2024-04-02T09:09:28.169+0000] {dag.py:3504} INFO - Setting next_dagrun for example_sensors to None, run_after=None
[2024-04-02T09:09:28.207+0000] {processor.py:179} INFO - Processing /usr/local/python/3.10.13/lib/python3.10/site-packages/airflow/example_dags/example_sensors.py took 0.081 seconds
[2024-04-02T09:10:24.779+0000] {processor.py:157} INFO - Started process (PID=18989) to work on /usr/local/python/3.10.13/lib/python3.10/site-packages/airflow/example_dags/example_sensors.py
[2024-04-02T09:10:24.780+0000] {processor.py:826} INFO - Processing file /usr/local/python/3.10.13/lib/python3.10/site-packages/airflow/example_dags/example_sensors.py for tasks to queue
[2024-04-02T09:10:24.781+0000] {logging_mixin.py:150} INFO - [2024-04-02T09:10:24.781+0000] {dagbag.py:541} INFO - Filling up the DagBag from /usr/local/python/3.10.13/lib/python3.10/site-packages/airflow/example_dags/example_sensors.py
[2024-04-02T09:10:24.793+0000] {processor.py:836} INFO - DAG(s) dict_keys(['example_sensors']) retrieved from /usr/local/python/3.10.13/lib/python3.10/site-packages/airflow/example_dags/example_sensors.py
[2024-04-02T09:10:24.826+0000] {logging_mixin.py:150} INFO - [2024-04-02T09:10:24.826+0000] {dag.py:2742} INFO - Sync 1 DAGs
[2024-04-02T09:10:24.861+0000] {logging_mixin.py:150} INFO - [2024-04-02T09:10:24.861+0000] {dag.py:3504} INFO - Setting next_dagrun for example_sensors to None, run_after=None
[2024-04-02T09:10:24.923+0000] {processor.py:179} INFO - Processing /usr/local/python/3.10.13/lib/python3.10/site-packages/airflow/example_dags/example_sensors.py took 0.148 seconds
[2024-04-02T09:11:24.652+0000] {processor.py:157} INFO - Started process (PID=19397) to work on /usr/local/python/3.10.13/lib/python3.10/site-packages/airflow/example_dags/example_sensors.py
[2024-04-02T09:11:24.653+0000] {processor.py:826} INFO - Processing file /usr/local/python/3.10.13/lib/python3.10/site-packages/airflow/example_dags/example_sensors.py for tasks to queue
[2024-04-02T09:11:24.653+0000] {logging_mixin.py:150} INFO - [2024-04-02T09:11:24.653+0000] {dagbag.py:541} INFO - Filling up the DagBag from /usr/local/python/3.10.13/lib/python3.10/site-packages/airflow/example_dags/example_sensors.py
[2024-04-02T09:11:24.663+0000] {processor.py:836} INFO - DAG(s) dict_keys(['example_sensors']) retrieved from /usr/local/python/3.10.13/lib/python3.10/site-packages/airflow/example_dags/example_sensors.py
[2024-04-02T09:11:24.679+0000] {logging_mixin.py:150} INFO - [2024-04-02T09:11:24.679+0000] {dag.py:2742} INFO - Sync 1 DAGs
[2024-04-02T09:11:24.694+0000] {logging_mixin.py:150} INFO - [2024-04-02T09:11:24.694+0000] {dag.py:3504} INFO - Setting next_dagrun for example_sensors to None, run_after=None
[2024-04-02T09:11:24.731+0000] {processor.py:179} INFO - Processing /usr/local/python/3.10.13/lib/python3.10/site-packages/airflow/example_dags/example_sensors.py took 0.082 seconds
[2024-04-02T09:12:24.436+0000] {processor.py:157} INFO - Started process (PID=19789) to work on /usr/local/python/3.10.13/lib/python3.10/site-packages/airflow/example_dags/example_sensors.py
[2024-04-02T09:12:24.437+0000] {processor.py:826} INFO - Processing file /usr/local/python/3.10.13/lib/python3.10/site-packages/airflow/example_dags/example_sensors.py for tasks to queue
[2024-04-02T09:12:24.438+0000] {logging_mixin.py:150} INFO - [2024-04-02T09:12:24.437+0000] {dagbag.py:541} INFO - Filling up the DagBag from /usr/local/python/3.10.13/lib/python3.10/site-packages/airflow/example_dags/example_sensors.py
[2024-04-02T09:12:24.445+0000] {processor.py:836} INFO - DAG(s) dict_keys(['example_sensors']) retrieved from /usr/local/python/3.10.13/lib/python3.10/site-packages/airflow/example_dags/example_sensors.py
[2024-04-02T09:12:24.460+0000] {logging_mixin.py:150} INFO - [2024-04-02T09:12:24.460+0000] {dag.py:2742} INFO - Sync 1 DAGs
[2024-04-02T09:12:24.476+0000] {logging_mixin.py:150} INFO - [2024-04-02T09:12:24.476+0000] {dag.py:3504} INFO - Setting next_dagrun for example_sensors to None, run_after=None
[2024-04-02T09:12:24.519+0000] {processor.py:179} INFO - Processing /usr/local/python/3.10.13/lib/python3.10/site-packages/airflow/example_dags/example_sensors.py took 0.085 seconds
[2024-04-02T09:13:25.150+0000] {processor.py:157} INFO - Started process (PID=20199) to work on /usr/local/python/3.10.13/lib/python3.10/site-packages/airflow/example_dags/example_sensors.py
[2024-04-02T09:13:25.151+0000] {processor.py:826} INFO - Processing file /usr/local/python/3.10.13/lib/python3.10/site-packages/airflow/example_dags/example_sensors.py for tasks to queue
[2024-04-02T09:13:25.152+0000] {logging_mixin.py:150} INFO - [2024-04-02T09:13:25.152+0000] {dagbag.py:541} INFO - Filling up the DagBag from /usr/local/python/3.10.13/lib/python3.10/site-packages/airflow/example_dags/example_sensors.py
[2024-04-02T09:13:25.164+0000] {processor.py:836} INFO - DAG(s) dict_keys(['example_sensors']) retrieved from /usr/local/python/3.10.13/lib/python3.10/site-packages/airflow/example_dags/example_sensors.py
[2024-04-02T09:13:25.189+0000] {logging_mixin.py:150} INFO - [2024-04-02T09:13:25.189+0000] {dag.py:2742} INFO - Sync 1 DAGs
[2024-04-02T09:13:25.213+0000] {logging_mixin.py:150} INFO - [2024-04-02T09:13:25.213+0000] {dag.py:3504} INFO - Setting next_dagrun for example_sensors to None, run_after=None
[2024-04-02T09:13:25.257+0000] {processor.py:179} INFO - Processing /usr/local/python/3.10.13/lib/python3.10/site-packages/airflow/example_dags/example_sensors.py took 0.111 seconds
[2024-04-02T09:14:18.150+0000] {processor.py:157} INFO - Started process (PID=20563) to work on /usr/local/python/3.10.13/lib/python3.10/site-packages/airflow/example_dags/example_sensors.py
[2024-04-02T09:14:18.150+0000] {processor.py:826} INFO - Processing file /usr/local/python/3.10.13/lib/python3.10/site-packages/airflow/example_dags/example_sensors.py for tasks to queue
[2024-04-02T09:14:18.151+0000] {logging_mixin.py:150} INFO - [2024-04-02T09:14:18.151+0000] {dagbag.py:541} INFO - Filling up the DagBag from /usr/local/python/3.10.13/lib/python3.10/site-packages/airflow/example_dags/example_sensors.py
[2024-04-02T09:14:18.159+0000] {processor.py:836} INFO - DAG(s) dict_keys(['example_sensors']) retrieved from /usr/local/python/3.10.13/lib/python3.10/site-packages/airflow/example_dags/example_sensors.py
[2024-04-02T09:14:18.174+0000] {logging_mixin.py:150} INFO - [2024-04-02T09:14:18.174+0000] {dag.py:2742} INFO - Sync 1 DAGs
[2024-04-02T09:14:18.189+0000] {logging_mixin.py:150} INFO - [2024-04-02T09:14:18.189+0000] {dag.py:3504} INFO - Setting next_dagrun for example_sensors to None, run_after=None
[2024-04-02T09:14:18.230+0000] {processor.py:179} INFO - Processing /usr/local/python/3.10.13/lib/python3.10/site-packages/airflow/example_dags/example_sensors.py took 0.083 seconds
[2024-04-02T09:15:08.846+0000] {processor.py:157} INFO - Started process (PID=20937) to work on /usr/local/python/3.10.13/lib/python3.10/site-packages/airflow/example_dags/example_sensors.py
[2024-04-02T09:15:08.847+0000] {processor.py:826} INFO - Processing file /usr/local/python/3.10.13/lib/python3.10/site-packages/airflow/example_dags/example_sensors.py for tasks to queue
[2024-04-02T09:15:08.848+0000] {logging_mixin.py:150} INFO - [2024-04-02T09:15:08.848+0000] {dagbag.py:541} INFO - Filling up the DagBag from /usr/local/python/3.10.13/lib/python3.10/site-packages/airflow/example_dags/example_sensors.py
[2024-04-02T09:15:08.855+0000] {processor.py:836} INFO - DAG(s) dict_keys(['example_sensors']) retrieved from /usr/local/python/3.10.13/lib/python3.10/site-packages/airflow/example_dags/example_sensors.py
[2024-04-02T09:15:08.870+0000] {logging_mixin.py:150} INFO - [2024-04-02T09:15:08.870+0000] {dag.py:2742} INFO - Sync 1 DAGs
[2024-04-02T09:15:08.887+0000] {logging_mixin.py:150} INFO - [2024-04-02T09:15:08.886+0000] {dag.py:3504} INFO - Setting next_dagrun for example_sensors to None, run_after=None
[2024-04-02T09:15:08.927+0000] {processor.py:179} INFO - Processing /usr/local/python/3.10.13/lib/python3.10/site-packages/airflow/example_dags/example_sensors.py took 0.082 seconds
[2024-04-02T09:16:03.734+0000] {processor.py:157} INFO - Started process (PID=21326) to work on /usr/local/python/3.10.13/lib/python3.10/site-packages/airflow/example_dags/example_sensors.py
[2024-04-02T09:16:03.735+0000] {processor.py:826} INFO - Processing file /usr/local/python/3.10.13/lib/python3.10/site-packages/airflow/example_dags/example_sensors.py for tasks to queue
[2024-04-02T09:16:03.736+0000] {logging_mixin.py:150} INFO - [2024-04-02T09:16:03.735+0000] {dagbag.py:541} INFO - Filling up the DagBag from /usr/local/python/3.10.13/lib/python3.10/site-packages/airflow/example_dags/example_sensors.py
[2024-04-02T09:16:03.744+0000] {processor.py:836} INFO - DAG(s) dict_keys(['example_sensors']) retrieved from /usr/local/python/3.10.13/lib/python3.10/site-packages/airflow/example_dags/example_sensors.py
[2024-04-02T09:16:03.760+0000] {logging_mixin.py:150} INFO - [2024-04-02T09:16:03.760+0000] {dag.py:2742} INFO - Sync 1 DAGs
[2024-04-02T09:16:03.775+0000] {logging_mixin.py:150} INFO - [2024-04-02T09:16:03.775+0000] {dag.py:3504} INFO - Setting next_dagrun for example_sensors to None, run_after=None
[2024-04-02T09:16:03.821+0000] {processor.py:179} INFO - Processing /usr/local/python/3.10.13/lib/python3.10/site-packages/airflow/example_dags/example_sensors.py took 0.090 seconds
[2024-04-02T09:17:03.524+0000] {processor.py:157} INFO - Started process (PID=21734) to work on /usr/local/python/3.10.13/lib/python3.10/site-packages/airflow/example_dags/example_sensors.py
[2024-04-02T09:17:03.525+0000] {processor.py:826} INFO - Processing file /usr/local/python/3.10.13/lib/python3.10/site-packages/airflow/example_dags/example_sensors.py for tasks to queue
[2024-04-02T09:17:03.526+0000] {logging_mixin.py:150} INFO - [2024-04-02T09:17:03.526+0000] {dagbag.py:541} INFO - Filling up the DagBag from /usr/local/python/3.10.13/lib/python3.10/site-packages/airflow/example_dags/example_sensors.py
[2024-04-02T09:17:03.546+0000] {processor.py:836} INFO - DAG(s) dict_keys(['example_sensors']) retrieved from /usr/local/python/3.10.13/lib/python3.10/site-packages/airflow/example_dags/example_sensors.py
[2024-04-02T09:17:03.577+0000] {logging_mixin.py:150} INFO - [2024-04-02T09:17:03.577+0000] {dag.py:2742} INFO - Sync 1 DAGs
[2024-04-02T09:17:03.592+0000] {logging_mixin.py:150} INFO - [2024-04-02T09:17:03.592+0000] {dag.py:3504} INFO - Setting next_dagrun for example_sensors to None, run_after=None
[2024-04-02T09:17:03.631+0000] {processor.py:179} INFO - Processing /usr/local/python/3.10.13/lib/python3.10/site-packages/airflow/example_dags/example_sensors.py took 0.110 seconds
[2024-04-02T09:18:00.739+0000] {processor.py:157} INFO - Started process (PID=22118) to work on /usr/local/python/3.10.13/lib/python3.10/site-packages/airflow/example_dags/example_sensors.py
[2024-04-02T09:18:00.740+0000] {processor.py:826} INFO - Processing file /usr/local/python/3.10.13/lib/python3.10/site-packages/airflow/example_dags/example_sensors.py for tasks to queue
[2024-04-02T09:18:00.741+0000] {logging_mixin.py:150} INFO - [2024-04-02T09:18:00.741+0000] {dagbag.py:541} INFO - Filling up the DagBag from /usr/local/python/3.10.13/lib/python3.10/site-packages/airflow/example_dags/example_sensors.py
[2024-04-02T09:18:00.749+0000] {processor.py:836} INFO - DAG(s) dict_keys(['example_sensors']) retrieved from /usr/local/python/3.10.13/lib/python3.10/site-packages/airflow/example_dags/example_sensors.py
[2024-04-02T09:18:00.764+0000] {logging_mixin.py:150} INFO - [2024-04-02T09:18:00.764+0000] {dag.py:2742} INFO - Sync 1 DAGs
[2024-04-02T09:18:00.779+0000] {logging_mixin.py:150} INFO - [2024-04-02T09:18:00.779+0000] {dag.py:3504} INFO - Setting next_dagrun for example_sensors to None, run_after=None
[2024-04-02T09:18:00.819+0000] {processor.py:179} INFO - Processing /usr/local/python/3.10.13/lib/python3.10/site-packages/airflow/example_dags/example_sensors.py took 0.083 seconds
[2024-04-02T09:19:01.124+0000] {processor.py:157} INFO - Started process (PID=22531) to work on /usr/local/python/3.10.13/lib/python3.10/site-packages/airflow/example_dags/example_sensors.py
[2024-04-02T09:19:01.125+0000] {processor.py:826} INFO - Processing file /usr/local/python/3.10.13/lib/python3.10/site-packages/airflow/example_dags/example_sensors.py for tasks to queue
[2024-04-02T09:19:01.126+0000] {logging_mixin.py:150} INFO - [2024-04-02T09:19:01.125+0000] {dagbag.py:541} INFO - Filling up the DagBag from /usr/local/python/3.10.13/lib/python3.10/site-packages/airflow/example_dags/example_sensors.py
[2024-04-02T09:19:01.133+0000] {processor.py:836} INFO - DAG(s) dict_keys(['example_sensors']) retrieved from /usr/local/python/3.10.13/lib/python3.10/site-packages/airflow/example_dags/example_sensors.py
[2024-04-02T09:19:01.149+0000] {logging_mixin.py:150} INFO - [2024-04-02T09:19:01.149+0000] {dag.py:2742} INFO - Sync 1 DAGs
[2024-04-02T09:19:01.166+0000] {logging_mixin.py:150} INFO - [2024-04-02T09:19:01.165+0000] {dag.py:3504} INFO - Setting next_dagrun for example_sensors to None, run_after=None
[2024-04-02T09:19:01.203+0000] {processor.py:179} INFO - Processing /usr/local/python/3.10.13/lib/python3.10/site-packages/airflow/example_dags/example_sensors.py took 0.081 seconds
[2024-04-02T09:19:54.910+0000] {processor.py:157} INFO - Started process (PID=22924) to work on /usr/local/python/3.10.13/lib/python3.10/site-packages/airflow/example_dags/example_sensors.py
[2024-04-02T09:19:54.911+0000] {processor.py:826} INFO - Processing file /usr/local/python/3.10.13/lib/python3.10/site-packages/airflow/example_dags/example_sensors.py for tasks to queue
[2024-04-02T09:19:54.912+0000] {logging_mixin.py:150} INFO - [2024-04-02T09:19:54.911+0000] {dagbag.py:541} INFO - Filling up the DagBag from /usr/local/python/3.10.13/lib/python3.10/site-packages/airflow/example_dags/example_sensors.py
[2024-04-02T09:19:54.934+0000] {processor.py:836} INFO - DAG(s) dict_keys(['example_sensors']) retrieved from /usr/local/python/3.10.13/lib/python3.10/site-packages/airflow/example_dags/example_sensors.py
[2024-04-02T09:19:54.970+0000] {logging_mixin.py:150} INFO - [2024-04-02T09:19:54.970+0000] {dag.py:2742} INFO - Sync 1 DAGs
[2024-04-02T09:19:55.007+0000] {logging_mixin.py:150} INFO - [2024-04-02T09:19:55.007+0000] {dag.py:3504} INFO - Setting next_dagrun for example_sensors to None, run_after=None
[2024-04-02T09:19:55.061+0000] {processor.py:179} INFO - Processing /usr/local/python/3.10.13/lib/python3.10/site-packages/airflow/example_dags/example_sensors.py took 0.162 seconds
[2024-04-02T09:20:52.591+0000] {processor.py:157} INFO - Started process (PID=23316) to work on /usr/local/python/3.10.13/lib/python3.10/site-packages/airflow/example_dags/example_sensors.py
[2024-04-02T09:20:52.592+0000] {processor.py:826} INFO - Processing file /usr/local/python/3.10.13/lib/python3.10/site-packages/airflow/example_dags/example_sensors.py for tasks to queue
[2024-04-02T09:20:52.593+0000] {logging_mixin.py:150} INFO - [2024-04-02T09:20:52.593+0000] {dagbag.py:541} INFO - Filling up the DagBag from /usr/local/python/3.10.13/lib/python3.10/site-packages/airflow/example_dags/example_sensors.py
[2024-04-02T09:20:52.605+0000] {processor.py:836} INFO - DAG(s) dict_keys(['example_sensors']) retrieved from /usr/local/python/3.10.13/lib/python3.10/site-packages/airflow/example_dags/example_sensors.py
[2024-04-02T09:20:52.630+0000] {logging_mixin.py:150} INFO - [2024-04-02T09:20:52.629+0000] {dag.py:2742} INFO - Sync 1 DAGs
[2024-04-02T09:20:52.653+0000] {logging_mixin.py:150} INFO - [2024-04-02T09:20:52.653+0000] {dag.py:3504} INFO - Setting next_dagrun for example_sensors to None, run_after=None
[2024-04-02T09:20:52.699+0000] {processor.py:179} INFO - Processing /usr/local/python/3.10.13/lib/python3.10/site-packages/airflow/example_dags/example_sensors.py took 0.112 seconds
[2024-04-02T09:21:45.763+0000] {processor.py:157} INFO - Started process (PID=23681) to work on /usr/local/python/3.10.13/lib/python3.10/site-packages/airflow/example_dags/example_sensors.py
[2024-04-02T09:21:45.764+0000] {processor.py:826} INFO - Processing file /usr/local/python/3.10.13/lib/python3.10/site-packages/airflow/example_dags/example_sensors.py for tasks to queue
[2024-04-02T09:21:45.765+0000] {logging_mixin.py:150} INFO - [2024-04-02T09:21:45.765+0000] {dagbag.py:541} INFO - Filling up the DagBag from /usr/local/python/3.10.13/lib/python3.10/site-packages/airflow/example_dags/example_sensors.py
[2024-04-02T09:21:45.776+0000] {processor.py:836} INFO - DAG(s) dict_keys(['example_sensors']) retrieved from /usr/local/python/3.10.13/lib/python3.10/site-packages/airflow/example_dags/example_sensors.py
[2024-04-02T09:21:45.798+0000] {logging_mixin.py:150} INFO - [2024-04-02T09:21:45.797+0000] {dag.py:2742} INFO - Sync 1 DAGs
[2024-04-02T09:21:45.818+0000] {logging_mixin.py:150} INFO - [2024-04-02T09:21:45.818+0000] {dag.py:3504} INFO - Setting next_dagrun for example_sensors to None, run_after=None
[2024-04-02T09:21:45.863+0000] {processor.py:179} INFO - Processing /usr/local/python/3.10.13/lib/python3.10/site-packages/airflow/example_dags/example_sensors.py took 0.103 seconds
[2024-04-02T09:22:44.902+0000] {processor.py:157} INFO - Started process (PID=24087) to work on /usr/local/python/3.10.13/lib/python3.10/site-packages/airflow/example_dags/example_sensors.py
[2024-04-02T09:22:44.903+0000] {processor.py:826} INFO - Processing file /usr/local/python/3.10.13/lib/python3.10/site-packages/airflow/example_dags/example_sensors.py for tasks to queue
[2024-04-02T09:22:44.904+0000] {logging_mixin.py:150} INFO - [2024-04-02T09:22:44.904+0000] {dagbag.py:541} INFO - Filling up the DagBag from /usr/local/python/3.10.13/lib/python3.10/site-packages/airflow/example_dags/example_sensors.py
[2024-04-02T09:22:44.912+0000] {processor.py:836} INFO - DAG(s) dict_keys(['example_sensors']) retrieved from /usr/local/python/3.10.13/lib/python3.10/site-packages/airflow/example_dags/example_sensors.py
[2024-04-02T09:22:44.928+0000] {logging_mixin.py:150} INFO - [2024-04-02T09:22:44.928+0000] {dag.py:2742} INFO - Sync 1 DAGs
[2024-04-02T09:22:44.944+0000] {logging_mixin.py:150} INFO - [2024-04-02T09:22:44.944+0000] {dag.py:3504} INFO - Setting next_dagrun for example_sensors to None, run_after=None
[2024-04-02T09:22:44.985+0000] {processor.py:179} INFO - Processing /usr/local/python/3.10.13/lib/python3.10/site-packages/airflow/example_dags/example_sensors.py took 0.085 seconds
[2024-04-02T09:23:42.483+0000] {processor.py:157} INFO - Started process (PID=24484) to work on /usr/local/python/3.10.13/lib/python3.10/site-packages/airflow/example_dags/example_sensors.py
[2024-04-02T09:23:42.484+0000] {processor.py:826} INFO - Processing file /usr/local/python/3.10.13/lib/python3.10/site-packages/airflow/example_dags/example_sensors.py for tasks to queue
[2024-04-02T09:23:42.485+0000] {logging_mixin.py:150} INFO - [2024-04-02T09:23:42.485+0000] {dagbag.py:541} INFO - Filling up the DagBag from /usr/local/python/3.10.13/lib/python3.10/site-packages/airflow/example_dags/example_sensors.py
[2024-04-02T09:23:42.493+0000] {processor.py:836} INFO - DAG(s) dict_keys(['example_sensors']) retrieved from /usr/local/python/3.10.13/lib/python3.10/site-packages/airflow/example_dags/example_sensors.py
[2024-04-02T09:23:42.508+0000] {logging_mixin.py:150} INFO - [2024-04-02T09:23:42.508+0000] {dag.py:2742} INFO - Sync 1 DAGs
[2024-04-02T09:23:42.523+0000] {logging_mixin.py:150} INFO - [2024-04-02T09:23:42.523+0000] {dag.py:3504} INFO - Setting next_dagrun for example_sensors to None, run_after=None
[2024-04-02T09:23:42.560+0000] {processor.py:179} INFO - Processing /usr/local/python/3.10.13/lib/python3.10/site-packages/airflow/example_dags/example_sensors.py took 0.079 seconds
[2024-04-02T09:24:46.022+0000] {processor.py:157} INFO - Started process (PID=24939) to work on /usr/local/python/3.10.13/lib/python3.10/site-packages/airflow/example_dags/example_sensors.py
[2024-04-02T09:24:46.023+0000] {processor.py:826} INFO - Processing file /usr/local/python/3.10.13/lib/python3.10/site-packages/airflow/example_dags/example_sensors.py for tasks to queue
[2024-04-02T09:24:46.024+0000] {logging_mixin.py:150} INFO - [2024-04-02T09:24:46.024+0000] {dagbag.py:541} INFO - Filling up the DagBag from /usr/local/python/3.10.13/lib/python3.10/site-packages/airflow/example_dags/example_sensors.py
[2024-04-02T09:24:46.032+0000] {processor.py:836} INFO - DAG(s) dict_keys(['example_sensors']) retrieved from /usr/local/python/3.10.13/lib/python3.10/site-packages/airflow/example_dags/example_sensors.py
[2024-04-02T09:24:46.053+0000] {logging_mixin.py:150} INFO - [2024-04-02T09:24:46.053+0000] {dag.py:2742} INFO - Sync 1 DAGs
[2024-04-02T09:24:46.076+0000] {logging_mixin.py:150} INFO - [2024-04-02T09:24:46.076+0000] {dag.py:3504} INFO - Setting next_dagrun for example_sensors to None, run_after=None
[2024-04-02T09:24:46.123+0000] {processor.py:179} INFO - Processing /usr/local/python/3.10.13/lib/python3.10/site-packages/airflow/example_dags/example_sensors.py took 0.102 seconds
[2024-04-02T09:25:48.302+0000] {processor.py:157} INFO - Started process (PID=25357) to work on /usr/local/python/3.10.13/lib/python3.10/site-packages/airflow/example_dags/example_sensors.py
[2024-04-02T09:25:48.302+0000] {processor.py:826} INFO - Processing file /usr/local/python/3.10.13/lib/python3.10/site-packages/airflow/example_dags/example_sensors.py for tasks to queue
[2024-04-02T09:25:48.303+0000] {logging_mixin.py:150} INFO - [2024-04-02T09:25:48.303+0000] {dagbag.py:541} INFO - Filling up the DagBag from /usr/local/python/3.10.13/lib/python3.10/site-packages/airflow/example_dags/example_sensors.py
[2024-04-02T09:25:48.311+0000] {processor.py:836} INFO - DAG(s) dict_keys(['example_sensors']) retrieved from /usr/local/python/3.10.13/lib/python3.10/site-packages/airflow/example_dags/example_sensors.py
[2024-04-02T09:25:48.326+0000] {logging_mixin.py:150} INFO - [2024-04-02T09:25:48.326+0000] {dag.py:2742} INFO - Sync 1 DAGs
[2024-04-02T09:25:48.341+0000] {logging_mixin.py:150} INFO - [2024-04-02T09:25:48.341+0000] {dag.py:3504} INFO - Setting next_dagrun for example_sensors to None, run_after=None
[2024-04-02T09:25:48.378+0000] {processor.py:179} INFO - Processing /usr/local/python/3.10.13/lib/python3.10/site-packages/airflow/example_dags/example_sensors.py took 0.079 seconds
[2024-04-02T09:26:49.905+0000] {processor.py:157} INFO - Started process (PID=25767) to work on /usr/local/python/3.10.13/lib/python3.10/site-packages/airflow/example_dags/example_sensors.py
[2024-04-02T09:26:49.907+0000] {processor.py:826} INFO - Processing file /usr/local/python/3.10.13/lib/python3.10/site-packages/airflow/example_dags/example_sensors.py for tasks to queue
[2024-04-02T09:26:49.908+0000] {logging_mixin.py:150} INFO - [2024-04-02T09:26:49.908+0000] {dagbag.py:541} INFO - Filling up the DagBag from /usr/local/python/3.10.13/lib/python3.10/site-packages/airflow/example_dags/example_sensors.py
[2024-04-02T09:26:49.924+0000] {processor.py:836} INFO - DAG(s) dict_keys(['example_sensors']) retrieved from /usr/local/python/3.10.13/lib/python3.10/site-packages/airflow/example_dags/example_sensors.py
[2024-04-02T09:26:49.963+0000] {logging_mixin.py:150} INFO - [2024-04-02T09:26:49.963+0000] {dag.py:2742} INFO - Sync 1 DAGs
[2024-04-02T09:26:50.013+0000] {logging_mixin.py:150} INFO - [2024-04-02T09:26:50.013+0000] {dag.py:3504} INFO - Setting next_dagrun for example_sensors to None, run_after=None
[2024-04-02T09:26:50.077+0000] {processor.py:179} INFO - Processing /usr/local/python/3.10.13/lib/python3.10/site-packages/airflow/example_dags/example_sensors.py took 0.180 seconds
[2024-04-02T09:27:50.244+0000] {processor.py:157} INFO - Started process (PID=26186) to work on /usr/local/python/3.10.13/lib/python3.10/site-packages/airflow/example_dags/example_sensors.py
[2024-04-02T09:27:50.245+0000] {processor.py:826} INFO - Processing file /usr/local/python/3.10.13/lib/python3.10/site-packages/airflow/example_dags/example_sensors.py for tasks to queue
[2024-04-02T09:27:50.245+0000] {logging_mixin.py:150} INFO - [2024-04-02T09:27:50.245+0000] {dagbag.py:541} INFO - Filling up the DagBag from /usr/local/python/3.10.13/lib/python3.10/site-packages/airflow/example_dags/example_sensors.py
[2024-04-02T09:27:50.257+0000] {processor.py:836} INFO - DAG(s) dict_keys(['example_sensors']) retrieved from /usr/local/python/3.10.13/lib/python3.10/site-packages/airflow/example_dags/example_sensors.py
[2024-04-02T09:27:50.279+0000] {logging_mixin.py:150} INFO - [2024-04-02T09:27:50.279+0000] {dag.py:2742} INFO - Sync 1 DAGs
[2024-04-02T09:27:50.298+0000] {logging_mixin.py:150} INFO - [2024-04-02T09:27:50.298+0000] {dag.py:3504} INFO - Setting next_dagrun for example_sensors to None, run_after=None
[2024-04-02T09:27:50.342+0000] {processor.py:179} INFO - Processing /usr/local/python/3.10.13/lib/python3.10/site-packages/airflow/example_dags/example_sensors.py took 0.101 seconds
[2024-04-02T09:28:53.312+0000] {processor.py:157} INFO - Started process (PID=26602) to work on /usr/local/python/3.10.13/lib/python3.10/site-packages/airflow/example_dags/example_sensors.py
[2024-04-02T09:28:53.313+0000] {processor.py:826} INFO - Processing file /usr/local/python/3.10.13/lib/python3.10/site-packages/airflow/example_dags/example_sensors.py for tasks to queue
[2024-04-02T09:28:53.314+0000] {logging_mixin.py:150} INFO - [2024-04-02T09:28:53.314+0000] {dagbag.py:541} INFO - Filling up the DagBag from /usr/local/python/3.10.13/lib/python3.10/site-packages/airflow/example_dags/example_sensors.py
[2024-04-02T09:28:53.327+0000] {processor.py:836} INFO - DAG(s) dict_keys(['example_sensors']) retrieved from /usr/local/python/3.10.13/lib/python3.10/site-packages/airflow/example_dags/example_sensors.py
[2024-04-02T09:28:53.351+0000] {logging_mixin.py:150} INFO - [2024-04-02T09:28:53.351+0000] {dag.py:2742} INFO - Sync 1 DAGs
[2024-04-02T09:28:53.484+0000] {logging_mixin.py:150} INFO - [2024-04-02T09:28:53.484+0000] {dag.py:3504} INFO - Setting next_dagrun for example_sensors to None, run_after=None
[2024-04-02T09:28:53.538+0000] {processor.py:179} INFO - Processing /usr/local/python/3.10.13/lib/python3.10/site-packages/airflow/example_dags/example_sensors.py took 0.230 seconds
[2024-04-02T09:29:50.596+0000] {processor.py:157} INFO - Started process (PID=27060) to work on /usr/local/python/3.10.13/lib/python3.10/site-packages/airflow/example_dags/example_sensors.py
[2024-04-02T09:29:50.598+0000] {processor.py:826} INFO - Processing file /usr/local/python/3.10.13/lib/python3.10/site-packages/airflow/example_dags/example_sensors.py for tasks to queue
[2024-04-02T09:29:50.599+0000] {logging_mixin.py:150} INFO - [2024-04-02T09:29:50.598+0000] {dagbag.py:541} INFO - Filling up the DagBag from /usr/local/python/3.10.13/lib/python3.10/site-packages/airflow/example_dags/example_sensors.py
[2024-04-02T09:29:50.611+0000] {processor.py:836} INFO - DAG(s) dict_keys(['example_sensors']) retrieved from /usr/local/python/3.10.13/lib/python3.10/site-packages/airflow/example_dags/example_sensors.py
[2024-04-02T09:29:50.635+0000] {logging_mixin.py:150} INFO - [2024-04-02T09:29:50.635+0000] {dag.py:2742} INFO - Sync 1 DAGs
[2024-04-02T09:29:50.658+0000] {logging_mixin.py:150} INFO - [2024-04-02T09:29:50.658+0000] {dag.py:3504} INFO - Setting next_dagrun for example_sensors to None, run_after=None
[2024-04-02T09:29:50.705+0000] {processor.py:179} INFO - Processing /usr/local/python/3.10.13/lib/python3.10/site-packages/airflow/example_dags/example_sensors.py took 0.111 seconds
[2024-04-02T09:30:42.973+0000] {processor.py:157} INFO - Started process (PID=27409) to work on /usr/local/python/3.10.13/lib/python3.10/site-packages/airflow/example_dags/example_sensors.py
[2024-04-02T09:30:42.974+0000] {processor.py:826} INFO - Processing file /usr/local/python/3.10.13/lib/python3.10/site-packages/airflow/example_dags/example_sensors.py for tasks to queue
[2024-04-02T09:30:42.975+0000] {logging_mixin.py:150} INFO - [2024-04-02T09:30:42.974+0000] {dagbag.py:541} INFO - Filling up the DagBag from /usr/local/python/3.10.13/lib/python3.10/site-packages/airflow/example_dags/example_sensors.py
[2024-04-02T09:30:42.982+0000] {processor.py:836} INFO - DAG(s) dict_keys(['example_sensors']) retrieved from /usr/local/python/3.10.13/lib/python3.10/site-packages/airflow/example_dags/example_sensors.py
[2024-04-02T09:30:42.997+0000] {logging_mixin.py:150} INFO - [2024-04-02T09:30:42.997+0000] {dag.py:2742} INFO - Sync 1 DAGs
[2024-04-02T09:30:43.012+0000] {logging_mixin.py:150} INFO - [2024-04-02T09:30:43.012+0000] {dag.py:3504} INFO - Setting next_dagrun for example_sensors to None, run_after=None
[2024-04-02T09:30:43.052+0000] {processor.py:179} INFO - Processing /usr/local/python/3.10.13/lib/python3.10/site-packages/airflow/example_dags/example_sensors.py took 0.081 seconds
[2024-04-02T09:31:44.680+0000] {processor.py:157} INFO - Started process (PID=27828) to work on /usr/local/python/3.10.13/lib/python3.10/site-packages/airflow/example_dags/example_sensors.py
[2024-04-02T09:31:44.680+0000] {processor.py:826} INFO - Processing file /usr/local/python/3.10.13/lib/python3.10/site-packages/airflow/example_dags/example_sensors.py for tasks to queue
[2024-04-02T09:31:44.681+0000] {logging_mixin.py:150} INFO - [2024-04-02T09:31:44.681+0000] {dagbag.py:541} INFO - Filling up the DagBag from /usr/local/python/3.10.13/lib/python3.10/site-packages/airflow/example_dags/example_sensors.py
[2024-04-02T09:31:44.689+0000] {processor.py:836} INFO - DAG(s) dict_keys(['example_sensors']) retrieved from /usr/local/python/3.10.13/lib/python3.10/site-packages/airflow/example_dags/example_sensors.py
[2024-04-02T09:31:44.705+0000] {logging_mixin.py:150} INFO - [2024-04-02T09:31:44.705+0000] {dag.py:2742} INFO - Sync 1 DAGs
[2024-04-02T09:31:44.724+0000] {logging_mixin.py:150} INFO - [2024-04-02T09:31:44.724+0000] {dag.py:3504} INFO - Setting next_dagrun for example_sensors to None, run_after=None
[2024-04-02T09:31:44.768+0000] {processor.py:179} INFO - Processing /usr/local/python/3.10.13/lib/python3.10/site-packages/airflow/example_dags/example_sensors.py took 0.090 seconds
[2024-04-02T09:32:43.852+0000] {processor.py:157} INFO - Started process (PID=28234) to work on /usr/local/python/3.10.13/lib/python3.10/site-packages/airflow/example_dags/example_sensors.py
[2024-04-02T09:32:43.853+0000] {processor.py:826} INFO - Processing file /usr/local/python/3.10.13/lib/python3.10/site-packages/airflow/example_dags/example_sensors.py for tasks to queue
[2024-04-02T09:32:43.854+0000] {logging_mixin.py:150} INFO - [2024-04-02T09:32:43.853+0000] {dagbag.py:541} INFO - Filling up the DagBag from /usr/local/python/3.10.13/lib/python3.10/site-packages/airflow/example_dags/example_sensors.py
[2024-04-02T09:32:43.861+0000] {processor.py:836} INFO - DAG(s) dict_keys(['example_sensors']) retrieved from /usr/local/python/3.10.13/lib/python3.10/site-packages/airflow/example_dags/example_sensors.py
[2024-04-02T09:32:43.877+0000] {logging_mixin.py:150} INFO - [2024-04-02T09:32:43.877+0000] {dag.py:2742} INFO - Sync 1 DAGs
[2024-04-02T09:32:43.892+0000] {logging_mixin.py:150} INFO - [2024-04-02T09:32:43.892+0000] {dag.py:3504} INFO - Setting next_dagrun for example_sensors to None, run_after=None
[2024-04-02T09:32:43.931+0000] {processor.py:179} INFO - Processing /usr/local/python/3.10.13/lib/python3.10/site-packages/airflow/example_dags/example_sensors.py took 0.081 seconds
[2024-04-02T09:33:42.555+0000] {processor.py:157} INFO - Started process (PID=28621) to work on /usr/local/python/3.10.13/lib/python3.10/site-packages/airflow/example_dags/example_sensors.py
[2024-04-02T09:33:42.557+0000] {processor.py:826} INFO - Processing file /usr/local/python/3.10.13/lib/python3.10/site-packages/airflow/example_dags/example_sensors.py for tasks to queue
[2024-04-02T09:33:42.558+0000] {logging_mixin.py:150} INFO - [2024-04-02T09:33:42.557+0000] {dagbag.py:541} INFO - Filling up the DagBag from /usr/local/python/3.10.13/lib/python3.10/site-packages/airflow/example_dags/example_sensors.py
[2024-04-02T09:33:42.573+0000] {processor.py:836} INFO - DAG(s) dict_keys(['example_sensors']) retrieved from /usr/local/python/3.10.13/lib/python3.10/site-packages/airflow/example_dags/example_sensors.py
[2024-04-02T09:33:42.598+0000] {logging_mixin.py:150} INFO - [2024-04-02T09:33:42.598+0000] {dag.py:2742} INFO - Sync 1 DAGs
[2024-04-02T09:33:42.622+0000] {logging_mixin.py:150} INFO - [2024-04-02T09:33:42.621+0000] {dag.py:3504} INFO - Setting next_dagrun for example_sensors to None, run_after=None
[2024-04-02T09:33:42.666+0000] {processor.py:179} INFO - Processing /usr/local/python/3.10.13/lib/python3.10/site-packages/airflow/example_dags/example_sensors.py took 0.114 seconds
[2024-04-02T09:34:37.437+0000] {processor.py:157} INFO - Started process (PID=29037) to work on /usr/local/python/3.10.13/lib/python3.10/site-packages/airflow/example_dags/example_sensors.py
[2024-04-02T09:34:37.438+0000] {processor.py:826} INFO - Processing file /usr/local/python/3.10.13/lib/python3.10/site-packages/airflow/example_dags/example_sensors.py for tasks to queue
[2024-04-02T09:34:37.439+0000] {logging_mixin.py:150} INFO - [2024-04-02T09:34:37.439+0000] {dagbag.py:541} INFO - Filling up the DagBag from /usr/local/python/3.10.13/lib/python3.10/site-packages/airflow/example_dags/example_sensors.py
[2024-04-02T09:34:37.447+0000] {processor.py:836} INFO - DAG(s) dict_keys(['example_sensors']) retrieved from /usr/local/python/3.10.13/lib/python3.10/site-packages/airflow/example_dags/example_sensors.py
[2024-04-02T09:34:37.462+0000] {logging_mixin.py:150} INFO - [2024-04-02T09:34:37.462+0000] {dag.py:2742} INFO - Sync 1 DAGs
[2024-04-02T09:34:37.477+0000] {logging_mixin.py:150} INFO - [2024-04-02T09:34:37.476+0000] {dag.py:3504} INFO - Setting next_dagrun for example_sensors to None, run_after=None
[2024-04-02T09:34:37.517+0000] {processor.py:179} INFO - Processing /usr/local/python/3.10.13/lib/python3.10/site-packages/airflow/example_dags/example_sensors.py took 0.081 seconds
[2024-04-02T09:35:35.180+0000] {processor.py:157} INFO - Started process (PID=29421) to work on /usr/local/python/3.10.13/lib/python3.10/site-packages/airflow/example_dags/example_sensors.py
[2024-04-02T09:35:35.181+0000] {processor.py:826} INFO - Processing file /usr/local/python/3.10.13/lib/python3.10/site-packages/airflow/example_dags/example_sensors.py for tasks to queue
[2024-04-02T09:35:35.181+0000] {logging_mixin.py:150} INFO - [2024-04-02T09:35:35.181+0000] {dagbag.py:541} INFO - Filling up the DagBag from /usr/local/python/3.10.13/lib/python3.10/site-packages/airflow/example_dags/example_sensors.py
[2024-04-02T09:35:35.189+0000] {processor.py:836} INFO - DAG(s) dict_keys(['example_sensors']) retrieved from /usr/local/python/3.10.13/lib/python3.10/site-packages/airflow/example_dags/example_sensors.py
[2024-04-02T09:35:35.204+0000] {logging_mixin.py:150} INFO - [2024-04-02T09:35:35.204+0000] {dag.py:2742} INFO - Sync 1 DAGs
[2024-04-02T09:35:35.219+0000] {logging_mixin.py:150} INFO - [2024-04-02T09:35:35.218+0000] {dag.py:3504} INFO - Setting next_dagrun for example_sensors to None, run_after=None
[2024-04-02T09:35:35.258+0000] {processor.py:179} INFO - Processing /usr/local/python/3.10.13/lib/python3.10/site-packages/airflow/example_dags/example_sensors.py took 0.080 seconds
[2024-04-02T09:36:27.739+0000] {processor.py:157} INFO - Started process (PID=29789) to work on /usr/local/python/3.10.13/lib/python3.10/site-packages/airflow/example_dags/example_sensors.py
[2024-04-02T09:36:27.740+0000] {processor.py:826} INFO - Processing file /usr/local/python/3.10.13/lib/python3.10/site-packages/airflow/example_dags/example_sensors.py for tasks to queue
[2024-04-02T09:36:27.741+0000] {logging_mixin.py:150} INFO - [2024-04-02T09:36:27.741+0000] {dagbag.py:541} INFO - Filling up the DagBag from /usr/local/python/3.10.13/lib/python3.10/site-packages/airflow/example_dags/example_sensors.py
[2024-04-02T09:36:27.749+0000] {processor.py:836} INFO - DAG(s) dict_keys(['example_sensors']) retrieved from /usr/local/python/3.10.13/lib/python3.10/site-packages/airflow/example_dags/example_sensors.py
[2024-04-02T09:36:27.771+0000] {logging_mixin.py:150} INFO - [2024-04-02T09:36:27.771+0000] {dag.py:2742} INFO - Sync 1 DAGs
[2024-04-02T09:36:27.797+0000] {logging_mixin.py:150} INFO - [2024-04-02T09:36:27.797+0000] {dag.py:3504} INFO - Setting next_dagrun for example_sensors to None, run_after=None
[2024-04-02T09:36:27.842+0000] {processor.py:179} INFO - Processing /usr/local/python/3.10.13/lib/python3.10/site-packages/airflow/example_dags/example_sensors.py took 0.106 seconds
[2024-04-02T09:37:25.275+0000] {processor.py:157} INFO - Started process (PID=30176) to work on /usr/local/python/3.10.13/lib/python3.10/site-packages/airflow/example_dags/example_sensors.py
[2024-04-02T09:37:25.281+0000] {processor.py:826} INFO - Processing file /usr/local/python/3.10.13/lib/python3.10/site-packages/airflow/example_dags/example_sensors.py for tasks to queue
[2024-04-02T09:37:25.282+0000] {logging_mixin.py:150} INFO - [2024-04-02T09:37:25.282+0000] {dagbag.py:541} INFO - Filling up the DagBag from /usr/local/python/3.10.13/lib/python3.10/site-packages/airflow/example_dags/example_sensors.py
[2024-04-02T09:37:25.305+0000] {processor.py:836} INFO - DAG(s) dict_keys(['example_sensors']) retrieved from /usr/local/python/3.10.13/lib/python3.10/site-packages/airflow/example_dags/example_sensors.py
[2024-04-02T09:37:25.355+0000] {logging_mixin.py:150} INFO - [2024-04-02T09:37:25.344+0000] {dag.py:2742} INFO - Sync 1 DAGs
[2024-04-02T09:37:25.396+0000] {logging_mixin.py:150} INFO - [2024-04-02T09:37:25.396+0000] {dag.py:3504} INFO - Setting next_dagrun for example_sensors to None, run_after=None
[2024-04-02T09:37:25.448+0000] {processor.py:179} INFO - Processing /usr/local/python/3.10.13/lib/python3.10/site-packages/airflow/example_dags/example_sensors.py took 0.180 seconds
[2024-04-02T09:38:20.484+0000] {processor.py:157} INFO - Started process (PID=30566) to work on /usr/local/python/3.10.13/lib/python3.10/site-packages/airflow/example_dags/example_sensors.py
[2024-04-02T09:38:20.485+0000] {processor.py:826} INFO - Processing file /usr/local/python/3.10.13/lib/python3.10/site-packages/airflow/example_dags/example_sensors.py for tasks to queue
[2024-04-02T09:38:20.486+0000] {logging_mixin.py:150} INFO - [2024-04-02T09:38:20.486+0000] {dagbag.py:541} INFO - Filling up the DagBag from /usr/local/python/3.10.13/lib/python3.10/site-packages/airflow/example_dags/example_sensors.py
[2024-04-02T09:38:20.498+0000] {processor.py:836} INFO - DAG(s) dict_keys(['example_sensors']) retrieved from /usr/local/python/3.10.13/lib/python3.10/site-packages/airflow/example_dags/example_sensors.py
[2024-04-02T09:38:20.527+0000] {logging_mixin.py:150} INFO - [2024-04-02T09:38:20.527+0000] {dag.py:2742} INFO - Sync 1 DAGs
[2024-04-02T09:38:20.551+0000] {logging_mixin.py:150} INFO - [2024-04-02T09:38:20.551+0000] {dag.py:3504} INFO - Setting next_dagrun for example_sensors to None, run_after=None
[2024-04-02T09:38:20.597+0000] {processor.py:179} INFO - Processing /usr/local/python/3.10.13/lib/python3.10/site-packages/airflow/example_dags/example_sensors.py took 0.116 seconds
[2024-04-02T09:39:18.249+0000] {processor.py:157} INFO - Started process (PID=30942) to work on /usr/local/python/3.10.13/lib/python3.10/site-packages/airflow/example_dags/example_sensors.py
[2024-04-02T09:39:18.249+0000] {processor.py:826} INFO - Processing file /usr/local/python/3.10.13/lib/python3.10/site-packages/airflow/example_dags/example_sensors.py for tasks to queue
[2024-04-02T09:39:18.250+0000] {logging_mixin.py:150} INFO - [2024-04-02T09:39:18.250+0000] {dagbag.py:541} INFO - Filling up the DagBag from /usr/local/python/3.10.13/lib/python3.10/site-packages/airflow/example_dags/example_sensors.py
[2024-04-02T09:39:18.258+0000] {processor.py:836} INFO - DAG(s) dict_keys(['example_sensors']) retrieved from /usr/local/python/3.10.13/lib/python3.10/site-packages/airflow/example_dags/example_sensors.py
[2024-04-02T09:39:18.274+0000] {logging_mixin.py:150} INFO - [2024-04-02T09:39:18.274+0000] {dag.py:2742} INFO - Sync 1 DAGs
[2024-04-02T09:39:18.290+0000] {logging_mixin.py:150} INFO - [2024-04-02T09:39:18.290+0000] {dag.py:3504} INFO - Setting next_dagrun for example_sensors to None, run_after=None
[2024-04-02T09:39:18.333+0000] {processor.py:179} INFO - Processing /usr/local/python/3.10.13/lib/python3.10/site-packages/airflow/example_dags/example_sensors.py took 0.087 seconds
[2024-04-02T09:40:16.046+0000] {processor.py:157} INFO - Started process (PID=31395) to work on /usr/local/python/3.10.13/lib/python3.10/site-packages/airflow/example_dags/example_sensors.py
[2024-04-02T09:40:16.047+0000] {processor.py:826} INFO - Processing file /usr/local/python/3.10.13/lib/python3.10/site-packages/airflow/example_dags/example_sensors.py for tasks to queue
[2024-04-02T09:40:16.048+0000] {logging_mixin.py:150} INFO - [2024-04-02T09:40:16.048+0000] {dagbag.py:541} INFO - Filling up the DagBag from /usr/local/python/3.10.13/lib/python3.10/site-packages/airflow/example_dags/example_sensors.py
[2024-04-02T09:40:16.056+0000] {processor.py:836} INFO - DAG(s) dict_keys(['example_sensors']) retrieved from /usr/local/python/3.10.13/lib/python3.10/site-packages/airflow/example_dags/example_sensors.py
[2024-04-02T09:40:16.072+0000] {logging_mixin.py:150} INFO - [2024-04-02T09:40:16.072+0000] {dag.py:2742} INFO - Sync 1 DAGs
[2024-04-02T09:40:16.087+0000] {logging_mixin.py:150} INFO - [2024-04-02T09:40:16.087+0000] {dag.py:3504} INFO - Setting next_dagrun for example_sensors to None, run_after=None
[2024-04-02T09:40:16.126+0000] {processor.py:179} INFO - Processing /usr/local/python/3.10.13/lib/python3.10/site-packages/airflow/example_dags/example_sensors.py took 0.083 seconds
[2024-04-02T09:41:13.491+0000] {processor.py:157} INFO - Started process (PID=31794) to work on /usr/local/python/3.10.13/lib/python3.10/site-packages/airflow/example_dags/example_sensors.py
[2024-04-02T09:41:13.492+0000] {processor.py:826} INFO - Processing file /usr/local/python/3.10.13/lib/python3.10/site-packages/airflow/example_dags/example_sensors.py for tasks to queue
[2024-04-02T09:41:13.493+0000] {logging_mixin.py:150} INFO - [2024-04-02T09:41:13.493+0000] {dagbag.py:541} INFO - Filling up the DagBag from /usr/local/python/3.10.13/lib/python3.10/site-packages/airflow/example_dags/example_sensors.py
[2024-04-02T09:41:13.501+0000] {processor.py:836} INFO - DAG(s) dict_keys(['example_sensors']) retrieved from /usr/local/python/3.10.13/lib/python3.10/site-packages/airflow/example_dags/example_sensors.py
[2024-04-02T09:41:13.516+0000] {logging_mixin.py:150} INFO - [2024-04-02T09:41:13.516+0000] {dag.py:2742} INFO - Sync 1 DAGs
[2024-04-02T09:41:13.537+0000] {logging_mixin.py:150} INFO - [2024-04-02T09:41:13.536+0000] {dag.py:3504} INFO - Setting next_dagrun for example_sensors to None, run_after=None
[2024-04-02T09:41:13.592+0000] {processor.py:179} INFO - Processing /usr/local/python/3.10.13/lib/python3.10/site-packages/airflow/example_dags/example_sensors.py took 0.103 seconds
[2024-04-02T09:42:08.223+0000] {processor.py:157} INFO - Started process (PID=32164) to work on /usr/local/python/3.10.13/lib/python3.10/site-packages/airflow/example_dags/example_sensors.py
[2024-04-02T09:42:08.224+0000] {processor.py:826} INFO - Processing file /usr/local/python/3.10.13/lib/python3.10/site-packages/airflow/example_dags/example_sensors.py for tasks to queue
[2024-04-02T09:42:08.224+0000] {logging_mixin.py:150} INFO - [2024-04-02T09:42:08.224+0000] {dagbag.py:541} INFO - Filling up the DagBag from /usr/local/python/3.10.13/lib/python3.10/site-packages/airflow/example_dags/example_sensors.py
[2024-04-02T09:42:08.232+0000] {processor.py:836} INFO - DAG(s) dict_keys(['example_sensors']) retrieved from /usr/local/python/3.10.13/lib/python3.10/site-packages/airflow/example_dags/example_sensors.py
[2024-04-02T09:42:08.248+0000] {logging_mixin.py:150} INFO - [2024-04-02T09:42:08.248+0000] {dag.py:2742} INFO - Sync 1 DAGs
[2024-04-02T09:42:08.263+0000] {logging_mixin.py:150} INFO - [2024-04-02T09:42:08.263+0000] {dag.py:3504} INFO - Setting next_dagrun for example_sensors to None, run_after=None
[2024-04-02T09:42:08.303+0000] {processor.py:179} INFO - Processing /usr/local/python/3.10.13/lib/python3.10/site-packages/airflow/example_dags/example_sensors.py took 0.082 seconds
[2024-04-02T09:43:09.082+0000] {processor.py:157} INFO - Started process (PID=32579) to work on /usr/local/python/3.10.13/lib/python3.10/site-packages/airflow/example_dags/example_sensors.py
[2024-04-02T09:43:09.083+0000] {processor.py:826} INFO - Processing file /usr/local/python/3.10.13/lib/python3.10/site-packages/airflow/example_dags/example_sensors.py for tasks to queue
[2024-04-02T09:43:09.084+0000] {logging_mixin.py:150} INFO - [2024-04-02T09:43:09.084+0000] {dagbag.py:541} INFO - Filling up the DagBag from /usr/local/python/3.10.13/lib/python3.10/site-packages/airflow/example_dags/example_sensors.py
[2024-04-02T09:43:09.095+0000] {processor.py:836} INFO - DAG(s) dict_keys(['example_sensors']) retrieved from /usr/local/python/3.10.13/lib/python3.10/site-packages/airflow/example_dags/example_sensors.py
[2024-04-02T09:43:09.118+0000] {logging_mixin.py:150} INFO - [2024-04-02T09:43:09.118+0000] {dag.py:2742} INFO - Sync 1 DAGs
[2024-04-02T09:43:09.140+0000] {logging_mixin.py:150} INFO - [2024-04-02T09:43:09.140+0000] {dag.py:3504} INFO - Setting next_dagrun for example_sensors to None, run_after=None
[2024-04-02T09:43:09.181+0000] {processor.py:179} INFO - Processing /usr/local/python/3.10.13/lib/python3.10/site-packages/airflow/example_dags/example_sensors.py took 0.101 seconds
