[2024-04-02T08:57:13.093+0000] {processor.py:157} INFO - Started process (PID=11581) to work on /usr/local/python/3.10.13/lib/python3.10/site-packages/airflow/example_dags/example_external_task_marker_dag.py
[2024-04-02T08:57:13.094+0000] {processor.py:826} INFO - Processing file /usr/local/python/3.10.13/lib/python3.10/site-packages/airflow/example_dags/example_external_task_marker_dag.py for tasks to queue
[2024-04-02T08:57:13.095+0000] {logging_mixin.py:150} INFO - [2024-04-02T08:57:13.095+0000] {dagbag.py:541} INFO - Filling up the DagBag from /usr/local/python/3.10.13/lib/python3.10/site-packages/airflow/example_dags/example_external_task_marker_dag.py
[2024-04-02T08:57:13.102+0000] {processor.py:836} INFO - DAG(s) dict_keys(['example_external_task_marker_child', 'example_external_task_marker_parent']) retrieved from /usr/local/python/3.10.13/lib/python3.10/site-packages/airflow/example_dags/example_external_task_marker_dag.py
[2024-04-02T08:57:13.248+0000] {logging_mixin.py:150} INFO - [2024-04-02T08:57:13.248+0000] {dag.py:2742} INFO - Sync 2 DAGs
[2024-04-02T08:57:13.270+0000] {logging_mixin.py:150} INFO - [2024-04-02T08:57:13.269+0000] {dag.py:3504} INFO - Setting next_dagrun for example_external_task_marker_child to None, run_after=None
[2024-04-02T08:57:13.272+0000] {logging_mixin.py:150} INFO - [2024-04-02T08:57:13.272+0000] {dag.py:3504} INFO - Setting next_dagrun for example_external_task_marker_parent to None, run_after=None
[2024-04-02T08:57:13.341+0000] {processor.py:179} INFO - Processing /usr/local/python/3.10.13/lib/python3.10/site-packages/airflow/example_dags/example_external_task_marker_dag.py took 0.256 seconds
[2024-04-02T08:58:19.468+0000] {processor.py:157} INFO - Started process (PID=12606) to work on /usr/local/python/3.10.13/lib/python3.10/site-packages/airflow/example_dags/example_external_task_marker_dag.py
[2024-04-02T08:58:19.468+0000] {processor.py:826} INFO - Processing file /usr/local/python/3.10.13/lib/python3.10/site-packages/airflow/example_dags/example_external_task_marker_dag.py for tasks to queue
[2024-04-02T08:58:19.469+0000] {logging_mixin.py:150} INFO - [2024-04-02T08:58:19.469+0000] {dagbag.py:541} INFO - Filling up the DagBag from /usr/local/python/3.10.13/lib/python3.10/site-packages/airflow/example_dags/example_external_task_marker_dag.py
[2024-04-02T08:58:19.474+0000] {processor.py:836} INFO - DAG(s) dict_keys(['example_external_task_marker_child', 'example_external_task_marker_parent']) retrieved from /usr/local/python/3.10.13/lib/python3.10/site-packages/airflow/example_dags/example_external_task_marker_dag.py
[2024-04-02T08:58:19.488+0000] {logging_mixin.py:150} INFO - [2024-04-02T08:58:19.488+0000] {dag.py:2742} INFO - Sync 2 DAGs
[2024-04-02T08:58:19.503+0000] {logging_mixin.py:150} INFO - [2024-04-02T08:58:19.503+0000] {dag.py:3504} INFO - Setting next_dagrun for example_external_task_marker_child to None, run_after=None
[2024-04-02T08:58:19.506+0000] {logging_mixin.py:150} INFO - [2024-04-02T08:58:19.505+0000] {dag.py:3504} INFO - Setting next_dagrun for example_external_task_marker_parent to None, run_after=None
[2024-04-02T08:58:19.542+0000] {processor.py:179} INFO - Processing /usr/local/python/3.10.13/lib/python3.10/site-packages/airflow/example_dags/example_external_task_marker_dag.py took 0.076 seconds
[2024-04-02T09:00:15.099+0000] {processor.py:157} INFO - Started process (PID=14229) to work on /usr/local/python/3.10.13/lib/python3.10/site-packages/airflow/example_dags/example_external_task_marker_dag.py
[2024-04-02T09:00:15.099+0000] {processor.py:826} INFO - Processing file /usr/local/python/3.10.13/lib/python3.10/site-packages/airflow/example_dags/example_external_task_marker_dag.py for tasks to queue
[2024-04-02T09:00:15.100+0000] {logging_mixin.py:150} INFO - [2024-04-02T09:00:15.100+0000] {dagbag.py:541} INFO - Filling up the DagBag from /usr/local/python/3.10.13/lib/python3.10/site-packages/airflow/example_dags/example_external_task_marker_dag.py
[2024-04-02T09:00:15.107+0000] {processor.py:836} INFO - DAG(s) dict_keys(['example_external_task_marker_child', 'example_external_task_marker_parent']) retrieved from /usr/local/python/3.10.13/lib/python3.10/site-packages/airflow/example_dags/example_external_task_marker_dag.py
[2024-04-02T09:00:15.129+0000] {logging_mixin.py:150} INFO - [2024-04-02T09:00:15.129+0000] {dag.py:2742} INFO - Sync 2 DAGs
[2024-04-02T09:00:15.153+0000] {logging_mixin.py:150} INFO - [2024-04-02T09:00:15.152+0000] {dag.py:3504} INFO - Setting next_dagrun for example_external_task_marker_child to None, run_after=None
[2024-04-02T09:00:15.156+0000] {logging_mixin.py:150} INFO - [2024-04-02T09:00:15.156+0000] {dag.py:3504} INFO - Setting next_dagrun for example_external_task_marker_parent to None, run_after=None
[2024-04-02T09:00:15.521+0000] {processor.py:179} INFO - Processing /usr/local/python/3.10.13/lib/python3.10/site-packages/airflow/example_dags/example_external_task_marker_dag.py took 0.424 seconds
[2024-04-02T09:01:03.208+0000] {processor.py:157} INFO - Started process (PID=14602) to work on /usr/local/python/3.10.13/lib/python3.10/site-packages/airflow/example_dags/example_external_task_marker_dag.py
[2024-04-02T09:01:03.208+0000] {processor.py:826} INFO - Processing file /usr/local/python/3.10.13/lib/python3.10/site-packages/airflow/example_dags/example_external_task_marker_dag.py for tasks to queue
[2024-04-02T09:01:03.209+0000] {logging_mixin.py:150} INFO - [2024-04-02T09:01:03.209+0000] {dagbag.py:541} INFO - Filling up the DagBag from /usr/local/python/3.10.13/lib/python3.10/site-packages/airflow/example_dags/example_external_task_marker_dag.py
[2024-04-02T09:01:03.214+0000] {processor.py:836} INFO - DAG(s) dict_keys(['example_external_task_marker_parent', 'example_external_task_marker_child']) retrieved from /usr/local/python/3.10.13/lib/python3.10/site-packages/airflow/example_dags/example_external_task_marker_dag.py
[2024-04-02T09:01:03.228+0000] {logging_mixin.py:150} INFO - [2024-04-02T09:01:03.228+0000] {dag.py:2742} INFO - Sync 2 DAGs
[2024-04-02T09:01:03.243+0000] {logging_mixin.py:150} INFO - [2024-04-02T09:01:03.243+0000] {dag.py:3504} INFO - Setting next_dagrun for example_external_task_marker_child to None, run_after=None
[2024-04-02T09:01:03.245+0000] {logging_mixin.py:150} INFO - [2024-04-02T09:01:03.245+0000] {dag.py:3504} INFO - Setting next_dagrun for example_external_task_marker_parent to None, run_after=None
[2024-04-02T09:01:03.283+0000] {processor.py:179} INFO - Processing /usr/local/python/3.10.13/lib/python3.10/site-packages/airflow/example_dags/example_external_task_marker_dag.py took 0.078 seconds
[2024-04-02T09:02:00.701+0000] {processor.py:157} INFO - Started process (PID=15055) to work on /usr/local/python/3.10.13/lib/python3.10/site-packages/airflow/example_dags/example_external_task_marker_dag.py
[2024-04-02T09:02:00.702+0000] {processor.py:826} INFO - Processing file /usr/local/python/3.10.13/lib/python3.10/site-packages/airflow/example_dags/example_external_task_marker_dag.py for tasks to queue
[2024-04-02T09:02:00.703+0000] {logging_mixin.py:150} INFO - [2024-04-02T09:02:00.702+0000] {dagbag.py:541} INFO - Filling up the DagBag from /usr/local/python/3.10.13/lib/python3.10/site-packages/airflow/example_dags/example_external_task_marker_dag.py
[2024-04-02T09:02:00.707+0000] {processor.py:836} INFO - DAG(s) dict_keys(['example_external_task_marker_parent', 'example_external_task_marker_child']) retrieved from /usr/local/python/3.10.13/lib/python3.10/site-packages/airflow/example_dags/example_external_task_marker_dag.py
[2024-04-02T09:02:00.722+0000] {logging_mixin.py:150} INFO - [2024-04-02T09:02:00.722+0000] {dag.py:2742} INFO - Sync 2 DAGs
[2024-04-02T09:02:00.737+0000] {logging_mixin.py:150} INFO - [2024-04-02T09:02:00.737+0000] {dag.py:3504} INFO - Setting next_dagrun for example_external_task_marker_child to None, run_after=None
[2024-04-02T09:02:00.740+0000] {logging_mixin.py:150} INFO - [2024-04-02T09:02:00.740+0000] {dag.py:3504} INFO - Setting next_dagrun for example_external_task_marker_parent to None, run_after=None
[2024-04-02T09:02:00.777+0000] {processor.py:179} INFO - Processing /usr/local/python/3.10.13/lib/python3.10/site-packages/airflow/example_dags/example_external_task_marker_dag.py took 0.078 seconds
[2024-04-02T09:02:59.549+0000] {processor.py:157} INFO - Started process (PID=15462) to work on /usr/local/python/3.10.13/lib/python3.10/site-packages/airflow/example_dags/example_external_task_marker_dag.py
[2024-04-02T09:02:59.550+0000] {processor.py:826} INFO - Processing file /usr/local/python/3.10.13/lib/python3.10/site-packages/airflow/example_dags/example_external_task_marker_dag.py for tasks to queue
[2024-04-02T09:02:59.550+0000] {logging_mixin.py:150} INFO - [2024-04-02T09:02:59.550+0000] {dagbag.py:541} INFO - Filling up the DagBag from /usr/local/python/3.10.13/lib/python3.10/site-packages/airflow/example_dags/example_external_task_marker_dag.py
[2024-04-02T09:02:59.555+0000] {processor.py:836} INFO - DAG(s) dict_keys(['example_external_task_marker_child', 'example_external_task_marker_parent']) retrieved from /usr/local/python/3.10.13/lib/python3.10/site-packages/airflow/example_dags/example_external_task_marker_dag.py
[2024-04-02T09:02:59.569+0000] {logging_mixin.py:150} INFO - [2024-04-02T09:02:59.569+0000] {dag.py:2742} INFO - Sync 2 DAGs
[2024-04-02T09:02:59.584+0000] {logging_mixin.py:150} INFO - [2024-04-02T09:02:59.584+0000] {dag.py:3504} INFO - Setting next_dagrun for example_external_task_marker_child to None, run_after=None
[2024-04-02T09:02:59.586+0000] {logging_mixin.py:150} INFO - [2024-04-02T09:02:59.586+0000] {dag.py:3504} INFO - Setting next_dagrun for example_external_task_marker_parent to None, run_after=None
[2024-04-02T09:02:59.633+0000] {processor.py:179} INFO - Processing /usr/local/python/3.10.13/lib/python3.10/site-packages/airflow/example_dags/example_external_task_marker_dag.py took 0.086 seconds
[2024-04-02T09:03:58.024+0000] {processor.py:157} INFO - Started process (PID=15865) to work on /usr/local/python/3.10.13/lib/python3.10/site-packages/airflow/example_dags/example_external_task_marker_dag.py
[2024-04-02T09:03:58.025+0000] {processor.py:826} INFO - Processing file /usr/local/python/3.10.13/lib/python3.10/site-packages/airflow/example_dags/example_external_task_marker_dag.py for tasks to queue
[2024-04-02T09:03:58.026+0000] {logging_mixin.py:150} INFO - [2024-04-02T09:03:58.025+0000] {dagbag.py:541} INFO - Filling up the DagBag from /usr/local/python/3.10.13/lib/python3.10/site-packages/airflow/example_dags/example_external_task_marker_dag.py
[2024-04-02T09:03:58.030+0000] {processor.py:836} INFO - DAG(s) dict_keys(['example_external_task_marker_parent', 'example_external_task_marker_child']) retrieved from /usr/local/python/3.10.13/lib/python3.10/site-packages/airflow/example_dags/example_external_task_marker_dag.py
[2024-04-02T09:03:58.045+0000] {logging_mixin.py:150} INFO - [2024-04-02T09:03:58.045+0000] {dag.py:2742} INFO - Sync 2 DAGs
[2024-04-02T09:03:58.061+0000] {logging_mixin.py:150} INFO - [2024-04-02T09:03:58.061+0000] {dag.py:3504} INFO - Setting next_dagrun for example_external_task_marker_child to None, run_after=None
[2024-04-02T09:03:58.063+0000] {logging_mixin.py:150} INFO - [2024-04-02T09:03:58.063+0000] {dag.py:3504} INFO - Setting next_dagrun for example_external_task_marker_parent to None, run_after=None
[2024-04-02T09:03:58.100+0000] {processor.py:179} INFO - Processing /usr/local/python/3.10.13/lib/python3.10/site-packages/airflow/example_dags/example_external_task_marker_dag.py took 0.078 seconds
[2024-04-02T09:04:49.673+0000] {processor.py:157} INFO - Started process (PID=16245) to work on /usr/local/python/3.10.13/lib/python3.10/site-packages/airflow/example_dags/example_external_task_marker_dag.py
[2024-04-02T09:04:49.673+0000] {processor.py:826} INFO - Processing file /usr/local/python/3.10.13/lib/python3.10/site-packages/airflow/example_dags/example_external_task_marker_dag.py for tasks to queue
[2024-04-02T09:04:49.674+0000] {logging_mixin.py:150} INFO - [2024-04-02T09:04:49.674+0000] {dagbag.py:541} INFO - Filling up the DagBag from /usr/local/python/3.10.13/lib/python3.10/site-packages/airflow/example_dags/example_external_task_marker_dag.py
[2024-04-02T09:04:49.678+0000] {processor.py:836} INFO - DAG(s) dict_keys(['example_external_task_marker_child', 'example_external_task_marker_parent']) retrieved from /usr/local/python/3.10.13/lib/python3.10/site-packages/airflow/example_dags/example_external_task_marker_dag.py
[2024-04-02T09:04:49.694+0000] {logging_mixin.py:150} INFO - [2024-04-02T09:04:49.694+0000] {dag.py:2742} INFO - Sync 2 DAGs
[2024-04-02T09:04:49.709+0000] {logging_mixin.py:150} INFO - [2024-04-02T09:04:49.709+0000] {dag.py:3504} INFO - Setting next_dagrun for example_external_task_marker_child to None, run_after=None
[2024-04-02T09:04:49.711+0000] {logging_mixin.py:150} INFO - [2024-04-02T09:04:49.711+0000] {dag.py:3504} INFO - Setting next_dagrun for example_external_task_marker_parent to None, run_after=None
[2024-04-02T09:04:49.746+0000] {processor.py:179} INFO - Processing /usr/local/python/3.10.13/lib/python3.10/site-packages/airflow/example_dags/example_external_task_marker_dag.py took 0.076 seconds
[2024-04-02T09:05:48.923+0000] {processor.py:157} INFO - Started process (PID=16647) to work on /usr/local/python/3.10.13/lib/python3.10/site-packages/airflow/example_dags/example_external_task_marker_dag.py
[2024-04-02T09:05:48.924+0000] {processor.py:826} INFO - Processing file /usr/local/python/3.10.13/lib/python3.10/site-packages/airflow/example_dags/example_external_task_marker_dag.py for tasks to queue
[2024-04-02T09:05:48.926+0000] {logging_mixin.py:150} INFO - [2024-04-02T09:05:48.925+0000] {dagbag.py:541} INFO - Filling up the DagBag from /usr/local/python/3.10.13/lib/python3.10/site-packages/airflow/example_dags/example_external_task_marker_dag.py
[2024-04-02T09:05:48.932+0000] {processor.py:836} INFO - DAG(s) dict_keys(['example_external_task_marker_parent', 'example_external_task_marker_child']) retrieved from /usr/local/python/3.10.13/lib/python3.10/site-packages/airflow/example_dags/example_external_task_marker_dag.py
[2024-04-02T09:05:48.956+0000] {logging_mixin.py:150} INFO - [2024-04-02T09:05:48.956+0000] {dag.py:2742} INFO - Sync 2 DAGs
[2024-04-02T09:05:48.979+0000] {logging_mixin.py:150} INFO - [2024-04-02T09:05:48.978+0000] {dag.py:3504} INFO - Setting next_dagrun for example_external_task_marker_child to None, run_after=None
[2024-04-02T09:05:48.982+0000] {logging_mixin.py:150} INFO - [2024-04-02T09:05:48.982+0000] {dag.py:3504} INFO - Setting next_dagrun for example_external_task_marker_parent to None, run_after=None
[2024-04-02T09:05:49.056+0000] {processor.py:179} INFO - Processing /usr/local/python/3.10.13/lib/python3.10/site-packages/airflow/example_dags/example_external_task_marker_dag.py took 0.135 seconds
[2024-04-02T09:06:50.946+0000] {processor.py:157} INFO - Started process (PID=17513) to work on /usr/local/python/3.10.13/lib/python3.10/site-packages/airflow/example_dags/example_external_task_marker_dag.py
[2024-04-02T09:06:50.947+0000] {processor.py:826} INFO - Processing file /usr/local/python/3.10.13/lib/python3.10/site-packages/airflow/example_dags/example_external_task_marker_dag.py for tasks to queue
[2024-04-02T09:06:50.948+0000] {logging_mixin.py:150} INFO - [2024-04-02T09:06:50.947+0000] {dagbag.py:541} INFO - Filling up the DagBag from /usr/local/python/3.10.13/lib/python3.10/site-packages/airflow/example_dags/example_external_task_marker_dag.py
[2024-04-02T09:06:50.953+0000] {processor.py:836} INFO - DAG(s) dict_keys(['example_external_task_marker_child', 'example_external_task_marker_parent']) retrieved from /usr/local/python/3.10.13/lib/python3.10/site-packages/airflow/example_dags/example_external_task_marker_dag.py
[2024-04-02T09:06:50.968+0000] {logging_mixin.py:150} INFO - [2024-04-02T09:06:50.968+0000] {dag.py:2742} INFO - Sync 2 DAGs
[2024-04-02T09:06:50.983+0000] {logging_mixin.py:150} INFO - [2024-04-02T09:06:50.983+0000] {dag.py:3504} INFO - Setting next_dagrun for example_external_task_marker_child to None, run_after=None
[2024-04-02T09:06:50.986+0000] {logging_mixin.py:150} INFO - [2024-04-02T09:06:50.986+0000] {dag.py:3504} INFO - Setting next_dagrun for example_external_task_marker_parent to None, run_after=None
[2024-04-02T09:06:51.026+0000] {processor.py:179} INFO - Processing /usr/local/python/3.10.13/lib/python3.10/site-packages/airflow/example_dags/example_external_task_marker_dag.py took 0.082 seconds
[2024-04-02T09:07:51.064+0000] {processor.py:157} INFO - Started process (PID=17924) to work on /usr/local/python/3.10.13/lib/python3.10/site-packages/airflow/example_dags/example_external_task_marker_dag.py
[2024-04-02T09:07:51.065+0000] {processor.py:826} INFO - Processing file /usr/local/python/3.10.13/lib/python3.10/site-packages/airflow/example_dags/example_external_task_marker_dag.py for tasks to queue
[2024-04-02T09:07:51.066+0000] {logging_mixin.py:150} INFO - [2024-04-02T09:07:51.065+0000] {dagbag.py:541} INFO - Filling up the DagBag from /usr/local/python/3.10.13/lib/python3.10/site-packages/airflow/example_dags/example_external_task_marker_dag.py
[2024-04-02T09:07:51.070+0000] {processor.py:836} INFO - DAG(s) dict_keys(['example_external_task_marker_child', 'example_external_task_marker_parent']) retrieved from /usr/local/python/3.10.13/lib/python3.10/site-packages/airflow/example_dags/example_external_task_marker_dag.py
[2024-04-02T09:07:51.085+0000] {logging_mixin.py:150} INFO - [2024-04-02T09:07:51.084+0000] {dag.py:2742} INFO - Sync 2 DAGs
[2024-04-02T09:07:51.100+0000] {logging_mixin.py:150} INFO - [2024-04-02T09:07:51.099+0000] {dag.py:3504} INFO - Setting next_dagrun for example_external_task_marker_child to None, run_after=None
[2024-04-02T09:07:51.102+0000] {logging_mixin.py:150} INFO - [2024-04-02T09:07:51.102+0000] {dag.py:3504} INFO - Setting next_dagrun for example_external_task_marker_parent to None, run_after=None
[2024-04-02T09:07:51.139+0000] {processor.py:179} INFO - Processing /usr/local/python/3.10.13/lib/python3.10/site-packages/airflow/example_dags/example_external_task_marker_dag.py took 0.077 seconds
[2024-04-02T09:08:45.992+0000] {processor.py:157} INFO - Started process (PID=18288) to work on /usr/local/python/3.10.13/lib/python3.10/site-packages/airflow/example_dags/example_external_task_marker_dag.py
[2024-04-02T09:08:45.995+0000] {processor.py:826} INFO - Processing file /usr/local/python/3.10.13/lib/python3.10/site-packages/airflow/example_dags/example_external_task_marker_dag.py for tasks to queue
[2024-04-02T09:08:46.001+0000] {logging_mixin.py:150} INFO - [2024-04-02T09:08:46.001+0000] {dagbag.py:541} INFO - Filling up the DagBag from /usr/local/python/3.10.13/lib/python3.10/site-packages/airflow/example_dags/example_external_task_marker_dag.py
[2024-04-02T09:08:46.016+0000] {processor.py:836} INFO - DAG(s) dict_keys(['example_external_task_marker_parent', 'example_external_task_marker_child']) retrieved from /usr/local/python/3.10.13/lib/python3.10/site-packages/airflow/example_dags/example_external_task_marker_dag.py
[2024-04-02T09:08:46.048+0000] {logging_mixin.py:150} INFO - [2024-04-02T09:08:46.048+0000] {dag.py:2742} INFO - Sync 2 DAGs
[2024-04-02T09:08:46.072+0000] {logging_mixin.py:150} INFO - [2024-04-02T09:08:46.072+0000] {dag.py:3504} INFO - Setting next_dagrun for example_external_task_marker_child to None, run_after=None
[2024-04-02T09:08:46.075+0000] {logging_mixin.py:150} INFO - [2024-04-02T09:08:46.075+0000] {dag.py:3504} INFO - Setting next_dagrun for example_external_task_marker_parent to None, run_after=None
[2024-04-02T09:08:46.117+0000] {processor.py:179} INFO - Processing /usr/local/python/3.10.13/lib/python3.10/site-packages/airflow/example_dags/example_external_task_marker_dag.py took 0.128 seconds
[2024-04-02T09:09:42.857+0000] {processor.py:157} INFO - Started process (PID=18707) to work on /usr/local/python/3.10.13/lib/python3.10/site-packages/airflow/example_dags/example_external_task_marker_dag.py
[2024-04-02T09:09:42.858+0000] {processor.py:826} INFO - Processing file /usr/local/python/3.10.13/lib/python3.10/site-packages/airflow/example_dags/example_external_task_marker_dag.py for tasks to queue
[2024-04-02T09:09:42.859+0000] {logging_mixin.py:150} INFO - [2024-04-02T09:09:42.859+0000] {dagbag.py:541} INFO - Filling up the DagBag from /usr/local/python/3.10.13/lib/python3.10/site-packages/airflow/example_dags/example_external_task_marker_dag.py
[2024-04-02T09:09:42.866+0000] {processor.py:836} INFO - DAG(s) dict_keys(['example_external_task_marker_child', 'example_external_task_marker_parent']) retrieved from /usr/local/python/3.10.13/lib/python3.10/site-packages/airflow/example_dags/example_external_task_marker_dag.py
[2024-04-02T09:09:42.888+0000] {logging_mixin.py:150} INFO - [2024-04-02T09:09:42.888+0000] {dag.py:2742} INFO - Sync 2 DAGs
[2024-04-02T09:09:42.912+0000] {logging_mixin.py:150} INFO - [2024-04-02T09:09:42.912+0000] {dag.py:3504} INFO - Setting next_dagrun for example_external_task_marker_child to None, run_after=None
[2024-04-02T09:09:42.915+0000] {logging_mixin.py:150} INFO - [2024-04-02T09:09:42.915+0000] {dag.py:3504} INFO - Setting next_dagrun for example_external_task_marker_parent to None, run_after=None
[2024-04-02T09:09:42.959+0000] {processor.py:179} INFO - Processing /usr/local/python/3.10.13/lib/python3.10/site-packages/airflow/example_dags/example_external_task_marker_dag.py took 0.105 seconds
[2024-04-02T09:10:42.317+0000] {processor.py:157} INFO - Started process (PID=19096) to work on /usr/local/python/3.10.13/lib/python3.10/site-packages/airflow/example_dags/example_external_task_marker_dag.py
[2024-04-02T09:10:42.318+0000] {processor.py:826} INFO - Processing file /usr/local/python/3.10.13/lib/python3.10/site-packages/airflow/example_dags/example_external_task_marker_dag.py for tasks to queue
[2024-04-02T09:10:42.319+0000] {logging_mixin.py:150} INFO - [2024-04-02T09:10:42.319+0000] {dagbag.py:541} INFO - Filling up the DagBag from /usr/local/python/3.10.13/lib/python3.10/site-packages/airflow/example_dags/example_external_task_marker_dag.py
[2024-04-02T09:10:42.323+0000] {processor.py:836} INFO - DAG(s) dict_keys(['example_external_task_marker_parent', 'example_external_task_marker_child']) retrieved from /usr/local/python/3.10.13/lib/python3.10/site-packages/airflow/example_dags/example_external_task_marker_dag.py
[2024-04-02T09:10:42.338+0000] {logging_mixin.py:150} INFO - [2024-04-02T09:10:42.338+0000] {dag.py:2742} INFO - Sync 2 DAGs
[2024-04-02T09:10:42.353+0000] {logging_mixin.py:150} INFO - [2024-04-02T09:10:42.353+0000] {dag.py:3504} INFO - Setting next_dagrun for example_external_task_marker_child to None, run_after=None
[2024-04-02T09:10:42.355+0000] {logging_mixin.py:150} INFO - [2024-04-02T09:10:42.355+0000] {dag.py:3504} INFO - Setting next_dagrun for example_external_task_marker_parent to None, run_after=None
[2024-04-02T09:10:42.392+0000] {processor.py:179} INFO - Processing /usr/local/python/3.10.13/lib/python3.10/site-packages/airflow/example_dags/example_external_task_marker_dag.py took 0.077 seconds
[2024-04-02T09:11:40.743+0000] {processor.py:157} INFO - Started process (PID=19500) to work on /usr/local/python/3.10.13/lib/python3.10/site-packages/airflow/example_dags/example_external_task_marker_dag.py
[2024-04-02T09:11:40.744+0000] {processor.py:826} INFO - Processing file /usr/local/python/3.10.13/lib/python3.10/site-packages/airflow/example_dags/example_external_task_marker_dag.py for tasks to queue
[2024-04-02T09:11:40.746+0000] {logging_mixin.py:150} INFO - [2024-04-02T09:11:40.745+0000] {dagbag.py:541} INFO - Filling up the DagBag from /usr/local/python/3.10.13/lib/python3.10/site-packages/airflow/example_dags/example_external_task_marker_dag.py
[2024-04-02T09:11:40.752+0000] {processor.py:836} INFO - DAG(s) dict_keys(['example_external_task_marker_child', 'example_external_task_marker_parent']) retrieved from /usr/local/python/3.10.13/lib/python3.10/site-packages/airflow/example_dags/example_external_task_marker_dag.py
[2024-04-02T09:11:40.774+0000] {logging_mixin.py:150} INFO - [2024-04-02T09:11:40.774+0000] {dag.py:2742} INFO - Sync 2 DAGs
[2024-04-02T09:11:40.797+0000] {logging_mixin.py:150} INFO - [2024-04-02T09:11:40.796+0000] {dag.py:3504} INFO - Setting next_dagrun for example_external_task_marker_child to None, run_after=None
[2024-04-02T09:11:40.800+0000] {logging_mixin.py:150} INFO - [2024-04-02T09:11:40.800+0000] {dag.py:3504} INFO - Setting next_dagrun for example_external_task_marker_parent to None, run_after=None
[2024-04-02T09:11:40.844+0000] {processor.py:179} INFO - Processing /usr/local/python/3.10.13/lib/python3.10/site-packages/airflow/example_dags/example_external_task_marker_dag.py took 0.104 seconds
[2024-04-02T09:12:41.734+0000] {processor.py:157} INFO - Started process (PID=19911) to work on /usr/local/python/3.10.13/lib/python3.10/site-packages/airflow/example_dags/example_external_task_marker_dag.py
[2024-04-02T09:12:41.734+0000] {processor.py:826} INFO - Processing file /usr/local/python/3.10.13/lib/python3.10/site-packages/airflow/example_dags/example_external_task_marker_dag.py for tasks to queue
[2024-04-02T09:12:41.735+0000] {logging_mixin.py:150} INFO - [2024-04-02T09:12:41.735+0000] {dagbag.py:541} INFO - Filling up the DagBag from /usr/local/python/3.10.13/lib/python3.10/site-packages/airflow/example_dags/example_external_task_marker_dag.py
[2024-04-02T09:12:41.740+0000] {processor.py:836} INFO - DAG(s) dict_keys(['example_external_task_marker_child', 'example_external_task_marker_parent']) retrieved from /usr/local/python/3.10.13/lib/python3.10/site-packages/airflow/example_dags/example_external_task_marker_dag.py
[2024-04-02T09:12:41.755+0000] {logging_mixin.py:150} INFO - [2024-04-02T09:12:41.755+0000] {dag.py:2742} INFO - Sync 2 DAGs
[2024-04-02T09:12:41.771+0000] {logging_mixin.py:150} INFO - [2024-04-02T09:12:41.771+0000] {dag.py:3504} INFO - Setting next_dagrun for example_external_task_marker_child to None, run_after=None
[2024-04-02T09:12:41.773+0000] {logging_mixin.py:150} INFO - [2024-04-02T09:12:41.773+0000] {dag.py:3504} INFO - Setting next_dagrun for example_external_task_marker_parent to None, run_after=None
[2024-04-02T09:12:41.812+0000] {processor.py:179} INFO - Processing /usr/local/python/3.10.13/lib/python3.10/site-packages/airflow/example_dags/example_external_task_marker_dag.py took 0.081 seconds
[2024-04-02T09:13:39.681+0000] {processor.py:157} INFO - Started process (PID=20313) to work on /usr/local/python/3.10.13/lib/python3.10/site-packages/airflow/example_dags/example_external_task_marker_dag.py
[2024-04-02T09:13:39.682+0000] {processor.py:826} INFO - Processing file /usr/local/python/3.10.13/lib/python3.10/site-packages/airflow/example_dags/example_external_task_marker_dag.py for tasks to queue
[2024-04-02T09:13:39.682+0000] {logging_mixin.py:150} INFO - [2024-04-02T09:13:39.682+0000] {dagbag.py:541} INFO - Filling up the DagBag from /usr/local/python/3.10.13/lib/python3.10/site-packages/airflow/example_dags/example_external_task_marker_dag.py
[2024-04-02T09:13:39.687+0000] {processor.py:836} INFO - DAG(s) dict_keys(['example_external_task_marker_child', 'example_external_task_marker_parent']) retrieved from /usr/local/python/3.10.13/lib/python3.10/site-packages/airflow/example_dags/example_external_task_marker_dag.py
[2024-04-02T09:13:39.701+0000] {logging_mixin.py:150} INFO - [2024-04-02T09:13:39.701+0000] {dag.py:2742} INFO - Sync 2 DAGs
[2024-04-02T09:13:39.716+0000] {logging_mixin.py:150} INFO - [2024-04-02T09:13:39.716+0000] {dag.py:3504} INFO - Setting next_dagrun for example_external_task_marker_child to None, run_after=None
[2024-04-02T09:13:39.718+0000] {logging_mixin.py:150} INFO - [2024-04-02T09:13:39.718+0000] {dag.py:3504} INFO - Setting next_dagrun for example_external_task_marker_parent to None, run_after=None
[2024-04-02T09:13:39.755+0000] {processor.py:179} INFO - Processing /usr/local/python/3.10.13/lib/python3.10/site-packages/airflow/example_dags/example_external_task_marker_dag.py took 0.076 seconds
[2024-04-02T09:14:32.809+0000] {processor.py:157} INFO - Started process (PID=20699) to work on /usr/local/python/3.10.13/lib/python3.10/site-packages/airflow/example_dags/example_external_task_marker_dag.py
[2024-04-02T09:14:32.809+0000] {processor.py:826} INFO - Processing file /usr/local/python/3.10.13/lib/python3.10/site-packages/airflow/example_dags/example_external_task_marker_dag.py for tasks to queue
[2024-04-02T09:14:32.810+0000] {logging_mixin.py:150} INFO - [2024-04-02T09:14:32.810+0000] {dagbag.py:541} INFO - Filling up the DagBag from /usr/local/python/3.10.13/lib/python3.10/site-packages/airflow/example_dags/example_external_task_marker_dag.py
[2024-04-02T09:14:32.814+0000] {processor.py:836} INFO - DAG(s) dict_keys(['example_external_task_marker_parent', 'example_external_task_marker_child']) retrieved from /usr/local/python/3.10.13/lib/python3.10/site-packages/airflow/example_dags/example_external_task_marker_dag.py
[2024-04-02T09:14:32.829+0000] {logging_mixin.py:150} INFO - [2024-04-02T09:14:32.828+0000] {dag.py:2742} INFO - Sync 2 DAGs
[2024-04-02T09:14:32.846+0000] {logging_mixin.py:150} INFO - [2024-04-02T09:14:32.845+0000] {dag.py:3504} INFO - Setting next_dagrun for example_external_task_marker_child to None, run_after=None
[2024-04-02T09:14:32.848+0000] {logging_mixin.py:150} INFO - [2024-04-02T09:14:32.848+0000] {dag.py:3504} INFO - Setting next_dagrun for example_external_task_marker_parent to None, run_after=None
[2024-04-02T09:14:32.884+0000] {processor.py:179} INFO - Processing /usr/local/python/3.10.13/lib/python3.10/site-packages/airflow/example_dags/example_external_task_marker_dag.py took 0.078 seconds
[2024-04-02T09:15:23.571+0000] {processor.py:157} INFO - Started process (PID=21048) to work on /usr/local/python/3.10.13/lib/python3.10/site-packages/airflow/example_dags/example_external_task_marker_dag.py
[2024-04-02T09:15:23.572+0000] {processor.py:826} INFO - Processing file /usr/local/python/3.10.13/lib/python3.10/site-packages/airflow/example_dags/example_external_task_marker_dag.py for tasks to queue
[2024-04-02T09:15:23.572+0000] {logging_mixin.py:150} INFO - [2024-04-02T09:15:23.572+0000] {dagbag.py:541} INFO - Filling up the DagBag from /usr/local/python/3.10.13/lib/python3.10/site-packages/airflow/example_dags/example_external_task_marker_dag.py
[2024-04-02T09:15:23.577+0000] {processor.py:836} INFO - DAG(s) dict_keys(['example_external_task_marker_child', 'example_external_task_marker_parent']) retrieved from /usr/local/python/3.10.13/lib/python3.10/site-packages/airflow/example_dags/example_external_task_marker_dag.py
[2024-04-02T09:15:23.591+0000] {logging_mixin.py:150} INFO - [2024-04-02T09:15:23.591+0000] {dag.py:2742} INFO - Sync 2 DAGs
[2024-04-02T09:15:23.607+0000] {logging_mixin.py:150} INFO - [2024-04-02T09:15:23.607+0000] {dag.py:3504} INFO - Setting next_dagrun for example_external_task_marker_child to None, run_after=None
[2024-04-02T09:15:23.610+0000] {logging_mixin.py:150} INFO - [2024-04-02T09:15:23.610+0000] {dag.py:3504} INFO - Setting next_dagrun for example_external_task_marker_parent to None, run_after=None
[2024-04-02T09:15:23.647+0000] {processor.py:179} INFO - Processing /usr/local/python/3.10.13/lib/python3.10/site-packages/airflow/example_dags/example_external_task_marker_dag.py took 0.078 seconds
[2024-04-02T09:16:19.768+0000] {processor.py:157} INFO - Started process (PID=21422) to work on /usr/local/python/3.10.13/lib/python3.10/site-packages/airflow/example_dags/example_external_task_marker_dag.py
[2024-04-02T09:16:19.768+0000] {processor.py:826} INFO - Processing file /usr/local/python/3.10.13/lib/python3.10/site-packages/airflow/example_dags/example_external_task_marker_dag.py for tasks to queue
[2024-04-02T09:16:19.769+0000] {logging_mixin.py:150} INFO - [2024-04-02T09:16:19.769+0000] {dagbag.py:541} INFO - Filling up the DagBag from /usr/local/python/3.10.13/lib/python3.10/site-packages/airflow/example_dags/example_external_task_marker_dag.py
[2024-04-02T09:16:19.774+0000] {processor.py:836} INFO - DAG(s) dict_keys(['example_external_task_marker_parent', 'example_external_task_marker_child']) retrieved from /usr/local/python/3.10.13/lib/python3.10/site-packages/airflow/example_dags/example_external_task_marker_dag.py
[2024-04-02T09:16:19.788+0000] {logging_mixin.py:150} INFO - [2024-04-02T09:16:19.788+0000] {dag.py:2742} INFO - Sync 2 DAGs
[2024-04-02T09:16:19.803+0000] {logging_mixin.py:150} INFO - [2024-04-02T09:16:19.803+0000] {dag.py:3504} INFO - Setting next_dagrun for example_external_task_marker_child to None, run_after=None
[2024-04-02T09:16:19.806+0000] {logging_mixin.py:150} INFO - [2024-04-02T09:16:19.806+0000] {dag.py:3504} INFO - Setting next_dagrun for example_external_task_marker_parent to None, run_after=None
[2024-04-02T09:16:19.848+0000] {processor.py:179} INFO - Processing /usr/local/python/3.10.13/lib/python3.10/site-packages/airflow/example_dags/example_external_task_marker_dag.py took 0.083 seconds
[2024-04-02T09:17:20.821+0000] {processor.py:157} INFO - Started process (PID=21842) to work on /usr/local/python/3.10.13/lib/python3.10/site-packages/airflow/example_dags/example_external_task_marker_dag.py
[2024-04-02T09:17:20.821+0000] {processor.py:826} INFO - Processing file /usr/local/python/3.10.13/lib/python3.10/site-packages/airflow/example_dags/example_external_task_marker_dag.py for tasks to queue
[2024-04-02T09:17:20.822+0000] {logging_mixin.py:150} INFO - [2024-04-02T09:17:20.822+0000] {dagbag.py:541} INFO - Filling up the DagBag from /usr/local/python/3.10.13/lib/python3.10/site-packages/airflow/example_dags/example_external_task_marker_dag.py
[2024-04-02T09:17:20.828+0000] {processor.py:836} INFO - DAG(s) dict_keys(['example_external_task_marker_parent', 'example_external_task_marker_child']) retrieved from /usr/local/python/3.10.13/lib/python3.10/site-packages/airflow/example_dags/example_external_task_marker_dag.py
[2024-04-02T09:17:20.844+0000] {logging_mixin.py:150} INFO - [2024-04-02T09:17:20.844+0000] {dag.py:2742} INFO - Sync 2 DAGs
[2024-04-02T09:17:20.866+0000] {logging_mixin.py:150} INFO - [2024-04-02T09:17:20.866+0000] {dag.py:3504} INFO - Setting next_dagrun for example_external_task_marker_child to None, run_after=None
[2024-04-02T09:17:20.868+0000] {logging_mixin.py:150} INFO - [2024-04-02T09:17:20.868+0000] {dag.py:3504} INFO - Setting next_dagrun for example_external_task_marker_parent to None, run_after=None
[2024-04-02T09:17:20.904+0000] {processor.py:179} INFO - Processing /usr/local/python/3.10.13/lib/python3.10/site-packages/airflow/example_dags/example_external_task_marker_dag.py took 0.087 seconds
[2024-04-02T09:18:17.419+0000] {processor.py:157} INFO - Started process (PID=22239) to work on /usr/local/python/3.10.13/lib/python3.10/site-packages/airflow/example_dags/example_external_task_marker_dag.py
[2024-04-02T09:18:17.420+0000] {processor.py:826} INFO - Processing file /usr/local/python/3.10.13/lib/python3.10/site-packages/airflow/example_dags/example_external_task_marker_dag.py for tasks to queue
[2024-04-02T09:18:17.421+0000] {logging_mixin.py:150} INFO - [2024-04-02T09:18:17.421+0000] {dagbag.py:541} INFO - Filling up the DagBag from /usr/local/python/3.10.13/lib/python3.10/site-packages/airflow/example_dags/example_external_task_marker_dag.py
[2024-04-02T09:18:17.430+0000] {processor.py:836} INFO - DAG(s) dict_keys(['example_external_task_marker_child', 'example_external_task_marker_parent']) retrieved from /usr/local/python/3.10.13/lib/python3.10/site-packages/airflow/example_dags/example_external_task_marker_dag.py
[2024-04-02T09:18:17.452+0000] {logging_mixin.py:150} INFO - [2024-04-02T09:18:17.452+0000] {dag.py:2742} INFO - Sync 2 DAGs
[2024-04-02T09:18:17.474+0000] {logging_mixin.py:150} INFO - [2024-04-02T09:18:17.474+0000] {dag.py:3504} INFO - Setting next_dagrun for example_external_task_marker_child to None, run_after=None
[2024-04-02T09:18:17.478+0000] {logging_mixin.py:150} INFO - [2024-04-02T09:18:17.478+0000] {dag.py:3504} INFO - Setting next_dagrun for example_external_task_marker_parent to None, run_after=None
[2024-04-02T09:18:17.520+0000] {processor.py:179} INFO - Processing /usr/local/python/3.10.13/lib/python3.10/site-packages/airflow/example_dags/example_external_task_marker_dag.py took 0.115 seconds
[2024-04-02T09:19:18.110+0000] {processor.py:157} INFO - Started process (PID=22651) to work on /usr/local/python/3.10.13/lib/python3.10/site-packages/airflow/example_dags/example_external_task_marker_dag.py
[2024-04-02T09:19:18.111+0000] {processor.py:826} INFO - Processing file /usr/local/python/3.10.13/lib/python3.10/site-packages/airflow/example_dags/example_external_task_marker_dag.py for tasks to queue
[2024-04-02T09:19:18.112+0000] {logging_mixin.py:150} INFO - [2024-04-02T09:19:18.111+0000] {dagbag.py:541} INFO - Filling up the DagBag from /usr/local/python/3.10.13/lib/python3.10/site-packages/airflow/example_dags/example_external_task_marker_dag.py
[2024-04-02T09:19:18.116+0000] {processor.py:836} INFO - DAG(s) dict_keys(['example_external_task_marker_parent', 'example_external_task_marker_child']) retrieved from /usr/local/python/3.10.13/lib/python3.10/site-packages/airflow/example_dags/example_external_task_marker_dag.py
[2024-04-02T09:19:18.131+0000] {logging_mixin.py:150} INFO - [2024-04-02T09:19:18.131+0000] {dag.py:2742} INFO - Sync 2 DAGs
[2024-04-02T09:19:18.147+0000] {logging_mixin.py:150} INFO - [2024-04-02T09:19:18.147+0000] {dag.py:3504} INFO - Setting next_dagrun for example_external_task_marker_child to None, run_after=None
[2024-04-02T09:19:18.149+0000] {logging_mixin.py:150} INFO - [2024-04-02T09:19:18.149+0000] {dag.py:3504} INFO - Setting next_dagrun for example_external_task_marker_parent to None, run_after=None
[2024-04-02T09:19:18.186+0000] {processor.py:179} INFO - Processing /usr/local/python/3.10.13/lib/python3.10/site-packages/airflow/example_dags/example_external_task_marker_dag.py took 0.078 seconds
[2024-04-02T09:20:06.893+0000] {processor.py:157} INFO - Started process (PID=23015) to work on /usr/local/python/3.10.13/lib/python3.10/site-packages/airflow/example_dags/example_external_task_marker_dag.py
[2024-04-02T09:20:06.894+0000] {processor.py:826} INFO - Processing file /usr/local/python/3.10.13/lib/python3.10/site-packages/airflow/example_dags/example_external_task_marker_dag.py for tasks to queue
[2024-04-02T09:20:06.894+0000] {logging_mixin.py:150} INFO - [2024-04-02T09:20:06.894+0000] {dagbag.py:541} INFO - Filling up the DagBag from /usr/local/python/3.10.13/lib/python3.10/site-packages/airflow/example_dags/example_external_task_marker_dag.py
[2024-04-02T09:20:06.899+0000] {processor.py:836} INFO - DAG(s) dict_keys(['example_external_task_marker_parent', 'example_external_task_marker_child']) retrieved from /usr/local/python/3.10.13/lib/python3.10/site-packages/airflow/example_dags/example_external_task_marker_dag.py
[2024-04-02T09:20:06.914+0000] {logging_mixin.py:150} INFO - [2024-04-02T09:20:06.914+0000] {dag.py:2742} INFO - Sync 2 DAGs
[2024-04-02T09:20:06.929+0000] {logging_mixin.py:150} INFO - [2024-04-02T09:20:06.929+0000] {dag.py:3504} INFO - Setting next_dagrun for example_external_task_marker_child to None, run_after=None
[2024-04-02T09:20:06.932+0000] {logging_mixin.py:150} INFO - [2024-04-02T09:20:06.932+0000] {dag.py:3504} INFO - Setting next_dagrun for example_external_task_marker_parent to None, run_after=None
[2024-04-02T09:20:06.969+0000] {processor.py:179} INFO - Processing /usr/local/python/3.10.13/lib/python3.10/site-packages/airflow/example_dags/example_external_task_marker_dag.py took 0.079 seconds
[2024-04-02T09:21:07.618+0000] {processor.py:157} INFO - Started process (PID=23428) to work on /usr/local/python/3.10.13/lib/python3.10/site-packages/airflow/example_dags/example_external_task_marker_dag.py
[2024-04-02T09:21:07.619+0000] {processor.py:826} INFO - Processing file /usr/local/python/3.10.13/lib/python3.10/site-packages/airflow/example_dags/example_external_task_marker_dag.py for tasks to queue
[2024-04-02T09:21:07.620+0000] {logging_mixin.py:150} INFO - [2024-04-02T09:21:07.620+0000] {dagbag.py:541} INFO - Filling up the DagBag from /usr/local/python/3.10.13/lib/python3.10/site-packages/airflow/example_dags/example_external_task_marker_dag.py
[2024-04-02T09:21:07.624+0000] {processor.py:836} INFO - DAG(s) dict_keys(['example_external_task_marker_child', 'example_external_task_marker_parent']) retrieved from /usr/local/python/3.10.13/lib/python3.10/site-packages/airflow/example_dags/example_external_task_marker_dag.py
[2024-04-02T09:21:07.640+0000] {logging_mixin.py:150} INFO - [2024-04-02T09:21:07.640+0000] {dag.py:2742} INFO - Sync 2 DAGs
[2024-04-02T09:21:07.663+0000] {logging_mixin.py:150} INFO - [2024-04-02T09:21:07.663+0000] {dag.py:3504} INFO - Setting next_dagrun for example_external_task_marker_child to None, run_after=None
[2024-04-02T09:21:07.666+0000] {logging_mixin.py:150} INFO - [2024-04-02T09:21:07.666+0000] {dag.py:3504} INFO - Setting next_dagrun for example_external_task_marker_parent to None, run_after=None
[2024-04-02T09:21:07.712+0000] {processor.py:179} INFO - Processing /usr/local/python/3.10.13/lib/python3.10/site-packages/airflow/example_dags/example_external_task_marker_dag.py took 0.096 seconds
[2024-04-02T09:22:01.053+0000] {processor.py:157} INFO - Started process (PID=23794) to work on /usr/local/python/3.10.13/lib/python3.10/site-packages/airflow/example_dags/example_external_task_marker_dag.py
[2024-04-02T09:22:01.054+0000] {processor.py:826} INFO - Processing file /usr/local/python/3.10.13/lib/python3.10/site-packages/airflow/example_dags/example_external_task_marker_dag.py for tasks to queue
[2024-04-02T09:22:01.055+0000] {logging_mixin.py:150} INFO - [2024-04-02T09:22:01.054+0000] {dagbag.py:541} INFO - Filling up the DagBag from /usr/local/python/3.10.13/lib/python3.10/site-packages/airflow/example_dags/example_external_task_marker_dag.py
[2024-04-02T09:22:01.059+0000] {processor.py:836} INFO - DAG(s) dict_keys(['example_external_task_marker_parent', 'example_external_task_marker_child']) retrieved from /usr/local/python/3.10.13/lib/python3.10/site-packages/airflow/example_dags/example_external_task_marker_dag.py
[2024-04-02T09:22:01.074+0000] {logging_mixin.py:150} INFO - [2024-04-02T09:22:01.074+0000] {dag.py:2742} INFO - Sync 2 DAGs
[2024-04-02T09:22:01.089+0000] {logging_mixin.py:150} INFO - [2024-04-02T09:22:01.089+0000] {dag.py:3504} INFO - Setting next_dagrun for example_external_task_marker_child to None, run_after=None
[2024-04-02T09:22:01.092+0000] {logging_mixin.py:150} INFO - [2024-04-02T09:22:01.091+0000] {dag.py:3504} INFO - Setting next_dagrun for example_external_task_marker_parent to None, run_after=None
[2024-04-02T09:22:01.132+0000] {processor.py:179} INFO - Processing /usr/local/python/3.10.13/lib/python3.10/site-packages/airflow/example_dags/example_external_task_marker_dag.py took 0.081 seconds
[2024-04-02T09:23:01.965+0000] {processor.py:157} INFO - Started process (PID=24208) to work on /usr/local/python/3.10.13/lib/python3.10/site-packages/airflow/example_dags/example_external_task_marker_dag.py
[2024-04-02T09:23:01.965+0000] {processor.py:826} INFO - Processing file /usr/local/python/3.10.13/lib/python3.10/site-packages/airflow/example_dags/example_external_task_marker_dag.py for tasks to queue
[2024-04-02T09:23:01.966+0000] {logging_mixin.py:150} INFO - [2024-04-02T09:23:01.966+0000] {dagbag.py:541} INFO - Filling up the DagBag from /usr/local/python/3.10.13/lib/python3.10/site-packages/airflow/example_dags/example_external_task_marker_dag.py
[2024-04-02T09:23:01.971+0000] {processor.py:836} INFO - DAG(s) dict_keys(['example_external_task_marker_parent', 'example_external_task_marker_child']) retrieved from /usr/local/python/3.10.13/lib/python3.10/site-packages/airflow/example_dags/example_external_task_marker_dag.py
[2024-04-02T09:23:01.986+0000] {logging_mixin.py:150} INFO - [2024-04-02T09:23:01.986+0000] {dag.py:2742} INFO - Sync 2 DAGs
[2024-04-02T09:23:02.002+0000] {logging_mixin.py:150} INFO - [2024-04-02T09:23:02.001+0000] {dag.py:3504} INFO - Setting next_dagrun for example_external_task_marker_child to None, run_after=None
[2024-04-02T09:23:02.004+0000] {logging_mixin.py:150} INFO - [2024-04-02T09:23:02.004+0000] {dag.py:3504} INFO - Setting next_dagrun for example_external_task_marker_parent to None, run_after=None
[2024-04-02T09:23:02.055+0000] {processor.py:179} INFO - Processing /usr/local/python/3.10.13/lib/python3.10/site-packages/airflow/example_dags/example_external_task_marker_dag.py took 0.093 seconds
[2024-04-02T09:24:00.014+0000] {processor.py:157} INFO - Started process (PID=24592) to work on /usr/local/python/3.10.13/lib/python3.10/site-packages/airflow/example_dags/example_external_task_marker_dag.py
[2024-04-02T09:24:00.017+0000] {processor.py:826} INFO - Processing file /usr/local/python/3.10.13/lib/python3.10/site-packages/airflow/example_dags/example_external_task_marker_dag.py for tasks to queue
[2024-04-02T09:24:00.019+0000] {logging_mixin.py:150} INFO - [2024-04-02T09:24:00.018+0000] {dagbag.py:541} INFO - Filling up the DagBag from /usr/local/python/3.10.13/lib/python3.10/site-packages/airflow/example_dags/example_external_task_marker_dag.py
[2024-04-02T09:24:00.026+0000] {processor.py:836} INFO - DAG(s) dict_keys(['example_external_task_marker_parent', 'example_external_task_marker_child']) retrieved from /usr/local/python/3.10.13/lib/python3.10/site-packages/airflow/example_dags/example_external_task_marker_dag.py
[2024-04-02T09:24:00.051+0000] {logging_mixin.py:150} INFO - [2024-04-02T09:24:00.051+0000] {dag.py:2742} INFO - Sync 2 DAGs
[2024-04-02T09:24:00.087+0000] {logging_mixin.py:150} INFO - [2024-04-02T09:24:00.087+0000] {dag.py:3504} INFO - Setting next_dagrun for example_external_task_marker_child to None, run_after=None
[2024-04-02T09:24:00.096+0000] {logging_mixin.py:150} INFO - [2024-04-02T09:24:00.096+0000] {dag.py:3504} INFO - Setting next_dagrun for example_external_task_marker_parent to None, run_after=None
[2024-04-02T09:24:00.149+0000] {processor.py:179} INFO - Processing /usr/local/python/3.10.13/lib/python3.10/site-packages/airflow/example_dags/example_external_task_marker_dag.py took 0.139 seconds
[2024-04-02T09:25:01.881+0000] {processor.py:157} INFO - Started process (PID=25058) to work on /usr/local/python/3.10.13/lib/python3.10/site-packages/airflow/example_dags/example_external_task_marker_dag.py
[2024-04-02T09:25:01.882+0000] {processor.py:826} INFO - Processing file /usr/local/python/3.10.13/lib/python3.10/site-packages/airflow/example_dags/example_external_task_marker_dag.py for tasks to queue
[2024-04-02T09:25:01.883+0000] {logging_mixin.py:150} INFO - [2024-04-02T09:25:01.883+0000] {dagbag.py:541} INFO - Filling up the DagBag from /usr/local/python/3.10.13/lib/python3.10/site-packages/airflow/example_dags/example_external_task_marker_dag.py
[2024-04-02T09:25:01.890+0000] {processor.py:836} INFO - DAG(s) dict_keys(['example_external_task_marker_parent', 'example_external_task_marker_child']) retrieved from /usr/local/python/3.10.13/lib/python3.10/site-packages/airflow/example_dags/example_external_task_marker_dag.py
[2024-04-02T09:25:01.913+0000] {logging_mixin.py:150} INFO - [2024-04-02T09:25:01.913+0000] {dag.py:2742} INFO - Sync 2 DAGs
[2024-04-02T09:25:01.937+0000] {logging_mixin.py:150} INFO - [2024-04-02T09:25:01.936+0000] {dag.py:3504} INFO - Setting next_dagrun for example_external_task_marker_child to None, run_after=None
[2024-04-02T09:25:01.940+0000] {logging_mixin.py:150} INFO - [2024-04-02T09:25:01.940+0000] {dag.py:3504} INFO - Setting next_dagrun for example_external_task_marker_parent to None, run_after=None
[2024-04-02T09:25:01.985+0000] {processor.py:179} INFO - Processing /usr/local/python/3.10.13/lib/python3.10/site-packages/airflow/example_dags/example_external_task_marker_dag.py took 0.107 seconds
[2024-04-02T09:26:06.109+0000] {processor.py:157} INFO - Started process (PID=25474) to work on /usr/local/python/3.10.13/lib/python3.10/site-packages/airflow/example_dags/example_external_task_marker_dag.py
[2024-04-02T09:26:06.109+0000] {processor.py:826} INFO - Processing file /usr/local/python/3.10.13/lib/python3.10/site-packages/airflow/example_dags/example_external_task_marker_dag.py for tasks to queue
[2024-04-02T09:26:06.110+0000] {logging_mixin.py:150} INFO - [2024-04-02T09:26:06.110+0000] {dagbag.py:541} INFO - Filling up the DagBag from /usr/local/python/3.10.13/lib/python3.10/site-packages/airflow/example_dags/example_external_task_marker_dag.py
[2024-04-02T09:26:06.114+0000] {processor.py:836} INFO - DAG(s) dict_keys(['example_external_task_marker_parent', 'example_external_task_marker_child']) retrieved from /usr/local/python/3.10.13/lib/python3.10/site-packages/airflow/example_dags/example_external_task_marker_dag.py
[2024-04-02T09:26:06.128+0000] {logging_mixin.py:150} INFO - [2024-04-02T09:26:06.128+0000] {dag.py:2742} INFO - Sync 2 DAGs
[2024-04-02T09:26:06.143+0000] {logging_mixin.py:150} INFO - [2024-04-02T09:26:06.143+0000] {dag.py:3504} INFO - Setting next_dagrun for example_external_task_marker_child to None, run_after=None
[2024-04-02T09:26:06.146+0000] {logging_mixin.py:150} INFO - [2024-04-02T09:26:06.146+0000] {dag.py:3504} INFO - Setting next_dagrun for example_external_task_marker_parent to None, run_after=None
[2024-04-02T09:26:06.205+0000] {processor.py:179} INFO - Processing /usr/local/python/3.10.13/lib/python3.10/site-packages/airflow/example_dags/example_external_task_marker_dag.py took 0.099 seconds
[2024-04-02T09:27:06.805+0000] {processor.py:157} INFO - Started process (PID=25900) to work on /usr/local/python/3.10.13/lib/python3.10/site-packages/airflow/example_dags/example_external_task_marker_dag.py
[2024-04-02T09:27:06.806+0000] {processor.py:826} INFO - Processing file /usr/local/python/3.10.13/lib/python3.10/site-packages/airflow/example_dags/example_external_task_marker_dag.py for tasks to queue
[2024-04-02T09:27:06.807+0000] {logging_mixin.py:150} INFO - [2024-04-02T09:27:06.807+0000] {dagbag.py:541} INFO - Filling up the DagBag from /usr/local/python/3.10.13/lib/python3.10/site-packages/airflow/example_dags/example_external_task_marker_dag.py
[2024-04-02T09:27:06.815+0000] {processor.py:836} INFO - DAG(s) dict_keys(['example_external_task_marker_parent', 'example_external_task_marker_child']) retrieved from /usr/local/python/3.10.13/lib/python3.10/site-packages/airflow/example_dags/example_external_task_marker_dag.py
[2024-04-02T09:27:06.836+0000] {logging_mixin.py:150} INFO - [2024-04-02T09:27:06.836+0000] {dag.py:2742} INFO - Sync 2 DAGs
[2024-04-02T09:27:06.979+0000] {logging_mixin.py:150} INFO - [2024-04-02T09:27:06.979+0000] {dag.py:3504} INFO - Setting next_dagrun for example_external_task_marker_child to None, run_after=None
[2024-04-02T09:27:06.982+0000] {logging_mixin.py:150} INFO - [2024-04-02T09:27:06.982+0000] {dag.py:3504} INFO - Setting next_dagrun for example_external_task_marker_parent to None, run_after=None
[2024-04-02T09:27:07.025+0000] {processor.py:179} INFO - Processing /usr/local/python/3.10.13/lib/python3.10/site-packages/airflow/example_dags/example_external_task_marker_dag.py took 0.223 seconds
[2024-04-02T09:28:07.673+0000] {processor.py:157} INFO - Started process (PID=26312) to work on /usr/local/python/3.10.13/lib/python3.10/site-packages/airflow/example_dags/example_external_task_marker_dag.py
[2024-04-02T09:28:07.673+0000] {processor.py:826} INFO - Processing file /usr/local/python/3.10.13/lib/python3.10/site-packages/airflow/example_dags/example_external_task_marker_dag.py for tasks to queue
[2024-04-02T09:28:07.674+0000] {logging_mixin.py:150} INFO - [2024-04-02T09:28:07.674+0000] {dagbag.py:541} INFO - Filling up the DagBag from /usr/local/python/3.10.13/lib/python3.10/site-packages/airflow/example_dags/example_external_task_marker_dag.py
[2024-04-02T09:28:07.679+0000] {processor.py:836} INFO - DAG(s) dict_keys(['example_external_task_marker_parent', 'example_external_task_marker_child']) retrieved from /usr/local/python/3.10.13/lib/python3.10/site-packages/airflow/example_dags/example_external_task_marker_dag.py
[2024-04-02T09:28:07.694+0000] {logging_mixin.py:150} INFO - [2024-04-02T09:28:07.693+0000] {dag.py:2742} INFO - Sync 2 DAGs
[2024-04-02T09:28:07.794+0000] {logging_mixin.py:150} INFO - [2024-04-02T09:28:07.794+0000] {dag.py:3504} INFO - Setting next_dagrun for example_external_task_marker_child to None, run_after=None
[2024-04-02T09:28:07.797+0000] {logging_mixin.py:150} INFO - [2024-04-02T09:28:07.797+0000] {dag.py:3504} INFO - Setting next_dagrun for example_external_task_marker_parent to None, run_after=None
[2024-04-02T09:28:07.832+0000] {processor.py:179} INFO - Processing /usr/local/python/3.10.13/lib/python3.10/site-packages/airflow/example_dags/example_external_task_marker_dag.py took 0.162 seconds
[2024-04-02T09:29:10.592+0000] {processor.py:157} INFO - Started process (PID=26729) to work on /usr/local/python/3.10.13/lib/python3.10/site-packages/airflow/example_dags/example_external_task_marker_dag.py
[2024-04-02T09:29:10.593+0000] {processor.py:826} INFO - Processing file /usr/local/python/3.10.13/lib/python3.10/site-packages/airflow/example_dags/example_external_task_marker_dag.py for tasks to queue
[2024-04-02T09:29:10.594+0000] {logging_mixin.py:150} INFO - [2024-04-02T09:29:10.594+0000] {dagbag.py:541} INFO - Filling up the DagBag from /usr/local/python/3.10.13/lib/python3.10/site-packages/airflow/example_dags/example_external_task_marker_dag.py
[2024-04-02T09:29:10.601+0000] {processor.py:836} INFO - DAG(s) dict_keys(['example_external_task_marker_child', 'example_external_task_marker_parent']) retrieved from /usr/local/python/3.10.13/lib/python3.10/site-packages/airflow/example_dags/example_external_task_marker_dag.py
[2024-04-02T09:29:10.622+0000] {logging_mixin.py:150} INFO - [2024-04-02T09:29:10.622+0000] {dag.py:2742} INFO - Sync 2 DAGs
[2024-04-02T09:29:10.644+0000] {logging_mixin.py:150} INFO - [2024-04-02T09:29:10.644+0000] {dag.py:3504} INFO - Setting next_dagrun for example_external_task_marker_child to None, run_after=None
[2024-04-02T09:29:10.647+0000] {logging_mixin.py:150} INFO - [2024-04-02T09:29:10.647+0000] {dag.py:3504} INFO - Setting next_dagrun for example_external_task_marker_parent to None, run_after=None
[2024-04-02T09:29:10.691+0000] {processor.py:179} INFO - Processing /usr/local/python/3.10.13/lib/python3.10/site-packages/airflow/example_dags/example_external_task_marker_dag.py took 0.103 seconds
[2024-04-02T09:30:02.543+0000] {processor.py:157} INFO - Started process (PID=27140) to work on /usr/local/python/3.10.13/lib/python3.10/site-packages/airflow/example_dags/example_external_task_marker_dag.py
[2024-04-02T09:30:02.544+0000] {processor.py:826} INFO - Processing file /usr/local/python/3.10.13/lib/python3.10/site-packages/airflow/example_dags/example_external_task_marker_dag.py for tasks to queue
[2024-04-02T09:30:02.545+0000] {logging_mixin.py:150} INFO - [2024-04-02T09:30:02.545+0000] {dagbag.py:541} INFO - Filling up the DagBag from /usr/local/python/3.10.13/lib/python3.10/site-packages/airflow/example_dags/example_external_task_marker_dag.py
[2024-04-02T09:30:02.550+0000] {processor.py:836} INFO - DAG(s) dict_keys(['example_external_task_marker_child', 'example_external_task_marker_parent']) retrieved from /usr/local/python/3.10.13/lib/python3.10/site-packages/airflow/example_dags/example_external_task_marker_dag.py
[2024-04-02T09:30:02.565+0000] {logging_mixin.py:150} INFO - [2024-04-02T09:30:02.565+0000] {dag.py:2742} INFO - Sync 2 DAGs
[2024-04-02T09:30:02.580+0000] {logging_mixin.py:150} INFO - [2024-04-02T09:30:02.580+0000] {dag.py:3504} INFO - Setting next_dagrun for example_external_task_marker_child to None, run_after=None
[2024-04-02T09:30:02.583+0000] {logging_mixin.py:150} INFO - [2024-04-02T09:30:02.582+0000] {dag.py:3504} INFO - Setting next_dagrun for example_external_task_marker_parent to None, run_after=None
[2024-04-02T09:30:02.618+0000] {processor.py:179} INFO - Processing /usr/local/python/3.10.13/lib/python3.10/site-packages/airflow/example_dags/example_external_task_marker_dag.py took 0.077 seconds
[2024-04-02T09:31:01.645+0000] {processor.py:157} INFO - Started process (PID=27540) to work on /usr/local/python/3.10.13/lib/python3.10/site-packages/airflow/example_dags/example_external_task_marker_dag.py
[2024-04-02T09:31:01.647+0000] {processor.py:826} INFO - Processing file /usr/local/python/3.10.13/lib/python3.10/site-packages/airflow/example_dags/example_external_task_marker_dag.py for tasks to queue
[2024-04-02T09:31:01.648+0000] {logging_mixin.py:150} INFO - [2024-04-02T09:31:01.647+0000] {dagbag.py:541} INFO - Filling up the DagBag from /usr/local/python/3.10.13/lib/python3.10/site-packages/airflow/example_dags/example_external_task_marker_dag.py
[2024-04-02T09:31:01.655+0000] {processor.py:836} INFO - DAG(s) dict_keys(['example_external_task_marker_parent', 'example_external_task_marker_child']) retrieved from /usr/local/python/3.10.13/lib/python3.10/site-packages/airflow/example_dags/example_external_task_marker_dag.py
[2024-04-02T09:31:01.678+0000] {logging_mixin.py:150} INFO - [2024-04-02T09:31:01.678+0000] {dag.py:2742} INFO - Sync 2 DAGs
[2024-04-02T09:31:01.702+0000] {logging_mixin.py:150} INFO - [2024-04-02T09:31:01.702+0000] {dag.py:3504} INFO - Setting next_dagrun for example_external_task_marker_child to None, run_after=None
[2024-04-02T09:31:01.706+0000] {logging_mixin.py:150} INFO - [2024-04-02T09:31:01.706+0000] {dag.py:3504} INFO - Setting next_dagrun for example_external_task_marker_parent to None, run_after=None
[2024-04-02T09:31:01.751+0000] {processor.py:179} INFO - Processing /usr/local/python/3.10.13/lib/python3.10/site-packages/airflow/example_dags/example_external_task_marker_dag.py took 0.109 seconds
[2024-04-02T09:31:59.843+0000] {processor.py:157} INFO - Started process (PID=27923) to work on /usr/local/python/3.10.13/lib/python3.10/site-packages/airflow/example_dags/example_external_task_marker_dag.py
[2024-04-02T09:31:59.843+0000] {processor.py:826} INFO - Processing file /usr/local/python/3.10.13/lib/python3.10/site-packages/airflow/example_dags/example_external_task_marker_dag.py for tasks to queue
[2024-04-02T09:31:59.844+0000] {logging_mixin.py:150} INFO - [2024-04-02T09:31:59.844+0000] {dagbag.py:541} INFO - Filling up the DagBag from /usr/local/python/3.10.13/lib/python3.10/site-packages/airflow/example_dags/example_external_task_marker_dag.py
[2024-04-02T09:31:59.849+0000] {processor.py:836} INFO - DAG(s) dict_keys(['example_external_task_marker_parent', 'example_external_task_marker_child']) retrieved from /usr/local/python/3.10.13/lib/python3.10/site-packages/airflow/example_dags/example_external_task_marker_dag.py
[2024-04-02T09:31:59.863+0000] {logging_mixin.py:150} INFO - [2024-04-02T09:31:59.863+0000] {dag.py:2742} INFO - Sync 2 DAGs
[2024-04-02T09:31:59.879+0000] {logging_mixin.py:150} INFO - [2024-04-02T09:31:59.879+0000] {dag.py:3504} INFO - Setting next_dagrun for example_external_task_marker_child to None, run_after=None
[2024-04-02T09:31:59.881+0000] {logging_mixin.py:150} INFO - [2024-04-02T09:31:59.881+0000] {dag.py:3504} INFO - Setting next_dagrun for example_external_task_marker_parent to None, run_after=None
[2024-04-02T09:31:59.936+0000] {processor.py:179} INFO - Processing /usr/local/python/3.10.13/lib/python3.10/site-packages/airflow/example_dags/example_external_task_marker_dag.py took 0.096 seconds
[2024-04-02T09:32:59.540+0000] {processor.py:157} INFO - Started process (PID=28333) to work on /usr/local/python/3.10.13/lib/python3.10/site-packages/airflow/example_dags/example_external_task_marker_dag.py
[2024-04-02T09:32:59.545+0000] {processor.py:826} INFO - Processing file /usr/local/python/3.10.13/lib/python3.10/site-packages/airflow/example_dags/example_external_task_marker_dag.py for tasks to queue
[2024-04-02T09:32:59.546+0000] {logging_mixin.py:150} INFO - [2024-04-02T09:32:59.545+0000] {dagbag.py:541} INFO - Filling up the DagBag from /usr/local/python/3.10.13/lib/python3.10/site-packages/airflow/example_dags/example_external_task_marker_dag.py
[2024-04-02T09:32:59.553+0000] {processor.py:836} INFO - DAG(s) dict_keys(['example_external_task_marker_parent', 'example_external_task_marker_child']) retrieved from /usr/local/python/3.10.13/lib/python3.10/site-packages/airflow/example_dags/example_external_task_marker_dag.py
[2024-04-02T09:32:59.575+0000] {logging_mixin.py:150} INFO - [2024-04-02T09:32:59.575+0000] {dag.py:2742} INFO - Sync 2 DAGs
[2024-04-02T09:32:59.598+0000] {logging_mixin.py:150} INFO - [2024-04-02T09:32:59.598+0000] {dag.py:3504} INFO - Setting next_dagrun for example_external_task_marker_child to None, run_after=None
[2024-04-02T09:32:59.602+0000] {logging_mixin.py:150} INFO - [2024-04-02T09:32:59.602+0000] {dag.py:3504} INFO - Setting next_dagrun for example_external_task_marker_parent to None, run_after=None
[2024-04-02T09:32:59.645+0000] {processor.py:179} INFO - Processing /usr/local/python/3.10.13/lib/python3.10/site-packages/airflow/example_dags/example_external_task_marker_dag.py took 0.113 seconds
[2024-04-02T09:33:58.268+0000] {processor.py:157} INFO - Started process (PID=28739) to work on /usr/local/python/3.10.13/lib/python3.10/site-packages/airflow/example_dags/example_external_task_marker_dag.py
[2024-04-02T09:33:58.269+0000] {processor.py:826} INFO - Processing file /usr/local/python/3.10.13/lib/python3.10/site-packages/airflow/example_dags/example_external_task_marker_dag.py for tasks to queue
[2024-04-02T09:33:58.270+0000] {logging_mixin.py:150} INFO - [2024-04-02T09:33:58.270+0000] {dagbag.py:541} INFO - Filling up the DagBag from /usr/local/python/3.10.13/lib/python3.10/site-packages/airflow/example_dags/example_external_task_marker_dag.py
[2024-04-02T09:33:58.275+0000] {processor.py:836} INFO - DAG(s) dict_keys(['example_external_task_marker_child', 'example_external_task_marker_parent']) retrieved from /usr/local/python/3.10.13/lib/python3.10/site-packages/airflow/example_dags/example_external_task_marker_dag.py
[2024-04-02T09:33:58.291+0000] {logging_mixin.py:150} INFO - [2024-04-02T09:33:58.291+0000] {dag.py:2742} INFO - Sync 2 DAGs
[2024-04-02T09:33:58.308+0000] {logging_mixin.py:150} INFO - [2024-04-02T09:33:58.308+0000] {dag.py:3504} INFO - Setting next_dagrun for example_external_task_marker_child to None, run_after=None
[2024-04-02T09:33:58.310+0000] {logging_mixin.py:150} INFO - [2024-04-02T09:33:58.310+0000] {dag.py:3504} INFO - Setting next_dagrun for example_external_task_marker_parent to None, run_after=None
[2024-04-02T09:33:58.352+0000] {processor.py:179} INFO - Processing /usr/local/python/3.10.13/lib/python3.10/site-packages/airflow/example_dags/example_external_task_marker_dag.py took 0.086 seconds
[2024-04-02T09:34:55.649+0000] {processor.py:157} INFO - Started process (PID=29158) to work on /usr/local/python/3.10.13/lib/python3.10/site-packages/airflow/example_dags/example_external_task_marker_dag.py
[2024-04-02T09:34:55.650+0000] {processor.py:826} INFO - Processing file /usr/local/python/3.10.13/lib/python3.10/site-packages/airflow/example_dags/example_external_task_marker_dag.py for tasks to queue
[2024-04-02T09:34:55.651+0000] {logging_mixin.py:150} INFO - [2024-04-02T09:34:55.651+0000] {dagbag.py:541} INFO - Filling up the DagBag from /usr/local/python/3.10.13/lib/python3.10/site-packages/airflow/example_dags/example_external_task_marker_dag.py
[2024-04-02T09:34:55.655+0000] {processor.py:836} INFO - DAG(s) dict_keys(['example_external_task_marker_parent', 'example_external_task_marker_child']) retrieved from /usr/local/python/3.10.13/lib/python3.10/site-packages/airflow/example_dags/example_external_task_marker_dag.py
[2024-04-02T09:34:55.670+0000] {logging_mixin.py:150} INFO - [2024-04-02T09:34:55.670+0000] {dag.py:2742} INFO - Sync 2 DAGs
[2024-04-02T09:34:55.686+0000] {logging_mixin.py:150} INFO - [2024-04-02T09:34:55.686+0000] {dag.py:3504} INFO - Setting next_dagrun for example_external_task_marker_child to None, run_after=None
[2024-04-02T09:34:55.689+0000] {logging_mixin.py:150} INFO - [2024-04-02T09:34:55.689+0000] {dag.py:3504} INFO - Setting next_dagrun for example_external_task_marker_parent to None, run_after=None
[2024-04-02T09:34:55.727+0000] {processor.py:179} INFO - Processing /usr/local/python/3.10.13/lib/python3.10/site-packages/airflow/example_dags/example_external_task_marker_dag.py took 0.080 seconds
[2024-04-02T09:35:50.104+0000] {processor.py:157} INFO - Started process (PID=29526) to work on /usr/local/python/3.10.13/lib/python3.10/site-packages/airflow/example_dags/example_external_task_marker_dag.py
[2024-04-02T09:35:50.105+0000] {processor.py:826} INFO - Processing file /usr/local/python/3.10.13/lib/python3.10/site-packages/airflow/example_dags/example_external_task_marker_dag.py for tasks to queue
[2024-04-02T09:35:50.106+0000] {logging_mixin.py:150} INFO - [2024-04-02T09:35:50.106+0000] {dagbag.py:541} INFO - Filling up the DagBag from /usr/local/python/3.10.13/lib/python3.10/site-packages/airflow/example_dags/example_external_task_marker_dag.py
[2024-04-02T09:35:50.113+0000] {processor.py:836} INFO - DAG(s) dict_keys(['example_external_task_marker_parent', 'example_external_task_marker_child']) retrieved from /usr/local/python/3.10.13/lib/python3.10/site-packages/airflow/example_dags/example_external_task_marker_dag.py
[2024-04-02T09:35:50.136+0000] {logging_mixin.py:150} INFO - [2024-04-02T09:35:50.136+0000] {dag.py:2742} INFO - Sync 2 DAGs
[2024-04-02T09:35:50.160+0000] {logging_mixin.py:150} INFO - [2024-04-02T09:35:50.160+0000] {dag.py:3504} INFO - Setting next_dagrun for example_external_task_marker_child to None, run_after=None
[2024-04-02T09:35:50.164+0000] {logging_mixin.py:150} INFO - [2024-04-02T09:35:50.164+0000] {dag.py:3504} INFO - Setting next_dagrun for example_external_task_marker_parent to None, run_after=None
[2024-04-02T09:35:50.215+0000] {processor.py:179} INFO - Processing /usr/local/python/3.10.13/lib/python3.10/site-packages/airflow/example_dags/example_external_task_marker_dag.py took 0.114 seconds
[2024-04-02T09:36:43.898+0000] {processor.py:157} INFO - Started process (PID=29892) to work on /usr/local/python/3.10.13/lib/python3.10/site-packages/airflow/example_dags/example_external_task_marker_dag.py
[2024-04-02T09:36:43.899+0000] {processor.py:826} INFO - Processing file /usr/local/python/3.10.13/lib/python3.10/site-packages/airflow/example_dags/example_external_task_marker_dag.py for tasks to queue
[2024-04-02T09:36:43.900+0000] {logging_mixin.py:150} INFO - [2024-04-02T09:36:43.900+0000] {dagbag.py:541} INFO - Filling up the DagBag from /usr/local/python/3.10.13/lib/python3.10/site-packages/airflow/example_dags/example_external_task_marker_dag.py
[2024-04-02T09:36:43.905+0000] {processor.py:836} INFO - DAG(s) dict_keys(['example_external_task_marker_child', 'example_external_task_marker_parent']) retrieved from /usr/local/python/3.10.13/lib/python3.10/site-packages/airflow/example_dags/example_external_task_marker_dag.py
[2024-04-02T09:36:43.920+0000] {logging_mixin.py:150} INFO - [2024-04-02T09:36:43.920+0000] {dag.py:2742} INFO - Sync 2 DAGs
[2024-04-02T09:36:43.935+0000] {logging_mixin.py:150} INFO - [2024-04-02T09:36:43.935+0000] {dag.py:3504} INFO - Setting next_dagrun for example_external_task_marker_child to None, run_after=None
[2024-04-02T09:36:43.938+0000] {logging_mixin.py:150} INFO - [2024-04-02T09:36:43.938+0000] {dag.py:3504} INFO - Setting next_dagrun for example_external_task_marker_parent to None, run_after=None
[2024-04-02T09:36:43.974+0000] {processor.py:179} INFO - Processing /usr/local/python/3.10.13/lib/python3.10/site-packages/airflow/example_dags/example_external_task_marker_dag.py took 0.078 seconds
[2024-04-02T09:37:40.867+0000] {processor.py:157} INFO - Started process (PID=30295) to work on /usr/local/python/3.10.13/lib/python3.10/site-packages/airflow/example_dags/example_external_task_marker_dag.py
[2024-04-02T09:37:40.868+0000] {processor.py:826} INFO - Processing file /usr/local/python/3.10.13/lib/python3.10/site-packages/airflow/example_dags/example_external_task_marker_dag.py for tasks to queue
[2024-04-02T09:37:40.869+0000] {logging_mixin.py:150} INFO - [2024-04-02T09:37:40.869+0000] {dagbag.py:541} INFO - Filling up the DagBag from /usr/local/python/3.10.13/lib/python3.10/site-packages/airflow/example_dags/example_external_task_marker_dag.py
[2024-04-02T09:37:40.877+0000] {processor.py:836} INFO - DAG(s) dict_keys(['example_external_task_marker_parent', 'example_external_task_marker_child']) retrieved from /usr/local/python/3.10.13/lib/python3.10/site-packages/airflow/example_dags/example_external_task_marker_dag.py
[2024-04-02T09:37:40.896+0000] {logging_mixin.py:150} INFO - [2024-04-02T09:37:40.896+0000] {dag.py:2742} INFO - Sync 2 DAGs
[2024-04-02T09:37:40.912+0000] {logging_mixin.py:150} INFO - [2024-04-02T09:37:40.912+0000] {dag.py:3504} INFO - Setting next_dagrun for example_external_task_marker_child to None, run_after=None
[2024-04-02T09:37:40.915+0000] {logging_mixin.py:150} INFO - [2024-04-02T09:37:40.915+0000] {dag.py:3504} INFO - Setting next_dagrun for example_external_task_marker_parent to None, run_after=None
[2024-04-02T09:37:40.952+0000] {processor.py:179} INFO - Processing /usr/local/python/3.10.13/lib/python3.10/site-packages/airflow/example_dags/example_external_task_marker_dag.py took 0.089 seconds
[2024-04-02T09:38:36.936+0000] {processor.py:157} INFO - Started process (PID=30660) to work on /usr/local/python/3.10.13/lib/python3.10/site-packages/airflow/example_dags/example_external_task_marker_dag.py
[2024-04-02T09:38:36.936+0000] {processor.py:826} INFO - Processing file /usr/local/python/3.10.13/lib/python3.10/site-packages/airflow/example_dags/example_external_task_marker_dag.py for tasks to queue
[2024-04-02T09:38:36.937+0000] {logging_mixin.py:150} INFO - [2024-04-02T09:38:36.937+0000] {dagbag.py:541} INFO - Filling up the DagBag from /usr/local/python/3.10.13/lib/python3.10/site-packages/airflow/example_dags/example_external_task_marker_dag.py
[2024-04-02T09:38:36.942+0000] {processor.py:836} INFO - DAG(s) dict_keys(['example_external_task_marker_child', 'example_external_task_marker_parent']) retrieved from /usr/local/python/3.10.13/lib/python3.10/site-packages/airflow/example_dags/example_external_task_marker_dag.py
[2024-04-02T09:38:36.956+0000] {logging_mixin.py:150} INFO - [2024-04-02T09:38:36.956+0000] {dag.py:2742} INFO - Sync 2 DAGs
[2024-04-02T09:38:36.972+0000] {logging_mixin.py:150} INFO - [2024-04-02T09:38:36.972+0000] {dag.py:3504} INFO - Setting next_dagrun for example_external_task_marker_child to None, run_after=None
[2024-04-02T09:38:36.974+0000] {logging_mixin.py:150} INFO - [2024-04-02T09:38:36.974+0000] {dag.py:3504} INFO - Setting next_dagrun for example_external_task_marker_parent to None, run_after=None
[2024-04-02T09:38:37.015+0000] {processor.py:179} INFO - Processing /usr/local/python/3.10.13/lib/python3.10/site-packages/airflow/example_dags/example_external_task_marker_dag.py took 0.082 seconds
[2024-04-02T09:39:34.109+0000] {processor.py:157} INFO - Started process (PID=31081) to work on /usr/local/python/3.10.13/lib/python3.10/site-packages/airflow/example_dags/example_external_task_marker_dag.py
[2024-04-02T09:39:34.110+0000] {processor.py:826} INFO - Processing file /usr/local/python/3.10.13/lib/python3.10/site-packages/airflow/example_dags/example_external_task_marker_dag.py for tasks to queue
[2024-04-02T09:39:34.111+0000] {logging_mixin.py:150} INFO - [2024-04-02T09:39:34.111+0000] {dagbag.py:541} INFO - Filling up the DagBag from /usr/local/python/3.10.13/lib/python3.10/site-packages/airflow/example_dags/example_external_task_marker_dag.py
[2024-04-02T09:39:34.118+0000] {processor.py:836} INFO - DAG(s) dict_keys(['example_external_task_marker_child', 'example_external_task_marker_parent']) retrieved from /usr/local/python/3.10.13/lib/python3.10/site-packages/airflow/example_dags/example_external_task_marker_dag.py
[2024-04-02T09:39:34.139+0000] {logging_mixin.py:150} INFO - [2024-04-02T09:39:34.139+0000] {dag.py:2742} INFO - Sync 2 DAGs
[2024-04-02T09:39:34.166+0000] {logging_mixin.py:150} INFO - [2024-04-02T09:39:34.166+0000] {dag.py:3504} INFO - Setting next_dagrun for example_external_task_marker_child to None, run_after=None
[2024-04-02T09:39:34.169+0000] {logging_mixin.py:150} INFO - [2024-04-02T09:39:34.169+0000] {dag.py:3504} INFO - Setting next_dagrun for example_external_task_marker_parent to None, run_after=None
[2024-04-02T09:39:34.212+0000] {processor.py:179} INFO - Processing /usr/local/python/3.10.13/lib/python3.10/site-packages/airflow/example_dags/example_external_task_marker_dag.py took 0.106 seconds
[2024-04-02T09:40:33.149+0000] {processor.py:157} INFO - Started process (PID=31515) to work on /usr/local/python/3.10.13/lib/python3.10/site-packages/airflow/example_dags/example_external_task_marker_dag.py
[2024-04-02T09:40:33.150+0000] {processor.py:826} INFO - Processing file /usr/local/python/3.10.13/lib/python3.10/site-packages/airflow/example_dags/example_external_task_marker_dag.py for tasks to queue
[2024-04-02T09:40:33.151+0000] {logging_mixin.py:150} INFO - [2024-04-02T09:40:33.150+0000] {dagbag.py:541} INFO - Filling up the DagBag from /usr/local/python/3.10.13/lib/python3.10/site-packages/airflow/example_dags/example_external_task_marker_dag.py
[2024-04-02T09:40:33.155+0000] {processor.py:836} INFO - DAG(s) dict_keys(['example_external_task_marker_parent', 'example_external_task_marker_child']) retrieved from /usr/local/python/3.10.13/lib/python3.10/site-packages/airflow/example_dags/example_external_task_marker_dag.py
[2024-04-02T09:40:33.170+0000] {logging_mixin.py:150} INFO - [2024-04-02T09:40:33.170+0000] {dag.py:2742} INFO - Sync 2 DAGs
[2024-04-02T09:40:33.185+0000] {logging_mixin.py:150} INFO - [2024-04-02T09:40:33.185+0000] {dag.py:3504} INFO - Setting next_dagrun for example_external_task_marker_child to None, run_after=None
[2024-04-02T09:40:33.187+0000] {logging_mixin.py:150} INFO - [2024-04-02T09:40:33.187+0000] {dag.py:3504} INFO - Setting next_dagrun for example_external_task_marker_parent to None, run_after=None
[2024-04-02T09:40:33.238+0000] {processor.py:179} INFO - Processing /usr/local/python/3.10.13/lib/python3.10/site-packages/airflow/example_dags/example_external_task_marker_dag.py took 0.091 seconds
[2024-04-02T09:41:28.160+0000] {processor.py:157} INFO - Started process (PID=31882) to work on /usr/local/python/3.10.13/lib/python3.10/site-packages/airflow/example_dags/example_external_task_marker_dag.py
[2024-04-02T09:41:28.160+0000] {processor.py:826} INFO - Processing file /usr/local/python/3.10.13/lib/python3.10/site-packages/airflow/example_dags/example_external_task_marker_dag.py for tasks to queue
[2024-04-02T09:41:28.161+0000] {logging_mixin.py:150} INFO - [2024-04-02T09:41:28.161+0000] {dagbag.py:541} INFO - Filling up the DagBag from /usr/local/python/3.10.13/lib/python3.10/site-packages/airflow/example_dags/example_external_task_marker_dag.py
[2024-04-02T09:41:28.166+0000] {processor.py:836} INFO - DAG(s) dict_keys(['example_external_task_marker_parent', 'example_external_task_marker_child']) retrieved from /usr/local/python/3.10.13/lib/python3.10/site-packages/airflow/example_dags/example_external_task_marker_dag.py
[2024-04-02T09:41:28.181+0000] {logging_mixin.py:150} INFO - [2024-04-02T09:41:28.181+0000] {dag.py:2742} INFO - Sync 2 DAGs
[2024-04-02T09:41:28.197+0000] {logging_mixin.py:150} INFO - [2024-04-02T09:41:28.197+0000] {dag.py:3504} INFO - Setting next_dagrun for example_external_task_marker_child to None, run_after=None
[2024-04-02T09:41:28.199+0000] {logging_mixin.py:150} INFO - [2024-04-02T09:41:28.199+0000] {dag.py:3504} INFO - Setting next_dagrun for example_external_task_marker_parent to None, run_after=None
[2024-04-02T09:41:28.237+0000] {processor.py:179} INFO - Processing /usr/local/python/3.10.13/lib/python3.10/site-packages/airflow/example_dags/example_external_task_marker_dag.py took 0.080 seconds
[2024-04-02T09:42:23.846+0000] {processor.py:157} INFO - Started process (PID=32274) to work on /usr/local/python/3.10.13/lib/python3.10/site-packages/airflow/example_dags/example_external_task_marker_dag.py
[2024-04-02T09:42:23.847+0000] {processor.py:826} INFO - Processing file /usr/local/python/3.10.13/lib/python3.10/site-packages/airflow/example_dags/example_external_task_marker_dag.py for tasks to queue
[2024-04-02T09:42:23.847+0000] {logging_mixin.py:150} INFO - [2024-04-02T09:42:23.847+0000] {dagbag.py:541} INFO - Filling up the DagBag from /usr/local/python/3.10.13/lib/python3.10/site-packages/airflow/example_dags/example_external_task_marker_dag.py
[2024-04-02T09:42:23.852+0000] {processor.py:836} INFO - DAG(s) dict_keys(['example_external_task_marker_parent', 'example_external_task_marker_child']) retrieved from /usr/local/python/3.10.13/lib/python3.10/site-packages/airflow/example_dags/example_external_task_marker_dag.py
[2024-04-02T09:42:23.868+0000] {logging_mixin.py:150} INFO - [2024-04-02T09:42:23.867+0000] {dag.py:2742} INFO - Sync 2 DAGs
[2024-04-02T09:42:23.890+0000] {logging_mixin.py:150} INFO - [2024-04-02T09:42:23.890+0000] {dag.py:3504} INFO - Setting next_dagrun for example_external_task_marker_child to None, run_after=None
[2024-04-02T09:42:23.893+0000] {logging_mixin.py:150} INFO - [2024-04-02T09:42:23.893+0000] {dag.py:3504} INFO - Setting next_dagrun for example_external_task_marker_parent to None, run_after=None
[2024-04-02T09:42:23.930+0000] {processor.py:179} INFO - Processing /usr/local/python/3.10.13/lib/python3.10/site-packages/airflow/example_dags/example_external_task_marker_dag.py took 0.090 seconds
[2024-04-02T09:43:25.118+0000] {processor.py:157} INFO - Started process (PID=32699) to work on /usr/local/python/3.10.13/lib/python3.10/site-packages/airflow/example_dags/example_external_task_marker_dag.py
[2024-04-02T09:43:25.118+0000] {processor.py:826} INFO - Processing file /usr/local/python/3.10.13/lib/python3.10/site-packages/airflow/example_dags/example_external_task_marker_dag.py for tasks to queue
[2024-04-02T09:43:25.119+0000] {logging_mixin.py:150} INFO - [2024-04-02T09:43:25.119+0000] {dagbag.py:541} INFO - Filling up the DagBag from /usr/local/python/3.10.13/lib/python3.10/site-packages/airflow/example_dags/example_external_task_marker_dag.py
[2024-04-02T09:43:25.124+0000] {processor.py:836} INFO - DAG(s) dict_keys(['example_external_task_marker_parent', 'example_external_task_marker_child']) retrieved from /usr/local/python/3.10.13/lib/python3.10/site-packages/airflow/example_dags/example_external_task_marker_dag.py
[2024-04-02T09:43:25.139+0000] {logging_mixin.py:150} INFO - [2024-04-02T09:43:25.139+0000] {dag.py:2742} INFO - Sync 2 DAGs
[2024-04-02T09:43:25.155+0000] {logging_mixin.py:150} INFO - [2024-04-02T09:43:25.155+0000] {dag.py:3504} INFO - Setting next_dagrun for example_external_task_marker_child to None, run_after=None
[2024-04-02T09:43:25.157+0000] {logging_mixin.py:150} INFO - [2024-04-02T09:43:25.157+0000] {dag.py:3504} INFO - Setting next_dagrun for example_external_task_marker_parent to None, run_after=None
[2024-04-02T09:43:25.193+0000] {processor.py:179} INFO - Processing /usr/local/python/3.10.13/lib/python3.10/site-packages/airflow/example_dags/example_external_task_marker_dag.py took 0.078 seconds
