[2024-04-02T08:57:05.842+0000] {processor.py:157} INFO - Started process (PID=11530) to work on /usr/local/python/3.10.13/lib/python3.10/site-packages/airflow/example_dags/example_python_operator.py
[2024-04-02T08:57:05.842+0000] {processor.py:826} INFO - Processing file /usr/local/python/3.10.13/lib/python3.10/site-packages/airflow/example_dags/example_python_operator.py for tasks to queue
[2024-04-02T08:57:05.843+0000] {logging_mixin.py:150} INFO - [2024-04-02T08:57:05.843+0000] {dagbag.py:541} INFO - Filling up the DagBag from /usr/local/python/3.10.13/lib/python3.10/site-packages/airflow/example_dags/example_python_operator.py
[2024-04-02T08:57:05.853+0000] {processor.py:836} INFO - DAG(s) dict_keys(['example_python_operator']) retrieved from /usr/local/python/3.10.13/lib/python3.10/site-packages/airflow/example_dags/example_python_operator.py
[2024-04-02T08:57:05.941+0000] {logging_mixin.py:150} INFO - [2024-04-02T08:57:05.941+0000] {dag.py:2742} INFO - Sync 1 DAGs
[2024-04-02T08:57:05.958+0000] {logging_mixin.py:150} INFO - [2024-04-02T08:57:05.957+0000] {dag.py:3504} INFO - Setting next_dagrun for example_python_operator to None, run_after=None
[2024-04-02T08:57:05.998+0000] {processor.py:179} INFO - Processing /usr/local/python/3.10.13/lib/python3.10/site-packages/airflow/example_dags/example_python_operator.py took 0.158 seconds
[2024-04-02T08:58:13.750+0000] {processor.py:157} INFO - Started process (PID=12539) to work on /usr/local/python/3.10.13/lib/python3.10/site-packages/airflow/example_dags/example_python_operator.py
[2024-04-02T08:58:13.751+0000] {processor.py:826} INFO - Processing file /usr/local/python/3.10.13/lib/python3.10/site-packages/airflow/example_dags/example_python_operator.py for tasks to queue
[2024-04-02T08:58:13.752+0000] {logging_mixin.py:150} INFO - [2024-04-02T08:58:13.752+0000] {dagbag.py:541} INFO - Filling up the DagBag from /usr/local/python/3.10.13/lib/python3.10/site-packages/airflow/example_dags/example_python_operator.py
[2024-04-02T08:58:13.765+0000] {processor.py:836} INFO - DAG(s) dict_keys(['example_python_operator']) retrieved from /usr/local/python/3.10.13/lib/python3.10/site-packages/airflow/example_dags/example_python_operator.py
[2024-04-02T08:58:13.789+0000] {logging_mixin.py:150} INFO - [2024-04-02T08:58:13.788+0000] {dag.py:2742} INFO - Sync 1 DAGs
[2024-04-02T08:58:13.812+0000] {logging_mixin.py:150} INFO - [2024-04-02T08:58:13.812+0000] {dag.py:3504} INFO - Setting next_dagrun for example_python_operator to None, run_after=None
[2024-04-02T08:58:13.856+0000] {processor.py:179} INFO - Processing /usr/local/python/3.10.13/lib/python3.10/site-packages/airflow/example_dags/example_python_operator.py took 0.109 seconds
[2024-04-02T09:00:09.030+0000] {processor.py:157} INFO - Started process (PID=14149) to work on /usr/local/python/3.10.13/lib/python3.10/site-packages/airflow/example_dags/example_python_operator.py
[2024-04-02T09:00:09.031+0000] {processor.py:826} INFO - Processing file /usr/local/python/3.10.13/lib/python3.10/site-packages/airflow/example_dags/example_python_operator.py for tasks to queue
[2024-04-02T09:00:09.031+0000] {logging_mixin.py:150} INFO - [2024-04-02T09:00:09.031+0000] {dagbag.py:541} INFO - Filling up the DagBag from /usr/local/python/3.10.13/lib/python3.10/site-packages/airflow/example_dags/example_python_operator.py
[2024-04-02T09:00:09.041+0000] {processor.py:836} INFO - DAG(s) dict_keys(['example_python_operator']) retrieved from /usr/local/python/3.10.13/lib/python3.10/site-packages/airflow/example_dags/example_python_operator.py
[2024-04-02T09:00:09.129+0000] {logging_mixin.py:150} INFO - [2024-04-02T09:00:09.129+0000] {dag.py:2742} INFO - Sync 1 DAGs
[2024-04-02T09:00:09.143+0000] {logging_mixin.py:150} INFO - [2024-04-02T09:00:09.143+0000] {dag.py:3504} INFO - Setting next_dagrun for example_python_operator to None, run_after=None
[2024-04-02T09:00:09.184+0000] {processor.py:179} INFO - Processing /usr/local/python/3.10.13/lib/python3.10/site-packages/airflow/example_dags/example_python_operator.py took 0.156 seconds
[2024-04-02T09:00:57.866+0000] {processor.py:157} INFO - Started process (PID=14554) to work on /usr/local/python/3.10.13/lib/python3.10/site-packages/airflow/example_dags/example_python_operator.py
[2024-04-02T09:00:57.867+0000] {processor.py:826} INFO - Processing file /usr/local/python/3.10.13/lib/python3.10/site-packages/airflow/example_dags/example_python_operator.py for tasks to queue
[2024-04-02T09:00:57.868+0000] {logging_mixin.py:150} INFO - [2024-04-02T09:00:57.868+0000] {dagbag.py:541} INFO - Filling up the DagBag from /usr/local/python/3.10.13/lib/python3.10/site-packages/airflow/example_dags/example_python_operator.py
[2024-04-02T09:00:57.881+0000] {processor.py:836} INFO - DAG(s) dict_keys(['example_python_operator']) retrieved from /usr/local/python/3.10.13/lib/python3.10/site-packages/airflow/example_dags/example_python_operator.py
[2024-04-02T09:00:57.904+0000] {logging_mixin.py:150} INFO - [2024-04-02T09:00:57.904+0000] {dag.py:2742} INFO - Sync 1 DAGs
[2024-04-02T09:00:57.930+0000] {logging_mixin.py:150} INFO - [2024-04-02T09:00:57.930+0000] {dag.py:3504} INFO - Setting next_dagrun for example_python_operator to None, run_after=None
[2024-04-02T09:00:57.977+0000] {processor.py:179} INFO - Processing /usr/local/python/3.10.13/lib/python3.10/site-packages/airflow/example_dags/example_python_operator.py took 0.114 seconds
[2024-04-02T09:01:54.272+0000] {processor.py:157} INFO - Started process (PID=15022) to work on /usr/local/python/3.10.13/lib/python3.10/site-packages/airflow/example_dags/example_python_operator.py
[2024-04-02T09:01:54.273+0000] {processor.py:826} INFO - Processing file /usr/local/python/3.10.13/lib/python3.10/site-packages/airflow/example_dags/example_python_operator.py for tasks to queue
[2024-04-02T09:01:54.274+0000] {logging_mixin.py:150} INFO - [2024-04-02T09:01:54.273+0000] {dagbag.py:541} INFO - Filling up the DagBag from /usr/local/python/3.10.13/lib/python3.10/site-packages/airflow/example_dags/example_python_operator.py
[2024-04-02T09:01:54.283+0000] {processor.py:836} INFO - DAG(s) dict_keys(['example_python_operator']) retrieved from /usr/local/python/3.10.13/lib/python3.10/site-packages/airflow/example_dags/example_python_operator.py
[2024-04-02T09:01:54.298+0000] {logging_mixin.py:150} INFO - [2024-04-02T09:01:54.298+0000] {dag.py:2742} INFO - Sync 1 DAGs
[2024-04-02T09:01:54.313+0000] {logging_mixin.py:150} INFO - [2024-04-02T09:01:54.313+0000] {dag.py:3504} INFO - Setting next_dagrun for example_python_operator to None, run_after=None
[2024-04-02T09:01:54.353+0000] {processor.py:179} INFO - Processing /usr/local/python/3.10.13/lib/python3.10/site-packages/airflow/example_dags/example_python_operator.py took 0.083 seconds
[2024-04-02T09:02:43.935+0000] {processor.py:157} INFO - Started process (PID=15368) to work on /usr/local/python/3.10.13/lib/python3.10/site-packages/airflow/example_dags/example_python_operator.py
[2024-04-02T09:02:43.936+0000] {processor.py:826} INFO - Processing file /usr/local/python/3.10.13/lib/python3.10/site-packages/airflow/example_dags/example_python_operator.py for tasks to queue
[2024-04-02T09:02:43.937+0000] {logging_mixin.py:150} INFO - [2024-04-02T09:02:43.936+0000] {dagbag.py:541} INFO - Filling up the DagBag from /usr/local/python/3.10.13/lib/python3.10/site-packages/airflow/example_dags/example_python_operator.py
[2024-04-02T09:02:43.946+0000] {processor.py:836} INFO - DAG(s) dict_keys(['example_python_operator']) retrieved from /usr/local/python/3.10.13/lib/python3.10/site-packages/airflow/example_dags/example_python_operator.py
[2024-04-02T09:02:43.960+0000] {logging_mixin.py:150} INFO - [2024-04-02T09:02:43.960+0000] {dag.py:2742} INFO - Sync 1 DAGs
[2024-04-02T09:02:43.976+0000] {logging_mixin.py:150} INFO - [2024-04-02T09:02:43.975+0000] {dag.py:3504} INFO - Setting next_dagrun for example_python_operator to None, run_after=None
[2024-04-02T09:02:44.020+0000] {processor.py:179} INFO - Processing /usr/local/python/3.10.13/lib/python3.10/site-packages/airflow/example_dags/example_python_operator.py took 0.087 seconds
[2024-04-02T09:03:42.601+0000] {processor.py:157} INFO - Started process (PID=15751) to work on /usr/local/python/3.10.13/lib/python3.10/site-packages/airflow/example_dags/example_python_operator.py
[2024-04-02T09:03:42.602+0000] {processor.py:826} INFO - Processing file /usr/local/python/3.10.13/lib/python3.10/site-packages/airflow/example_dags/example_python_operator.py for tasks to queue
[2024-04-02T09:03:42.603+0000] {logging_mixin.py:150} INFO - [2024-04-02T09:03:42.602+0000] {dagbag.py:541} INFO - Filling up the DagBag from /usr/local/python/3.10.13/lib/python3.10/site-packages/airflow/example_dags/example_python_operator.py
[2024-04-02T09:03:42.612+0000] {processor.py:836} INFO - DAG(s) dict_keys(['example_python_operator']) retrieved from /usr/local/python/3.10.13/lib/python3.10/site-packages/airflow/example_dags/example_python_operator.py
[2024-04-02T09:03:42.626+0000] {logging_mixin.py:150} INFO - [2024-04-02T09:03:42.626+0000] {dag.py:2742} INFO - Sync 1 DAGs
[2024-04-02T09:03:42.642+0000] {logging_mixin.py:150} INFO - [2024-04-02T09:03:42.642+0000] {dag.py:3504} INFO - Setting next_dagrun for example_python_operator to None, run_after=None
[2024-04-02T09:03:42.681+0000] {processor.py:179} INFO - Processing /usr/local/python/3.10.13/lib/python3.10/site-packages/airflow/example_dags/example_python_operator.py took 0.083 seconds
[2024-04-02T09:04:37.706+0000] {processor.py:157} INFO - Started process (PID=16162) to work on /usr/local/python/3.10.13/lib/python3.10/site-packages/airflow/example_dags/example_python_operator.py
[2024-04-02T09:04:37.707+0000] {processor.py:826} INFO - Processing file /usr/local/python/3.10.13/lib/python3.10/site-packages/airflow/example_dags/example_python_operator.py for tasks to queue
[2024-04-02T09:04:37.708+0000] {logging_mixin.py:150} INFO - [2024-04-02T09:04:37.707+0000] {dagbag.py:541} INFO - Filling up the DagBag from /usr/local/python/3.10.13/lib/python3.10/site-packages/airflow/example_dags/example_python_operator.py
[2024-04-02T09:04:37.722+0000] {processor.py:836} INFO - DAG(s) dict_keys(['example_python_operator']) retrieved from /usr/local/python/3.10.13/lib/python3.10/site-packages/airflow/example_dags/example_python_operator.py
[2024-04-02T09:04:37.744+0000] {logging_mixin.py:150} INFO - [2024-04-02T09:04:37.744+0000] {dag.py:2742} INFO - Sync 1 DAGs
[2024-04-02T09:04:37.768+0000] {logging_mixin.py:150} INFO - [2024-04-02T09:04:37.768+0000] {dag.py:3504} INFO - Setting next_dagrun for example_python_operator to None, run_after=None
[2024-04-02T09:04:37.812+0000] {processor.py:179} INFO - Processing /usr/local/python/3.10.13/lib/python3.10/site-packages/airflow/example_dags/example_python_operator.py took 0.109 seconds
[2024-04-02T09:05:33.387+0000] {processor.py:157} INFO - Started process (PID=16536) to work on /usr/local/python/3.10.13/lib/python3.10/site-packages/airflow/example_dags/example_python_operator.py
[2024-04-02T09:05:33.389+0000] {processor.py:826} INFO - Processing file /usr/local/python/3.10.13/lib/python3.10/site-packages/airflow/example_dags/example_python_operator.py for tasks to queue
[2024-04-02T09:05:33.390+0000] {logging_mixin.py:150} INFO - [2024-04-02T09:05:33.389+0000] {dagbag.py:541} INFO - Filling up the DagBag from /usr/local/python/3.10.13/lib/python3.10/site-packages/airflow/example_dags/example_python_operator.py
[2024-04-02T09:05:33.403+0000] {processor.py:836} INFO - DAG(s) dict_keys(['example_python_operator']) retrieved from /usr/local/python/3.10.13/lib/python3.10/site-packages/airflow/example_dags/example_python_operator.py
[2024-04-02T09:05:33.424+0000] {logging_mixin.py:150} INFO - [2024-04-02T09:05:33.424+0000] {dag.py:2742} INFO - Sync 1 DAGs
[2024-04-02T09:05:33.447+0000] {logging_mixin.py:150} INFO - [2024-04-02T09:05:33.447+0000] {dag.py:3504} INFO - Setting next_dagrun for example_python_operator to None, run_after=None
[2024-04-02T09:05:33.493+0000] {processor.py:179} INFO - Processing /usr/local/python/3.10.13/lib/python3.10/site-packages/airflow/example_dags/example_python_operator.py took 0.109 seconds
[2024-04-02T09:06:33.119+0000] {processor.py:157} INFO - Started process (PID=16974) to work on /usr/local/python/3.10.13/lib/python3.10/site-packages/airflow/example_dags/example_python_operator.py
[2024-04-02T09:06:33.120+0000] {processor.py:826} INFO - Processing file /usr/local/python/3.10.13/lib/python3.10/site-packages/airflow/example_dags/example_python_operator.py for tasks to queue
[2024-04-02T09:06:33.121+0000] {logging_mixin.py:150} INFO - [2024-04-02T09:06:33.120+0000] {dagbag.py:541} INFO - Filling up the DagBag from /usr/local/python/3.10.13/lib/python3.10/site-packages/airflow/example_dags/example_python_operator.py
[2024-04-02T09:06:33.129+0000] {processor.py:836} INFO - DAG(s) dict_keys(['example_python_operator']) retrieved from /usr/local/python/3.10.13/lib/python3.10/site-packages/airflow/example_dags/example_python_operator.py
[2024-04-02T09:06:33.144+0000] {logging_mixin.py:150} INFO - [2024-04-02T09:06:33.144+0000] {dag.py:2742} INFO - Sync 1 DAGs
[2024-04-02T09:06:33.161+0000] {logging_mixin.py:150} INFO - [2024-04-02T09:06:33.161+0000] {dag.py:3504} INFO - Setting next_dagrun for example_python_operator to None, run_after=None
[2024-04-02T09:06:33.201+0000] {processor.py:179} INFO - Processing /usr/local/python/3.10.13/lib/python3.10/site-packages/airflow/example_dags/example_python_operator.py took 0.084 seconds
[2024-04-02T09:07:33.978+0000] {processor.py:157} INFO - Started process (PID=17803) to work on /usr/local/python/3.10.13/lib/python3.10/site-packages/airflow/example_dags/example_python_operator.py
[2024-04-02T09:07:33.979+0000] {processor.py:826} INFO - Processing file /usr/local/python/3.10.13/lib/python3.10/site-packages/airflow/example_dags/example_python_operator.py for tasks to queue
[2024-04-02T09:07:33.980+0000] {logging_mixin.py:150} INFO - [2024-04-02T09:07:33.980+0000] {dagbag.py:541} INFO - Filling up the DagBag from /usr/local/python/3.10.13/lib/python3.10/site-packages/airflow/example_dags/example_python_operator.py
[2024-04-02T09:07:33.988+0000] {processor.py:836} INFO - DAG(s) dict_keys(['example_python_operator']) retrieved from /usr/local/python/3.10.13/lib/python3.10/site-packages/airflow/example_dags/example_python_operator.py
[2024-04-02T09:07:34.003+0000] {logging_mixin.py:150} INFO - [2024-04-02T09:07:34.003+0000] {dag.py:2742} INFO - Sync 1 DAGs
[2024-04-02T09:07:34.018+0000] {logging_mixin.py:150} INFO - [2024-04-02T09:07:34.018+0000] {dag.py:3504} INFO - Setting next_dagrun for example_python_operator to None, run_after=None
[2024-04-02T09:07:34.063+0000] {processor.py:179} INFO - Processing /usr/local/python/3.10.13/lib/python3.10/site-packages/airflow/example_dags/example_python_operator.py took 0.087 seconds
[2024-04-02T09:08:28.715+0000] {processor.py:157} INFO - Started process (PID=18169) to work on /usr/local/python/3.10.13/lib/python3.10/site-packages/airflow/example_dags/example_python_operator.py
[2024-04-02T09:08:28.716+0000] {processor.py:826} INFO - Processing file /usr/local/python/3.10.13/lib/python3.10/site-packages/airflow/example_dags/example_python_operator.py for tasks to queue
[2024-04-02T09:08:28.716+0000] {logging_mixin.py:150} INFO - [2024-04-02T09:08:28.716+0000] {dagbag.py:541} INFO - Filling up the DagBag from /usr/local/python/3.10.13/lib/python3.10/site-packages/airflow/example_dags/example_python_operator.py
[2024-04-02T09:08:28.725+0000] {processor.py:836} INFO - DAG(s) dict_keys(['example_python_operator']) retrieved from /usr/local/python/3.10.13/lib/python3.10/site-packages/airflow/example_dags/example_python_operator.py
[2024-04-02T09:08:28.739+0000] {logging_mixin.py:150} INFO - [2024-04-02T09:08:28.739+0000] {dag.py:2742} INFO - Sync 1 DAGs
[2024-04-02T09:08:28.754+0000] {logging_mixin.py:150} INFO - [2024-04-02T09:08:28.754+0000] {dag.py:3504} INFO - Setting next_dagrun for example_python_operator to None, run_after=None
[2024-04-02T09:08:28.798+0000] {processor.py:179} INFO - Processing /usr/local/python/3.10.13/lib/python3.10/site-packages/airflow/example_dags/example_python_operator.py took 0.085 seconds
[2024-04-02T09:09:27.619+0000] {processor.py:157} INFO - Started process (PID=18572) to work on /usr/local/python/3.10.13/lib/python3.10/site-packages/airflow/example_dags/example_python_operator.py
[2024-04-02T09:09:27.620+0000] {processor.py:826} INFO - Processing file /usr/local/python/3.10.13/lib/python3.10/site-packages/airflow/example_dags/example_python_operator.py for tasks to queue
[2024-04-02T09:09:27.621+0000] {logging_mixin.py:150} INFO - [2024-04-02T09:09:27.621+0000] {dagbag.py:541} INFO - Filling up the DagBag from /usr/local/python/3.10.13/lib/python3.10/site-packages/airflow/example_dags/example_python_operator.py
[2024-04-02T09:09:27.630+0000] {processor.py:836} INFO - DAG(s) dict_keys(['example_python_operator']) retrieved from /usr/local/python/3.10.13/lib/python3.10/site-packages/airflow/example_dags/example_python_operator.py
[2024-04-02T09:09:27.645+0000] {logging_mixin.py:150} INFO - [2024-04-02T09:09:27.645+0000] {dag.py:2742} INFO - Sync 1 DAGs
[2024-04-02T09:09:27.662+0000] {logging_mixin.py:150} INFO - [2024-04-02T09:09:27.662+0000] {dag.py:3504} INFO - Setting next_dagrun for example_python_operator to None, run_after=None
[2024-04-02T09:09:27.702+0000] {processor.py:179} INFO - Processing /usr/local/python/3.10.13/lib/python3.10/site-packages/airflow/example_dags/example_python_operator.py took 0.087 seconds
[2024-04-02T09:10:23.614+0000] {processor.py:157} INFO - Started process (PID=18988) to work on /usr/local/python/3.10.13/lib/python3.10/site-packages/airflow/example_dags/example_python_operator.py
[2024-04-02T09:10:23.615+0000] {processor.py:826} INFO - Processing file /usr/local/python/3.10.13/lib/python3.10/site-packages/airflow/example_dags/example_python_operator.py for tasks to queue
[2024-04-02T09:10:23.616+0000] {logging_mixin.py:150} INFO - [2024-04-02T09:10:23.616+0000] {dagbag.py:541} INFO - Filling up the DagBag from /usr/local/python/3.10.13/lib/python3.10/site-packages/airflow/example_dags/example_python_operator.py
[2024-04-02T09:10:23.629+0000] {processor.py:836} INFO - DAG(s) dict_keys(['example_python_operator']) retrieved from /usr/local/python/3.10.13/lib/python3.10/site-packages/airflow/example_dags/example_python_operator.py
[2024-04-02T09:10:23.650+0000] {logging_mixin.py:150} INFO - [2024-04-02T09:10:23.650+0000] {dag.py:2742} INFO - Sync 1 DAGs
[2024-04-02T09:10:23.673+0000] {logging_mixin.py:150} INFO - [2024-04-02T09:10:23.673+0000] {dag.py:3504} INFO - Setting next_dagrun for example_python_operator to None, run_after=None
[2024-04-02T09:10:23.714+0000] {processor.py:179} INFO - Processing /usr/local/python/3.10.13/lib/python3.10/site-packages/airflow/example_dags/example_python_operator.py took 0.103 seconds
[2024-04-02T09:11:24.291+0000] {processor.py:157} INFO - Started process (PID=19390) to work on /usr/local/python/3.10.13/lib/python3.10/site-packages/airflow/example_dags/example_python_operator.py
[2024-04-02T09:11:24.292+0000] {processor.py:826} INFO - Processing file /usr/local/python/3.10.13/lib/python3.10/site-packages/airflow/example_dags/example_python_operator.py for tasks to queue
[2024-04-02T09:11:24.293+0000] {logging_mixin.py:150} INFO - [2024-04-02T09:11:24.292+0000] {dagbag.py:541} INFO - Filling up the DagBag from /usr/local/python/3.10.13/lib/python3.10/site-packages/airflow/example_dags/example_python_operator.py
[2024-04-02T09:11:24.306+0000] {processor.py:836} INFO - DAG(s) dict_keys(['example_python_operator']) retrieved from /usr/local/python/3.10.13/lib/python3.10/site-packages/airflow/example_dags/example_python_operator.py
[2024-04-02T09:11:24.329+0000] {logging_mixin.py:150} INFO - [2024-04-02T09:11:24.329+0000] {dag.py:2742} INFO - Sync 1 DAGs
[2024-04-02T09:11:24.351+0000] {logging_mixin.py:150} INFO - [2024-04-02T09:11:24.350+0000] {dag.py:3504} INFO - Setting next_dagrun for example_python_operator to None, run_after=None
[2024-04-02T09:11:24.391+0000] {processor.py:179} INFO - Processing /usr/local/python/3.10.13/lib/python3.10/site-packages/airflow/example_dags/example_python_operator.py took 0.103 seconds
[2024-04-02T09:12:23.278+0000] {processor.py:157} INFO - Started process (PID=19782) to work on /usr/local/python/3.10.13/lib/python3.10/site-packages/airflow/example_dags/example_python_operator.py
[2024-04-02T09:12:23.279+0000] {processor.py:826} INFO - Processing file /usr/local/python/3.10.13/lib/python3.10/site-packages/airflow/example_dags/example_python_operator.py for tasks to queue
[2024-04-02T09:12:23.280+0000] {logging_mixin.py:150} INFO - [2024-04-02T09:12:23.280+0000] {dagbag.py:541} INFO - Filling up the DagBag from /usr/local/python/3.10.13/lib/python3.10/site-packages/airflow/example_dags/example_python_operator.py
[2024-04-02T09:12:23.288+0000] {processor.py:836} INFO - DAG(s) dict_keys(['example_python_operator']) retrieved from /usr/local/python/3.10.13/lib/python3.10/site-packages/airflow/example_dags/example_python_operator.py
[2024-04-02T09:12:23.302+0000] {logging_mixin.py:150} INFO - [2024-04-02T09:12:23.302+0000] {dag.py:2742} INFO - Sync 1 DAGs
[2024-04-02T09:12:23.317+0000] {logging_mixin.py:150} INFO - [2024-04-02T09:12:23.317+0000] {dag.py:3504} INFO - Setting next_dagrun for example_python_operator to None, run_after=None
[2024-04-02T09:12:23.357+0000] {processor.py:179} INFO - Processing /usr/local/python/3.10.13/lib/python3.10/site-packages/airflow/example_dags/example_python_operator.py took 0.080 seconds
[2024-04-02T09:13:24.717+0000] {processor.py:157} INFO - Started process (PID=20198) to work on /usr/local/python/3.10.13/lib/python3.10/site-packages/airflow/example_dags/example_python_operator.py
[2024-04-02T09:13:24.717+0000] {processor.py:826} INFO - Processing file /usr/local/python/3.10.13/lib/python3.10/site-packages/airflow/example_dags/example_python_operator.py for tasks to queue
[2024-04-02T09:13:24.718+0000] {logging_mixin.py:150} INFO - [2024-04-02T09:13:24.718+0000] {dagbag.py:541} INFO - Filling up the DagBag from /usr/local/python/3.10.13/lib/python3.10/site-packages/airflow/example_dags/example_python_operator.py
[2024-04-02T09:13:24.727+0000] {processor.py:836} INFO - DAG(s) dict_keys(['example_python_operator']) retrieved from /usr/local/python/3.10.13/lib/python3.10/site-packages/airflow/example_dags/example_python_operator.py
[2024-04-02T09:13:24.741+0000] {logging_mixin.py:150} INFO - [2024-04-02T09:13:24.741+0000] {dag.py:2742} INFO - Sync 1 DAGs
[2024-04-02T09:13:24.756+0000] {logging_mixin.py:150} INFO - [2024-04-02T09:13:24.756+0000] {dag.py:3504} INFO - Setting next_dagrun for example_python_operator to None, run_after=None
[2024-04-02T09:13:24.795+0000] {processor.py:179} INFO - Processing /usr/local/python/3.10.13/lib/python3.10/site-packages/airflow/example_dags/example_python_operator.py took 0.080 seconds
[2024-04-02T09:14:17.496+0000] {processor.py:157} INFO - Started process (PID=20562) to work on /usr/local/python/3.10.13/lib/python3.10/site-packages/airflow/example_dags/example_python_operator.py
[2024-04-02T09:14:17.497+0000] {processor.py:826} INFO - Processing file /usr/local/python/3.10.13/lib/python3.10/site-packages/airflow/example_dags/example_python_operator.py for tasks to queue
[2024-04-02T09:14:17.498+0000] {logging_mixin.py:150} INFO - [2024-04-02T09:14:17.497+0000] {dagbag.py:541} INFO - Filling up the DagBag from /usr/local/python/3.10.13/lib/python3.10/site-packages/airflow/example_dags/example_python_operator.py
[2024-04-02T09:14:17.506+0000] {processor.py:836} INFO - DAG(s) dict_keys(['example_python_operator']) retrieved from /usr/local/python/3.10.13/lib/python3.10/site-packages/airflow/example_dags/example_python_operator.py
[2024-04-02T09:14:17.521+0000] {logging_mixin.py:150} INFO - [2024-04-02T09:14:17.521+0000] {dag.py:2742} INFO - Sync 1 DAGs
[2024-04-02T09:14:17.545+0000] {logging_mixin.py:150} INFO - [2024-04-02T09:14:17.545+0000] {dag.py:3504} INFO - Setting next_dagrun for example_python_operator to None, run_after=None
[2024-04-02T09:14:17.591+0000] {processor.py:179} INFO - Processing /usr/local/python/3.10.13/lib/python3.10/site-packages/airflow/example_dags/example_python_operator.py took 0.097 seconds
[2024-04-02T09:15:08.072+0000] {processor.py:157} INFO - Started process (PID=20936) to work on /usr/local/python/3.10.13/lib/python3.10/site-packages/airflow/example_dags/example_python_operator.py
[2024-04-02T09:15:08.072+0000] {processor.py:826} INFO - Processing file /usr/local/python/3.10.13/lib/python3.10/site-packages/airflow/example_dags/example_python_operator.py for tasks to queue
[2024-04-02T09:15:08.073+0000] {logging_mixin.py:150} INFO - [2024-04-02T09:15:08.073+0000] {dagbag.py:541} INFO - Filling up the DagBag from /usr/local/python/3.10.13/lib/python3.10/site-packages/airflow/example_dags/example_python_operator.py
[2024-04-02T09:15:08.082+0000] {processor.py:836} INFO - DAG(s) dict_keys(['example_python_operator']) retrieved from /usr/local/python/3.10.13/lib/python3.10/site-packages/airflow/example_dags/example_python_operator.py
[2024-04-02T09:15:08.096+0000] {logging_mixin.py:150} INFO - [2024-04-02T09:15:08.096+0000] {dag.py:2742} INFO - Sync 1 DAGs
[2024-04-02T09:15:08.112+0000] {logging_mixin.py:150} INFO - [2024-04-02T09:15:08.112+0000] {dag.py:3504} INFO - Setting next_dagrun for example_python_operator to None, run_after=None
[2024-04-02T09:15:08.149+0000] {processor.py:179} INFO - Processing /usr/local/python/3.10.13/lib/python3.10/site-packages/airflow/example_dags/example_python_operator.py took 0.080 seconds
[2024-04-02T09:16:02.601+0000] {processor.py:157} INFO - Started process (PID=21319) to work on /usr/local/python/3.10.13/lib/python3.10/site-packages/airflow/example_dags/example_python_operator.py
[2024-04-02T09:16:02.602+0000] {processor.py:826} INFO - Processing file /usr/local/python/3.10.13/lib/python3.10/site-packages/airflow/example_dags/example_python_operator.py for tasks to queue
[2024-04-02T09:16:02.603+0000] {logging_mixin.py:150} INFO - [2024-04-02T09:16:02.602+0000] {dagbag.py:541} INFO - Filling up the DagBag from /usr/local/python/3.10.13/lib/python3.10/site-packages/airflow/example_dags/example_python_operator.py
[2024-04-02T09:16:02.611+0000] {processor.py:836} INFO - DAG(s) dict_keys(['example_python_operator']) retrieved from /usr/local/python/3.10.13/lib/python3.10/site-packages/airflow/example_dags/example_python_operator.py
[2024-04-02T09:16:02.625+0000] {logging_mixin.py:150} INFO - [2024-04-02T09:16:02.625+0000] {dag.py:2742} INFO - Sync 1 DAGs
[2024-04-02T09:16:02.640+0000] {logging_mixin.py:150} INFO - [2024-04-02T09:16:02.640+0000] {dag.py:3504} INFO - Setting next_dagrun for example_python_operator to None, run_after=None
[2024-04-02T09:16:02.681+0000] {processor.py:179} INFO - Processing /usr/local/python/3.10.13/lib/python3.10/site-packages/airflow/example_dags/example_python_operator.py took 0.082 seconds
[2024-04-02T09:17:02.376+0000] {processor.py:157} INFO - Started process (PID=21733) to work on /usr/local/python/3.10.13/lib/python3.10/site-packages/airflow/example_dags/example_python_operator.py
[2024-04-02T09:17:02.377+0000] {processor.py:826} INFO - Processing file /usr/local/python/3.10.13/lib/python3.10/site-packages/airflow/example_dags/example_python_operator.py for tasks to queue
[2024-04-02T09:17:02.377+0000] {logging_mixin.py:150} INFO - [2024-04-02T09:17:02.377+0000] {dagbag.py:541} INFO - Filling up the DagBag from /usr/local/python/3.10.13/lib/python3.10/site-packages/airflow/example_dags/example_python_operator.py
[2024-04-02T09:17:02.386+0000] {processor.py:836} INFO - DAG(s) dict_keys(['example_python_operator']) retrieved from /usr/local/python/3.10.13/lib/python3.10/site-packages/airflow/example_dags/example_python_operator.py
[2024-04-02T09:17:02.400+0000] {logging_mixin.py:150} INFO - [2024-04-02T09:17:02.400+0000] {dag.py:2742} INFO - Sync 1 DAGs
[2024-04-02T09:17:02.415+0000] {logging_mixin.py:150} INFO - [2024-04-02T09:17:02.415+0000] {dag.py:3504} INFO - Setting next_dagrun for example_python_operator to None, run_after=None
[2024-04-02T09:17:02.453+0000] {processor.py:179} INFO - Processing /usr/local/python/3.10.13/lib/python3.10/site-packages/airflow/example_dags/example_python_operator.py took 0.080 seconds
[2024-04-02T09:17:59.606+0000] {processor.py:157} INFO - Started process (PID=22105) to work on /usr/local/python/3.10.13/lib/python3.10/site-packages/airflow/example_dags/example_python_operator.py
[2024-04-02T09:17:59.607+0000] {processor.py:826} INFO - Processing file /usr/local/python/3.10.13/lib/python3.10/site-packages/airflow/example_dags/example_python_operator.py for tasks to queue
[2024-04-02T09:17:59.607+0000] {logging_mixin.py:150} INFO - [2024-04-02T09:17:59.607+0000] {dagbag.py:541} INFO - Filling up the DagBag from /usr/local/python/3.10.13/lib/python3.10/site-packages/airflow/example_dags/example_python_operator.py
[2024-04-02T09:17:59.616+0000] {processor.py:836} INFO - DAG(s) dict_keys(['example_python_operator']) retrieved from /usr/local/python/3.10.13/lib/python3.10/site-packages/airflow/example_dags/example_python_operator.py
[2024-04-02T09:17:59.630+0000] {logging_mixin.py:150} INFO - [2024-04-02T09:17:59.630+0000] {dag.py:2742} INFO - Sync 1 DAGs
[2024-04-02T09:17:59.645+0000] {logging_mixin.py:150} INFO - [2024-04-02T09:17:59.645+0000] {dag.py:3504} INFO - Setting next_dagrun for example_python_operator to None, run_after=None
[2024-04-02T09:17:59.685+0000] {processor.py:179} INFO - Processing /usr/local/python/3.10.13/lib/python3.10/site-packages/airflow/example_dags/example_python_operator.py took 0.081 seconds
[2024-04-02T09:18:59.869+0000] {processor.py:157} INFO - Started process (PID=22518) to work on /usr/local/python/3.10.13/lib/python3.10/site-packages/airflow/example_dags/example_python_operator.py
[2024-04-02T09:18:59.871+0000] {processor.py:826} INFO - Processing file /usr/local/python/3.10.13/lib/python3.10/site-packages/airflow/example_dags/example_python_operator.py for tasks to queue
[2024-04-02T09:18:59.872+0000] {logging_mixin.py:150} INFO - [2024-04-02T09:18:59.871+0000] {dagbag.py:541} INFO - Filling up the DagBag from /usr/local/python/3.10.13/lib/python3.10/site-packages/airflow/example_dags/example_python_operator.py
[2024-04-02T09:18:59.886+0000] {processor.py:836} INFO - DAG(s) dict_keys(['example_python_operator']) retrieved from /usr/local/python/3.10.13/lib/python3.10/site-packages/airflow/example_dags/example_python_operator.py
[2024-04-02T09:18:59.911+0000] {logging_mixin.py:150} INFO - [2024-04-02T09:18:59.911+0000] {dag.py:2742} INFO - Sync 1 DAGs
[2024-04-02T09:18:59.930+0000] {logging_mixin.py:150} INFO - [2024-04-02T09:18:59.930+0000] {dag.py:3504} INFO - Setting next_dagrun for example_python_operator to None, run_after=None
[2024-04-02T09:18:59.969+0000] {processor.py:179} INFO - Processing /usr/local/python/3.10.13/lib/python3.10/site-packages/airflow/example_dags/example_python_operator.py took 0.103 seconds
[2024-04-02T09:19:53.759+0000] {processor.py:157} INFO - Started process (PID=22910) to work on /usr/local/python/3.10.13/lib/python3.10/site-packages/airflow/example_dags/example_python_operator.py
[2024-04-02T09:19:53.760+0000] {processor.py:826} INFO - Processing file /usr/local/python/3.10.13/lib/python3.10/site-packages/airflow/example_dags/example_python_operator.py for tasks to queue
[2024-04-02T09:19:53.760+0000] {logging_mixin.py:150} INFO - [2024-04-02T09:19:53.760+0000] {dagbag.py:541} INFO - Filling up the DagBag from /usr/local/python/3.10.13/lib/python3.10/site-packages/airflow/example_dags/example_python_operator.py
[2024-04-02T09:19:53.769+0000] {processor.py:836} INFO - DAG(s) dict_keys(['example_python_operator']) retrieved from /usr/local/python/3.10.13/lib/python3.10/site-packages/airflow/example_dags/example_python_operator.py
[2024-04-02T09:19:53.783+0000] {logging_mixin.py:150} INFO - [2024-04-02T09:19:53.783+0000] {dag.py:2742} INFO - Sync 1 DAGs
[2024-04-02T09:19:53.798+0000] {logging_mixin.py:150} INFO - [2024-04-02T09:19:53.798+0000] {dag.py:3504} INFO - Setting next_dagrun for example_python_operator to None, run_after=None
[2024-04-02T09:19:53.850+0000] {processor.py:179} INFO - Processing /usr/local/python/3.10.13/lib/python3.10/site-packages/airflow/example_dags/example_python_operator.py took 0.094 seconds
[2024-04-02T09:20:51.414+0000] {processor.py:157} INFO - Started process (PID=23315) to work on /usr/local/python/3.10.13/lib/python3.10/site-packages/airflow/example_dags/example_python_operator.py
[2024-04-02T09:20:51.414+0000] {processor.py:826} INFO - Processing file /usr/local/python/3.10.13/lib/python3.10/site-packages/airflow/example_dags/example_python_operator.py for tasks to queue
[2024-04-02T09:20:51.415+0000] {logging_mixin.py:150} INFO - [2024-04-02T09:20:51.415+0000] {dagbag.py:541} INFO - Filling up the DagBag from /usr/local/python/3.10.13/lib/python3.10/site-packages/airflow/example_dags/example_python_operator.py
[2024-04-02T09:20:51.424+0000] {processor.py:836} INFO - DAG(s) dict_keys(['example_python_operator']) retrieved from /usr/local/python/3.10.13/lib/python3.10/site-packages/airflow/example_dags/example_python_operator.py
[2024-04-02T09:20:51.439+0000] {logging_mixin.py:150} INFO - [2024-04-02T09:20:51.438+0000] {dag.py:2742} INFO - Sync 1 DAGs
[2024-04-02T09:20:51.454+0000] {logging_mixin.py:150} INFO - [2024-04-02T09:20:51.454+0000] {dag.py:3504} INFO - Setting next_dagrun for example_python_operator to None, run_after=None
[2024-04-02T09:20:51.493+0000] {processor.py:179} INFO - Processing /usr/local/python/3.10.13/lib/python3.10/site-packages/airflow/example_dags/example_python_operator.py took 0.081 seconds
[2024-04-02T09:21:45.440+0000] {processor.py:157} INFO - Started process (PID=23674) to work on /usr/local/python/3.10.13/lib/python3.10/site-packages/airflow/example_dags/example_python_operator.py
[2024-04-02T09:21:45.441+0000] {processor.py:826} INFO - Processing file /usr/local/python/3.10.13/lib/python3.10/site-packages/airflow/example_dags/example_python_operator.py for tasks to queue
[2024-04-02T09:21:45.442+0000] {logging_mixin.py:150} INFO - [2024-04-02T09:21:45.441+0000] {dagbag.py:541} INFO - Filling up the DagBag from /usr/local/python/3.10.13/lib/python3.10/site-packages/airflow/example_dags/example_python_operator.py
[2024-04-02T09:21:45.450+0000] {processor.py:836} INFO - DAG(s) dict_keys(['example_python_operator']) retrieved from /usr/local/python/3.10.13/lib/python3.10/site-packages/airflow/example_dags/example_python_operator.py
[2024-04-02T09:21:45.464+0000] {logging_mixin.py:150} INFO - [2024-04-02T09:21:45.464+0000] {dag.py:2742} INFO - Sync 1 DAGs
[2024-04-02T09:21:45.480+0000] {logging_mixin.py:150} INFO - [2024-04-02T09:21:45.479+0000] {dag.py:3504} INFO - Setting next_dagrun for example_python_operator to None, run_after=None
[2024-04-02T09:21:45.520+0000] {processor.py:179} INFO - Processing /usr/local/python/3.10.13/lib/python3.10/site-packages/airflow/example_dags/example_python_operator.py took 0.083 seconds
[2024-04-02T09:22:43.715+0000] {processor.py:157} INFO - Started process (PID=24074) to work on /usr/local/python/3.10.13/lib/python3.10/site-packages/airflow/example_dags/example_python_operator.py
[2024-04-02T09:22:43.716+0000] {processor.py:826} INFO - Processing file /usr/local/python/3.10.13/lib/python3.10/site-packages/airflow/example_dags/example_python_operator.py for tasks to queue
[2024-04-02T09:22:43.717+0000] {logging_mixin.py:150} INFO - [2024-04-02T09:22:43.717+0000] {dagbag.py:541} INFO - Filling up the DagBag from /usr/local/python/3.10.13/lib/python3.10/site-packages/airflow/example_dags/example_python_operator.py
[2024-04-02T09:22:43.725+0000] {processor.py:836} INFO - DAG(s) dict_keys(['example_python_operator']) retrieved from /usr/local/python/3.10.13/lib/python3.10/site-packages/airflow/example_dags/example_python_operator.py
[2024-04-02T09:22:43.740+0000] {logging_mixin.py:150} INFO - [2024-04-02T09:22:43.740+0000] {dag.py:2742} INFO - Sync 1 DAGs
[2024-04-02T09:22:43.755+0000] {logging_mixin.py:150} INFO - [2024-04-02T09:22:43.755+0000] {dag.py:3504} INFO - Setting next_dagrun for example_python_operator to None, run_after=None
[2024-04-02T09:22:43.794+0000] {processor.py:179} INFO - Processing /usr/local/python/3.10.13/lib/python3.10/site-packages/airflow/example_dags/example_python_operator.py took 0.081 seconds
[2024-04-02T09:23:41.281+0000] {processor.py:157} INFO - Started process (PID=24477) to work on /usr/local/python/3.10.13/lib/python3.10/site-packages/airflow/example_dags/example_python_operator.py
[2024-04-02T09:23:41.282+0000] {processor.py:826} INFO - Processing file /usr/local/python/3.10.13/lib/python3.10/site-packages/airflow/example_dags/example_python_operator.py for tasks to queue
[2024-04-02T09:23:41.283+0000] {logging_mixin.py:150} INFO - [2024-04-02T09:23:41.283+0000] {dagbag.py:541} INFO - Filling up the DagBag from /usr/local/python/3.10.13/lib/python3.10/site-packages/airflow/example_dags/example_python_operator.py
[2024-04-02T09:23:41.291+0000] {processor.py:836} INFO - DAG(s) dict_keys(['example_python_operator']) retrieved from /usr/local/python/3.10.13/lib/python3.10/site-packages/airflow/example_dags/example_python_operator.py
[2024-04-02T09:23:41.306+0000] {logging_mixin.py:150} INFO - [2024-04-02T09:23:41.306+0000] {dag.py:2742} INFO - Sync 1 DAGs
[2024-04-02T09:23:41.321+0000] {logging_mixin.py:150} INFO - [2024-04-02T09:23:41.321+0000] {dag.py:3504} INFO - Setting next_dagrun for example_python_operator to None, run_after=None
[2024-04-02T09:23:41.359+0000] {processor.py:179} INFO - Processing /usr/local/python/3.10.13/lib/python3.10/site-packages/airflow/example_dags/example_python_operator.py took 0.079 seconds
[2024-04-02T09:24:44.796+0000] {processor.py:157} INFO - Started process (PID=24932) to work on /usr/local/python/3.10.13/lib/python3.10/site-packages/airflow/example_dags/example_python_operator.py
[2024-04-02T09:24:44.804+0000] {processor.py:826} INFO - Processing file /usr/local/python/3.10.13/lib/python3.10/site-packages/airflow/example_dags/example_python_operator.py for tasks to queue
[2024-04-02T09:24:44.807+0000] {logging_mixin.py:150} INFO - [2024-04-02T09:24:44.807+0000] {dagbag.py:541} INFO - Filling up the DagBag from /usr/local/python/3.10.13/lib/python3.10/site-packages/airflow/example_dags/example_python_operator.py
[2024-04-02T09:24:44.851+0000] {processor.py:836} INFO - DAG(s) dict_keys(['example_python_operator']) retrieved from /usr/local/python/3.10.13/lib/python3.10/site-packages/airflow/example_dags/example_python_operator.py
[2024-04-02T09:24:44.894+0000] {logging_mixin.py:150} INFO - [2024-04-02T09:24:44.894+0000] {dag.py:2742} INFO - Sync 1 DAGs
[2024-04-02T09:24:44.918+0000] {logging_mixin.py:150} INFO - [2024-04-02T09:24:44.918+0000] {dag.py:3504} INFO - Setting next_dagrun for example_python_operator to None, run_after=None
[2024-04-02T09:24:44.967+0000] {processor.py:179} INFO - Processing /usr/local/python/3.10.13/lib/python3.10/site-packages/airflow/example_dags/example_python_operator.py took 0.175 seconds
[2024-04-02T09:25:47.169+0000] {processor.py:157} INFO - Started process (PID=25350) to work on /usr/local/python/3.10.13/lib/python3.10/site-packages/airflow/example_dags/example_python_operator.py
[2024-04-02T09:25:47.170+0000] {processor.py:826} INFO - Processing file /usr/local/python/3.10.13/lib/python3.10/site-packages/airflow/example_dags/example_python_operator.py for tasks to queue
[2024-04-02T09:25:47.170+0000] {logging_mixin.py:150} INFO - [2024-04-02T09:25:47.170+0000] {dagbag.py:541} INFO - Filling up the DagBag from /usr/local/python/3.10.13/lib/python3.10/site-packages/airflow/example_dags/example_python_operator.py
[2024-04-02T09:25:47.179+0000] {processor.py:836} INFO - DAG(s) dict_keys(['example_python_operator']) retrieved from /usr/local/python/3.10.13/lib/python3.10/site-packages/airflow/example_dags/example_python_operator.py
[2024-04-02T09:25:47.194+0000] {logging_mixin.py:150} INFO - [2024-04-02T09:25:47.194+0000] {dag.py:2742} INFO - Sync 1 DAGs
[2024-04-02T09:25:47.210+0000] {logging_mixin.py:150} INFO - [2024-04-02T09:25:47.210+0000] {dag.py:3504} INFO - Setting next_dagrun for example_python_operator to None, run_after=None
[2024-04-02T09:25:47.249+0000] {processor.py:179} INFO - Processing /usr/local/python/3.10.13/lib/python3.10/site-packages/airflow/example_dags/example_python_operator.py took 0.083 seconds
[2024-04-02T09:26:48.729+0000] {processor.py:157} INFO - Started process (PID=25766) to work on /usr/local/python/3.10.13/lib/python3.10/site-packages/airflow/example_dags/example_python_operator.py
[2024-04-02T09:26:48.730+0000] {processor.py:826} INFO - Processing file /usr/local/python/3.10.13/lib/python3.10/site-packages/airflow/example_dags/example_python_operator.py for tasks to queue
[2024-04-02T09:26:48.731+0000] {logging_mixin.py:150} INFO - [2024-04-02T09:26:48.730+0000] {dagbag.py:541} INFO - Filling up the DagBag from /usr/local/python/3.10.13/lib/python3.10/site-packages/airflow/example_dags/example_python_operator.py
[2024-04-02T09:26:48.740+0000] {processor.py:836} INFO - DAG(s) dict_keys(['example_python_operator']) retrieved from /usr/local/python/3.10.13/lib/python3.10/site-packages/airflow/example_dags/example_python_operator.py
[2024-04-02T09:26:48.754+0000] {logging_mixin.py:150} INFO - [2024-04-02T09:26:48.754+0000] {dag.py:2742} INFO - Sync 1 DAGs
[2024-04-02T09:26:48.769+0000] {logging_mixin.py:150} INFO - [2024-04-02T09:26:48.769+0000] {dag.py:3504} INFO - Setting next_dagrun for example_python_operator to None, run_after=None
[2024-04-02T09:26:48.806+0000] {processor.py:179} INFO - Processing /usr/local/python/3.10.13/lib/python3.10/site-packages/airflow/example_dags/example_python_operator.py took 0.079 seconds
[2024-04-02T09:27:49.066+0000] {processor.py:157} INFO - Started process (PID=26179) to work on /usr/local/python/3.10.13/lib/python3.10/site-packages/airflow/example_dags/example_python_operator.py
[2024-04-02T09:27:49.067+0000] {processor.py:826} INFO - Processing file /usr/local/python/3.10.13/lib/python3.10/site-packages/airflow/example_dags/example_python_operator.py for tasks to queue
[2024-04-02T09:27:49.068+0000] {logging_mixin.py:150} INFO - [2024-04-02T09:27:49.068+0000] {dagbag.py:541} INFO - Filling up the DagBag from /usr/local/python/3.10.13/lib/python3.10/site-packages/airflow/example_dags/example_python_operator.py
[2024-04-02T09:27:49.077+0000] {processor.py:836} INFO - DAG(s) dict_keys(['example_python_operator']) retrieved from /usr/local/python/3.10.13/lib/python3.10/site-packages/airflow/example_dags/example_python_operator.py
[2024-04-02T09:27:49.091+0000] {logging_mixin.py:150} INFO - [2024-04-02T09:27:49.091+0000] {dag.py:2742} INFO - Sync 1 DAGs
[2024-04-02T09:27:49.106+0000] {logging_mixin.py:150} INFO - [2024-04-02T09:27:49.106+0000] {dag.py:3504} INFO - Setting next_dagrun for example_python_operator to None, run_after=None
[2024-04-02T09:27:49.147+0000] {processor.py:179} INFO - Processing /usr/local/python/3.10.13/lib/python3.10/site-packages/airflow/example_dags/example_python_operator.py took 0.083 seconds
[2024-04-02T09:28:51.967+0000] {processor.py:157} INFO - Started process (PID=26601) to work on /usr/local/python/3.10.13/lib/python3.10/site-packages/airflow/example_dags/example_python_operator.py
[2024-04-02T09:28:51.968+0000] {processor.py:826} INFO - Processing file /usr/local/python/3.10.13/lib/python3.10/site-packages/airflow/example_dags/example_python_operator.py for tasks to queue
[2024-04-02T09:28:51.969+0000] {logging_mixin.py:150} INFO - [2024-04-02T09:28:51.969+0000] {dagbag.py:541} INFO - Filling up the DagBag from /usr/local/python/3.10.13/lib/python3.10/site-packages/airflow/example_dags/example_python_operator.py
[2024-04-02T09:28:51.981+0000] {processor.py:836} INFO - DAG(s) dict_keys(['example_python_operator']) retrieved from /usr/local/python/3.10.13/lib/python3.10/site-packages/airflow/example_dags/example_python_operator.py
[2024-04-02T09:28:52.002+0000] {logging_mixin.py:150} INFO - [2024-04-02T09:28:52.002+0000] {dag.py:2742} INFO - Sync 1 DAGs
[2024-04-02T09:28:52.137+0000] {logging_mixin.py:150} INFO - [2024-04-02T09:28:52.137+0000] {dag.py:3504} INFO - Setting next_dagrun for example_python_operator to None, run_after=None
[2024-04-02T09:28:52.178+0000] {processor.py:179} INFO - Processing /usr/local/python/3.10.13/lib/python3.10/site-packages/airflow/example_dags/example_python_operator.py took 0.214 seconds
[2024-04-02T09:29:49.375+0000] {processor.py:157} INFO - Started process (PID=27047) to work on /usr/local/python/3.10.13/lib/python3.10/site-packages/airflow/example_dags/example_python_operator.py
[2024-04-02T09:29:49.377+0000] {processor.py:826} INFO - Processing file /usr/local/python/3.10.13/lib/python3.10/site-packages/airflow/example_dags/example_python_operator.py for tasks to queue
[2024-04-02T09:29:49.378+0000] {logging_mixin.py:150} INFO - [2024-04-02T09:29:49.378+0000] {dagbag.py:541} INFO - Filling up the DagBag from /usr/local/python/3.10.13/lib/python3.10/site-packages/airflow/example_dags/example_python_operator.py
[2024-04-02T09:29:49.389+0000] {processor.py:836} INFO - DAG(s) dict_keys(['example_python_operator']) retrieved from /usr/local/python/3.10.13/lib/python3.10/site-packages/airflow/example_dags/example_python_operator.py
[2024-04-02T09:29:49.404+0000] {logging_mixin.py:150} INFO - [2024-04-02T09:29:49.404+0000] {dag.py:2742} INFO - Sync 1 DAGs
[2024-04-02T09:29:49.419+0000] {logging_mixin.py:150} INFO - [2024-04-02T09:29:49.419+0000] {dag.py:3504} INFO - Setting next_dagrun for example_python_operator to None, run_after=None
[2024-04-02T09:29:49.459+0000] {processor.py:179} INFO - Processing /usr/local/python/3.10.13/lib/python3.10/site-packages/airflow/example_dags/example_python_operator.py took 0.087 seconds
[2024-04-02T09:30:41.981+0000] {processor.py:157} INFO - Started process (PID=27402) to work on /usr/local/python/3.10.13/lib/python3.10/site-packages/airflow/example_dags/example_python_operator.py
[2024-04-02T09:30:41.982+0000] {processor.py:826} INFO - Processing file /usr/local/python/3.10.13/lib/python3.10/site-packages/airflow/example_dags/example_python_operator.py for tasks to queue
[2024-04-02T09:30:41.983+0000] {logging_mixin.py:150} INFO - [2024-04-02T09:30:41.982+0000] {dagbag.py:541} INFO - Filling up the DagBag from /usr/local/python/3.10.13/lib/python3.10/site-packages/airflow/example_dags/example_python_operator.py
[2024-04-02T09:30:41.995+0000] {processor.py:836} INFO - DAG(s) dict_keys(['example_python_operator']) retrieved from /usr/local/python/3.10.13/lib/python3.10/site-packages/airflow/example_dags/example_python_operator.py
[2024-04-02T09:30:42.028+0000] {logging_mixin.py:150} INFO - [2024-04-02T09:30:42.028+0000] {dag.py:2742} INFO - Sync 1 DAGs
[2024-04-02T09:30:42.057+0000] {logging_mixin.py:150} INFO - [2024-04-02T09:30:42.057+0000] {dag.py:3504} INFO - Setting next_dagrun for example_python_operator to None, run_after=None
[2024-04-02T09:30:42.107+0000] {processor.py:179} INFO - Processing /usr/local/python/3.10.13/lib/python3.10/site-packages/airflow/example_dags/example_python_operator.py took 0.130 seconds
[2024-04-02T09:31:43.543+0000] {processor.py:157} INFO - Started process (PID=27821) to work on /usr/local/python/3.10.13/lib/python3.10/site-packages/airflow/example_dags/example_python_operator.py
[2024-04-02T09:31:43.543+0000] {processor.py:826} INFO - Processing file /usr/local/python/3.10.13/lib/python3.10/site-packages/airflow/example_dags/example_python_operator.py for tasks to queue
[2024-04-02T09:31:43.544+0000] {logging_mixin.py:150} INFO - [2024-04-02T09:31:43.544+0000] {dagbag.py:541} INFO - Filling up the DagBag from /usr/local/python/3.10.13/lib/python3.10/site-packages/airflow/example_dags/example_python_operator.py
[2024-04-02T09:31:43.552+0000] {processor.py:836} INFO - DAG(s) dict_keys(['example_python_operator']) retrieved from /usr/local/python/3.10.13/lib/python3.10/site-packages/airflow/example_dags/example_python_operator.py
[2024-04-02T09:31:43.567+0000] {logging_mixin.py:150} INFO - [2024-04-02T09:31:43.567+0000] {dag.py:2742} INFO - Sync 1 DAGs
[2024-04-02T09:31:43.582+0000] {logging_mixin.py:150} INFO - [2024-04-02T09:31:43.582+0000] {dag.py:3504} INFO - Setting next_dagrun for example_python_operator to None, run_after=None
[2024-04-02T09:31:43.621+0000] {processor.py:179} INFO - Processing /usr/local/python/3.10.13/lib/python3.10/site-packages/airflow/example_dags/example_python_operator.py took 0.080 seconds
[2024-04-02T09:32:42.588+0000] {processor.py:157} INFO - Started process (PID=28227) to work on /usr/local/python/3.10.13/lib/python3.10/site-packages/airflow/example_dags/example_python_operator.py
[2024-04-02T09:32:42.589+0000] {processor.py:826} INFO - Processing file /usr/local/python/3.10.13/lib/python3.10/site-packages/airflow/example_dags/example_python_operator.py for tasks to queue
[2024-04-02T09:32:42.591+0000] {logging_mixin.py:150} INFO - [2024-04-02T09:32:42.590+0000] {dagbag.py:541} INFO - Filling up the DagBag from /usr/local/python/3.10.13/lib/python3.10/site-packages/airflow/example_dags/example_python_operator.py
[2024-04-02T09:32:42.604+0000] {processor.py:836} INFO - DAG(s) dict_keys(['example_python_operator']) retrieved from /usr/local/python/3.10.13/lib/python3.10/site-packages/airflow/example_dags/example_python_operator.py
[2024-04-02T09:32:42.635+0000] {logging_mixin.py:150} INFO - [2024-04-02T09:32:42.634+0000] {dag.py:2742} INFO - Sync 1 DAGs
[2024-04-02T09:32:42.672+0000] {logging_mixin.py:150} INFO - [2024-04-02T09:32:42.672+0000] {dag.py:3504} INFO - Setting next_dagrun for example_python_operator to None, run_after=None
[2024-04-02T09:32:42.718+0000] {processor.py:179} INFO - Processing /usr/local/python/3.10.13/lib/python3.10/site-packages/airflow/example_dags/example_python_operator.py took 0.133 seconds
[2024-04-02T09:33:41.265+0000] {processor.py:157} INFO - Started process (PID=28620) to work on /usr/local/python/3.10.13/lib/python3.10/site-packages/airflow/example_dags/example_python_operator.py
[2024-04-02T09:33:41.266+0000] {processor.py:826} INFO - Processing file /usr/local/python/3.10.13/lib/python3.10/site-packages/airflow/example_dags/example_python_operator.py for tasks to queue
[2024-04-02T09:33:41.267+0000] {logging_mixin.py:150} INFO - [2024-04-02T09:33:41.266+0000] {dagbag.py:541} INFO - Filling up the DagBag from /usr/local/python/3.10.13/lib/python3.10/site-packages/airflow/example_dags/example_python_operator.py
[2024-04-02T09:33:41.281+0000] {processor.py:836} INFO - DAG(s) dict_keys(['example_python_operator']) retrieved from /usr/local/python/3.10.13/lib/python3.10/site-packages/airflow/example_dags/example_python_operator.py
[2024-04-02T09:33:41.302+0000] {logging_mixin.py:150} INFO - [2024-04-02T09:33:41.302+0000] {dag.py:2742} INFO - Sync 1 DAGs
[2024-04-02T09:33:41.325+0000] {logging_mixin.py:150} INFO - [2024-04-02T09:33:41.325+0000] {dag.py:3504} INFO - Setting next_dagrun for example_python_operator to None, run_after=None
[2024-04-02T09:33:41.368+0000] {processor.py:179} INFO - Processing /usr/local/python/3.10.13/lib/python3.10/site-packages/airflow/example_dags/example_python_operator.py took 0.106 seconds
[2024-04-02T09:34:36.200+0000] {processor.py:157} INFO - Started process (PID=29030) to work on /usr/local/python/3.10.13/lib/python3.10/site-packages/airflow/example_dags/example_python_operator.py
[2024-04-02T09:34:36.201+0000] {processor.py:826} INFO - Processing file /usr/local/python/3.10.13/lib/python3.10/site-packages/airflow/example_dags/example_python_operator.py for tasks to queue
[2024-04-02T09:34:36.202+0000] {logging_mixin.py:150} INFO - [2024-04-02T09:34:36.202+0000] {dagbag.py:541} INFO - Filling up the DagBag from /usr/local/python/3.10.13/lib/python3.10/site-packages/airflow/example_dags/example_python_operator.py
[2024-04-02T09:34:36.216+0000] {processor.py:836} INFO - DAG(s) dict_keys(['example_python_operator']) retrieved from /usr/local/python/3.10.13/lib/python3.10/site-packages/airflow/example_dags/example_python_operator.py
[2024-04-02T09:34:36.240+0000] {logging_mixin.py:150} INFO - [2024-04-02T09:34:36.240+0000] {dag.py:2742} INFO - Sync 1 DAGs
[2024-04-02T09:34:36.266+0000] {logging_mixin.py:150} INFO - [2024-04-02T09:34:36.266+0000] {dag.py:3504} INFO - Setting next_dagrun for example_python_operator to None, run_after=None
[2024-04-02T09:34:36.313+0000] {processor.py:179} INFO - Processing /usr/local/python/3.10.13/lib/python3.10/site-packages/airflow/example_dags/example_python_operator.py took 0.116 seconds
[2024-04-02T09:35:34.018+0000] {processor.py:157} INFO - Started process (PID=29414) to work on /usr/local/python/3.10.13/lib/python3.10/site-packages/airflow/example_dags/example_python_operator.py
[2024-04-02T09:35:34.019+0000] {processor.py:826} INFO - Processing file /usr/local/python/3.10.13/lib/python3.10/site-packages/airflow/example_dags/example_python_operator.py for tasks to queue
[2024-04-02T09:35:34.020+0000] {logging_mixin.py:150} INFO - [2024-04-02T09:35:34.019+0000] {dagbag.py:541} INFO - Filling up the DagBag from /usr/local/python/3.10.13/lib/python3.10/site-packages/airflow/example_dags/example_python_operator.py
[2024-04-02T09:35:34.028+0000] {processor.py:836} INFO - DAG(s) dict_keys(['example_python_operator']) retrieved from /usr/local/python/3.10.13/lib/python3.10/site-packages/airflow/example_dags/example_python_operator.py
[2024-04-02T09:35:34.043+0000] {logging_mixin.py:150} INFO - [2024-04-02T09:35:34.043+0000] {dag.py:2742} INFO - Sync 1 DAGs
[2024-04-02T09:35:34.058+0000] {logging_mixin.py:150} INFO - [2024-04-02T09:35:34.058+0000] {dag.py:3504} INFO - Setting next_dagrun for example_python_operator to None, run_after=None
[2024-04-02T09:35:34.100+0000] {processor.py:179} INFO - Processing /usr/local/python/3.10.13/lib/python3.10/site-packages/airflow/example_dags/example_python_operator.py took 0.084 seconds
[2024-04-02T09:36:26.597+0000] {processor.py:157} INFO - Started process (PID=29769) to work on /usr/local/python/3.10.13/lib/python3.10/site-packages/airflow/example_dags/example_python_operator.py
[2024-04-02T09:36:26.598+0000] {processor.py:826} INFO - Processing file /usr/local/python/3.10.13/lib/python3.10/site-packages/airflow/example_dags/example_python_operator.py for tasks to queue
[2024-04-02T09:36:26.598+0000] {logging_mixin.py:150} INFO - [2024-04-02T09:36:26.598+0000] {dagbag.py:541} INFO - Filling up the DagBag from /usr/local/python/3.10.13/lib/python3.10/site-packages/airflow/example_dags/example_python_operator.py
[2024-04-02T09:36:26.607+0000] {processor.py:836} INFO - DAG(s) dict_keys(['example_python_operator']) retrieved from /usr/local/python/3.10.13/lib/python3.10/site-packages/airflow/example_dags/example_python_operator.py
[2024-04-02T09:36:26.622+0000] {logging_mixin.py:150} INFO - [2024-04-02T09:36:26.622+0000] {dag.py:2742} INFO - Sync 1 DAGs
[2024-04-02T09:36:26.638+0000] {logging_mixin.py:150} INFO - [2024-04-02T09:36:26.638+0000] {dag.py:3504} INFO - Setting next_dagrun for example_python_operator to None, run_after=None
[2024-04-02T09:36:26.683+0000] {processor.py:179} INFO - Processing /usr/local/python/3.10.13/lib/python3.10/site-packages/airflow/example_dags/example_python_operator.py took 0.090 seconds
[2024-04-02T09:37:24.838+0000] {processor.py:157} INFO - Started process (PID=30175) to work on /usr/local/python/3.10.13/lib/python3.10/site-packages/airflow/example_dags/example_python_operator.py
[2024-04-02T09:37:24.839+0000] {processor.py:826} INFO - Processing file /usr/local/python/3.10.13/lib/python3.10/site-packages/airflow/example_dags/example_python_operator.py for tasks to queue
[2024-04-02T09:37:24.839+0000] {logging_mixin.py:150} INFO - [2024-04-02T09:37:24.839+0000] {dagbag.py:541} INFO - Filling up the DagBag from /usr/local/python/3.10.13/lib/python3.10/site-packages/airflow/example_dags/example_python_operator.py
[2024-04-02T09:37:24.848+0000] {processor.py:836} INFO - DAG(s) dict_keys(['example_python_operator']) retrieved from /usr/local/python/3.10.13/lib/python3.10/site-packages/airflow/example_dags/example_python_operator.py
[2024-04-02T09:37:24.862+0000] {logging_mixin.py:150} INFO - [2024-04-02T09:37:24.862+0000] {dag.py:2742} INFO - Sync 1 DAGs
[2024-04-02T09:37:24.877+0000] {logging_mixin.py:150} INFO - [2024-04-02T09:37:24.877+0000] {dag.py:3504} INFO - Setting next_dagrun for example_python_operator to None, run_after=None
[2024-04-02T09:37:24.922+0000] {processor.py:179} INFO - Processing /usr/local/python/3.10.13/lib/python3.10/site-packages/airflow/example_dags/example_python_operator.py took 0.087 seconds
[2024-04-02T09:38:19.343+0000] {processor.py:157} INFO - Started process (PID=30559) to work on /usr/local/python/3.10.13/lib/python3.10/site-packages/airflow/example_dags/example_python_operator.py
[2024-04-02T09:38:19.344+0000] {processor.py:826} INFO - Processing file /usr/local/python/3.10.13/lib/python3.10/site-packages/airflow/example_dags/example_python_operator.py for tasks to queue
[2024-04-02T09:38:19.345+0000] {logging_mixin.py:150} INFO - [2024-04-02T09:38:19.344+0000] {dagbag.py:541} INFO - Filling up the DagBag from /usr/local/python/3.10.13/lib/python3.10/site-packages/airflow/example_dags/example_python_operator.py
[2024-04-02T09:38:19.353+0000] {processor.py:836} INFO - DAG(s) dict_keys(['example_python_operator']) retrieved from /usr/local/python/3.10.13/lib/python3.10/site-packages/airflow/example_dags/example_python_operator.py
[2024-04-02T09:38:19.368+0000] {logging_mixin.py:150} INFO - [2024-04-02T09:38:19.368+0000] {dag.py:2742} INFO - Sync 1 DAGs
[2024-04-02T09:38:19.383+0000] {logging_mixin.py:150} INFO - [2024-04-02T09:38:19.383+0000] {dag.py:3504} INFO - Setting next_dagrun for example_python_operator to None, run_after=None
[2024-04-02T09:38:19.424+0000] {processor.py:179} INFO - Processing /usr/local/python/3.10.13/lib/python3.10/site-packages/airflow/example_dags/example_python_operator.py took 0.083 seconds
[2024-04-02T09:39:16.988+0000] {processor.py:157} INFO - Started process (PID=30935) to work on /usr/local/python/3.10.13/lib/python3.10/site-packages/airflow/example_dags/example_python_operator.py
[2024-04-02T09:39:16.993+0000] {processor.py:826} INFO - Processing file /usr/local/python/3.10.13/lib/python3.10/site-packages/airflow/example_dags/example_python_operator.py for tasks to queue
[2024-04-02T09:39:16.997+0000] {logging_mixin.py:150} INFO - [2024-04-02T09:39:16.994+0000] {dagbag.py:541} INFO - Filling up the DagBag from /usr/local/python/3.10.13/lib/python3.10/site-packages/airflow/example_dags/example_python_operator.py
[2024-04-02T09:39:17.022+0000] {processor.py:836} INFO - DAG(s) dict_keys(['example_python_operator']) retrieved from /usr/local/python/3.10.13/lib/python3.10/site-packages/airflow/example_dags/example_python_operator.py
[2024-04-02T09:39:17.066+0000] {logging_mixin.py:150} INFO - [2024-04-02T09:39:17.065+0000] {dag.py:2742} INFO - Sync 1 DAGs
[2024-04-02T09:39:17.095+0000] {logging_mixin.py:150} INFO - [2024-04-02T09:39:17.094+0000] {dag.py:3504} INFO - Setting next_dagrun for example_python_operator to None, run_after=None
[2024-04-02T09:39:17.147+0000] {processor.py:179} INFO - Processing /usr/local/python/3.10.13/lib/python3.10/site-packages/airflow/example_dags/example_python_operator.py took 0.162 seconds
[2024-04-02T09:40:14.914+0000] {processor.py:157} INFO - Started process (PID=31388) to work on /usr/local/python/3.10.13/lib/python3.10/site-packages/airflow/example_dags/example_python_operator.py
[2024-04-02T09:40:14.915+0000] {processor.py:826} INFO - Processing file /usr/local/python/3.10.13/lib/python3.10/site-packages/airflow/example_dags/example_python_operator.py for tasks to queue
[2024-04-02T09:40:14.915+0000] {logging_mixin.py:150} INFO - [2024-04-02T09:40:14.915+0000] {dagbag.py:541} INFO - Filling up the DagBag from /usr/local/python/3.10.13/lib/python3.10/site-packages/airflow/example_dags/example_python_operator.py
[2024-04-02T09:40:14.924+0000] {processor.py:836} INFO - DAG(s) dict_keys(['example_python_operator']) retrieved from /usr/local/python/3.10.13/lib/python3.10/site-packages/airflow/example_dags/example_python_operator.py
[2024-04-02T09:40:14.938+0000] {logging_mixin.py:150} INFO - [2024-04-02T09:40:14.938+0000] {dag.py:2742} INFO - Sync 1 DAGs
[2024-04-02T09:40:14.954+0000] {logging_mixin.py:150} INFO - [2024-04-02T09:40:14.954+0000] {dag.py:3504} INFO - Setting next_dagrun for example_python_operator to None, run_after=None
[2024-04-02T09:40:14.994+0000] {processor.py:179} INFO - Processing /usr/local/python/3.10.13/lib/python3.10/site-packages/airflow/example_dags/example_python_operator.py took 0.082 seconds
[2024-04-02T09:41:12.252+0000] {processor.py:157} INFO - Started process (PID=31768) to work on /usr/local/python/3.10.13/lib/python3.10/site-packages/airflow/example_dags/example_python_operator.py
[2024-04-02T09:41:12.253+0000] {processor.py:826} INFO - Processing file /usr/local/python/3.10.13/lib/python3.10/site-packages/airflow/example_dags/example_python_operator.py for tasks to queue
[2024-04-02T09:41:12.254+0000] {logging_mixin.py:150} INFO - [2024-04-02T09:41:12.253+0000] {dagbag.py:541} INFO - Filling up the DagBag from /usr/local/python/3.10.13/lib/python3.10/site-packages/airflow/example_dags/example_python_operator.py
[2024-04-02T09:41:12.274+0000] {processor.py:836} INFO - DAG(s) dict_keys(['example_python_operator']) retrieved from /usr/local/python/3.10.13/lib/python3.10/site-packages/airflow/example_dags/example_python_operator.py
[2024-04-02T09:41:12.316+0000] {logging_mixin.py:150} INFO - [2024-04-02T09:41:12.315+0000] {dag.py:2742} INFO - Sync 1 DAGs
[2024-04-02T09:41:12.341+0000] {logging_mixin.py:150} INFO - [2024-04-02T09:41:12.341+0000] {dag.py:3504} INFO - Setting next_dagrun for example_python_operator to None, run_after=None
[2024-04-02T09:41:12.403+0000] {processor.py:179} INFO - Processing /usr/local/python/3.10.13/lib/python3.10/site-packages/airflow/example_dags/example_python_operator.py took 0.157 seconds
[2024-04-02T09:42:07.037+0000] {processor.py:157} INFO - Started process (PID=32151) to work on /usr/local/python/3.10.13/lib/python3.10/site-packages/airflow/example_dags/example_python_operator.py
[2024-04-02T09:42:07.038+0000] {processor.py:826} INFO - Processing file /usr/local/python/3.10.13/lib/python3.10/site-packages/airflow/example_dags/example_python_operator.py for tasks to queue
[2024-04-02T09:42:07.039+0000] {logging_mixin.py:150} INFO - [2024-04-02T09:42:07.039+0000] {dagbag.py:541} INFO - Filling up the DagBag from /usr/local/python/3.10.13/lib/python3.10/site-packages/airflow/example_dags/example_python_operator.py
[2024-04-02T09:42:07.047+0000] {processor.py:836} INFO - DAG(s) dict_keys(['example_python_operator']) retrieved from /usr/local/python/3.10.13/lib/python3.10/site-packages/airflow/example_dags/example_python_operator.py
[2024-04-02T09:42:07.062+0000] {logging_mixin.py:150} INFO - [2024-04-02T09:42:07.062+0000] {dag.py:2742} INFO - Sync 1 DAGs
[2024-04-02T09:42:07.078+0000] {logging_mixin.py:150} INFO - [2024-04-02T09:42:07.077+0000] {dag.py:3504} INFO - Setting next_dagrun for example_python_operator to None, run_after=None
[2024-04-02T09:42:07.115+0000] {processor.py:179} INFO - Processing /usr/local/python/3.10.13/lib/python3.10/site-packages/airflow/example_dags/example_python_operator.py took 0.079 seconds
[2024-04-02T09:43:07.907+0000] {processor.py:157} INFO - Started process (PID=32572) to work on /usr/local/python/3.10.13/lib/python3.10/site-packages/airflow/example_dags/example_python_operator.py
[2024-04-02T09:43:07.908+0000] {processor.py:826} INFO - Processing file /usr/local/python/3.10.13/lib/python3.10/site-packages/airflow/example_dags/example_python_operator.py for tasks to queue
[2024-04-02T09:43:07.909+0000] {logging_mixin.py:150} INFO - [2024-04-02T09:43:07.909+0000] {dagbag.py:541} INFO - Filling up the DagBag from /usr/local/python/3.10.13/lib/python3.10/site-packages/airflow/example_dags/example_python_operator.py
[2024-04-02T09:43:07.918+0000] {processor.py:836} INFO - DAG(s) dict_keys(['example_python_operator']) retrieved from /usr/local/python/3.10.13/lib/python3.10/site-packages/airflow/example_dags/example_python_operator.py
[2024-04-02T09:43:07.932+0000] {logging_mixin.py:150} INFO - [2024-04-02T09:43:07.932+0000] {dag.py:2742} INFO - Sync 1 DAGs
[2024-04-02T09:43:07.948+0000] {logging_mixin.py:150} INFO - [2024-04-02T09:43:07.948+0000] {dag.py:3504} INFO - Setting next_dagrun for example_python_operator to None, run_after=None
[2024-04-02T09:43:07.985+0000] {processor.py:179} INFO - Processing /usr/local/python/3.10.13/lib/python3.10/site-packages/airflow/example_dags/example_python_operator.py took 0.080 seconds
