[2024-04-02T08:57:28.144+0000] {processor.py:157} INFO - Started process (PID=11814) to work on /usr/local/python/3.10.13/lib/python3.10/site-packages/airflow/example_dags/example_dynamic_task_mapping_with_no_taskflow_operators.py
[2024-04-02T08:57:28.145+0000] {processor.py:826} INFO - Processing file /usr/local/python/3.10.13/lib/python3.10/site-packages/airflow/example_dags/example_dynamic_task_mapping_with_no_taskflow_operators.py for tasks to queue
[2024-04-02T08:57:28.146+0000] {logging_mixin.py:150} INFO - [2024-04-02T08:57:28.146+0000] {dagbag.py:541} INFO - Filling up the DagBag from /usr/local/python/3.10.13/lib/python3.10/site-packages/airflow/example_dags/example_dynamic_task_mapping_with_no_taskflow_operators.py
[2024-04-02T08:57:28.155+0000] {processor.py:836} INFO - DAG(s) dict_keys(['example_dynamic_task_mapping_with_no_taskflow_operators']) retrieved from /usr/local/python/3.10.13/lib/python3.10/site-packages/airflow/example_dags/example_dynamic_task_mapping_with_no_taskflow_operators.py
[2024-04-02T08:57:28.662+0000] {logging_mixin.py:150} INFO - [2024-04-02T08:57:28.662+0000] {dag.py:2742} INFO - Sync 1 DAGs
[2024-04-02T08:57:28.686+0000] {logging_mixin.py:150} INFO - [2024-04-02T08:57:28.685+0000] {dag.py:3504} INFO - Setting next_dagrun for example_dynamic_task_mapping_with_no_taskflow_operators to 2024-04-01T08:57:28.685689+00:00, run_after=2024-04-02T08:57:28.685689+00:00
[2024-04-02T08:57:28.780+0000] {processor.py:179} INFO - Processing /usr/local/python/3.10.13/lib/python3.10/site-packages/airflow/example_dags/example_dynamic_task_mapping_with_no_taskflow_operators.py took 0.640 seconds
[2024-04-02T08:58:31.876+0000] {processor.py:157} INFO - Started process (PID=12751) to work on /usr/local/python/3.10.13/lib/python3.10/site-packages/airflow/example_dags/example_dynamic_task_mapping_with_no_taskflow_operators.py
[2024-04-02T08:58:31.877+0000] {processor.py:826} INFO - Processing file /usr/local/python/3.10.13/lib/python3.10/site-packages/airflow/example_dags/example_dynamic_task_mapping_with_no_taskflow_operators.py for tasks to queue
[2024-04-02T08:58:31.878+0000] {logging_mixin.py:150} INFO - [2024-04-02T08:58:31.877+0000] {dagbag.py:541} INFO - Filling up the DagBag from /usr/local/python/3.10.13/lib/python3.10/site-packages/airflow/example_dags/example_dynamic_task_mapping_with_no_taskflow_operators.py
[2024-04-02T08:58:31.883+0000] {processor.py:836} INFO - DAG(s) dict_keys(['example_dynamic_task_mapping_with_no_taskflow_operators']) retrieved from /usr/local/python/3.10.13/lib/python3.10/site-packages/airflow/example_dags/example_dynamic_task_mapping_with_no_taskflow_operators.py
[2024-04-02T08:58:31.894+0000] {logging_mixin.py:150} INFO - [2024-04-02T08:58:31.894+0000] {dag.py:2742} INFO - Sync 1 DAGs
[2024-04-02T08:58:31.914+0000] {logging_mixin.py:150} INFO - [2024-04-02T08:58:31.914+0000] {dag.py:3504} INFO - Setting next_dagrun for example_dynamic_task_mapping_with_no_taskflow_operators to 2024-04-01T08:58:31.914079+00:00, run_after=2024-04-02T08:58:31.914079+00:00
[2024-04-02T08:58:31.969+0000] {processor.py:179} INFO - Processing /usr/local/python/3.10.13/lib/python3.10/site-packages/airflow/example_dags/example_dynamic_task_mapping_with_no_taskflow_operators.py took 0.095 seconds
[2024-04-02T09:00:26.521+0000] {processor.py:157} INFO - Started process (PID=14338) to work on /usr/local/python/3.10.13/lib/python3.10/site-packages/airflow/example_dags/example_dynamic_task_mapping_with_no_taskflow_operators.py
[2024-04-02T09:00:26.522+0000] {processor.py:826} INFO - Processing file /usr/local/python/3.10.13/lib/python3.10/site-packages/airflow/example_dags/example_dynamic_task_mapping_with_no_taskflow_operators.py for tasks to queue
[2024-04-02T09:00:26.522+0000] {logging_mixin.py:150} INFO - [2024-04-02T09:00:26.522+0000] {dagbag.py:541} INFO - Filling up the DagBag from /usr/local/python/3.10.13/lib/python3.10/site-packages/airflow/example_dags/example_dynamic_task_mapping_with_no_taskflow_operators.py
[2024-04-02T09:00:26.528+0000] {processor.py:836} INFO - DAG(s) dict_keys(['example_dynamic_task_mapping_with_no_taskflow_operators']) retrieved from /usr/local/python/3.10.13/lib/python3.10/site-packages/airflow/example_dags/example_dynamic_task_mapping_with_no_taskflow_operators.py
[2024-04-02T09:00:26.539+0000] {logging_mixin.py:150} INFO - [2024-04-02T09:00:26.539+0000] {dag.py:2742} INFO - Sync 1 DAGs
[2024-04-02T09:00:26.555+0000] {logging_mixin.py:150} INFO - [2024-04-02T09:00:26.554+0000] {dag.py:3504} INFO - Setting next_dagrun for example_dynamic_task_mapping_with_no_taskflow_operators to 2024-04-01T09:00:26.554731+00:00, run_after=2024-04-02T09:00:26.554731+00:00
[2024-04-02T09:00:26.594+0000] {processor.py:179} INFO - Processing /usr/local/python/3.10.13/lib/python3.10/site-packages/airflow/example_dags/example_dynamic_task_mapping_with_no_taskflow_operators.py took 0.076 seconds
[2024-04-02T09:01:23.619+0000] {processor.py:157} INFO - Started process (PID=14783) to work on /usr/local/python/3.10.13/lib/python3.10/site-packages/airflow/example_dags/example_dynamic_task_mapping_with_no_taskflow_operators.py
[2024-04-02T09:01:23.620+0000] {processor.py:826} INFO - Processing file /usr/local/python/3.10.13/lib/python3.10/site-packages/airflow/example_dags/example_dynamic_task_mapping_with_no_taskflow_operators.py for tasks to queue
[2024-04-02T09:01:23.621+0000] {logging_mixin.py:150} INFO - [2024-04-02T09:01:23.621+0000] {dagbag.py:541} INFO - Filling up the DagBag from /usr/local/python/3.10.13/lib/python3.10/site-packages/airflow/example_dags/example_dynamic_task_mapping_with_no_taskflow_operators.py
[2024-04-02T09:01:23.629+0000] {processor.py:836} INFO - DAG(s) dict_keys(['example_dynamic_task_mapping_with_no_taskflow_operators']) retrieved from /usr/local/python/3.10.13/lib/python3.10/site-packages/airflow/example_dags/example_dynamic_task_mapping_with_no_taskflow_operators.py
[2024-04-02T09:01:23.645+0000] {logging_mixin.py:150} INFO - [2024-04-02T09:01:23.645+0000] {dag.py:2742} INFO - Sync 1 DAGs
[2024-04-02T09:01:23.672+0000] {logging_mixin.py:150} INFO - [2024-04-02T09:01:23.670+0000] {dag.py:3504} INFO - Setting next_dagrun for example_dynamic_task_mapping_with_no_taskflow_operators to 2024-04-01T09:01:23.669855+00:00, run_after=2024-04-02T09:01:23.669855+00:00
[2024-04-02T09:01:23.715+0000] {processor.py:179} INFO - Processing /usr/local/python/3.10.13/lib/python3.10/site-packages/airflow/example_dags/example_dynamic_task_mapping_with_no_taskflow_operators.py took 0.099 seconds
[2024-04-02T09:02:21.855+0000] {processor.py:157} INFO - Started process (PID=15200) to work on /usr/local/python/3.10.13/lib/python3.10/site-packages/airflow/example_dags/example_dynamic_task_mapping_with_no_taskflow_operators.py
[2024-04-02T09:02:21.857+0000] {processor.py:826} INFO - Processing file /usr/local/python/3.10.13/lib/python3.10/site-packages/airflow/example_dags/example_dynamic_task_mapping_with_no_taskflow_operators.py for tasks to queue
[2024-04-02T09:02:21.858+0000] {logging_mixin.py:150} INFO - [2024-04-02T09:02:21.857+0000] {dagbag.py:541} INFO - Filling up the DagBag from /usr/local/python/3.10.13/lib/python3.10/site-packages/airflow/example_dags/example_dynamic_task_mapping_with_no_taskflow_operators.py
[2024-04-02T09:02:21.866+0000] {processor.py:836} INFO - DAG(s) dict_keys(['example_dynamic_task_mapping_with_no_taskflow_operators']) retrieved from /usr/local/python/3.10.13/lib/python3.10/site-packages/airflow/example_dags/example_dynamic_task_mapping_with_no_taskflow_operators.py
[2024-04-02T09:02:21.883+0000] {logging_mixin.py:150} INFO - [2024-04-02T09:02:21.883+0000] {dag.py:2742} INFO - Sync 1 DAGs
[2024-04-02T09:02:21.906+0000] {logging_mixin.py:150} INFO - [2024-04-02T09:02:21.905+0000] {dag.py:3504} INFO - Setting next_dagrun for example_dynamic_task_mapping_with_no_taskflow_operators to 2024-04-01T09:02:21.905659+00:00, run_after=2024-04-02T09:02:21.905659+00:00
[2024-04-02T09:02:21.949+0000] {processor.py:179} INFO - Processing /usr/local/python/3.10.13/lib/python3.10/site-packages/airflow/example_dags/example_dynamic_task_mapping_with_no_taskflow_operators.py took 0.097 seconds
[2024-04-02T09:03:20.422+0000] {processor.py:157} INFO - Started process (PID=15603) to work on /usr/local/python/3.10.13/lib/python3.10/site-packages/airflow/example_dags/example_dynamic_task_mapping_with_no_taskflow_operators.py
[2024-04-02T09:03:20.423+0000] {processor.py:826} INFO - Processing file /usr/local/python/3.10.13/lib/python3.10/site-packages/airflow/example_dags/example_dynamic_task_mapping_with_no_taskflow_operators.py for tasks to queue
[2024-04-02T09:03:20.425+0000] {logging_mixin.py:150} INFO - [2024-04-02T09:03:20.424+0000] {dagbag.py:541} INFO - Filling up the DagBag from /usr/local/python/3.10.13/lib/python3.10/site-packages/airflow/example_dags/example_dynamic_task_mapping_with_no_taskflow_operators.py
[2024-04-02T09:03:20.433+0000] {processor.py:836} INFO - DAG(s) dict_keys(['example_dynamic_task_mapping_with_no_taskflow_operators']) retrieved from /usr/local/python/3.10.13/lib/python3.10/site-packages/airflow/example_dags/example_dynamic_task_mapping_with_no_taskflow_operators.py
[2024-04-02T09:03:20.450+0000] {logging_mixin.py:150} INFO - [2024-04-02T09:03:20.450+0000] {dag.py:2742} INFO - Sync 1 DAGs
[2024-04-02T09:03:20.476+0000] {logging_mixin.py:150} INFO - [2024-04-02T09:03:20.475+0000] {dag.py:3504} INFO - Setting next_dagrun for example_dynamic_task_mapping_with_no_taskflow_operators to 2024-04-01T09:03:20.475694+00:00, run_after=2024-04-02T09:03:20.475694+00:00
[2024-04-02T09:03:20.524+0000] {processor.py:179} INFO - Processing /usr/local/python/3.10.13/lib/python3.10/site-packages/airflow/example_dags/example_dynamic_task_mapping_with_no_taskflow_operators.py took 0.105 seconds
[2024-04-02T09:04:20.417+0000] {processor.py:157} INFO - Started process (PID=16013) to work on /usr/local/python/3.10.13/lib/python3.10/site-packages/airflow/example_dags/example_dynamic_task_mapping_with_no_taskflow_operators.py
[2024-04-02T09:04:20.418+0000] {processor.py:826} INFO - Processing file /usr/local/python/3.10.13/lib/python3.10/site-packages/airflow/example_dags/example_dynamic_task_mapping_with_no_taskflow_operators.py for tasks to queue
[2024-04-02T09:04:20.419+0000] {logging_mixin.py:150} INFO - [2024-04-02T09:04:20.419+0000] {dagbag.py:541} INFO - Filling up the DagBag from /usr/local/python/3.10.13/lib/python3.10/site-packages/airflow/example_dags/example_dynamic_task_mapping_with_no_taskflow_operators.py
[2024-04-02T09:04:20.424+0000] {processor.py:836} INFO - DAG(s) dict_keys(['example_dynamic_task_mapping_with_no_taskflow_operators']) retrieved from /usr/local/python/3.10.13/lib/python3.10/site-packages/airflow/example_dags/example_dynamic_task_mapping_with_no_taskflow_operators.py
[2024-04-02T09:04:20.435+0000] {logging_mixin.py:150} INFO - [2024-04-02T09:04:20.435+0000] {dag.py:2742} INFO - Sync 1 DAGs
[2024-04-02T09:04:20.450+0000] {logging_mixin.py:150} INFO - [2024-04-02T09:04:20.450+0000] {dag.py:3504} INFO - Setting next_dagrun for example_dynamic_task_mapping_with_no_taskflow_operators to 2024-04-01T09:04:20.450496+00:00, run_after=2024-04-02T09:04:20.450496+00:00
[2024-04-02T09:04:20.493+0000] {processor.py:179} INFO - Processing /usr/local/python/3.10.13/lib/python3.10/site-packages/airflow/example_dags/example_dynamic_task_mapping_with_no_taskflow_operators.py took 0.078 seconds
[2024-04-02T09:05:10.335+0000] {processor.py:157} INFO - Started process (PID=16381) to work on /usr/local/python/3.10.13/lib/python3.10/site-packages/airflow/example_dags/example_dynamic_task_mapping_with_no_taskflow_operators.py
[2024-04-02T09:05:10.336+0000] {processor.py:826} INFO - Processing file /usr/local/python/3.10.13/lib/python3.10/site-packages/airflow/example_dags/example_dynamic_task_mapping_with_no_taskflow_operators.py for tasks to queue
[2024-04-02T09:05:10.337+0000] {logging_mixin.py:150} INFO - [2024-04-02T09:05:10.337+0000] {dagbag.py:541} INFO - Filling up the DagBag from /usr/local/python/3.10.13/lib/python3.10/site-packages/airflow/example_dags/example_dynamic_task_mapping_with_no_taskflow_operators.py
[2024-04-02T09:05:10.345+0000] {processor.py:836} INFO - DAG(s) dict_keys(['example_dynamic_task_mapping_with_no_taskflow_operators']) retrieved from /usr/local/python/3.10.13/lib/python3.10/site-packages/airflow/example_dags/example_dynamic_task_mapping_with_no_taskflow_operators.py
[2024-04-02T09:05:10.363+0000] {logging_mixin.py:150} INFO - [2024-04-02T09:05:10.363+0000] {dag.py:2742} INFO - Sync 1 DAGs
[2024-04-02T09:05:10.389+0000] {logging_mixin.py:150} INFO - [2024-04-02T09:05:10.389+0000] {dag.py:3504} INFO - Setting next_dagrun for example_dynamic_task_mapping_with_no_taskflow_operators to 2024-04-01T09:05:10.389103+00:00, run_after=2024-04-02T09:05:10.389103+00:00
[2024-04-02T09:05:10.433+0000] {processor.py:179} INFO - Processing /usr/local/python/3.10.13/lib/python3.10/site-packages/airflow/example_dags/example_dynamic_task_mapping_with_no_taskflow_operators.py took 0.101 seconds
[2024-04-02T09:06:13.199+0000] {processor.py:157} INFO - Started process (PID=16827) to work on /usr/local/python/3.10.13/lib/python3.10/site-packages/airflow/example_dags/example_dynamic_task_mapping_with_no_taskflow_operators.py
[2024-04-02T09:06:13.200+0000] {processor.py:826} INFO - Processing file /usr/local/python/3.10.13/lib/python3.10/site-packages/airflow/example_dags/example_dynamic_task_mapping_with_no_taskflow_operators.py for tasks to queue
[2024-04-02T09:06:13.201+0000] {logging_mixin.py:150} INFO - [2024-04-02T09:06:13.201+0000] {dagbag.py:541} INFO - Filling up the DagBag from /usr/local/python/3.10.13/lib/python3.10/site-packages/airflow/example_dags/example_dynamic_task_mapping_with_no_taskflow_operators.py
[2024-04-02T09:06:13.207+0000] {processor.py:836} INFO - DAG(s) dict_keys(['example_dynamic_task_mapping_with_no_taskflow_operators']) retrieved from /usr/local/python/3.10.13/lib/python3.10/site-packages/airflow/example_dags/example_dynamic_task_mapping_with_no_taskflow_operators.py
[2024-04-02T09:06:13.218+0000] {logging_mixin.py:150} INFO - [2024-04-02T09:06:13.218+0000] {dag.py:2742} INFO - Sync 1 DAGs
[2024-04-02T09:06:13.234+0000] {logging_mixin.py:150} INFO - [2024-04-02T09:06:13.234+0000] {dag.py:3504} INFO - Setting next_dagrun for example_dynamic_task_mapping_with_no_taskflow_operators to 2024-04-01T09:06:13.234332+00:00, run_after=2024-04-02T09:06:13.234332+00:00
[2024-04-02T09:06:13.273+0000] {processor.py:179} INFO - Processing /usr/local/python/3.10.13/lib/python3.10/site-packages/airflow/example_dags/example_dynamic_task_mapping_with_no_taskflow_operators.py took 0.076 seconds
[2024-04-02T09:07:14.768+0000] {processor.py:157} INFO - Started process (PID=17664) to work on /usr/local/python/3.10.13/lib/python3.10/site-packages/airflow/example_dags/example_dynamic_task_mapping_with_no_taskflow_operators.py
[2024-04-02T09:07:14.768+0000] {processor.py:826} INFO - Processing file /usr/local/python/3.10.13/lib/python3.10/site-packages/airflow/example_dags/example_dynamic_task_mapping_with_no_taskflow_operators.py for tasks to queue
[2024-04-02T09:07:14.769+0000] {logging_mixin.py:150} INFO - [2024-04-02T09:07:14.769+0000] {dagbag.py:541} INFO - Filling up the DagBag from /usr/local/python/3.10.13/lib/python3.10/site-packages/airflow/example_dags/example_dynamic_task_mapping_with_no_taskflow_operators.py
[2024-04-02T09:07:14.775+0000] {processor.py:836} INFO - DAG(s) dict_keys(['example_dynamic_task_mapping_with_no_taskflow_operators']) retrieved from /usr/local/python/3.10.13/lib/python3.10/site-packages/airflow/example_dags/example_dynamic_task_mapping_with_no_taskflow_operators.py
[2024-04-02T09:07:14.786+0000] {logging_mixin.py:150} INFO - [2024-04-02T09:07:14.786+0000] {dag.py:2742} INFO - Sync 1 DAGs
[2024-04-02T09:07:14.801+0000] {logging_mixin.py:150} INFO - [2024-04-02T09:07:14.801+0000] {dag.py:3504} INFO - Setting next_dagrun for example_dynamic_task_mapping_with_no_taskflow_operators to 2024-04-01T09:07:14.800865+00:00, run_after=2024-04-02T09:07:14.800865+00:00
[2024-04-02T09:07:14.837+0000] {processor.py:179} INFO - Processing /usr/local/python/3.10.13/lib/python3.10/site-packages/airflow/example_dags/example_dynamic_task_mapping_with_no_taskflow_operators.py took 0.072 seconds
[2024-04-02T09:08:11.831+0000] {processor.py:157} INFO - Started process (PID=18068) to work on /usr/local/python/3.10.13/lib/python3.10/site-packages/airflow/example_dags/example_dynamic_task_mapping_with_no_taskflow_operators.py
[2024-04-02T09:08:11.832+0000] {processor.py:826} INFO - Processing file /usr/local/python/3.10.13/lib/python3.10/site-packages/airflow/example_dags/example_dynamic_task_mapping_with_no_taskflow_operators.py for tasks to queue
[2024-04-02T09:08:11.833+0000] {logging_mixin.py:150} INFO - [2024-04-02T09:08:11.833+0000] {dagbag.py:541} INFO - Filling up the DagBag from /usr/local/python/3.10.13/lib/python3.10/site-packages/airflow/example_dags/example_dynamic_task_mapping_with_no_taskflow_operators.py
[2024-04-02T09:08:11.842+0000] {processor.py:836} INFO - DAG(s) dict_keys(['example_dynamic_task_mapping_with_no_taskflow_operators']) retrieved from /usr/local/python/3.10.13/lib/python3.10/site-packages/airflow/example_dags/example_dynamic_task_mapping_with_no_taskflow_operators.py
[2024-04-02T09:08:11.859+0000] {logging_mixin.py:150} INFO - [2024-04-02T09:08:11.859+0000] {dag.py:2742} INFO - Sync 1 DAGs
[2024-04-02T09:08:11.905+0000] {logging_mixin.py:150} INFO - [2024-04-02T09:08:11.905+0000] {dag.py:3504} INFO - Setting next_dagrun for example_dynamic_task_mapping_with_no_taskflow_operators to 2024-04-01T09:08:11.905403+00:00, run_after=2024-04-02T09:08:11.905403+00:00
[2024-04-02T09:08:11.977+0000] {processor.py:179} INFO - Processing /usr/local/python/3.10.13/lib/python3.10/site-packages/airflow/example_dags/example_dynamic_task_mapping_with_no_taskflow_operators.py took 0.150 seconds
[2024-04-02T09:09:09.437+0000] {processor.py:157} INFO - Started process (PID=18438) to work on /usr/local/python/3.10.13/lib/python3.10/site-packages/airflow/example_dags/example_dynamic_task_mapping_with_no_taskflow_operators.py
[2024-04-02T09:09:09.438+0000] {processor.py:826} INFO - Processing file /usr/local/python/3.10.13/lib/python3.10/site-packages/airflow/example_dags/example_dynamic_task_mapping_with_no_taskflow_operators.py for tasks to queue
[2024-04-02T09:09:09.439+0000] {logging_mixin.py:150} INFO - [2024-04-02T09:09:09.438+0000] {dagbag.py:541} INFO - Filling up the DagBag from /usr/local/python/3.10.13/lib/python3.10/site-packages/airflow/example_dags/example_dynamic_task_mapping_with_no_taskflow_operators.py
[2024-04-02T09:09:09.444+0000] {processor.py:836} INFO - DAG(s) dict_keys(['example_dynamic_task_mapping_with_no_taskflow_operators']) retrieved from /usr/local/python/3.10.13/lib/python3.10/site-packages/airflow/example_dags/example_dynamic_task_mapping_with_no_taskflow_operators.py
[2024-04-02T09:09:09.457+0000] {logging_mixin.py:150} INFO - [2024-04-02T09:09:09.457+0000] {dag.py:2742} INFO - Sync 1 DAGs
[2024-04-02T09:09:09.474+0000] {logging_mixin.py:150} INFO - [2024-04-02T09:09:09.474+0000] {dag.py:3504} INFO - Setting next_dagrun for example_dynamic_task_mapping_with_no_taskflow_operators to 2024-04-01T09:09:09.474334+00:00, run_after=2024-04-02T09:09:09.474334+00:00
[2024-04-02T09:09:09.511+0000] {processor.py:179} INFO - Processing /usr/local/python/3.10.13/lib/python3.10/site-packages/airflow/example_dags/example_dynamic_task_mapping_with_no_taskflow_operators.py took 0.076 seconds
[2024-04-02T09:10:04.474+0000] {processor.py:157} INFO - Started process (PID=18855) to work on /usr/local/python/3.10.13/lib/python3.10/site-packages/airflow/example_dags/example_dynamic_task_mapping_with_no_taskflow_operators.py
[2024-04-02T09:10:04.474+0000] {processor.py:826} INFO - Processing file /usr/local/python/3.10.13/lib/python3.10/site-packages/airflow/example_dags/example_dynamic_task_mapping_with_no_taskflow_operators.py for tasks to queue
[2024-04-02T09:10:04.475+0000] {logging_mixin.py:150} INFO - [2024-04-02T09:10:04.475+0000] {dagbag.py:541} INFO - Filling up the DagBag from /usr/local/python/3.10.13/lib/python3.10/site-packages/airflow/example_dags/example_dynamic_task_mapping_with_no_taskflow_operators.py
[2024-04-02T09:10:04.481+0000] {processor.py:836} INFO - DAG(s) dict_keys(['example_dynamic_task_mapping_with_no_taskflow_operators']) retrieved from /usr/local/python/3.10.13/lib/python3.10/site-packages/airflow/example_dags/example_dynamic_task_mapping_with_no_taskflow_operators.py
[2024-04-02T09:10:04.494+0000] {logging_mixin.py:150} INFO - [2024-04-02T09:10:04.494+0000] {dag.py:2742} INFO - Sync 1 DAGs
[2024-04-02T09:10:04.515+0000] {logging_mixin.py:150} INFO - [2024-04-02T09:10:04.515+0000] {dag.py:3504} INFO - Setting next_dagrun for example_dynamic_task_mapping_with_no_taskflow_operators to 2024-04-01T09:10:04.515451+00:00, run_after=2024-04-02T09:10:04.515451+00:00
[2024-04-02T09:10:04.554+0000] {processor.py:179} INFO - Processing /usr/local/python/3.10.13/lib/python3.10/site-packages/airflow/example_dags/example_dynamic_task_mapping_with_no_taskflow_operators.py took 0.084 seconds
[2024-04-02T09:11:04.212+0000] {processor.py:157} INFO - Started process (PID=19257) to work on /usr/local/python/3.10.13/lib/python3.10/site-packages/airflow/example_dags/example_dynamic_task_mapping_with_no_taskflow_operators.py
[2024-04-02T09:11:04.213+0000] {processor.py:826} INFO - Processing file /usr/local/python/3.10.13/lib/python3.10/site-packages/airflow/example_dags/example_dynamic_task_mapping_with_no_taskflow_operators.py for tasks to queue
[2024-04-02T09:11:04.213+0000] {logging_mixin.py:150} INFO - [2024-04-02T09:11:04.213+0000] {dagbag.py:541} INFO - Filling up the DagBag from /usr/local/python/3.10.13/lib/python3.10/site-packages/airflow/example_dags/example_dynamic_task_mapping_with_no_taskflow_operators.py
[2024-04-02T09:11:04.219+0000] {processor.py:836} INFO - DAG(s) dict_keys(['example_dynamic_task_mapping_with_no_taskflow_operators']) retrieved from /usr/local/python/3.10.13/lib/python3.10/site-packages/airflow/example_dags/example_dynamic_task_mapping_with_no_taskflow_operators.py
[2024-04-02T09:11:04.230+0000] {logging_mixin.py:150} INFO - [2024-04-02T09:11:04.230+0000] {dag.py:2742} INFO - Sync 1 DAGs
[2024-04-02T09:11:04.245+0000] {logging_mixin.py:150} INFO - [2024-04-02T09:11:04.245+0000] {dag.py:3504} INFO - Setting next_dagrun for example_dynamic_task_mapping_with_no_taskflow_operators to 2024-04-01T09:11:04.245480+00:00, run_after=2024-04-02T09:11:04.245480+00:00
[2024-04-02T09:11:04.283+0000] {processor.py:179} INFO - Processing /usr/local/python/3.10.13/lib/python3.10/site-packages/airflow/example_dags/example_dynamic_task_mapping_with_no_taskflow_operators.py took 0.073 seconds
[2024-04-02T09:12:03.737+0000] {processor.py:157} INFO - Started process (PID=19648) to work on /usr/local/python/3.10.13/lib/python3.10/site-packages/airflow/example_dags/example_dynamic_task_mapping_with_no_taskflow_operators.py
[2024-04-02T09:12:03.740+0000] {processor.py:826} INFO - Processing file /usr/local/python/3.10.13/lib/python3.10/site-packages/airflow/example_dags/example_dynamic_task_mapping_with_no_taskflow_operators.py for tasks to queue
[2024-04-02T09:12:03.741+0000] {logging_mixin.py:150} INFO - [2024-04-02T09:12:03.741+0000] {dagbag.py:541} INFO - Filling up the DagBag from /usr/local/python/3.10.13/lib/python3.10/site-packages/airflow/example_dags/example_dynamic_task_mapping_with_no_taskflow_operators.py
[2024-04-02T09:12:03.749+0000] {processor.py:836} INFO - DAG(s) dict_keys(['example_dynamic_task_mapping_with_no_taskflow_operators']) retrieved from /usr/local/python/3.10.13/lib/python3.10/site-packages/airflow/example_dags/example_dynamic_task_mapping_with_no_taskflow_operators.py
[2024-04-02T09:12:03.766+0000] {logging_mixin.py:150} INFO - [2024-04-02T09:12:03.765+0000] {dag.py:2742} INFO - Sync 1 DAGs
[2024-04-02T09:12:03.790+0000] {logging_mixin.py:150} INFO - [2024-04-02T09:12:03.790+0000] {dag.py:3504} INFO - Setting next_dagrun for example_dynamic_task_mapping_with_no_taskflow_operators to 2024-04-01T09:12:03.789962+00:00, run_after=2024-04-02T09:12:03.789962+00:00
[2024-04-02T09:12:03.837+0000] {processor.py:179} INFO - Processing /usr/local/python/3.10.13/lib/python3.10/site-packages/airflow/example_dags/example_dynamic_task_mapping_with_no_taskflow_operators.py took 0.103 seconds
[2024-04-02T09:13:04.413+0000] {processor.py:157} INFO - Started process (PID=20061) to work on /usr/local/python/3.10.13/lib/python3.10/site-packages/airflow/example_dags/example_dynamic_task_mapping_with_no_taskflow_operators.py
[2024-04-02T09:13:04.414+0000] {processor.py:826} INFO - Processing file /usr/local/python/3.10.13/lib/python3.10/site-packages/airflow/example_dags/example_dynamic_task_mapping_with_no_taskflow_operators.py for tasks to queue
[2024-04-02T09:13:04.415+0000] {logging_mixin.py:150} INFO - [2024-04-02T09:13:04.414+0000] {dagbag.py:541} INFO - Filling up the DagBag from /usr/local/python/3.10.13/lib/python3.10/site-packages/airflow/example_dags/example_dynamic_task_mapping_with_no_taskflow_operators.py
[2024-04-02T09:13:04.420+0000] {processor.py:836} INFO - DAG(s) dict_keys(['example_dynamic_task_mapping_with_no_taskflow_operators']) retrieved from /usr/local/python/3.10.13/lib/python3.10/site-packages/airflow/example_dags/example_dynamic_task_mapping_with_no_taskflow_operators.py
[2024-04-02T09:13:04.431+0000] {logging_mixin.py:150} INFO - [2024-04-02T09:13:04.431+0000] {dag.py:2742} INFO - Sync 1 DAGs
[2024-04-02T09:13:04.446+0000] {logging_mixin.py:150} INFO - [2024-04-02T09:13:04.446+0000] {dag.py:3504} INFO - Setting next_dagrun for example_dynamic_task_mapping_with_no_taskflow_operators to 2024-04-01T09:13:04.446586+00:00, run_after=2024-04-02T09:13:04.446586+00:00
[2024-04-02T09:13:04.486+0000] {processor.py:179} INFO - Processing /usr/local/python/3.10.13/lib/python3.10/site-packages/airflow/example_dags/example_dynamic_task_mapping_with_no_taskflow_operators.py took 0.075 seconds
[2024-04-02T09:13:59.302+0000] {processor.py:157} INFO - Started process (PID=20448) to work on /usr/local/python/3.10.13/lib/python3.10/site-packages/airflow/example_dags/example_dynamic_task_mapping_with_no_taskflow_operators.py
[2024-04-02T09:13:59.303+0000] {processor.py:826} INFO - Processing file /usr/local/python/3.10.13/lib/python3.10/site-packages/airflow/example_dags/example_dynamic_task_mapping_with_no_taskflow_operators.py for tasks to queue
[2024-04-02T09:13:59.304+0000] {logging_mixin.py:150} INFO - [2024-04-02T09:13:59.304+0000] {dagbag.py:541} INFO - Filling up the DagBag from /usr/local/python/3.10.13/lib/python3.10/site-packages/airflow/example_dags/example_dynamic_task_mapping_with_no_taskflow_operators.py
[2024-04-02T09:13:59.313+0000] {processor.py:836} INFO - DAG(s) dict_keys(['example_dynamic_task_mapping_with_no_taskflow_operators']) retrieved from /usr/local/python/3.10.13/lib/python3.10/site-packages/airflow/example_dags/example_dynamic_task_mapping_with_no_taskflow_operators.py
[2024-04-02T09:13:59.329+0000] {logging_mixin.py:150} INFO - [2024-04-02T09:13:59.329+0000] {dag.py:2742} INFO - Sync 1 DAGs
[2024-04-02T09:13:59.354+0000] {logging_mixin.py:150} INFO - [2024-04-02T09:13:59.353+0000] {dag.py:3504} INFO - Setting next_dagrun for example_dynamic_task_mapping_with_no_taskflow_operators to 2024-04-01T09:13:59.353725+00:00, run_after=2024-04-02T09:13:59.353725+00:00
[2024-04-02T09:13:59.400+0000] {processor.py:179} INFO - Processing /usr/local/python/3.10.13/lib/python3.10/site-packages/airflow/example_dags/example_dynamic_task_mapping_with_no_taskflow_operators.py took 0.101 seconds
[2024-04-02T09:14:53.517+0000] {processor.py:157} INFO - Started process (PID=20840) to work on /usr/local/python/3.10.13/lib/python3.10/site-packages/airflow/example_dags/example_dynamic_task_mapping_with_no_taskflow_operators.py
[2024-04-02T09:14:53.519+0000] {processor.py:826} INFO - Processing file /usr/local/python/3.10.13/lib/python3.10/site-packages/airflow/example_dags/example_dynamic_task_mapping_with_no_taskflow_operators.py for tasks to queue
[2024-04-02T09:14:53.520+0000] {logging_mixin.py:150} INFO - [2024-04-02T09:14:53.519+0000] {dagbag.py:541} INFO - Filling up the DagBag from /usr/local/python/3.10.13/lib/python3.10/site-packages/airflow/example_dags/example_dynamic_task_mapping_with_no_taskflow_operators.py
[2024-04-02T09:14:53.528+0000] {processor.py:836} INFO - DAG(s) dict_keys(['example_dynamic_task_mapping_with_no_taskflow_operators']) retrieved from /usr/local/python/3.10.13/lib/python3.10/site-packages/airflow/example_dags/example_dynamic_task_mapping_with_no_taskflow_operators.py
[2024-04-02T09:14:53.546+0000] {logging_mixin.py:150} INFO - [2024-04-02T09:14:53.546+0000] {dag.py:2742} INFO - Sync 1 DAGs
[2024-04-02T09:14:53.570+0000] {logging_mixin.py:150} INFO - [2024-04-02T09:14:53.570+0000] {dag.py:3504} INFO - Setting next_dagrun for example_dynamic_task_mapping_with_no_taskflow_operators to 2024-04-01T09:14:53.570080+00:00, run_after=2024-04-02T09:14:53.570080+00:00
[2024-04-02T09:14:53.616+0000] {processor.py:179} INFO - Processing /usr/local/python/3.10.13/lib/python3.10/site-packages/airflow/example_dags/example_dynamic_task_mapping_with_no_taskflow_operators.py took 0.102 seconds
[2024-04-02T09:15:44.872+0000] {processor.py:157} INFO - Started process (PID=21197) to work on /usr/local/python/3.10.13/lib/python3.10/site-packages/airflow/example_dags/example_dynamic_task_mapping_with_no_taskflow_operators.py
[2024-04-02T09:15:44.873+0000] {processor.py:826} INFO - Processing file /usr/local/python/3.10.13/lib/python3.10/site-packages/airflow/example_dags/example_dynamic_task_mapping_with_no_taskflow_operators.py for tasks to queue
[2024-04-02T09:15:44.874+0000] {logging_mixin.py:150} INFO - [2024-04-02T09:15:44.873+0000] {dagbag.py:541} INFO - Filling up the DagBag from /usr/local/python/3.10.13/lib/python3.10/site-packages/airflow/example_dags/example_dynamic_task_mapping_with_no_taskflow_operators.py
[2024-04-02T09:15:44.881+0000] {processor.py:836} INFO - DAG(s) dict_keys(['example_dynamic_task_mapping_with_no_taskflow_operators']) retrieved from /usr/local/python/3.10.13/lib/python3.10/site-packages/airflow/example_dags/example_dynamic_task_mapping_with_no_taskflow_operators.py
[2024-04-02T09:15:44.902+0000] {logging_mixin.py:150} INFO - [2024-04-02T09:15:44.902+0000] {dag.py:2742} INFO - Sync 1 DAGs
[2024-04-02T09:15:44.930+0000] {logging_mixin.py:150} INFO - [2024-04-02T09:15:44.930+0000] {dag.py:3504} INFO - Setting next_dagrun for example_dynamic_task_mapping_with_no_taskflow_operators to 2024-04-01T09:15:44.930020+00:00, run_after=2024-04-02T09:15:44.930020+00:00
[2024-04-02T09:15:44.983+0000] {processor.py:179} INFO - Processing /usr/local/python/3.10.13/lib/python3.10/site-packages/airflow/example_dags/example_dynamic_task_mapping_with_no_taskflow_operators.py took 0.115 seconds
[2024-04-02T09:16:42.215+0000] {processor.py:157} INFO - Started process (PID=21592) to work on /usr/local/python/3.10.13/lib/python3.10/site-packages/airflow/example_dags/example_dynamic_task_mapping_with_no_taskflow_operators.py
[2024-04-02T09:16:42.216+0000] {processor.py:826} INFO - Processing file /usr/local/python/3.10.13/lib/python3.10/site-packages/airflow/example_dags/example_dynamic_task_mapping_with_no_taskflow_operators.py for tasks to queue
[2024-04-02T09:16:42.217+0000] {logging_mixin.py:150} INFO - [2024-04-02T09:16:42.216+0000] {dagbag.py:541} INFO - Filling up the DagBag from /usr/local/python/3.10.13/lib/python3.10/site-packages/airflow/example_dags/example_dynamic_task_mapping_with_no_taskflow_operators.py
[2024-04-02T09:16:42.222+0000] {processor.py:836} INFO - DAG(s) dict_keys(['example_dynamic_task_mapping_with_no_taskflow_operators']) retrieved from /usr/local/python/3.10.13/lib/python3.10/site-packages/airflow/example_dags/example_dynamic_task_mapping_with_no_taskflow_operators.py
[2024-04-02T09:16:42.234+0000] {logging_mixin.py:150} INFO - [2024-04-02T09:16:42.234+0000] {dag.py:2742} INFO - Sync 1 DAGs
[2024-04-02T09:16:42.250+0000] {logging_mixin.py:150} INFO - [2024-04-02T09:16:42.249+0000] {dag.py:3504} INFO - Setting next_dagrun for example_dynamic_task_mapping_with_no_taskflow_operators to 2024-04-01T09:16:42.249707+00:00, run_after=2024-04-02T09:16:42.249707+00:00
[2024-04-02T09:16:42.287+0000] {processor.py:179} INFO - Processing /usr/local/python/3.10.13/lib/python3.10/site-packages/airflow/example_dags/example_dynamic_task_mapping_with_no_taskflow_operators.py took 0.074 seconds
[2024-04-02T09:17:42.942+0000] {processor.py:157} INFO - Started process (PID=22004) to work on /usr/local/python/3.10.13/lib/python3.10/site-packages/airflow/example_dags/example_dynamic_task_mapping_with_no_taskflow_operators.py
[2024-04-02T09:17:42.942+0000] {processor.py:826} INFO - Processing file /usr/local/python/3.10.13/lib/python3.10/site-packages/airflow/example_dags/example_dynamic_task_mapping_with_no_taskflow_operators.py for tasks to queue
[2024-04-02T09:17:42.943+0000] {logging_mixin.py:150} INFO - [2024-04-02T09:17:42.943+0000] {dagbag.py:541} INFO - Filling up the DagBag from /usr/local/python/3.10.13/lib/python3.10/site-packages/airflow/example_dags/example_dynamic_task_mapping_with_no_taskflow_operators.py
[2024-04-02T09:17:42.949+0000] {processor.py:836} INFO - DAG(s) dict_keys(['example_dynamic_task_mapping_with_no_taskflow_operators']) retrieved from /usr/local/python/3.10.13/lib/python3.10/site-packages/airflow/example_dags/example_dynamic_task_mapping_with_no_taskflow_operators.py
[2024-04-02T09:17:42.959+0000] {logging_mixin.py:150} INFO - [2024-04-02T09:17:42.959+0000] {dag.py:2742} INFO - Sync 1 DAGs
[2024-04-02T09:17:42.975+0000] {logging_mixin.py:150} INFO - [2024-04-02T09:17:42.974+0000] {dag.py:3504} INFO - Setting next_dagrun for example_dynamic_task_mapping_with_no_taskflow_operators to 2024-04-01T09:17:42.974770+00:00, run_after=2024-04-02T09:17:42.974770+00:00
[2024-04-02T09:17:43.012+0000] {processor.py:179} INFO - Processing /usr/local/python/3.10.13/lib/python3.10/site-packages/airflow/example_dags/example_dynamic_task_mapping_with_no_taskflow_operators.py took 0.073 seconds
[2024-04-02T09:18:41.518+0000] {processor.py:157} INFO - Started process (PID=22390) to work on /usr/local/python/3.10.13/lib/python3.10/site-packages/airflow/example_dags/example_dynamic_task_mapping_with_no_taskflow_operators.py
[2024-04-02T09:18:41.518+0000] {processor.py:826} INFO - Processing file /usr/local/python/3.10.13/lib/python3.10/site-packages/airflow/example_dags/example_dynamic_task_mapping_with_no_taskflow_operators.py for tasks to queue
[2024-04-02T09:18:41.519+0000] {logging_mixin.py:150} INFO - [2024-04-02T09:18:41.519+0000] {dagbag.py:541} INFO - Filling up the DagBag from /usr/local/python/3.10.13/lib/python3.10/site-packages/airflow/example_dags/example_dynamic_task_mapping_with_no_taskflow_operators.py
[2024-04-02T09:18:41.525+0000] {processor.py:836} INFO - DAG(s) dict_keys(['example_dynamic_task_mapping_with_no_taskflow_operators']) retrieved from /usr/local/python/3.10.13/lib/python3.10/site-packages/airflow/example_dags/example_dynamic_task_mapping_with_no_taskflow_operators.py
[2024-04-02T09:18:41.536+0000] {logging_mixin.py:150} INFO - [2024-04-02T09:18:41.536+0000] {dag.py:2742} INFO - Sync 1 DAGs
[2024-04-02T09:18:41.551+0000] {logging_mixin.py:150} INFO - [2024-04-02T09:18:41.551+0000] {dag.py:3504} INFO - Setting next_dagrun for example_dynamic_task_mapping_with_no_taskflow_operators to 2024-04-01T09:18:41.551668+00:00, run_after=2024-04-02T09:18:41.551668+00:00
[2024-04-02T09:18:41.589+0000] {processor.py:179} INFO - Processing /usr/local/python/3.10.13/lib/python3.10/site-packages/airflow/example_dags/example_dynamic_task_mapping_with_no_taskflow_operators.py took 0.074 seconds
[2024-04-02T09:19:38.922+0000] {processor.py:157} INFO - Started process (PID=22822) to work on /usr/local/python/3.10.13/lib/python3.10/site-packages/airflow/example_dags/example_dynamic_task_mapping_with_no_taskflow_operators.py
[2024-04-02T09:19:38.923+0000] {processor.py:826} INFO - Processing file /usr/local/python/3.10.13/lib/python3.10/site-packages/airflow/example_dags/example_dynamic_task_mapping_with_no_taskflow_operators.py for tasks to queue
[2024-04-02T09:19:38.924+0000] {logging_mixin.py:150} INFO - [2024-04-02T09:19:38.924+0000] {dagbag.py:541} INFO - Filling up the DagBag from /usr/local/python/3.10.13/lib/python3.10/site-packages/airflow/example_dags/example_dynamic_task_mapping_with_no_taskflow_operators.py
[2024-04-02T09:19:38.932+0000] {processor.py:836} INFO - DAG(s) dict_keys(['example_dynamic_task_mapping_with_no_taskflow_operators']) retrieved from /usr/local/python/3.10.13/lib/python3.10/site-packages/airflow/example_dags/example_dynamic_task_mapping_with_no_taskflow_operators.py
[2024-04-02T09:19:38.948+0000] {logging_mixin.py:150} INFO - [2024-04-02T09:19:38.948+0000] {dag.py:2742} INFO - Sync 1 DAGs
[2024-04-02T09:19:38.970+0000] {logging_mixin.py:150} INFO - [2024-04-02T09:19:38.970+0000] {dag.py:3504} INFO - Setting next_dagrun for example_dynamic_task_mapping_with_no_taskflow_operators to 2024-04-01T09:19:38.970283+00:00, run_after=2024-04-02T09:19:38.970283+00:00
[2024-04-02T09:19:39.013+0000] {processor.py:179} INFO - Processing /usr/local/python/3.10.13/lib/python3.10/site-packages/airflow/example_dags/example_dynamic_task_mapping_with_no_taskflow_operators.py took 0.095 seconds
[2024-04-02T09:20:31.649+0000] {processor.py:157} INFO - Started process (PID=23173) to work on /usr/local/python/3.10.13/lib/python3.10/site-packages/airflow/example_dags/example_dynamic_task_mapping_with_no_taskflow_operators.py
[2024-04-02T09:20:31.649+0000] {processor.py:826} INFO - Processing file /usr/local/python/3.10.13/lib/python3.10/site-packages/airflow/example_dags/example_dynamic_task_mapping_with_no_taskflow_operators.py for tasks to queue
[2024-04-02T09:20:31.650+0000] {logging_mixin.py:150} INFO - [2024-04-02T09:20:31.650+0000] {dagbag.py:541} INFO - Filling up the DagBag from /usr/local/python/3.10.13/lib/python3.10/site-packages/airflow/example_dags/example_dynamic_task_mapping_with_no_taskflow_operators.py
[2024-04-02T09:20:31.656+0000] {processor.py:836} INFO - DAG(s) dict_keys(['example_dynamic_task_mapping_with_no_taskflow_operators']) retrieved from /usr/local/python/3.10.13/lib/python3.10/site-packages/airflow/example_dags/example_dynamic_task_mapping_with_no_taskflow_operators.py
[2024-04-02T09:20:31.666+0000] {logging_mixin.py:150} INFO - [2024-04-02T09:20:31.666+0000] {dag.py:2742} INFO - Sync 1 DAGs
[2024-04-02T09:20:31.682+0000] {logging_mixin.py:150} INFO - [2024-04-02T09:20:31.682+0000] {dag.py:3504} INFO - Setting next_dagrun for example_dynamic_task_mapping_with_no_taskflow_operators to 2024-04-01T09:20:31.681933+00:00, run_after=2024-04-02T09:20:31.681933+00:00
[2024-04-02T09:20:31.731+0000] {processor.py:179} INFO - Processing /usr/local/python/3.10.13/lib/python3.10/site-packages/airflow/example_dags/example_dynamic_task_mapping_with_no_taskflow_operators.py took 0.085 seconds
[2024-04-02T09:21:29.197+0000] {processor.py:157} INFO - Started process (PID=23579) to work on /usr/local/python/3.10.13/lib/python3.10/site-packages/airflow/example_dags/example_dynamic_task_mapping_with_no_taskflow_operators.py
[2024-04-02T09:21:29.197+0000] {processor.py:826} INFO - Processing file /usr/local/python/3.10.13/lib/python3.10/site-packages/airflow/example_dags/example_dynamic_task_mapping_with_no_taskflow_operators.py for tasks to queue
[2024-04-02T09:21:29.198+0000] {logging_mixin.py:150} INFO - [2024-04-02T09:21:29.198+0000] {dagbag.py:541} INFO - Filling up the DagBag from /usr/local/python/3.10.13/lib/python3.10/site-packages/airflow/example_dags/example_dynamic_task_mapping_with_no_taskflow_operators.py
[2024-04-02T09:21:29.204+0000] {processor.py:836} INFO - DAG(s) dict_keys(['example_dynamic_task_mapping_with_no_taskflow_operators']) retrieved from /usr/local/python/3.10.13/lib/python3.10/site-packages/airflow/example_dags/example_dynamic_task_mapping_with_no_taskflow_operators.py
[2024-04-02T09:21:29.215+0000] {logging_mixin.py:150} INFO - [2024-04-02T09:21:29.215+0000] {dag.py:2742} INFO - Sync 1 DAGs
[2024-04-02T09:21:29.230+0000] {logging_mixin.py:150} INFO - [2024-04-02T09:21:29.230+0000] {dag.py:3504} INFO - Setting next_dagrun for example_dynamic_task_mapping_with_no_taskflow_operators to 2024-04-01T09:21:29.230532+00:00, run_after=2024-04-02T09:21:29.230532+00:00
[2024-04-02T09:21:29.269+0000] {processor.py:179} INFO - Processing /usr/local/python/3.10.13/lib/python3.10/site-packages/airflow/example_dags/example_dynamic_task_mapping_with_no_taskflow_operators.py took 0.074 seconds
[2024-04-02T09:22:24.752+0000] {processor.py:157} INFO - Started process (PID=23945) to work on /usr/local/python/3.10.13/lib/python3.10/site-packages/airflow/example_dags/example_dynamic_task_mapping_with_no_taskflow_operators.py
[2024-04-02T09:22:24.753+0000] {processor.py:826} INFO - Processing file /usr/local/python/3.10.13/lib/python3.10/site-packages/airflow/example_dags/example_dynamic_task_mapping_with_no_taskflow_operators.py for tasks to queue
[2024-04-02T09:22:24.754+0000] {logging_mixin.py:150} INFO - [2024-04-02T09:22:24.754+0000] {dagbag.py:541} INFO - Filling up the DagBag from /usr/local/python/3.10.13/lib/python3.10/site-packages/airflow/example_dags/example_dynamic_task_mapping_with_no_taskflow_operators.py
[2024-04-02T09:22:24.760+0000] {processor.py:836} INFO - DAG(s) dict_keys(['example_dynamic_task_mapping_with_no_taskflow_operators']) retrieved from /usr/local/python/3.10.13/lib/python3.10/site-packages/airflow/example_dags/example_dynamic_task_mapping_with_no_taskflow_operators.py
[2024-04-02T09:22:24.771+0000] {logging_mixin.py:150} INFO - [2024-04-02T09:22:24.771+0000] {dag.py:2742} INFO - Sync 1 DAGs
[2024-04-02T09:22:24.787+0000] {logging_mixin.py:150} INFO - [2024-04-02T09:22:24.787+0000] {dag.py:3504} INFO - Setting next_dagrun for example_dynamic_task_mapping_with_no_taskflow_operators to 2024-04-01T09:22:24.787412+00:00, run_after=2024-04-02T09:22:24.787412+00:00
[2024-04-02T09:22:24.825+0000] {processor.py:179} INFO - Processing /usr/local/python/3.10.13/lib/python3.10/site-packages/airflow/example_dags/example_dynamic_task_mapping_with_no_taskflow_operators.py took 0.076 seconds
[2024-04-02T09:23:23.285+0000] {processor.py:157} INFO - Started process (PID=24350) to work on /usr/local/python/3.10.13/lib/python3.10/site-packages/airflow/example_dags/example_dynamic_task_mapping_with_no_taskflow_operators.py
[2024-04-02T09:23:23.285+0000] {processor.py:826} INFO - Processing file /usr/local/python/3.10.13/lib/python3.10/site-packages/airflow/example_dags/example_dynamic_task_mapping_with_no_taskflow_operators.py for tasks to queue
[2024-04-02T09:23:23.287+0000] {logging_mixin.py:150} INFO - [2024-04-02T09:23:23.286+0000] {dagbag.py:541} INFO - Filling up the DagBag from /usr/local/python/3.10.13/lib/python3.10/site-packages/airflow/example_dags/example_dynamic_task_mapping_with_no_taskflow_operators.py
[2024-04-02T09:23:23.295+0000] {processor.py:836} INFO - DAG(s) dict_keys(['example_dynamic_task_mapping_with_no_taskflow_operators']) retrieved from /usr/local/python/3.10.13/lib/python3.10/site-packages/airflow/example_dags/example_dynamic_task_mapping_with_no_taskflow_operators.py
[2024-04-02T09:23:23.311+0000] {logging_mixin.py:150} INFO - [2024-04-02T09:23:23.310+0000] {dag.py:2742} INFO - Sync 1 DAGs
[2024-04-02T09:23:23.333+0000] {logging_mixin.py:150} INFO - [2024-04-02T09:23:23.333+0000] {dag.py:3504} INFO - Setting next_dagrun for example_dynamic_task_mapping_with_no_taskflow_operators to 2024-04-01T09:23:23.333391+00:00, run_after=2024-04-02T09:23:23.333391+00:00
[2024-04-02T09:23:23.380+0000] {processor.py:179} INFO - Processing /usr/local/python/3.10.13/lib/python3.10/site-packages/airflow/example_dags/example_dynamic_task_mapping_with_no_taskflow_operators.py took 0.099 seconds
[2024-04-02T09:24:26.403+0000] {processor.py:157} INFO - Started process (PID=24776) to work on /usr/local/python/3.10.13/lib/python3.10/site-packages/airflow/example_dags/example_dynamic_task_mapping_with_no_taskflow_operators.py
[2024-04-02T09:24:26.404+0000] {processor.py:826} INFO - Processing file /usr/local/python/3.10.13/lib/python3.10/site-packages/airflow/example_dags/example_dynamic_task_mapping_with_no_taskflow_operators.py for tasks to queue
[2024-04-02T09:24:26.405+0000] {logging_mixin.py:150} INFO - [2024-04-02T09:24:26.405+0000] {dagbag.py:541} INFO - Filling up the DagBag from /usr/local/python/3.10.13/lib/python3.10/site-packages/airflow/example_dags/example_dynamic_task_mapping_with_no_taskflow_operators.py
[2024-04-02T09:24:26.413+0000] {processor.py:836} INFO - DAG(s) dict_keys(['example_dynamic_task_mapping_with_no_taskflow_operators']) retrieved from /usr/local/python/3.10.13/lib/python3.10/site-packages/airflow/example_dags/example_dynamic_task_mapping_with_no_taskflow_operators.py
[2024-04-02T09:24:26.428+0000] {logging_mixin.py:150} INFO - [2024-04-02T09:24:26.428+0000] {dag.py:2742} INFO - Sync 1 DAGs
[2024-04-02T09:24:26.452+0000] {logging_mixin.py:150} INFO - [2024-04-02T09:24:26.452+0000] {dag.py:3504} INFO - Setting next_dagrun for example_dynamic_task_mapping_with_no_taskflow_operators to 2024-04-01T09:24:26.451888+00:00, run_after=2024-04-02T09:24:26.451888+00:00
[2024-04-02T09:24:26.495+0000] {processor.py:179} INFO - Processing /usr/local/python/3.10.13/lib/python3.10/site-packages/airflow/example_dags/example_dynamic_task_mapping_with_no_taskflow_operators.py took 0.095 seconds
[2024-04-02T09:25:26.480+0000] {processor.py:157} INFO - Started process (PID=25207) to work on /usr/local/python/3.10.13/lib/python3.10/site-packages/airflow/example_dags/example_dynamic_task_mapping_with_no_taskflow_operators.py
[2024-04-02T09:25:26.481+0000] {processor.py:826} INFO - Processing file /usr/local/python/3.10.13/lib/python3.10/site-packages/airflow/example_dags/example_dynamic_task_mapping_with_no_taskflow_operators.py for tasks to queue
[2024-04-02T09:25:26.482+0000] {logging_mixin.py:150} INFO - [2024-04-02T09:25:26.482+0000] {dagbag.py:541} INFO - Filling up the DagBag from /usr/local/python/3.10.13/lib/python3.10/site-packages/airflow/example_dags/example_dynamic_task_mapping_with_no_taskflow_operators.py
[2024-04-02T09:25:26.490+0000] {processor.py:836} INFO - DAG(s) dict_keys(['example_dynamic_task_mapping_with_no_taskflow_operators']) retrieved from /usr/local/python/3.10.13/lib/python3.10/site-packages/airflow/example_dags/example_dynamic_task_mapping_with_no_taskflow_operators.py
[2024-04-02T09:25:26.506+0000] {logging_mixin.py:150} INFO - [2024-04-02T09:25:26.506+0000] {dag.py:2742} INFO - Sync 1 DAGs
[2024-04-02T09:25:26.530+0000] {logging_mixin.py:150} INFO - [2024-04-02T09:25:26.529+0000] {dag.py:3504} INFO - Setting next_dagrun for example_dynamic_task_mapping_with_no_taskflow_operators to 2024-04-01T09:25:26.529660+00:00, run_after=2024-04-02T09:25:26.529660+00:00
[2024-04-02T09:25:26.575+0000] {processor.py:179} INFO - Processing /usr/local/python/3.10.13/lib/python3.10/site-packages/airflow/example_dags/example_dynamic_task_mapping_with_no_taskflow_operators.py took 0.098 seconds
[2024-04-02T09:26:32.414+0000] {processor.py:157} INFO - Started process (PID=25646) to work on /usr/local/python/3.10.13/lib/python3.10/site-packages/airflow/example_dags/example_dynamic_task_mapping_with_no_taskflow_operators.py
[2024-04-02T09:26:32.415+0000] {processor.py:826} INFO - Processing file /usr/local/python/3.10.13/lib/python3.10/site-packages/airflow/example_dags/example_dynamic_task_mapping_with_no_taskflow_operators.py for tasks to queue
[2024-04-02T09:26:32.416+0000] {logging_mixin.py:150} INFO - [2024-04-02T09:26:32.415+0000] {dagbag.py:541} INFO - Filling up the DagBag from /usr/local/python/3.10.13/lib/python3.10/site-packages/airflow/example_dags/example_dynamic_task_mapping_with_no_taskflow_operators.py
[2024-04-02T09:26:32.421+0000] {processor.py:836} INFO - DAG(s) dict_keys(['example_dynamic_task_mapping_with_no_taskflow_operators']) retrieved from /usr/local/python/3.10.13/lib/python3.10/site-packages/airflow/example_dags/example_dynamic_task_mapping_with_no_taskflow_operators.py
[2024-04-02T09:26:32.432+0000] {logging_mixin.py:150} INFO - [2024-04-02T09:26:32.432+0000] {dag.py:2742} INFO - Sync 1 DAGs
[2024-04-02T09:26:32.447+0000] {logging_mixin.py:150} INFO - [2024-04-02T09:26:32.447+0000] {dag.py:3504} INFO - Setting next_dagrun for example_dynamic_task_mapping_with_no_taskflow_operators to 2024-04-01T09:26:32.447343+00:00, run_after=2024-04-02T09:26:32.447343+00:00
[2024-04-02T09:26:32.485+0000] {processor.py:179} INFO - Processing /usr/local/python/3.10.13/lib/python3.10/site-packages/airflow/example_dags/example_dynamic_task_mapping_with_no_taskflow_operators.py took 0.073 seconds
[2024-04-02T09:27:32.024+0000] {processor.py:157} INFO - Started process (PID=26060) to work on /usr/local/python/3.10.13/lib/python3.10/site-packages/airflow/example_dags/example_dynamic_task_mapping_with_no_taskflow_operators.py
[2024-04-02T09:27:32.025+0000] {processor.py:826} INFO - Processing file /usr/local/python/3.10.13/lib/python3.10/site-packages/airflow/example_dags/example_dynamic_task_mapping_with_no_taskflow_operators.py for tasks to queue
[2024-04-02T09:27:32.026+0000] {logging_mixin.py:150} INFO - [2024-04-02T09:27:32.026+0000] {dagbag.py:541} INFO - Filling up the DagBag from /usr/local/python/3.10.13/lib/python3.10/site-packages/airflow/example_dags/example_dynamic_task_mapping_with_no_taskflow_operators.py
[2024-04-02T09:27:32.031+0000] {processor.py:836} INFO - DAG(s) dict_keys(['example_dynamic_task_mapping_with_no_taskflow_operators']) retrieved from /usr/local/python/3.10.13/lib/python3.10/site-packages/airflow/example_dags/example_dynamic_task_mapping_with_no_taskflow_operators.py
[2024-04-02T09:27:32.042+0000] {logging_mixin.py:150} INFO - [2024-04-02T09:27:32.042+0000] {dag.py:2742} INFO - Sync 1 DAGs
[2024-04-02T09:27:32.144+0000] {logging_mixin.py:150} INFO - [2024-04-02T09:27:32.144+0000] {dag.py:3504} INFO - Setting next_dagrun for example_dynamic_task_mapping_with_no_taskflow_operators to 2024-04-01T09:27:32.144565+00:00, run_after=2024-04-02T09:27:32.144565+00:00
[2024-04-02T09:27:32.200+0000] {processor.py:179} INFO - Processing /usr/local/python/3.10.13/lib/python3.10/site-packages/airflow/example_dags/example_dynamic_task_mapping_with_no_taskflow_operators.py took 0.177 seconds
[2024-04-02T09:28:33.938+0000] {processor.py:157} INFO - Started process (PID=26474) to work on /usr/local/python/3.10.13/lib/python3.10/site-packages/airflow/example_dags/example_dynamic_task_mapping_with_no_taskflow_operators.py
[2024-04-02T09:28:33.938+0000] {processor.py:826} INFO - Processing file /usr/local/python/3.10.13/lib/python3.10/site-packages/airflow/example_dags/example_dynamic_task_mapping_with_no_taskflow_operators.py for tasks to queue
[2024-04-02T09:28:33.939+0000] {logging_mixin.py:150} INFO - [2024-04-02T09:28:33.939+0000] {dagbag.py:541} INFO - Filling up the DagBag from /usr/local/python/3.10.13/lib/python3.10/site-packages/airflow/example_dags/example_dynamic_task_mapping_with_no_taskflow_operators.py
[2024-04-02T09:28:33.945+0000] {processor.py:836} INFO - DAG(s) dict_keys(['example_dynamic_task_mapping_with_no_taskflow_operators']) retrieved from /usr/local/python/3.10.13/lib/python3.10/site-packages/airflow/example_dags/example_dynamic_task_mapping_with_no_taskflow_operators.py
[2024-04-02T09:28:33.956+0000] {logging_mixin.py:150} INFO - [2024-04-02T09:28:33.956+0000] {dag.py:2742} INFO - Sync 1 DAGs
[2024-04-02T09:28:34.050+0000] {logging_mixin.py:150} INFO - [2024-04-02T09:28:34.050+0000] {dag.py:3504} INFO - Setting next_dagrun for example_dynamic_task_mapping_with_no_taskflow_operators to 2024-04-01T09:28:34.050417+00:00, run_after=2024-04-02T09:28:34.050417+00:00
[2024-04-02T09:28:34.097+0000] {processor.py:179} INFO - Processing /usr/local/python/3.10.13/lib/python3.10/site-packages/airflow/example_dags/example_dynamic_task_mapping_with_no_taskflow_operators.py took 0.161 seconds
[2024-04-02T09:29:34.766+0000] {processor.py:157} INFO - Started process (PID=26914) to work on /usr/local/python/3.10.13/lib/python3.10/site-packages/airflow/example_dags/example_dynamic_task_mapping_with_no_taskflow_operators.py
[2024-04-02T09:29:34.766+0000] {processor.py:826} INFO - Processing file /usr/local/python/3.10.13/lib/python3.10/site-packages/airflow/example_dags/example_dynamic_task_mapping_with_no_taskflow_operators.py for tasks to queue
[2024-04-02T09:29:34.767+0000] {logging_mixin.py:150} INFO - [2024-04-02T09:29:34.767+0000] {dagbag.py:541} INFO - Filling up the DagBag from /usr/local/python/3.10.13/lib/python3.10/site-packages/airflow/example_dags/example_dynamic_task_mapping_with_no_taskflow_operators.py
[2024-04-02T09:29:34.772+0000] {processor.py:836} INFO - DAG(s) dict_keys(['example_dynamic_task_mapping_with_no_taskflow_operators']) retrieved from /usr/local/python/3.10.13/lib/python3.10/site-packages/airflow/example_dags/example_dynamic_task_mapping_with_no_taskflow_operators.py
[2024-04-02T09:29:34.783+0000] {logging_mixin.py:150} INFO - [2024-04-02T09:29:34.783+0000] {dag.py:2742} INFO - Sync 1 DAGs
[2024-04-02T09:29:34.798+0000] {logging_mixin.py:150} INFO - [2024-04-02T09:29:34.798+0000] {dag.py:3504} INFO - Setting next_dagrun for example_dynamic_task_mapping_with_no_taskflow_operators to 2024-04-01T09:29:34.797993+00:00, run_after=2024-04-02T09:29:34.797993+00:00
[2024-04-02T09:29:34.836+0000] {processor.py:179} INFO - Processing /usr/local/python/3.10.13/lib/python3.10/site-packages/airflow/example_dags/example_dynamic_task_mapping_with_no_taskflow_operators.py took 0.072 seconds
[2024-04-02T09:30:25.954+0000] {processor.py:157} INFO - Started process (PID=27289) to work on /usr/local/python/3.10.13/lib/python3.10/site-packages/airflow/example_dags/example_dynamic_task_mapping_with_no_taskflow_operators.py
[2024-04-02T09:30:25.955+0000] {processor.py:826} INFO - Processing file /usr/local/python/3.10.13/lib/python3.10/site-packages/airflow/example_dags/example_dynamic_task_mapping_with_no_taskflow_operators.py for tasks to queue
[2024-04-02T09:30:25.956+0000] {logging_mixin.py:150} INFO - [2024-04-02T09:30:25.955+0000] {dagbag.py:541} INFO - Filling up the DagBag from /usr/local/python/3.10.13/lib/python3.10/site-packages/airflow/example_dags/example_dynamic_task_mapping_with_no_taskflow_operators.py
[2024-04-02T09:30:25.961+0000] {processor.py:836} INFO - DAG(s) dict_keys(['example_dynamic_task_mapping_with_no_taskflow_operators']) retrieved from /usr/local/python/3.10.13/lib/python3.10/site-packages/airflow/example_dags/example_dynamic_task_mapping_with_no_taskflow_operators.py
[2024-04-02T09:30:25.972+0000] {logging_mixin.py:150} INFO - [2024-04-02T09:30:25.972+0000] {dag.py:2742} INFO - Sync 1 DAGs
[2024-04-02T09:30:25.987+0000] {logging_mixin.py:150} INFO - [2024-04-02T09:30:25.987+0000] {dag.py:3504} INFO - Setting next_dagrun for example_dynamic_task_mapping_with_no_taskflow_operators to 2024-04-01T09:30:25.987600+00:00, run_after=2024-04-02T09:30:25.987600+00:00
[2024-04-02T09:30:26.039+0000] {processor.py:179} INFO - Processing /usr/local/python/3.10.13/lib/python3.10/site-packages/airflow/example_dags/example_dynamic_task_mapping_with_no_taskflow_operators.py took 0.087 seconds
[2024-04-02T09:31:27.056+0000] {processor.py:157} INFO - Started process (PID=27701) to work on /usr/local/python/3.10.13/lib/python3.10/site-packages/airflow/example_dags/example_dynamic_task_mapping_with_no_taskflow_operators.py
[2024-04-02T09:31:27.057+0000] {processor.py:826} INFO - Processing file /usr/local/python/3.10.13/lib/python3.10/site-packages/airflow/example_dags/example_dynamic_task_mapping_with_no_taskflow_operators.py for tasks to queue
[2024-04-02T09:31:27.058+0000] {logging_mixin.py:150} INFO - [2024-04-02T09:31:27.058+0000] {dagbag.py:541} INFO - Filling up the DagBag from /usr/local/python/3.10.13/lib/python3.10/site-packages/airflow/example_dags/example_dynamic_task_mapping_with_no_taskflow_operators.py
[2024-04-02T09:31:27.063+0000] {processor.py:836} INFO - DAG(s) dict_keys(['example_dynamic_task_mapping_with_no_taskflow_operators']) retrieved from /usr/local/python/3.10.13/lib/python3.10/site-packages/airflow/example_dags/example_dynamic_task_mapping_with_no_taskflow_operators.py
[2024-04-02T09:31:27.075+0000] {logging_mixin.py:150} INFO - [2024-04-02T09:31:27.075+0000] {dag.py:2742} INFO - Sync 1 DAGs
[2024-04-02T09:31:27.091+0000] {logging_mixin.py:150} INFO - [2024-04-02T09:31:27.091+0000] {dag.py:3504} INFO - Setting next_dagrun for example_dynamic_task_mapping_with_no_taskflow_operators to 2024-04-01T09:31:27.090946+00:00, run_after=2024-04-02T09:31:27.090946+00:00
[2024-04-02T09:31:27.252+0000] {processor.py:179} INFO - Processing /usr/local/python/3.10.13/lib/python3.10/site-packages/airflow/example_dags/example_dynamic_task_mapping_with_no_taskflow_operators.py took 0.198 seconds
[2024-04-02T09:32:24.584+0000] {processor.py:157} INFO - Started process (PID=28105) to work on /usr/local/python/3.10.13/lib/python3.10/site-packages/airflow/example_dags/example_dynamic_task_mapping_with_no_taskflow_operators.py
[2024-04-02T09:32:24.584+0000] {processor.py:826} INFO - Processing file /usr/local/python/3.10.13/lib/python3.10/site-packages/airflow/example_dags/example_dynamic_task_mapping_with_no_taskflow_operators.py for tasks to queue
[2024-04-02T09:32:24.585+0000] {logging_mixin.py:150} INFO - [2024-04-02T09:32:24.585+0000] {dagbag.py:541} INFO - Filling up the DagBag from /usr/local/python/3.10.13/lib/python3.10/site-packages/airflow/example_dags/example_dynamic_task_mapping_with_no_taskflow_operators.py
[2024-04-02T09:32:24.591+0000] {processor.py:836} INFO - DAG(s) dict_keys(['example_dynamic_task_mapping_with_no_taskflow_operators']) retrieved from /usr/local/python/3.10.13/lib/python3.10/site-packages/airflow/example_dags/example_dynamic_task_mapping_with_no_taskflow_operators.py
[2024-04-02T09:32:24.601+0000] {logging_mixin.py:150} INFO - [2024-04-02T09:32:24.601+0000] {dag.py:2742} INFO - Sync 1 DAGs
[2024-04-02T09:32:24.617+0000] {logging_mixin.py:150} INFO - [2024-04-02T09:32:24.617+0000] {dag.py:3504} INFO - Setting next_dagrun for example_dynamic_task_mapping_with_no_taskflow_operators to 2024-04-01T09:32:24.616804+00:00, run_after=2024-04-02T09:32:24.616804+00:00
[2024-04-02T09:32:24.657+0000] {processor.py:179} INFO - Processing /usr/local/python/3.10.13/lib/python3.10/site-packages/airflow/example_dags/example_dynamic_task_mapping_with_no_taskflow_operators.py took 0.075 seconds
[2024-04-02T09:33:25.296+0000] {processor.py:157} INFO - Started process (PID=28519) to work on /usr/local/python/3.10.13/lib/python3.10/site-packages/airflow/example_dags/example_dynamic_task_mapping_with_no_taskflow_operators.py
[2024-04-02T09:33:25.297+0000] {processor.py:826} INFO - Processing file /usr/local/python/3.10.13/lib/python3.10/site-packages/airflow/example_dags/example_dynamic_task_mapping_with_no_taskflow_operators.py for tasks to queue
[2024-04-02T09:33:25.298+0000] {logging_mixin.py:150} INFO - [2024-04-02T09:33:25.298+0000] {dagbag.py:541} INFO - Filling up the DagBag from /usr/local/python/3.10.13/lib/python3.10/site-packages/airflow/example_dags/example_dynamic_task_mapping_with_no_taskflow_operators.py
[2024-04-02T09:33:25.303+0000] {processor.py:836} INFO - DAG(s) dict_keys(['example_dynamic_task_mapping_with_no_taskflow_operators']) retrieved from /usr/local/python/3.10.13/lib/python3.10/site-packages/airflow/example_dags/example_dynamic_task_mapping_with_no_taskflow_operators.py
[2024-04-02T09:33:25.316+0000] {logging_mixin.py:150} INFO - [2024-04-02T09:33:25.315+0000] {dag.py:2742} INFO - Sync 1 DAGs
[2024-04-02T09:33:25.331+0000] {logging_mixin.py:150} INFO - [2024-04-02T09:33:25.331+0000] {dag.py:3504} INFO - Setting next_dagrun for example_dynamic_task_mapping_with_no_taskflow_operators to 2024-04-01T09:33:25.331196+00:00, run_after=2024-04-02T09:33:25.331196+00:00
[2024-04-02T09:33:25.369+0000] {processor.py:179} INFO - Processing /usr/local/python/3.10.13/lib/python3.10/site-packages/airflow/example_dags/example_dynamic_task_mapping_with_no_taskflow_operators.py took 0.074 seconds
[2024-04-02T09:34:21.444+0000] {processor.py:157} INFO - Started process (PID=28889) to work on /usr/local/python/3.10.13/lib/python3.10/site-packages/airflow/example_dags/example_dynamic_task_mapping_with_no_taskflow_operators.py
[2024-04-02T09:34:21.445+0000] {processor.py:826} INFO - Processing file /usr/local/python/3.10.13/lib/python3.10/site-packages/airflow/example_dags/example_dynamic_task_mapping_with_no_taskflow_operators.py for tasks to queue
[2024-04-02T09:34:21.445+0000] {logging_mixin.py:150} INFO - [2024-04-02T09:34:21.445+0000] {dagbag.py:541} INFO - Filling up the DagBag from /usr/local/python/3.10.13/lib/python3.10/site-packages/airflow/example_dags/example_dynamic_task_mapping_with_no_taskflow_operators.py
[2024-04-02T09:34:21.451+0000] {processor.py:836} INFO - DAG(s) dict_keys(['example_dynamic_task_mapping_with_no_taskflow_operators']) retrieved from /usr/local/python/3.10.13/lib/python3.10/site-packages/airflow/example_dags/example_dynamic_task_mapping_with_no_taskflow_operators.py
[2024-04-02T09:34:21.461+0000] {logging_mixin.py:150} INFO - [2024-04-02T09:34:21.461+0000] {dag.py:2742} INFO - Sync 1 DAGs
[2024-04-02T09:34:21.477+0000] {logging_mixin.py:150} INFO - [2024-04-02T09:34:21.477+0000] {dag.py:3504} INFO - Setting next_dagrun for example_dynamic_task_mapping_with_no_taskflow_operators to 2024-04-01T09:34:21.476883+00:00, run_after=2024-04-02T09:34:21.476883+00:00
[2024-04-02T09:34:21.517+0000] {processor.py:179} INFO - Processing /usr/local/python/3.10.13/lib/python3.10/site-packages/airflow/example_dags/example_dynamic_task_mapping_with_no_taskflow_operators.py took 0.075 seconds
[2024-04-02T09:35:19.563+0000] {processor.py:157} INFO - Started process (PID=29323) to work on /usr/local/python/3.10.13/lib/python3.10/site-packages/airflow/example_dags/example_dynamic_task_mapping_with_no_taskflow_operators.py
[2024-04-02T09:35:19.564+0000] {processor.py:826} INFO - Processing file /usr/local/python/3.10.13/lib/python3.10/site-packages/airflow/example_dags/example_dynamic_task_mapping_with_no_taskflow_operators.py for tasks to queue
[2024-04-02T09:35:19.565+0000] {logging_mixin.py:150} INFO - [2024-04-02T09:35:19.564+0000] {dagbag.py:541} INFO - Filling up the DagBag from /usr/local/python/3.10.13/lib/python3.10/site-packages/airflow/example_dags/example_dynamic_task_mapping_with_no_taskflow_operators.py
[2024-04-02T09:35:19.570+0000] {processor.py:836} INFO - DAG(s) dict_keys(['example_dynamic_task_mapping_with_no_taskflow_operators']) retrieved from /usr/local/python/3.10.13/lib/python3.10/site-packages/airflow/example_dags/example_dynamic_task_mapping_with_no_taskflow_operators.py
[2024-04-02T09:35:19.582+0000] {logging_mixin.py:150} INFO - [2024-04-02T09:35:19.582+0000] {dag.py:2742} INFO - Sync 1 DAGs
[2024-04-02T09:35:19.598+0000] {logging_mixin.py:150} INFO - [2024-04-02T09:35:19.597+0000] {dag.py:3504} INFO - Setting next_dagrun for example_dynamic_task_mapping_with_no_taskflow_operators to 2024-04-01T09:35:19.597808+00:00, run_after=2024-04-02T09:35:19.597808+00:00
[2024-04-02T09:35:19.635+0000] {processor.py:179} INFO - Processing /usr/local/python/3.10.13/lib/python3.10/site-packages/airflow/example_dags/example_dynamic_task_mapping_with_no_taskflow_operators.py took 0.074 seconds
[2024-04-02T09:36:11.065+0000] {processor.py:157} INFO - Started process (PID=29669) to work on /usr/local/python/3.10.13/lib/python3.10/site-packages/airflow/example_dags/example_dynamic_task_mapping_with_no_taskflow_operators.py
[2024-04-02T09:36:11.065+0000] {processor.py:826} INFO - Processing file /usr/local/python/3.10.13/lib/python3.10/site-packages/airflow/example_dags/example_dynamic_task_mapping_with_no_taskflow_operators.py for tasks to queue
[2024-04-02T09:36:11.066+0000] {logging_mixin.py:150} INFO - [2024-04-02T09:36:11.066+0000] {dagbag.py:541} INFO - Filling up the DagBag from /usr/local/python/3.10.13/lib/python3.10/site-packages/airflow/example_dags/example_dynamic_task_mapping_with_no_taskflow_operators.py
[2024-04-02T09:36:11.072+0000] {processor.py:836} INFO - DAG(s) dict_keys(['example_dynamic_task_mapping_with_no_taskflow_operators']) retrieved from /usr/local/python/3.10.13/lib/python3.10/site-packages/airflow/example_dags/example_dynamic_task_mapping_with_no_taskflow_operators.py
[2024-04-02T09:36:11.082+0000] {logging_mixin.py:150} INFO - [2024-04-02T09:36:11.082+0000] {dag.py:2742} INFO - Sync 1 DAGs
[2024-04-02T09:36:11.101+0000] {logging_mixin.py:150} INFO - [2024-04-02T09:36:11.100+0000] {dag.py:3504} INFO - Setting next_dagrun for example_dynamic_task_mapping_with_no_taskflow_operators to 2024-04-01T09:36:11.100598+00:00, run_after=2024-04-02T09:36:11.100598+00:00
[2024-04-02T09:36:11.148+0000] {processor.py:179} INFO - Processing /usr/local/python/3.10.13/lib/python3.10/site-packages/airflow/example_dags/example_dynamic_task_mapping_with_no_taskflow_operators.py took 0.085 seconds
[2024-04-02T09:37:09.333+0000] {processor.py:157} INFO - Started process (PID=30074) to work on /usr/local/python/3.10.13/lib/python3.10/site-packages/airflow/example_dags/example_dynamic_task_mapping_with_no_taskflow_operators.py
[2024-04-02T09:37:09.334+0000] {processor.py:826} INFO - Processing file /usr/local/python/3.10.13/lib/python3.10/site-packages/airflow/example_dags/example_dynamic_task_mapping_with_no_taskflow_operators.py for tasks to queue
[2024-04-02T09:37:09.334+0000] {logging_mixin.py:150} INFO - [2024-04-02T09:37:09.334+0000] {dagbag.py:541} INFO - Filling up the DagBag from /usr/local/python/3.10.13/lib/python3.10/site-packages/airflow/example_dags/example_dynamic_task_mapping_with_no_taskflow_operators.py
[2024-04-02T09:37:09.340+0000] {processor.py:836} INFO - DAG(s) dict_keys(['example_dynamic_task_mapping_with_no_taskflow_operators']) retrieved from /usr/local/python/3.10.13/lib/python3.10/site-packages/airflow/example_dags/example_dynamic_task_mapping_with_no_taskflow_operators.py
[2024-04-02T09:37:09.351+0000] {logging_mixin.py:150} INFO - [2024-04-02T09:37:09.351+0000] {dag.py:2742} INFO - Sync 1 DAGs
[2024-04-02T09:37:09.366+0000] {logging_mixin.py:150} INFO - [2024-04-02T09:37:09.366+0000] {dag.py:3504} INFO - Setting next_dagrun for example_dynamic_task_mapping_with_no_taskflow_operators to 2024-04-01T09:37:09.366281+00:00, run_after=2024-04-02T09:37:09.366281+00:00
[2024-04-02T09:37:09.406+0000] {processor.py:179} INFO - Processing /usr/local/python/3.10.13/lib/python3.10/site-packages/airflow/example_dags/example_dynamic_task_mapping_with_no_taskflow_operators.py took 0.076 seconds
[2024-04-02T09:38:03.042+0000] {processor.py:157} INFO - Started process (PID=30440) to work on /usr/local/python/3.10.13/lib/python3.10/site-packages/airflow/example_dags/example_dynamic_task_mapping_with_no_taskflow_operators.py
[2024-04-02T09:38:03.043+0000] {processor.py:826} INFO - Processing file /usr/local/python/3.10.13/lib/python3.10/site-packages/airflow/example_dags/example_dynamic_task_mapping_with_no_taskflow_operators.py for tasks to queue
[2024-04-02T09:38:03.044+0000] {logging_mixin.py:150} INFO - [2024-04-02T09:38:03.044+0000] {dagbag.py:541} INFO - Filling up the DagBag from /usr/local/python/3.10.13/lib/python3.10/site-packages/airflow/example_dags/example_dynamic_task_mapping_with_no_taskflow_operators.py
[2024-04-02T09:38:03.049+0000] {processor.py:836} INFO - DAG(s) dict_keys(['example_dynamic_task_mapping_with_no_taskflow_operators']) retrieved from /usr/local/python/3.10.13/lib/python3.10/site-packages/airflow/example_dags/example_dynamic_task_mapping_with_no_taskflow_operators.py
[2024-04-02T09:38:03.060+0000] {logging_mixin.py:150} INFO - [2024-04-02T09:38:03.060+0000] {dag.py:2742} INFO - Sync 1 DAGs
[2024-04-02T09:38:03.076+0000] {logging_mixin.py:150} INFO - [2024-04-02T09:38:03.076+0000] {dag.py:3504} INFO - Setting next_dagrun for example_dynamic_task_mapping_with_no_taskflow_operators to 2024-04-01T09:38:03.076382+00:00, run_after=2024-04-02T09:38:03.076382+00:00
[2024-04-02T09:38:03.114+0000] {processor.py:179} INFO - Processing /usr/local/python/3.10.13/lib/python3.10/site-packages/airflow/example_dags/example_dynamic_task_mapping_with_no_taskflow_operators.py took 0.074 seconds
[2024-04-02T09:39:01.623+0000] {processor.py:157} INFO - Started process (PID=30836) to work on /usr/local/python/3.10.13/lib/python3.10/site-packages/airflow/example_dags/example_dynamic_task_mapping_with_no_taskflow_operators.py
[2024-04-02T09:39:01.625+0000] {processor.py:826} INFO - Processing file /usr/local/python/3.10.13/lib/python3.10/site-packages/airflow/example_dags/example_dynamic_task_mapping_with_no_taskflow_operators.py for tasks to queue
[2024-04-02T09:39:01.626+0000] {logging_mixin.py:150} INFO - [2024-04-02T09:39:01.626+0000] {dagbag.py:541} INFO - Filling up the DagBag from /usr/local/python/3.10.13/lib/python3.10/site-packages/airflow/example_dags/example_dynamic_task_mapping_with_no_taskflow_operators.py
[2024-04-02T09:39:01.635+0000] {processor.py:836} INFO - DAG(s) dict_keys(['example_dynamic_task_mapping_with_no_taskflow_operators']) retrieved from /usr/local/python/3.10.13/lib/python3.10/site-packages/airflow/example_dags/example_dynamic_task_mapping_with_no_taskflow_operators.py
[2024-04-02T09:39:01.652+0000] {logging_mixin.py:150} INFO - [2024-04-02T09:39:01.652+0000] {dag.py:2742} INFO - Sync 1 DAGs
[2024-04-02T09:39:01.676+0000] {logging_mixin.py:150} INFO - [2024-04-02T09:39:01.676+0000] {dag.py:3504} INFO - Setting next_dagrun for example_dynamic_task_mapping_with_no_taskflow_operators to 2024-04-01T09:39:01.676070+00:00, run_after=2024-04-02T09:39:01.676070+00:00
[2024-04-02T09:39:01.749+0000] {processor.py:179} INFO - Processing /usr/local/python/3.10.13/lib/python3.10/site-packages/airflow/example_dags/example_dynamic_task_mapping_with_no_taskflow_operators.py took 0.129 seconds
[2024-04-02T09:39:59.002+0000] {processor.py:157} INFO - Started process (PID=31275) to work on /usr/local/python/3.10.13/lib/python3.10/site-packages/airflow/example_dags/example_dynamic_task_mapping_with_no_taskflow_operators.py
[2024-04-02T09:39:59.002+0000] {processor.py:826} INFO - Processing file /usr/local/python/3.10.13/lib/python3.10/site-packages/airflow/example_dags/example_dynamic_task_mapping_with_no_taskflow_operators.py for tasks to queue
[2024-04-02T09:39:59.003+0000] {logging_mixin.py:150} INFO - [2024-04-02T09:39:59.003+0000] {dagbag.py:541} INFO - Filling up the DagBag from /usr/local/python/3.10.13/lib/python3.10/site-packages/airflow/example_dags/example_dynamic_task_mapping_with_no_taskflow_operators.py
[2024-04-02T09:39:59.008+0000] {processor.py:836} INFO - DAG(s) dict_keys(['example_dynamic_task_mapping_with_no_taskflow_operators']) retrieved from /usr/local/python/3.10.13/lib/python3.10/site-packages/airflow/example_dags/example_dynamic_task_mapping_with_no_taskflow_operators.py
[2024-04-02T09:39:59.019+0000] {logging_mixin.py:150} INFO - [2024-04-02T09:39:59.019+0000] {dag.py:2742} INFO - Sync 1 DAGs
[2024-04-02T09:39:59.035+0000] {logging_mixin.py:150} INFO - [2024-04-02T09:39:59.035+0000] {dag.py:3504} INFO - Setting next_dagrun for example_dynamic_task_mapping_with_no_taskflow_operators to 2024-04-01T09:39:59.035301+00:00, run_after=2024-04-02T09:39:59.035301+00:00
[2024-04-02T09:39:59.073+0000] {processor.py:179} INFO - Processing /usr/local/python/3.10.13/lib/python3.10/site-packages/airflow/example_dags/example_dynamic_task_mapping_with_no_taskflow_operators.py took 0.074 seconds
[2024-04-02T09:40:55.368+0000] {processor.py:157} INFO - Started process (PID=31665) to work on /usr/local/python/3.10.13/lib/python3.10/site-packages/airflow/example_dags/example_dynamic_task_mapping_with_no_taskflow_operators.py
[2024-04-02T09:40:55.374+0000] {processor.py:826} INFO - Processing file /usr/local/python/3.10.13/lib/python3.10/site-packages/airflow/example_dags/example_dynamic_task_mapping_with_no_taskflow_operators.py for tasks to queue
[2024-04-02T09:40:55.375+0000] {logging_mixin.py:150} INFO - [2024-04-02T09:40:55.374+0000] {dagbag.py:541} INFO - Filling up the DagBag from /usr/local/python/3.10.13/lib/python3.10/site-packages/airflow/example_dags/example_dynamic_task_mapping_with_no_taskflow_operators.py
[2024-04-02T09:40:55.391+0000] {processor.py:836} INFO - DAG(s) dict_keys(['example_dynamic_task_mapping_with_no_taskflow_operators']) retrieved from /usr/local/python/3.10.13/lib/python3.10/site-packages/airflow/example_dags/example_dynamic_task_mapping_with_no_taskflow_operators.py
[2024-04-02T09:40:55.416+0000] {logging_mixin.py:150} INFO - [2024-04-02T09:40:55.416+0000] {dag.py:2742} INFO - Sync 1 DAGs
[2024-04-02T09:40:55.440+0000] {logging_mixin.py:150} INFO - [2024-04-02T09:40:55.440+0000] {dag.py:3504} INFO - Setting next_dagrun for example_dynamic_task_mapping_with_no_taskflow_operators to 2024-04-01T09:40:55.440049+00:00, run_after=2024-04-02T09:40:55.440049+00:00
[2024-04-02T09:40:55.485+0000] {processor.py:179} INFO - Processing /usr/local/python/3.10.13/lib/python3.10/site-packages/airflow/example_dags/example_dynamic_task_mapping_with_no_taskflow_operators.py took 0.120 seconds
[2024-04-02T09:41:51.480+0000] {processor.py:157} INFO - Started process (PID=32045) to work on /usr/local/python/3.10.13/lib/python3.10/site-packages/airflow/example_dags/example_dynamic_task_mapping_with_no_taskflow_operators.py
[2024-04-02T09:41:51.480+0000] {processor.py:826} INFO - Processing file /usr/local/python/3.10.13/lib/python3.10/site-packages/airflow/example_dags/example_dynamic_task_mapping_with_no_taskflow_operators.py for tasks to queue
[2024-04-02T09:41:51.481+0000] {logging_mixin.py:150} INFO - [2024-04-02T09:41:51.481+0000] {dagbag.py:541} INFO - Filling up the DagBag from /usr/local/python/3.10.13/lib/python3.10/site-packages/airflow/example_dags/example_dynamic_task_mapping_with_no_taskflow_operators.py
[2024-04-02T09:41:51.487+0000] {processor.py:836} INFO - DAG(s) dict_keys(['example_dynamic_task_mapping_with_no_taskflow_operators']) retrieved from /usr/local/python/3.10.13/lib/python3.10/site-packages/airflow/example_dags/example_dynamic_task_mapping_with_no_taskflow_operators.py
[2024-04-02T09:41:51.498+0000] {logging_mixin.py:150} INFO - [2024-04-02T09:41:51.498+0000] {dag.py:2742} INFO - Sync 1 DAGs
[2024-04-02T09:41:51.513+0000] {logging_mixin.py:150} INFO - [2024-04-02T09:41:51.513+0000] {dag.py:3504} INFO - Setting next_dagrun for example_dynamic_task_mapping_with_no_taskflow_operators to 2024-04-01T09:41:51.513286+00:00, run_after=2024-04-02T09:41:51.513286+00:00
[2024-04-02T09:41:51.552+0000] {processor.py:179} INFO - Processing /usr/local/python/3.10.13/lib/python3.10/site-packages/airflow/example_dags/example_dynamic_task_mapping_with_no_taskflow_operators.py took 0.075 seconds
[2024-04-02T09:42:49.459+0000] {processor.py:157} INFO - Started process (PID=32438) to work on /usr/local/python/3.10.13/lib/python3.10/site-packages/airflow/example_dags/example_dynamic_task_mapping_with_no_taskflow_operators.py
[2024-04-02T09:42:49.460+0000] {processor.py:826} INFO - Processing file /usr/local/python/3.10.13/lib/python3.10/site-packages/airflow/example_dags/example_dynamic_task_mapping_with_no_taskflow_operators.py for tasks to queue
[2024-04-02T09:42:49.461+0000] {logging_mixin.py:150} INFO - [2024-04-02T09:42:49.460+0000] {dagbag.py:541} INFO - Filling up the DagBag from /usr/local/python/3.10.13/lib/python3.10/site-packages/airflow/example_dags/example_dynamic_task_mapping_with_no_taskflow_operators.py
[2024-04-02T09:42:49.466+0000] {processor.py:836} INFO - DAG(s) dict_keys(['example_dynamic_task_mapping_with_no_taskflow_operators']) retrieved from /usr/local/python/3.10.13/lib/python3.10/site-packages/airflow/example_dags/example_dynamic_task_mapping_with_no_taskflow_operators.py
[2024-04-02T09:42:49.477+0000] {logging_mixin.py:150} INFO - [2024-04-02T09:42:49.477+0000] {dag.py:2742} INFO - Sync 1 DAGs
[2024-04-02T09:42:49.492+0000] {logging_mixin.py:150} INFO - [2024-04-02T09:42:49.492+0000] {dag.py:3504} INFO - Setting next_dagrun for example_dynamic_task_mapping_with_no_taskflow_operators to 2024-04-01T09:42:49.492247+00:00, run_after=2024-04-02T09:42:49.492247+00:00
[2024-04-02T09:42:49.530+0000] {processor.py:179} INFO - Processing /usr/local/python/3.10.13/lib/python3.10/site-packages/airflow/example_dags/example_dynamic_task_mapping_with_no_taskflow_operators.py took 0.073 seconds
