[2024-04-02T08:57:11.369+0000] {processor.py:157} INFO - Started process (PID=11573) to work on /usr/local/python/3.10.13/lib/python3.10/site-packages/airflow/example_dags/example_short_circuit_operator.py
[2024-04-02T08:57:11.370+0000] {processor.py:826} INFO - Processing file /usr/local/python/3.10.13/lib/python3.10/site-packages/airflow/example_dags/example_short_circuit_operator.py for tasks to queue
[2024-04-02T08:57:11.371+0000] {logging_mixin.py:150} INFO - [2024-04-02T08:57:11.371+0000] {dagbag.py:541} INFO - Filling up the DagBag from /usr/local/python/3.10.13/lib/python3.10/site-packages/airflow/example_dags/example_short_circuit_operator.py
[2024-04-02T08:57:11.378+0000] {processor.py:836} INFO - DAG(s) dict_keys(['example_short_circuit_operator']) retrieved from /usr/local/python/3.10.13/lib/python3.10/site-packages/airflow/example_dags/example_short_circuit_operator.py
[2024-04-02T08:57:11.489+0000] {logging_mixin.py:150} INFO - [2024-04-02T08:57:11.489+0000] {dag.py:2742} INFO - Sync 1 DAGs
[2024-04-02T08:57:11.511+0000] {logging_mixin.py:150} INFO - [2024-04-02T08:57:11.511+0000] {dag.py:3504} INFO - Setting next_dagrun for example_short_circuit_operator to 2024-04-01T08:57:11.511213+00:00, run_after=2024-04-02T08:57:11.511213+00:00
[2024-04-02T08:57:11.576+0000] {processor.py:179} INFO - Processing /usr/local/python/3.10.13/lib/python3.10/site-packages/airflow/example_dags/example_short_circuit_operator.py took 0.210 seconds
[2024-04-02T08:58:18.482+0000] {processor.py:157} INFO - Started process (PID=12598) to work on /usr/local/python/3.10.13/lib/python3.10/site-packages/airflow/example_dags/example_short_circuit_operator.py
[2024-04-02T08:58:18.483+0000] {processor.py:826} INFO - Processing file /usr/local/python/3.10.13/lib/python3.10/site-packages/airflow/example_dags/example_short_circuit_operator.py for tasks to queue
[2024-04-02T08:58:18.484+0000] {logging_mixin.py:150} INFO - [2024-04-02T08:58:18.484+0000] {dagbag.py:541} INFO - Filling up the DagBag from /usr/local/python/3.10.13/lib/python3.10/site-packages/airflow/example_dags/example_short_circuit_operator.py
[2024-04-02T08:58:18.494+0000] {processor.py:836} INFO - DAG(s) dict_keys(['example_short_circuit_operator']) retrieved from /usr/local/python/3.10.13/lib/python3.10/site-packages/airflow/example_dags/example_short_circuit_operator.py
[2024-04-02T08:58:18.518+0000] {logging_mixin.py:150} INFO - [2024-04-02T08:58:18.517+0000] {dag.py:2742} INFO - Sync 1 DAGs
[2024-04-02T08:58:18.542+0000] {logging_mixin.py:150} INFO - [2024-04-02T08:58:18.542+0000] {dag.py:3504} INFO - Setting next_dagrun for example_short_circuit_operator to 2024-04-01T08:58:18.541763+00:00, run_after=2024-04-02T08:58:18.541763+00:00
[2024-04-02T08:58:18.589+0000] {processor.py:179} INFO - Processing /usr/local/python/3.10.13/lib/python3.10/site-packages/airflow/example_dags/example_short_circuit_operator.py took 0.110 seconds
[2024-04-02T09:00:12.279+0000] {processor.py:157} INFO - Started process (PID=14183) to work on /usr/local/python/3.10.13/lib/python3.10/site-packages/airflow/example_dags/example_short_circuit_operator.py
[2024-04-02T09:00:12.279+0000] {processor.py:826} INFO - Processing file /usr/local/python/3.10.13/lib/python3.10/site-packages/airflow/example_dags/example_short_circuit_operator.py for tasks to queue
[2024-04-02T09:00:12.280+0000] {logging_mixin.py:150} INFO - [2024-04-02T09:00:12.280+0000] {dagbag.py:541} INFO - Filling up the DagBag from /usr/local/python/3.10.13/lib/python3.10/site-packages/airflow/example_dags/example_short_circuit_operator.py
[2024-04-02T09:00:12.287+0000] {processor.py:836} INFO - DAG(s) dict_keys(['example_short_circuit_operator']) retrieved from /usr/local/python/3.10.13/lib/python3.10/site-packages/airflow/example_dags/example_short_circuit_operator.py
[2024-04-02T09:00:12.302+0000] {logging_mixin.py:150} INFO - [2024-04-02T09:00:12.302+0000] {dag.py:2742} INFO - Sync 1 DAGs
[2024-04-02T09:00:12.318+0000] {logging_mixin.py:150} INFO - [2024-04-02T09:00:12.318+0000] {dag.py:3504} INFO - Setting next_dagrun for example_short_circuit_operator to 2024-04-01T09:00:12.317944+00:00, run_after=2024-04-02T09:00:12.317944+00:00
[2024-04-02T09:00:12.357+0000] {processor.py:179} INFO - Processing /usr/local/python/3.10.13/lib/python3.10/site-packages/airflow/example_dags/example_short_circuit_operator.py took 0.081 seconds
[2024-04-02T09:01:01.015+0000] {processor.py:157} INFO - Started process (PID=14576) to work on /usr/local/python/3.10.13/lib/python3.10/site-packages/airflow/example_dags/example_short_circuit_operator.py
[2024-04-02T09:01:01.016+0000] {processor.py:826} INFO - Processing file /usr/local/python/3.10.13/lib/python3.10/site-packages/airflow/example_dags/example_short_circuit_operator.py for tasks to queue
[2024-04-02T09:01:01.017+0000] {logging_mixin.py:150} INFO - [2024-04-02T09:01:01.017+0000] {dagbag.py:541} INFO - Filling up the DagBag from /usr/local/python/3.10.13/lib/python3.10/site-packages/airflow/example_dags/example_short_circuit_operator.py
[2024-04-02T09:01:01.028+0000] {processor.py:836} INFO - DAG(s) dict_keys(['example_short_circuit_operator']) retrieved from /usr/local/python/3.10.13/lib/python3.10/site-packages/airflow/example_dags/example_short_circuit_operator.py
[2024-04-02T09:01:01.050+0000] {logging_mixin.py:150} INFO - [2024-04-02T09:01:01.050+0000] {dag.py:2742} INFO - Sync 1 DAGs
[2024-04-02T09:01:01.076+0000] {logging_mixin.py:150} INFO - [2024-04-02T09:01:01.076+0000] {dag.py:3504} INFO - Setting next_dagrun for example_short_circuit_operator to 2024-04-01T09:01:01.075773+00:00, run_after=2024-04-02T09:01:01.075773+00:00
[2024-04-02T09:01:01.122+0000] {processor.py:179} INFO - Processing /usr/local/python/3.10.13/lib/python3.10/site-packages/airflow/example_dags/example_short_circuit_operator.py took 0.110 seconds
[2024-04-02T09:01:59.277+0000] {processor.py:157} INFO - Started process (PID=15041) to work on /usr/local/python/3.10.13/lib/python3.10/site-packages/airflow/example_dags/example_short_circuit_operator.py
[2024-04-02T09:01:59.278+0000] {processor.py:826} INFO - Processing file /usr/local/python/3.10.13/lib/python3.10/site-packages/airflow/example_dags/example_short_circuit_operator.py for tasks to queue
[2024-04-02T09:01:59.278+0000] {logging_mixin.py:150} INFO - [2024-04-02T09:01:59.278+0000] {dagbag.py:541} INFO - Filling up the DagBag from /usr/local/python/3.10.13/lib/python3.10/site-packages/airflow/example_dags/example_short_circuit_operator.py
[2024-04-02T09:01:59.285+0000] {processor.py:836} INFO - DAG(s) dict_keys(['example_short_circuit_operator']) retrieved from /usr/local/python/3.10.13/lib/python3.10/site-packages/airflow/example_dags/example_short_circuit_operator.py
[2024-04-02T09:01:59.298+0000] {logging_mixin.py:150} INFO - [2024-04-02T09:01:59.298+0000] {dag.py:2742} INFO - Sync 1 DAGs
[2024-04-02T09:01:59.313+0000] {logging_mixin.py:150} INFO - [2024-04-02T09:01:59.313+0000] {dag.py:3504} INFO - Setting next_dagrun for example_short_circuit_operator to 2024-04-01T09:01:59.313513+00:00, run_after=2024-04-02T09:01:59.313513+00:00
[2024-04-02T09:01:59.352+0000] {processor.py:179} INFO - Processing /usr/local/python/3.10.13/lib/python3.10/site-packages/airflow/example_dags/example_short_circuit_operator.py took 0.077 seconds
[2024-04-02T09:02:58.019+0000] {processor.py:157} INFO - Started process (PID=15451) to work on /usr/local/python/3.10.13/lib/python3.10/site-packages/airflow/example_dags/example_short_circuit_operator.py
[2024-04-02T09:02:58.020+0000] {processor.py:826} INFO - Processing file /usr/local/python/3.10.13/lib/python3.10/site-packages/airflow/example_dags/example_short_circuit_operator.py for tasks to queue
[2024-04-02T09:02:58.021+0000] {logging_mixin.py:150} INFO - [2024-04-02T09:02:58.021+0000] {dagbag.py:541} INFO - Filling up the DagBag from /usr/local/python/3.10.13/lib/python3.10/site-packages/airflow/example_dags/example_short_circuit_operator.py
[2024-04-02T09:02:58.027+0000] {processor.py:836} INFO - DAG(s) dict_keys(['example_short_circuit_operator']) retrieved from /usr/local/python/3.10.13/lib/python3.10/site-packages/airflow/example_dags/example_short_circuit_operator.py
[2024-04-02T09:02:58.042+0000] {logging_mixin.py:150} INFO - [2024-04-02T09:02:58.042+0000] {dag.py:2742} INFO - Sync 1 DAGs
[2024-04-02T09:02:58.059+0000] {logging_mixin.py:150} INFO - [2024-04-02T09:02:58.059+0000] {dag.py:3504} INFO - Setting next_dagrun for example_short_circuit_operator to 2024-04-01T09:02:58.059064+00:00, run_after=2024-04-02T09:02:58.059064+00:00
[2024-04-02T09:02:58.113+0000] {processor.py:179} INFO - Processing /usr/local/python/3.10.13/lib/python3.10/site-packages/airflow/example_dags/example_short_circuit_operator.py took 0.096 seconds
[2024-04-02T09:03:55.703+0000] {processor.py:157} INFO - Started process (PID=15857) to work on /usr/local/python/3.10.13/lib/python3.10/site-packages/airflow/example_dags/example_short_circuit_operator.py
[2024-04-02T09:03:55.704+0000] {processor.py:826} INFO - Processing file /usr/local/python/3.10.13/lib/python3.10/site-packages/airflow/example_dags/example_short_circuit_operator.py for tasks to queue
[2024-04-02T09:03:55.704+0000] {logging_mixin.py:150} INFO - [2024-04-02T09:03:55.704+0000] {dagbag.py:541} INFO - Filling up the DagBag from /usr/local/python/3.10.13/lib/python3.10/site-packages/airflow/example_dags/example_short_circuit_operator.py
[2024-04-02T09:03:55.711+0000] {processor.py:836} INFO - DAG(s) dict_keys(['example_short_circuit_operator']) retrieved from /usr/local/python/3.10.13/lib/python3.10/site-packages/airflow/example_dags/example_short_circuit_operator.py
[2024-04-02T09:03:55.725+0000] {logging_mixin.py:150} INFO - [2024-04-02T09:03:55.725+0000] {dag.py:2742} INFO - Sync 1 DAGs
[2024-04-02T09:03:55.741+0000] {logging_mixin.py:150} INFO - [2024-04-02T09:03:55.741+0000] {dag.py:3504} INFO - Setting next_dagrun for example_short_circuit_operator to 2024-04-01T09:03:55.741152+00:00, run_after=2024-04-02T09:03:55.741152+00:00
[2024-04-02T09:03:55.781+0000] {processor.py:179} INFO - Processing /usr/local/python/3.10.13/lib/python3.10/site-packages/airflow/example_dags/example_short_circuit_operator.py took 0.080 seconds
[2024-04-02T09:04:47.903+0000] {processor.py:157} INFO - Started process (PID=16231) to work on /usr/local/python/3.10.13/lib/python3.10/site-packages/airflow/example_dags/example_short_circuit_operator.py
[2024-04-02T09:04:47.904+0000] {processor.py:826} INFO - Processing file /usr/local/python/3.10.13/lib/python3.10/site-packages/airflow/example_dags/example_short_circuit_operator.py for tasks to queue
[2024-04-02T09:04:47.905+0000] {logging_mixin.py:150} INFO - [2024-04-02T09:04:47.905+0000] {dagbag.py:541} INFO - Filling up the DagBag from /usr/local/python/3.10.13/lib/python3.10/site-packages/airflow/example_dags/example_short_circuit_operator.py
[2024-04-02T09:04:47.911+0000] {processor.py:836} INFO - DAG(s) dict_keys(['example_short_circuit_operator']) retrieved from /usr/local/python/3.10.13/lib/python3.10/site-packages/airflow/example_dags/example_short_circuit_operator.py
[2024-04-02T09:04:47.925+0000] {logging_mixin.py:150} INFO - [2024-04-02T09:04:47.925+0000] {dag.py:2742} INFO - Sync 1 DAGs
[2024-04-02T09:04:47.941+0000] {logging_mixin.py:150} INFO - [2024-04-02T09:04:47.941+0000] {dag.py:3504} INFO - Setting next_dagrun for example_short_circuit_operator to 2024-04-01T09:04:47.941557+00:00, run_after=2024-04-02T09:04:47.941557+00:00
[2024-04-02T09:04:48.021+0000] {processor.py:179} INFO - Processing /usr/local/python/3.10.13/lib/python3.10/site-packages/airflow/example_dags/example_short_circuit_operator.py took 0.120 seconds
[2024-04-02T09:05:46.928+0000] {processor.py:157} INFO - Started process (PID=16621) to work on /usr/local/python/3.10.13/lib/python3.10/site-packages/airflow/example_dags/example_short_circuit_operator.py
[2024-04-02T09:05:46.933+0000] {processor.py:826} INFO - Processing file /usr/local/python/3.10.13/lib/python3.10/site-packages/airflow/example_dags/example_short_circuit_operator.py for tasks to queue
[2024-04-02T09:05:46.934+0000] {logging_mixin.py:150} INFO - [2024-04-02T09:05:46.934+0000] {dagbag.py:541} INFO - Filling up the DagBag from /usr/local/python/3.10.13/lib/python3.10/site-packages/airflow/example_dags/example_short_circuit_operator.py
[2024-04-02T09:05:46.945+0000] {processor.py:836} INFO - DAG(s) dict_keys(['example_short_circuit_operator']) retrieved from /usr/local/python/3.10.13/lib/python3.10/site-packages/airflow/example_dags/example_short_circuit_operator.py
[2024-04-02T09:05:46.968+0000] {logging_mixin.py:150} INFO - [2024-04-02T09:05:46.967+0000] {dag.py:2742} INFO - Sync 1 DAGs
[2024-04-02T09:05:46.999+0000] {logging_mixin.py:150} INFO - [2024-04-02T09:05:46.999+0000] {dag.py:3504} INFO - Setting next_dagrun for example_short_circuit_operator to 2024-04-01T09:05:46.999305+00:00, run_after=2024-04-02T09:05:46.999305+00:00
[2024-04-02T09:05:47.046+0000] {processor.py:179} INFO - Processing /usr/local/python/3.10.13/lib/python3.10/site-packages/airflow/example_dags/example_short_circuit_operator.py took 0.122 seconds
[2024-04-02T09:06:48.739+0000] {processor.py:157} INFO - Started process (PID=17499) to work on /usr/local/python/3.10.13/lib/python3.10/site-packages/airflow/example_dags/example_short_circuit_operator.py
[2024-04-02T09:06:48.740+0000] {processor.py:826} INFO - Processing file /usr/local/python/3.10.13/lib/python3.10/site-packages/airflow/example_dags/example_short_circuit_operator.py for tasks to queue
[2024-04-02T09:06:48.741+0000] {logging_mixin.py:150} INFO - [2024-04-02T09:06:48.740+0000] {dagbag.py:541} INFO - Filling up the DagBag from /usr/local/python/3.10.13/lib/python3.10/site-packages/airflow/example_dags/example_short_circuit_operator.py
[2024-04-02T09:06:48.751+0000] {processor.py:836} INFO - DAG(s) dict_keys(['example_short_circuit_operator']) retrieved from /usr/local/python/3.10.13/lib/python3.10/site-packages/airflow/example_dags/example_short_circuit_operator.py
[2024-04-02T09:06:48.773+0000] {logging_mixin.py:150} INFO - [2024-04-02T09:06:48.773+0000] {dag.py:2742} INFO - Sync 1 DAGs
[2024-04-02T09:06:48.797+0000] {logging_mixin.py:150} INFO - [2024-04-02T09:06:48.796+0000] {dag.py:3504} INFO - Setting next_dagrun for example_short_circuit_operator to 2024-04-01T09:06:48.796586+00:00, run_after=2024-04-02T09:06:48.796586+00:00
[2024-04-02T09:06:48.842+0000] {processor.py:179} INFO - Processing /usr/local/python/3.10.13/lib/python3.10/site-packages/airflow/example_dags/example_short_circuit_operator.py took 0.107 seconds
[2024-04-02T09:07:50.532+0000] {processor.py:157} INFO - Started process (PID=17916) to work on /usr/local/python/3.10.13/lib/python3.10/site-packages/airflow/example_dags/example_short_circuit_operator.py
[2024-04-02T09:07:50.533+0000] {processor.py:826} INFO - Processing file /usr/local/python/3.10.13/lib/python3.10/site-packages/airflow/example_dags/example_short_circuit_operator.py for tasks to queue
[2024-04-02T09:07:50.534+0000] {logging_mixin.py:150} INFO - [2024-04-02T09:07:50.534+0000] {dagbag.py:541} INFO - Filling up the DagBag from /usr/local/python/3.10.13/lib/python3.10/site-packages/airflow/example_dags/example_short_circuit_operator.py
[2024-04-02T09:07:50.547+0000] {processor.py:836} INFO - DAG(s) dict_keys(['example_short_circuit_operator']) retrieved from /usr/local/python/3.10.13/lib/python3.10/site-packages/airflow/example_dags/example_short_circuit_operator.py
[2024-04-02T09:07:50.586+0000] {logging_mixin.py:150} INFO - [2024-04-02T09:07:50.585+0000] {dag.py:2742} INFO - Sync 1 DAGs
[2024-04-02T09:07:50.616+0000] {logging_mixin.py:150} INFO - [2024-04-02T09:07:50.616+0000] {dag.py:3504} INFO - Setting next_dagrun for example_short_circuit_operator to 2024-04-01T09:07:50.616194+00:00, run_after=2024-04-02T09:07:50.616194+00:00
[2024-04-02T09:07:50.666+0000] {processor.py:179} INFO - Processing /usr/local/python/3.10.13/lib/python3.10/site-packages/airflow/example_dags/example_short_circuit_operator.py took 0.137 seconds
[2024-04-02T09:08:43.537+0000] {processor.py:157} INFO - Started process (PID=18274) to work on /usr/local/python/3.10.13/lib/python3.10/site-packages/airflow/example_dags/example_short_circuit_operator.py
[2024-04-02T09:08:43.538+0000] {processor.py:826} INFO - Processing file /usr/local/python/3.10.13/lib/python3.10/site-packages/airflow/example_dags/example_short_circuit_operator.py for tasks to queue
[2024-04-02T09:08:43.539+0000] {logging_mixin.py:150} INFO - [2024-04-02T09:08:43.538+0000] {dagbag.py:541} INFO - Filling up the DagBag from /usr/local/python/3.10.13/lib/python3.10/site-packages/airflow/example_dags/example_short_circuit_operator.py
[2024-04-02T09:08:43.545+0000] {processor.py:836} INFO - DAG(s) dict_keys(['example_short_circuit_operator']) retrieved from /usr/local/python/3.10.13/lib/python3.10/site-packages/airflow/example_dags/example_short_circuit_operator.py
[2024-04-02T09:08:43.559+0000] {logging_mixin.py:150} INFO - [2024-04-02T09:08:43.559+0000] {dag.py:2742} INFO - Sync 1 DAGs
[2024-04-02T09:08:43.584+0000] {logging_mixin.py:150} INFO - [2024-04-02T09:08:43.584+0000] {dag.py:3504} INFO - Setting next_dagrun for example_short_circuit_operator to 2024-04-01T09:08:43.584410+00:00, run_after=2024-04-02T09:08:43.584410+00:00
[2024-04-02T09:08:43.634+0000] {processor.py:179} INFO - Processing /usr/local/python/3.10.13/lib/python3.10/site-packages/airflow/example_dags/example_short_circuit_operator.py took 0.099 seconds
[2024-04-02T09:09:40.796+0000] {processor.py:157} INFO - Started process (PID=18680) to work on /usr/local/python/3.10.13/lib/python3.10/site-packages/airflow/example_dags/example_short_circuit_operator.py
[2024-04-02T09:09:40.797+0000] {processor.py:826} INFO - Processing file /usr/local/python/3.10.13/lib/python3.10/site-packages/airflow/example_dags/example_short_circuit_operator.py for tasks to queue
[2024-04-02T09:09:40.798+0000] {logging_mixin.py:150} INFO - [2024-04-02T09:09:40.798+0000] {dagbag.py:541} INFO - Filling up the DagBag from /usr/local/python/3.10.13/lib/python3.10/site-packages/airflow/example_dags/example_short_circuit_operator.py
[2024-04-02T09:09:40.804+0000] {processor.py:836} INFO - DAG(s) dict_keys(['example_short_circuit_operator']) retrieved from /usr/local/python/3.10.13/lib/python3.10/site-packages/airflow/example_dags/example_short_circuit_operator.py
[2024-04-02T09:09:40.818+0000] {logging_mixin.py:150} INFO - [2024-04-02T09:09:40.818+0000] {dag.py:2742} INFO - Sync 1 DAGs
[2024-04-02T09:09:40.834+0000] {logging_mixin.py:150} INFO - [2024-04-02T09:09:40.834+0000] {dag.py:3504} INFO - Setting next_dagrun for example_short_circuit_operator to 2024-04-01T09:09:40.833928+00:00, run_after=2024-04-02T09:09:40.833928+00:00
[2024-04-02T09:09:40.872+0000] {processor.py:179} INFO - Processing /usr/local/python/3.10.13/lib/python3.10/site-packages/airflow/example_dags/example_short_circuit_operator.py took 0.078 seconds
[2024-04-02T09:10:40.018+0000] {processor.py:157} INFO - Started process (PID=19088) to work on /usr/local/python/3.10.13/lib/python3.10/site-packages/airflow/example_dags/example_short_circuit_operator.py
[2024-04-02T09:10:40.018+0000] {processor.py:826} INFO - Processing file /usr/local/python/3.10.13/lib/python3.10/site-packages/airflow/example_dags/example_short_circuit_operator.py for tasks to queue
[2024-04-02T09:10:40.019+0000] {logging_mixin.py:150} INFO - [2024-04-02T09:10:40.019+0000] {dagbag.py:541} INFO - Filling up the DagBag from /usr/local/python/3.10.13/lib/python3.10/site-packages/airflow/example_dags/example_short_circuit_operator.py
[2024-04-02T09:10:40.026+0000] {processor.py:836} INFO - DAG(s) dict_keys(['example_short_circuit_operator']) retrieved from /usr/local/python/3.10.13/lib/python3.10/site-packages/airflow/example_dags/example_short_circuit_operator.py
[2024-04-02T09:10:40.040+0000] {logging_mixin.py:150} INFO - [2024-04-02T09:10:40.040+0000] {dag.py:2742} INFO - Sync 1 DAGs
[2024-04-02T09:10:40.055+0000] {logging_mixin.py:150} INFO - [2024-04-02T09:10:40.055+0000] {dag.py:3504} INFO - Setting next_dagrun for example_short_circuit_operator to 2024-04-01T09:10:40.055505+00:00, run_after=2024-04-02T09:10:40.055505+00:00
[2024-04-02T09:10:40.095+0000] {processor.py:179} INFO - Processing /usr/local/python/3.10.13/lib/python3.10/site-packages/airflow/example_dags/example_short_circuit_operator.py took 0.079 seconds
[2024-04-02T09:11:39.791+0000] {processor.py:157} INFO - Started process (PID=19492) to work on /usr/local/python/3.10.13/lib/python3.10/site-packages/airflow/example_dags/example_short_circuit_operator.py
[2024-04-02T09:11:39.791+0000] {processor.py:826} INFO - Processing file /usr/local/python/3.10.13/lib/python3.10/site-packages/airflow/example_dags/example_short_circuit_operator.py for tasks to queue
[2024-04-02T09:11:39.792+0000] {logging_mixin.py:150} INFO - [2024-04-02T09:11:39.792+0000] {dagbag.py:541} INFO - Filling up the DagBag from /usr/local/python/3.10.13/lib/python3.10/site-packages/airflow/example_dags/example_short_circuit_operator.py
[2024-04-02T09:11:39.799+0000] {processor.py:836} INFO - DAG(s) dict_keys(['example_short_circuit_operator']) retrieved from /usr/local/python/3.10.13/lib/python3.10/site-packages/airflow/example_dags/example_short_circuit_operator.py
[2024-04-02T09:11:39.812+0000] {logging_mixin.py:150} INFO - [2024-04-02T09:11:39.812+0000] {dag.py:2742} INFO - Sync 1 DAGs
[2024-04-02T09:11:39.828+0000] {logging_mixin.py:150} INFO - [2024-04-02T09:11:39.828+0000] {dag.py:3504} INFO - Setting next_dagrun for example_short_circuit_operator to 2024-04-01T09:11:39.828385+00:00, run_after=2024-04-02T09:11:39.828385+00:00
[2024-04-02T09:11:39.871+0000] {processor.py:179} INFO - Processing /usr/local/python/3.10.13/lib/python3.10/site-packages/airflow/example_dags/example_short_circuit_operator.py took 0.082 seconds
[2024-04-02T09:12:39.332+0000] {processor.py:157} INFO - Started process (PID=19903) to work on /usr/local/python/3.10.13/lib/python3.10/site-packages/airflow/example_dags/example_short_circuit_operator.py
[2024-04-02T09:12:39.333+0000] {processor.py:826} INFO - Processing file /usr/local/python/3.10.13/lib/python3.10/site-packages/airflow/example_dags/example_short_circuit_operator.py for tasks to queue
[2024-04-02T09:12:39.334+0000] {logging_mixin.py:150} INFO - [2024-04-02T09:12:39.334+0000] {dagbag.py:541} INFO - Filling up the DagBag from /usr/local/python/3.10.13/lib/python3.10/site-packages/airflow/example_dags/example_short_circuit_operator.py
[2024-04-02T09:12:39.344+0000] {processor.py:836} INFO - DAG(s) dict_keys(['example_short_circuit_operator']) retrieved from /usr/local/python/3.10.13/lib/python3.10/site-packages/airflow/example_dags/example_short_circuit_operator.py
[2024-04-02T09:12:39.366+0000] {logging_mixin.py:150} INFO - [2024-04-02T09:12:39.365+0000] {dag.py:2742} INFO - Sync 1 DAGs
[2024-04-02T09:12:39.389+0000] {logging_mixin.py:150} INFO - [2024-04-02T09:12:39.389+0000] {dag.py:3504} INFO - Setting next_dagrun for example_short_circuit_operator to 2024-04-01T09:12:39.388874+00:00, run_after=2024-04-02T09:12:39.388874+00:00
[2024-04-02T09:12:39.436+0000] {processor.py:179} INFO - Processing /usr/local/python/3.10.13/lib/python3.10/site-packages/airflow/example_dags/example_short_circuit_operator.py took 0.107 seconds
[2024-04-02T09:13:37.218+0000] {processor.py:157} INFO - Started process (PID=20275) to work on /usr/local/python/3.10.13/lib/python3.10/site-packages/airflow/example_dags/example_short_circuit_operator.py
[2024-04-02T09:13:37.219+0000] {processor.py:826} INFO - Processing file /usr/local/python/3.10.13/lib/python3.10/site-packages/airflow/example_dags/example_short_circuit_operator.py for tasks to queue
[2024-04-02T09:13:37.219+0000] {logging_mixin.py:150} INFO - [2024-04-02T09:13:37.219+0000] {dagbag.py:541} INFO - Filling up the DagBag from /usr/local/python/3.10.13/lib/python3.10/site-packages/airflow/example_dags/example_short_circuit_operator.py
[2024-04-02T09:13:37.227+0000] {processor.py:836} INFO - DAG(s) dict_keys(['example_short_circuit_operator']) retrieved from /usr/local/python/3.10.13/lib/python3.10/site-packages/airflow/example_dags/example_short_circuit_operator.py
[2024-04-02T09:13:37.253+0000] {logging_mixin.py:150} INFO - [2024-04-02T09:13:37.253+0000] {dag.py:2742} INFO - Sync 1 DAGs
[2024-04-02T09:13:37.288+0000] {logging_mixin.py:150} INFO - [2024-04-02T09:13:37.288+0000] {dag.py:3504} INFO - Setting next_dagrun for example_short_circuit_operator to 2024-04-01T09:13:37.287950+00:00, run_after=2024-04-02T09:13:37.287950+00:00
[2024-04-02T09:13:37.363+0000] {processor.py:179} INFO - Processing /usr/local/python/3.10.13/lib/python3.10/site-packages/airflow/example_dags/example_short_circuit_operator.py took 0.147 seconds
[2024-04-02T09:14:30.389+0000] {processor.py:157} INFO - Started process (PID=20678) to work on /usr/local/python/3.10.13/lib/python3.10/site-packages/airflow/example_dags/example_short_circuit_operator.py
[2024-04-02T09:14:30.390+0000] {processor.py:826} INFO - Processing file /usr/local/python/3.10.13/lib/python3.10/site-packages/airflow/example_dags/example_short_circuit_operator.py for tasks to queue
[2024-04-02T09:14:30.391+0000] {logging_mixin.py:150} INFO - [2024-04-02T09:14:30.391+0000] {dagbag.py:541} INFO - Filling up the DagBag from /usr/local/python/3.10.13/lib/python3.10/site-packages/airflow/example_dags/example_short_circuit_operator.py
[2024-04-02T09:14:30.401+0000] {processor.py:836} INFO - DAG(s) dict_keys(['example_short_circuit_operator']) retrieved from /usr/local/python/3.10.13/lib/python3.10/site-packages/airflow/example_dags/example_short_circuit_operator.py
[2024-04-02T09:14:30.423+0000] {logging_mixin.py:150} INFO - [2024-04-02T09:14:30.422+0000] {dag.py:2742} INFO - Sync 1 DAGs
[2024-04-02T09:14:30.449+0000] {logging_mixin.py:150} INFO - [2024-04-02T09:14:30.449+0000] {dag.py:3504} INFO - Setting next_dagrun for example_short_circuit_operator to 2024-04-01T09:14:30.449052+00:00, run_after=2024-04-02T09:14:30.449052+00:00
[2024-04-02T09:14:30.497+0000] {processor.py:179} INFO - Processing /usr/local/python/3.10.13/lib/python3.10/site-packages/airflow/example_dags/example_short_circuit_operator.py took 0.112 seconds
[2024-04-02T09:15:21.277+0000] {processor.py:157} INFO - Started process (PID=21034) to work on /usr/local/python/3.10.13/lib/python3.10/site-packages/airflow/example_dags/example_short_circuit_operator.py
[2024-04-02T09:15:21.278+0000] {processor.py:826} INFO - Processing file /usr/local/python/3.10.13/lib/python3.10/site-packages/airflow/example_dags/example_short_circuit_operator.py for tasks to queue
[2024-04-02T09:15:21.279+0000] {logging_mixin.py:150} INFO - [2024-04-02T09:15:21.279+0000] {dagbag.py:541} INFO - Filling up the DagBag from /usr/local/python/3.10.13/lib/python3.10/site-packages/airflow/example_dags/example_short_circuit_operator.py
[2024-04-02T09:15:21.285+0000] {processor.py:836} INFO - DAG(s) dict_keys(['example_short_circuit_operator']) retrieved from /usr/local/python/3.10.13/lib/python3.10/site-packages/airflow/example_dags/example_short_circuit_operator.py
[2024-04-02T09:15:21.299+0000] {logging_mixin.py:150} INFO - [2024-04-02T09:15:21.299+0000] {dag.py:2742} INFO - Sync 1 DAGs
[2024-04-02T09:15:21.314+0000] {logging_mixin.py:150} INFO - [2024-04-02T09:15:21.314+0000] {dag.py:3504} INFO - Setting next_dagrun for example_short_circuit_operator to 2024-04-01T09:15:21.313872+00:00, run_after=2024-04-02T09:15:21.313872+00:00
[2024-04-02T09:15:21.353+0000] {processor.py:179} INFO - Processing /usr/local/python/3.10.13/lib/python3.10/site-packages/airflow/example_dags/example_short_circuit_operator.py took 0.078 seconds
[2024-04-02T09:16:17.321+0000] {processor.py:157} INFO - Started process (PID=21414) to work on /usr/local/python/3.10.13/lib/python3.10/site-packages/airflow/example_dags/example_short_circuit_operator.py
[2024-04-02T09:16:17.323+0000] {processor.py:826} INFO - Processing file /usr/local/python/3.10.13/lib/python3.10/site-packages/airflow/example_dags/example_short_circuit_operator.py for tasks to queue
[2024-04-02T09:16:17.324+0000] {logging_mixin.py:150} INFO - [2024-04-02T09:16:17.323+0000] {dagbag.py:541} INFO - Filling up the DagBag from /usr/local/python/3.10.13/lib/python3.10/site-packages/airflow/example_dags/example_short_circuit_operator.py
[2024-04-02T09:16:17.331+0000] {processor.py:836} INFO - DAG(s) dict_keys(['example_short_circuit_operator']) retrieved from /usr/local/python/3.10.13/lib/python3.10/site-packages/airflow/example_dags/example_short_circuit_operator.py
[2024-04-02T09:16:17.356+0000] {logging_mixin.py:150} INFO - [2024-04-02T09:16:17.356+0000] {dag.py:2742} INFO - Sync 1 DAGs
[2024-04-02T09:16:17.385+0000] {logging_mixin.py:150} INFO - [2024-04-02T09:16:17.385+0000] {dag.py:3504} INFO - Setting next_dagrun for example_short_circuit_operator to 2024-04-01T09:16:17.385485+00:00, run_after=2024-04-02T09:16:17.385485+00:00
[2024-04-02T09:16:17.431+0000] {processor.py:179} INFO - Processing /usr/local/python/3.10.13/lib/python3.10/site-packages/airflow/example_dags/example_short_circuit_operator.py took 0.113 seconds
[2024-04-02T09:17:18.663+0000] {processor.py:157} INFO - Started process (PID=21834) to work on /usr/local/python/3.10.13/lib/python3.10/site-packages/airflow/example_dags/example_short_circuit_operator.py
[2024-04-02T09:17:18.664+0000] {processor.py:826} INFO - Processing file /usr/local/python/3.10.13/lib/python3.10/site-packages/airflow/example_dags/example_short_circuit_operator.py for tasks to queue
[2024-04-02T09:17:18.664+0000] {logging_mixin.py:150} INFO - [2024-04-02T09:17:18.664+0000] {dagbag.py:541} INFO - Filling up the DagBag from /usr/local/python/3.10.13/lib/python3.10/site-packages/airflow/example_dags/example_short_circuit_operator.py
[2024-04-02T09:17:18.671+0000] {processor.py:836} INFO - DAG(s) dict_keys(['example_short_circuit_operator']) retrieved from /usr/local/python/3.10.13/lib/python3.10/site-packages/airflow/example_dags/example_short_circuit_operator.py
[2024-04-02T09:17:18.685+0000] {logging_mixin.py:150} INFO - [2024-04-02T09:17:18.685+0000] {dag.py:2742} INFO - Sync 1 DAGs
[2024-04-02T09:17:18.701+0000] {logging_mixin.py:150} INFO - [2024-04-02T09:17:18.701+0000] {dag.py:3504} INFO - Setting next_dagrun for example_short_circuit_operator to 2024-04-01T09:17:18.700837+00:00, run_after=2024-04-02T09:17:18.700837+00:00
[2024-04-02T09:17:18.741+0000] {processor.py:179} INFO - Processing /usr/local/python/3.10.13/lib/python3.10/site-packages/airflow/example_dags/example_short_circuit_operator.py took 0.081 seconds
[2024-04-02T09:18:15.841+0000] {processor.py:157} INFO - Started process (PID=22225) to work on /usr/local/python/3.10.13/lib/python3.10/site-packages/airflow/example_dags/example_short_circuit_operator.py
[2024-04-02T09:18:15.842+0000] {processor.py:826} INFO - Processing file /usr/local/python/3.10.13/lib/python3.10/site-packages/airflow/example_dags/example_short_circuit_operator.py for tasks to queue
[2024-04-02T09:18:15.843+0000] {logging_mixin.py:150} INFO - [2024-04-02T09:18:15.843+0000] {dagbag.py:541} INFO - Filling up the DagBag from /usr/local/python/3.10.13/lib/python3.10/site-packages/airflow/example_dags/example_short_circuit_operator.py
[2024-04-02T09:18:15.853+0000] {processor.py:836} INFO - DAG(s) dict_keys(['example_short_circuit_operator']) retrieved from /usr/local/python/3.10.13/lib/python3.10/site-packages/airflow/example_dags/example_short_circuit_operator.py
[2024-04-02T09:18:15.874+0000] {logging_mixin.py:150} INFO - [2024-04-02T09:18:15.874+0000] {dag.py:2742} INFO - Sync 1 DAGs
[2024-04-02T09:18:15.897+0000] {logging_mixin.py:150} INFO - [2024-04-02T09:18:15.896+0000] {dag.py:3504} INFO - Setting next_dagrun for example_short_circuit_operator to 2024-04-01T09:18:15.896609+00:00, run_after=2024-04-02T09:18:15.896609+00:00
[2024-04-02T09:18:15.943+0000] {processor.py:179} INFO - Processing /usr/local/python/3.10.13/lib/python3.10/site-packages/airflow/example_dags/example_short_circuit_operator.py took 0.105 seconds
[2024-04-02T09:19:16.751+0000] {processor.py:157} INFO - Started process (PID=22637) to work on /usr/local/python/3.10.13/lib/python3.10/site-packages/airflow/example_dags/example_short_circuit_operator.py
[2024-04-02T09:19:16.752+0000] {processor.py:826} INFO - Processing file /usr/local/python/3.10.13/lib/python3.10/site-packages/airflow/example_dags/example_short_circuit_operator.py for tasks to queue
[2024-04-02T09:19:16.753+0000] {logging_mixin.py:150} INFO - [2024-04-02T09:19:16.753+0000] {dagbag.py:541} INFO - Filling up the DagBag from /usr/local/python/3.10.13/lib/python3.10/site-packages/airflow/example_dags/example_short_circuit_operator.py
[2024-04-02T09:19:16.760+0000] {processor.py:836} INFO - DAG(s) dict_keys(['example_short_circuit_operator']) retrieved from /usr/local/python/3.10.13/lib/python3.10/site-packages/airflow/example_dags/example_short_circuit_operator.py
[2024-04-02T09:19:16.774+0000] {logging_mixin.py:150} INFO - [2024-04-02T09:19:16.774+0000] {dag.py:2742} INFO - Sync 1 DAGs
[2024-04-02T09:19:16.790+0000] {logging_mixin.py:150} INFO - [2024-04-02T09:19:16.790+0000] {dag.py:3504} INFO - Setting next_dagrun for example_short_circuit_operator to 2024-04-01T09:19:16.789988+00:00, run_after=2024-04-02T09:19:16.789988+00:00
[2024-04-02T09:19:16.829+0000] {processor.py:179} INFO - Processing /usr/local/python/3.10.13/lib/python3.10/site-packages/airflow/example_dags/example_short_circuit_operator.py took 0.082 seconds
[2024-04-02T09:20:05.058+0000] {processor.py:157} INFO - Started process (PID=22988) to work on /usr/local/python/3.10.13/lib/python3.10/site-packages/airflow/example_dags/example_short_circuit_operator.py
[2024-04-02T09:20:05.065+0000] {processor.py:826} INFO - Processing file /usr/local/python/3.10.13/lib/python3.10/site-packages/airflow/example_dags/example_short_circuit_operator.py for tasks to queue
[2024-04-02T09:20:05.070+0000] {logging_mixin.py:150} INFO - [2024-04-02T09:20:05.070+0000] {dagbag.py:541} INFO - Filling up the DagBag from /usr/local/python/3.10.13/lib/python3.10/site-packages/airflow/example_dags/example_short_circuit_operator.py
[2024-04-02T09:20:05.085+0000] {processor.py:836} INFO - DAG(s) dict_keys(['example_short_circuit_operator']) retrieved from /usr/local/python/3.10.13/lib/python3.10/site-packages/airflow/example_dags/example_short_circuit_operator.py
[2024-04-02T09:20:05.108+0000] {logging_mixin.py:150} INFO - [2024-04-02T09:20:05.108+0000] {dag.py:2742} INFO - Sync 1 DAGs
[2024-04-02T09:20:05.132+0000] {logging_mixin.py:150} INFO - [2024-04-02T09:20:05.132+0000] {dag.py:3504} INFO - Setting next_dagrun for example_short_circuit_operator to 2024-04-01T09:20:05.132102+00:00, run_after=2024-04-02T09:20:05.132102+00:00
[2024-04-02T09:20:05.178+0000] {processor.py:179} INFO - Processing /usr/local/python/3.10.13/lib/python3.10/site-packages/airflow/example_dags/example_short_circuit_operator.py took 0.123 seconds
[2024-04-02T09:21:05.237+0000] {processor.py:157} INFO - Started process (PID=23396) to work on /usr/local/python/3.10.13/lib/python3.10/site-packages/airflow/example_dags/example_short_circuit_operator.py
[2024-04-02T09:21:05.238+0000] {processor.py:826} INFO - Processing file /usr/local/python/3.10.13/lib/python3.10/site-packages/airflow/example_dags/example_short_circuit_operator.py for tasks to queue
[2024-04-02T09:21:05.238+0000] {logging_mixin.py:150} INFO - [2024-04-02T09:21:05.238+0000] {dagbag.py:541} INFO - Filling up the DagBag from /usr/local/python/3.10.13/lib/python3.10/site-packages/airflow/example_dags/example_short_circuit_operator.py
[2024-04-02T09:21:05.245+0000] {processor.py:836} INFO - DAG(s) dict_keys(['example_short_circuit_operator']) retrieved from /usr/local/python/3.10.13/lib/python3.10/site-packages/airflow/example_dags/example_short_circuit_operator.py
[2024-04-02T09:21:05.258+0000] {logging_mixin.py:150} INFO - [2024-04-02T09:21:05.258+0000] {dag.py:2742} INFO - Sync 1 DAGs
[2024-04-02T09:21:05.274+0000] {logging_mixin.py:150} INFO - [2024-04-02T09:21:05.274+0000] {dag.py:3504} INFO - Setting next_dagrun for example_short_circuit_operator to 2024-04-01T09:21:05.274157+00:00, run_after=2024-04-02T09:21:05.274157+00:00
[2024-04-02T09:21:05.313+0000] {processor.py:179} INFO - Processing /usr/local/python/3.10.13/lib/python3.10/site-packages/airflow/example_dags/example_short_circuit_operator.py took 0.079 seconds
[2024-04-02T09:21:58.639+0000] {processor.py:157} INFO - Started process (PID=23780) to work on /usr/local/python/3.10.13/lib/python3.10/site-packages/airflow/example_dags/example_short_circuit_operator.py
[2024-04-02T09:21:58.640+0000] {processor.py:826} INFO - Processing file /usr/local/python/3.10.13/lib/python3.10/site-packages/airflow/example_dags/example_short_circuit_operator.py for tasks to queue
[2024-04-02T09:21:58.641+0000] {logging_mixin.py:150} INFO - [2024-04-02T09:21:58.641+0000] {dagbag.py:541} INFO - Filling up the DagBag from /usr/local/python/3.10.13/lib/python3.10/site-packages/airflow/example_dags/example_short_circuit_operator.py
[2024-04-02T09:21:58.651+0000] {processor.py:836} INFO - DAG(s) dict_keys(['example_short_circuit_operator']) retrieved from /usr/local/python/3.10.13/lib/python3.10/site-packages/airflow/example_dags/example_short_circuit_operator.py
[2024-04-02T09:21:58.671+0000] {logging_mixin.py:150} INFO - [2024-04-02T09:21:58.671+0000] {dag.py:2742} INFO - Sync 1 DAGs
[2024-04-02T09:21:58.694+0000] {logging_mixin.py:150} INFO - [2024-04-02T09:21:58.694+0000] {dag.py:3504} INFO - Setting next_dagrun for example_short_circuit_operator to 2024-04-01T09:21:58.693809+00:00, run_after=2024-04-02T09:21:58.693809+00:00
[2024-04-02T09:21:58.737+0000] {processor.py:179} INFO - Processing /usr/local/python/3.10.13/lib/python3.10/site-packages/airflow/example_dags/example_short_circuit_operator.py took 0.102 seconds
[2024-04-02T09:22:59.644+0000] {processor.py:157} INFO - Started process (PID=24194) to work on /usr/local/python/3.10.13/lib/python3.10/site-packages/airflow/example_dags/example_short_circuit_operator.py
[2024-04-02T09:22:59.645+0000] {processor.py:826} INFO - Processing file /usr/local/python/3.10.13/lib/python3.10/site-packages/airflow/example_dags/example_short_circuit_operator.py for tasks to queue
[2024-04-02T09:22:59.646+0000] {logging_mixin.py:150} INFO - [2024-04-02T09:22:59.645+0000] {dagbag.py:541} INFO - Filling up the DagBag from /usr/local/python/3.10.13/lib/python3.10/site-packages/airflow/example_dags/example_short_circuit_operator.py
[2024-04-02T09:22:59.652+0000] {processor.py:836} INFO - DAG(s) dict_keys(['example_short_circuit_operator']) retrieved from /usr/local/python/3.10.13/lib/python3.10/site-packages/airflow/example_dags/example_short_circuit_operator.py
[2024-04-02T09:22:59.667+0000] {logging_mixin.py:150} INFO - [2024-04-02T09:22:59.667+0000] {dag.py:2742} INFO - Sync 1 DAGs
[2024-04-02T09:22:59.683+0000] {logging_mixin.py:150} INFO - [2024-04-02T09:22:59.682+0000] {dag.py:3504} INFO - Setting next_dagrun for example_short_circuit_operator to 2024-04-01T09:22:59.682711+00:00, run_after=2024-04-02T09:22:59.682711+00:00
[2024-04-02T09:22:59.723+0000] {processor.py:179} INFO - Processing /usr/local/python/3.10.13/lib/python3.10/site-packages/airflow/example_dags/example_short_circuit_operator.py took 0.082 seconds
[2024-04-02T09:23:58.355+0000] {processor.py:157} INFO - Started process (PID=24578) to work on /usr/local/python/3.10.13/lib/python3.10/site-packages/airflow/example_dags/example_short_circuit_operator.py
[2024-04-02T09:23:58.355+0000] {processor.py:826} INFO - Processing file /usr/local/python/3.10.13/lib/python3.10/site-packages/airflow/example_dags/example_short_circuit_operator.py for tasks to queue
[2024-04-02T09:23:58.356+0000] {logging_mixin.py:150} INFO - [2024-04-02T09:23:58.356+0000] {dagbag.py:541} INFO - Filling up the DagBag from /usr/local/python/3.10.13/lib/python3.10/site-packages/airflow/example_dags/example_short_circuit_operator.py
[2024-04-02T09:23:58.363+0000] {processor.py:836} INFO - DAG(s) dict_keys(['example_short_circuit_operator']) retrieved from /usr/local/python/3.10.13/lib/python3.10/site-packages/airflow/example_dags/example_short_circuit_operator.py
[2024-04-02T09:23:58.377+0000] {logging_mixin.py:150} INFO - [2024-04-02T09:23:58.377+0000] {dag.py:2742} INFO - Sync 1 DAGs
[2024-04-02T09:23:58.392+0000] {logging_mixin.py:150} INFO - [2024-04-02T09:23:58.392+0000] {dag.py:3504} INFO - Setting next_dagrun for example_short_circuit_operator to 2024-04-01T09:23:58.392100+00:00, run_after=2024-04-02T09:23:58.392100+00:00
[2024-04-02T09:23:58.431+0000] {processor.py:179} INFO - Processing /usr/local/python/3.10.13/lib/python3.10/site-packages/airflow/example_dags/example_short_circuit_operator.py took 0.079 seconds
[2024-04-02T09:24:48.733+0000] {processor.py:157} INFO - Started process (PID=24948) to work on /usr/local/python/3.10.13/lib/python3.10/site-packages/airflow/example_dags/example_short_circuit_operator.py
[2024-04-02T09:24:48.734+0000] {processor.py:826} INFO - Processing file /usr/local/python/3.10.13/lib/python3.10/site-packages/airflow/example_dags/example_short_circuit_operator.py for tasks to queue
[2024-04-02T09:24:48.735+0000] {logging_mixin.py:150} INFO - [2024-04-02T09:24:48.734+0000] {dagbag.py:541} INFO - Filling up the DagBag from /usr/local/python/3.10.13/lib/python3.10/site-packages/airflow/example_dags/example_short_circuit_operator.py
[2024-04-02T09:24:48.741+0000] {processor.py:836} INFO - DAG(s) dict_keys(['example_short_circuit_operator']) retrieved from /usr/local/python/3.10.13/lib/python3.10/site-packages/airflow/example_dags/example_short_circuit_operator.py
[2024-04-02T09:24:48.755+0000] {logging_mixin.py:150} INFO - [2024-04-02T09:24:48.755+0000] {dag.py:2742} INFO - Sync 1 DAGs
[2024-04-02T09:24:48.771+0000] {logging_mixin.py:150} INFO - [2024-04-02T09:24:48.771+0000] {dag.py:3504} INFO - Setting next_dagrun for example_short_circuit_operator to 2024-04-01T09:24:48.771314+00:00, run_after=2024-04-02T09:24:48.771314+00:00
[2024-04-02T09:24:48.808+0000] {processor.py:179} INFO - Processing /usr/local/python/3.10.13/lib/python3.10/site-packages/airflow/example_dags/example_short_circuit_operator.py took 0.077 seconds
[2024-04-02T09:25:51.152+0000] {processor.py:157} INFO - Started process (PID=25372) to work on /usr/local/python/3.10.13/lib/python3.10/site-packages/airflow/example_dags/example_short_circuit_operator.py
[2024-04-02T09:25:51.153+0000] {processor.py:826} INFO - Processing file /usr/local/python/3.10.13/lib/python3.10/site-packages/airflow/example_dags/example_short_circuit_operator.py for tasks to queue
[2024-04-02T09:25:51.154+0000] {logging_mixin.py:150} INFO - [2024-04-02T09:25:51.154+0000] {dagbag.py:541} INFO - Filling up the DagBag from /usr/local/python/3.10.13/lib/python3.10/site-packages/airflow/example_dags/example_short_circuit_operator.py
[2024-04-02T09:25:51.164+0000] {processor.py:836} INFO - DAG(s) dict_keys(['example_short_circuit_operator']) retrieved from /usr/local/python/3.10.13/lib/python3.10/site-packages/airflow/example_dags/example_short_circuit_operator.py
[2024-04-02T09:25:51.180+0000] {logging_mixin.py:150} INFO - [2024-04-02T09:25:51.180+0000] {dag.py:2742} INFO - Sync 1 DAGs
[2024-04-02T09:25:51.196+0000] {logging_mixin.py:150} INFO - [2024-04-02T09:25:51.196+0000] {dag.py:3504} INFO - Setting next_dagrun for example_short_circuit_operator to 2024-04-01T09:25:51.196232+00:00, run_after=2024-04-02T09:25:51.196232+00:00
[2024-04-02T09:25:51.237+0000] {processor.py:179} INFO - Processing /usr/local/python/3.10.13/lib/python3.10/site-packages/airflow/example_dags/example_short_circuit_operator.py took 0.088 seconds
[2024-04-02T09:26:53.310+0000] {processor.py:157} INFO - Started process (PID=25788) to work on /usr/local/python/3.10.13/lib/python3.10/site-packages/airflow/example_dags/example_short_circuit_operator.py
[2024-04-02T09:26:53.310+0000] {processor.py:826} INFO - Processing file /usr/local/python/3.10.13/lib/python3.10/site-packages/airflow/example_dags/example_short_circuit_operator.py for tasks to queue
[2024-04-02T09:26:53.311+0000] {logging_mixin.py:150} INFO - [2024-04-02T09:26:53.311+0000] {dagbag.py:541} INFO - Filling up the DagBag from /usr/local/python/3.10.13/lib/python3.10/site-packages/airflow/example_dags/example_short_circuit_operator.py
[2024-04-02T09:26:53.317+0000] {processor.py:836} INFO - DAG(s) dict_keys(['example_short_circuit_operator']) retrieved from /usr/local/python/3.10.13/lib/python3.10/site-packages/airflow/example_dags/example_short_circuit_operator.py
[2024-04-02T09:26:53.331+0000] {logging_mixin.py:150} INFO - [2024-04-02T09:26:53.331+0000] {dag.py:2742} INFO - Sync 1 DAGs
[2024-04-02T09:26:53.346+0000] {logging_mixin.py:150} INFO - [2024-04-02T09:26:53.346+0000] {dag.py:3504} INFO - Setting next_dagrun for example_short_circuit_operator to 2024-04-01T09:26:53.346160+00:00, run_after=2024-04-02T09:26:53.346160+00:00
[2024-04-02T09:26:53.387+0000] {processor.py:179} INFO - Processing /usr/local/python/3.10.13/lib/python3.10/site-packages/airflow/example_dags/example_short_circuit_operator.py took 0.080 seconds
[2024-04-02T09:27:52.965+0000] {processor.py:157} INFO - Started process (PID=26201) to work on /usr/local/python/3.10.13/lib/python3.10/site-packages/airflow/example_dags/example_short_circuit_operator.py
[2024-04-02T09:27:52.966+0000] {processor.py:826} INFO - Processing file /usr/local/python/3.10.13/lib/python3.10/site-packages/airflow/example_dags/example_short_circuit_operator.py for tasks to queue
[2024-04-02T09:27:52.967+0000] {logging_mixin.py:150} INFO - [2024-04-02T09:27:52.967+0000] {dagbag.py:541} INFO - Filling up the DagBag from /usr/local/python/3.10.13/lib/python3.10/site-packages/airflow/example_dags/example_short_circuit_operator.py
[2024-04-02T09:27:52.978+0000] {processor.py:836} INFO - DAG(s) dict_keys(['example_short_circuit_operator']) retrieved from /usr/local/python/3.10.13/lib/python3.10/site-packages/airflow/example_dags/example_short_circuit_operator.py
[2024-04-02T09:27:53.000+0000] {logging_mixin.py:150} INFO - [2024-04-02T09:27:53.000+0000] {dag.py:2742} INFO - Sync 1 DAGs
[2024-04-02T09:27:53.024+0000] {logging_mixin.py:150} INFO - [2024-04-02T09:27:53.024+0000] {dag.py:3504} INFO - Setting next_dagrun for example_short_circuit_operator to 2024-04-01T09:27:53.024149+00:00, run_after=2024-04-02T09:27:53.024149+00:00
[2024-04-02T09:27:53.072+0000] {processor.py:179} INFO - Processing /usr/local/python/3.10.13/lib/python3.10/site-packages/airflow/example_dags/example_short_circuit_operator.py took 0.110 seconds
[2024-04-02T09:28:56.212+0000] {processor.py:157} INFO - Started process (PID=26623) to work on /usr/local/python/3.10.13/lib/python3.10/site-packages/airflow/example_dags/example_short_circuit_operator.py
[2024-04-02T09:28:56.212+0000] {processor.py:826} INFO - Processing file /usr/local/python/3.10.13/lib/python3.10/site-packages/airflow/example_dags/example_short_circuit_operator.py for tasks to queue
[2024-04-02T09:28:56.213+0000] {logging_mixin.py:150} INFO - [2024-04-02T09:28:56.213+0000] {dagbag.py:541} INFO - Filling up the DagBag from /usr/local/python/3.10.13/lib/python3.10/site-packages/airflow/example_dags/example_short_circuit_operator.py
[2024-04-02T09:28:56.220+0000] {processor.py:836} INFO - DAG(s) dict_keys(['example_short_circuit_operator']) retrieved from /usr/local/python/3.10.13/lib/python3.10/site-packages/airflow/example_dags/example_short_circuit_operator.py
[2024-04-02T09:28:56.234+0000] {logging_mixin.py:150} INFO - [2024-04-02T09:28:56.234+0000] {dag.py:2742} INFO - Sync 1 DAGs
[2024-04-02T09:28:56.338+0000] {logging_mixin.py:150} INFO - [2024-04-02T09:28:56.338+0000] {dag.py:3504} INFO - Setting next_dagrun for example_short_circuit_operator to 2024-04-01T09:28:56.338421+00:00, run_after=2024-04-02T09:28:56.338421+00:00
[2024-04-02T09:28:56.403+0000] {processor.py:179} INFO - Processing /usr/local/python/3.10.13/lib/python3.10/site-packages/airflow/example_dags/example_short_circuit_operator.py took 0.193 seconds
[2024-04-02T09:29:53.423+0000] {processor.py:157} INFO - Started process (PID=27069) to work on /usr/local/python/3.10.13/lib/python3.10/site-packages/airflow/example_dags/example_short_circuit_operator.py
[2024-04-02T09:29:53.424+0000] {processor.py:826} INFO - Processing file /usr/local/python/3.10.13/lib/python3.10/site-packages/airflow/example_dags/example_short_circuit_operator.py for tasks to queue
[2024-04-02T09:29:53.426+0000] {logging_mixin.py:150} INFO - [2024-04-02T09:29:53.425+0000] {dagbag.py:541} INFO - Filling up the DagBag from /usr/local/python/3.10.13/lib/python3.10/site-packages/airflow/example_dags/example_short_circuit_operator.py
[2024-04-02T09:29:53.436+0000] {processor.py:836} INFO - DAG(s) dict_keys(['example_short_circuit_operator']) retrieved from /usr/local/python/3.10.13/lib/python3.10/site-packages/airflow/example_dags/example_short_circuit_operator.py
[2024-04-02T09:29:53.457+0000] {logging_mixin.py:150} INFO - [2024-04-02T09:29:53.457+0000] {dag.py:2742} INFO - Sync 1 DAGs
[2024-04-02T09:29:53.473+0000] {logging_mixin.py:150} INFO - [2024-04-02T09:29:53.473+0000] {dag.py:3504} INFO - Setting next_dagrun for example_short_circuit_operator to 2024-04-01T09:29:53.473271+00:00, run_after=2024-04-02T09:29:53.473271+00:00
[2024-04-02T09:29:53.513+0000] {processor.py:179} INFO - Processing /usr/local/python/3.10.13/lib/python3.10/site-packages/airflow/example_dags/example_short_circuit_operator.py took 0.092 seconds
[2024-04-02T09:30:46.222+0000] {processor.py:157} INFO - Started process (PID=27424) to work on /usr/local/python/3.10.13/lib/python3.10/site-packages/airflow/example_dags/example_short_circuit_operator.py
[2024-04-02T09:30:46.222+0000] {processor.py:826} INFO - Processing file /usr/local/python/3.10.13/lib/python3.10/site-packages/airflow/example_dags/example_short_circuit_operator.py for tasks to queue
[2024-04-02T09:30:46.223+0000] {logging_mixin.py:150} INFO - [2024-04-02T09:30:46.223+0000] {dagbag.py:541} INFO - Filling up the DagBag from /usr/local/python/3.10.13/lib/python3.10/site-packages/airflow/example_dags/example_short_circuit_operator.py
[2024-04-02T09:30:46.231+0000] {processor.py:836} INFO - DAG(s) dict_keys(['example_short_circuit_operator']) retrieved from /usr/local/python/3.10.13/lib/python3.10/site-packages/airflow/example_dags/example_short_circuit_operator.py
[2024-04-02T09:30:46.253+0000] {logging_mixin.py:150} INFO - [2024-04-02T09:30:46.253+0000] {dag.py:2742} INFO - Sync 1 DAGs
[2024-04-02T09:30:46.279+0000] {logging_mixin.py:150} INFO - [2024-04-02T09:30:46.279+0000] {dag.py:3504} INFO - Setting next_dagrun for example_short_circuit_operator to 2024-04-01T09:30:46.278749+00:00, run_after=2024-04-02T09:30:46.278749+00:00
[2024-04-02T09:30:46.332+0000] {processor.py:179} INFO - Processing /usr/local/python/3.10.13/lib/python3.10/site-packages/airflow/example_dags/example_short_circuit_operator.py took 0.113 seconds
[2024-04-02T09:31:47.439+0000] {processor.py:157} INFO - Started process (PID=27843) to work on /usr/local/python/3.10.13/lib/python3.10/site-packages/airflow/example_dags/example_short_circuit_operator.py
[2024-04-02T09:31:47.440+0000] {processor.py:826} INFO - Processing file /usr/local/python/3.10.13/lib/python3.10/site-packages/airflow/example_dags/example_short_circuit_operator.py for tasks to queue
[2024-04-02T09:31:47.441+0000] {logging_mixin.py:150} INFO - [2024-04-02T09:31:47.441+0000] {dagbag.py:541} INFO - Filling up the DagBag from /usr/local/python/3.10.13/lib/python3.10/site-packages/airflow/example_dags/example_short_circuit_operator.py
[2024-04-02T09:31:47.450+0000] {processor.py:836} INFO - DAG(s) dict_keys(['example_short_circuit_operator']) retrieved from /usr/local/python/3.10.13/lib/python3.10/site-packages/airflow/example_dags/example_short_circuit_operator.py
[2024-04-02T09:31:47.471+0000] {logging_mixin.py:150} INFO - [2024-04-02T09:31:47.471+0000] {dag.py:2742} INFO - Sync 1 DAGs
[2024-04-02T09:31:47.497+0000] {logging_mixin.py:150} INFO - [2024-04-02T09:31:47.497+0000] {dag.py:3504} INFO - Setting next_dagrun for example_short_circuit_operator to 2024-04-01T09:31:47.497333+00:00, run_after=2024-04-02T09:31:47.497333+00:00
[2024-04-02T09:31:47.546+0000] {processor.py:179} INFO - Processing /usr/local/python/3.10.13/lib/python3.10/site-packages/airflow/example_dags/example_short_circuit_operator.py took 0.110 seconds
[2024-04-02T09:32:46.725+0000] {processor.py:157} INFO - Started process (PID=28249) to work on /usr/local/python/3.10.13/lib/python3.10/site-packages/airflow/example_dags/example_short_circuit_operator.py
[2024-04-02T09:32:46.725+0000] {processor.py:826} INFO - Processing file /usr/local/python/3.10.13/lib/python3.10/site-packages/airflow/example_dags/example_short_circuit_operator.py for tasks to queue
[2024-04-02T09:32:46.726+0000] {logging_mixin.py:150} INFO - [2024-04-02T09:32:46.726+0000] {dagbag.py:541} INFO - Filling up the DagBag from /usr/local/python/3.10.13/lib/python3.10/site-packages/airflow/example_dags/example_short_circuit_operator.py
[2024-04-02T09:32:46.733+0000] {processor.py:836} INFO - DAG(s) dict_keys(['example_short_circuit_operator']) retrieved from /usr/local/python/3.10.13/lib/python3.10/site-packages/airflow/example_dags/example_short_circuit_operator.py
[2024-04-02T09:32:46.747+0000] {logging_mixin.py:150} INFO - [2024-04-02T09:32:46.747+0000] {dag.py:2742} INFO - Sync 1 DAGs
[2024-04-02T09:32:46.762+0000] {logging_mixin.py:150} INFO - [2024-04-02T09:32:46.762+0000] {dag.py:3504} INFO - Setting next_dagrun for example_short_circuit_operator to 2024-04-01T09:32:46.762416+00:00, run_after=2024-04-02T09:32:46.762416+00:00
[2024-04-02T09:32:46.806+0000] {processor.py:179} INFO - Processing /usr/local/python/3.10.13/lib/python3.10/site-packages/airflow/example_dags/example_short_circuit_operator.py took 0.083 seconds
[2024-04-02T09:33:46.211+0000] {processor.py:157} INFO - Started process (PID=28660) to work on /usr/local/python/3.10.13/lib/python3.10/site-packages/airflow/example_dags/example_short_circuit_operator.py
[2024-04-02T09:33:46.212+0000] {processor.py:826} INFO - Processing file /usr/local/python/3.10.13/lib/python3.10/site-packages/airflow/example_dags/example_short_circuit_operator.py for tasks to queue
[2024-04-02T09:33:46.213+0000] {logging_mixin.py:150} INFO - [2024-04-02T09:33:46.213+0000] {dagbag.py:541} INFO - Filling up the DagBag from /usr/local/python/3.10.13/lib/python3.10/site-packages/airflow/example_dags/example_short_circuit_operator.py
[2024-04-02T09:33:46.219+0000] {processor.py:836} INFO - DAG(s) dict_keys(['example_short_circuit_operator']) retrieved from /usr/local/python/3.10.13/lib/python3.10/site-packages/airflow/example_dags/example_short_circuit_operator.py
[2024-04-02T09:33:46.233+0000] {logging_mixin.py:150} INFO - [2024-04-02T09:33:46.233+0000] {dag.py:2742} INFO - Sync 1 DAGs
[2024-04-02T09:33:46.249+0000] {logging_mixin.py:150} INFO - [2024-04-02T09:33:46.248+0000] {dag.py:3504} INFO - Setting next_dagrun for example_short_circuit_operator to 2024-04-01T09:33:46.248755+00:00, run_after=2024-04-02T09:33:46.248755+00:00
[2024-04-02T09:33:46.288+0000] {processor.py:179} INFO - Processing /usr/local/python/3.10.13/lib/python3.10/site-packages/airflow/example_dags/example_short_circuit_operator.py took 0.079 seconds
[2024-04-02T09:34:40.568+0000] {processor.py:157} INFO - Started process (PID=29052) to work on /usr/local/python/3.10.13/lib/python3.10/site-packages/airflow/example_dags/example_short_circuit_operator.py
[2024-04-02T09:34:40.569+0000] {processor.py:826} INFO - Processing file /usr/local/python/3.10.13/lib/python3.10/site-packages/airflow/example_dags/example_short_circuit_operator.py for tasks to queue
[2024-04-02T09:34:40.570+0000] {logging_mixin.py:150} INFO - [2024-04-02T09:34:40.570+0000] {dagbag.py:541} INFO - Filling up the DagBag from /usr/local/python/3.10.13/lib/python3.10/site-packages/airflow/example_dags/example_short_circuit_operator.py
[2024-04-02T09:34:40.581+0000] {processor.py:836} INFO - DAG(s) dict_keys(['example_short_circuit_operator']) retrieved from /usr/local/python/3.10.13/lib/python3.10/site-packages/airflow/example_dags/example_short_circuit_operator.py
[2024-04-02T09:34:40.603+0000] {logging_mixin.py:150} INFO - [2024-04-02T09:34:40.603+0000] {dag.py:2742} INFO - Sync 1 DAGs
[2024-04-02T09:34:40.628+0000] {logging_mixin.py:150} INFO - [2024-04-02T09:34:40.628+0000] {dag.py:3504} INFO - Setting next_dagrun for example_short_circuit_operator to 2024-04-01T09:34:40.628427+00:00, run_after=2024-04-02T09:34:40.628427+00:00
[2024-04-02T09:34:40.678+0000] {processor.py:179} INFO - Processing /usr/local/python/3.10.13/lib/python3.10/site-packages/airflow/example_dags/example_short_circuit_operator.py took 0.113 seconds
[2024-04-02T09:35:38.643+0000] {processor.py:157} INFO - Started process (PID=29454) to work on /usr/local/python/3.10.13/lib/python3.10/site-packages/airflow/example_dags/example_short_circuit_operator.py
[2024-04-02T09:35:38.644+0000] {processor.py:826} INFO - Processing file /usr/local/python/3.10.13/lib/python3.10/site-packages/airflow/example_dags/example_short_circuit_operator.py for tasks to queue
[2024-04-02T09:35:38.645+0000] {logging_mixin.py:150} INFO - [2024-04-02T09:35:38.645+0000] {dagbag.py:541} INFO - Filling up the DagBag from /usr/local/python/3.10.13/lib/python3.10/site-packages/airflow/example_dags/example_short_circuit_operator.py
[2024-04-02T09:35:38.656+0000] {processor.py:836} INFO - DAG(s) dict_keys(['example_short_circuit_operator']) retrieved from /usr/local/python/3.10.13/lib/python3.10/site-packages/airflow/example_dags/example_short_circuit_operator.py
[2024-04-02T09:35:38.677+0000] {logging_mixin.py:150} INFO - [2024-04-02T09:35:38.677+0000] {dag.py:2742} INFO - Sync 1 DAGs
[2024-04-02T09:35:38.693+0000] {logging_mixin.py:150} INFO - [2024-04-02T09:35:38.692+0000] {dag.py:3504} INFO - Setting next_dagrun for example_short_circuit_operator to 2024-04-01T09:35:38.692716+00:00, run_after=2024-04-02T09:35:38.692716+00:00
[2024-04-02T09:35:38.733+0000] {processor.py:179} INFO - Processing /usr/local/python/3.10.13/lib/python3.10/site-packages/airflow/example_dags/example_short_circuit_operator.py took 0.093 seconds
[2024-04-02T09:36:30.598+0000] {processor.py:157} INFO - Started process (PID=29810) to work on /usr/local/python/3.10.13/lib/python3.10/site-packages/airflow/example_dags/example_short_circuit_operator.py
[2024-04-02T09:36:30.599+0000] {processor.py:826} INFO - Processing file /usr/local/python/3.10.13/lib/python3.10/site-packages/airflow/example_dags/example_short_circuit_operator.py for tasks to queue
[2024-04-02T09:36:30.600+0000] {logging_mixin.py:150} INFO - [2024-04-02T09:36:30.599+0000] {dagbag.py:541} INFO - Filling up the DagBag from /usr/local/python/3.10.13/lib/python3.10/site-packages/airflow/example_dags/example_short_circuit_operator.py
[2024-04-02T09:36:30.606+0000] {processor.py:836} INFO - DAG(s) dict_keys(['example_short_circuit_operator']) retrieved from /usr/local/python/3.10.13/lib/python3.10/site-packages/airflow/example_dags/example_short_circuit_operator.py
[2024-04-02T09:36:30.620+0000] {logging_mixin.py:150} INFO - [2024-04-02T09:36:30.619+0000] {dag.py:2742} INFO - Sync 1 DAGs
[2024-04-02T09:36:30.635+0000] {logging_mixin.py:150} INFO - [2024-04-02T09:36:30.634+0000] {dag.py:3504} INFO - Setting next_dagrun for example_short_circuit_operator to 2024-04-01T09:36:30.634798+00:00, run_after=2024-04-02T09:36:30.634798+00:00
[2024-04-02T09:36:30.677+0000] {processor.py:179} INFO - Processing /usr/local/python/3.10.13/lib/python3.10/site-packages/airflow/example_dags/example_short_circuit_operator.py took 0.082 seconds
[2024-04-02T09:37:29.073+0000] {processor.py:157} INFO - Started process (PID=30218) to work on /usr/local/python/3.10.13/lib/python3.10/site-packages/airflow/example_dags/example_short_circuit_operator.py
[2024-04-02T09:37:29.074+0000] {processor.py:826} INFO - Processing file /usr/local/python/3.10.13/lib/python3.10/site-packages/airflow/example_dags/example_short_circuit_operator.py for tasks to queue
[2024-04-02T09:37:29.075+0000] {logging_mixin.py:150} INFO - [2024-04-02T09:37:29.075+0000] {dagbag.py:541} INFO - Filling up the DagBag from /usr/local/python/3.10.13/lib/python3.10/site-packages/airflow/example_dags/example_short_circuit_operator.py
[2024-04-02T09:37:29.085+0000] {processor.py:836} INFO - DAG(s) dict_keys(['example_short_circuit_operator']) retrieved from /usr/local/python/3.10.13/lib/python3.10/site-packages/airflow/example_dags/example_short_circuit_operator.py
[2024-04-02T09:37:29.108+0000] {logging_mixin.py:150} INFO - [2024-04-02T09:37:29.108+0000] {dag.py:2742} INFO - Sync 1 DAGs
[2024-04-02T09:37:29.131+0000] {logging_mixin.py:150} INFO - [2024-04-02T09:37:29.131+0000] {dag.py:3504} INFO - Setting next_dagrun for example_short_circuit_operator to 2024-04-01T09:37:29.131201+00:00, run_after=2024-04-02T09:37:29.131201+00:00
[2024-04-02T09:37:29.173+0000] {processor.py:179} INFO - Processing /usr/local/python/3.10.13/lib/python3.10/site-packages/airflow/example_dags/example_short_circuit_operator.py took 0.104 seconds
[2024-04-02T09:38:24.172+0000] {processor.py:157} INFO - Started process (PID=30581) to work on /usr/local/python/3.10.13/lib/python3.10/site-packages/airflow/example_dags/example_short_circuit_operator.py
[2024-04-02T09:38:24.173+0000] {processor.py:826} INFO - Processing file /usr/local/python/3.10.13/lib/python3.10/site-packages/airflow/example_dags/example_short_circuit_operator.py for tasks to queue
[2024-04-02T09:38:24.174+0000] {logging_mixin.py:150} INFO - [2024-04-02T09:38:24.173+0000] {dagbag.py:541} INFO - Filling up the DagBag from /usr/local/python/3.10.13/lib/python3.10/site-packages/airflow/example_dags/example_short_circuit_operator.py
[2024-04-02T09:38:24.180+0000] {processor.py:836} INFO - DAG(s) dict_keys(['example_short_circuit_operator']) retrieved from /usr/local/python/3.10.13/lib/python3.10/site-packages/airflow/example_dags/example_short_circuit_operator.py
[2024-04-02T09:38:24.195+0000] {logging_mixin.py:150} INFO - [2024-04-02T09:38:24.195+0000] {dag.py:2742} INFO - Sync 1 DAGs
[2024-04-02T09:38:24.210+0000] {logging_mixin.py:150} INFO - [2024-04-02T09:38:24.210+0000] {dag.py:3504} INFO - Setting next_dagrun for example_short_circuit_operator to 2024-04-01T09:38:24.210190+00:00, run_after=2024-04-02T09:38:24.210190+00:00
[2024-04-02T09:38:24.248+0000] {processor.py:179} INFO - Processing /usr/local/python/3.10.13/lib/python3.10/site-packages/airflow/example_dags/example_short_circuit_operator.py took 0.079 seconds
[2024-04-02T09:39:21.255+0000] {processor.py:157} INFO - Started process (PID=30974) to work on /usr/local/python/3.10.13/lib/python3.10/site-packages/airflow/example_dags/example_short_circuit_operator.py
[2024-04-02T09:39:21.256+0000] {processor.py:826} INFO - Processing file /usr/local/python/3.10.13/lib/python3.10/site-packages/airflow/example_dags/example_short_circuit_operator.py for tasks to queue
[2024-04-02T09:39:21.257+0000] {logging_mixin.py:150} INFO - [2024-04-02T09:39:21.257+0000] {dagbag.py:541} INFO - Filling up the DagBag from /usr/local/python/3.10.13/lib/python3.10/site-packages/airflow/example_dags/example_short_circuit_operator.py
[2024-04-02T09:39:21.263+0000] {processor.py:836} INFO - DAG(s) dict_keys(['example_short_circuit_operator']) retrieved from /usr/local/python/3.10.13/lib/python3.10/site-packages/airflow/example_dags/example_short_circuit_operator.py
[2024-04-02T09:39:21.278+0000] {logging_mixin.py:150} INFO - [2024-04-02T09:39:21.277+0000] {dag.py:2742} INFO - Sync 1 DAGs
[2024-04-02T09:39:21.293+0000] {logging_mixin.py:150} INFO - [2024-04-02T09:39:21.293+0000] {dag.py:3504} INFO - Setting next_dagrun for example_short_circuit_operator to 2024-04-01T09:39:21.293057+00:00, run_after=2024-04-02T09:39:21.293057+00:00
[2024-04-02T09:39:21.334+0000] {processor.py:179} INFO - Processing /usr/local/python/3.10.13/lib/python3.10/site-packages/airflow/example_dags/example_short_circuit_operator.py took 0.081 seconds
[2024-04-02T09:40:19.045+0000] {processor.py:157} INFO - Started process (PID=31410) to work on /usr/local/python/3.10.13/lib/python3.10/site-packages/airflow/example_dags/example_short_circuit_operator.py
[2024-04-02T09:40:19.046+0000] {processor.py:826} INFO - Processing file /usr/local/python/3.10.13/lib/python3.10/site-packages/airflow/example_dags/example_short_circuit_operator.py for tasks to queue
[2024-04-02T09:40:19.047+0000] {logging_mixin.py:150} INFO - [2024-04-02T09:40:19.047+0000] {dagbag.py:541} INFO - Filling up the DagBag from /usr/local/python/3.10.13/lib/python3.10/site-packages/airflow/example_dags/example_short_circuit_operator.py
[2024-04-02T09:40:19.053+0000] {processor.py:836} INFO - DAG(s) dict_keys(['example_short_circuit_operator']) retrieved from /usr/local/python/3.10.13/lib/python3.10/site-packages/airflow/example_dags/example_short_circuit_operator.py
[2024-04-02T09:40:19.068+0000] {logging_mixin.py:150} INFO - [2024-04-02T09:40:19.067+0000] {dag.py:2742} INFO - Sync 1 DAGs
[2024-04-02T09:40:19.084+0000] {logging_mixin.py:150} INFO - [2024-04-02T09:40:19.084+0000] {dag.py:3504} INFO - Setting next_dagrun for example_short_circuit_operator to 2024-04-01T09:40:19.083985+00:00, run_after=2024-04-02T09:40:19.083985+00:00
[2024-04-02T09:40:19.124+0000] {processor.py:179} INFO - Processing /usr/local/python/3.10.13/lib/python3.10/site-packages/airflow/example_dags/example_short_circuit_operator.py took 0.081 seconds
[2024-04-02T09:41:16.316+0000] {processor.py:157} INFO - Started process (PID=31809) to work on /usr/local/python/3.10.13/lib/python3.10/site-packages/airflow/example_dags/example_short_circuit_operator.py
[2024-04-02T09:41:16.317+0000] {processor.py:826} INFO - Processing file /usr/local/python/3.10.13/lib/python3.10/site-packages/airflow/example_dags/example_short_circuit_operator.py for tasks to queue
[2024-04-02T09:41:16.318+0000] {logging_mixin.py:150} INFO - [2024-04-02T09:41:16.318+0000] {dagbag.py:541} INFO - Filling up the DagBag from /usr/local/python/3.10.13/lib/python3.10/site-packages/airflow/example_dags/example_short_circuit_operator.py
[2024-04-02T09:41:16.325+0000] {processor.py:836} INFO - DAG(s) dict_keys(['example_short_circuit_operator']) retrieved from /usr/local/python/3.10.13/lib/python3.10/site-packages/airflow/example_dags/example_short_circuit_operator.py
[2024-04-02T09:41:16.340+0000] {logging_mixin.py:150} INFO - [2024-04-02T09:41:16.340+0000] {dag.py:2742} INFO - Sync 1 DAGs
[2024-04-02T09:41:16.356+0000] {logging_mixin.py:150} INFO - [2024-04-02T09:41:16.356+0000] {dag.py:3504} INFO - Setting next_dagrun for example_short_circuit_operator to 2024-04-01T09:41:16.356204+00:00, run_after=2024-04-02T09:41:16.356204+00:00
[2024-04-02T09:41:16.396+0000] {processor.py:179} INFO - Processing /usr/local/python/3.10.13/lib/python3.10/site-packages/airflow/example_dags/example_short_circuit_operator.py took 0.082 seconds
[2024-04-02T09:42:11.286+0000] {processor.py:157} INFO - Started process (PID=32173) to work on /usr/local/python/3.10.13/lib/python3.10/site-packages/airflow/example_dags/example_short_circuit_operator.py
[2024-04-02T09:42:11.287+0000] {processor.py:826} INFO - Processing file /usr/local/python/3.10.13/lib/python3.10/site-packages/airflow/example_dags/example_short_circuit_operator.py for tasks to queue
[2024-04-02T09:42:11.288+0000] {logging_mixin.py:150} INFO - [2024-04-02T09:42:11.287+0000] {dagbag.py:541} INFO - Filling up the DagBag from /usr/local/python/3.10.13/lib/python3.10/site-packages/airflow/example_dags/example_short_circuit_operator.py
[2024-04-02T09:42:11.294+0000] {processor.py:836} INFO - DAG(s) dict_keys(['example_short_circuit_operator']) retrieved from /usr/local/python/3.10.13/lib/python3.10/site-packages/airflow/example_dags/example_short_circuit_operator.py
[2024-04-02T09:42:11.308+0000] {logging_mixin.py:150} INFO - [2024-04-02T09:42:11.308+0000] {dag.py:2742} INFO - Sync 1 DAGs
[2024-04-02T09:42:11.323+0000] {logging_mixin.py:150} INFO - [2024-04-02T09:42:11.323+0000] {dag.py:3504} INFO - Setting next_dagrun for example_short_circuit_operator to 2024-04-01T09:42:11.323400+00:00, run_after=2024-04-02T09:42:11.323400+00:00
[2024-04-02T09:42:11.362+0000] {processor.py:179} INFO - Processing /usr/local/python/3.10.13/lib/python3.10/site-packages/airflow/example_dags/example_short_circuit_operator.py took 0.078 seconds
[2024-04-02T09:43:11.100+0000] {processor.py:157} INFO - Started process (PID=32588) to work on /usr/local/python/3.10.13/lib/python3.10/site-packages/airflow/example_dags/example_short_circuit_operator.py
[2024-04-02T09:43:11.100+0000] {processor.py:826} INFO - Processing file /usr/local/python/3.10.13/lib/python3.10/site-packages/airflow/example_dags/example_short_circuit_operator.py for tasks to queue
[2024-04-02T09:43:11.101+0000] {logging_mixin.py:150} INFO - [2024-04-02T09:43:11.101+0000] {dagbag.py:541} INFO - Filling up the DagBag from /usr/local/python/3.10.13/lib/python3.10/site-packages/airflow/example_dags/example_short_circuit_operator.py
[2024-04-02T09:43:11.108+0000] {processor.py:836} INFO - DAG(s) dict_keys(['example_short_circuit_operator']) retrieved from /usr/local/python/3.10.13/lib/python3.10/site-packages/airflow/example_dags/example_short_circuit_operator.py
[2024-04-02T09:43:11.122+0000] {logging_mixin.py:150} INFO - [2024-04-02T09:43:11.122+0000] {dag.py:2742} INFO - Sync 1 DAGs
[2024-04-02T09:43:11.137+0000] {logging_mixin.py:150} INFO - [2024-04-02T09:43:11.137+0000] {dag.py:3504} INFO - Setting next_dagrun for example_short_circuit_operator to 2024-04-01T09:43:11.137259+00:00, run_after=2024-04-02T09:43:11.137259+00:00
[2024-04-02T09:43:11.177+0000] {processor.py:179} INFO - Processing /usr/local/python/3.10.13/lib/python3.10/site-packages/airflow/example_dags/example_short_circuit_operator.py took 0.080 seconds
