[2024-04-02T08:57:00.552+0000] {processor.py:157} INFO - Started process (PID=11495) to work on /usr/local/python/3.10.13/lib/python3.10/site-packages/airflow/example_dags/example_sensor_decorator.py
[2024-04-02T08:57:00.553+0000] {processor.py:826} INFO - Processing file /usr/local/python/3.10.13/lib/python3.10/site-packages/airflow/example_dags/example_sensor_decorator.py for tasks to queue
[2024-04-02T08:57:00.554+0000] {logging_mixin.py:150} INFO - [2024-04-02T08:57:00.554+0000] {dagbag.py:541} INFO - Filling up the DagBag from /usr/local/python/3.10.13/lib/python3.10/site-packages/airflow/example_dags/example_sensor_decorator.py
[2024-04-02T08:57:00.562+0000] {processor.py:836} INFO - DAG(s) dict_keys(['example_sensor_decorator']) retrieved from /usr/local/python/3.10.13/lib/python3.10/site-packages/airflow/example_dags/example_sensor_decorator.py
[2024-04-02T08:57:00.653+0000] {logging_mixin.py:150} INFO - [2024-04-02T08:57:00.653+0000] {dag.py:2742} INFO - Sync 1 DAGs
[2024-04-02T08:57:00.667+0000] {logging_mixin.py:150} INFO - [2024-04-02T08:57:00.667+0000] {dag.py:3504} INFO - Setting next_dagrun for example_sensor_decorator to None, run_after=None
[2024-04-02T08:57:00.713+0000] {processor.py:179} INFO - Processing /usr/local/python/3.10.13/lib/python3.10/site-packages/airflow/example_dags/example_sensor_decorator.py took 0.164 seconds
[2024-04-02T08:58:04.275+0000] {processor.py:157} INFO - Started process (PID=12344) to work on /usr/local/python/3.10.13/lib/python3.10/site-packages/airflow/example_dags/example_sensor_decorator.py
[2024-04-02T08:58:04.276+0000] {processor.py:826} INFO - Processing file /usr/local/python/3.10.13/lib/python3.10/site-packages/airflow/example_dags/example_sensor_decorator.py for tasks to queue
[2024-04-02T08:58:04.277+0000] {logging_mixin.py:150} INFO - [2024-04-02T08:58:04.276+0000] {dagbag.py:541} INFO - Filling up the DagBag from /usr/local/python/3.10.13/lib/python3.10/site-packages/airflow/example_dags/example_sensor_decorator.py
[2024-04-02T08:58:04.281+0000] {processor.py:836} INFO - DAG(s) dict_keys(['example_sensor_decorator']) retrieved from /usr/local/python/3.10.13/lib/python3.10/site-packages/airflow/example_dags/example_sensor_decorator.py
[2024-04-02T08:58:04.294+0000] {logging_mixin.py:150} INFO - [2024-04-02T08:58:04.293+0000] {dag.py:2742} INFO - Sync 1 DAGs
[2024-04-02T08:58:04.309+0000] {logging_mixin.py:150} INFO - [2024-04-02T08:58:04.309+0000] {dag.py:3504} INFO - Setting next_dagrun for example_sensor_decorator to None, run_after=None
[2024-04-02T08:58:04.348+0000] {processor.py:179} INFO - Processing /usr/local/python/3.10.13/lib/python3.10/site-packages/airflow/example_dags/example_sensor_decorator.py took 0.075 seconds
[2024-04-02T09:00:02.143+0000] {processor.py:157} INFO - Started process (PID=14026) to work on /usr/local/python/3.10.13/lib/python3.10/site-packages/airflow/example_dags/example_sensor_decorator.py
[2024-04-02T09:00:02.144+0000] {processor.py:826} INFO - Processing file /usr/local/python/3.10.13/lib/python3.10/site-packages/airflow/example_dags/example_sensor_decorator.py for tasks to queue
[2024-04-02T09:00:02.145+0000] {logging_mixin.py:150} INFO - [2024-04-02T09:00:02.144+0000] {dagbag.py:541} INFO - Filling up the DagBag from /usr/local/python/3.10.13/lib/python3.10/site-packages/airflow/example_dags/example_sensor_decorator.py
[2024-04-02T09:00:02.150+0000] {processor.py:836} INFO - DAG(s) dict_keys(['example_sensor_decorator']) retrieved from /usr/local/python/3.10.13/lib/python3.10/site-packages/airflow/example_dags/example_sensor_decorator.py
[2024-04-02T09:00:02.163+0000] {logging_mixin.py:150} INFO - [2024-04-02T09:00:02.163+0000] {dag.py:2742} INFO - Sync 1 DAGs
[2024-04-02T09:00:02.178+0000] {logging_mixin.py:150} INFO - [2024-04-02T09:00:02.178+0000] {dag.py:3504} INFO - Setting next_dagrun for example_sensor_decorator to None, run_after=None
[2024-04-02T09:00:02.218+0000] {processor.py:179} INFO - Processing /usr/local/python/3.10.13/lib/python3.10/site-packages/airflow/example_dags/example_sensor_decorator.py took 0.078 seconds
[2024-04-02T09:00:52.490+0000] {processor.py:157} INFO - Started process (PID=14531) to work on /usr/local/python/3.10.13/lib/python3.10/site-packages/airflow/example_dags/example_sensor_decorator.py
[2024-04-02T09:00:52.490+0000] {processor.py:826} INFO - Processing file /usr/local/python/3.10.13/lib/python3.10/site-packages/airflow/example_dags/example_sensor_decorator.py for tasks to queue
[2024-04-02T09:00:52.491+0000] {logging_mixin.py:150} INFO - [2024-04-02T09:00:52.491+0000] {dagbag.py:541} INFO - Filling up the DagBag from /usr/local/python/3.10.13/lib/python3.10/site-packages/airflow/example_dags/example_sensor_decorator.py
[2024-04-02T09:00:52.495+0000] {processor.py:836} INFO - DAG(s) dict_keys(['example_sensor_decorator']) retrieved from /usr/local/python/3.10.13/lib/python3.10/site-packages/airflow/example_dags/example_sensor_decorator.py
[2024-04-02T09:00:52.508+0000] {logging_mixin.py:150} INFO - [2024-04-02T09:00:52.507+0000] {dag.py:2742} INFO - Sync 1 DAGs
[2024-04-02T09:00:52.525+0000] {logging_mixin.py:150} INFO - [2024-04-02T09:00:52.525+0000] {dag.py:3504} INFO - Setting next_dagrun for example_sensor_decorator to None, run_after=None
[2024-04-02T09:00:52.566+0000] {processor.py:179} INFO - Processing /usr/local/python/3.10.13/lib/python3.10/site-packages/airflow/example_dags/example_sensor_decorator.py took 0.079 seconds
[2024-04-02T09:01:42.346+0000] {processor.py:157} INFO - Started process (PID=14918) to work on /usr/local/python/3.10.13/lib/python3.10/site-packages/airflow/example_dags/example_sensor_decorator.py
[2024-04-02T09:01:42.348+0000] {processor.py:826} INFO - Processing file /usr/local/python/3.10.13/lib/python3.10/site-packages/airflow/example_dags/example_sensor_decorator.py for tasks to queue
[2024-04-02T09:01:42.349+0000] {logging_mixin.py:150} INFO - [2024-04-02T09:01:42.348+0000] {dagbag.py:541} INFO - Filling up the DagBag from /usr/local/python/3.10.13/lib/python3.10/site-packages/airflow/example_dags/example_sensor_decorator.py
[2024-04-02T09:01:42.357+0000] {processor.py:836} INFO - DAG(s) dict_keys(['example_sensor_decorator']) retrieved from /usr/local/python/3.10.13/lib/python3.10/site-packages/airflow/example_dags/example_sensor_decorator.py
[2024-04-02T09:01:42.380+0000] {logging_mixin.py:150} INFO - [2024-04-02T09:01:42.379+0000] {dag.py:2742} INFO - Sync 1 DAGs
[2024-04-02T09:01:42.407+0000] {logging_mixin.py:150} INFO - [2024-04-02T09:01:42.406+0000] {dag.py:3504} INFO - Setting next_dagrun for example_sensor_decorator to None, run_after=None
[2024-04-02T09:01:42.455+0000] {processor.py:179} INFO - Processing /usr/local/python/3.10.13/lib/python3.10/site-packages/airflow/example_dags/example_sensor_decorator.py took 0.111 seconds
[2024-04-02T09:02:38.797+0000] {processor.py:157} INFO - Started process (PID=15322) to work on /usr/local/python/3.10.13/lib/python3.10/site-packages/airflow/example_dags/example_sensor_decorator.py
[2024-04-02T09:02:38.798+0000] {processor.py:826} INFO - Processing file /usr/local/python/3.10.13/lib/python3.10/site-packages/airflow/example_dags/example_sensor_decorator.py for tasks to queue
[2024-04-02T09:02:38.799+0000] {logging_mixin.py:150} INFO - [2024-04-02T09:02:38.799+0000] {dagbag.py:541} INFO - Filling up the DagBag from /usr/local/python/3.10.13/lib/python3.10/site-packages/airflow/example_dags/example_sensor_decorator.py
[2024-04-02T09:02:38.806+0000] {processor.py:836} INFO - DAG(s) dict_keys(['example_sensor_decorator']) retrieved from /usr/local/python/3.10.13/lib/python3.10/site-packages/airflow/example_dags/example_sensor_decorator.py
[2024-04-02T09:02:38.824+0000] {logging_mixin.py:150} INFO - [2024-04-02T09:02:38.824+0000] {dag.py:2742} INFO - Sync 1 DAGs
[2024-04-02T09:02:38.852+0000] {logging_mixin.py:150} INFO - [2024-04-02T09:02:38.851+0000] {dag.py:3504} INFO - Setting next_dagrun for example_sensor_decorator to None, run_after=None
[2024-04-02T09:02:38.900+0000] {processor.py:179} INFO - Processing /usr/local/python/3.10.13/lib/python3.10/site-packages/airflow/example_dags/example_sensor_decorator.py took 0.107 seconds
[2024-04-02T09:03:36.606+0000] {processor.py:157} INFO - Started process (PID=15722) to work on /usr/local/python/3.10.13/lib/python3.10/site-packages/airflow/example_dags/example_sensor_decorator.py
[2024-04-02T09:03:36.607+0000] {processor.py:826} INFO - Processing file /usr/local/python/3.10.13/lib/python3.10/site-packages/airflow/example_dags/example_sensor_decorator.py for tasks to queue
[2024-04-02T09:03:36.607+0000] {logging_mixin.py:150} INFO - [2024-04-02T09:03:36.607+0000] {dagbag.py:541} INFO - Filling up the DagBag from /usr/local/python/3.10.13/lib/python3.10/site-packages/airflow/example_dags/example_sensor_decorator.py
[2024-04-02T09:03:36.613+0000] {processor.py:836} INFO - DAG(s) dict_keys(['example_sensor_decorator']) retrieved from /usr/local/python/3.10.13/lib/python3.10/site-packages/airflow/example_dags/example_sensor_decorator.py
[2024-04-02T09:03:36.625+0000] {logging_mixin.py:150} INFO - [2024-04-02T09:03:36.625+0000] {dag.py:2742} INFO - Sync 1 DAGs
[2024-04-02T09:03:36.640+0000] {logging_mixin.py:150} INFO - [2024-04-02T09:03:36.640+0000] {dag.py:3504} INFO - Setting next_dagrun for example_sensor_decorator to None, run_after=None
[2024-04-02T09:03:36.679+0000] {processor.py:179} INFO - Processing /usr/local/python/3.10.13/lib/python3.10/site-packages/airflow/example_dags/example_sensor_decorator.py took 0.075 seconds
[2024-04-02T09:04:33.461+0000] {processor.py:157} INFO - Started process (PID=16127) to work on /usr/local/python/3.10.13/lib/python3.10/site-packages/airflow/example_dags/example_sensor_decorator.py
[2024-04-02T09:04:33.462+0000] {processor.py:826} INFO - Processing file /usr/local/python/3.10.13/lib/python3.10/site-packages/airflow/example_dags/example_sensor_decorator.py for tasks to queue
[2024-04-02T09:04:33.463+0000] {logging_mixin.py:150} INFO - [2024-04-02T09:04:33.462+0000] {dagbag.py:541} INFO - Filling up the DagBag from /usr/local/python/3.10.13/lib/python3.10/site-packages/airflow/example_dags/example_sensor_decorator.py
[2024-04-02T09:04:33.467+0000] {processor.py:836} INFO - DAG(s) dict_keys(['example_sensor_decorator']) retrieved from /usr/local/python/3.10.13/lib/python3.10/site-packages/airflow/example_dags/example_sensor_decorator.py
[2024-04-02T09:04:33.480+0000] {logging_mixin.py:150} INFO - [2024-04-02T09:04:33.480+0000] {dag.py:2742} INFO - Sync 1 DAGs
[2024-04-02T09:04:33.495+0000] {logging_mixin.py:150} INFO - [2024-04-02T09:04:33.495+0000] {dag.py:3504} INFO - Setting next_dagrun for example_sensor_decorator to None, run_after=None
[2024-04-02T09:04:33.534+0000] {processor.py:179} INFO - Processing /usr/local/python/3.10.13/lib/python3.10/site-packages/airflow/example_dags/example_sensor_decorator.py took 0.075 seconds
[2024-04-02T09:05:28.441+0000] {processor.py:157} INFO - Started process (PID=16512) to work on /usr/local/python/3.10.13/lib/python3.10/site-packages/airflow/example_dags/example_sensor_decorator.py
[2024-04-02T09:05:28.442+0000] {processor.py:826} INFO - Processing file /usr/local/python/3.10.13/lib/python3.10/site-packages/airflow/example_dags/example_sensor_decorator.py for tasks to queue
[2024-04-02T09:05:28.442+0000] {logging_mixin.py:150} INFO - [2024-04-02T09:05:28.442+0000] {dagbag.py:541} INFO - Filling up the DagBag from /usr/local/python/3.10.13/lib/python3.10/site-packages/airflow/example_dags/example_sensor_decorator.py
[2024-04-02T09:05:28.447+0000] {processor.py:836} INFO - DAG(s) dict_keys(['example_sensor_decorator']) retrieved from /usr/local/python/3.10.13/lib/python3.10/site-packages/airflow/example_dags/example_sensor_decorator.py
[2024-04-02T09:05:28.459+0000] {logging_mixin.py:150} INFO - [2024-04-02T09:05:28.459+0000] {dag.py:2742} INFO - Sync 1 DAGs
[2024-04-02T09:05:28.478+0000] {logging_mixin.py:150} INFO - [2024-04-02T09:05:28.478+0000] {dag.py:3504} INFO - Setting next_dagrun for example_sensor_decorator to None, run_after=None
[2024-04-02T09:05:28.528+0000] {processor.py:179} INFO - Processing /usr/local/python/3.10.13/lib/python3.10/site-packages/airflow/example_dags/example_sensor_decorator.py took 0.089 seconds
[2024-04-02T09:06:27.948+0000] {processor.py:157} INFO - Started process (PID=16929) to work on /usr/local/python/3.10.13/lib/python3.10/site-packages/airflow/example_dags/example_sensor_decorator.py
[2024-04-02T09:06:27.950+0000] {processor.py:826} INFO - Processing file /usr/local/python/3.10.13/lib/python3.10/site-packages/airflow/example_dags/example_sensor_decorator.py for tasks to queue
[2024-04-02T09:06:27.951+0000] {logging_mixin.py:150} INFO - [2024-04-02T09:06:27.950+0000] {dagbag.py:541} INFO - Filling up the DagBag from /usr/local/python/3.10.13/lib/python3.10/site-packages/airflow/example_dags/example_sensor_decorator.py
[2024-04-02T09:06:27.957+0000] {processor.py:836} INFO - DAG(s) dict_keys(['example_sensor_decorator']) retrieved from /usr/local/python/3.10.13/lib/python3.10/site-packages/airflow/example_dags/example_sensor_decorator.py
[2024-04-02T09:06:27.973+0000] {logging_mixin.py:150} INFO - [2024-04-02T09:06:27.973+0000] {dag.py:2742} INFO - Sync 1 DAGs
[2024-04-02T09:06:27.988+0000] {logging_mixin.py:150} INFO - [2024-04-02T09:06:27.988+0000] {dag.py:3504} INFO - Setting next_dagrun for example_sensor_decorator to None, run_after=None
[2024-04-02T09:06:28.025+0000] {processor.py:179} INFO - Processing /usr/local/python/3.10.13/lib/python3.10/site-packages/airflow/example_dags/example_sensor_decorator.py took 0.080 seconds
[2024-04-02T09:07:28.583+0000] {processor.py:157} INFO - Started process (PID=17755) to work on /usr/local/python/3.10.13/lib/python3.10/site-packages/airflow/example_dags/example_sensor_decorator.py
[2024-04-02T09:07:28.584+0000] {processor.py:826} INFO - Processing file /usr/local/python/3.10.13/lib/python3.10/site-packages/airflow/example_dags/example_sensor_decorator.py for tasks to queue
[2024-04-02T09:07:28.585+0000] {logging_mixin.py:150} INFO - [2024-04-02T09:07:28.585+0000] {dagbag.py:541} INFO - Filling up the DagBag from /usr/local/python/3.10.13/lib/python3.10/site-packages/airflow/example_dags/example_sensor_decorator.py
[2024-04-02T09:07:28.589+0000] {processor.py:836} INFO - DAG(s) dict_keys(['example_sensor_decorator']) retrieved from /usr/local/python/3.10.13/lib/python3.10/site-packages/airflow/example_dags/example_sensor_decorator.py
[2024-04-02T09:07:28.602+0000] {logging_mixin.py:150} INFO - [2024-04-02T09:07:28.601+0000] {dag.py:2742} INFO - Sync 1 DAGs
[2024-04-02T09:07:28.617+0000] {logging_mixin.py:150} INFO - [2024-04-02T09:07:28.617+0000] {dag.py:3504} INFO - Setting next_dagrun for example_sensor_decorator to None, run_after=None
[2024-04-02T09:07:28.654+0000] {processor.py:179} INFO - Processing /usr/local/python/3.10.13/lib/python3.10/site-packages/airflow/example_dags/example_sensor_decorator.py took 0.072 seconds
[2024-04-02T09:08:23.429+0000] {processor.py:157} INFO - Started process (PID=18140) to work on /usr/local/python/3.10.13/lib/python3.10/site-packages/airflow/example_dags/example_sensor_decorator.py
[2024-04-02T09:08:23.430+0000] {processor.py:826} INFO - Processing file /usr/local/python/3.10.13/lib/python3.10/site-packages/airflow/example_dags/example_sensor_decorator.py for tasks to queue
[2024-04-02T09:08:23.431+0000] {logging_mixin.py:150} INFO - [2024-04-02T09:08:23.430+0000] {dagbag.py:541} INFO - Filling up the DagBag from /usr/local/python/3.10.13/lib/python3.10/site-packages/airflow/example_dags/example_sensor_decorator.py
[2024-04-02T09:08:23.435+0000] {processor.py:836} INFO - DAG(s) dict_keys(['example_sensor_decorator']) retrieved from /usr/local/python/3.10.13/lib/python3.10/site-packages/airflow/example_dags/example_sensor_decorator.py
[2024-04-02T09:08:23.448+0000] {logging_mixin.py:150} INFO - [2024-04-02T09:08:23.448+0000] {dag.py:2742} INFO - Sync 1 DAGs
[2024-04-02T09:08:23.463+0000] {logging_mixin.py:150} INFO - [2024-04-02T09:08:23.463+0000] {dag.py:3504} INFO - Setting next_dagrun for example_sensor_decorator to None, run_after=None
[2024-04-02T09:08:23.503+0000] {processor.py:179} INFO - Processing /usr/local/python/3.10.13/lib/python3.10/site-packages/airflow/example_dags/example_sensor_decorator.py took 0.076 seconds
[2024-04-02T09:09:22.476+0000] {processor.py:157} INFO - Started process (PID=18543) to work on /usr/local/python/3.10.13/lib/python3.10/site-packages/airflow/example_dags/example_sensor_decorator.py
[2024-04-02T09:09:22.477+0000] {processor.py:826} INFO - Processing file /usr/local/python/3.10.13/lib/python3.10/site-packages/airflow/example_dags/example_sensor_decorator.py for tasks to queue
[2024-04-02T09:09:22.478+0000] {logging_mixin.py:150} INFO - [2024-04-02T09:09:22.478+0000] {dagbag.py:541} INFO - Filling up the DagBag from /usr/local/python/3.10.13/lib/python3.10/site-packages/airflow/example_dags/example_sensor_decorator.py
[2024-04-02T09:09:22.485+0000] {processor.py:836} INFO - DAG(s) dict_keys(['example_sensor_decorator']) retrieved from /usr/local/python/3.10.13/lib/python3.10/site-packages/airflow/example_dags/example_sensor_decorator.py
[2024-04-02T09:09:22.503+0000] {logging_mixin.py:150} INFO - [2024-04-02T09:09:22.503+0000] {dag.py:2742} INFO - Sync 1 DAGs
[2024-04-02T09:09:22.527+0000] {logging_mixin.py:150} INFO - [2024-04-02T09:09:22.527+0000] {dag.py:3504} INFO - Setting next_dagrun for example_sensor_decorator to None, run_after=None
[2024-04-02T09:09:22.574+0000] {processor.py:179} INFO - Processing /usr/local/python/3.10.13/lib/python3.10/site-packages/airflow/example_dags/example_sensor_decorator.py took 0.101 seconds
[2024-04-02T09:10:19.249+0000] {processor.py:157} INFO - Started process (PID=18946) to work on /usr/local/python/3.10.13/lib/python3.10/site-packages/airflow/example_dags/example_sensor_decorator.py
[2024-04-02T09:10:19.250+0000] {processor.py:826} INFO - Processing file /usr/local/python/3.10.13/lib/python3.10/site-packages/airflow/example_dags/example_sensor_decorator.py for tasks to queue
[2024-04-02T09:10:19.250+0000] {logging_mixin.py:150} INFO - [2024-04-02T09:10:19.250+0000] {dagbag.py:541} INFO - Filling up the DagBag from /usr/local/python/3.10.13/lib/python3.10/site-packages/airflow/example_dags/example_sensor_decorator.py
[2024-04-02T09:10:19.255+0000] {processor.py:836} INFO - DAG(s) dict_keys(['example_sensor_decorator']) retrieved from /usr/local/python/3.10.13/lib/python3.10/site-packages/airflow/example_dags/example_sensor_decorator.py
[2024-04-02T09:10:19.266+0000] {logging_mixin.py:150} INFO - [2024-04-02T09:10:19.266+0000] {dag.py:2742} INFO - Sync 1 DAGs
[2024-04-02T09:10:19.282+0000] {logging_mixin.py:150} INFO - [2024-04-02T09:10:19.282+0000] {dag.py:3504} INFO - Setting next_dagrun for example_sensor_decorator to None, run_after=None
[2024-04-02T09:10:19.322+0000] {processor.py:179} INFO - Processing /usr/local/python/3.10.13/lib/python3.10/site-packages/airflow/example_dags/example_sensor_decorator.py took 0.075 seconds
[2024-04-02T09:11:18.962+0000] {processor.py:157} INFO - Started process (PID=19349) to work on /usr/local/python/3.10.13/lib/python3.10/site-packages/airflow/example_dags/example_sensor_decorator.py
[2024-04-02T09:11:18.963+0000] {processor.py:826} INFO - Processing file /usr/local/python/3.10.13/lib/python3.10/site-packages/airflow/example_dags/example_sensor_decorator.py for tasks to queue
[2024-04-02T09:11:18.964+0000] {logging_mixin.py:150} INFO - [2024-04-02T09:11:18.964+0000] {dagbag.py:541} INFO - Filling up the DagBag from /usr/local/python/3.10.13/lib/python3.10/site-packages/airflow/example_dags/example_sensor_decorator.py
[2024-04-02T09:11:18.971+0000] {processor.py:836} INFO - DAG(s) dict_keys(['example_sensor_decorator']) retrieved from /usr/local/python/3.10.13/lib/python3.10/site-packages/airflow/example_dags/example_sensor_decorator.py
[2024-04-02T09:11:18.991+0000] {logging_mixin.py:150} INFO - [2024-04-02T09:11:18.991+0000] {dag.py:2742} INFO - Sync 1 DAGs
[2024-04-02T09:11:19.015+0000] {logging_mixin.py:150} INFO - [2024-04-02T09:11:19.015+0000] {dag.py:3504} INFO - Setting next_dagrun for example_sensor_decorator to None, run_after=None
[2024-04-02T09:11:19.061+0000] {processor.py:179} INFO - Processing /usr/local/python/3.10.13/lib/python3.10/site-packages/airflow/example_dags/example_sensor_decorator.py took 0.103 seconds
[2024-04-02T09:12:17.996+0000] {processor.py:157} INFO - Started process (PID=19753) to work on /usr/local/python/3.10.13/lib/python3.10/site-packages/airflow/example_dags/example_sensor_decorator.py
[2024-04-02T09:12:17.997+0000] {processor.py:826} INFO - Processing file /usr/local/python/3.10.13/lib/python3.10/site-packages/airflow/example_dags/example_sensor_decorator.py for tasks to queue
[2024-04-02T09:12:17.998+0000] {logging_mixin.py:150} INFO - [2024-04-02T09:12:17.998+0000] {dagbag.py:541} INFO - Filling up the DagBag from /usr/local/python/3.10.13/lib/python3.10/site-packages/airflow/example_dags/example_sensor_decorator.py
[2024-04-02T09:12:18.003+0000] {processor.py:836} INFO - DAG(s) dict_keys(['example_sensor_decorator']) retrieved from /usr/local/python/3.10.13/lib/python3.10/site-packages/airflow/example_dags/example_sensor_decorator.py
[2024-04-02T09:12:18.016+0000] {logging_mixin.py:150} INFO - [2024-04-02T09:12:18.016+0000] {dag.py:2742} INFO - Sync 1 DAGs
[2024-04-02T09:12:18.031+0000] {logging_mixin.py:150} INFO - [2024-04-02T09:12:18.031+0000] {dag.py:3504} INFO - Setting next_dagrun for example_sensor_decorator to None, run_after=None
[2024-04-02T09:12:18.078+0000] {processor.py:179} INFO - Processing /usr/local/python/3.10.13/lib/python3.10/site-packages/airflow/example_dags/example_sensor_decorator.py took 0.084 seconds
[2024-04-02T09:13:19.012+0000] {processor.py:157} INFO - Started process (PID=20170) to work on /usr/local/python/3.10.13/lib/python3.10/site-packages/airflow/example_dags/example_sensor_decorator.py
[2024-04-02T09:13:19.013+0000] {processor.py:826} INFO - Processing file /usr/local/python/3.10.13/lib/python3.10/site-packages/airflow/example_dags/example_sensor_decorator.py for tasks to queue
[2024-04-02T09:13:19.014+0000] {logging_mixin.py:150} INFO - [2024-04-02T09:13:19.014+0000] {dagbag.py:541} INFO - Filling up the DagBag from /usr/local/python/3.10.13/lib/python3.10/site-packages/airflow/example_dags/example_sensor_decorator.py
[2024-04-02T09:13:19.021+0000] {processor.py:836} INFO - DAG(s) dict_keys(['example_sensor_decorator']) retrieved from /usr/local/python/3.10.13/lib/python3.10/site-packages/airflow/example_dags/example_sensor_decorator.py
[2024-04-02T09:13:19.040+0000] {logging_mixin.py:150} INFO - [2024-04-02T09:13:19.040+0000] {dag.py:2742} INFO - Sync 1 DAGs
[2024-04-02T09:13:19.064+0000] {logging_mixin.py:150} INFO - [2024-04-02T09:13:19.064+0000] {dag.py:3504} INFO - Setting next_dagrun for example_sensor_decorator to None, run_after=None
[2024-04-02T09:13:19.111+0000] {processor.py:179} INFO - Processing /usr/local/python/3.10.13/lib/python3.10/site-packages/airflow/example_dags/example_sensor_decorator.py took 0.103 seconds
[2024-04-02T09:14:12.325+0000] {processor.py:157} INFO - Started process (PID=20533) to work on /usr/local/python/3.10.13/lib/python3.10/site-packages/airflow/example_dags/example_sensor_decorator.py
[2024-04-02T09:14:12.325+0000] {processor.py:826} INFO - Processing file /usr/local/python/3.10.13/lib/python3.10/site-packages/airflow/example_dags/example_sensor_decorator.py for tasks to queue
[2024-04-02T09:14:12.326+0000] {logging_mixin.py:150} INFO - [2024-04-02T09:14:12.326+0000] {dagbag.py:541} INFO - Filling up the DagBag from /usr/local/python/3.10.13/lib/python3.10/site-packages/airflow/example_dags/example_sensor_decorator.py
[2024-04-02T09:14:12.330+0000] {processor.py:836} INFO - DAG(s) dict_keys(['example_sensor_decorator']) retrieved from /usr/local/python/3.10.13/lib/python3.10/site-packages/airflow/example_dags/example_sensor_decorator.py
[2024-04-02T09:14:12.343+0000] {logging_mixin.py:150} INFO - [2024-04-02T09:14:12.343+0000] {dag.py:2742} INFO - Sync 1 DAGs
[2024-04-02T09:14:12.358+0000] {logging_mixin.py:150} INFO - [2024-04-02T09:14:12.358+0000] {dag.py:3504} INFO - Setting next_dagrun for example_sensor_decorator to None, run_after=None
[2024-04-02T09:14:12.400+0000] {processor.py:179} INFO - Processing /usr/local/python/3.10.13/lib/python3.10/site-packages/airflow/example_dags/example_sensor_decorator.py took 0.078 seconds
[2024-04-02T09:15:02.925+0000] {processor.py:157} INFO - Started process (PID=20907) to work on /usr/local/python/3.10.13/lib/python3.10/site-packages/airflow/example_dags/example_sensor_decorator.py
[2024-04-02T09:15:02.926+0000] {processor.py:826} INFO - Processing file /usr/local/python/3.10.13/lib/python3.10/site-packages/airflow/example_dags/example_sensor_decorator.py for tasks to queue
[2024-04-02T09:15:02.927+0000] {logging_mixin.py:150} INFO - [2024-04-02T09:15:02.927+0000] {dagbag.py:541} INFO - Filling up the DagBag from /usr/local/python/3.10.13/lib/python3.10/site-packages/airflow/example_dags/example_sensor_decorator.py
[2024-04-02T09:15:02.934+0000] {processor.py:836} INFO - DAG(s) dict_keys(['example_sensor_decorator']) retrieved from /usr/local/python/3.10.13/lib/python3.10/site-packages/airflow/example_dags/example_sensor_decorator.py
[2024-04-02T09:15:02.953+0000] {logging_mixin.py:150} INFO - [2024-04-02T09:15:02.953+0000] {dag.py:2742} INFO - Sync 1 DAGs
[2024-04-02T09:15:02.975+0000] {logging_mixin.py:150} INFO - [2024-04-02T09:15:02.975+0000] {dag.py:3504} INFO - Setting next_dagrun for example_sensor_decorator to None, run_after=None
[2024-04-02T09:15:03.037+0000] {processor.py:179} INFO - Processing /usr/local/python/3.10.13/lib/python3.10/site-packages/airflow/example_dags/example_sensor_decorator.py took 0.116 seconds
[2024-04-02T09:15:57.507+0000] {processor.py:157} INFO - Started process (PID=21276) to work on /usr/local/python/3.10.13/lib/python3.10/site-packages/airflow/example_dags/example_sensor_decorator.py
[2024-04-02T09:15:57.508+0000] {processor.py:826} INFO - Processing file /usr/local/python/3.10.13/lib/python3.10/site-packages/airflow/example_dags/example_sensor_decorator.py for tasks to queue
[2024-04-02T09:15:57.509+0000] {logging_mixin.py:150} INFO - [2024-04-02T09:15:57.509+0000] {dagbag.py:541} INFO - Filling up the DagBag from /usr/local/python/3.10.13/lib/python3.10/site-packages/airflow/example_dags/example_sensor_decorator.py
[2024-04-02T09:15:57.513+0000] {processor.py:836} INFO - DAG(s) dict_keys(['example_sensor_decorator']) retrieved from /usr/local/python/3.10.13/lib/python3.10/site-packages/airflow/example_dags/example_sensor_decorator.py
[2024-04-02T09:15:57.525+0000] {logging_mixin.py:150} INFO - [2024-04-02T09:15:57.525+0000] {dag.py:2742} INFO - Sync 1 DAGs
[2024-04-02T09:15:57.541+0000] {logging_mixin.py:150} INFO - [2024-04-02T09:15:57.541+0000] {dag.py:3504} INFO - Setting next_dagrun for example_sensor_decorator to None, run_after=None
[2024-04-02T09:15:57.579+0000] {processor.py:179} INFO - Processing /usr/local/python/3.10.13/lib/python3.10/site-packages/airflow/example_dags/example_sensor_decorator.py took 0.073 seconds
[2024-04-02T09:16:57.098+0000] {processor.py:157} INFO - Started process (PID=21686) to work on /usr/local/python/3.10.13/lib/python3.10/site-packages/airflow/example_dags/example_sensor_decorator.py
[2024-04-02T09:16:57.099+0000] {processor.py:826} INFO - Processing file /usr/local/python/3.10.13/lib/python3.10/site-packages/airflow/example_dags/example_sensor_decorator.py for tasks to queue
[2024-04-02T09:16:57.101+0000] {logging_mixin.py:150} INFO - [2024-04-02T09:16:57.100+0000] {dagbag.py:541} INFO - Filling up the DagBag from /usr/local/python/3.10.13/lib/python3.10/site-packages/airflow/example_dags/example_sensor_decorator.py
[2024-04-02T09:16:57.107+0000] {processor.py:836} INFO - DAG(s) dict_keys(['example_sensor_decorator']) retrieved from /usr/local/python/3.10.13/lib/python3.10/site-packages/airflow/example_dags/example_sensor_decorator.py
[2024-04-02T09:16:57.125+0000] {logging_mixin.py:150} INFO - [2024-04-02T09:16:57.125+0000] {dag.py:2742} INFO - Sync 1 DAGs
[2024-04-02T09:16:57.154+0000] {logging_mixin.py:150} INFO - [2024-04-02T09:16:57.154+0000] {dag.py:3504} INFO - Setting next_dagrun for example_sensor_decorator to None, run_after=None
[2024-04-02T09:16:57.201+0000] {processor.py:179} INFO - Processing /usr/local/python/3.10.13/lib/python3.10/site-packages/airflow/example_dags/example_sensor_decorator.py took 0.106 seconds
[2024-04-02T09:17:54.274+0000] {processor.py:157} INFO - Started process (PID=22082) to work on /usr/local/python/3.10.13/lib/python3.10/site-packages/airflow/example_dags/example_sensor_decorator.py
[2024-04-02T09:17:54.274+0000] {processor.py:826} INFO - Processing file /usr/local/python/3.10.13/lib/python3.10/site-packages/airflow/example_dags/example_sensor_decorator.py for tasks to queue
[2024-04-02T09:17:54.275+0000] {logging_mixin.py:150} INFO - [2024-04-02T09:17:54.275+0000] {dagbag.py:541} INFO - Filling up the DagBag from /usr/local/python/3.10.13/lib/python3.10/site-packages/airflow/example_dags/example_sensor_decorator.py
[2024-04-02T09:17:54.282+0000] {processor.py:836} INFO - DAG(s) dict_keys(['example_sensor_decorator']) retrieved from /usr/local/python/3.10.13/lib/python3.10/site-packages/airflow/example_dags/example_sensor_decorator.py
[2024-04-02T09:17:54.299+0000] {logging_mixin.py:150} INFO - [2024-04-02T09:17:54.299+0000] {dag.py:2742} INFO - Sync 1 DAGs
[2024-04-02T09:17:54.321+0000] {logging_mixin.py:150} INFO - [2024-04-02T09:17:54.321+0000] {dag.py:3504} INFO - Setting next_dagrun for example_sensor_decorator to None, run_after=None
[2024-04-02T09:17:54.369+0000] {processor.py:179} INFO - Processing /usr/local/python/3.10.13/lib/python3.10/site-packages/airflow/example_dags/example_sensor_decorator.py took 0.099 seconds
[2024-04-02T09:18:54.598+0000] {processor.py:157} INFO - Started process (PID=22495) to work on /usr/local/python/3.10.13/lib/python3.10/site-packages/airflow/example_dags/example_sensor_decorator.py
[2024-04-02T09:18:54.599+0000] {processor.py:826} INFO - Processing file /usr/local/python/3.10.13/lib/python3.10/site-packages/airflow/example_dags/example_sensor_decorator.py for tasks to queue
[2024-04-02T09:18:54.600+0000] {logging_mixin.py:150} INFO - [2024-04-02T09:18:54.599+0000] {dagbag.py:541} INFO - Filling up the DagBag from /usr/local/python/3.10.13/lib/python3.10/site-packages/airflow/example_dags/example_sensor_decorator.py
[2024-04-02T09:18:54.607+0000] {processor.py:836} INFO - DAG(s) dict_keys(['example_sensor_decorator']) retrieved from /usr/local/python/3.10.13/lib/python3.10/site-packages/airflow/example_dags/example_sensor_decorator.py
[2024-04-02T09:18:54.623+0000] {logging_mixin.py:150} INFO - [2024-04-02T09:18:54.623+0000] {dag.py:2742} INFO - Sync 1 DAGs
[2024-04-02T09:18:54.645+0000] {logging_mixin.py:150} INFO - [2024-04-02T09:18:54.644+0000] {dag.py:3504} INFO - Setting next_dagrun for example_sensor_decorator to None, run_after=None
[2024-04-02T09:18:54.685+0000] {processor.py:179} INFO - Processing /usr/local/python/3.10.13/lib/python3.10/site-packages/airflow/example_dags/example_sensor_decorator.py took 0.091 seconds
[2024-04-02T09:19:49.423+0000] {processor.py:157} INFO - Started process (PID=22887) to work on /usr/local/python/3.10.13/lib/python3.10/site-packages/airflow/example_dags/example_sensor_decorator.py
[2024-04-02T09:19:49.424+0000] {processor.py:826} INFO - Processing file /usr/local/python/3.10.13/lib/python3.10/site-packages/airflow/example_dags/example_sensor_decorator.py for tasks to queue
[2024-04-02T09:19:49.426+0000] {logging_mixin.py:150} INFO - [2024-04-02T09:19:49.425+0000] {dagbag.py:541} INFO - Filling up the DagBag from /usr/local/python/3.10.13/lib/python3.10/site-packages/airflow/example_dags/example_sensor_decorator.py
[2024-04-02T09:19:49.433+0000] {processor.py:836} INFO - DAG(s) dict_keys(['example_sensor_decorator']) retrieved from /usr/local/python/3.10.13/lib/python3.10/site-packages/airflow/example_dags/example_sensor_decorator.py
[2024-04-02T09:19:49.450+0000] {logging_mixin.py:150} INFO - [2024-04-02T09:19:49.450+0000] {dag.py:2742} INFO - Sync 1 DAGs
[2024-04-02T09:19:49.474+0000] {logging_mixin.py:150} INFO - [2024-04-02T09:19:49.474+0000] {dag.py:3504} INFO - Setting next_dagrun for example_sensor_decorator to None, run_after=None
[2024-04-02T09:19:49.522+0000] {processor.py:179} INFO - Processing /usr/local/python/3.10.13/lib/python3.10/site-packages/airflow/example_dags/example_sensor_decorator.py took 0.102 seconds
[2024-04-02T09:20:46.099+0000] {processor.py:157} INFO - Started process (PID=23286) to work on /usr/local/python/3.10.13/lib/python3.10/site-packages/airflow/example_dags/example_sensor_decorator.py
[2024-04-02T09:20:46.100+0000] {processor.py:826} INFO - Processing file /usr/local/python/3.10.13/lib/python3.10/site-packages/airflow/example_dags/example_sensor_decorator.py for tasks to queue
[2024-04-02T09:20:46.101+0000] {logging_mixin.py:150} INFO - [2024-04-02T09:20:46.101+0000] {dagbag.py:541} INFO - Filling up the DagBag from /usr/local/python/3.10.13/lib/python3.10/site-packages/airflow/example_dags/example_sensor_decorator.py
[2024-04-02T09:20:46.106+0000] {processor.py:836} INFO - DAG(s) dict_keys(['example_sensor_decorator']) retrieved from /usr/local/python/3.10.13/lib/python3.10/site-packages/airflow/example_dags/example_sensor_decorator.py
[2024-04-02T09:20:46.120+0000] {logging_mixin.py:150} INFO - [2024-04-02T09:20:46.120+0000] {dag.py:2742} INFO - Sync 1 DAGs
[2024-04-02T09:20:46.136+0000] {logging_mixin.py:150} INFO - [2024-04-02T09:20:46.135+0000] {dag.py:3504} INFO - Setting next_dagrun for example_sensor_decorator to None, run_after=None
[2024-04-02T09:20:46.175+0000] {processor.py:179} INFO - Processing /usr/local/python/3.10.13/lib/python3.10/site-packages/airflow/example_dags/example_sensor_decorator.py took 0.078 seconds
[2024-04-02T09:21:39.361+0000] {processor.py:157} INFO - Started process (PID=23645) to work on /usr/local/python/3.10.13/lib/python3.10/site-packages/airflow/example_dags/example_sensor_decorator.py
[2024-04-02T09:21:39.362+0000] {processor.py:826} INFO - Processing file /usr/local/python/3.10.13/lib/python3.10/site-packages/airflow/example_dags/example_sensor_decorator.py for tasks to queue
[2024-04-02T09:21:39.363+0000] {logging_mixin.py:150} INFO - [2024-04-02T09:21:39.362+0000] {dagbag.py:541} INFO - Filling up the DagBag from /usr/local/python/3.10.13/lib/python3.10/site-packages/airflow/example_dags/example_sensor_decorator.py
[2024-04-02T09:21:39.368+0000] {processor.py:836} INFO - DAG(s) dict_keys(['example_sensor_decorator']) retrieved from /usr/local/python/3.10.13/lib/python3.10/site-packages/airflow/example_dags/example_sensor_decorator.py
[2024-04-02T09:21:39.384+0000] {logging_mixin.py:150} INFO - [2024-04-02T09:21:39.384+0000] {dag.py:2742} INFO - Sync 1 DAGs
[2024-04-02T09:21:39.407+0000] {logging_mixin.py:150} INFO - [2024-04-02T09:21:39.407+0000] {dag.py:3504} INFO - Setting next_dagrun for example_sensor_decorator to None, run_after=None
[2024-04-02T09:21:39.453+0000] {processor.py:179} INFO - Processing /usr/local/python/3.10.13/lib/python3.10/site-packages/airflow/example_dags/example_sensor_decorator.py took 0.094 seconds
[2024-04-02T09:22:38.445+0000] {processor.py:157} INFO - Started process (PID=24050) to work on /usr/local/python/3.10.13/lib/python3.10/site-packages/airflow/example_dags/example_sensor_decorator.py
[2024-04-02T09:22:38.446+0000] {processor.py:826} INFO - Processing file /usr/local/python/3.10.13/lib/python3.10/site-packages/airflow/example_dags/example_sensor_decorator.py for tasks to queue
[2024-04-02T09:22:38.447+0000] {logging_mixin.py:150} INFO - [2024-04-02T09:22:38.447+0000] {dagbag.py:541} INFO - Filling up the DagBag from /usr/local/python/3.10.13/lib/python3.10/site-packages/airflow/example_dags/example_sensor_decorator.py
[2024-04-02T09:22:38.454+0000] {processor.py:836} INFO - DAG(s) dict_keys(['example_sensor_decorator']) retrieved from /usr/local/python/3.10.13/lib/python3.10/site-packages/airflow/example_dags/example_sensor_decorator.py
[2024-04-02T09:22:38.472+0000] {logging_mixin.py:150} INFO - [2024-04-02T09:22:38.472+0000] {dag.py:2742} INFO - Sync 1 DAGs
[2024-04-02T09:22:38.496+0000] {logging_mixin.py:150} INFO - [2024-04-02T09:22:38.496+0000] {dag.py:3504} INFO - Setting next_dagrun for example_sensor_decorator to None, run_after=None
[2024-04-02T09:22:38.543+0000] {processor.py:179} INFO - Processing /usr/local/python/3.10.13/lib/python3.10/site-packages/airflow/example_dags/example_sensor_decorator.py took 0.101 seconds
[2024-04-02T09:23:36.019+0000] {processor.py:157} INFO - Started process (PID=24430) to work on /usr/local/python/3.10.13/lib/python3.10/site-packages/airflow/example_dags/example_sensor_decorator.py
[2024-04-02T09:23:36.021+0000] {processor.py:826} INFO - Processing file /usr/local/python/3.10.13/lib/python3.10/site-packages/airflow/example_dags/example_sensor_decorator.py for tasks to queue
[2024-04-02T09:23:36.022+0000] {logging_mixin.py:150} INFO - [2024-04-02T09:23:36.021+0000] {dagbag.py:541} INFO - Filling up the DagBag from /usr/local/python/3.10.13/lib/python3.10/site-packages/airflow/example_dags/example_sensor_decorator.py
[2024-04-02T09:23:36.028+0000] {processor.py:836} INFO - DAG(s) dict_keys(['example_sensor_decorator']) retrieved from /usr/local/python/3.10.13/lib/python3.10/site-packages/airflow/example_dags/example_sensor_decorator.py
[2024-04-02T09:23:36.043+0000] {logging_mixin.py:150} INFO - [2024-04-02T09:23:36.043+0000] {dag.py:2742} INFO - Sync 1 DAGs
[2024-04-02T09:23:36.070+0000] {logging_mixin.py:150} INFO - [2024-04-02T09:23:36.070+0000] {dag.py:3504} INFO - Setting next_dagrun for example_sensor_decorator to None, run_after=None
[2024-04-02T09:23:36.117+0000] {processor.py:179} INFO - Processing /usr/local/python/3.10.13/lib/python3.10/site-packages/airflow/example_dags/example_sensor_decorator.py took 0.100 seconds
[2024-04-02T09:24:20.060+0000] {processor.py:157} INFO - Started process (PID=24725) to work on /usr/local/python/3.10.13/lib/python3.10/site-packages/airflow/example_dags/example_sensor_decorator.py
[2024-04-02T09:24:20.061+0000] {processor.py:826} INFO - Processing file /usr/local/python/3.10.13/lib/python3.10/site-packages/airflow/example_dags/example_sensor_decorator.py for tasks to queue
[2024-04-02T09:24:20.063+0000] {logging_mixin.py:150} INFO - [2024-04-02T09:24:20.062+0000] {dagbag.py:541} INFO - Filling up the DagBag from /usr/local/python/3.10.13/lib/python3.10/site-packages/airflow/example_dags/example_sensor_decorator.py
[2024-04-02T09:24:20.071+0000] {processor.py:836} INFO - DAG(s) dict_keys(['example_sensor_decorator']) retrieved from /usr/local/python/3.10.13/lib/python3.10/site-packages/airflow/example_dags/example_sensor_decorator.py
[2024-04-02T09:24:20.089+0000] {logging_mixin.py:150} INFO - [2024-04-02T09:24:20.089+0000] {dag.py:2742} INFO - Sync 1 DAGs
[2024-04-02T09:24:20.112+0000] {logging_mixin.py:150} INFO - [2024-04-02T09:24:20.112+0000] {dag.py:3504} INFO - Setting next_dagrun for example_sensor_decorator to None, run_after=None
[2024-04-02T09:24:20.161+0000] {processor.py:179} INFO - Processing /usr/local/python/3.10.13/lib/python3.10/site-packages/airflow/example_dags/example_sensor_decorator.py took 0.104 seconds
[2024-04-02T09:25:19.897+0000] {processor.py:157} INFO - Started process (PID=25159) to work on /usr/local/python/3.10.13/lib/python3.10/site-packages/airflow/example_dags/example_sensor_decorator.py
[2024-04-02T09:25:19.897+0000] {processor.py:826} INFO - Processing file /usr/local/python/3.10.13/lib/python3.10/site-packages/airflow/example_dags/example_sensor_decorator.py for tasks to queue
[2024-04-02T09:25:19.898+0000] {logging_mixin.py:150} INFO - [2024-04-02T09:25:19.898+0000] {dagbag.py:541} INFO - Filling up the DagBag from /usr/local/python/3.10.13/lib/python3.10/site-packages/airflow/example_dags/example_sensor_decorator.py
[2024-04-02T09:25:19.903+0000] {processor.py:836} INFO - DAG(s) dict_keys(['example_sensor_decorator']) retrieved from /usr/local/python/3.10.13/lib/python3.10/site-packages/airflow/example_dags/example_sensor_decorator.py
[2024-04-02T09:25:19.915+0000] {logging_mixin.py:150} INFO - [2024-04-02T09:25:19.915+0000] {dag.py:2742} INFO - Sync 1 DAGs
[2024-04-02T09:25:19.930+0000] {logging_mixin.py:150} INFO - [2024-04-02T09:25:19.930+0000] {dag.py:3504} INFO - Setting next_dagrun for example_sensor_decorator to None, run_after=None
[2024-04-02T09:25:20.064+0000] {processor.py:179} INFO - Processing /usr/local/python/3.10.13/lib/python3.10/site-packages/airflow/example_dags/example_sensor_decorator.py took 0.169 seconds
[2024-04-02T09:26:03.792+0000] {processor.py:157} INFO - Started process (PID=25466) to work on /usr/local/python/3.10.13/lib/python3.10/site-packages/airflow/example_dags/example_sensor_decorator.py
[2024-04-02T09:26:03.792+0000] {processor.py:826} INFO - Processing file /usr/local/python/3.10.13/lib/python3.10/site-packages/airflow/example_dags/example_sensor_decorator.py for tasks to queue
[2024-04-02T09:26:03.793+0000] {logging_mixin.py:150} INFO - [2024-04-02T09:26:03.793+0000] {dagbag.py:541} INFO - Filling up the DagBag from /usr/local/python/3.10.13/lib/python3.10/site-packages/airflow/example_dags/example_sensor_decorator.py
[2024-04-02T09:26:03.798+0000] {processor.py:836} INFO - DAG(s) dict_keys(['example_sensor_decorator']) retrieved from /usr/local/python/3.10.13/lib/python3.10/site-packages/airflow/example_dags/example_sensor_decorator.py
[2024-04-02T09:26:03.809+0000] {logging_mixin.py:150} INFO - [2024-04-02T09:26:03.809+0000] {dag.py:2742} INFO - Sync 1 DAGs
[2024-04-02T09:26:03.824+0000] {logging_mixin.py:150} INFO - [2024-04-02T09:26:03.824+0000] {dag.py:3504} INFO - Setting next_dagrun for example_sensor_decorator to None, run_after=None
[2024-04-02T09:26:03.861+0000] {processor.py:179} INFO - Processing /usr/local/python/3.10.13/lib/python3.10/site-packages/airflow/example_dags/example_sensor_decorator.py took 0.072 seconds
[2024-04-02T09:26:45.906+0000] {processor.py:157} INFO - Started process (PID=25754) to work on /usr/local/python/3.10.13/lib/python3.10/site-packages/airflow/example_dags/example_sensor_decorator.py
[2024-04-02T09:26:45.913+0000] {processor.py:826} INFO - Processing file /usr/local/python/3.10.13/lib/python3.10/site-packages/airflow/example_dags/example_sensor_decorator.py for tasks to queue
[2024-04-02T09:26:45.914+0000] {logging_mixin.py:150} INFO - [2024-04-02T09:26:45.913+0000] {dagbag.py:541} INFO - Filling up the DagBag from /usr/local/python/3.10.13/lib/python3.10/site-packages/airflow/example_dags/example_sensor_decorator.py
[2024-04-02T09:26:45.929+0000] {processor.py:836} INFO - DAG(s) dict_keys(['example_sensor_decorator']) retrieved from /usr/local/python/3.10.13/lib/python3.10/site-packages/airflow/example_dags/example_sensor_decorator.py
[2024-04-02T09:26:45.954+0000] {logging_mixin.py:150} INFO - [2024-04-02T09:26:45.954+0000] {dag.py:2742} INFO - Sync 1 DAGs
[2024-04-02T09:26:45.975+0000] {logging_mixin.py:150} INFO - [2024-04-02T09:26:45.975+0000] {dag.py:3504} INFO - Setting next_dagrun for example_sensor_decorator to None, run_after=None
[2024-04-02T09:26:46.016+0000] {processor.py:179} INFO - Processing /usr/local/python/3.10.13/lib/python3.10/site-packages/airflow/example_dags/example_sensor_decorator.py took 0.112 seconds
[2024-04-02T09:27:46.402+0000] {processor.py:157} INFO - Started process (PID=26164) to work on /usr/local/python/3.10.13/lib/python3.10/site-packages/airflow/example_dags/example_sensor_decorator.py
[2024-04-02T09:27:46.403+0000] {processor.py:826} INFO - Processing file /usr/local/python/3.10.13/lib/python3.10/site-packages/airflow/example_dags/example_sensor_decorator.py for tasks to queue
[2024-04-02T09:27:46.404+0000] {logging_mixin.py:150} INFO - [2024-04-02T09:27:46.403+0000] {dagbag.py:541} INFO - Filling up the DagBag from /usr/local/python/3.10.13/lib/python3.10/site-packages/airflow/example_dags/example_sensor_decorator.py
[2024-04-02T09:27:46.409+0000] {processor.py:836} INFO - DAG(s) dict_keys(['example_sensor_decorator']) retrieved from /usr/local/python/3.10.13/lib/python3.10/site-packages/airflow/example_dags/example_sensor_decorator.py
[2024-04-02T09:27:46.420+0000] {logging_mixin.py:150} INFO - [2024-04-02T09:27:46.420+0000] {dag.py:2742} INFO - Sync 1 DAGs
[2024-04-02T09:27:46.435+0000] {logging_mixin.py:150} INFO - [2024-04-02T09:27:46.434+0000] {dag.py:3504} INFO - Setting next_dagrun for example_sensor_decorator to None, run_after=None
[2024-04-02T09:27:46.476+0000] {processor.py:179} INFO - Processing /usr/local/python/3.10.13/lib/python3.10/site-packages/airflow/example_dags/example_sensor_decorator.py took 0.076 seconds
[2024-04-02T09:28:49.185+0000] {processor.py:157} INFO - Started process (PID=26580) to work on /usr/local/python/3.10.13/lib/python3.10/site-packages/airflow/example_dags/example_sensor_decorator.py
[2024-04-02T09:28:49.186+0000] {processor.py:826} INFO - Processing file /usr/local/python/3.10.13/lib/python3.10/site-packages/airflow/example_dags/example_sensor_decorator.py for tasks to queue
[2024-04-02T09:28:49.186+0000] {logging_mixin.py:150} INFO - [2024-04-02T09:28:49.186+0000] {dagbag.py:541} INFO - Filling up the DagBag from /usr/local/python/3.10.13/lib/python3.10/site-packages/airflow/example_dags/example_sensor_decorator.py
[2024-04-02T09:28:49.191+0000] {processor.py:836} INFO - DAG(s) dict_keys(['example_sensor_decorator']) retrieved from /usr/local/python/3.10.13/lib/python3.10/site-packages/airflow/example_dags/example_sensor_decorator.py
[2024-04-02T09:28:49.203+0000] {logging_mixin.py:150} INFO - [2024-04-02T09:28:49.202+0000] {dag.py:2742} INFO - Sync 1 DAGs
[2024-04-02T09:28:49.217+0000] {logging_mixin.py:150} INFO - [2024-04-02T09:28:49.217+0000] {dag.py:3504} INFO - Setting next_dagrun for example_sensor_decorator to None, run_after=None
[2024-04-02T09:28:49.259+0000] {processor.py:179} INFO - Processing /usr/local/python/3.10.13/lib/python3.10/site-packages/airflow/example_dags/example_sensor_decorator.py took 0.076 seconds
[2024-04-02T09:29:46.083+0000] {processor.py:157} INFO - Started process (PID=27019) to work on /usr/local/python/3.10.13/lib/python3.10/site-packages/airflow/example_dags/example_sensor_decorator.py
[2024-04-02T09:29:46.084+0000] {processor.py:826} INFO - Processing file /usr/local/python/3.10.13/lib/python3.10/site-packages/airflow/example_dags/example_sensor_decorator.py for tasks to queue
[2024-04-02T09:29:46.086+0000] {logging_mixin.py:150} INFO - [2024-04-02T09:29:46.085+0000] {dagbag.py:541} INFO - Filling up the DagBag from /usr/local/python/3.10.13/lib/python3.10/site-packages/airflow/example_dags/example_sensor_decorator.py
[2024-04-02T09:29:46.092+0000] {processor.py:836} INFO - DAG(s) dict_keys(['example_sensor_decorator']) retrieved from /usr/local/python/3.10.13/lib/python3.10/site-packages/airflow/example_dags/example_sensor_decorator.py
[2024-04-02T09:29:46.110+0000] {logging_mixin.py:150} INFO - [2024-04-02T09:29:46.109+0000] {dag.py:2742} INFO - Sync 1 DAGs
[2024-04-02T09:29:46.133+0000] {logging_mixin.py:150} INFO - [2024-04-02T09:29:46.133+0000] {dag.py:3504} INFO - Setting next_dagrun for example_sensor_decorator to None, run_after=None
[2024-04-02T09:29:46.182+0000] {processor.py:179} INFO - Processing /usr/local/python/3.10.13/lib/python3.10/site-packages/airflow/example_dags/example_sensor_decorator.py took 0.102 seconds
[2024-04-02T09:30:38.606+0000] {processor.py:157} INFO - Started process (PID=27368) to work on /usr/local/python/3.10.13/lib/python3.10/site-packages/airflow/example_dags/example_sensor_decorator.py
[2024-04-02T09:30:38.607+0000] {processor.py:826} INFO - Processing file /usr/local/python/3.10.13/lib/python3.10/site-packages/airflow/example_dags/example_sensor_decorator.py for tasks to queue
[2024-04-02T09:30:38.607+0000] {logging_mixin.py:150} INFO - [2024-04-02T09:30:38.607+0000] {dagbag.py:541} INFO - Filling up the DagBag from /usr/local/python/3.10.13/lib/python3.10/site-packages/airflow/example_dags/example_sensor_decorator.py
[2024-04-02T09:30:38.612+0000] {processor.py:836} INFO - DAG(s) dict_keys(['example_sensor_decorator']) retrieved from /usr/local/python/3.10.13/lib/python3.10/site-packages/airflow/example_dags/example_sensor_decorator.py
[2024-04-02T09:30:38.624+0000] {logging_mixin.py:150} INFO - [2024-04-02T09:30:38.623+0000] {dag.py:2742} INFO - Sync 1 DAGs
[2024-04-02T09:30:38.638+0000] {logging_mixin.py:150} INFO - [2024-04-02T09:30:38.638+0000] {dag.py:3504} INFO - Setting next_dagrun for example_sensor_decorator to None, run_after=None
[2024-04-02T09:30:38.694+0000] {processor.py:179} INFO - Processing /usr/local/python/3.10.13/lib/python3.10/site-packages/airflow/example_dags/example_sensor_decorator.py took 0.091 seconds
[2024-04-02T09:31:20.328+0000] {processor.py:157} INFO - Started process (PID=27649) to work on /usr/local/python/3.10.13/lib/python3.10/site-packages/airflow/example_dags/example_sensor_decorator.py
[2024-04-02T09:31:20.329+0000] {processor.py:826} INFO - Processing file /usr/local/python/3.10.13/lib/python3.10/site-packages/airflow/example_dags/example_sensor_decorator.py for tasks to queue
[2024-04-02T09:31:20.330+0000] {logging_mixin.py:150} INFO - [2024-04-02T09:31:20.329+0000] {dagbag.py:541} INFO - Filling up the DagBag from /usr/local/python/3.10.13/lib/python3.10/site-packages/airflow/example_dags/example_sensor_decorator.py
[2024-04-02T09:31:20.334+0000] {processor.py:836} INFO - DAG(s) dict_keys(['example_sensor_decorator']) retrieved from /usr/local/python/3.10.13/lib/python3.10/site-packages/airflow/example_dags/example_sensor_decorator.py
[2024-04-02T09:31:20.351+0000] {logging_mixin.py:150} INFO - [2024-04-02T09:31:20.351+0000] {dag.py:2742} INFO - Sync 1 DAGs
[2024-04-02T09:31:20.368+0000] {logging_mixin.py:150} INFO - [2024-04-02T09:31:20.368+0000] {dag.py:3504} INFO - Setting next_dagrun for example_sensor_decorator to None, run_after=None
[2024-04-02T09:31:20.409+0000] {processor.py:179} INFO - Processing /usr/local/python/3.10.13/lib/python3.10/site-packages/airflow/example_dags/example_sensor_decorator.py took 0.083 seconds
[2024-04-02T09:32:17.407+0000] {processor.py:157} INFO - Started process (PID=28045) to work on /usr/local/python/3.10.13/lib/python3.10/site-packages/airflow/example_dags/example_sensor_decorator.py
[2024-04-02T09:32:17.408+0000] {processor.py:826} INFO - Processing file /usr/local/python/3.10.13/lib/python3.10/site-packages/airflow/example_dags/example_sensor_decorator.py for tasks to queue
[2024-04-02T09:32:17.409+0000] {logging_mixin.py:150} INFO - [2024-04-02T09:32:17.408+0000] {dagbag.py:541} INFO - Filling up the DagBag from /usr/local/python/3.10.13/lib/python3.10/site-packages/airflow/example_dags/example_sensor_decorator.py
[2024-04-02T09:32:17.413+0000] {processor.py:836} INFO - DAG(s) dict_keys(['example_sensor_decorator']) retrieved from /usr/local/python/3.10.13/lib/python3.10/site-packages/airflow/example_dags/example_sensor_decorator.py
[2024-04-02T09:32:17.425+0000] {logging_mixin.py:150} INFO - [2024-04-02T09:32:17.425+0000] {dag.py:2742} INFO - Sync 1 DAGs
[2024-04-02T09:32:17.439+0000] {logging_mixin.py:150} INFO - [2024-04-02T09:32:17.439+0000] {dag.py:3504} INFO - Setting next_dagrun for example_sensor_decorator to None, run_after=None
[2024-04-02T09:32:17.482+0000] {processor.py:179} INFO - Processing /usr/local/python/3.10.13/lib/python3.10/site-packages/airflow/example_dags/example_sensor_decorator.py took 0.077 seconds
[2024-04-02T09:32:58.296+0000] {processor.py:157} INFO - Started process (PID=28327) to work on /usr/local/python/3.10.13/lib/python3.10/site-packages/airflow/example_dags/example_sensor_decorator.py
[2024-04-02T09:32:58.297+0000] {processor.py:826} INFO - Processing file /usr/local/python/3.10.13/lib/python3.10/site-packages/airflow/example_dags/example_sensor_decorator.py for tasks to queue
[2024-04-02T09:32:58.299+0000] {logging_mixin.py:150} INFO - [2024-04-02T09:32:58.298+0000] {dagbag.py:541} INFO - Filling up the DagBag from /usr/local/python/3.10.13/lib/python3.10/site-packages/airflow/example_dags/example_sensor_decorator.py
[2024-04-02T09:32:58.304+0000] {processor.py:836} INFO - DAG(s) dict_keys(['example_sensor_decorator']) retrieved from /usr/local/python/3.10.13/lib/python3.10/site-packages/airflow/example_dags/example_sensor_decorator.py
[2024-04-02T09:32:58.316+0000] {logging_mixin.py:150} INFO - [2024-04-02T09:32:58.316+0000] {dag.py:2742} INFO - Sync 1 DAGs
[2024-04-02T09:32:58.331+0000] {logging_mixin.py:150} INFO - [2024-04-02T09:32:58.331+0000] {dag.py:3504} INFO - Setting next_dagrun for example_sensor_decorator to None, run_after=None
[2024-04-02T09:32:58.372+0000] {processor.py:179} INFO - Processing /usr/local/python/3.10.13/lib/python3.10/site-packages/airflow/example_dags/example_sensor_decorator.py took 0.078 seconds
[2024-04-02T09:33:56.570+0000] {processor.py:157} INFO - Started process (PID=28731) to work on /usr/local/python/3.10.13/lib/python3.10/site-packages/airflow/example_dags/example_sensor_decorator.py
[2024-04-02T09:33:56.570+0000] {processor.py:826} INFO - Processing file /usr/local/python/3.10.13/lib/python3.10/site-packages/airflow/example_dags/example_sensor_decorator.py for tasks to queue
[2024-04-02T09:33:56.571+0000] {logging_mixin.py:150} INFO - [2024-04-02T09:33:56.571+0000] {dagbag.py:541} INFO - Filling up the DagBag from /usr/local/python/3.10.13/lib/python3.10/site-packages/airflow/example_dags/example_sensor_decorator.py
[2024-04-02T09:33:56.575+0000] {processor.py:836} INFO - DAG(s) dict_keys(['example_sensor_decorator']) retrieved from /usr/local/python/3.10.13/lib/python3.10/site-packages/airflow/example_dags/example_sensor_decorator.py
[2024-04-02T09:33:56.589+0000] {logging_mixin.py:150} INFO - [2024-04-02T09:33:56.589+0000] {dag.py:2742} INFO - Sync 1 DAGs
[2024-04-02T09:33:56.605+0000] {logging_mixin.py:150} INFO - [2024-04-02T09:33:56.605+0000] {dag.py:3504} INFO - Setting next_dagrun for example_sensor_decorator to None, run_after=None
[2024-04-02T09:33:56.648+0000] {processor.py:179} INFO - Processing /usr/local/python/3.10.13/lib/python3.10/site-packages/airflow/example_dags/example_sensor_decorator.py took 0.081 seconds
[2024-04-02T09:34:53.115+0000] {processor.py:157} INFO - Started process (PID=29131) to work on /usr/local/python/3.10.13/lib/python3.10/site-packages/airflow/example_dags/example_sensor_decorator.py
[2024-04-02T09:34:53.116+0000] {processor.py:826} INFO - Processing file /usr/local/python/3.10.13/lib/python3.10/site-packages/airflow/example_dags/example_sensor_decorator.py for tasks to queue
[2024-04-02T09:34:53.117+0000] {logging_mixin.py:150} INFO - [2024-04-02T09:34:53.117+0000] {dagbag.py:541} INFO - Filling up the DagBag from /usr/local/python/3.10.13/lib/python3.10/site-packages/airflow/example_dags/example_sensor_decorator.py
[2024-04-02T09:34:53.124+0000] {processor.py:836} INFO - DAG(s) dict_keys(['example_sensor_decorator']) retrieved from /usr/local/python/3.10.13/lib/python3.10/site-packages/airflow/example_dags/example_sensor_decorator.py
[2024-04-02T09:34:53.142+0000] {logging_mixin.py:150} INFO - [2024-04-02T09:34:53.142+0000] {dag.py:2742} INFO - Sync 1 DAGs
[2024-04-02T09:34:53.165+0000] {logging_mixin.py:150} INFO - [2024-04-02T09:34:53.164+0000] {dag.py:3504} INFO - Setting next_dagrun for example_sensor_decorator to None, run_after=None
[2024-04-02T09:34:53.214+0000] {processor.py:179} INFO - Processing /usr/local/python/3.10.13/lib/python3.10/site-packages/airflow/example_dags/example_sensor_decorator.py took 0.102 seconds
[2024-04-02T09:35:47.694+0000] {processor.py:157} INFO - Started process (PID=29518) to work on /usr/local/python/3.10.13/lib/python3.10/site-packages/airflow/example_dags/example_sensor_decorator.py
[2024-04-02T09:35:47.695+0000] {processor.py:826} INFO - Processing file /usr/local/python/3.10.13/lib/python3.10/site-packages/airflow/example_dags/example_sensor_decorator.py for tasks to queue
[2024-04-02T09:35:47.696+0000] {logging_mixin.py:150} INFO - [2024-04-02T09:35:47.696+0000] {dagbag.py:541} INFO - Filling up the DagBag from /usr/local/python/3.10.13/lib/python3.10/site-packages/airflow/example_dags/example_sensor_decorator.py
[2024-04-02T09:35:47.700+0000] {processor.py:836} INFO - DAG(s) dict_keys(['example_sensor_decorator']) retrieved from /usr/local/python/3.10.13/lib/python3.10/site-packages/airflow/example_dags/example_sensor_decorator.py
[2024-04-02T09:35:47.712+0000] {logging_mixin.py:150} INFO - [2024-04-02T09:35:47.712+0000] {dag.py:2742} INFO - Sync 1 DAGs
[2024-04-02T09:35:47.727+0000] {logging_mixin.py:150} INFO - [2024-04-02T09:35:47.727+0000] {dag.py:3504} INFO - Setting next_dagrun for example_sensor_decorator to None, run_after=None
[2024-04-02T09:35:47.768+0000] {processor.py:179} INFO - Processing /usr/local/python/3.10.13/lib/python3.10/site-packages/airflow/example_dags/example_sensor_decorator.py took 0.076 seconds
[2024-04-02T09:36:42.455+0000] {processor.py:157} INFO - Started process (PID=29890) to work on /usr/local/python/3.10.13/lib/python3.10/site-packages/airflow/example_dags/example_sensor_decorator.py
[2024-04-02T09:36:42.456+0000] {processor.py:826} INFO - Processing file /usr/local/python/3.10.13/lib/python3.10/site-packages/airflow/example_dags/example_sensor_decorator.py for tasks to queue
[2024-04-02T09:36:42.457+0000] {logging_mixin.py:150} INFO - [2024-04-02T09:36:42.456+0000] {dagbag.py:541} INFO - Filling up the DagBag from /usr/local/python/3.10.13/lib/python3.10/site-packages/airflow/example_dags/example_sensor_decorator.py
[2024-04-02T09:36:42.462+0000] {processor.py:836} INFO - DAG(s) dict_keys(['example_sensor_decorator']) retrieved from /usr/local/python/3.10.13/lib/python3.10/site-packages/airflow/example_dags/example_sensor_decorator.py
[2024-04-02T09:36:42.474+0000] {logging_mixin.py:150} INFO - [2024-04-02T09:36:42.474+0000] {dag.py:2742} INFO - Sync 1 DAGs
[2024-04-02T09:36:42.489+0000] {logging_mixin.py:150} INFO - [2024-04-02T09:36:42.489+0000] {dag.py:3504} INFO - Setting next_dagrun for example_sensor_decorator to None, run_after=None
[2024-04-02T09:36:42.529+0000] {processor.py:179} INFO - Processing /usr/local/python/3.10.13/lib/python3.10/site-packages/airflow/example_dags/example_sensor_decorator.py took 0.076 seconds
[2024-04-02T09:37:38.448+0000] {processor.py:157} INFO - Started process (PID=30278) to work on /usr/local/python/3.10.13/lib/python3.10/site-packages/airflow/example_dags/example_sensor_decorator.py
[2024-04-02T09:37:38.448+0000] {processor.py:826} INFO - Processing file /usr/local/python/3.10.13/lib/python3.10/site-packages/airflow/example_dags/example_sensor_decorator.py for tasks to queue
[2024-04-02T09:37:38.449+0000] {logging_mixin.py:150} INFO - [2024-04-02T09:37:38.449+0000] {dagbag.py:541} INFO - Filling up the DagBag from /usr/local/python/3.10.13/lib/python3.10/site-packages/airflow/example_dags/example_sensor_decorator.py
[2024-04-02T09:37:38.453+0000] {processor.py:836} INFO - DAG(s) dict_keys(['example_sensor_decorator']) retrieved from /usr/local/python/3.10.13/lib/python3.10/site-packages/airflow/example_dags/example_sensor_decorator.py
[2024-04-02T09:37:38.467+0000] {logging_mixin.py:150} INFO - [2024-04-02T09:37:38.467+0000] {dag.py:2742} INFO - Sync 1 DAGs
[2024-04-02T09:37:38.483+0000] {logging_mixin.py:150} INFO - [2024-04-02T09:37:38.483+0000] {dag.py:3504} INFO - Setting next_dagrun for example_sensor_decorator to None, run_after=None
[2024-04-02T09:37:38.521+0000] {processor.py:179} INFO - Processing /usr/local/python/3.10.13/lib/python3.10/site-packages/airflow/example_dags/example_sensor_decorator.py took 0.076 seconds
[2024-04-02T09:38:34.530+0000] {processor.py:157} INFO - Started process (PID=30652) to work on /usr/local/python/3.10.13/lib/python3.10/site-packages/airflow/example_dags/example_sensor_decorator.py
[2024-04-02T09:38:34.530+0000] {processor.py:826} INFO - Processing file /usr/local/python/3.10.13/lib/python3.10/site-packages/airflow/example_dags/example_sensor_decorator.py for tasks to queue
[2024-04-02T09:38:34.531+0000] {logging_mixin.py:150} INFO - [2024-04-02T09:38:34.531+0000] {dagbag.py:541} INFO - Filling up the DagBag from /usr/local/python/3.10.13/lib/python3.10/site-packages/airflow/example_dags/example_sensor_decorator.py
[2024-04-02T09:38:34.536+0000] {processor.py:836} INFO - DAG(s) dict_keys(['example_sensor_decorator']) retrieved from /usr/local/python/3.10.13/lib/python3.10/site-packages/airflow/example_dags/example_sensor_decorator.py
[2024-04-02T09:38:34.550+0000] {logging_mixin.py:150} INFO - [2024-04-02T09:38:34.550+0000] {dag.py:2742} INFO - Sync 1 DAGs
[2024-04-02T09:38:34.565+0000] {logging_mixin.py:150} INFO - [2024-04-02T09:38:34.565+0000] {dag.py:3504} INFO - Setting next_dagrun for example_sensor_decorator to None, run_after=None
[2024-04-02T09:38:34.605+0000] {processor.py:179} INFO - Processing /usr/local/python/3.10.13/lib/python3.10/site-packages/airflow/example_dags/example_sensor_decorator.py took 0.077 seconds
[2024-04-02T09:39:32.152+0000] {processor.py:157} INFO - Started process (PID=31073) to work on /usr/local/python/3.10.13/lib/python3.10/site-packages/airflow/example_dags/example_sensor_decorator.py
[2024-04-02T09:39:32.153+0000] {processor.py:826} INFO - Processing file /usr/local/python/3.10.13/lib/python3.10/site-packages/airflow/example_dags/example_sensor_decorator.py for tasks to queue
[2024-04-02T09:39:32.153+0000] {logging_mixin.py:150} INFO - [2024-04-02T09:39:32.153+0000] {dagbag.py:541} INFO - Filling up the DagBag from /usr/local/python/3.10.13/lib/python3.10/site-packages/airflow/example_dags/example_sensor_decorator.py
[2024-04-02T09:39:32.158+0000] {processor.py:836} INFO - DAG(s) dict_keys(['example_sensor_decorator']) retrieved from /usr/local/python/3.10.13/lib/python3.10/site-packages/airflow/example_dags/example_sensor_decorator.py
[2024-04-02T09:39:32.170+0000] {logging_mixin.py:150} INFO - [2024-04-02T09:39:32.169+0000] {dag.py:2742} INFO - Sync 1 DAGs
[2024-04-02T09:39:32.185+0000] {logging_mixin.py:150} INFO - [2024-04-02T09:39:32.185+0000] {dag.py:3504} INFO - Setting next_dagrun for example_sensor_decorator to None, run_after=None
[2024-04-02T09:39:32.231+0000] {processor.py:179} INFO - Processing /usr/local/python/3.10.13/lib/python3.10/site-packages/airflow/example_dags/example_sensor_decorator.py took 0.081 seconds
[2024-04-02T09:40:30.645+0000] {processor.py:157} INFO - Started process (PID=31489) to work on /usr/local/python/3.10.13/lib/python3.10/site-packages/airflow/example_dags/example_sensor_decorator.py
[2024-04-02T09:40:30.647+0000] {processor.py:826} INFO - Processing file /usr/local/python/3.10.13/lib/python3.10/site-packages/airflow/example_dags/example_sensor_decorator.py for tasks to queue
[2024-04-02T09:40:30.648+0000] {logging_mixin.py:150} INFO - [2024-04-02T09:40:30.648+0000] {dagbag.py:541} INFO - Filling up the DagBag from /usr/local/python/3.10.13/lib/python3.10/site-packages/airflow/example_dags/example_sensor_decorator.py
[2024-04-02T09:40:30.655+0000] {processor.py:836} INFO - DAG(s) dict_keys(['example_sensor_decorator']) retrieved from /usr/local/python/3.10.13/lib/python3.10/site-packages/airflow/example_dags/example_sensor_decorator.py
[2024-04-02T09:40:30.673+0000] {logging_mixin.py:150} INFO - [2024-04-02T09:40:30.673+0000] {dag.py:2742} INFO - Sync 1 DAGs
[2024-04-02T09:40:30.697+0000] {logging_mixin.py:150} INFO - [2024-04-02T09:40:30.697+0000] {dag.py:3504} INFO - Setting next_dagrun for example_sensor_decorator to None, run_after=None
[2024-04-02T09:40:30.745+0000] {processor.py:179} INFO - Processing /usr/local/python/3.10.13/lib/python3.10/site-packages/airflow/example_dags/example_sensor_decorator.py took 0.103 seconds
[2024-04-02T09:41:26.655+0000] {processor.py:157} INFO - Started process (PID=31880) to work on /usr/local/python/3.10.13/lib/python3.10/site-packages/airflow/example_dags/example_sensor_decorator.py
[2024-04-02T09:41:26.656+0000] {processor.py:826} INFO - Processing file /usr/local/python/3.10.13/lib/python3.10/site-packages/airflow/example_dags/example_sensor_decorator.py for tasks to queue
[2024-04-02T09:41:26.657+0000] {logging_mixin.py:150} INFO - [2024-04-02T09:41:26.656+0000] {dagbag.py:541} INFO - Filling up the DagBag from /usr/local/python/3.10.13/lib/python3.10/site-packages/airflow/example_dags/example_sensor_decorator.py
[2024-04-02T09:41:26.661+0000] {processor.py:836} INFO - DAG(s) dict_keys(['example_sensor_decorator']) retrieved from /usr/local/python/3.10.13/lib/python3.10/site-packages/airflow/example_dags/example_sensor_decorator.py
[2024-04-02T09:41:26.673+0000] {logging_mixin.py:150} INFO - [2024-04-02T09:41:26.673+0000] {dag.py:2742} INFO - Sync 1 DAGs
[2024-04-02T09:41:26.688+0000] {logging_mixin.py:150} INFO - [2024-04-02T09:41:26.688+0000] {dag.py:3504} INFO - Setting next_dagrun for example_sensor_decorator to None, run_after=None
[2024-04-02T09:41:26.727+0000] {processor.py:179} INFO - Processing /usr/local/python/3.10.13/lib/python3.10/site-packages/airflow/example_dags/example_sensor_decorator.py took 0.074 seconds
[2024-04-02T09:42:22.337+0000] {processor.py:157} INFO - Started process (PID=32246) to work on /usr/local/python/3.10.13/lib/python3.10/site-packages/airflow/example_dags/example_sensor_decorator.py
[2024-04-02T09:42:22.337+0000] {processor.py:826} INFO - Processing file /usr/local/python/3.10.13/lib/python3.10/site-packages/airflow/example_dags/example_sensor_decorator.py for tasks to queue
[2024-04-02T09:42:22.338+0000] {logging_mixin.py:150} INFO - [2024-04-02T09:42:22.338+0000] {dagbag.py:541} INFO - Filling up the DagBag from /usr/local/python/3.10.13/lib/python3.10/site-packages/airflow/example_dags/example_sensor_decorator.py
[2024-04-02T09:42:22.343+0000] {processor.py:836} INFO - DAG(s) dict_keys(['example_sensor_decorator']) retrieved from /usr/local/python/3.10.13/lib/python3.10/site-packages/airflow/example_dags/example_sensor_decorator.py
[2024-04-02T09:42:22.355+0000] {logging_mixin.py:150} INFO - [2024-04-02T09:42:22.354+0000] {dag.py:2742} INFO - Sync 1 DAGs
[2024-04-02T09:42:22.369+0000] {logging_mixin.py:150} INFO - [2024-04-02T09:42:22.369+0000] {dag.py:3504} INFO - Setting next_dagrun for example_sensor_decorator to None, run_after=None
[2024-04-02T09:42:22.409+0000] {processor.py:179} INFO - Processing /usr/local/python/3.10.13/lib/python3.10/site-packages/airflow/example_dags/example_sensor_decorator.py took 0.075 seconds
[2024-04-02T09:43:05.616+0000] {processor.py:157} INFO - Started process (PID=32558) to work on /usr/local/python/3.10.13/lib/python3.10/site-packages/airflow/example_dags/example_sensor_decorator.py
[2024-04-02T09:43:05.617+0000] {processor.py:826} INFO - Processing file /usr/local/python/3.10.13/lib/python3.10/site-packages/airflow/example_dags/example_sensor_decorator.py for tasks to queue
[2024-04-02T09:43:05.618+0000] {logging_mixin.py:150} INFO - [2024-04-02T09:43:05.617+0000] {dagbag.py:541} INFO - Filling up the DagBag from /usr/local/python/3.10.13/lib/python3.10/site-packages/airflow/example_dags/example_sensor_decorator.py
[2024-04-02T09:43:05.622+0000] {processor.py:836} INFO - DAG(s) dict_keys(['example_sensor_decorator']) retrieved from /usr/local/python/3.10.13/lib/python3.10/site-packages/airflow/example_dags/example_sensor_decorator.py
[2024-04-02T09:43:05.635+0000] {logging_mixin.py:150} INFO - [2024-04-02T09:43:05.635+0000] {dag.py:2742} INFO - Sync 1 DAGs
[2024-04-02T09:43:05.650+0000] {logging_mixin.py:150} INFO - [2024-04-02T09:43:05.650+0000] {dag.py:3504} INFO - Setting next_dagrun for example_sensor_decorator to None, run_after=None
[2024-04-02T09:43:05.687+0000] {processor.py:179} INFO - Processing /usr/local/python/3.10.13/lib/python3.10/site-packages/airflow/example_dags/example_sensor_decorator.py took 0.073 seconds
