[2024-04-02T08:57:19.189+0000] {processor.py:157} INFO - Started process (PID=11653) to work on /usr/local/python/3.10.13/lib/python3.10/site-packages/airflow/example_dags/example_branch_day_of_week_operator.py
[2024-04-02T08:57:19.190+0000] {processor.py:826} INFO - Processing file /usr/local/python/3.10.13/lib/python3.10/site-packages/airflow/example_dags/example_branch_day_of_week_operator.py for tasks to queue
[2024-04-02T08:57:19.191+0000] {logging_mixin.py:150} INFO - [2024-04-02T08:57:19.191+0000] {dagbag.py:541} INFO - Filling up the DagBag from /usr/local/python/3.10.13/lib/python3.10/site-packages/airflow/example_dags/example_branch_day_of_week_operator.py
[2024-04-02T08:57:19.200+0000] {processor.py:836} INFO - DAG(s) dict_keys(['example_weekday_branch_operator']) retrieved from /usr/local/python/3.10.13/lib/python3.10/site-packages/airflow/example_dags/example_branch_day_of_week_operator.py
[2024-04-02T08:57:19.413+0000] {logging_mixin.py:150} INFO - [2024-04-02T08:57:19.413+0000] {dag.py:2742} INFO - Sync 1 DAGs
[2024-04-02T08:57:19.456+0000] {logging_mixin.py:150} INFO - [2024-04-02T08:57:19.456+0000] {dag.py:3504} INFO - Setting next_dagrun for example_weekday_branch_operator to 2024-04-01T00:00:00+00:00, run_after=2024-04-02T00:00:00+00:00
[2024-04-02T08:57:19.509+0000] {processor.py:179} INFO - Processing /usr/local/python/3.10.13/lib/python3.10/site-packages/airflow/example_dags/example_branch_day_of_week_operator.py took 0.323 seconds
[2024-04-02T08:58:25.059+0000] {processor.py:157} INFO - Started process (PID=12630) to work on /usr/local/python/3.10.13/lib/python3.10/site-packages/airflow/example_dags/example_branch_day_of_week_operator.py
[2024-04-02T08:58:25.061+0000] {processor.py:826} INFO - Processing file /usr/local/python/3.10.13/lib/python3.10/site-packages/airflow/example_dags/example_branch_day_of_week_operator.py for tasks to queue
[2024-04-02T08:58:25.062+0000] {logging_mixin.py:150} INFO - [2024-04-02T08:58:25.061+0000] {dagbag.py:541} INFO - Filling up the DagBag from /usr/local/python/3.10.13/lib/python3.10/site-packages/airflow/example_dags/example_branch_day_of_week_operator.py
[2024-04-02T08:58:25.071+0000] {processor.py:836} INFO - DAG(s) dict_keys(['example_weekday_branch_operator']) retrieved from /usr/local/python/3.10.13/lib/python3.10/site-packages/airflow/example_dags/example_branch_day_of_week_operator.py
[2024-04-02T08:58:25.146+0000] {logging_mixin.py:150} INFO - [2024-04-02T08:58:25.146+0000] {dag.py:2742} INFO - Sync 1 DAGs
[2024-04-02T08:58:25.170+0000] {logging_mixin.py:150} INFO - [2024-04-02T08:58:25.169+0000] {dag.py:3504} INFO - Setting next_dagrun for example_weekday_branch_operator to 2024-04-01T00:00:00+00:00, run_after=2024-04-02T00:00:00+00:00
[2024-04-02T08:58:25.206+0000] {processor.py:179} INFO - Processing /usr/local/python/3.10.13/lib/python3.10/site-packages/airflow/example_dags/example_branch_day_of_week_operator.py took 0.150 seconds
[2024-04-02T09:00:20.838+0000] {processor.py:157} INFO - Started process (PID=14304) to work on /usr/local/python/3.10.13/lib/python3.10/site-packages/airflow/example_dags/example_branch_day_of_week_operator.py
[2024-04-02T09:00:20.841+0000] {processor.py:826} INFO - Processing file /usr/local/python/3.10.13/lib/python3.10/site-packages/airflow/example_dags/example_branch_day_of_week_operator.py for tasks to queue
[2024-04-02T09:00:20.842+0000] {logging_mixin.py:150} INFO - [2024-04-02T09:00:20.842+0000] {dagbag.py:541} INFO - Filling up the DagBag from /usr/local/python/3.10.13/lib/python3.10/site-packages/airflow/example_dags/example_branch_day_of_week_operator.py
[2024-04-02T09:00:20.862+0000] {processor.py:836} INFO - DAG(s) dict_keys(['example_weekday_branch_operator']) retrieved from /usr/local/python/3.10.13/lib/python3.10/site-packages/airflow/example_dags/example_branch_day_of_week_operator.py
[2024-04-02T09:00:20.906+0000] {logging_mixin.py:150} INFO - [2024-04-02T09:00:20.906+0000] {dag.py:2742} INFO - Sync 1 DAGs
[2024-04-02T09:00:20.983+0000] {logging_mixin.py:150} INFO - [2024-04-02T09:00:20.983+0000] {dag.py:3504} INFO - Setting next_dagrun for example_weekday_branch_operator to 2024-04-01T00:00:00+00:00, run_after=2024-04-02T00:00:00+00:00
[2024-04-02T09:00:21.046+0000] {processor.py:179} INFO - Processing /usr/local/python/3.10.13/lib/python3.10/site-packages/airflow/example_dags/example_branch_day_of_week_operator.py took 0.215 seconds
[2024-04-02T09:01:17.442+0000] {processor.py:157} INFO - Started process (PID=14710) to work on /usr/local/python/3.10.13/lib/python3.10/site-packages/airflow/example_dags/example_branch_day_of_week_operator.py
[2024-04-02T09:01:17.451+0000] {processor.py:826} INFO - Processing file /usr/local/python/3.10.13/lib/python3.10/site-packages/airflow/example_dags/example_branch_day_of_week_operator.py for tasks to queue
[2024-04-02T09:01:17.453+0000] {logging_mixin.py:150} INFO - [2024-04-02T09:01:17.453+0000] {dagbag.py:541} INFO - Filling up the DagBag from /usr/local/python/3.10.13/lib/python3.10/site-packages/airflow/example_dags/example_branch_day_of_week_operator.py
[2024-04-02T09:01:17.463+0000] {processor.py:836} INFO - DAG(s) dict_keys(['example_weekday_branch_operator']) retrieved from /usr/local/python/3.10.13/lib/python3.10/site-packages/airflow/example_dags/example_branch_day_of_week_operator.py
[2024-04-02T09:01:17.483+0000] {logging_mixin.py:150} INFO - [2024-04-02T09:01:17.482+0000] {dag.py:2742} INFO - Sync 1 DAGs
[2024-04-02T09:01:17.509+0000] {logging_mixin.py:150} INFO - [2024-04-02T09:01:17.509+0000] {dag.py:3504} INFO - Setting next_dagrun for example_weekday_branch_operator to 2024-04-01T00:00:00+00:00, run_after=2024-04-02T00:00:00+00:00
[2024-04-02T09:01:17.571+0000] {processor.py:179} INFO - Processing /usr/local/python/3.10.13/lib/python3.10/site-packages/airflow/example_dags/example_branch_day_of_week_operator.py took 0.132 seconds
[2024-04-02T09:02:15.739+0000] {processor.py:157} INFO - Started process (PID=15164) to work on /usr/local/python/3.10.13/lib/python3.10/site-packages/airflow/example_dags/example_branch_day_of_week_operator.py
[2024-04-02T09:02:15.740+0000] {processor.py:826} INFO - Processing file /usr/local/python/3.10.13/lib/python3.10/site-packages/airflow/example_dags/example_branch_day_of_week_operator.py for tasks to queue
[2024-04-02T09:02:15.741+0000] {logging_mixin.py:150} INFO - [2024-04-02T09:02:15.741+0000] {dagbag.py:541} INFO - Filling up the DagBag from /usr/local/python/3.10.13/lib/python3.10/site-packages/airflow/example_dags/example_branch_day_of_week_operator.py
[2024-04-02T09:02:15.750+0000] {processor.py:836} INFO - DAG(s) dict_keys(['example_weekday_branch_operator']) retrieved from /usr/local/python/3.10.13/lib/python3.10/site-packages/airflow/example_dags/example_branch_day_of_week_operator.py
[2024-04-02T09:02:15.770+0000] {logging_mixin.py:150} INFO - [2024-04-02T09:02:15.770+0000] {dag.py:2742} INFO - Sync 1 DAGs
[2024-04-02T09:02:15.797+0000] {logging_mixin.py:150} INFO - [2024-04-02T09:02:15.797+0000] {dag.py:3504} INFO - Setting next_dagrun for example_weekday_branch_operator to 2024-04-01T00:00:00+00:00, run_after=2024-04-02T00:00:00+00:00
[2024-04-02T09:02:15.858+0000] {processor.py:179} INFO - Processing /usr/local/python/3.10.13/lib/python3.10/site-packages/airflow/example_dags/example_branch_day_of_week_operator.py took 0.122 seconds
[2024-04-02T09:03:13.954+0000] {processor.py:157} INFO - Started process (PID=15555) to work on /usr/local/python/3.10.13/lib/python3.10/site-packages/airflow/example_dags/example_branch_day_of_week_operator.py
[2024-04-02T09:03:13.955+0000] {processor.py:826} INFO - Processing file /usr/local/python/3.10.13/lib/python3.10/site-packages/airflow/example_dags/example_branch_day_of_week_operator.py for tasks to queue
[2024-04-02T09:03:13.955+0000] {logging_mixin.py:150} INFO - [2024-04-02T09:03:13.955+0000] {dagbag.py:541} INFO - Filling up the DagBag from /usr/local/python/3.10.13/lib/python3.10/site-packages/airflow/example_dags/example_branch_day_of_week_operator.py
[2024-04-02T09:03:13.961+0000] {processor.py:836} INFO - DAG(s) dict_keys(['example_weekday_branch_operator']) retrieved from /usr/local/python/3.10.13/lib/python3.10/site-packages/airflow/example_dags/example_branch_day_of_week_operator.py
[2024-04-02T09:03:13.974+0000] {logging_mixin.py:150} INFO - [2024-04-02T09:03:13.974+0000] {dag.py:2742} INFO - Sync 1 DAGs
[2024-04-02T09:03:13.991+0000] {logging_mixin.py:150} INFO - [2024-04-02T09:03:13.991+0000] {dag.py:3504} INFO - Setting next_dagrun for example_weekday_branch_operator to 2024-04-01T00:00:00+00:00, run_after=2024-04-02T00:00:00+00:00
[2024-04-02T09:03:14.033+0000] {processor.py:179} INFO - Processing /usr/local/python/3.10.13/lib/python3.10/site-packages/airflow/example_dags/example_branch_day_of_week_operator.py took 0.082 seconds
[2024-04-02T09:04:14.928+0000] {processor.py:157} INFO - Started process (PID=15965) to work on /usr/local/python/3.10.13/lib/python3.10/site-packages/airflow/example_dags/example_branch_day_of_week_operator.py
[2024-04-02T09:04:14.929+0000] {processor.py:826} INFO - Processing file /usr/local/python/3.10.13/lib/python3.10/site-packages/airflow/example_dags/example_branch_day_of_week_operator.py for tasks to queue
[2024-04-02T09:04:14.931+0000] {logging_mixin.py:150} INFO - [2024-04-02T09:04:14.930+0000] {dagbag.py:541} INFO - Filling up the DagBag from /usr/local/python/3.10.13/lib/python3.10/site-packages/airflow/example_dags/example_branch_day_of_week_operator.py
[2024-04-02T09:04:14.940+0000] {processor.py:836} INFO - DAG(s) dict_keys(['example_weekday_branch_operator']) retrieved from /usr/local/python/3.10.13/lib/python3.10/site-packages/airflow/example_dags/example_branch_day_of_week_operator.py
[2024-04-02T09:04:14.960+0000] {logging_mixin.py:150} INFO - [2024-04-02T09:04:14.960+0000] {dag.py:2742} INFO - Sync 1 DAGs
[2024-04-02T09:04:14.989+0000] {logging_mixin.py:150} INFO - [2024-04-02T09:04:14.988+0000] {dag.py:3504} INFO - Setting next_dagrun for example_weekday_branch_operator to 2024-04-01T00:00:00+00:00, run_after=2024-04-02T00:00:00+00:00
[2024-04-02T09:04:15.035+0000] {processor.py:179} INFO - Processing /usr/local/python/3.10.13/lib/python3.10/site-packages/airflow/example_dags/example_branch_day_of_week_operator.py took 0.110 seconds
[2024-04-02T09:05:03.847+0000] {processor.py:157} INFO - Started process (PID=16333) to work on /usr/local/python/3.10.13/lib/python3.10/site-packages/airflow/example_dags/example_branch_day_of_week_operator.py
[2024-04-02T09:05:03.847+0000] {processor.py:826} INFO - Processing file /usr/local/python/3.10.13/lib/python3.10/site-packages/airflow/example_dags/example_branch_day_of_week_operator.py for tasks to queue
[2024-04-02T09:05:03.848+0000] {logging_mixin.py:150} INFO - [2024-04-02T09:05:03.848+0000] {dagbag.py:541} INFO - Filling up the DagBag from /usr/local/python/3.10.13/lib/python3.10/site-packages/airflow/example_dags/example_branch_day_of_week_operator.py
[2024-04-02T09:05:03.854+0000] {processor.py:836} INFO - DAG(s) dict_keys(['example_weekday_branch_operator']) retrieved from /usr/local/python/3.10.13/lib/python3.10/site-packages/airflow/example_dags/example_branch_day_of_week_operator.py
[2024-04-02T09:05:03.867+0000] {logging_mixin.py:150} INFO - [2024-04-02T09:05:03.867+0000] {dag.py:2742} INFO - Sync 1 DAGs
[2024-04-02T09:05:03.884+0000] {logging_mixin.py:150} INFO - [2024-04-02T09:05:03.884+0000] {dag.py:3504} INFO - Setting next_dagrun for example_weekday_branch_operator to 2024-04-01T00:00:00+00:00, run_after=2024-04-02T00:00:00+00:00
[2024-04-02T09:05:03.929+0000] {processor.py:179} INFO - Processing /usr/local/python/3.10.13/lib/python3.10/site-packages/airflow/example_dags/example_branch_day_of_week_operator.py took 0.084 seconds
[2024-04-02T09:05:54.719+0000] {processor.py:157} INFO - Started process (PID=16689) to work on /usr/local/python/3.10.13/lib/python3.10/site-packages/airflow/example_dags/example_branch_day_of_week_operator.py
[2024-04-02T09:05:54.720+0000] {processor.py:826} INFO - Processing file /usr/local/python/3.10.13/lib/python3.10/site-packages/airflow/example_dags/example_branch_day_of_week_operator.py for tasks to queue
[2024-04-02T09:05:54.721+0000] {logging_mixin.py:150} INFO - [2024-04-02T09:05:54.720+0000] {dagbag.py:541} INFO - Filling up the DagBag from /usr/local/python/3.10.13/lib/python3.10/site-packages/airflow/example_dags/example_branch_day_of_week_operator.py
[2024-04-02T09:05:54.727+0000] {processor.py:836} INFO - DAG(s) dict_keys(['example_weekday_branch_operator']) retrieved from /usr/local/python/3.10.13/lib/python3.10/site-packages/airflow/example_dags/example_branch_day_of_week_operator.py
[2024-04-02T09:05:54.740+0000] {logging_mixin.py:150} INFO - [2024-04-02T09:05:54.740+0000] {dag.py:2742} INFO - Sync 1 DAGs
[2024-04-02T09:05:54.757+0000] {logging_mixin.py:150} INFO - [2024-04-02T09:05:54.757+0000] {dag.py:3504} INFO - Setting next_dagrun for example_weekday_branch_operator to 2024-04-01T00:00:00+00:00, run_after=2024-04-02T00:00:00+00:00
[2024-04-02T09:05:54.796+0000] {processor.py:179} INFO - Processing /usr/local/python/3.10.13/lib/python3.10/site-packages/airflow/example_dags/example_branch_day_of_week_operator.py took 0.079 seconds
[2024-04-02T09:06:56.570+0000] {processor.py:157} INFO - Started process (PID=17542) to work on /usr/local/python/3.10.13/lib/python3.10/site-packages/airflow/example_dags/example_branch_day_of_week_operator.py
[2024-04-02T09:06:56.572+0000] {processor.py:826} INFO - Processing file /usr/local/python/3.10.13/lib/python3.10/site-packages/airflow/example_dags/example_branch_day_of_week_operator.py for tasks to queue
[2024-04-02T09:06:56.573+0000] {logging_mixin.py:150} INFO - [2024-04-02T09:06:56.573+0000] {dagbag.py:541} INFO - Filling up the DagBag from /usr/local/python/3.10.13/lib/python3.10/site-packages/airflow/example_dags/example_branch_day_of_week_operator.py
[2024-04-02T09:06:56.583+0000] {processor.py:836} INFO - DAG(s) dict_keys(['example_weekday_branch_operator']) retrieved from /usr/local/python/3.10.13/lib/python3.10/site-packages/airflow/example_dags/example_branch_day_of_week_operator.py
[2024-04-02T09:06:56.604+0000] {logging_mixin.py:150} INFO - [2024-04-02T09:06:56.603+0000] {dag.py:2742} INFO - Sync 1 DAGs
[2024-04-02T09:06:56.630+0000] {logging_mixin.py:150} INFO - [2024-04-02T09:06:56.630+0000] {dag.py:3504} INFO - Setting next_dagrun for example_weekday_branch_operator to 2024-04-01T00:00:00+00:00, run_after=2024-04-02T00:00:00+00:00
[2024-04-02T09:06:56.677+0000] {processor.py:179} INFO - Processing /usr/local/python/3.10.13/lib/python3.10/site-packages/airflow/example_dags/example_branch_day_of_week_operator.py took 0.110 seconds
[2024-04-02T09:07:56.225+0000] {processor.py:157} INFO - Started process (PID=17947) to work on /usr/local/python/3.10.13/lib/python3.10/site-packages/airflow/example_dags/example_branch_day_of_week_operator.py
[2024-04-02T09:07:56.226+0000] {processor.py:826} INFO - Processing file /usr/local/python/3.10.13/lib/python3.10/site-packages/airflow/example_dags/example_branch_day_of_week_operator.py for tasks to queue
[2024-04-02T09:07:56.227+0000] {logging_mixin.py:150} INFO - [2024-04-02T09:07:56.226+0000] {dagbag.py:541} INFO - Filling up the DagBag from /usr/local/python/3.10.13/lib/python3.10/site-packages/airflow/example_dags/example_branch_day_of_week_operator.py
[2024-04-02T09:07:56.232+0000] {processor.py:836} INFO - DAG(s) dict_keys(['example_weekday_branch_operator']) retrieved from /usr/local/python/3.10.13/lib/python3.10/site-packages/airflow/example_dags/example_branch_day_of_week_operator.py
[2024-04-02T09:07:56.245+0000] {logging_mixin.py:150} INFO - [2024-04-02T09:07:56.245+0000] {dag.py:2742} INFO - Sync 1 DAGs
[2024-04-02T09:07:56.262+0000] {logging_mixin.py:150} INFO - [2024-04-02T09:07:56.261+0000] {dag.py:3504} INFO - Setting next_dagrun for example_weekday_branch_operator to 2024-04-01T00:00:00+00:00, run_after=2024-04-02T00:00:00+00:00
[2024-04-02T09:07:56.301+0000] {processor.py:179} INFO - Processing /usr/local/python/3.10.13/lib/python3.10/site-packages/airflow/example_dags/example_branch_day_of_week_operator.py took 0.078 seconds
[2024-04-02T09:08:51.357+0000] {processor.py:157} INFO - Started process (PID=18336) to work on /usr/local/python/3.10.13/lib/python3.10/site-packages/airflow/example_dags/example_branch_day_of_week_operator.py
[2024-04-02T09:08:51.358+0000] {processor.py:826} INFO - Processing file /usr/local/python/3.10.13/lib/python3.10/site-packages/airflow/example_dags/example_branch_day_of_week_operator.py for tasks to queue
[2024-04-02T09:08:51.359+0000] {logging_mixin.py:150} INFO - [2024-04-02T09:08:51.358+0000] {dagbag.py:541} INFO - Filling up the DagBag from /usr/local/python/3.10.13/lib/python3.10/site-packages/airflow/example_dags/example_branch_day_of_week_operator.py
[2024-04-02T09:08:51.365+0000] {processor.py:836} INFO - DAG(s) dict_keys(['example_weekday_branch_operator']) retrieved from /usr/local/python/3.10.13/lib/python3.10/site-packages/airflow/example_dags/example_branch_day_of_week_operator.py
[2024-04-02T09:08:51.378+0000] {logging_mixin.py:150} INFO - [2024-04-02T09:08:51.377+0000] {dag.py:2742} INFO - Sync 1 DAGs
[2024-04-02T09:08:51.394+0000] {logging_mixin.py:150} INFO - [2024-04-02T09:08:51.394+0000] {dag.py:3504} INFO - Setting next_dagrun for example_weekday_branch_operator to 2024-04-01T00:00:00+00:00, run_after=2024-04-02T00:00:00+00:00
[2024-04-02T09:08:51.435+0000] {processor.py:179} INFO - Processing /usr/local/python/3.10.13/lib/python3.10/site-packages/airflow/example_dags/example_branch_day_of_week_operator.py took 0.080 seconds
[2024-04-02T09:09:48.491+0000] {processor.py:157} INFO - Started process (PID=18736) to work on /usr/local/python/3.10.13/lib/python3.10/site-packages/airflow/example_dags/example_branch_day_of_week_operator.py
[2024-04-02T09:09:48.491+0000] {processor.py:826} INFO - Processing file /usr/local/python/3.10.13/lib/python3.10/site-packages/airflow/example_dags/example_branch_day_of_week_operator.py for tasks to queue
[2024-04-02T09:09:48.492+0000] {logging_mixin.py:150} INFO - [2024-04-02T09:09:48.492+0000] {dagbag.py:541} INFO - Filling up the DagBag from /usr/local/python/3.10.13/lib/python3.10/site-packages/airflow/example_dags/example_branch_day_of_week_operator.py
[2024-04-02T09:09:48.498+0000] {processor.py:836} INFO - DAG(s) dict_keys(['example_weekday_branch_operator']) retrieved from /usr/local/python/3.10.13/lib/python3.10/site-packages/airflow/example_dags/example_branch_day_of_week_operator.py
[2024-04-02T09:09:48.512+0000] {logging_mixin.py:150} INFO - [2024-04-02T09:09:48.511+0000] {dag.py:2742} INFO - Sync 1 DAGs
[2024-04-02T09:09:48.532+0000] {logging_mixin.py:150} INFO - [2024-04-02T09:09:48.532+0000] {dag.py:3504} INFO - Setting next_dagrun for example_weekday_branch_operator to 2024-04-01T00:00:00+00:00, run_after=2024-04-02T00:00:00+00:00
[2024-04-02T09:09:48.574+0000] {processor.py:179} INFO - Processing /usr/local/python/3.10.13/lib/python3.10/site-packages/airflow/example_dags/example_branch_day_of_week_operator.py took 0.085 seconds
[2024-04-02T09:10:47.571+0000] {processor.py:157} INFO - Started process (PID=19137) to work on /usr/local/python/3.10.13/lib/python3.10/site-packages/airflow/example_dags/example_branch_day_of_week_operator.py
[2024-04-02T09:10:47.572+0000] {processor.py:826} INFO - Processing file /usr/local/python/3.10.13/lib/python3.10/site-packages/airflow/example_dags/example_branch_day_of_week_operator.py for tasks to queue
[2024-04-02T09:10:47.572+0000] {logging_mixin.py:150} INFO - [2024-04-02T09:10:47.572+0000] {dagbag.py:541} INFO - Filling up the DagBag from /usr/local/python/3.10.13/lib/python3.10/site-packages/airflow/example_dags/example_branch_day_of_week_operator.py
[2024-04-02T09:10:47.578+0000] {processor.py:836} INFO - DAG(s) dict_keys(['example_weekday_branch_operator']) retrieved from /usr/local/python/3.10.13/lib/python3.10/site-packages/airflow/example_dags/example_branch_day_of_week_operator.py
[2024-04-02T09:10:47.590+0000] {logging_mixin.py:150} INFO - [2024-04-02T09:10:47.590+0000] {dag.py:2742} INFO - Sync 1 DAGs
[2024-04-02T09:10:47.606+0000] {logging_mixin.py:150} INFO - [2024-04-02T09:10:47.606+0000] {dag.py:3504} INFO - Setting next_dagrun for example_weekday_branch_operator to 2024-04-01T00:00:00+00:00, run_after=2024-04-02T00:00:00+00:00
[2024-04-02T09:10:47.645+0000] {processor.py:179} INFO - Processing /usr/local/python/3.10.13/lib/python3.10/site-packages/airflow/example_dags/example_branch_day_of_week_operator.py took 0.076 seconds
[2024-04-02T09:11:45.416+0000] {processor.py:157} INFO - Started process (PID=19541) to work on /usr/local/python/3.10.13/lib/python3.10/site-packages/airflow/example_dags/example_branch_day_of_week_operator.py
[2024-04-02T09:11:45.417+0000] {processor.py:826} INFO - Processing file /usr/local/python/3.10.13/lib/python3.10/site-packages/airflow/example_dags/example_branch_day_of_week_operator.py for tasks to queue
[2024-04-02T09:11:45.418+0000] {logging_mixin.py:150} INFO - [2024-04-02T09:11:45.417+0000] {dagbag.py:541} INFO - Filling up the DagBag from /usr/local/python/3.10.13/lib/python3.10/site-packages/airflow/example_dags/example_branch_day_of_week_operator.py
[2024-04-02T09:11:45.427+0000] {processor.py:836} INFO - DAG(s) dict_keys(['example_weekday_branch_operator']) retrieved from /usr/local/python/3.10.13/lib/python3.10/site-packages/airflow/example_dags/example_branch_day_of_week_operator.py
[2024-04-02T09:11:45.447+0000] {logging_mixin.py:150} INFO - [2024-04-02T09:11:45.446+0000] {dag.py:2742} INFO - Sync 1 DAGs
[2024-04-02T09:11:45.473+0000] {logging_mixin.py:150} INFO - [2024-04-02T09:11:45.472+0000] {dag.py:3504} INFO - Setting next_dagrun for example_weekday_branch_operator to 2024-04-01T00:00:00+00:00, run_after=2024-04-02T00:00:00+00:00
[2024-04-02T09:11:45.513+0000] {processor.py:179} INFO - Processing /usr/local/python/3.10.13/lib/python3.10/site-packages/airflow/example_dags/example_branch_day_of_week_operator.py took 0.101 seconds
[2024-04-02T09:12:46.054+0000] {processor.py:157} INFO - Started process (PID=19940) to work on /usr/local/python/3.10.13/lib/python3.10/site-packages/airflow/example_dags/example_branch_day_of_week_operator.py
[2024-04-02T09:12:46.061+0000] {processor.py:826} INFO - Processing file /usr/local/python/3.10.13/lib/python3.10/site-packages/airflow/example_dags/example_branch_day_of_week_operator.py for tasks to queue
[2024-04-02T09:12:46.062+0000] {logging_mixin.py:150} INFO - [2024-04-02T09:12:46.062+0000] {dagbag.py:541} INFO - Filling up the DagBag from /usr/local/python/3.10.13/lib/python3.10/site-packages/airflow/example_dags/example_branch_day_of_week_operator.py
[2024-04-02T09:12:46.071+0000] {processor.py:836} INFO - DAG(s) dict_keys(['example_weekday_branch_operator']) retrieved from /usr/local/python/3.10.13/lib/python3.10/site-packages/airflow/example_dags/example_branch_day_of_week_operator.py
[2024-04-02T09:12:46.086+0000] {logging_mixin.py:150} INFO - [2024-04-02T09:12:46.086+0000] {dag.py:2742} INFO - Sync 1 DAGs
[2024-04-02T09:12:46.115+0000] {logging_mixin.py:150} INFO - [2024-04-02T09:12:46.115+0000] {dag.py:3504} INFO - Setting next_dagrun for example_weekday_branch_operator to 2024-04-01T00:00:00+00:00, run_after=2024-04-02T00:00:00+00:00
[2024-04-02T09:12:46.162+0000] {processor.py:179} INFO - Processing /usr/local/python/3.10.13/lib/python3.10/site-packages/airflow/example_dags/example_branch_day_of_week_operator.py took 0.112 seconds
[2024-04-02T09:13:45.322+0000] {processor.py:157} INFO - Started process (PID=20339) to work on /usr/local/python/3.10.13/lib/python3.10/site-packages/airflow/example_dags/example_branch_day_of_week_operator.py
[2024-04-02T09:13:45.323+0000] {processor.py:826} INFO - Processing file /usr/local/python/3.10.13/lib/python3.10/site-packages/airflow/example_dags/example_branch_day_of_week_operator.py for tasks to queue
[2024-04-02T09:13:45.324+0000] {logging_mixin.py:150} INFO - [2024-04-02T09:13:45.323+0000] {dagbag.py:541} INFO - Filling up the DagBag from /usr/local/python/3.10.13/lib/python3.10/site-packages/airflow/example_dags/example_branch_day_of_week_operator.py
[2024-04-02T09:13:45.333+0000] {processor.py:836} INFO - DAG(s) dict_keys(['example_weekday_branch_operator']) retrieved from /usr/local/python/3.10.13/lib/python3.10/site-packages/airflow/example_dags/example_branch_day_of_week_operator.py
[2024-04-02T09:13:45.354+0000] {logging_mixin.py:150} INFO - [2024-04-02T09:13:45.354+0000] {dag.py:2742} INFO - Sync 1 DAGs
[2024-04-02T09:13:45.380+0000] {logging_mixin.py:150} INFO - [2024-04-02T09:13:45.379+0000] {dag.py:3504} INFO - Setting next_dagrun for example_weekday_branch_operator to 2024-04-01T00:00:00+00:00, run_after=2024-04-02T00:00:00+00:00
[2024-04-02T09:13:45.426+0000] {processor.py:179} INFO - Processing /usr/local/python/3.10.13/lib/python3.10/site-packages/airflow/example_dags/example_branch_day_of_week_operator.py took 0.108 seconds
[2024-04-02T09:14:37.974+0000] {processor.py:157} INFO - Started process (PID=20728) to work on /usr/local/python/3.10.13/lib/python3.10/site-packages/airflow/example_dags/example_branch_day_of_week_operator.py
[2024-04-02T09:14:37.975+0000] {processor.py:826} INFO - Processing file /usr/local/python/3.10.13/lib/python3.10/site-packages/airflow/example_dags/example_branch_day_of_week_operator.py for tasks to queue
[2024-04-02T09:14:37.976+0000] {logging_mixin.py:150} INFO - [2024-04-02T09:14:37.976+0000] {dagbag.py:541} INFO - Filling up the DagBag from /usr/local/python/3.10.13/lib/python3.10/site-packages/airflow/example_dags/example_branch_day_of_week_operator.py
[2024-04-02T09:14:37.986+0000] {processor.py:836} INFO - DAG(s) dict_keys(['example_weekday_branch_operator']) retrieved from /usr/local/python/3.10.13/lib/python3.10/site-packages/airflow/example_dags/example_branch_day_of_week_operator.py
[2024-04-02T09:14:38.006+0000] {logging_mixin.py:150} INFO - [2024-04-02T09:14:38.006+0000] {dag.py:2742} INFO - Sync 1 DAGs
[2024-04-02T09:14:38.033+0000] {logging_mixin.py:150} INFO - [2024-04-02T09:14:38.033+0000] {dag.py:3504} INFO - Setting next_dagrun for example_weekday_branch_operator to 2024-04-01T00:00:00+00:00, run_after=2024-04-02T00:00:00+00:00
[2024-04-02T09:14:38.077+0000] {processor.py:179} INFO - Processing /usr/local/python/3.10.13/lib/python3.10/site-packages/airflow/example_dags/example_branch_day_of_week_operator.py took 0.107 seconds
[2024-04-02T09:15:28.974+0000] {processor.py:157} INFO - Started process (PID=21077) to work on /usr/local/python/3.10.13/lib/python3.10/site-packages/airflow/example_dags/example_branch_day_of_week_operator.py
[2024-04-02T09:15:28.975+0000] {processor.py:826} INFO - Processing file /usr/local/python/3.10.13/lib/python3.10/site-packages/airflow/example_dags/example_branch_day_of_week_operator.py for tasks to queue
[2024-04-02T09:15:28.975+0000] {logging_mixin.py:150} INFO - [2024-04-02T09:15:28.975+0000] {dagbag.py:541} INFO - Filling up the DagBag from /usr/local/python/3.10.13/lib/python3.10/site-packages/airflow/example_dags/example_branch_day_of_week_operator.py
[2024-04-02T09:15:28.981+0000] {processor.py:836} INFO - DAG(s) dict_keys(['example_weekday_branch_operator']) retrieved from /usr/local/python/3.10.13/lib/python3.10/site-packages/airflow/example_dags/example_branch_day_of_week_operator.py
[2024-04-02T09:15:28.994+0000] {logging_mixin.py:150} INFO - [2024-04-02T09:15:28.994+0000] {dag.py:2742} INFO - Sync 1 DAGs
[2024-04-02T09:15:29.016+0000] {logging_mixin.py:150} INFO - [2024-04-02T09:15:29.016+0000] {dag.py:3504} INFO - Setting next_dagrun for example_weekday_branch_operator to 2024-04-01T00:00:00+00:00, run_after=2024-04-02T00:00:00+00:00
[2024-04-02T09:15:29.061+0000] {processor.py:179} INFO - Processing /usr/local/python/3.10.13/lib/python3.10/site-packages/airflow/example_dags/example_branch_day_of_week_operator.py took 0.089 seconds
[2024-04-02T09:16:25.002+0000] {processor.py:157} INFO - Started process (PID=21471) to work on /usr/local/python/3.10.13/lib/python3.10/site-packages/airflow/example_dags/example_branch_day_of_week_operator.py
[2024-04-02T09:16:25.003+0000] {processor.py:826} INFO - Processing file /usr/local/python/3.10.13/lib/python3.10/site-packages/airflow/example_dags/example_branch_day_of_week_operator.py for tasks to queue
[2024-04-02T09:16:25.004+0000] {logging_mixin.py:150} INFO - [2024-04-02T09:16:25.003+0000] {dagbag.py:541} INFO - Filling up the DagBag from /usr/local/python/3.10.13/lib/python3.10/site-packages/airflow/example_dags/example_branch_day_of_week_operator.py
[2024-04-02T09:16:25.010+0000] {processor.py:836} INFO - DAG(s) dict_keys(['example_weekday_branch_operator']) retrieved from /usr/local/python/3.10.13/lib/python3.10/site-packages/airflow/example_dags/example_branch_day_of_week_operator.py
[2024-04-02T09:16:25.023+0000] {logging_mixin.py:150} INFO - [2024-04-02T09:16:25.023+0000] {dag.py:2742} INFO - Sync 1 DAGs
[2024-04-02T09:16:25.041+0000] {logging_mixin.py:150} INFO - [2024-04-02T09:16:25.041+0000] {dag.py:3504} INFO - Setting next_dagrun for example_weekday_branch_operator to 2024-04-01T00:00:00+00:00, run_after=2024-04-02T00:00:00+00:00
[2024-04-02T09:16:25.081+0000] {processor.py:179} INFO - Processing /usr/local/python/3.10.13/lib/python3.10/site-packages/airflow/example_dags/example_branch_day_of_week_operator.py took 0.081 seconds
[2024-04-02T09:17:26.093+0000] {processor.py:157} INFO - Started process (PID=21884) to work on /usr/local/python/3.10.13/lib/python3.10/site-packages/airflow/example_dags/example_branch_day_of_week_operator.py
[2024-04-02T09:17:26.094+0000] {processor.py:826} INFO - Processing file /usr/local/python/3.10.13/lib/python3.10/site-packages/airflow/example_dags/example_branch_day_of_week_operator.py for tasks to queue
[2024-04-02T09:17:26.095+0000] {logging_mixin.py:150} INFO - [2024-04-02T09:17:26.095+0000] {dagbag.py:541} INFO - Filling up the DagBag from /usr/local/python/3.10.13/lib/python3.10/site-packages/airflow/example_dags/example_branch_day_of_week_operator.py
[2024-04-02T09:17:26.101+0000] {processor.py:836} INFO - DAG(s) dict_keys(['example_weekday_branch_operator']) retrieved from /usr/local/python/3.10.13/lib/python3.10/site-packages/airflow/example_dags/example_branch_day_of_week_operator.py
[2024-04-02T09:17:26.113+0000] {logging_mixin.py:150} INFO - [2024-04-02T09:17:26.113+0000] {dag.py:2742} INFO - Sync 1 DAGs
[2024-04-02T09:17:26.129+0000] {logging_mixin.py:150} INFO - [2024-04-02T09:17:26.129+0000] {dag.py:3504} INFO - Setting next_dagrun for example_weekday_branch_operator to 2024-04-01T00:00:00+00:00, run_after=2024-04-02T00:00:00+00:00
[2024-04-02T09:17:26.167+0000] {processor.py:179} INFO - Processing /usr/local/python/3.10.13/lib/python3.10/site-packages/airflow/example_dags/example_branch_day_of_week_operator.py took 0.076 seconds
[2024-04-02T09:18:22.543+0000] {processor.py:157} INFO - Started process (PID=22262) to work on /usr/local/python/3.10.13/lib/python3.10/site-packages/airflow/example_dags/example_branch_day_of_week_operator.py
[2024-04-02T09:18:22.544+0000] {processor.py:826} INFO - Processing file /usr/local/python/3.10.13/lib/python3.10/site-packages/airflow/example_dags/example_branch_day_of_week_operator.py for tasks to queue
[2024-04-02T09:18:22.544+0000] {logging_mixin.py:150} INFO - [2024-04-02T09:18:22.544+0000] {dagbag.py:541} INFO - Filling up the DagBag from /usr/local/python/3.10.13/lib/python3.10/site-packages/airflow/example_dags/example_branch_day_of_week_operator.py
[2024-04-02T09:18:22.551+0000] {processor.py:836} INFO - DAG(s) dict_keys(['example_weekday_branch_operator']) retrieved from /usr/local/python/3.10.13/lib/python3.10/site-packages/airflow/example_dags/example_branch_day_of_week_operator.py
[2024-04-02T09:18:22.564+0000] {logging_mixin.py:150} INFO - [2024-04-02T09:18:22.564+0000] {dag.py:2742} INFO - Sync 1 DAGs
[2024-04-02T09:18:22.580+0000] {logging_mixin.py:150} INFO - [2024-04-02T09:18:22.580+0000] {dag.py:3504} INFO - Setting next_dagrun for example_weekday_branch_operator to 2024-04-01T00:00:00+00:00, run_after=2024-04-02T00:00:00+00:00
[2024-04-02T09:18:22.618+0000] {processor.py:179} INFO - Processing /usr/local/python/3.10.13/lib/python3.10/site-packages/airflow/example_dags/example_branch_day_of_week_operator.py took 0.077 seconds
[2024-04-02T09:19:23.235+0000] {processor.py:157} INFO - Started process (PID=22674) to work on /usr/local/python/3.10.13/lib/python3.10/site-packages/airflow/example_dags/example_branch_day_of_week_operator.py
[2024-04-02T09:19:23.237+0000] {processor.py:826} INFO - Processing file /usr/local/python/3.10.13/lib/python3.10/site-packages/airflow/example_dags/example_branch_day_of_week_operator.py for tasks to queue
[2024-04-02T09:19:23.238+0000] {logging_mixin.py:150} INFO - [2024-04-02T09:19:23.237+0000] {dagbag.py:541} INFO - Filling up the DagBag from /usr/local/python/3.10.13/lib/python3.10/site-packages/airflow/example_dags/example_branch_day_of_week_operator.py
[2024-04-02T09:19:23.247+0000] {processor.py:836} INFO - DAG(s) dict_keys(['example_weekday_branch_operator']) retrieved from /usr/local/python/3.10.13/lib/python3.10/site-packages/airflow/example_dags/example_branch_day_of_week_operator.py
[2024-04-02T09:19:23.267+0000] {logging_mixin.py:150} INFO - [2024-04-02T09:19:23.267+0000] {dag.py:2742} INFO - Sync 1 DAGs
[2024-04-02T09:19:23.293+0000] {logging_mixin.py:150} INFO - [2024-04-02T09:19:23.293+0000] {dag.py:3504} INFO - Setting next_dagrun for example_weekday_branch_operator to 2024-04-01T00:00:00+00:00, run_after=2024-04-02T00:00:00+00:00
[2024-04-02T09:19:23.339+0000] {processor.py:179} INFO - Processing /usr/local/python/3.10.13/lib/python3.10/site-packages/airflow/example_dags/example_branch_day_of_week_operator.py took 0.107 seconds
[2024-04-02T09:20:13.113+0000] {processor.py:157} INFO - Started process (PID=23045) to work on /usr/local/python/3.10.13/lib/python3.10/site-packages/airflow/example_dags/example_branch_day_of_week_operator.py
[2024-04-02T09:20:13.114+0000] {processor.py:826} INFO - Processing file /usr/local/python/3.10.13/lib/python3.10/site-packages/airflow/example_dags/example_branch_day_of_week_operator.py for tasks to queue
[2024-04-02T09:20:13.115+0000] {logging_mixin.py:150} INFO - [2024-04-02T09:20:13.114+0000] {dagbag.py:541} INFO - Filling up the DagBag from /usr/local/python/3.10.13/lib/python3.10/site-packages/airflow/example_dags/example_branch_day_of_week_operator.py
[2024-04-02T09:20:13.121+0000] {processor.py:836} INFO - DAG(s) dict_keys(['example_weekday_branch_operator']) retrieved from /usr/local/python/3.10.13/lib/python3.10/site-packages/airflow/example_dags/example_branch_day_of_week_operator.py
[2024-04-02T09:20:13.133+0000] {logging_mixin.py:150} INFO - [2024-04-02T09:20:13.133+0000] {dag.py:2742} INFO - Sync 1 DAGs
[2024-04-02T09:20:13.150+0000] {logging_mixin.py:150} INFO - [2024-04-02T09:20:13.150+0000] {dag.py:3504} INFO - Setting next_dagrun for example_weekday_branch_operator to 2024-04-01T00:00:00+00:00, run_after=2024-04-02T00:00:00+00:00
[2024-04-02T09:20:13.195+0000] {processor.py:179} INFO - Processing /usr/local/python/3.10.13/lib/python3.10/site-packages/airflow/example_dags/example_branch_day_of_week_operator.py took 0.084 seconds
[2024-04-02T09:21:12.680+0000] {processor.py:157} INFO - Started process (PID=23458) to work on /usr/local/python/3.10.13/lib/python3.10/site-packages/airflow/example_dags/example_branch_day_of_week_operator.py
[2024-04-02T09:21:12.681+0000] {processor.py:826} INFO - Processing file /usr/local/python/3.10.13/lib/python3.10/site-packages/airflow/example_dags/example_branch_day_of_week_operator.py for tasks to queue
[2024-04-02T09:21:12.681+0000] {logging_mixin.py:150} INFO - [2024-04-02T09:21:12.681+0000] {dagbag.py:541} INFO - Filling up the DagBag from /usr/local/python/3.10.13/lib/python3.10/site-packages/airflow/example_dags/example_branch_day_of_week_operator.py
[2024-04-02T09:21:12.687+0000] {processor.py:836} INFO - DAG(s) dict_keys(['example_weekday_branch_operator']) retrieved from /usr/local/python/3.10.13/lib/python3.10/site-packages/airflow/example_dags/example_branch_day_of_week_operator.py
[2024-04-02T09:21:12.701+0000] {logging_mixin.py:150} INFO - [2024-04-02T09:21:12.701+0000] {dag.py:2742} INFO - Sync 1 DAGs
[2024-04-02T09:21:12.718+0000] {logging_mixin.py:150} INFO - [2024-04-02T09:21:12.717+0000] {dag.py:3504} INFO - Setting next_dagrun for example_weekday_branch_operator to 2024-04-01T00:00:00+00:00, run_after=2024-04-02T00:00:00+00:00
[2024-04-02T09:21:12.758+0000] {processor.py:179} INFO - Processing /usr/local/python/3.10.13/lib/python3.10/site-packages/airflow/example_dags/example_branch_day_of_week_operator.py took 0.081 seconds
[2024-04-02T09:22:06.173+0000] {processor.py:157} INFO - Started process (PID=23817) to work on /usr/local/python/3.10.13/lib/python3.10/site-packages/airflow/example_dags/example_branch_day_of_week_operator.py
[2024-04-02T09:22:06.174+0000] {processor.py:826} INFO - Processing file /usr/local/python/3.10.13/lib/python3.10/site-packages/airflow/example_dags/example_branch_day_of_week_operator.py for tasks to queue
[2024-04-02T09:22:06.176+0000] {logging_mixin.py:150} INFO - [2024-04-02T09:22:06.175+0000] {dagbag.py:541} INFO - Filling up the DagBag from /usr/local/python/3.10.13/lib/python3.10/site-packages/airflow/example_dags/example_branch_day_of_week_operator.py
[2024-04-02T09:22:06.184+0000] {processor.py:836} INFO - DAG(s) dict_keys(['example_weekday_branch_operator']) retrieved from /usr/local/python/3.10.13/lib/python3.10/site-packages/airflow/example_dags/example_branch_day_of_week_operator.py
[2024-04-02T09:22:06.203+0000] {logging_mixin.py:150} INFO - [2024-04-02T09:22:06.203+0000] {dag.py:2742} INFO - Sync 1 DAGs
[2024-04-02T09:22:06.242+0000] {logging_mixin.py:150} INFO - [2024-04-02T09:22:06.242+0000] {dag.py:3504} INFO - Setting next_dagrun for example_weekday_branch_operator to 2024-04-01T00:00:00+00:00, run_after=2024-04-02T00:00:00+00:00
[2024-04-02T09:22:06.309+0000] {processor.py:179} INFO - Processing /usr/local/python/3.10.13/lib/python3.10/site-packages/airflow/example_dags/example_branch_day_of_week_operator.py took 0.139 seconds
[2024-04-02T09:23:06.891+0000] {processor.py:157} INFO - Started process (PID=24234) to work on /usr/local/python/3.10.13/lib/python3.10/site-packages/airflow/example_dags/example_branch_day_of_week_operator.py
[2024-04-02T09:23:06.892+0000] {processor.py:826} INFO - Processing file /usr/local/python/3.10.13/lib/python3.10/site-packages/airflow/example_dags/example_branch_day_of_week_operator.py for tasks to queue
[2024-04-02T09:23:06.893+0000] {logging_mixin.py:150} INFO - [2024-04-02T09:23:06.893+0000] {dagbag.py:541} INFO - Filling up the DagBag from /usr/local/python/3.10.13/lib/python3.10/site-packages/airflow/example_dags/example_branch_day_of_week_operator.py
[2024-04-02T09:23:06.902+0000] {processor.py:836} INFO - DAG(s) dict_keys(['example_weekday_branch_operator']) retrieved from /usr/local/python/3.10.13/lib/python3.10/site-packages/airflow/example_dags/example_branch_day_of_week_operator.py
[2024-04-02T09:23:06.920+0000] {logging_mixin.py:150} INFO - [2024-04-02T09:23:06.920+0000] {dag.py:2742} INFO - Sync 1 DAGs
[2024-04-02T09:23:06.937+0000] {logging_mixin.py:150} INFO - [2024-04-02T09:23:06.937+0000] {dag.py:3504} INFO - Setting next_dagrun for example_weekday_branch_operator to 2024-04-01T00:00:00+00:00, run_after=2024-04-02T00:00:00+00:00
[2024-04-02T09:23:06.977+0000] {processor.py:179} INFO - Processing /usr/local/python/3.10.13/lib/python3.10/site-packages/airflow/example_dags/example_branch_day_of_week_operator.py took 0.089 seconds
[2024-04-02T09:24:06.154+0000] {processor.py:157} INFO - Started process (PID=24633) to work on /usr/local/python/3.10.13/lib/python3.10/site-packages/airflow/example_dags/example_branch_day_of_week_operator.py
[2024-04-02T09:24:06.154+0000] {processor.py:826} INFO - Processing file /usr/local/python/3.10.13/lib/python3.10/site-packages/airflow/example_dags/example_branch_day_of_week_operator.py for tasks to queue
[2024-04-02T09:24:06.155+0000] {logging_mixin.py:150} INFO - [2024-04-02T09:24:06.155+0000] {dagbag.py:541} INFO - Filling up the DagBag from /usr/local/python/3.10.13/lib/python3.10/site-packages/airflow/example_dags/example_branch_day_of_week_operator.py
[2024-04-02T09:24:06.161+0000] {processor.py:836} INFO - DAG(s) dict_keys(['example_weekday_branch_operator']) retrieved from /usr/local/python/3.10.13/lib/python3.10/site-packages/airflow/example_dags/example_branch_day_of_week_operator.py
[2024-04-02T09:24:06.174+0000] {logging_mixin.py:150} INFO - [2024-04-02T09:24:06.173+0000] {dag.py:2742} INFO - Sync 1 DAGs
[2024-04-02T09:24:06.190+0000] {logging_mixin.py:150} INFO - [2024-04-02T09:24:06.190+0000] {dag.py:3504} INFO - Setting next_dagrun for example_weekday_branch_operator to 2024-04-01T00:00:00+00:00, run_after=2024-04-02T00:00:00+00:00
[2024-04-02T09:24:06.256+0000] {processor.py:179} INFO - Processing /usr/local/python/3.10.13/lib/python3.10/site-packages/airflow/example_dags/example_branch_day_of_week_operator.py took 0.105 seconds
[2024-04-02T09:25:07.985+0000] {processor.py:157} INFO - Started process (PID=25087) to work on /usr/local/python/3.10.13/lib/python3.10/site-packages/airflow/example_dags/example_branch_day_of_week_operator.py
[2024-04-02T09:25:07.986+0000] {processor.py:826} INFO - Processing file /usr/local/python/3.10.13/lib/python3.10/site-packages/airflow/example_dags/example_branch_day_of_week_operator.py for tasks to queue
[2024-04-02T09:25:07.987+0000] {logging_mixin.py:150} INFO - [2024-04-02T09:25:07.987+0000] {dagbag.py:541} INFO - Filling up the DagBag from /usr/local/python/3.10.13/lib/python3.10/site-packages/airflow/example_dags/example_branch_day_of_week_operator.py
[2024-04-02T09:25:07.996+0000] {processor.py:836} INFO - DAG(s) dict_keys(['example_weekday_branch_operator']) retrieved from /usr/local/python/3.10.13/lib/python3.10/site-packages/airflow/example_dags/example_branch_day_of_week_operator.py
[2024-04-02T09:25:08.016+0000] {logging_mixin.py:150} INFO - [2024-04-02T09:25:08.015+0000] {dag.py:2742} INFO - Sync 1 DAGs
[2024-04-02T09:25:08.042+0000] {logging_mixin.py:150} INFO - [2024-04-02T09:25:08.042+0000] {dag.py:3504} INFO - Setting next_dagrun for example_weekday_branch_operator to 2024-04-01T00:00:00+00:00, run_after=2024-04-02T00:00:00+00:00
[2024-04-02T09:25:08.091+0000] {processor.py:179} INFO - Processing /usr/local/python/3.10.13/lib/python3.10/site-packages/airflow/example_dags/example_branch_day_of_week_operator.py took 0.109 seconds
[2024-04-02T09:26:11.092+0000] {processor.py:157} INFO - Started process (PID=25503) to work on /usr/local/python/3.10.13/lib/python3.10/site-packages/airflow/example_dags/example_branch_day_of_week_operator.py
[2024-04-02T09:26:11.093+0000] {processor.py:826} INFO - Processing file /usr/local/python/3.10.13/lib/python3.10/site-packages/airflow/example_dags/example_branch_day_of_week_operator.py for tasks to queue
[2024-04-02T09:26:11.094+0000] {logging_mixin.py:150} INFO - [2024-04-02T09:26:11.093+0000] {dagbag.py:541} INFO - Filling up the DagBag from /usr/local/python/3.10.13/lib/python3.10/site-packages/airflow/example_dags/example_branch_day_of_week_operator.py
[2024-04-02T09:26:11.103+0000] {processor.py:836} INFO - DAG(s) dict_keys(['example_weekday_branch_operator']) retrieved from /usr/local/python/3.10.13/lib/python3.10/site-packages/airflow/example_dags/example_branch_day_of_week_operator.py
[2024-04-02T09:26:11.123+0000] {logging_mixin.py:150} INFO - [2024-04-02T09:26:11.123+0000] {dag.py:2742} INFO - Sync 1 DAGs
[2024-04-02T09:26:11.155+0000] {logging_mixin.py:150} INFO - [2024-04-02T09:26:11.155+0000] {dag.py:3504} INFO - Setting next_dagrun for example_weekday_branch_operator to 2024-04-01T00:00:00+00:00, run_after=2024-04-02T00:00:00+00:00
[2024-04-02T09:26:11.322+0000] {processor.py:179} INFO - Processing /usr/local/python/3.10.13/lib/python3.10/site-packages/airflow/example_dags/example_branch_day_of_week_operator.py took 0.234 seconds
[2024-04-02T09:27:12.182+0000] {processor.py:157} INFO - Started process (PID=25923) to work on /usr/local/python/3.10.13/lib/python3.10/site-packages/airflow/example_dags/example_branch_day_of_week_operator.py
[2024-04-02T09:27:12.183+0000] {processor.py:826} INFO - Processing file /usr/local/python/3.10.13/lib/python3.10/site-packages/airflow/example_dags/example_branch_day_of_week_operator.py for tasks to queue
[2024-04-02T09:27:12.183+0000] {logging_mixin.py:150} INFO - [2024-04-02T09:27:12.183+0000] {dagbag.py:541} INFO - Filling up the DagBag from /usr/local/python/3.10.13/lib/python3.10/site-packages/airflow/example_dags/example_branch_day_of_week_operator.py
[2024-04-02T09:27:12.189+0000] {processor.py:836} INFO - DAG(s) dict_keys(['example_weekday_branch_operator']) retrieved from /usr/local/python/3.10.13/lib/python3.10/site-packages/airflow/example_dags/example_branch_day_of_week_operator.py
[2024-04-02T09:27:12.205+0000] {logging_mixin.py:150} INFO - [2024-04-02T09:27:12.205+0000] {dag.py:2742} INFO - Sync 1 DAGs
[2024-04-02T09:27:12.221+0000] {logging_mixin.py:150} INFO - [2024-04-02T09:27:12.221+0000] {dag.py:3504} INFO - Setting next_dagrun for example_weekday_branch_operator to 2024-04-01T00:00:00+00:00, run_after=2024-04-02T00:00:00+00:00
[2024-04-02T09:27:12.259+0000] {processor.py:179} INFO - Processing /usr/local/python/3.10.13/lib/python3.10/site-packages/airflow/example_dags/example_branch_day_of_week_operator.py took 0.080 seconds
[2024-04-02T09:28:12.976+0000] {processor.py:157} INFO - Started process (PID=26335) to work on /usr/local/python/3.10.13/lib/python3.10/site-packages/airflow/example_dags/example_branch_day_of_week_operator.py
[2024-04-02T09:28:12.977+0000] {processor.py:826} INFO - Processing file /usr/local/python/3.10.13/lib/python3.10/site-packages/airflow/example_dags/example_branch_day_of_week_operator.py for tasks to queue
[2024-04-02T09:28:12.978+0000] {logging_mixin.py:150} INFO - [2024-04-02T09:28:12.977+0000] {dagbag.py:541} INFO - Filling up the DagBag from /usr/local/python/3.10.13/lib/python3.10/site-packages/airflow/example_dags/example_branch_day_of_week_operator.py
[2024-04-02T09:28:12.987+0000] {processor.py:836} INFO - DAG(s) dict_keys(['example_weekday_branch_operator']) retrieved from /usr/local/python/3.10.13/lib/python3.10/site-packages/airflow/example_dags/example_branch_day_of_week_operator.py
[2024-04-02T09:28:13.007+0000] {logging_mixin.py:150} INFO - [2024-04-02T09:28:13.007+0000] {dag.py:2742} INFO - Sync 1 DAGs
[2024-04-02T09:28:13.033+0000] {logging_mixin.py:150} INFO - [2024-04-02T09:28:13.033+0000] {dag.py:3504} INFO - Setting next_dagrun for example_weekday_branch_operator to 2024-04-01T00:00:00+00:00, run_after=2024-04-02T00:00:00+00:00
[2024-04-02T09:28:13.082+0000] {processor.py:179} INFO - Processing /usr/local/python/3.10.13/lib/python3.10/site-packages/airflow/example_dags/example_branch_day_of_week_operator.py took 0.109 seconds
[2024-04-02T09:29:15.652+0000] {processor.py:157} INFO - Started process (PID=26752) to work on /usr/local/python/3.10.13/lib/python3.10/site-packages/airflow/example_dags/example_branch_day_of_week_operator.py
[2024-04-02T09:29:15.653+0000] {processor.py:826} INFO - Processing file /usr/local/python/3.10.13/lib/python3.10/site-packages/airflow/example_dags/example_branch_day_of_week_operator.py for tasks to queue
[2024-04-02T09:29:15.654+0000] {logging_mixin.py:150} INFO - [2024-04-02T09:29:15.653+0000] {dagbag.py:541} INFO - Filling up the DagBag from /usr/local/python/3.10.13/lib/python3.10/site-packages/airflow/example_dags/example_branch_day_of_week_operator.py
[2024-04-02T09:29:15.660+0000] {processor.py:836} INFO - DAG(s) dict_keys(['example_weekday_branch_operator']) retrieved from /usr/local/python/3.10.13/lib/python3.10/site-packages/airflow/example_dags/example_branch_day_of_week_operator.py
[2024-04-02T09:29:15.672+0000] {logging_mixin.py:150} INFO - [2024-04-02T09:29:15.672+0000] {dag.py:2742} INFO - Sync 1 DAGs
[2024-04-02T09:29:15.689+0000] {logging_mixin.py:150} INFO - [2024-04-02T09:29:15.688+0000] {dag.py:3504} INFO - Setting next_dagrun for example_weekday_branch_operator to 2024-04-01T00:00:00+00:00, run_after=2024-04-02T00:00:00+00:00
[2024-04-02T09:29:15.727+0000] {processor.py:179} INFO - Processing /usr/local/python/3.10.13/lib/python3.10/site-packages/airflow/example_dags/example_branch_day_of_week_operator.py took 0.077 seconds
[2024-04-02T09:30:07.748+0000] {processor.py:157} INFO - Started process (PID=27163) to work on /usr/local/python/3.10.13/lib/python3.10/site-packages/airflow/example_dags/example_branch_day_of_week_operator.py
[2024-04-02T09:30:07.749+0000] {processor.py:826} INFO - Processing file /usr/local/python/3.10.13/lib/python3.10/site-packages/airflow/example_dags/example_branch_day_of_week_operator.py for tasks to queue
[2024-04-02T09:30:07.750+0000] {logging_mixin.py:150} INFO - [2024-04-02T09:30:07.750+0000] {dagbag.py:541} INFO - Filling up the DagBag from /usr/local/python/3.10.13/lib/python3.10/site-packages/airflow/example_dags/example_branch_day_of_week_operator.py
[2024-04-02T09:30:07.759+0000] {processor.py:836} INFO - DAG(s) dict_keys(['example_weekday_branch_operator']) retrieved from /usr/local/python/3.10.13/lib/python3.10/site-packages/airflow/example_dags/example_branch_day_of_week_operator.py
[2024-04-02T09:30:07.779+0000] {logging_mixin.py:150} INFO - [2024-04-02T09:30:07.779+0000] {dag.py:2742} INFO - Sync 1 DAGs
[2024-04-02T09:30:07.805+0000] {logging_mixin.py:150} INFO - [2024-04-02T09:30:07.805+0000] {dag.py:3504} INFO - Setting next_dagrun for example_weekday_branch_operator to 2024-04-01T00:00:00+00:00, run_after=2024-04-02T00:00:00+00:00
[2024-04-02T09:30:07.852+0000] {processor.py:179} INFO - Processing /usr/local/python/3.10.13/lib/python3.10/site-packages/airflow/example_dags/example_branch_day_of_week_operator.py took 0.107 seconds
[2024-04-02T09:31:06.613+0000] {processor.py:157} INFO - Started process (PID=27557) to work on /usr/local/python/3.10.13/lib/python3.10/site-packages/airflow/example_dags/example_branch_day_of_week_operator.py
[2024-04-02T09:31:06.614+0000] {processor.py:826} INFO - Processing file /usr/local/python/3.10.13/lib/python3.10/site-packages/airflow/example_dags/example_branch_day_of_week_operator.py for tasks to queue
[2024-04-02T09:31:06.615+0000] {logging_mixin.py:150} INFO - [2024-04-02T09:31:06.615+0000] {dagbag.py:541} INFO - Filling up the DagBag from /usr/local/python/3.10.13/lib/python3.10/site-packages/airflow/example_dags/example_branch_day_of_week_operator.py
[2024-04-02T09:31:06.624+0000] {processor.py:836} INFO - DAG(s) dict_keys(['example_weekday_branch_operator']) retrieved from /usr/local/python/3.10.13/lib/python3.10/site-packages/airflow/example_dags/example_branch_day_of_week_operator.py
[2024-04-02T09:31:06.639+0000] {logging_mixin.py:150} INFO - [2024-04-02T09:31:06.639+0000] {dag.py:2742} INFO - Sync 1 DAGs
[2024-04-02T09:31:06.656+0000] {logging_mixin.py:150} INFO - [2024-04-02T09:31:06.656+0000] {dag.py:3504} INFO - Setting next_dagrun for example_weekday_branch_operator to 2024-04-01T00:00:00+00:00, run_after=2024-04-02T00:00:00+00:00
[2024-04-02T09:31:06.697+0000] {processor.py:179} INFO - Processing /usr/local/python/3.10.13/lib/python3.10/site-packages/airflow/example_dags/example_branch_day_of_week_operator.py took 0.087 seconds
[2024-04-02T09:32:05.199+0000] {processor.py:157} INFO - Started process (PID=27965) to work on /usr/local/python/3.10.13/lib/python3.10/site-packages/airflow/example_dags/example_branch_day_of_week_operator.py
[2024-04-02T09:32:05.199+0000] {processor.py:826} INFO - Processing file /usr/local/python/3.10.13/lib/python3.10/site-packages/airflow/example_dags/example_branch_day_of_week_operator.py for tasks to queue
[2024-04-02T09:32:05.200+0000] {logging_mixin.py:150} INFO - [2024-04-02T09:32:05.200+0000] {dagbag.py:541} INFO - Filling up the DagBag from /usr/local/python/3.10.13/lib/python3.10/site-packages/airflow/example_dags/example_branch_day_of_week_operator.py
[2024-04-02T09:32:05.206+0000] {processor.py:836} INFO - DAG(s) dict_keys(['example_weekday_branch_operator']) retrieved from /usr/local/python/3.10.13/lib/python3.10/site-packages/airflow/example_dags/example_branch_day_of_week_operator.py
[2024-04-02T09:32:05.219+0000] {logging_mixin.py:150} INFO - [2024-04-02T09:32:05.219+0000] {dag.py:2742} INFO - Sync 1 DAGs
[2024-04-02T09:32:05.239+0000] {logging_mixin.py:150} INFO - [2024-04-02T09:32:05.239+0000] {dag.py:3504} INFO - Setting next_dagrun for example_weekday_branch_operator to 2024-04-01T00:00:00+00:00, run_after=2024-04-02T00:00:00+00:00
[2024-04-02T09:32:05.284+0000] {processor.py:179} INFO - Processing /usr/local/python/3.10.13/lib/python3.10/site-packages/airflow/example_dags/example_branch_day_of_week_operator.py took 0.087 seconds
[2024-04-02T09:33:05.052+0000] {processor.py:157} INFO - Started process (PID=28377) to work on /usr/local/python/3.10.13/lib/python3.10/site-packages/airflow/example_dags/example_branch_day_of_week_operator.py
[2024-04-02T09:33:05.053+0000] {processor.py:826} INFO - Processing file /usr/local/python/3.10.13/lib/python3.10/site-packages/airflow/example_dags/example_branch_day_of_week_operator.py for tasks to queue
[2024-04-02T09:33:05.053+0000] {logging_mixin.py:150} INFO - [2024-04-02T09:33:05.053+0000] {dagbag.py:541} INFO - Filling up the DagBag from /usr/local/python/3.10.13/lib/python3.10/site-packages/airflow/example_dags/example_branch_day_of_week_operator.py
[2024-04-02T09:33:05.059+0000] {processor.py:836} INFO - DAG(s) dict_keys(['example_weekday_branch_operator']) retrieved from /usr/local/python/3.10.13/lib/python3.10/site-packages/airflow/example_dags/example_branch_day_of_week_operator.py
[2024-04-02T09:33:05.072+0000] {logging_mixin.py:150} INFO - [2024-04-02T09:33:05.072+0000] {dag.py:2742} INFO - Sync 1 DAGs
[2024-04-02T09:33:05.088+0000] {logging_mixin.py:150} INFO - [2024-04-02T09:33:05.088+0000] {dag.py:3504} INFO - Setting next_dagrun for example_weekday_branch_operator to 2024-04-01T00:00:00+00:00, run_after=2024-04-02T00:00:00+00:00
[2024-04-02T09:33:05.133+0000] {processor.py:179} INFO - Processing /usr/local/python/3.10.13/lib/python3.10/site-packages/airflow/example_dags/example_branch_day_of_week_operator.py took 0.083 seconds
[2024-04-02T09:34:02.275+0000] {processor.py:157} INFO - Started process (PID=28762) to work on /usr/local/python/3.10.13/lib/python3.10/site-packages/airflow/example_dags/example_branch_day_of_week_operator.py
[2024-04-02T09:34:02.275+0000] {processor.py:826} INFO - Processing file /usr/local/python/3.10.13/lib/python3.10/site-packages/airflow/example_dags/example_branch_day_of_week_operator.py for tasks to queue
[2024-04-02T09:34:02.276+0000] {logging_mixin.py:150} INFO - [2024-04-02T09:34:02.276+0000] {dagbag.py:541} INFO - Filling up the DagBag from /usr/local/python/3.10.13/lib/python3.10/site-packages/airflow/example_dags/example_branch_day_of_week_operator.py
[2024-04-02T09:34:02.286+0000] {processor.py:836} INFO - DAG(s) dict_keys(['example_weekday_branch_operator']) retrieved from /usr/local/python/3.10.13/lib/python3.10/site-packages/airflow/example_dags/example_branch_day_of_week_operator.py
[2024-04-02T09:34:02.305+0000] {logging_mixin.py:150} INFO - [2024-04-02T09:34:02.305+0000] {dag.py:2742} INFO - Sync 1 DAGs
[2024-04-02T09:34:02.331+0000] {logging_mixin.py:150} INFO - [2024-04-02T09:34:02.331+0000] {dag.py:3504} INFO - Setting next_dagrun for example_weekday_branch_operator to 2024-04-01T00:00:00+00:00, run_after=2024-04-02T00:00:00+00:00
[2024-04-02T09:34:02.376+0000] {processor.py:179} INFO - Processing /usr/local/python/3.10.13/lib/python3.10/site-packages/airflow/example_dags/example_branch_day_of_week_operator.py took 0.104 seconds
[2024-04-02T09:35:00.627+0000] {processor.py:157} INFO - Started process (PID=29187) to work on /usr/local/python/3.10.13/lib/python3.10/site-packages/airflow/example_dags/example_branch_day_of_week_operator.py
[2024-04-02T09:35:00.628+0000] {processor.py:826} INFO - Processing file /usr/local/python/3.10.13/lib/python3.10/site-packages/airflow/example_dags/example_branch_day_of_week_operator.py for tasks to queue
[2024-04-02T09:35:00.629+0000] {logging_mixin.py:150} INFO - [2024-04-02T09:35:00.629+0000] {dagbag.py:541} INFO - Filling up the DagBag from /usr/local/python/3.10.13/lib/python3.10/site-packages/airflow/example_dags/example_branch_day_of_week_operator.py
[2024-04-02T09:35:00.639+0000] {processor.py:836} INFO - DAG(s) dict_keys(['example_weekday_branch_operator']) retrieved from /usr/local/python/3.10.13/lib/python3.10/site-packages/airflow/example_dags/example_branch_day_of_week_operator.py
[2024-04-02T09:35:00.659+0000] {logging_mixin.py:150} INFO - [2024-04-02T09:35:00.659+0000] {dag.py:2742} INFO - Sync 1 DAGs
[2024-04-02T09:35:00.686+0000] {logging_mixin.py:150} INFO - [2024-04-02T09:35:00.686+0000] {dag.py:3504} INFO - Setting next_dagrun for example_weekday_branch_operator to 2024-04-01T00:00:00+00:00, run_after=2024-04-02T00:00:00+00:00
[2024-04-02T09:35:00.743+0000] {processor.py:179} INFO - Processing /usr/local/python/3.10.13/lib/python3.10/site-packages/airflow/example_dags/example_branch_day_of_week_operator.py took 0.119 seconds
[2024-04-02T09:35:55.461+0000] {processor.py:157} INFO - Started process (PID=29555) to work on /usr/local/python/3.10.13/lib/python3.10/site-packages/airflow/example_dags/example_branch_day_of_week_operator.py
[2024-04-02T09:35:55.461+0000] {processor.py:826} INFO - Processing file /usr/local/python/3.10.13/lib/python3.10/site-packages/airflow/example_dags/example_branch_day_of_week_operator.py for tasks to queue
[2024-04-02T09:35:55.462+0000] {logging_mixin.py:150} INFO - [2024-04-02T09:35:55.462+0000] {dagbag.py:541} INFO - Filling up the DagBag from /usr/local/python/3.10.13/lib/python3.10/site-packages/airflow/example_dags/example_branch_day_of_week_operator.py
[2024-04-02T09:35:55.468+0000] {processor.py:836} INFO - DAG(s) dict_keys(['example_weekday_branch_operator']) retrieved from /usr/local/python/3.10.13/lib/python3.10/site-packages/airflow/example_dags/example_branch_day_of_week_operator.py
[2024-04-02T09:35:55.481+0000] {logging_mixin.py:150} INFO - [2024-04-02T09:35:55.481+0000] {dag.py:2742} INFO - Sync 1 DAGs
[2024-04-02T09:35:55.497+0000] {logging_mixin.py:150} INFO - [2024-04-02T09:35:55.497+0000] {dag.py:3504} INFO - Setting next_dagrun for example_weekday_branch_operator to 2024-04-01T00:00:00+00:00, run_after=2024-04-02T00:00:00+00:00
[2024-04-02T09:35:55.535+0000] {processor.py:179} INFO - Processing /usr/local/python/3.10.13/lib/python3.10/site-packages/airflow/example_dags/example_branch_day_of_week_operator.py took 0.077 seconds
[2024-04-02T09:36:49.086+0000] {processor.py:157} INFO - Started process (PID=29940) to work on /usr/local/python/3.10.13/lib/python3.10/site-packages/airflow/example_dags/example_branch_day_of_week_operator.py
[2024-04-02T09:36:49.087+0000] {processor.py:826} INFO - Processing file /usr/local/python/3.10.13/lib/python3.10/site-packages/airflow/example_dags/example_branch_day_of_week_operator.py for tasks to queue
[2024-04-02T09:36:49.087+0000] {logging_mixin.py:150} INFO - [2024-04-02T09:36:49.087+0000] {dagbag.py:541} INFO - Filling up the DagBag from /usr/local/python/3.10.13/lib/python3.10/site-packages/airflow/example_dags/example_branch_day_of_week_operator.py
[2024-04-02T09:36:49.093+0000] {processor.py:836} INFO - DAG(s) dict_keys(['example_weekday_branch_operator']) retrieved from /usr/local/python/3.10.13/lib/python3.10/site-packages/airflow/example_dags/example_branch_day_of_week_operator.py
[2024-04-02T09:36:49.106+0000] {logging_mixin.py:150} INFO - [2024-04-02T09:36:49.106+0000] {dag.py:2742} INFO - Sync 1 DAGs
[2024-04-02T09:36:49.123+0000] {logging_mixin.py:150} INFO - [2024-04-02T09:36:49.122+0000] {dag.py:3504} INFO - Setting next_dagrun for example_weekday_branch_operator to 2024-04-01T00:00:00+00:00, run_after=2024-04-02T00:00:00+00:00
[2024-04-02T09:36:49.162+0000] {processor.py:179} INFO - Processing /usr/local/python/3.10.13/lib/python3.10/site-packages/airflow/example_dags/example_branch_day_of_week_operator.py took 0.078 seconds
[2024-04-02T09:37:46.251+0000] {processor.py:157} INFO - Started process (PID=30321) to work on /usr/local/python/3.10.13/lib/python3.10/site-packages/airflow/example_dags/example_branch_day_of_week_operator.py
[2024-04-02T09:37:46.252+0000] {processor.py:826} INFO - Processing file /usr/local/python/3.10.13/lib/python3.10/site-packages/airflow/example_dags/example_branch_day_of_week_operator.py for tasks to queue
[2024-04-02T09:37:46.253+0000] {logging_mixin.py:150} INFO - [2024-04-02T09:37:46.253+0000] {dagbag.py:541} INFO - Filling up the DagBag from /usr/local/python/3.10.13/lib/python3.10/site-packages/airflow/example_dags/example_branch_day_of_week_operator.py
[2024-04-02T09:37:46.259+0000] {processor.py:836} INFO - DAG(s) dict_keys(['example_weekday_branch_operator']) retrieved from /usr/local/python/3.10.13/lib/python3.10/site-packages/airflow/example_dags/example_branch_day_of_week_operator.py
[2024-04-02T09:37:46.272+0000] {logging_mixin.py:150} INFO - [2024-04-02T09:37:46.272+0000] {dag.py:2742} INFO - Sync 1 DAGs
[2024-04-02T09:37:46.289+0000] {logging_mixin.py:150} INFO - [2024-04-02T09:37:46.289+0000] {dag.py:3504} INFO - Setting next_dagrun for example_weekday_branch_operator to 2024-04-01T00:00:00+00:00, run_after=2024-04-02T00:00:00+00:00
[2024-04-02T09:37:46.328+0000] {processor.py:179} INFO - Processing /usr/local/python/3.10.13/lib/python3.10/site-packages/airflow/example_dags/example_branch_day_of_week_operator.py took 0.078 seconds
[2024-04-02T09:38:42.087+0000] {processor.py:157} INFO - Started process (PID=30708) to work on /usr/local/python/3.10.13/lib/python3.10/site-packages/airflow/example_dags/example_branch_day_of_week_operator.py
[2024-04-02T09:38:42.088+0000] {processor.py:826} INFO - Processing file /usr/local/python/3.10.13/lib/python3.10/site-packages/airflow/example_dags/example_branch_day_of_week_operator.py for tasks to queue
[2024-04-02T09:38:42.089+0000] {logging_mixin.py:150} INFO - [2024-04-02T09:38:42.089+0000] {dagbag.py:541} INFO - Filling up the DagBag from /usr/local/python/3.10.13/lib/python3.10/site-packages/airflow/example_dags/example_branch_day_of_week_operator.py
[2024-04-02T09:38:42.095+0000] {processor.py:836} INFO - DAG(s) dict_keys(['example_weekday_branch_operator']) retrieved from /usr/local/python/3.10.13/lib/python3.10/site-packages/airflow/example_dags/example_branch_day_of_week_operator.py
[2024-04-02T09:38:42.108+0000] {logging_mixin.py:150} INFO - [2024-04-02T09:38:42.108+0000] {dag.py:2742} INFO - Sync 1 DAGs
[2024-04-02T09:38:42.125+0000] {logging_mixin.py:150} INFO - [2024-04-02T09:38:42.125+0000] {dag.py:3504} INFO - Setting next_dagrun for example_weekday_branch_operator to 2024-04-01T00:00:00+00:00, run_after=2024-04-02T00:00:00+00:00
[2024-04-02T09:38:42.165+0000] {processor.py:179} INFO - Processing /usr/local/python/3.10.13/lib/python3.10/site-packages/airflow/example_dags/example_branch_day_of_week_operator.py took 0.080 seconds
[2024-04-02T09:39:38.536+0000] {processor.py:157} INFO - Started process (PID=31133) to work on /usr/local/python/3.10.13/lib/python3.10/site-packages/airflow/example_dags/example_branch_day_of_week_operator.py
[2024-04-02T09:39:38.537+0000] {processor.py:826} INFO - Processing file /usr/local/python/3.10.13/lib/python3.10/site-packages/airflow/example_dags/example_branch_day_of_week_operator.py for tasks to queue
[2024-04-02T09:39:38.538+0000] {logging_mixin.py:150} INFO - [2024-04-02T09:39:38.538+0000] {dagbag.py:541} INFO - Filling up the DagBag from /usr/local/python/3.10.13/lib/python3.10/site-packages/airflow/example_dags/example_branch_day_of_week_operator.py
[2024-04-02T09:39:38.549+0000] {processor.py:836} INFO - DAG(s) dict_keys(['example_weekday_branch_operator']) retrieved from /usr/local/python/3.10.13/lib/python3.10/site-packages/airflow/example_dags/example_branch_day_of_week_operator.py
[2024-04-02T09:39:38.569+0000] {logging_mixin.py:150} INFO - [2024-04-02T09:39:38.569+0000] {dag.py:2742} INFO - Sync 1 DAGs
[2024-04-02T09:39:38.596+0000] {logging_mixin.py:150} INFO - [2024-04-02T09:39:38.596+0000] {dag.py:3504} INFO - Setting next_dagrun for example_weekday_branch_operator to 2024-04-01T00:00:00+00:00, run_after=2024-04-02T00:00:00+00:00
[2024-04-02T09:39:38.642+0000] {processor.py:179} INFO - Processing /usr/local/python/3.10.13/lib/python3.10/site-packages/airflow/example_dags/example_branch_day_of_week_operator.py took 0.109 seconds
[2024-04-02T09:40:37.203+0000] {processor.py:157} INFO - Started process (PID=31538) to work on /usr/local/python/3.10.13/lib/python3.10/site-packages/airflow/example_dags/example_branch_day_of_week_operator.py
[2024-04-02T09:40:37.204+0000] {processor.py:826} INFO - Processing file /usr/local/python/3.10.13/lib/python3.10/site-packages/airflow/example_dags/example_branch_day_of_week_operator.py for tasks to queue
[2024-04-02T09:40:37.205+0000] {logging_mixin.py:150} INFO - [2024-04-02T09:40:37.204+0000] {dagbag.py:541} INFO - Filling up the DagBag from /usr/local/python/3.10.13/lib/python3.10/site-packages/airflow/example_dags/example_branch_day_of_week_operator.py
[2024-04-02T09:40:37.212+0000] {processor.py:836} INFO - DAG(s) dict_keys(['example_weekday_branch_operator']) retrieved from /usr/local/python/3.10.13/lib/python3.10/site-packages/airflow/example_dags/example_branch_day_of_week_operator.py
[2024-04-02T09:40:37.225+0000] {logging_mixin.py:150} INFO - [2024-04-02T09:40:37.225+0000] {dag.py:2742} INFO - Sync 1 DAGs
[2024-04-02T09:40:37.241+0000] {logging_mixin.py:150} INFO - [2024-04-02T09:40:37.241+0000] {dag.py:3504} INFO - Setting next_dagrun for example_weekday_branch_operator to 2024-04-01T00:00:00+00:00, run_after=2024-04-02T00:00:00+00:00
[2024-04-02T09:40:37.279+0000] {processor.py:179} INFO - Processing /usr/local/python/3.10.13/lib/python3.10/site-packages/airflow/example_dags/example_branch_day_of_week_operator.py took 0.078 seconds
[2024-04-02T09:41:33.577+0000] {processor.py:157} INFO - Started process (PID=31930) to work on /usr/local/python/3.10.13/lib/python3.10/site-packages/airflow/example_dags/example_branch_day_of_week_operator.py
[2024-04-02T09:41:33.578+0000] {processor.py:826} INFO - Processing file /usr/local/python/3.10.13/lib/python3.10/site-packages/airflow/example_dags/example_branch_day_of_week_operator.py for tasks to queue
[2024-04-02T09:41:33.580+0000] {logging_mixin.py:150} INFO - [2024-04-02T09:41:33.579+0000] {dagbag.py:541} INFO - Filling up the DagBag from /usr/local/python/3.10.13/lib/python3.10/site-packages/airflow/example_dags/example_branch_day_of_week_operator.py
[2024-04-02T09:41:33.589+0000] {processor.py:836} INFO - DAG(s) dict_keys(['example_weekday_branch_operator']) retrieved from /usr/local/python/3.10.13/lib/python3.10/site-packages/airflow/example_dags/example_branch_day_of_week_operator.py
[2024-04-02T09:41:33.610+0000] {logging_mixin.py:150} INFO - [2024-04-02T09:41:33.610+0000] {dag.py:2742} INFO - Sync 1 DAGs
[2024-04-02T09:41:33.637+0000] {logging_mixin.py:150} INFO - [2024-04-02T09:41:33.637+0000] {dag.py:3504} INFO - Setting next_dagrun for example_weekday_branch_operator to 2024-04-01T00:00:00+00:00, run_after=2024-04-02T00:00:00+00:00
[2024-04-02T09:41:33.685+0000] {processor.py:179} INFO - Processing /usr/local/python/3.10.13/lib/python3.10/site-packages/airflow/example_dags/example_branch_day_of_week_operator.py took 0.111 seconds
[2024-04-02T09:42:29.030+0000] {processor.py:157} INFO - Started process (PID=32303) to work on /usr/local/python/3.10.13/lib/python3.10/site-packages/airflow/example_dags/example_branch_day_of_week_operator.py
[2024-04-02T09:42:29.031+0000] {processor.py:826} INFO - Processing file /usr/local/python/3.10.13/lib/python3.10/site-packages/airflow/example_dags/example_branch_day_of_week_operator.py for tasks to queue
[2024-04-02T09:42:29.032+0000] {logging_mixin.py:150} INFO - [2024-04-02T09:42:29.032+0000] {dagbag.py:541} INFO - Filling up the DagBag from /usr/local/python/3.10.13/lib/python3.10/site-packages/airflow/example_dags/example_branch_day_of_week_operator.py
[2024-04-02T09:42:29.042+0000] {processor.py:836} INFO - DAG(s) dict_keys(['example_weekday_branch_operator']) retrieved from /usr/local/python/3.10.13/lib/python3.10/site-packages/airflow/example_dags/example_branch_day_of_week_operator.py
[2024-04-02T09:42:29.062+0000] {logging_mixin.py:150} INFO - [2024-04-02T09:42:29.061+0000] {dag.py:2742} INFO - Sync 1 DAGs
[2024-04-02T09:42:29.088+0000] {logging_mixin.py:150} INFO - [2024-04-02T09:42:29.088+0000] {dag.py:3504} INFO - Setting next_dagrun for example_weekday_branch_operator to 2024-04-01T00:00:00+00:00, run_after=2024-04-02T00:00:00+00:00
[2024-04-02T09:42:29.133+0000] {processor.py:179} INFO - Processing /usr/local/python/3.10.13/lib/python3.10/site-packages/airflow/example_dags/example_branch_day_of_week_operator.py took 0.106 seconds
[2024-04-02T09:43:30.286+0000] {processor.py:157} INFO - Started process (PID=32722) to work on /usr/local/python/3.10.13/lib/python3.10/site-packages/airflow/example_dags/example_branch_day_of_week_operator.py
[2024-04-02T09:43:30.287+0000] {processor.py:826} INFO - Processing file /usr/local/python/3.10.13/lib/python3.10/site-packages/airflow/example_dags/example_branch_day_of_week_operator.py for tasks to queue
[2024-04-02T09:43:30.288+0000] {logging_mixin.py:150} INFO - [2024-04-02T09:43:30.287+0000] {dagbag.py:541} INFO - Filling up the DagBag from /usr/local/python/3.10.13/lib/python3.10/site-packages/airflow/example_dags/example_branch_day_of_week_operator.py
[2024-04-02T09:43:30.297+0000] {processor.py:836} INFO - DAG(s) dict_keys(['example_weekday_branch_operator']) retrieved from /usr/local/python/3.10.13/lib/python3.10/site-packages/airflow/example_dags/example_branch_day_of_week_operator.py
[2024-04-02T09:43:30.318+0000] {logging_mixin.py:150} INFO - [2024-04-02T09:43:30.318+0000] {dag.py:2742} INFO - Sync 1 DAGs
[2024-04-02T09:43:30.345+0000] {logging_mixin.py:150} INFO - [2024-04-02T09:43:30.344+0000] {dag.py:3504} INFO - Setting next_dagrun for example_weekday_branch_operator to 2024-04-01T00:00:00+00:00, run_after=2024-04-02T00:00:00+00:00
[2024-04-02T09:43:30.389+0000] {processor.py:179} INFO - Processing /usr/local/python/3.10.13/lib/python3.10/site-packages/airflow/example_dags/example_branch_day_of_week_operator.py took 0.106 seconds
