[2024-04-02T08:56:59.283+0000] {processor.py:157} INFO - Started process (PID=11491) to work on /usr/local/python/3.10.13/lib/python3.10/site-packages/airflow/example_dags/example_skip_dag.py
[2024-04-02T08:56:59.283+0000] {processor.py:826} INFO - Processing file /usr/local/python/3.10.13/lib/python3.10/site-packages/airflow/example_dags/example_skip_dag.py for tasks to queue
[2024-04-02T08:56:59.284+0000] {logging_mixin.py:150} INFO - [2024-04-02T08:56:59.284+0000] {dagbag.py:541} INFO - Filling up the DagBag from /usr/local/python/3.10.13/lib/python3.10/site-packages/airflow/example_dags/example_skip_dag.py
[2024-04-02T08:56:59.291+0000] {processor.py:836} INFO - DAG(s) dict_keys(['example_skip_dag']) retrieved from /usr/local/python/3.10.13/lib/python3.10/site-packages/airflow/example_dags/example_skip_dag.py
[2024-04-02T08:56:59.373+0000] {logging_mixin.py:150} INFO - [2024-04-02T08:56:59.372+0000] {dag.py:2742} INFO - Sync 1 DAGs
[2024-04-02T08:56:59.386+0000] {logging_mixin.py:150} INFO - [2024-04-02T08:56:59.386+0000] {dag.py:3504} INFO - Setting next_dagrun for example_skip_dag to 2024-04-01T08:56:59.386629+00:00, run_after=2024-04-02T08:56:59.386629+00:00
[2024-04-02T08:56:59.448+0000] {processor.py:179} INFO - Processing /usr/local/python/3.10.13/lib/python3.10/site-packages/airflow/example_dags/example_skip_dag.py took 0.167 seconds
[2024-04-02T08:58:03.108+0000] {processor.py:157} INFO - Started process (PID=12343) to work on /usr/local/python/3.10.13/lib/python3.10/site-packages/airflow/example_dags/example_skip_dag.py
[2024-04-02T08:58:03.109+0000] {processor.py:826} INFO - Processing file /usr/local/python/3.10.13/lib/python3.10/site-packages/airflow/example_dags/example_skip_dag.py for tasks to queue
[2024-04-02T08:58:03.110+0000] {logging_mixin.py:150} INFO - [2024-04-02T08:58:03.110+0000] {dagbag.py:541} INFO - Filling up the DagBag from /usr/local/python/3.10.13/lib/python3.10/site-packages/airflow/example_dags/example_skip_dag.py
[2024-04-02T08:58:03.116+0000] {processor.py:836} INFO - DAG(s) dict_keys(['example_skip_dag']) retrieved from /usr/local/python/3.10.13/lib/python3.10/site-packages/airflow/example_dags/example_skip_dag.py
[2024-04-02T08:58:03.129+0000] {logging_mixin.py:150} INFO - [2024-04-02T08:58:03.129+0000] {dag.py:2742} INFO - Sync 1 DAGs
[2024-04-02T08:58:03.145+0000] {logging_mixin.py:150} INFO - [2024-04-02T08:58:03.145+0000] {dag.py:3504} INFO - Setting next_dagrun for example_skip_dag to 2024-04-01T08:58:03.145102+00:00, run_after=2024-04-02T08:58:03.145102+00:00
[2024-04-02T08:58:03.183+0000] {processor.py:179} INFO - Processing /usr/local/python/3.10.13/lib/python3.10/site-packages/airflow/example_dags/example_skip_dag.py took 0.077 seconds
[2024-04-02T09:00:00.884+0000] {processor.py:157} INFO - Started process (PID=14019) to work on /usr/local/python/3.10.13/lib/python3.10/site-packages/airflow/example_dags/example_skip_dag.py
[2024-04-02T09:00:00.885+0000] {processor.py:826} INFO - Processing file /usr/local/python/3.10.13/lib/python3.10/site-packages/airflow/example_dags/example_skip_dag.py for tasks to queue
[2024-04-02T09:00:00.887+0000] {logging_mixin.py:150} INFO - [2024-04-02T09:00:00.886+0000] {dagbag.py:541} INFO - Filling up the DagBag from /usr/local/python/3.10.13/lib/python3.10/site-packages/airflow/example_dags/example_skip_dag.py
[2024-04-02T09:00:00.896+0000] {processor.py:836} INFO - DAG(s) dict_keys(['example_skip_dag']) retrieved from /usr/local/python/3.10.13/lib/python3.10/site-packages/airflow/example_dags/example_skip_dag.py
[2024-04-02T09:00:00.980+0000] {logging_mixin.py:150} INFO - [2024-04-02T09:00:00.980+0000] {dag.py:2742} INFO - Sync 1 DAGs
[2024-04-02T09:00:01.033+0000] {logging_mixin.py:150} INFO - [2024-04-02T09:00:01.033+0000] {dag.py:3504} INFO - Setting next_dagrun for example_skip_dag to 2024-04-01T09:00:01.032792+00:00, run_after=2024-04-02T09:00:01.032792+00:00
[2024-04-02T09:00:01.073+0000] {processor.py:179} INFO - Processing /usr/local/python/3.10.13/lib/python3.10/site-packages/airflow/example_dags/example_skip_dag.py took 0.193 seconds
[2024-04-02T09:00:51.324+0000] {processor.py:157} INFO - Started process (PID=14524) to work on /usr/local/python/3.10.13/lib/python3.10/site-packages/airflow/example_dags/example_skip_dag.py
[2024-04-02T09:00:51.324+0000] {processor.py:826} INFO - Processing file /usr/local/python/3.10.13/lib/python3.10/site-packages/airflow/example_dags/example_skip_dag.py for tasks to queue
[2024-04-02T09:00:51.325+0000] {logging_mixin.py:150} INFO - [2024-04-02T09:00:51.325+0000] {dagbag.py:541} INFO - Filling up the DagBag from /usr/local/python/3.10.13/lib/python3.10/site-packages/airflow/example_dags/example_skip_dag.py
[2024-04-02T09:00:51.331+0000] {processor.py:836} INFO - DAG(s) dict_keys(['example_skip_dag']) retrieved from /usr/local/python/3.10.13/lib/python3.10/site-packages/airflow/example_dags/example_skip_dag.py
[2024-04-02T09:00:51.344+0000] {logging_mixin.py:150} INFO - [2024-04-02T09:00:51.344+0000] {dag.py:2742} INFO - Sync 1 DAGs
[2024-04-02T09:00:51.360+0000] {logging_mixin.py:150} INFO - [2024-04-02T09:00:51.360+0000] {dag.py:3504} INFO - Setting next_dagrun for example_skip_dag to 2024-04-01T09:00:51.359958+00:00, run_after=2024-04-02T09:00:51.359958+00:00
[2024-04-02T09:00:51.402+0000] {processor.py:179} INFO - Processing /usr/local/python/3.10.13/lib/python3.10/site-packages/airflow/example_dags/example_skip_dag.py took 0.081 seconds
[2024-04-02T09:01:41.202+0000] {processor.py:157} INFO - Started process (PID=14917) to work on /usr/local/python/3.10.13/lib/python3.10/site-packages/airflow/example_dags/example_skip_dag.py
[2024-04-02T09:01:41.202+0000] {processor.py:826} INFO - Processing file /usr/local/python/3.10.13/lib/python3.10/site-packages/airflow/example_dags/example_skip_dag.py for tasks to queue
[2024-04-02T09:01:41.203+0000] {logging_mixin.py:150} INFO - [2024-04-02T09:01:41.203+0000] {dagbag.py:541} INFO - Filling up the DagBag from /usr/local/python/3.10.13/lib/python3.10/site-packages/airflow/example_dags/example_skip_dag.py
[2024-04-02T09:01:41.208+0000] {processor.py:836} INFO - DAG(s) dict_keys(['example_skip_dag']) retrieved from /usr/local/python/3.10.13/lib/python3.10/site-packages/airflow/example_dags/example_skip_dag.py
[2024-04-02T09:01:41.221+0000] {logging_mixin.py:150} INFO - [2024-04-02T09:01:41.221+0000] {dag.py:2742} INFO - Sync 1 DAGs
[2024-04-02T09:01:41.236+0000] {logging_mixin.py:150} INFO - [2024-04-02T09:01:41.236+0000] {dag.py:3504} INFO - Setting next_dagrun for example_skip_dag to 2024-04-01T09:01:41.235989+00:00, run_after=2024-04-02T09:01:41.235989+00:00
[2024-04-02T09:01:41.280+0000] {processor.py:179} INFO - Processing /usr/local/python/3.10.13/lib/python3.10/site-packages/airflow/example_dags/example_skip_dag.py took 0.081 seconds
[2024-04-02T09:02:37.578+0000] {processor.py:157} INFO - Started process (PID=15315) to work on /usr/local/python/3.10.13/lib/python3.10/site-packages/airflow/example_dags/example_skip_dag.py
[2024-04-02T09:02:37.579+0000] {processor.py:826} INFO - Processing file /usr/local/python/3.10.13/lib/python3.10/site-packages/airflow/example_dags/example_skip_dag.py for tasks to queue
[2024-04-02T09:02:37.579+0000] {logging_mixin.py:150} INFO - [2024-04-02T09:02:37.579+0000] {dagbag.py:541} INFO - Filling up the DagBag from /usr/local/python/3.10.13/lib/python3.10/site-packages/airflow/example_dags/example_skip_dag.py
[2024-04-02T09:02:37.585+0000] {processor.py:836} INFO - DAG(s) dict_keys(['example_skip_dag']) retrieved from /usr/local/python/3.10.13/lib/python3.10/site-packages/airflow/example_dags/example_skip_dag.py
[2024-04-02T09:02:37.597+0000] {logging_mixin.py:150} INFO - [2024-04-02T09:02:37.597+0000] {dag.py:2742} INFO - Sync 1 DAGs
[2024-04-02T09:02:37.613+0000] {logging_mixin.py:150} INFO - [2024-04-02T09:02:37.613+0000] {dag.py:3504} INFO - Setting next_dagrun for example_skip_dag to 2024-04-01T09:02:37.613228+00:00, run_after=2024-04-02T09:02:37.613228+00:00
[2024-04-02T09:02:37.653+0000] {processor.py:179} INFO - Processing /usr/local/python/3.10.13/lib/python3.10/site-packages/airflow/example_dags/example_skip_dag.py took 0.078 seconds
[2024-04-02T09:03:36.268+0000] {processor.py:157} INFO - Started process (PID=15721) to work on /usr/local/python/3.10.13/lib/python3.10/site-packages/airflow/example_dags/example_skip_dag.py
[2024-04-02T09:03:36.269+0000] {processor.py:826} INFO - Processing file /usr/local/python/3.10.13/lib/python3.10/site-packages/airflow/example_dags/example_skip_dag.py for tasks to queue
[2024-04-02T09:03:36.270+0000] {logging_mixin.py:150} INFO - [2024-04-02T09:03:36.269+0000] {dagbag.py:541} INFO - Filling up the DagBag from /usr/local/python/3.10.13/lib/python3.10/site-packages/airflow/example_dags/example_skip_dag.py
[2024-04-02T09:03:36.276+0000] {processor.py:836} INFO - DAG(s) dict_keys(['example_skip_dag']) retrieved from /usr/local/python/3.10.13/lib/python3.10/site-packages/airflow/example_dags/example_skip_dag.py
[2024-04-02T09:03:36.288+0000] {logging_mixin.py:150} INFO - [2024-04-02T09:03:36.288+0000] {dag.py:2742} INFO - Sync 1 DAGs
[2024-04-02T09:03:36.303+0000] {logging_mixin.py:150} INFO - [2024-04-02T09:03:36.303+0000] {dag.py:3504} INFO - Setting next_dagrun for example_skip_dag to 2024-04-01T09:03:36.303631+00:00, run_after=2024-04-02T09:03:36.303631+00:00
[2024-04-02T09:03:36.345+0000] {processor.py:179} INFO - Processing /usr/local/python/3.10.13/lib/python3.10/site-packages/airflow/example_dags/example_skip_dag.py took 0.079 seconds
[2024-04-02T09:04:32.302+0000] {processor.py:157} INFO - Started process (PID=16120) to work on /usr/local/python/3.10.13/lib/python3.10/site-packages/airflow/example_dags/example_skip_dag.py
[2024-04-02T09:04:32.303+0000] {processor.py:826} INFO - Processing file /usr/local/python/3.10.13/lib/python3.10/site-packages/airflow/example_dags/example_skip_dag.py for tasks to queue
[2024-04-02T09:04:32.304+0000] {logging_mixin.py:150} INFO - [2024-04-02T09:04:32.303+0000] {dagbag.py:541} INFO - Filling up the DagBag from /usr/local/python/3.10.13/lib/python3.10/site-packages/airflow/example_dags/example_skip_dag.py
[2024-04-02T09:04:32.309+0000] {processor.py:836} INFO - DAG(s) dict_keys(['example_skip_dag']) retrieved from /usr/local/python/3.10.13/lib/python3.10/site-packages/airflow/example_dags/example_skip_dag.py
[2024-04-02T09:04:32.322+0000] {logging_mixin.py:150} INFO - [2024-04-02T09:04:32.322+0000] {dag.py:2742} INFO - Sync 1 DAGs
[2024-04-02T09:04:32.337+0000] {logging_mixin.py:150} INFO - [2024-04-02T09:04:32.337+0000] {dag.py:3504} INFO - Setting next_dagrun for example_skip_dag to 2024-04-01T09:04:32.336990+00:00, run_after=2024-04-02T09:04:32.336990+00:00
[2024-04-02T09:04:32.377+0000] {processor.py:179} INFO - Processing /usr/local/python/3.10.13/lib/python3.10/site-packages/airflow/example_dags/example_skip_dag.py took 0.077 seconds
[2024-04-02T09:05:27.202+0000] {processor.py:157} INFO - Started process (PID=16505) to work on /usr/local/python/3.10.13/lib/python3.10/site-packages/airflow/example_dags/example_skip_dag.py
[2024-04-02T09:05:27.208+0000] {processor.py:826} INFO - Processing file /usr/local/python/3.10.13/lib/python3.10/site-packages/airflow/example_dags/example_skip_dag.py for tasks to queue
[2024-04-02T09:05:27.209+0000] {logging_mixin.py:150} INFO - [2024-04-02T09:05:27.208+0000] {dagbag.py:541} INFO - Filling up the DagBag from /usr/local/python/3.10.13/lib/python3.10/site-packages/airflow/example_dags/example_skip_dag.py
[2024-04-02T09:05:27.221+0000] {processor.py:836} INFO - DAG(s) dict_keys(['example_skip_dag']) retrieved from /usr/local/python/3.10.13/lib/python3.10/site-packages/airflow/example_dags/example_skip_dag.py
[2024-04-02T09:05:27.241+0000] {logging_mixin.py:150} INFO - [2024-04-02T09:05:27.241+0000] {dag.py:2742} INFO - Sync 1 DAGs
[2024-04-02T09:05:27.265+0000] {logging_mixin.py:150} INFO - [2024-04-02T09:05:27.265+0000] {dag.py:3504} INFO - Setting next_dagrun for example_skip_dag to 2024-04-01T09:05:27.265511+00:00, run_after=2024-04-02T09:05:27.265511+00:00
[2024-04-02T09:05:27.313+0000] {processor.py:179} INFO - Processing /usr/local/python/3.10.13/lib/python3.10/site-packages/airflow/example_dags/example_skip_dag.py took 0.114 seconds
[2024-04-02T09:06:27.408+0000] {processor.py:157} INFO - Started process (PID=16928) to work on /usr/local/python/3.10.13/lib/python3.10/site-packages/airflow/example_dags/example_skip_dag.py
[2024-04-02T09:06:27.409+0000] {processor.py:826} INFO - Processing file /usr/local/python/3.10.13/lib/python3.10/site-packages/airflow/example_dags/example_skip_dag.py for tasks to queue
[2024-04-02T09:06:27.410+0000] {logging_mixin.py:150} INFO - [2024-04-02T09:06:27.410+0000] {dagbag.py:541} INFO - Filling up the DagBag from /usr/local/python/3.10.13/lib/python3.10/site-packages/airflow/example_dags/example_skip_dag.py
[2024-04-02T09:06:27.419+0000] {processor.py:836} INFO - DAG(s) dict_keys(['example_skip_dag']) retrieved from /usr/local/python/3.10.13/lib/python3.10/site-packages/airflow/example_dags/example_skip_dag.py
[2024-04-02T09:06:27.439+0000] {logging_mixin.py:150} INFO - [2024-04-02T09:06:27.438+0000] {dag.py:2742} INFO - Sync 1 DAGs
[2024-04-02T09:06:27.461+0000] {logging_mixin.py:150} INFO - [2024-04-02T09:06:27.461+0000] {dag.py:3504} INFO - Setting next_dagrun for example_skip_dag to 2024-04-01T09:06:27.461191+00:00, run_after=2024-04-02T09:06:27.461191+00:00
[2024-04-02T09:06:27.513+0000] {processor.py:179} INFO - Processing /usr/local/python/3.10.13/lib/python3.10/site-packages/airflow/example_dags/example_skip_dag.py took 0.109 seconds
[2024-04-02T09:07:08.486+0000] {processor.py:157} INFO - Started process (PID=17615) to work on /usr/local/python/3.10.13/lib/python3.10/site-packages/airflow/example_dags/example_skip_dag.py
[2024-04-02T09:07:08.486+0000] {processor.py:826} INFO - Processing file /usr/local/python/3.10.13/lib/python3.10/site-packages/airflow/example_dags/example_skip_dag.py for tasks to queue
[2024-04-02T09:07:08.487+0000] {logging_mixin.py:150} INFO - [2024-04-02T09:07:08.487+0000] {dagbag.py:541} INFO - Filling up the DagBag from /usr/local/python/3.10.13/lib/python3.10/site-packages/airflow/example_dags/example_skip_dag.py
[2024-04-02T09:07:08.493+0000] {processor.py:836} INFO - DAG(s) dict_keys(['example_skip_dag']) retrieved from /usr/local/python/3.10.13/lib/python3.10/site-packages/airflow/example_dags/example_skip_dag.py
[2024-04-02T09:07:08.505+0000] {logging_mixin.py:150} INFO - [2024-04-02T09:07:08.505+0000] {dag.py:2742} INFO - Sync 1 DAGs
[2024-04-02T09:07:08.520+0000] {logging_mixin.py:150} INFO - [2024-04-02T09:07:08.520+0000] {dag.py:3504} INFO - Setting next_dagrun for example_skip_dag to 2024-04-01T09:07:08.520434+00:00, run_after=2024-04-02T09:07:08.520434+00:00
[2024-04-02T09:07:08.560+0000] {processor.py:179} INFO - Processing /usr/local/python/3.10.13/lib/python3.10/site-packages/airflow/example_dags/example_skip_dag.py took 0.077 seconds
[2024-04-02T09:08:06.661+0000] {processor.py:157} INFO - Started process (PID=18020) to work on /usr/local/python/3.10.13/lib/python3.10/site-packages/airflow/example_dags/example_skip_dag.py
[2024-04-02T09:08:06.662+0000] {processor.py:826} INFO - Processing file /usr/local/python/3.10.13/lib/python3.10/site-packages/airflow/example_dags/example_skip_dag.py for tasks to queue
[2024-04-02T09:08:06.662+0000] {logging_mixin.py:150} INFO - [2024-04-02T09:08:06.662+0000] {dagbag.py:541} INFO - Filling up the DagBag from /usr/local/python/3.10.13/lib/python3.10/site-packages/airflow/example_dags/example_skip_dag.py
[2024-04-02T09:08:06.668+0000] {processor.py:836} INFO - DAG(s) dict_keys(['example_skip_dag']) retrieved from /usr/local/python/3.10.13/lib/python3.10/site-packages/airflow/example_dags/example_skip_dag.py
[2024-04-02T09:08:06.680+0000] {logging_mixin.py:150} INFO - [2024-04-02T09:08:06.680+0000] {dag.py:2742} INFO - Sync 1 DAGs
[2024-04-02T09:08:06.695+0000] {logging_mixin.py:150} INFO - [2024-04-02T09:08:06.695+0000] {dag.py:3504} INFO - Setting next_dagrun for example_skip_dag to 2024-04-01T09:08:06.695308+00:00, run_after=2024-04-02T09:08:06.695308+00:00
[2024-04-02T09:08:06.734+0000] {processor.py:179} INFO - Processing /usr/local/python/3.10.13/lib/python3.10/site-packages/airflow/example_dags/example_skip_dag.py took 0.075 seconds
[2024-04-02T09:09:02.256+0000] {processor.py:157} INFO - Started process (PID=18408) to work on /usr/local/python/3.10.13/lib/python3.10/site-packages/airflow/example_dags/example_skip_dag.py
[2024-04-02T09:09:02.257+0000] {processor.py:826} INFO - Processing file /usr/local/python/3.10.13/lib/python3.10/site-packages/airflow/example_dags/example_skip_dag.py for tasks to queue
[2024-04-02T09:09:02.257+0000] {logging_mixin.py:150} INFO - [2024-04-02T09:09:02.257+0000] {dagbag.py:541} INFO - Filling up the DagBag from /usr/local/python/3.10.13/lib/python3.10/site-packages/airflow/example_dags/example_skip_dag.py
[2024-04-02T09:09:02.263+0000] {processor.py:836} INFO - DAG(s) dict_keys(['example_skip_dag']) retrieved from /usr/local/python/3.10.13/lib/python3.10/site-packages/airflow/example_dags/example_skip_dag.py
[2024-04-02T09:09:02.276+0000] {logging_mixin.py:150} INFO - [2024-04-02T09:09:02.275+0000] {dag.py:2742} INFO - Sync 1 DAGs
[2024-04-02T09:09:02.291+0000] {logging_mixin.py:150} INFO - [2024-04-02T09:09:02.291+0000] {dag.py:3504} INFO - Setting next_dagrun for example_skip_dag to 2024-04-01T09:09:02.290849+00:00, run_after=2024-04-02T09:09:02.290849+00:00
[2024-04-02T09:09:02.329+0000] {processor.py:179} INFO - Processing /usr/local/python/3.10.13/lib/python3.10/site-packages/airflow/example_dags/example_skip_dag.py took 0.075 seconds
[2024-04-02T09:09:58.668+0000] {processor.py:157} INFO - Started process (PID=18805) to work on /usr/local/python/3.10.13/lib/python3.10/site-packages/airflow/example_dags/example_skip_dag.py
[2024-04-02T09:09:58.669+0000] {processor.py:826} INFO - Processing file /usr/local/python/3.10.13/lib/python3.10/site-packages/airflow/example_dags/example_skip_dag.py for tasks to queue
[2024-04-02T09:09:58.670+0000] {logging_mixin.py:150} INFO - [2024-04-02T09:09:58.670+0000] {dagbag.py:541} INFO - Filling up the DagBag from /usr/local/python/3.10.13/lib/python3.10/site-packages/airflow/example_dags/example_skip_dag.py
[2024-04-02T09:09:58.679+0000] {processor.py:836} INFO - DAG(s) dict_keys(['example_skip_dag']) retrieved from /usr/local/python/3.10.13/lib/python3.10/site-packages/airflow/example_dags/example_skip_dag.py
[2024-04-02T09:09:58.697+0000] {logging_mixin.py:150} INFO - [2024-04-02T09:09:58.697+0000] {dag.py:2742} INFO - Sync 1 DAGs
[2024-04-02T09:09:58.720+0000] {logging_mixin.py:150} INFO - [2024-04-02T09:09:58.720+0000] {dag.py:3504} INFO - Setting next_dagrun for example_skip_dag to 2024-04-01T09:09:58.720448+00:00, run_after=2024-04-02T09:09:58.720448+00:00
[2024-04-02T09:09:58.788+0000] {processor.py:179} INFO - Processing /usr/local/python/3.10.13/lib/python3.10/site-packages/airflow/example_dags/example_skip_dag.py took 0.123 seconds
[2024-04-02T09:10:58.473+0000] {processor.py:157} INFO - Started process (PID=19209) to work on /usr/local/python/3.10.13/lib/python3.10/site-packages/airflow/example_dags/example_skip_dag.py
[2024-04-02T09:10:58.473+0000] {processor.py:826} INFO - Processing file /usr/local/python/3.10.13/lib/python3.10/site-packages/airflow/example_dags/example_skip_dag.py for tasks to queue
[2024-04-02T09:10:58.474+0000] {logging_mixin.py:150} INFO - [2024-04-02T09:10:58.474+0000] {dagbag.py:541} INFO - Filling up the DagBag from /usr/local/python/3.10.13/lib/python3.10/site-packages/airflow/example_dags/example_skip_dag.py
[2024-04-02T09:10:58.480+0000] {processor.py:836} INFO - DAG(s) dict_keys(['example_skip_dag']) retrieved from /usr/local/python/3.10.13/lib/python3.10/site-packages/airflow/example_dags/example_skip_dag.py
[2024-04-02T09:10:58.492+0000] {logging_mixin.py:150} INFO - [2024-04-02T09:10:58.492+0000] {dag.py:2742} INFO - Sync 1 DAGs
[2024-04-02T09:10:58.508+0000] {logging_mixin.py:150} INFO - [2024-04-02T09:10:58.507+0000] {dag.py:3504} INFO - Setting next_dagrun for example_skip_dag to 2024-04-01T09:10:58.507801+00:00, run_after=2024-04-02T09:10:58.507801+00:00
[2024-04-02T09:10:58.549+0000] {processor.py:179} INFO - Processing /usr/local/python/3.10.13/lib/python3.10/site-packages/airflow/example_dags/example_skip_dag.py took 0.079 seconds
[2024-04-02T09:11:57.292+0000] {processor.py:157} INFO - Started process (PID=19618) to work on /usr/local/python/3.10.13/lib/python3.10/site-packages/airflow/example_dags/example_skip_dag.py
[2024-04-02T09:11:57.293+0000] {processor.py:826} INFO - Processing file /usr/local/python/3.10.13/lib/python3.10/site-packages/airflow/example_dags/example_skip_dag.py for tasks to queue
[2024-04-02T09:11:57.294+0000] {logging_mixin.py:150} INFO - [2024-04-02T09:11:57.294+0000] {dagbag.py:541} INFO - Filling up the DagBag from /usr/local/python/3.10.13/lib/python3.10/site-packages/airflow/example_dags/example_skip_dag.py
[2024-04-02T09:11:57.300+0000] {processor.py:836} INFO - DAG(s) dict_keys(['example_skip_dag']) retrieved from /usr/local/python/3.10.13/lib/python3.10/site-packages/airflow/example_dags/example_skip_dag.py
[2024-04-02T09:11:57.312+0000] {logging_mixin.py:150} INFO - [2024-04-02T09:11:57.312+0000] {dag.py:2742} INFO - Sync 1 DAGs
[2024-04-02T09:11:57.327+0000] {logging_mixin.py:150} INFO - [2024-04-02T09:11:57.327+0000] {dag.py:3504} INFO - Setting next_dagrun for example_skip_dag to 2024-04-01T09:11:57.327037+00:00, run_after=2024-04-02T09:11:57.327037+00:00
[2024-04-02T09:11:57.372+0000] {processor.py:179} INFO - Processing /usr/local/python/3.10.13/lib/python3.10/site-packages/airflow/example_dags/example_skip_dag.py took 0.082 seconds
[2024-04-02T09:12:58.551+0000] {processor.py:157} INFO - Started process (PID=20031) to work on /usr/local/python/3.10.13/lib/python3.10/site-packages/airflow/example_dags/example_skip_dag.py
[2024-04-02T09:12:58.552+0000] {processor.py:826} INFO - Processing file /usr/local/python/3.10.13/lib/python3.10/site-packages/airflow/example_dags/example_skip_dag.py for tasks to queue
[2024-04-02T09:12:58.553+0000] {logging_mixin.py:150} INFO - [2024-04-02T09:12:58.553+0000] {dagbag.py:541} INFO - Filling up the DagBag from /usr/local/python/3.10.13/lib/python3.10/site-packages/airflow/example_dags/example_skip_dag.py
[2024-04-02T09:12:58.559+0000] {processor.py:836} INFO - DAG(s) dict_keys(['example_skip_dag']) retrieved from /usr/local/python/3.10.13/lib/python3.10/site-packages/airflow/example_dags/example_skip_dag.py
[2024-04-02T09:12:58.572+0000] {logging_mixin.py:150} INFO - [2024-04-02T09:12:58.572+0000] {dag.py:2742} INFO - Sync 1 DAGs
[2024-04-02T09:12:58.588+0000] {logging_mixin.py:150} INFO - [2024-04-02T09:12:58.588+0000] {dag.py:3504} INFO - Setting next_dagrun for example_skip_dag to 2024-04-01T09:12:58.588423+00:00, run_after=2024-04-02T09:12:58.588423+00:00
[2024-04-02T09:12:58.632+0000] {processor.py:179} INFO - Processing /usr/local/python/3.10.13/lib/python3.10/site-packages/airflow/example_dags/example_skip_dag.py took 0.084 seconds
[2024-04-02T09:13:54.212+0000] {processor.py:157} INFO - Started process (PID=20406) to work on /usr/local/python/3.10.13/lib/python3.10/site-packages/airflow/example_dags/example_skip_dag.py
[2024-04-02T09:13:54.213+0000] {processor.py:826} INFO - Processing file /usr/local/python/3.10.13/lib/python3.10/site-packages/airflow/example_dags/example_skip_dag.py for tasks to queue
[2024-04-02T09:13:54.214+0000] {logging_mixin.py:150} INFO - [2024-04-02T09:13:54.214+0000] {dagbag.py:541} INFO - Filling up the DagBag from /usr/local/python/3.10.13/lib/python3.10/site-packages/airflow/example_dags/example_skip_dag.py
[2024-04-02T09:13:54.220+0000] {processor.py:836} INFO - DAG(s) dict_keys(['example_skip_dag']) retrieved from /usr/local/python/3.10.13/lib/python3.10/site-packages/airflow/example_dags/example_skip_dag.py
[2024-04-02T09:13:54.232+0000] {logging_mixin.py:150} INFO - [2024-04-02T09:13:54.232+0000] {dag.py:2742} INFO - Sync 1 DAGs
[2024-04-02T09:13:54.248+0000] {logging_mixin.py:150} INFO - [2024-04-02T09:13:54.247+0000] {dag.py:3504} INFO - Setting next_dagrun for example_skip_dag to 2024-04-01T09:13:54.247710+00:00, run_after=2024-04-02T09:13:54.247710+00:00
[2024-04-02T09:13:54.284+0000] {processor.py:179} INFO - Processing /usr/local/python/3.10.13/lib/python3.10/site-packages/airflow/example_dags/example_skip_dag.py took 0.074 seconds
[2024-04-02T09:14:47.329+0000] {processor.py:157} INFO - Started process (PID=20792) to work on /usr/local/python/3.10.13/lib/python3.10/site-packages/airflow/example_dags/example_skip_dag.py
[2024-04-02T09:14:47.330+0000] {processor.py:826} INFO - Processing file /usr/local/python/3.10.13/lib/python3.10/site-packages/airflow/example_dags/example_skip_dag.py for tasks to queue
[2024-04-02T09:14:47.332+0000] {logging_mixin.py:150} INFO - [2024-04-02T09:14:47.331+0000] {dagbag.py:541} INFO - Filling up the DagBag from /usr/local/python/3.10.13/lib/python3.10/site-packages/airflow/example_dags/example_skip_dag.py
[2024-04-02T09:14:47.340+0000] {processor.py:836} INFO - DAG(s) dict_keys(['example_skip_dag']) retrieved from /usr/local/python/3.10.13/lib/python3.10/site-packages/airflow/example_dags/example_skip_dag.py
[2024-04-02T09:14:47.361+0000] {logging_mixin.py:150} INFO - [2024-04-02T09:14:47.360+0000] {dag.py:2742} INFO - Sync 1 DAGs
[2024-04-02T09:14:47.384+0000] {logging_mixin.py:150} INFO - [2024-04-02T09:14:47.384+0000] {dag.py:3504} INFO - Setting next_dagrun for example_skip_dag to 2024-04-01T09:14:47.384223+00:00, run_after=2024-04-02T09:14:47.384223+00:00
[2024-04-02T09:14:47.430+0000] {processor.py:179} INFO - Processing /usr/local/python/3.10.13/lib/python3.10/site-packages/airflow/example_dags/example_skip_dag.py took 0.104 seconds
[2024-04-02T09:15:38.943+0000] {processor.py:157} INFO - Started process (PID=21149) to work on /usr/local/python/3.10.13/lib/python3.10/site-packages/airflow/example_dags/example_skip_dag.py
[2024-04-02T09:15:38.943+0000] {processor.py:826} INFO - Processing file /usr/local/python/3.10.13/lib/python3.10/site-packages/airflow/example_dags/example_skip_dag.py for tasks to queue
[2024-04-02T09:15:38.944+0000] {logging_mixin.py:150} INFO - [2024-04-02T09:15:38.944+0000] {dagbag.py:541} INFO - Filling up the DagBag from /usr/local/python/3.10.13/lib/python3.10/site-packages/airflow/example_dags/example_skip_dag.py
[2024-04-02T09:15:38.950+0000] {processor.py:836} INFO - DAG(s) dict_keys(['example_skip_dag']) retrieved from /usr/local/python/3.10.13/lib/python3.10/site-packages/airflow/example_dags/example_skip_dag.py
[2024-04-02T09:15:38.962+0000] {logging_mixin.py:150} INFO - [2024-04-02T09:15:38.962+0000] {dag.py:2742} INFO - Sync 1 DAGs
[2024-04-02T09:15:38.978+0000] {logging_mixin.py:150} INFO - [2024-04-02T09:15:38.977+0000] {dag.py:3504} INFO - Setting next_dagrun for example_skip_dag to 2024-04-01T09:15:38.977802+00:00, run_after=2024-04-02T09:15:38.977802+00:00
[2024-04-02T09:15:39.015+0000] {processor.py:179} INFO - Processing /usr/local/python/3.10.13/lib/python3.10/site-packages/airflow/example_dags/example_skip_dag.py took 0.075 seconds
[2024-04-02T09:16:36.562+0000] {processor.py:157} INFO - Started process (PID=21544) to work on /usr/local/python/3.10.13/lib/python3.10/site-packages/airflow/example_dags/example_skip_dag.py
[2024-04-02T09:16:36.563+0000] {processor.py:826} INFO - Processing file /usr/local/python/3.10.13/lib/python3.10/site-packages/airflow/example_dags/example_skip_dag.py for tasks to queue
[2024-04-02T09:16:36.563+0000] {logging_mixin.py:150} INFO - [2024-04-02T09:16:36.563+0000] {dagbag.py:541} INFO - Filling up the DagBag from /usr/local/python/3.10.13/lib/python3.10/site-packages/airflow/example_dags/example_skip_dag.py
[2024-04-02T09:16:36.569+0000] {processor.py:836} INFO - DAG(s) dict_keys(['example_skip_dag']) retrieved from /usr/local/python/3.10.13/lib/python3.10/site-packages/airflow/example_dags/example_skip_dag.py
[2024-04-02T09:16:36.581+0000] {logging_mixin.py:150} INFO - [2024-04-02T09:16:36.581+0000] {dag.py:2742} INFO - Sync 1 DAGs
[2024-04-02T09:16:36.596+0000] {logging_mixin.py:150} INFO - [2024-04-02T09:16:36.596+0000] {dag.py:3504} INFO - Setting next_dagrun for example_skip_dag to 2024-04-01T09:16:36.596140+00:00, run_after=2024-04-02T09:16:36.596140+00:00
[2024-04-02T09:16:36.636+0000] {processor.py:179} INFO - Processing /usr/local/python/3.10.13/lib/python3.10/site-packages/airflow/example_dags/example_skip_dag.py took 0.076 seconds
[2024-04-02T09:17:36.430+0000] {processor.py:157} INFO - Started process (PID=21956) to work on /usr/local/python/3.10.13/lib/python3.10/site-packages/airflow/example_dags/example_skip_dag.py
[2024-04-02T09:17:36.431+0000] {processor.py:826} INFO - Processing file /usr/local/python/3.10.13/lib/python3.10/site-packages/airflow/example_dags/example_skip_dag.py for tasks to queue
[2024-04-02T09:17:36.431+0000] {logging_mixin.py:150} INFO - [2024-04-02T09:17:36.431+0000] {dagbag.py:541} INFO - Filling up the DagBag from /usr/local/python/3.10.13/lib/python3.10/site-packages/airflow/example_dags/example_skip_dag.py
[2024-04-02T09:17:36.437+0000] {processor.py:836} INFO - DAG(s) dict_keys(['example_skip_dag']) retrieved from /usr/local/python/3.10.13/lib/python3.10/site-packages/airflow/example_dags/example_skip_dag.py
[2024-04-02T09:17:36.449+0000] {logging_mixin.py:150} INFO - [2024-04-02T09:17:36.449+0000] {dag.py:2742} INFO - Sync 1 DAGs
[2024-04-02T09:17:36.465+0000] {logging_mixin.py:150} INFO - [2024-04-02T09:17:36.465+0000] {dag.py:3504} INFO - Setting next_dagrun for example_skip_dag to 2024-04-01T09:17:36.464987+00:00, run_after=2024-04-02T09:17:36.464987+00:00
[2024-04-02T09:17:36.505+0000] {processor.py:179} INFO - Processing /usr/local/python/3.10.13/lib/python3.10/site-packages/airflow/example_dags/example_skip_dag.py took 0.077 seconds
[2024-04-02T09:18:34.879+0000] {processor.py:157} INFO - Started process (PID=22360) to work on /usr/local/python/3.10.13/lib/python3.10/site-packages/airflow/example_dags/example_skip_dag.py
[2024-04-02T09:18:34.879+0000] {processor.py:826} INFO - Processing file /usr/local/python/3.10.13/lib/python3.10/site-packages/airflow/example_dags/example_skip_dag.py for tasks to queue
[2024-04-02T09:18:34.880+0000] {logging_mixin.py:150} INFO - [2024-04-02T09:18:34.880+0000] {dagbag.py:541} INFO - Filling up the DagBag from /usr/local/python/3.10.13/lib/python3.10/site-packages/airflow/example_dags/example_skip_dag.py
[2024-04-02T09:18:34.886+0000] {processor.py:836} INFO - DAG(s) dict_keys(['example_skip_dag']) retrieved from /usr/local/python/3.10.13/lib/python3.10/site-packages/airflow/example_dags/example_skip_dag.py
[2024-04-02T09:18:34.899+0000] {logging_mixin.py:150} INFO - [2024-04-02T09:18:34.899+0000] {dag.py:2742} INFO - Sync 1 DAGs
[2024-04-02T09:18:34.914+0000] {logging_mixin.py:150} INFO - [2024-04-02T09:18:34.914+0000] {dag.py:3504} INFO - Setting next_dagrun for example_skip_dag to 2024-04-01T09:18:34.914584+00:00, run_after=2024-04-02T09:18:34.914584+00:00
[2024-04-02T09:18:34.954+0000] {processor.py:179} INFO - Processing /usr/local/python/3.10.13/lib/python3.10/site-packages/airflow/example_dags/example_skip_dag.py took 0.078 seconds
[2024-04-02T09:19:33.252+0000] {processor.py:157} INFO - Started process (PID=22767) to work on /usr/local/python/3.10.13/lib/python3.10/site-packages/airflow/example_dags/example_skip_dag.py
[2024-04-02T09:19:33.253+0000] {processor.py:826} INFO - Processing file /usr/local/python/3.10.13/lib/python3.10/site-packages/airflow/example_dags/example_skip_dag.py for tasks to queue
[2024-04-02T09:19:33.254+0000] {logging_mixin.py:150} INFO - [2024-04-02T09:19:33.254+0000] {dagbag.py:541} INFO - Filling up the DagBag from /usr/local/python/3.10.13/lib/python3.10/site-packages/airflow/example_dags/example_skip_dag.py
[2024-04-02T09:19:33.260+0000] {processor.py:836} INFO - DAG(s) dict_keys(['example_skip_dag']) retrieved from /usr/local/python/3.10.13/lib/python3.10/site-packages/airflow/example_dags/example_skip_dag.py
[2024-04-02T09:19:33.274+0000] {logging_mixin.py:150} INFO - [2024-04-02T09:19:33.273+0000] {dag.py:2742} INFO - Sync 1 DAGs
[2024-04-02T09:19:33.289+0000] {logging_mixin.py:150} INFO - [2024-04-02T09:19:33.289+0000] {dag.py:3504} INFO - Setting next_dagrun for example_skip_dag to 2024-04-01T09:19:33.289186+00:00, run_after=2024-04-02T09:19:33.289186+00:00
[2024-04-02T09:19:33.328+0000] {processor.py:179} INFO - Processing /usr/local/python/3.10.13/lib/python3.10/site-packages/airflow/example_dags/example_skip_dag.py took 0.080 seconds
[2024-04-02T09:20:25.395+0000] {processor.py:157} INFO - Started process (PID=23123) to work on /usr/local/python/3.10.13/lib/python3.10/site-packages/airflow/example_dags/example_skip_dag.py
[2024-04-02T09:20:25.396+0000] {processor.py:826} INFO - Processing file /usr/local/python/3.10.13/lib/python3.10/site-packages/airflow/example_dags/example_skip_dag.py for tasks to queue
[2024-04-02T09:20:25.397+0000] {logging_mixin.py:150} INFO - [2024-04-02T09:20:25.397+0000] {dagbag.py:541} INFO - Filling up the DagBag from /usr/local/python/3.10.13/lib/python3.10/site-packages/airflow/example_dags/example_skip_dag.py
[2024-04-02T09:20:25.403+0000] {processor.py:836} INFO - DAG(s) dict_keys(['example_skip_dag']) retrieved from /usr/local/python/3.10.13/lib/python3.10/site-packages/airflow/example_dags/example_skip_dag.py
[2024-04-02T09:20:25.415+0000] {logging_mixin.py:150} INFO - [2024-04-02T09:20:25.415+0000] {dag.py:2742} INFO - Sync 1 DAGs
[2024-04-02T09:20:25.430+0000] {logging_mixin.py:150} INFO - [2024-04-02T09:20:25.430+0000] {dag.py:3504} INFO - Setting next_dagrun for example_skip_dag to 2024-04-01T09:20:25.430092+00:00, run_after=2024-04-02T09:20:25.430092+00:00
[2024-04-02T09:20:25.471+0000] {processor.py:179} INFO - Processing /usr/local/python/3.10.13/lib/python3.10/site-packages/airflow/example_dags/example_skip_dag.py took 0.078 seconds
[2024-04-02T09:21:23.208+0000] {processor.py:157} INFO - Started process (PID=23530) to work on /usr/local/python/3.10.13/lib/python3.10/site-packages/airflow/example_dags/example_skip_dag.py
[2024-04-02T09:21:23.209+0000] {processor.py:826} INFO - Processing file /usr/local/python/3.10.13/lib/python3.10/site-packages/airflow/example_dags/example_skip_dag.py for tasks to queue
[2024-04-02T09:21:23.210+0000] {logging_mixin.py:150} INFO - [2024-04-02T09:21:23.210+0000] {dagbag.py:541} INFO - Filling up the DagBag from /usr/local/python/3.10.13/lib/python3.10/site-packages/airflow/example_dags/example_skip_dag.py
[2024-04-02T09:21:23.219+0000] {processor.py:836} INFO - DAG(s) dict_keys(['example_skip_dag']) retrieved from /usr/local/python/3.10.13/lib/python3.10/site-packages/airflow/example_dags/example_skip_dag.py
[2024-04-02T09:21:23.239+0000] {logging_mixin.py:150} INFO - [2024-04-02T09:21:23.238+0000] {dag.py:2742} INFO - Sync 1 DAGs
[2024-04-02T09:21:23.262+0000] {logging_mixin.py:150} INFO - [2024-04-02T09:21:23.262+0000] {dag.py:3504} INFO - Setting next_dagrun for example_skip_dag to 2024-04-01T09:21:23.262289+00:00, run_after=2024-04-02T09:21:23.262289+00:00
[2024-04-02T09:21:23.308+0000] {processor.py:179} INFO - Processing /usr/local/python/3.10.13/lib/python3.10/site-packages/airflow/example_dags/example_skip_dag.py took 0.104 seconds
[2024-04-02T09:22:18.411+0000] {processor.py:157} INFO - Started process (PID=23915) to work on /usr/local/python/3.10.13/lib/python3.10/site-packages/airflow/example_dags/example_skip_dag.py
[2024-04-02T09:22:18.419+0000] {processor.py:826} INFO - Processing file /usr/local/python/3.10.13/lib/python3.10/site-packages/airflow/example_dags/example_skip_dag.py for tasks to queue
[2024-04-02T09:22:18.420+0000] {logging_mixin.py:150} INFO - [2024-04-02T09:22:18.420+0000] {dagbag.py:541} INFO - Filling up the DagBag from /usr/local/python/3.10.13/lib/python3.10/site-packages/airflow/example_dags/example_skip_dag.py
[2024-04-02T09:22:18.429+0000] {processor.py:836} INFO - DAG(s) dict_keys(['example_skip_dag']) retrieved from /usr/local/python/3.10.13/lib/python3.10/site-packages/airflow/example_dags/example_skip_dag.py
[2024-04-02T09:22:18.469+0000] {logging_mixin.py:150} INFO - [2024-04-02T09:22:18.469+0000] {dag.py:2742} INFO - Sync 1 DAGs
[2024-04-02T09:22:18.504+0000] {logging_mixin.py:150} INFO - [2024-04-02T09:22:18.504+0000] {dag.py:3504} INFO - Setting next_dagrun for example_skip_dag to 2024-04-01T09:22:18.504190+00:00, run_after=2024-04-02T09:22:18.504190+00:00
[2024-04-02T09:22:18.550+0000] {processor.py:179} INFO - Processing /usr/local/python/3.10.13/lib/python3.10/site-packages/airflow/example_dags/example_skip_dag.py took 0.150 seconds
[2024-04-02T09:23:17.765+0000] {processor.py:157} INFO - Started process (PID=24307) to work on /usr/local/python/3.10.13/lib/python3.10/site-packages/airflow/example_dags/example_skip_dag.py
[2024-04-02T09:23:17.766+0000] {processor.py:826} INFO - Processing file /usr/local/python/3.10.13/lib/python3.10/site-packages/airflow/example_dags/example_skip_dag.py for tasks to queue
[2024-04-02T09:23:17.767+0000] {logging_mixin.py:150} INFO - [2024-04-02T09:23:17.766+0000] {dagbag.py:541} INFO - Filling up the DagBag from /usr/local/python/3.10.13/lib/python3.10/site-packages/airflow/example_dags/example_skip_dag.py
[2024-04-02T09:23:17.772+0000] {processor.py:836} INFO - DAG(s) dict_keys(['example_skip_dag']) retrieved from /usr/local/python/3.10.13/lib/python3.10/site-packages/airflow/example_dags/example_skip_dag.py
[2024-04-02T09:23:17.784+0000] {logging_mixin.py:150} INFO - [2024-04-02T09:23:17.784+0000] {dag.py:2742} INFO - Sync 1 DAGs
[2024-04-02T09:23:17.800+0000] {logging_mixin.py:150} INFO - [2024-04-02T09:23:17.800+0000] {dag.py:3504} INFO - Setting next_dagrun for example_skip_dag to 2024-04-01T09:23:17.800236+00:00, run_after=2024-04-02T09:23:17.800236+00:00
[2024-04-02T09:23:17.840+0000] {processor.py:179} INFO - Processing /usr/local/python/3.10.13/lib/python3.10/site-packages/airflow/example_dags/example_skip_dag.py took 0.077 seconds
[2024-04-02T09:24:18.823+0000] {processor.py:157} INFO - Started process (PID=24718) to work on /usr/local/python/3.10.13/lib/python3.10/site-packages/airflow/example_dags/example_skip_dag.py
[2024-04-02T09:24:18.824+0000] {processor.py:826} INFO - Processing file /usr/local/python/3.10.13/lib/python3.10/site-packages/airflow/example_dags/example_skip_dag.py for tasks to queue
[2024-04-02T09:24:18.825+0000] {logging_mixin.py:150} INFO - [2024-04-02T09:24:18.824+0000] {dagbag.py:541} INFO - Filling up the DagBag from /usr/local/python/3.10.13/lib/python3.10/site-packages/airflow/example_dags/example_skip_dag.py
[2024-04-02T09:24:18.833+0000] {processor.py:836} INFO - DAG(s) dict_keys(['example_skip_dag']) retrieved from /usr/local/python/3.10.13/lib/python3.10/site-packages/airflow/example_dags/example_skip_dag.py
[2024-04-02T09:24:18.852+0000] {logging_mixin.py:150} INFO - [2024-04-02T09:24:18.852+0000] {dag.py:2742} INFO - Sync 1 DAGs
[2024-04-02T09:24:18.875+0000] {logging_mixin.py:150} INFO - [2024-04-02T09:24:18.875+0000] {dag.py:3504} INFO - Setting next_dagrun for example_skip_dag to 2024-04-01T09:24:18.874942+00:00, run_after=2024-04-02T09:24:18.874942+00:00
[2024-04-02T09:24:18.922+0000] {processor.py:179} INFO - Processing /usr/local/python/3.10.13/lib/python3.10/site-packages/airflow/example_dags/example_skip_dag.py took 0.103 seconds
[2024-04-02T09:24:59.576+0000] {processor.py:157} INFO - Started process (PID=25022) to work on /usr/local/python/3.10.13/lib/python3.10/site-packages/airflow/example_dags/example_skip_dag.py
[2024-04-02T09:24:59.577+0000] {processor.py:826} INFO - Processing file /usr/local/python/3.10.13/lib/python3.10/site-packages/airflow/example_dags/example_skip_dag.py for tasks to queue
[2024-04-02T09:24:59.578+0000] {logging_mixin.py:150} INFO - [2024-04-02T09:24:59.578+0000] {dagbag.py:541} INFO - Filling up the DagBag from /usr/local/python/3.10.13/lib/python3.10/site-packages/airflow/example_dags/example_skip_dag.py
[2024-04-02T09:24:59.588+0000] {processor.py:836} INFO - DAG(s) dict_keys(['example_skip_dag']) retrieved from /usr/local/python/3.10.13/lib/python3.10/site-packages/airflow/example_dags/example_skip_dag.py
[2024-04-02T09:24:59.606+0000] {logging_mixin.py:150} INFO - [2024-04-02T09:24:59.605+0000] {dag.py:2742} INFO - Sync 1 DAGs
[2024-04-02T09:24:59.628+0000] {logging_mixin.py:150} INFO - [2024-04-02T09:24:59.627+0000] {dag.py:3504} INFO - Setting next_dagrun for example_skip_dag to 2024-04-01T09:24:59.627667+00:00, run_after=2024-04-02T09:24:59.627667+00:00
[2024-04-02T09:24:59.667+0000] {processor.py:179} INFO - Processing /usr/local/python/3.10.13/lib/python3.10/site-packages/airflow/example_dags/example_skip_dag.py took 0.094 seconds
[2024-04-02T09:25:40.906+0000] {processor.py:157} INFO - Started process (PID=25303) to work on /usr/local/python/3.10.13/lib/python3.10/site-packages/airflow/example_dags/example_skip_dag.py
[2024-04-02T09:25:40.907+0000] {processor.py:826} INFO - Processing file /usr/local/python/3.10.13/lib/python3.10/site-packages/airflow/example_dags/example_skip_dag.py for tasks to queue
[2024-04-02T09:25:40.908+0000] {logging_mixin.py:150} INFO - [2024-04-02T09:25:40.908+0000] {dagbag.py:541} INFO - Filling up the DagBag from /usr/local/python/3.10.13/lib/python3.10/site-packages/airflow/example_dags/example_skip_dag.py
[2024-04-02T09:25:40.914+0000] {processor.py:836} INFO - DAG(s) dict_keys(['example_skip_dag']) retrieved from /usr/local/python/3.10.13/lib/python3.10/site-packages/airflow/example_dags/example_skip_dag.py
[2024-04-02T09:25:40.926+0000] {logging_mixin.py:150} INFO - [2024-04-02T09:25:40.926+0000] {dag.py:2742} INFO - Sync 1 DAGs
[2024-04-02T09:25:40.941+0000] {logging_mixin.py:150} INFO - [2024-04-02T09:25:40.941+0000] {dag.py:3504} INFO - Setting next_dagrun for example_skip_dag to 2024-04-01T09:25:40.941263+00:00, run_after=2024-04-02T09:25:40.941263+00:00
[2024-04-02T09:25:40.984+0000] {processor.py:179} INFO - Processing /usr/local/python/3.10.13/lib/python3.10/site-packages/airflow/example_dags/example_skip_dag.py took 0.080 seconds
[2024-04-02T09:26:26.890+0000] {processor.py:157} INFO - Started process (PID=25616) to work on /usr/local/python/3.10.13/lib/python3.10/site-packages/airflow/example_dags/example_skip_dag.py
[2024-04-02T09:26:26.891+0000] {processor.py:826} INFO - Processing file /usr/local/python/3.10.13/lib/python3.10/site-packages/airflow/example_dags/example_skip_dag.py for tasks to queue
[2024-04-02T09:26:26.892+0000] {logging_mixin.py:150} INFO - [2024-04-02T09:26:26.892+0000] {dagbag.py:541} INFO - Filling up the DagBag from /usr/local/python/3.10.13/lib/python3.10/site-packages/airflow/example_dags/example_skip_dag.py
[2024-04-02T09:26:26.901+0000] {processor.py:836} INFO - DAG(s) dict_keys(['example_skip_dag']) retrieved from /usr/local/python/3.10.13/lib/python3.10/site-packages/airflow/example_dags/example_skip_dag.py
[2024-04-02T09:26:26.917+0000] {logging_mixin.py:150} INFO - [2024-04-02T09:26:26.917+0000] {dag.py:2742} INFO - Sync 1 DAGs
[2024-04-02T09:26:26.933+0000] {logging_mixin.py:150} INFO - [2024-04-02T09:26:26.933+0000] {dag.py:3504} INFO - Setting next_dagrun for example_skip_dag to 2024-04-01T09:26:26.933156+00:00, run_after=2024-04-02T09:26:26.933156+00:00
[2024-04-02T09:26:26.972+0000] {processor.py:179} INFO - Processing /usr/local/python/3.10.13/lib/python3.10/site-packages/airflow/example_dags/example_skip_dag.py took 0.085 seconds
[2024-04-02T09:27:25.379+0000] {processor.py:157} INFO - Started process (PID=26024) to work on /usr/local/python/3.10.13/lib/python3.10/site-packages/airflow/example_dags/example_skip_dag.py
[2024-04-02T09:27:25.380+0000] {processor.py:826} INFO - Processing file /usr/local/python/3.10.13/lib/python3.10/site-packages/airflow/example_dags/example_skip_dag.py for tasks to queue
[2024-04-02T09:27:25.382+0000] {logging_mixin.py:150} INFO - [2024-04-02T09:27:25.381+0000] {dagbag.py:541} INFO - Filling up the DagBag from /usr/local/python/3.10.13/lib/python3.10/site-packages/airflow/example_dags/example_skip_dag.py
[2024-04-02T09:27:25.390+0000] {processor.py:836} INFO - DAG(s) dict_keys(['example_skip_dag']) retrieved from /usr/local/python/3.10.13/lib/python3.10/site-packages/airflow/example_dags/example_skip_dag.py
[2024-04-02T09:27:25.408+0000] {logging_mixin.py:150} INFO - [2024-04-02T09:27:25.408+0000] {dag.py:2742} INFO - Sync 1 DAGs
[2024-04-02T09:27:25.431+0000] {logging_mixin.py:150} INFO - [2024-04-02T09:27:25.431+0000] {dag.py:3504} INFO - Setting next_dagrun for example_skip_dag to 2024-04-01T09:27:25.430938+00:00, run_after=2024-04-02T09:27:25.430938+00:00
[2024-04-02T09:27:25.478+0000] {processor.py:179} INFO - Processing /usr/local/python/3.10.13/lib/python3.10/site-packages/airflow/example_dags/example_skip_dag.py took 0.102 seconds
[2024-04-02T09:28:28.334+0000] {processor.py:157} INFO - Started process (PID=26440) to work on /usr/local/python/3.10.13/lib/python3.10/site-packages/airflow/example_dags/example_skip_dag.py
[2024-04-02T09:28:28.340+0000] {processor.py:826} INFO - Processing file /usr/local/python/3.10.13/lib/python3.10/site-packages/airflow/example_dags/example_skip_dag.py for tasks to queue
[2024-04-02T09:28:28.346+0000] {logging_mixin.py:150} INFO - [2024-04-02T09:28:28.341+0000] {dagbag.py:541} INFO - Filling up the DagBag from /usr/local/python/3.10.13/lib/python3.10/site-packages/airflow/example_dags/example_skip_dag.py
[2024-04-02T09:28:28.373+0000] {processor.py:836} INFO - DAG(s) dict_keys(['example_skip_dag']) retrieved from /usr/local/python/3.10.13/lib/python3.10/site-packages/airflow/example_dags/example_skip_dag.py
[2024-04-02T09:28:28.459+0000] {logging_mixin.py:150} INFO - [2024-04-02T09:28:28.458+0000] {dag.py:2742} INFO - Sync 1 DAGs
[2024-04-02T09:28:28.751+0000] {logging_mixin.py:150} INFO - [2024-04-02T09:28:28.751+0000] {dag.py:3504} INFO - Setting next_dagrun for example_skip_dag to 2024-04-01T09:28:28.751052+00:00, run_after=2024-04-02T09:28:28.751052+00:00
[2024-04-02T09:28:28.812+0000] {processor.py:179} INFO - Processing /usr/local/python/3.10.13/lib/python3.10/site-packages/airflow/example_dags/example_skip_dag.py took 0.486 seconds
[2024-04-02T09:29:30.299+0000] {processor.py:157} INFO - Started process (PID=26877) to work on /usr/local/python/3.10.13/lib/python3.10/site-packages/airflow/example_dags/example_skip_dag.py
[2024-04-02T09:29:30.299+0000] {processor.py:826} INFO - Processing file /usr/local/python/3.10.13/lib/python3.10/site-packages/airflow/example_dags/example_skip_dag.py for tasks to queue
[2024-04-02T09:29:30.300+0000] {logging_mixin.py:150} INFO - [2024-04-02T09:29:30.300+0000] {dagbag.py:541} INFO - Filling up the DagBag from /usr/local/python/3.10.13/lib/python3.10/site-packages/airflow/example_dags/example_skip_dag.py
[2024-04-02T09:29:30.306+0000] {processor.py:836} INFO - DAG(s) dict_keys(['example_skip_dag']) retrieved from /usr/local/python/3.10.13/lib/python3.10/site-packages/airflow/example_dags/example_skip_dag.py
[2024-04-02T09:29:30.318+0000] {logging_mixin.py:150} INFO - [2024-04-02T09:29:30.318+0000] {dag.py:2742} INFO - Sync 1 DAGs
[2024-04-02T09:29:30.336+0000] {logging_mixin.py:150} INFO - [2024-04-02T09:29:30.336+0000] {dag.py:3504} INFO - Setting next_dagrun for example_skip_dag to 2024-04-01T09:29:30.336038+00:00, run_after=2024-04-02T09:29:30.336038+00:00
[2024-04-02T09:29:30.377+0000] {processor.py:179} INFO - Processing /usr/local/python/3.10.13/lib/python3.10/site-packages/airflow/example_dags/example_skip_dag.py took 0.081 seconds
[2024-04-02T09:30:19.408+0000] {processor.py:157} INFO - Started process (PID=27259) to work on /usr/local/python/3.10.13/lib/python3.10/site-packages/airflow/example_dags/example_skip_dag.py
[2024-04-02T09:30:19.409+0000] {processor.py:826} INFO - Processing file /usr/local/python/3.10.13/lib/python3.10/site-packages/airflow/example_dags/example_skip_dag.py for tasks to queue
[2024-04-02T09:30:19.410+0000] {logging_mixin.py:150} INFO - [2024-04-02T09:30:19.410+0000] {dagbag.py:541} INFO - Filling up the DagBag from /usr/local/python/3.10.13/lib/python3.10/site-packages/airflow/example_dags/example_skip_dag.py
[2024-04-02T09:30:19.416+0000] {processor.py:836} INFO - DAG(s) dict_keys(['example_skip_dag']) retrieved from /usr/local/python/3.10.13/lib/python3.10/site-packages/airflow/example_dags/example_skip_dag.py
[2024-04-02T09:30:19.428+0000] {logging_mixin.py:150} INFO - [2024-04-02T09:30:19.428+0000] {dag.py:2742} INFO - Sync 1 DAGs
[2024-04-02T09:30:19.443+0000] {logging_mixin.py:150} INFO - [2024-04-02T09:30:19.443+0000] {dag.py:3504} INFO - Setting next_dagrun for example_skip_dag to 2024-04-01T09:30:19.443412+00:00, run_after=2024-04-02T09:30:19.443412+00:00
[2024-04-02T09:30:19.485+0000] {processor.py:179} INFO - Processing /usr/local/python/3.10.13/lib/python3.10/site-packages/airflow/example_dags/example_skip_dag.py took 0.079 seconds
[2024-04-02T09:31:19.195+0000] {processor.py:157} INFO - Started process (PID=27642) to work on /usr/local/python/3.10.13/lib/python3.10/site-packages/airflow/example_dags/example_skip_dag.py
[2024-04-02T09:31:19.196+0000] {processor.py:826} INFO - Processing file /usr/local/python/3.10.13/lib/python3.10/site-packages/airflow/example_dags/example_skip_dag.py for tasks to queue
[2024-04-02T09:31:19.197+0000] {logging_mixin.py:150} INFO - [2024-04-02T09:31:19.196+0000] {dagbag.py:541} INFO - Filling up the DagBag from /usr/local/python/3.10.13/lib/python3.10/site-packages/airflow/example_dags/example_skip_dag.py
[2024-04-02T09:31:19.202+0000] {processor.py:836} INFO - DAG(s) dict_keys(['example_skip_dag']) retrieved from /usr/local/python/3.10.13/lib/python3.10/site-packages/airflow/example_dags/example_skip_dag.py
[2024-04-02T09:31:19.215+0000] {logging_mixin.py:150} INFO - [2024-04-02T09:31:19.215+0000] {dag.py:2742} INFO - Sync 1 DAGs
[2024-04-02T09:31:19.230+0000] {logging_mixin.py:150} INFO - [2024-04-02T09:31:19.230+0000] {dag.py:3504} INFO - Setting next_dagrun for example_skip_dag to 2024-04-01T09:31:19.229836+00:00, run_after=2024-04-02T09:31:19.229836+00:00
[2024-04-02T09:31:19.271+0000] {processor.py:179} INFO - Processing /usr/local/python/3.10.13/lib/python3.10/site-packages/airflow/example_dags/example_skip_dag.py took 0.078 seconds
[2024-04-02T09:31:58.702+0000] {processor.py:157} INFO - Started process (PID=27916) to work on /usr/local/python/3.10.13/lib/python3.10/site-packages/airflow/example_dags/example_skip_dag.py
[2024-04-02T09:31:58.703+0000] {processor.py:826} INFO - Processing file /usr/local/python/3.10.13/lib/python3.10/site-packages/airflow/example_dags/example_skip_dag.py for tasks to queue
[2024-04-02T09:31:58.703+0000] {logging_mixin.py:150} INFO - [2024-04-02T09:31:58.703+0000] {dagbag.py:541} INFO - Filling up the DagBag from /usr/local/python/3.10.13/lib/python3.10/site-packages/airflow/example_dags/example_skip_dag.py
[2024-04-02T09:31:58.709+0000] {processor.py:836} INFO - DAG(s) dict_keys(['example_skip_dag']) retrieved from /usr/local/python/3.10.13/lib/python3.10/site-packages/airflow/example_dags/example_skip_dag.py
[2024-04-02T09:31:58.722+0000] {logging_mixin.py:150} INFO - [2024-04-02T09:31:58.722+0000] {dag.py:2742} INFO - Sync 1 DAGs
[2024-04-02T09:31:58.737+0000] {logging_mixin.py:150} INFO - [2024-04-02T09:31:58.737+0000] {dag.py:3504} INFO - Setting next_dagrun for example_skip_dag to 2024-04-01T09:31:58.737319+00:00, run_after=2024-04-02T09:31:58.737319+00:00
[2024-04-02T09:31:58.778+0000] {processor.py:179} INFO - Processing /usr/local/python/3.10.13/lib/python3.10/site-packages/airflow/example_dags/example_skip_dag.py took 0.078 seconds
[2024-04-02T09:32:57.163+0000] {processor.py:157} INFO - Started process (PID=28320) to work on /usr/local/python/3.10.13/lib/python3.10/site-packages/airflow/example_dags/example_skip_dag.py
[2024-04-02T09:32:57.164+0000] {processor.py:826} INFO - Processing file /usr/local/python/3.10.13/lib/python3.10/site-packages/airflow/example_dags/example_skip_dag.py for tasks to queue
[2024-04-02T09:32:57.165+0000] {logging_mixin.py:150} INFO - [2024-04-02T09:32:57.164+0000] {dagbag.py:541} INFO - Filling up the DagBag from /usr/local/python/3.10.13/lib/python3.10/site-packages/airflow/example_dags/example_skip_dag.py
[2024-04-02T09:32:57.171+0000] {processor.py:836} INFO - DAG(s) dict_keys(['example_skip_dag']) retrieved from /usr/local/python/3.10.13/lib/python3.10/site-packages/airflow/example_dags/example_skip_dag.py
[2024-04-02T09:32:57.183+0000] {logging_mixin.py:150} INFO - [2024-04-02T09:32:57.183+0000] {dag.py:2742} INFO - Sync 1 DAGs
[2024-04-02T09:32:57.198+0000] {logging_mixin.py:150} INFO - [2024-04-02T09:32:57.198+0000] {dag.py:3504} INFO - Setting next_dagrun for example_skip_dag to 2024-04-01T09:32:57.198322+00:00, run_after=2024-04-02T09:32:57.198322+00:00
[2024-04-02T09:32:57.239+0000] {processor.py:179} INFO - Processing /usr/local/python/3.10.13/lib/python3.10/site-packages/airflow/example_dags/example_skip_dag.py took 0.078 seconds
[2024-04-02T09:33:39.522+0000] {processor.py:157} INFO - Started process (PID=28606) to work on /usr/local/python/3.10.13/lib/python3.10/site-packages/airflow/example_dags/example_skip_dag.py
[2024-04-02T09:33:39.523+0000] {processor.py:826} INFO - Processing file /usr/local/python/3.10.13/lib/python3.10/site-packages/airflow/example_dags/example_skip_dag.py for tasks to queue
[2024-04-02T09:33:39.524+0000] {logging_mixin.py:150} INFO - [2024-04-02T09:33:39.524+0000] {dagbag.py:541} INFO - Filling up the DagBag from /usr/local/python/3.10.13/lib/python3.10/site-packages/airflow/example_dags/example_skip_dag.py
[2024-04-02T09:33:39.533+0000] {processor.py:836} INFO - DAG(s) dict_keys(['example_skip_dag']) retrieved from /usr/local/python/3.10.13/lib/python3.10/site-packages/airflow/example_dags/example_skip_dag.py
[2024-04-02T09:33:39.553+0000] {logging_mixin.py:150} INFO - [2024-04-02T09:33:39.553+0000] {dag.py:2742} INFO - Sync 1 DAGs
[2024-04-02T09:33:39.597+0000] {logging_mixin.py:150} INFO - [2024-04-02T09:33:39.597+0000] {dag.py:3504} INFO - Setting next_dagrun for example_skip_dag to 2024-04-01T09:33:39.597226+00:00, run_after=2024-04-02T09:33:39.597226+00:00
[2024-04-02T09:33:39.656+0000] {processor.py:179} INFO - Processing /usr/local/python/3.10.13/lib/python3.10/site-packages/airflow/example_dags/example_skip_dag.py took 0.137 seconds
[2024-04-02T09:34:33.883+0000] {processor.py:157} INFO - Started process (PID=28998) to work on /usr/local/python/3.10.13/lib/python3.10/site-packages/airflow/example_dags/example_skip_dag.py
[2024-04-02T09:34:33.884+0000] {processor.py:826} INFO - Processing file /usr/local/python/3.10.13/lib/python3.10/site-packages/airflow/example_dags/example_skip_dag.py for tasks to queue
[2024-04-02T09:34:33.884+0000] {logging_mixin.py:150} INFO - [2024-04-02T09:34:33.884+0000] {dagbag.py:541} INFO - Filling up the DagBag from /usr/local/python/3.10.13/lib/python3.10/site-packages/airflow/example_dags/example_skip_dag.py
[2024-04-02T09:34:33.890+0000] {processor.py:836} INFO - DAG(s) dict_keys(['example_skip_dag']) retrieved from /usr/local/python/3.10.13/lib/python3.10/site-packages/airflow/example_dags/example_skip_dag.py
[2024-04-02T09:34:33.902+0000] {logging_mixin.py:150} INFO - [2024-04-02T09:34:33.902+0000] {dag.py:2742} INFO - Sync 1 DAGs
[2024-04-02T09:34:33.918+0000] {logging_mixin.py:150} INFO - [2024-04-02T09:34:33.917+0000] {dag.py:3504} INFO - Setting next_dagrun for example_skip_dag to 2024-04-01T09:34:33.917719+00:00, run_after=2024-04-02T09:34:33.917719+00:00
[2024-04-02T09:34:33.956+0000] {processor.py:179} INFO - Processing /usr/local/python/3.10.13/lib/python3.10/site-packages/airflow/example_dags/example_skip_dag.py took 0.076 seconds
[2024-04-02T09:35:31.851+0000] {processor.py:157} INFO - Started process (PID=29406) to work on /usr/local/python/3.10.13/lib/python3.10/site-packages/airflow/example_dags/example_skip_dag.py
[2024-04-02T09:35:31.852+0000] {processor.py:826} INFO - Processing file /usr/local/python/3.10.13/lib/python3.10/site-packages/airflow/example_dags/example_skip_dag.py for tasks to queue
[2024-04-02T09:35:31.853+0000] {logging_mixin.py:150} INFO - [2024-04-02T09:35:31.853+0000] {dagbag.py:541} INFO - Filling up the DagBag from /usr/local/python/3.10.13/lib/python3.10/site-packages/airflow/example_dags/example_skip_dag.py
[2024-04-02T09:35:31.861+0000] {processor.py:836} INFO - DAG(s) dict_keys(['example_skip_dag']) retrieved from /usr/local/python/3.10.13/lib/python3.10/site-packages/airflow/example_dags/example_skip_dag.py
[2024-04-02T09:35:31.881+0000] {logging_mixin.py:150} INFO - [2024-04-02T09:35:31.880+0000] {dag.py:2742} INFO - Sync 1 DAGs
[2024-04-02T09:35:31.903+0000] {logging_mixin.py:150} INFO - [2024-04-02T09:35:31.903+0000] {dag.py:3504} INFO - Setting next_dagrun for example_skip_dag to 2024-04-01T09:35:31.903262+00:00, run_after=2024-04-02T09:35:31.903262+00:00
[2024-04-02T09:35:31.958+0000] {processor.py:179} INFO - Processing /usr/local/python/3.10.13/lib/python3.10/site-packages/airflow/example_dags/example_skip_dag.py took 0.110 seconds
[2024-04-02T09:36:24.198+0000] {processor.py:157} INFO - Started process (PID=29761) to work on /usr/local/python/3.10.13/lib/python3.10/site-packages/airflow/example_dags/example_skip_dag.py
[2024-04-02T09:36:24.198+0000] {processor.py:826} INFO - Processing file /usr/local/python/3.10.13/lib/python3.10/site-packages/airflow/example_dags/example_skip_dag.py for tasks to queue
[2024-04-02T09:36:24.199+0000] {logging_mixin.py:150} INFO - [2024-04-02T09:36:24.199+0000] {dagbag.py:541} INFO - Filling up the DagBag from /usr/local/python/3.10.13/lib/python3.10/site-packages/airflow/example_dags/example_skip_dag.py
[2024-04-02T09:36:24.205+0000] {processor.py:836} INFO - DAG(s) dict_keys(['example_skip_dag']) retrieved from /usr/local/python/3.10.13/lib/python3.10/site-packages/airflow/example_dags/example_skip_dag.py
[2024-04-02T09:36:24.217+0000] {logging_mixin.py:150} INFO - [2024-04-02T09:36:24.217+0000] {dag.py:2742} INFO - Sync 1 DAGs
[2024-04-02T09:36:24.233+0000] {logging_mixin.py:150} INFO - [2024-04-02T09:36:24.233+0000] {dag.py:3504} INFO - Setting next_dagrun for example_skip_dag to 2024-04-01T09:36:24.233019+00:00, run_after=2024-04-02T09:36:24.233019+00:00
[2024-04-02T09:36:24.273+0000] {processor.py:179} INFO - Processing /usr/local/python/3.10.13/lib/python3.10/site-packages/airflow/example_dags/example_skip_dag.py took 0.078 seconds
[2024-04-02T09:37:22.430+0000] {processor.py:157} INFO - Started process (PID=30161) to work on /usr/local/python/3.10.13/lib/python3.10/site-packages/airflow/example_dags/example_skip_dag.py
[2024-04-02T09:37:22.431+0000] {processor.py:826} INFO - Processing file /usr/local/python/3.10.13/lib/python3.10/site-packages/airflow/example_dags/example_skip_dag.py for tasks to queue
[2024-04-02T09:37:22.433+0000] {logging_mixin.py:150} INFO - [2024-04-02T09:37:22.432+0000] {dagbag.py:541} INFO - Filling up the DagBag from /usr/local/python/3.10.13/lib/python3.10/site-packages/airflow/example_dags/example_skip_dag.py
[2024-04-02T09:37:22.442+0000] {processor.py:836} INFO - DAG(s) dict_keys(['example_skip_dag']) retrieved from /usr/local/python/3.10.13/lib/python3.10/site-packages/airflow/example_dags/example_skip_dag.py
[2024-04-02T09:37:22.461+0000] {logging_mixin.py:150} INFO - [2024-04-02T09:37:22.461+0000] {dag.py:2742} INFO - Sync 1 DAGs
[2024-04-02T09:37:22.480+0000] {logging_mixin.py:150} INFO - [2024-04-02T09:37:22.480+0000] {dag.py:3504} INFO - Setting next_dagrun for example_skip_dag to 2024-04-01T09:37:22.479906+00:00, run_after=2024-04-02T09:37:22.479906+00:00
[2024-04-02T09:37:22.522+0000] {processor.py:179} INFO - Processing /usr/local/python/3.10.13/lib/python3.10/site-packages/airflow/example_dags/example_skip_dag.py took 0.095 seconds
[2024-04-02T09:38:17.809+0000] {processor.py:157} INFO - Started process (PID=30527) to work on /usr/local/python/3.10.13/lib/python3.10/site-packages/airflow/example_dags/example_skip_dag.py
[2024-04-02T09:38:17.810+0000] {processor.py:826} INFO - Processing file /usr/local/python/3.10.13/lib/python3.10/site-packages/airflow/example_dags/example_skip_dag.py for tasks to queue
[2024-04-02T09:38:17.810+0000] {logging_mixin.py:150} INFO - [2024-04-02T09:38:17.810+0000] {dagbag.py:541} INFO - Filling up the DagBag from /usr/local/python/3.10.13/lib/python3.10/site-packages/airflow/example_dags/example_skip_dag.py
[2024-04-02T09:38:17.817+0000] {processor.py:836} INFO - DAG(s) dict_keys(['example_skip_dag']) retrieved from /usr/local/python/3.10.13/lib/python3.10/site-packages/airflow/example_dags/example_skip_dag.py
[2024-04-02T09:38:17.829+0000] {logging_mixin.py:150} INFO - [2024-04-02T09:38:17.829+0000] {dag.py:2742} INFO - Sync 1 DAGs
[2024-04-02T09:38:17.845+0000] {logging_mixin.py:150} INFO - [2024-04-02T09:38:17.845+0000] {dag.py:3504} INFO - Setting next_dagrun for example_skip_dag to 2024-04-01T09:38:17.844799+00:00, run_after=2024-04-02T09:38:17.844799+00:00
[2024-04-02T09:38:17.885+0000] {processor.py:179} INFO - Processing /usr/local/python/3.10.13/lib/python3.10/site-packages/airflow/example_dags/example_skip_dag.py took 0.078 seconds
[2024-04-02T09:39:14.773+0000] {processor.py:157} INFO - Started process (PID=30927) to work on /usr/local/python/3.10.13/lib/python3.10/site-packages/airflow/example_dags/example_skip_dag.py
[2024-04-02T09:39:14.773+0000] {processor.py:826} INFO - Processing file /usr/local/python/3.10.13/lib/python3.10/site-packages/airflow/example_dags/example_skip_dag.py for tasks to queue
[2024-04-02T09:39:14.774+0000] {logging_mixin.py:150} INFO - [2024-04-02T09:39:14.774+0000] {dagbag.py:541} INFO - Filling up the DagBag from /usr/local/python/3.10.13/lib/python3.10/site-packages/airflow/example_dags/example_skip_dag.py
[2024-04-02T09:39:14.780+0000] {processor.py:836} INFO - DAG(s) dict_keys(['example_skip_dag']) retrieved from /usr/local/python/3.10.13/lib/python3.10/site-packages/airflow/example_dags/example_skip_dag.py
[2024-04-02T09:39:14.793+0000] {logging_mixin.py:150} INFO - [2024-04-02T09:39:14.793+0000] {dag.py:2742} INFO - Sync 1 DAGs
[2024-04-02T09:39:14.808+0000] {logging_mixin.py:150} INFO - [2024-04-02T09:39:14.808+0000] {dag.py:3504} INFO - Setting next_dagrun for example_skip_dag to 2024-04-01T09:39:14.808328+00:00, run_after=2024-04-02T09:39:14.808328+00:00
[2024-04-02T09:39:14.849+0000] {processor.py:179} INFO - Processing /usr/local/python/3.10.13/lib/python3.10/site-packages/airflow/example_dags/example_skip_dag.py took 0.079 seconds
[2024-04-02T09:40:12.480+0000] {processor.py:157} INFO - Started process (PID=31374) to work on /usr/local/python/3.10.13/lib/python3.10/site-packages/airflow/example_dags/example_skip_dag.py
[2024-04-02T09:40:12.481+0000] {processor.py:826} INFO - Processing file /usr/local/python/3.10.13/lib/python3.10/site-packages/airflow/example_dags/example_skip_dag.py for tasks to queue
[2024-04-02T09:40:12.482+0000] {logging_mixin.py:150} INFO - [2024-04-02T09:40:12.482+0000] {dagbag.py:541} INFO - Filling up the DagBag from /usr/local/python/3.10.13/lib/python3.10/site-packages/airflow/example_dags/example_skip_dag.py
[2024-04-02T09:40:12.492+0000] {processor.py:836} INFO - DAG(s) dict_keys(['example_skip_dag']) retrieved from /usr/local/python/3.10.13/lib/python3.10/site-packages/airflow/example_dags/example_skip_dag.py
[2024-04-02T09:40:12.512+0000] {logging_mixin.py:150} INFO - [2024-04-02T09:40:12.512+0000] {dag.py:2742} INFO - Sync 1 DAGs
[2024-04-02T09:40:12.537+0000] {logging_mixin.py:150} INFO - [2024-04-02T09:40:12.537+0000] {dag.py:3504} INFO - Setting next_dagrun for example_skip_dag to 2024-04-01T09:40:12.537031+00:00, run_after=2024-04-02T09:40:12.537031+00:00
[2024-04-02T09:40:12.584+0000] {processor.py:179} INFO - Processing /usr/local/python/3.10.13/lib/python3.10/site-packages/airflow/example_dags/example_skip_dag.py took 0.107 seconds
[2024-04-02T09:41:09.882+0000] {processor.py:157} INFO - Started process (PID=31760) to work on /usr/local/python/3.10.13/lib/python3.10/site-packages/airflow/example_dags/example_skip_dag.py
[2024-04-02T09:41:09.883+0000] {processor.py:826} INFO - Processing file /usr/local/python/3.10.13/lib/python3.10/site-packages/airflow/example_dags/example_skip_dag.py for tasks to queue
[2024-04-02T09:41:09.884+0000] {logging_mixin.py:150} INFO - [2024-04-02T09:41:09.883+0000] {dagbag.py:541} INFO - Filling up the DagBag from /usr/local/python/3.10.13/lib/python3.10/site-packages/airflow/example_dags/example_skip_dag.py
[2024-04-02T09:41:09.889+0000] {processor.py:836} INFO - DAG(s) dict_keys(['example_skip_dag']) retrieved from /usr/local/python/3.10.13/lib/python3.10/site-packages/airflow/example_dags/example_skip_dag.py
[2024-04-02T09:41:09.901+0000] {logging_mixin.py:150} INFO - [2024-04-02T09:41:09.901+0000] {dag.py:2742} INFO - Sync 1 DAGs
[2024-04-02T09:41:09.916+0000] {logging_mixin.py:150} INFO - [2024-04-02T09:41:09.916+0000] {dag.py:3504} INFO - Setting next_dagrun for example_skip_dag to 2024-04-01T09:41:09.916523+00:00, run_after=2024-04-02T09:41:09.916523+00:00
[2024-04-02T09:41:09.968+0000] {processor.py:179} INFO - Processing /usr/local/python/3.10.13/lib/python3.10/site-packages/airflow/example_dags/example_skip_dag.py took 0.088 seconds
[2024-04-02T09:42:05.364+0000] {processor.py:157} INFO - Started process (PID=32143) to work on /usr/local/python/3.10.13/lib/python3.10/site-packages/airflow/example_dags/example_skip_dag.py
[2024-04-02T09:42:05.365+0000] {processor.py:826} INFO - Processing file /usr/local/python/3.10.13/lib/python3.10/site-packages/airflow/example_dags/example_skip_dag.py for tasks to queue
[2024-04-02T09:42:05.365+0000] {logging_mixin.py:150} INFO - [2024-04-02T09:42:05.365+0000] {dagbag.py:541} INFO - Filling up the DagBag from /usr/local/python/3.10.13/lib/python3.10/site-packages/airflow/example_dags/example_skip_dag.py
[2024-04-02T09:42:05.371+0000] {processor.py:836} INFO - DAG(s) dict_keys(['example_skip_dag']) retrieved from /usr/local/python/3.10.13/lib/python3.10/site-packages/airflow/example_dags/example_skip_dag.py
[2024-04-02T09:42:05.383+0000] {logging_mixin.py:150} INFO - [2024-04-02T09:42:05.383+0000] {dag.py:2742} INFO - Sync 1 DAGs
[2024-04-02T09:42:05.399+0000] {logging_mixin.py:150} INFO - [2024-04-02T09:42:05.399+0000] {dag.py:3504} INFO - Setting next_dagrun for example_skip_dag to 2024-04-01T09:42:05.399541+00:00, run_after=2024-04-02T09:42:05.399541+00:00
[2024-04-02T09:42:05.439+0000] {processor.py:179} INFO - Processing /usr/local/python/3.10.13/lib/python3.10/site-packages/airflow/example_dags/example_skip_dag.py took 0.077 seconds
[2024-04-02T09:43:04.329+0000] {processor.py:157} INFO - Started process (PID=32539) to work on /usr/local/python/3.10.13/lib/python3.10/site-packages/airflow/example_dags/example_skip_dag.py
[2024-04-02T09:43:04.330+0000] {processor.py:826} INFO - Processing file /usr/local/python/3.10.13/lib/python3.10/site-packages/airflow/example_dags/example_skip_dag.py for tasks to queue
[2024-04-02T09:43:04.332+0000] {logging_mixin.py:150} INFO - [2024-04-02T09:43:04.331+0000] {dagbag.py:541} INFO - Filling up the DagBag from /usr/local/python/3.10.13/lib/python3.10/site-packages/airflow/example_dags/example_skip_dag.py
[2024-04-02T09:43:04.341+0000] {processor.py:836} INFO - DAG(s) dict_keys(['example_skip_dag']) retrieved from /usr/local/python/3.10.13/lib/python3.10/site-packages/airflow/example_dags/example_skip_dag.py
[2024-04-02T09:43:04.361+0000] {logging_mixin.py:150} INFO - [2024-04-02T09:43:04.360+0000] {dag.py:2742} INFO - Sync 1 DAGs
[2024-04-02T09:43:04.390+0000] {logging_mixin.py:150} INFO - [2024-04-02T09:43:04.390+0000] {dag.py:3504} INFO - Setting next_dagrun for example_skip_dag to 2024-04-01T09:43:04.389901+00:00, run_after=2024-04-02T09:43:04.389901+00:00
[2024-04-02T09:43:04.452+0000] {processor.py:179} INFO - Processing /usr/local/python/3.10.13/lib/python3.10/site-packages/airflow/example_dags/example_skip_dag.py took 0.126 seconds
