[2024-04-02T08:57:15.172+0000] {processor.py:157} INFO - Started process (PID=11593) to work on /usr/local/python/3.10.13/lib/python3.10/site-packages/airflow/example_dags/example_branch_python_dop_operator_3.py
[2024-04-02T08:57:15.173+0000] {processor.py:826} INFO - Processing file /usr/local/python/3.10.13/lib/python3.10/site-packages/airflow/example_dags/example_branch_python_dop_operator_3.py for tasks to queue
[2024-04-02T08:57:15.175+0000] {logging_mixin.py:150} INFO - [2024-04-02T08:57:15.175+0000] {dagbag.py:541} INFO - Filling up the DagBag from /usr/local/python/3.10.13/lib/python3.10/site-packages/airflow/example_dags/example_branch_python_dop_operator_3.py
[2024-04-02T08:57:15.185+0000] {processor.py:836} INFO - DAG(s) dict_keys(['example_branch_dop_operator_v3']) retrieved from /usr/local/python/3.10.13/lib/python3.10/site-packages/airflow/example_dags/example_branch_python_dop_operator_3.py
[2024-04-02T08:57:15.349+0000] {logging_mixin.py:150} INFO - [2024-04-02T08:57:15.349+0000] {dag.py:2742} INFO - Sync 1 DAGs
[2024-04-02T08:57:15.411+0000] {logging_mixin.py:150} INFO - [2024-04-02T08:57:15.409+0000] {dag.py:3504} INFO - Setting next_dagrun for example_branch_dop_operator_v3 to 2024-04-02T08:56:00+00:00, run_after=2024-04-02T08:57:00+00:00
[2024-04-02T08:57:15.506+0000] {processor.py:179} INFO - Processing /usr/local/python/3.10.13/lib/python3.10/site-packages/airflow/example_dags/example_branch_python_dop_operator_3.py took 0.336 seconds
[2024-04-02T08:58:21.866+0000] {processor.py:157} INFO - Started process (PID=12620) to work on /usr/local/python/3.10.13/lib/python3.10/site-packages/airflow/example_dags/example_branch_python_dop_operator_3.py
[2024-04-02T08:58:21.867+0000] {processor.py:826} INFO - Processing file /usr/local/python/3.10.13/lib/python3.10/site-packages/airflow/example_dags/example_branch_python_dop_operator_3.py for tasks to queue
[2024-04-02T08:58:21.868+0000] {logging_mixin.py:150} INFO - [2024-04-02T08:58:21.868+0000] {dagbag.py:541} INFO - Filling up the DagBag from /usr/local/python/3.10.13/lib/python3.10/site-packages/airflow/example_dags/example_branch_python_dop_operator_3.py
[2024-04-02T08:58:21.875+0000] {processor.py:836} INFO - DAG(s) dict_keys(['example_branch_dop_operator_v3']) retrieved from /usr/local/python/3.10.13/lib/python3.10/site-packages/airflow/example_dags/example_branch_python_dop_operator_3.py
[2024-04-02T08:58:21.888+0000] {logging_mixin.py:150} INFO - [2024-04-02T08:58:21.887+0000] {dag.py:2742} INFO - Sync 1 DAGs
[2024-04-02T08:58:21.907+0000] {logging_mixin.py:150} INFO - [2024-04-02T08:58:21.907+0000] {dag.py:3504} INFO - Setting next_dagrun for example_branch_dop_operator_v3 to 2024-04-02T08:57:00+00:00, run_after=2024-04-02T08:58:00+00:00
[2024-04-02T08:58:21.957+0000] {processor.py:179} INFO - Processing /usr/local/python/3.10.13/lib/python3.10/site-packages/airflow/example_dags/example_branch_python_dop_operator_3.py took 0.092 seconds
[2024-04-02T09:00:17.276+0000] {processor.py:157} INFO - Started process (PID=14262) to work on /usr/local/python/3.10.13/lib/python3.10/site-packages/airflow/example_dags/example_branch_python_dop_operator_3.py
[2024-04-02T09:00:17.277+0000] {processor.py:826} INFO - Processing file /usr/local/python/3.10.13/lib/python3.10/site-packages/airflow/example_dags/example_branch_python_dop_operator_3.py for tasks to queue
[2024-04-02T09:00:17.277+0000] {logging_mixin.py:150} INFO - [2024-04-02T09:00:17.277+0000] {dagbag.py:541} INFO - Filling up the DagBag from /usr/local/python/3.10.13/lib/python3.10/site-packages/airflow/example_dags/example_branch_python_dop_operator_3.py
[2024-04-02T09:00:17.284+0000] {processor.py:836} INFO - DAG(s) dict_keys(['example_branch_dop_operator_v3']) retrieved from /usr/local/python/3.10.13/lib/python3.10/site-packages/airflow/example_dags/example_branch_python_dop_operator_3.py
[2024-04-02T09:00:17.296+0000] {logging_mixin.py:150} INFO - [2024-04-02T09:00:17.296+0000] {dag.py:2742} INFO - Sync 1 DAGs
[2024-04-02T09:00:17.316+0000] {logging_mixin.py:150} INFO - [2024-04-02T09:00:17.315+0000] {dag.py:3504} INFO - Setting next_dagrun for example_branch_dop_operator_v3 to 2024-04-02T08:59:00+00:00, run_after=2024-04-02T09:00:00+00:00
[2024-04-02T09:00:17.358+0000] {processor.py:179} INFO - Processing /usr/local/python/3.10.13/lib/python3.10/site-packages/airflow/example_dags/example_branch_python_dop_operator_3.py took 0.084 seconds
[2024-04-02T09:01:04.620+0000] {processor.py:157} INFO - Started process (PID=14604) to work on /usr/local/python/3.10.13/lib/python3.10/site-packages/airflow/example_dags/example_branch_python_dop_operator_3.py
[2024-04-02T09:01:04.621+0000] {processor.py:826} INFO - Processing file /usr/local/python/3.10.13/lib/python3.10/site-packages/airflow/example_dags/example_branch_python_dop_operator_3.py for tasks to queue
[2024-04-02T09:01:04.621+0000] {logging_mixin.py:150} INFO - [2024-04-02T09:01:04.621+0000] {dagbag.py:541} INFO - Filling up the DagBag from /usr/local/python/3.10.13/lib/python3.10/site-packages/airflow/example_dags/example_branch_python_dop_operator_3.py
[2024-04-02T09:01:04.628+0000] {processor.py:836} INFO - DAG(s) dict_keys(['example_branch_dop_operator_v3']) retrieved from /usr/local/python/3.10.13/lib/python3.10/site-packages/airflow/example_dags/example_branch_python_dop_operator_3.py
[2024-04-02T09:01:04.641+0000] {logging_mixin.py:150} INFO - [2024-04-02T09:01:04.640+0000] {dag.py:2742} INFO - Sync 1 DAGs
[2024-04-02T09:01:04.660+0000] {logging_mixin.py:150} INFO - [2024-04-02T09:01:04.660+0000] {dag.py:3504} INFO - Setting next_dagrun for example_branch_dop_operator_v3 to 2024-04-02T09:00:00+00:00, run_after=2024-04-02T09:01:00+00:00
[2024-04-02T09:01:04.702+0000] {processor.py:179} INFO - Processing /usr/local/python/3.10.13/lib/python3.10/site-packages/airflow/example_dags/example_branch_python_dop_operator_3.py took 0.084 seconds
[2024-04-02T09:02:03.059+0000] {processor.py:157} INFO - Started process (PID=15081) to work on /usr/local/python/3.10.13/lib/python3.10/site-packages/airflow/example_dags/example_branch_python_dop_operator_3.py
[2024-04-02T09:02:03.060+0000] {processor.py:826} INFO - Processing file /usr/local/python/3.10.13/lib/python3.10/site-packages/airflow/example_dags/example_branch_python_dop_operator_3.py for tasks to queue
[2024-04-02T09:02:03.061+0000] {logging_mixin.py:150} INFO - [2024-04-02T09:02:03.060+0000] {dagbag.py:541} INFO - Filling up the DagBag from /usr/local/python/3.10.13/lib/python3.10/site-packages/airflow/example_dags/example_branch_python_dop_operator_3.py
[2024-04-02T09:02:03.072+0000] {processor.py:836} INFO - DAG(s) dict_keys(['example_branch_dop_operator_v3']) retrieved from /usr/local/python/3.10.13/lib/python3.10/site-packages/airflow/example_dags/example_branch_python_dop_operator_3.py
[2024-04-02T09:02:03.091+0000] {logging_mixin.py:150} INFO - [2024-04-02T09:02:03.091+0000] {dag.py:2742} INFO - Sync 1 DAGs
[2024-04-02T09:02:03.127+0000] {logging_mixin.py:150} INFO - [2024-04-02T09:02:03.127+0000] {dag.py:3504} INFO - Setting next_dagrun for example_branch_dop_operator_v3 to 2024-04-02T09:01:00+00:00, run_after=2024-04-02T09:02:00+00:00
[2024-04-02T09:02:03.185+0000] {processor.py:179} INFO - Processing /usr/local/python/3.10.13/lib/python3.10/site-packages/airflow/example_dags/example_branch_python_dop_operator_3.py took 0.129 seconds
[2024-04-02T09:03:01.860+0000] {processor.py:157} INFO - Started process (PID=15476) to work on /usr/local/python/3.10.13/lib/python3.10/site-packages/airflow/example_dags/example_branch_python_dop_operator_3.py
[2024-04-02T09:03:01.861+0000] {processor.py:826} INFO - Processing file /usr/local/python/3.10.13/lib/python3.10/site-packages/airflow/example_dags/example_branch_python_dop_operator_3.py for tasks to queue
[2024-04-02T09:03:01.862+0000] {logging_mixin.py:150} INFO - [2024-04-02T09:03:01.862+0000] {dagbag.py:541} INFO - Filling up the DagBag from /usr/local/python/3.10.13/lib/python3.10/site-packages/airflow/example_dags/example_branch_python_dop_operator_3.py
[2024-04-02T09:03:01.874+0000] {processor.py:836} INFO - DAG(s) dict_keys(['example_branch_dop_operator_v3']) retrieved from /usr/local/python/3.10.13/lib/python3.10/site-packages/airflow/example_dags/example_branch_python_dop_operator_3.py
[2024-04-02T09:03:01.892+0000] {logging_mixin.py:150} INFO - [2024-04-02T09:03:01.892+0000] {dag.py:2742} INFO - Sync 1 DAGs
[2024-04-02T09:03:01.926+0000] {logging_mixin.py:150} INFO - [2024-04-02T09:03:01.925+0000] {dag.py:3504} INFO - Setting next_dagrun for example_branch_dop_operator_v3 to 2024-04-02T09:02:00+00:00, run_after=2024-04-02T09:03:00+00:00
[2024-04-02T09:03:01.971+0000] {processor.py:179} INFO - Processing /usr/local/python/3.10.13/lib/python3.10/site-packages/airflow/example_dags/example_branch_python_dop_operator_3.py took 0.115 seconds
[2024-04-02T09:04:00.443+0000] {processor.py:157} INFO - Started process (PID=15879) to work on /usr/local/python/3.10.13/lib/python3.10/site-packages/airflow/example_dags/example_branch_python_dop_operator_3.py
[2024-04-02T09:04:00.444+0000] {processor.py:826} INFO - Processing file /usr/local/python/3.10.13/lib/python3.10/site-packages/airflow/example_dags/example_branch_python_dop_operator_3.py for tasks to queue
[2024-04-02T09:04:00.445+0000] {logging_mixin.py:150} INFO - [2024-04-02T09:04:00.445+0000] {dagbag.py:541} INFO - Filling up the DagBag from /usr/local/python/3.10.13/lib/python3.10/site-packages/airflow/example_dags/example_branch_python_dop_operator_3.py
[2024-04-02T09:04:00.456+0000] {processor.py:836} INFO - DAG(s) dict_keys(['example_branch_dop_operator_v3']) retrieved from /usr/local/python/3.10.13/lib/python3.10/site-packages/airflow/example_dags/example_branch_python_dop_operator_3.py
[2024-04-02T09:04:00.474+0000] {logging_mixin.py:150} INFO - [2024-04-02T09:04:00.474+0000] {dag.py:2742} INFO - Sync 1 DAGs
[2024-04-02T09:04:00.507+0000] {logging_mixin.py:150} INFO - [2024-04-02T09:04:00.507+0000] {dag.py:3504} INFO - Setting next_dagrun for example_branch_dop_operator_v3 to 2024-04-02T09:03:00+00:00, run_after=2024-04-02T09:04:00+00:00
[2024-04-02T09:04:00.564+0000] {processor.py:179} INFO - Processing /usr/local/python/3.10.13/lib/python3.10/site-packages/airflow/example_dags/example_branch_python_dop_operator_3.py took 0.124 seconds
[2024-04-02T09:04:51.980+0000] {processor.py:157} INFO - Started process (PID=16253) to work on /usr/local/python/3.10.13/lib/python3.10/site-packages/airflow/example_dags/example_branch_python_dop_operator_3.py
[2024-04-02T09:04:51.981+0000] {processor.py:826} INFO - Processing file /usr/local/python/3.10.13/lib/python3.10/site-packages/airflow/example_dags/example_branch_python_dop_operator_3.py for tasks to queue
[2024-04-02T09:04:51.982+0000] {logging_mixin.py:150} INFO - [2024-04-02T09:04:51.981+0000] {dagbag.py:541} INFO - Filling up the DagBag from /usr/local/python/3.10.13/lib/python3.10/site-packages/airflow/example_dags/example_branch_python_dop_operator_3.py
[2024-04-02T09:04:51.992+0000] {processor.py:836} INFO - DAG(s) dict_keys(['example_branch_dop_operator_v3']) retrieved from /usr/local/python/3.10.13/lib/python3.10/site-packages/airflow/example_dags/example_branch_python_dop_operator_3.py
[2024-04-02T09:04:52.010+0000] {logging_mixin.py:150} INFO - [2024-04-02T09:04:52.010+0000] {dag.py:2742} INFO - Sync 1 DAGs
[2024-04-02T09:04:52.041+0000] {logging_mixin.py:150} INFO - [2024-04-02T09:04:52.041+0000] {dag.py:3504} INFO - Setting next_dagrun for example_branch_dop_operator_v3 to 2024-04-02T09:03:00+00:00, run_after=2024-04-02T09:04:00+00:00
[2024-04-02T09:04:52.087+0000] {processor.py:179} INFO - Processing /usr/local/python/3.10.13/lib/python3.10/site-packages/airflow/example_dags/example_branch_python_dop_operator_3.py took 0.111 seconds
[2024-04-02T09:05:50.906+0000] {processor.py:157} INFO - Started process (PID=16660) to work on /usr/local/python/3.10.13/lib/python3.10/site-packages/airflow/example_dags/example_branch_python_dop_operator_3.py
[2024-04-02T09:05:50.906+0000] {processor.py:826} INFO - Processing file /usr/local/python/3.10.13/lib/python3.10/site-packages/airflow/example_dags/example_branch_python_dop_operator_3.py for tasks to queue
[2024-04-02T09:05:50.907+0000] {logging_mixin.py:150} INFO - [2024-04-02T09:05:50.907+0000] {dagbag.py:541} INFO - Filling up the DagBag from /usr/local/python/3.10.13/lib/python3.10/site-packages/airflow/example_dags/example_branch_python_dop_operator_3.py
[2024-04-02T09:05:50.914+0000] {processor.py:836} INFO - DAG(s) dict_keys(['example_branch_dop_operator_v3']) retrieved from /usr/local/python/3.10.13/lib/python3.10/site-packages/airflow/example_dags/example_branch_python_dop_operator_3.py
[2024-04-02T09:05:50.927+0000] {logging_mixin.py:150} INFO - [2024-04-02T09:05:50.927+0000] {dag.py:2742} INFO - Sync 1 DAGs
[2024-04-02T09:05:50.946+0000] {logging_mixin.py:150} INFO - [2024-04-02T09:05:50.946+0000] {dag.py:3504} INFO - Setting next_dagrun for example_branch_dop_operator_v3 to 2024-04-02T09:04:00+00:00, run_after=2024-04-02T09:05:00+00:00
[2024-04-02T09:05:50.984+0000] {processor.py:179} INFO - Processing /usr/local/python/3.10.13/lib/python3.10/site-packages/airflow/example_dags/example_branch_python_dop_operator_3.py took 0.081 seconds
[2024-04-02T09:06:53.374+0000] {processor.py:157} INFO - Started process (PID=17521) to work on /usr/local/python/3.10.13/lib/python3.10/site-packages/airflow/example_dags/example_branch_python_dop_operator_3.py
[2024-04-02T09:06:53.381+0000] {processor.py:826} INFO - Processing file /usr/local/python/3.10.13/lib/python3.10/site-packages/airflow/example_dags/example_branch_python_dop_operator_3.py for tasks to queue
[2024-04-02T09:06:53.382+0000] {logging_mixin.py:150} INFO - [2024-04-02T09:06:53.381+0000] {dagbag.py:541} INFO - Filling up the DagBag from /usr/local/python/3.10.13/lib/python3.10/site-packages/airflow/example_dags/example_branch_python_dop_operator_3.py
[2024-04-02T09:06:53.402+0000] {processor.py:836} INFO - DAG(s) dict_keys(['example_branch_dop_operator_v3']) retrieved from /usr/local/python/3.10.13/lib/python3.10/site-packages/airflow/example_dags/example_branch_python_dop_operator_3.py
[2024-04-02T09:06:53.421+0000] {logging_mixin.py:150} INFO - [2024-04-02T09:06:53.420+0000] {dag.py:2742} INFO - Sync 1 DAGs
[2024-04-02T09:06:53.454+0000] {logging_mixin.py:150} INFO - [2024-04-02T09:06:53.453+0000] {dag.py:3504} INFO - Setting next_dagrun for example_branch_dop_operator_v3 to 2024-04-02T09:05:00+00:00, run_after=2024-04-02T09:06:00+00:00
[2024-04-02T09:06:53.504+0000] {processor.py:179} INFO - Processing /usr/local/python/3.10.13/lib/python3.10/site-packages/airflow/example_dags/example_branch_python_dop_operator_3.py took 0.133 seconds
[2024-04-02T09:07:53.156+0000] {processor.py:157} INFO - Started process (PID=17932) to work on /usr/local/python/3.10.13/lib/python3.10/site-packages/airflow/example_dags/example_branch_python_dop_operator_3.py
[2024-04-02T09:07:53.157+0000] {processor.py:826} INFO - Processing file /usr/local/python/3.10.13/lib/python3.10/site-packages/airflow/example_dags/example_branch_python_dop_operator_3.py for tasks to queue
[2024-04-02T09:07:53.158+0000] {logging_mixin.py:150} INFO - [2024-04-02T09:07:53.157+0000] {dagbag.py:541} INFO - Filling up the DagBag from /usr/local/python/3.10.13/lib/python3.10/site-packages/airflow/example_dags/example_branch_python_dop_operator_3.py
[2024-04-02T09:07:53.164+0000] {processor.py:836} INFO - DAG(s) dict_keys(['example_branch_dop_operator_v3']) retrieved from /usr/local/python/3.10.13/lib/python3.10/site-packages/airflow/example_dags/example_branch_python_dop_operator_3.py
[2024-04-02T09:07:53.178+0000] {logging_mixin.py:150} INFO - [2024-04-02T09:07:53.178+0000] {dag.py:2742} INFO - Sync 1 DAGs
[2024-04-02T09:07:53.197+0000] {logging_mixin.py:150} INFO - [2024-04-02T09:07:53.197+0000] {dag.py:3504} INFO - Setting next_dagrun for example_branch_dop_operator_v3 to 2024-04-02T09:06:00+00:00, run_after=2024-04-02T09:07:00+00:00
[2024-04-02T09:07:53.236+0000] {processor.py:179} INFO - Processing /usr/local/python/3.10.13/lib/python3.10/site-packages/airflow/example_dags/example_branch_python_dop_operator_3.py took 0.082 seconds
[2024-04-02T09:08:48.520+0000] {processor.py:157} INFO - Started process (PID=18296) to work on /usr/local/python/3.10.13/lib/python3.10/site-packages/airflow/example_dags/example_branch_python_dop_operator_3.py
[2024-04-02T09:08:48.521+0000] {processor.py:826} INFO - Processing file /usr/local/python/3.10.13/lib/python3.10/site-packages/airflow/example_dags/example_branch_python_dop_operator_3.py for tasks to queue
[2024-04-02T09:08:48.521+0000] {logging_mixin.py:150} INFO - [2024-04-02T09:08:48.521+0000] {dagbag.py:541} INFO - Filling up the DagBag from /usr/local/python/3.10.13/lib/python3.10/site-packages/airflow/example_dags/example_branch_python_dop_operator_3.py
[2024-04-02T09:08:48.528+0000] {processor.py:836} INFO - DAG(s) dict_keys(['example_branch_dop_operator_v3']) retrieved from /usr/local/python/3.10.13/lib/python3.10/site-packages/airflow/example_dags/example_branch_python_dop_operator_3.py
[2024-04-02T09:08:48.540+0000] {logging_mixin.py:150} INFO - [2024-04-02T09:08:48.540+0000] {dag.py:2742} INFO - Sync 1 DAGs
[2024-04-02T09:08:48.560+0000] {logging_mixin.py:150} INFO - [2024-04-02T09:08:48.560+0000] {dag.py:3504} INFO - Setting next_dagrun for example_branch_dop_operator_v3 to 2024-04-02T09:07:00+00:00, run_after=2024-04-02T09:08:00+00:00
[2024-04-02T09:08:48.610+0000] {processor.py:179} INFO - Processing /usr/local/python/3.10.13/lib/python3.10/site-packages/airflow/example_dags/example_branch_python_dop_operator_3.py took 0.093 seconds
[2024-04-02T09:09:45.254+0000] {processor.py:157} INFO - Started process (PID=18721) to work on /usr/local/python/3.10.13/lib/python3.10/site-packages/airflow/example_dags/example_branch_python_dop_operator_3.py
[2024-04-02T09:09:45.255+0000] {processor.py:826} INFO - Processing file /usr/local/python/3.10.13/lib/python3.10/site-packages/airflow/example_dags/example_branch_python_dop_operator_3.py for tasks to queue
[2024-04-02T09:09:45.255+0000] {logging_mixin.py:150} INFO - [2024-04-02T09:09:45.255+0000] {dagbag.py:541} INFO - Filling up the DagBag from /usr/local/python/3.10.13/lib/python3.10/site-packages/airflow/example_dags/example_branch_python_dop_operator_3.py
[2024-04-02T09:09:45.262+0000] {processor.py:836} INFO - DAG(s) dict_keys(['example_branch_dop_operator_v3']) retrieved from /usr/local/python/3.10.13/lib/python3.10/site-packages/airflow/example_dags/example_branch_python_dop_operator_3.py
[2024-04-02T09:09:45.275+0000] {logging_mixin.py:150} INFO - [2024-04-02T09:09:45.275+0000] {dag.py:2742} INFO - Sync 1 DAGs
[2024-04-02T09:09:45.295+0000] {logging_mixin.py:150} INFO - [2024-04-02T09:09:45.295+0000] {dag.py:3504} INFO - Setting next_dagrun for example_branch_dop_operator_v3 to 2024-04-02T09:08:00+00:00, run_after=2024-04-02T09:09:00+00:00
[2024-04-02T09:09:45.336+0000] {processor.py:179} INFO - Processing /usr/local/python/3.10.13/lib/python3.10/site-packages/airflow/example_dags/example_branch_python_dop_operator_3.py took 0.084 seconds
[2024-04-02T09:10:43.912+0000] {processor.py:157} INFO - Started process (PID=19122) to work on /usr/local/python/3.10.13/lib/python3.10/site-packages/airflow/example_dags/example_branch_python_dop_operator_3.py
[2024-04-02T09:10:43.913+0000] {processor.py:826} INFO - Processing file /usr/local/python/3.10.13/lib/python3.10/site-packages/airflow/example_dags/example_branch_python_dop_operator_3.py for tasks to queue
[2024-04-02T09:10:43.914+0000] {logging_mixin.py:150} INFO - [2024-04-02T09:10:43.914+0000] {dagbag.py:541} INFO - Filling up the DagBag from /usr/local/python/3.10.13/lib/python3.10/site-packages/airflow/example_dags/example_branch_python_dop_operator_3.py
[2024-04-02T09:10:43.926+0000] {processor.py:836} INFO - DAG(s) dict_keys(['example_branch_dop_operator_v3']) retrieved from /usr/local/python/3.10.13/lib/python3.10/site-packages/airflow/example_dags/example_branch_python_dop_operator_3.py
[2024-04-02T09:10:43.946+0000] {logging_mixin.py:150} INFO - [2024-04-02T09:10:43.946+0000] {dag.py:2742} INFO - Sync 1 DAGs
[2024-04-02T09:10:43.966+0000] {logging_mixin.py:150} INFO - [2024-04-02T09:10:43.966+0000] {dag.py:3504} INFO - Setting next_dagrun for example_branch_dop_operator_v3 to 2024-04-02T09:09:00+00:00, run_after=2024-04-02T09:10:00+00:00
[2024-04-02T09:10:44.005+0000] {processor.py:179} INFO - Processing /usr/local/python/3.10.13/lib/python3.10/site-packages/airflow/example_dags/example_branch_python_dop_operator_3.py took 0.096 seconds
[2024-04-02T09:11:43.256+0000] {processor.py:157} INFO - Started process (PID=19508) to work on /usr/local/python/3.10.13/lib/python3.10/site-packages/airflow/example_dags/example_branch_python_dop_operator_3.py
[2024-04-02T09:11:43.257+0000] {processor.py:826} INFO - Processing file /usr/local/python/3.10.13/lib/python3.10/site-packages/airflow/example_dags/example_branch_python_dop_operator_3.py for tasks to queue
[2024-04-02T09:11:43.257+0000] {logging_mixin.py:150} INFO - [2024-04-02T09:11:43.257+0000] {dagbag.py:541} INFO - Filling up the DagBag from /usr/local/python/3.10.13/lib/python3.10/site-packages/airflow/example_dags/example_branch_python_dop_operator_3.py
[2024-04-02T09:11:43.264+0000] {processor.py:836} INFO - DAG(s) dict_keys(['example_branch_dop_operator_v3']) retrieved from /usr/local/python/3.10.13/lib/python3.10/site-packages/airflow/example_dags/example_branch_python_dop_operator_3.py
[2024-04-02T09:11:43.276+0000] {logging_mixin.py:150} INFO - [2024-04-02T09:11:43.276+0000] {dag.py:2742} INFO - Sync 1 DAGs
[2024-04-02T09:11:43.295+0000] {logging_mixin.py:150} INFO - [2024-04-02T09:11:43.295+0000] {dag.py:3504} INFO - Setting next_dagrun for example_branch_dop_operator_v3 to 2024-04-02T09:10:00+00:00, run_after=2024-04-02T09:11:00+00:00
[2024-04-02T09:11:43.332+0000] {processor.py:179} INFO - Processing /usr/local/python/3.10.13/lib/python3.10/site-packages/airflow/example_dags/example_branch_python_dop_operator_3.py took 0.078 seconds
[2024-04-02T09:12:43.255+0000] {processor.py:157} INFO - Started process (PID=19919) to work on /usr/local/python/3.10.13/lib/python3.10/site-packages/airflow/example_dags/example_branch_python_dop_operator_3.py
[2024-04-02T09:12:43.256+0000] {processor.py:826} INFO - Processing file /usr/local/python/3.10.13/lib/python3.10/site-packages/airflow/example_dags/example_branch_python_dop_operator_3.py for tasks to queue
[2024-04-02T09:12:43.257+0000] {logging_mixin.py:150} INFO - [2024-04-02T09:12:43.256+0000] {dagbag.py:541} INFO - Filling up the DagBag from /usr/local/python/3.10.13/lib/python3.10/site-packages/airflow/example_dags/example_branch_python_dop_operator_3.py
[2024-04-02T09:12:43.263+0000] {processor.py:836} INFO - DAG(s) dict_keys(['example_branch_dop_operator_v3']) retrieved from /usr/local/python/3.10.13/lib/python3.10/site-packages/airflow/example_dags/example_branch_python_dop_operator_3.py
[2024-04-02T09:12:43.276+0000] {logging_mixin.py:150} INFO - [2024-04-02T09:12:43.276+0000] {dag.py:2742} INFO - Sync 1 DAGs
[2024-04-02T09:12:43.295+0000] {logging_mixin.py:150} INFO - [2024-04-02T09:12:43.295+0000] {dag.py:3504} INFO - Setting next_dagrun for example_branch_dop_operator_v3 to 2024-04-02T09:11:00+00:00, run_after=2024-04-02T09:12:00+00:00
[2024-04-02T09:12:43.336+0000] {processor.py:179} INFO - Processing /usr/local/python/3.10.13/lib/python3.10/site-packages/airflow/example_dags/example_branch_python_dop_operator_3.py took 0.083 seconds
[2024-04-02T09:13:42.135+0000] {processor.py:157} INFO - Started process (PID=20324) to work on /usr/local/python/3.10.13/lib/python3.10/site-packages/airflow/example_dags/example_branch_python_dop_operator_3.py
[2024-04-02T09:13:42.136+0000] {processor.py:826} INFO - Processing file /usr/local/python/3.10.13/lib/python3.10/site-packages/airflow/example_dags/example_branch_python_dop_operator_3.py for tasks to queue
[2024-04-02T09:13:42.137+0000] {logging_mixin.py:150} INFO - [2024-04-02T09:13:42.136+0000] {dagbag.py:541} INFO - Filling up the DagBag from /usr/local/python/3.10.13/lib/python3.10/site-packages/airflow/example_dags/example_branch_python_dop_operator_3.py
[2024-04-02T09:13:42.147+0000] {processor.py:836} INFO - DAG(s) dict_keys(['example_branch_dop_operator_v3']) retrieved from /usr/local/python/3.10.13/lib/python3.10/site-packages/airflow/example_dags/example_branch_python_dop_operator_3.py
[2024-04-02T09:13:42.165+0000] {logging_mixin.py:150} INFO - [2024-04-02T09:13:42.165+0000] {dag.py:2742} INFO - Sync 1 DAGs
[2024-04-02T09:13:42.196+0000] {logging_mixin.py:150} INFO - [2024-04-02T09:13:42.196+0000] {dag.py:3504} INFO - Setting next_dagrun for example_branch_dop_operator_v3 to 2024-04-02T09:12:00+00:00, run_after=2024-04-02T09:13:00+00:00
[2024-04-02T09:13:42.243+0000] {processor.py:179} INFO - Processing /usr/local/python/3.10.13/lib/python3.10/site-packages/airflow/example_dags/example_branch_python_dop_operator_3.py took 0.111 seconds
[2024-04-02T09:14:34.436+0000] {processor.py:157} INFO - Started process (PID=20713) to work on /usr/local/python/3.10.13/lib/python3.10/site-packages/airflow/example_dags/example_branch_python_dop_operator_3.py
[2024-04-02T09:14:34.437+0000] {processor.py:826} INFO - Processing file /usr/local/python/3.10.13/lib/python3.10/site-packages/airflow/example_dags/example_branch_python_dop_operator_3.py for tasks to queue
[2024-04-02T09:14:34.438+0000] {logging_mixin.py:150} INFO - [2024-04-02T09:14:34.437+0000] {dagbag.py:541} INFO - Filling up the DagBag from /usr/local/python/3.10.13/lib/python3.10/site-packages/airflow/example_dags/example_branch_python_dop_operator_3.py
[2024-04-02T09:14:34.444+0000] {processor.py:836} INFO - DAG(s) dict_keys(['example_branch_dop_operator_v3']) retrieved from /usr/local/python/3.10.13/lib/python3.10/site-packages/airflow/example_dags/example_branch_python_dop_operator_3.py
[2024-04-02T09:14:34.456+0000] {logging_mixin.py:150} INFO - [2024-04-02T09:14:34.456+0000] {dag.py:2742} INFO - Sync 1 DAGs
[2024-04-02T09:14:34.476+0000] {logging_mixin.py:150} INFO - [2024-04-02T09:14:34.476+0000] {dag.py:3504} INFO - Setting next_dagrun for example_branch_dop_operator_v3 to 2024-04-02T09:13:00+00:00, run_after=2024-04-02T09:14:00+00:00
[2024-04-02T09:14:34.515+0000] {processor.py:179} INFO - Processing /usr/local/python/3.10.13/lib/python3.10/site-packages/airflow/example_dags/example_branch_python_dop_operator_3.py took 0.080 seconds
[2024-04-02T09:15:25.253+0000] {processor.py:157} INFO - Started process (PID=21056) to work on /usr/local/python/3.10.13/lib/python3.10/site-packages/airflow/example_dags/example_branch_python_dop_operator_3.py
[2024-04-02T09:15:25.253+0000] {processor.py:826} INFO - Processing file /usr/local/python/3.10.13/lib/python3.10/site-packages/airflow/example_dags/example_branch_python_dop_operator_3.py for tasks to queue
[2024-04-02T09:15:25.254+0000] {logging_mixin.py:150} INFO - [2024-04-02T09:15:25.254+0000] {dagbag.py:541} INFO - Filling up the DagBag from /usr/local/python/3.10.13/lib/python3.10/site-packages/airflow/example_dags/example_branch_python_dop_operator_3.py
[2024-04-02T09:15:25.260+0000] {processor.py:836} INFO - DAG(s) dict_keys(['example_branch_dop_operator_v3']) retrieved from /usr/local/python/3.10.13/lib/python3.10/site-packages/airflow/example_dags/example_branch_python_dop_operator_3.py
[2024-04-02T09:15:25.273+0000] {logging_mixin.py:150} INFO - [2024-04-02T09:15:25.273+0000] {dag.py:2742} INFO - Sync 1 DAGs
[2024-04-02T09:15:25.292+0000] {logging_mixin.py:150} INFO - [2024-04-02T09:15:25.292+0000] {dag.py:3504} INFO - Setting next_dagrun for example_branch_dop_operator_v3 to 2024-04-02T09:14:00+00:00, run_after=2024-04-02T09:15:00+00:00
[2024-04-02T09:15:25.330+0000] {processor.py:179} INFO - Processing /usr/local/python/3.10.13/lib/python3.10/site-packages/airflow/example_dags/example_branch_python_dop_operator_3.py took 0.080 seconds
[2024-04-02T09:16:21.812+0000] {processor.py:157} INFO - Started process (PID=21450) to work on /usr/local/python/3.10.13/lib/python3.10/site-packages/airflow/example_dags/example_branch_python_dop_operator_3.py
[2024-04-02T09:16:21.815+0000] {processor.py:826} INFO - Processing file /usr/local/python/3.10.13/lib/python3.10/site-packages/airflow/example_dags/example_branch_python_dop_operator_3.py for tasks to queue
[2024-04-02T09:16:21.818+0000] {logging_mixin.py:150} INFO - [2024-04-02T09:16:21.818+0000] {dagbag.py:541} INFO - Filling up the DagBag from /usr/local/python/3.10.13/lib/python3.10/site-packages/airflow/example_dags/example_branch_python_dop_operator_3.py
[2024-04-02T09:16:21.838+0000] {processor.py:836} INFO - DAG(s) dict_keys(['example_branch_dop_operator_v3']) retrieved from /usr/local/python/3.10.13/lib/python3.10/site-packages/airflow/example_dags/example_branch_python_dop_operator_3.py
[2024-04-02T09:16:21.866+0000] {logging_mixin.py:150} INFO - [2024-04-02T09:16:21.866+0000] {dag.py:2742} INFO - Sync 1 DAGs
[2024-04-02T09:16:21.908+0000] {logging_mixin.py:150} INFO - [2024-04-02T09:16:21.908+0000] {dag.py:3504} INFO - Setting next_dagrun for example_branch_dop_operator_v3 to 2024-04-02T09:15:00+00:00, run_after=2024-04-02T09:16:00+00:00
[2024-04-02T09:16:21.961+0000] {processor.py:179} INFO - Processing /usr/local/python/3.10.13/lib/python3.10/site-packages/airflow/example_dags/example_branch_python_dop_operator_3.py took 0.151 seconds
[2024-04-02T09:17:22.739+0000] {processor.py:157} INFO - Started process (PID=21875) to work on /usr/local/python/3.10.13/lib/python3.10/site-packages/airflow/example_dags/example_branch_python_dop_operator_3.py
[2024-04-02T09:17:22.743+0000] {processor.py:826} INFO - Processing file /usr/local/python/3.10.13/lib/python3.10/site-packages/airflow/example_dags/example_branch_python_dop_operator_3.py for tasks to queue
[2024-04-02T09:17:22.744+0000] {logging_mixin.py:150} INFO - [2024-04-02T09:17:22.743+0000] {dagbag.py:541} INFO - Filling up the DagBag from /usr/local/python/3.10.13/lib/python3.10/site-packages/airflow/example_dags/example_branch_python_dop_operator_3.py
[2024-04-02T09:17:22.754+0000] {processor.py:836} INFO - DAG(s) dict_keys(['example_branch_dop_operator_v3']) retrieved from /usr/local/python/3.10.13/lib/python3.10/site-packages/airflow/example_dags/example_branch_python_dop_operator_3.py
[2024-04-02T09:17:22.768+0000] {logging_mixin.py:150} INFO - [2024-04-02T09:17:22.768+0000] {dag.py:2742} INFO - Sync 1 DAGs
[2024-04-02T09:17:22.787+0000] {logging_mixin.py:150} INFO - [2024-04-02T09:17:22.787+0000] {dag.py:3504} INFO - Setting next_dagrun for example_branch_dop_operator_v3 to 2024-04-02T09:16:00+00:00, run_after=2024-04-02T09:17:00+00:00
[2024-04-02T09:17:22.826+0000] {processor.py:179} INFO - Processing /usr/local/python/3.10.13/lib/python3.10/site-packages/airflow/example_dags/example_branch_python_dop_operator_3.py took 0.090 seconds
[2024-04-02T09:18:19.933+0000] {processor.py:157} INFO - Started process (PID=22247) to work on /usr/local/python/3.10.13/lib/python3.10/site-packages/airflow/example_dags/example_branch_python_dop_operator_3.py
[2024-04-02T09:18:19.933+0000] {processor.py:826} INFO - Processing file /usr/local/python/3.10.13/lib/python3.10/site-packages/airflow/example_dags/example_branch_python_dop_operator_3.py for tasks to queue
[2024-04-02T09:18:19.934+0000] {logging_mixin.py:150} INFO - [2024-04-02T09:18:19.934+0000] {dagbag.py:541} INFO - Filling up the DagBag from /usr/local/python/3.10.13/lib/python3.10/site-packages/airflow/example_dags/example_branch_python_dop_operator_3.py
[2024-04-02T09:18:19.941+0000] {processor.py:836} INFO - DAG(s) dict_keys(['example_branch_dop_operator_v3']) retrieved from /usr/local/python/3.10.13/lib/python3.10/site-packages/airflow/example_dags/example_branch_python_dop_operator_3.py
[2024-04-02T09:18:19.953+0000] {logging_mixin.py:150} INFO - [2024-04-02T09:18:19.953+0000] {dag.py:2742} INFO - Sync 1 DAGs
[2024-04-02T09:18:19.972+0000] {logging_mixin.py:150} INFO - [2024-04-02T09:18:19.972+0000] {dag.py:3504} INFO - Setting next_dagrun for example_branch_dop_operator_v3 to 2024-04-02T09:17:00+00:00, run_after=2024-04-02T09:18:00+00:00
[2024-04-02T09:18:20.009+0000] {processor.py:179} INFO - Processing /usr/local/python/3.10.13/lib/python3.10/site-packages/airflow/example_dags/example_branch_python_dop_operator_3.py took 0.079 seconds
[2024-04-02T09:19:19.560+0000] {processor.py:157} INFO - Started process (PID=22659) to work on /usr/local/python/3.10.13/lib/python3.10/site-packages/airflow/example_dags/example_branch_python_dop_operator_3.py
[2024-04-02T09:19:19.561+0000] {processor.py:826} INFO - Processing file /usr/local/python/3.10.13/lib/python3.10/site-packages/airflow/example_dags/example_branch_python_dop_operator_3.py for tasks to queue
[2024-04-02T09:19:19.562+0000] {logging_mixin.py:150} INFO - [2024-04-02T09:19:19.561+0000] {dagbag.py:541} INFO - Filling up the DagBag from /usr/local/python/3.10.13/lib/python3.10/site-packages/airflow/example_dags/example_branch_python_dop_operator_3.py
[2024-04-02T09:19:19.568+0000] {processor.py:836} INFO - DAG(s) dict_keys(['example_branch_dop_operator_v3']) retrieved from /usr/local/python/3.10.13/lib/python3.10/site-packages/airflow/example_dags/example_branch_python_dop_operator_3.py
[2024-04-02T09:19:19.580+0000] {logging_mixin.py:150} INFO - [2024-04-02T09:19:19.580+0000] {dag.py:2742} INFO - Sync 1 DAGs
[2024-04-02T09:19:19.600+0000] {logging_mixin.py:150} INFO - [2024-04-02T09:19:19.600+0000] {dag.py:3504} INFO - Setting next_dagrun for example_branch_dop_operator_v3 to 2024-04-02T09:18:00+00:00, run_after=2024-04-02T09:19:00+00:00
[2024-04-02T09:19:19.642+0000] {processor.py:179} INFO - Processing /usr/local/python/3.10.13/lib/python3.10/site-packages/airflow/example_dags/example_branch_python_dop_operator_3.py took 0.084 seconds
[2024-04-02T09:20:09.341+0000] {processor.py:157} INFO - Started process (PID=23023) to work on /usr/local/python/3.10.13/lib/python3.10/site-packages/airflow/example_dags/example_branch_python_dop_operator_3.py
[2024-04-02T09:20:09.341+0000] {processor.py:826} INFO - Processing file /usr/local/python/3.10.13/lib/python3.10/site-packages/airflow/example_dags/example_branch_python_dop_operator_3.py for tasks to queue
[2024-04-02T09:20:09.342+0000] {logging_mixin.py:150} INFO - [2024-04-02T09:20:09.342+0000] {dagbag.py:541} INFO - Filling up the DagBag from /usr/local/python/3.10.13/lib/python3.10/site-packages/airflow/example_dags/example_branch_python_dop_operator_3.py
[2024-04-02T09:20:09.353+0000] {processor.py:836} INFO - DAG(s) dict_keys(['example_branch_dop_operator_v3']) retrieved from /usr/local/python/3.10.13/lib/python3.10/site-packages/airflow/example_dags/example_branch_python_dop_operator_3.py
[2024-04-02T09:20:09.371+0000] {logging_mixin.py:150} INFO - [2024-04-02T09:20:09.371+0000] {dag.py:2742} INFO - Sync 1 DAGs
[2024-04-02T09:20:09.402+0000] {logging_mixin.py:150} INFO - [2024-04-02T09:20:09.402+0000] {dag.py:3504} INFO - Setting next_dagrun for example_branch_dop_operator_v3 to 2024-04-02T09:19:00+00:00, run_after=2024-04-02T09:20:00+00:00
[2024-04-02T09:20:09.448+0000] {processor.py:179} INFO - Processing /usr/local/python/3.10.13/lib/python3.10/site-packages/airflow/example_dags/example_branch_python_dop_operator_3.py took 0.112 seconds
[2024-04-02T09:21:09.021+0000] {processor.py:157} INFO - Started process (PID=23436) to work on /usr/local/python/3.10.13/lib/python3.10/site-packages/airflow/example_dags/example_branch_python_dop_operator_3.py
[2024-04-02T09:21:09.021+0000] {processor.py:826} INFO - Processing file /usr/local/python/3.10.13/lib/python3.10/site-packages/airflow/example_dags/example_branch_python_dop_operator_3.py for tasks to queue
[2024-04-02T09:21:09.022+0000] {logging_mixin.py:150} INFO - [2024-04-02T09:21:09.022+0000] {dagbag.py:541} INFO - Filling up the DagBag from /usr/local/python/3.10.13/lib/python3.10/site-packages/airflow/example_dags/example_branch_python_dop_operator_3.py
[2024-04-02T09:21:09.029+0000] {processor.py:836} INFO - DAG(s) dict_keys(['example_branch_dop_operator_v3']) retrieved from /usr/local/python/3.10.13/lib/python3.10/site-packages/airflow/example_dags/example_branch_python_dop_operator_3.py
[2024-04-02T09:21:09.042+0000] {logging_mixin.py:150} INFO - [2024-04-02T09:21:09.042+0000] {dag.py:2742} INFO - Sync 1 DAGs
[2024-04-02T09:21:09.062+0000] {logging_mixin.py:150} INFO - [2024-04-02T09:21:09.062+0000] {dag.py:3504} INFO - Setting next_dagrun for example_branch_dop_operator_v3 to 2024-04-02T09:20:00+00:00, run_after=2024-04-02T09:21:00+00:00
[2024-04-02T09:21:09.104+0000] {processor.py:179} INFO - Processing /usr/local/python/3.10.13/lib/python3.10/site-packages/airflow/example_dags/example_branch_python_dop_operator_3.py took 0.085 seconds
[2024-04-02T09:22:02.753+0000] {processor.py:157} INFO - Started process (PID=23802) to work on /usr/local/python/3.10.13/lib/python3.10/site-packages/airflow/example_dags/example_branch_python_dop_operator_3.py
[2024-04-02T09:22:02.754+0000] {processor.py:826} INFO - Processing file /usr/local/python/3.10.13/lib/python3.10/site-packages/airflow/example_dags/example_branch_python_dop_operator_3.py for tasks to queue
[2024-04-02T09:22:02.755+0000] {logging_mixin.py:150} INFO - [2024-04-02T09:22:02.755+0000] {dagbag.py:541} INFO - Filling up the DagBag from /usr/local/python/3.10.13/lib/python3.10/site-packages/airflow/example_dags/example_branch_python_dop_operator_3.py
[2024-04-02T09:22:02.762+0000] {processor.py:836} INFO - DAG(s) dict_keys(['example_branch_dop_operator_v3']) retrieved from /usr/local/python/3.10.13/lib/python3.10/site-packages/airflow/example_dags/example_branch_python_dop_operator_3.py
[2024-04-02T09:22:02.774+0000] {logging_mixin.py:150} INFO - [2024-04-02T09:22:02.774+0000] {dag.py:2742} INFO - Sync 1 DAGs
[2024-04-02T09:22:02.804+0000] {logging_mixin.py:150} INFO - [2024-04-02T09:22:02.804+0000] {dag.py:3504} INFO - Setting next_dagrun for example_branch_dop_operator_v3 to 2024-04-02T09:21:00+00:00, run_after=2024-04-02T09:22:00+00:00
[2024-04-02T09:22:02.850+0000] {processor.py:179} INFO - Processing /usr/local/python/3.10.13/lib/python3.10/site-packages/airflow/example_dags/example_branch_python_dop_operator_3.py took 0.098 seconds
[2024-04-02T09:23:04.381+0000] {processor.py:157} INFO - Started process (PID=24216) to work on /usr/local/python/3.10.13/lib/python3.10/site-packages/airflow/example_dags/example_branch_python_dop_operator_3.py
[2024-04-02T09:23:04.382+0000] {processor.py:826} INFO - Processing file /usr/local/python/3.10.13/lib/python3.10/site-packages/airflow/example_dags/example_branch_python_dop_operator_3.py for tasks to queue
[2024-04-02T09:23:04.383+0000] {logging_mixin.py:150} INFO - [2024-04-02T09:23:04.383+0000] {dagbag.py:541} INFO - Filling up the DagBag from /usr/local/python/3.10.13/lib/python3.10/site-packages/airflow/example_dags/example_branch_python_dop_operator_3.py
[2024-04-02T09:23:04.390+0000] {processor.py:836} INFO - DAG(s) dict_keys(['example_branch_dop_operator_v3']) retrieved from /usr/local/python/3.10.13/lib/python3.10/site-packages/airflow/example_dags/example_branch_python_dop_operator_3.py
[2024-04-02T09:23:04.402+0000] {logging_mixin.py:150} INFO - [2024-04-02T09:23:04.402+0000] {dag.py:2742} INFO - Sync 1 DAGs
[2024-04-02T09:23:04.421+0000] {logging_mixin.py:150} INFO - [2024-04-02T09:23:04.421+0000] {dag.py:3504} INFO - Setting next_dagrun for example_branch_dop_operator_v3 to 2024-04-02T09:22:00+00:00, run_after=2024-04-02T09:23:00+00:00
[2024-04-02T09:23:04.485+0000] {processor.py:179} INFO - Processing /usr/local/python/3.10.13/lib/python3.10/site-packages/airflow/example_dags/example_branch_python_dop_operator_3.py took 0.107 seconds
[2024-04-02T09:24:02.355+0000] {processor.py:157} INFO - Started process (PID=24618) to work on /usr/local/python/3.10.13/lib/python3.10/site-packages/airflow/example_dags/example_branch_python_dop_operator_3.py
[2024-04-02T09:24:02.356+0000] {processor.py:826} INFO - Processing file /usr/local/python/3.10.13/lib/python3.10/site-packages/airflow/example_dags/example_branch_python_dop_operator_3.py for tasks to queue
[2024-04-02T09:24:02.357+0000] {logging_mixin.py:150} INFO - [2024-04-02T09:24:02.356+0000] {dagbag.py:541} INFO - Filling up the DagBag from /usr/local/python/3.10.13/lib/python3.10/site-packages/airflow/example_dags/example_branch_python_dop_operator_3.py
[2024-04-02T09:24:02.363+0000] {processor.py:836} INFO - DAG(s) dict_keys(['example_branch_dop_operator_v3']) retrieved from /usr/local/python/3.10.13/lib/python3.10/site-packages/airflow/example_dags/example_branch_python_dop_operator_3.py
[2024-04-02T09:24:02.375+0000] {logging_mixin.py:150} INFO - [2024-04-02T09:24:02.375+0000] {dag.py:2742} INFO - Sync 1 DAGs
[2024-04-02T09:24:02.395+0000] {logging_mixin.py:150} INFO - [2024-04-02T09:24:02.395+0000] {dag.py:3504} INFO - Setting next_dagrun for example_branch_dop_operator_v3 to 2024-04-02T09:23:00+00:00, run_after=2024-04-02T09:24:00+00:00
[2024-04-02T09:24:02.439+0000] {processor.py:179} INFO - Processing /usr/local/python/3.10.13/lib/python3.10/site-packages/airflow/example_dags/example_branch_python_dop_operator_3.py took 0.086 seconds
[2024-04-02T09:25:04.262+0000] {processor.py:157} INFO - Started process (PID=25066) to work on /usr/local/python/3.10.13/lib/python3.10/site-packages/airflow/example_dags/example_branch_python_dop_operator_3.py
[2024-04-02T09:25:04.263+0000] {processor.py:826} INFO - Processing file /usr/local/python/3.10.13/lib/python3.10/site-packages/airflow/example_dags/example_branch_python_dop_operator_3.py for tasks to queue
[2024-04-02T09:25:04.264+0000] {logging_mixin.py:150} INFO - [2024-04-02T09:25:04.263+0000] {dagbag.py:541} INFO - Filling up the DagBag from /usr/local/python/3.10.13/lib/python3.10/site-packages/airflow/example_dags/example_branch_python_dop_operator_3.py
[2024-04-02T09:25:04.270+0000] {processor.py:836} INFO - DAG(s) dict_keys(['example_branch_dop_operator_v3']) retrieved from /usr/local/python/3.10.13/lib/python3.10/site-packages/airflow/example_dags/example_branch_python_dop_operator_3.py
[2024-04-02T09:25:04.283+0000] {logging_mixin.py:150} INFO - [2024-04-02T09:25:04.283+0000] {dag.py:2742} INFO - Sync 1 DAGs
[2024-04-02T09:25:04.302+0000] {logging_mixin.py:150} INFO - [2024-04-02T09:25:04.302+0000] {dag.py:3504} INFO - Setting next_dagrun for example_branch_dop_operator_v3 to 2024-04-02T09:24:00+00:00, run_after=2024-04-02T09:25:00+00:00
[2024-04-02T09:25:04.340+0000] {processor.py:179} INFO - Processing /usr/local/python/3.10.13/lib/python3.10/site-packages/airflow/example_dags/example_branch_python_dop_operator_3.py took 0.080 seconds
[2024-04-02T09:26:07.955+0000] {processor.py:157} INFO - Started process (PID=25488) to work on /usr/local/python/3.10.13/lib/python3.10/site-packages/airflow/example_dags/example_branch_python_dop_operator_3.py
[2024-04-02T09:26:07.956+0000] {processor.py:826} INFO - Processing file /usr/local/python/3.10.13/lib/python3.10/site-packages/airflow/example_dags/example_branch_python_dop_operator_3.py for tasks to queue
[2024-04-02T09:26:07.957+0000] {logging_mixin.py:150} INFO - [2024-04-02T09:26:07.957+0000] {dagbag.py:541} INFO - Filling up the DagBag from /usr/local/python/3.10.13/lib/python3.10/site-packages/airflow/example_dags/example_branch_python_dop_operator_3.py
[2024-04-02T09:26:07.967+0000] {processor.py:836} INFO - DAG(s) dict_keys(['example_branch_dop_operator_v3']) retrieved from /usr/local/python/3.10.13/lib/python3.10/site-packages/airflow/example_dags/example_branch_python_dop_operator_3.py
[2024-04-02T09:26:07.986+0000] {logging_mixin.py:150} INFO - [2024-04-02T09:26:07.986+0000] {dag.py:2742} INFO - Sync 1 DAGs
[2024-04-02T09:26:08.019+0000] {logging_mixin.py:150} INFO - [2024-04-02T09:26:08.018+0000] {dag.py:3504} INFO - Setting next_dagrun for example_branch_dop_operator_v3 to 2024-04-02T09:25:00+00:00, run_after=2024-04-02T09:26:00+00:00
[2024-04-02T09:26:08.190+0000] {processor.py:179} INFO - Processing /usr/local/python/3.10.13/lib/python3.10/site-packages/airflow/example_dags/example_branch_python_dop_operator_3.py took 0.238 seconds
[2024-04-02T09:27:09.003+0000] {processor.py:157} INFO - Started process (PID=25908) to work on /usr/local/python/3.10.13/lib/python3.10/site-packages/airflow/example_dags/example_branch_python_dop_operator_3.py
[2024-04-02T09:27:09.004+0000] {processor.py:826} INFO - Processing file /usr/local/python/3.10.13/lib/python3.10/site-packages/airflow/example_dags/example_branch_python_dop_operator_3.py for tasks to queue
[2024-04-02T09:27:09.004+0000] {logging_mixin.py:150} INFO - [2024-04-02T09:27:09.004+0000] {dagbag.py:541} INFO - Filling up the DagBag from /usr/local/python/3.10.13/lib/python3.10/site-packages/airflow/example_dags/example_branch_python_dop_operator_3.py
[2024-04-02T09:27:09.011+0000] {processor.py:836} INFO - DAG(s) dict_keys(['example_branch_dop_operator_v3']) retrieved from /usr/local/python/3.10.13/lib/python3.10/site-packages/airflow/example_dags/example_branch_python_dop_operator_3.py
[2024-04-02T09:27:09.024+0000] {logging_mixin.py:150} INFO - [2024-04-02T09:27:09.023+0000] {dag.py:2742} INFO - Sync 1 DAGs
[2024-04-02T09:27:09.127+0000] {logging_mixin.py:150} INFO - [2024-04-02T09:27:09.127+0000] {dag.py:3504} INFO - Setting next_dagrun for example_branch_dop_operator_v3 to 2024-04-02T09:26:00+00:00, run_after=2024-04-02T09:27:00+00:00
[2024-04-02T09:27:09.164+0000] {processor.py:179} INFO - Processing /usr/local/python/3.10.13/lib/python3.10/site-packages/airflow/example_dags/example_branch_python_dop_operator_3.py took 0.164 seconds
[2024-04-02T09:28:10.206+0000] {processor.py:157} INFO - Started process (PID=26320) to work on /usr/local/python/3.10.13/lib/python3.10/site-packages/airflow/example_dags/example_branch_python_dop_operator_3.py
[2024-04-02T09:28:10.208+0000] {processor.py:826} INFO - Processing file /usr/local/python/3.10.13/lib/python3.10/site-packages/airflow/example_dags/example_branch_python_dop_operator_3.py for tasks to queue
[2024-04-02T09:28:10.209+0000] {logging_mixin.py:150} INFO - [2024-04-02T09:28:10.208+0000] {dagbag.py:541} INFO - Filling up the DagBag from /usr/local/python/3.10.13/lib/python3.10/site-packages/airflow/example_dags/example_branch_python_dop_operator_3.py
[2024-04-02T09:28:10.222+0000] {processor.py:836} INFO - DAG(s) dict_keys(['example_branch_dop_operator_v3']) retrieved from /usr/local/python/3.10.13/lib/python3.10/site-packages/airflow/example_dags/example_branch_python_dop_operator_3.py
[2024-04-02T09:28:10.255+0000] {logging_mixin.py:150} INFO - [2024-04-02T09:28:10.254+0000] {dag.py:2742} INFO - Sync 1 DAGs
[2024-04-02T09:28:10.286+0000] {logging_mixin.py:150} INFO - [2024-04-02T09:28:10.285+0000] {dag.py:3504} INFO - Setting next_dagrun for example_branch_dop_operator_v3 to 2024-04-02T09:27:00+00:00, run_after=2024-04-02T09:28:00+00:00
[2024-04-02T09:28:10.332+0000] {processor.py:179} INFO - Processing /usr/local/python/3.10.13/lib/python3.10/site-packages/airflow/example_dags/example_branch_python_dop_operator_3.py took 0.129 seconds
[2024-04-02T09:29:12.666+0000] {processor.py:157} INFO - Started process (PID=26743) to work on /usr/local/python/3.10.13/lib/python3.10/site-packages/airflow/example_dags/example_branch_python_dop_operator_3.py
[2024-04-02T09:29:12.677+0000] {processor.py:826} INFO - Processing file /usr/local/python/3.10.13/lib/python3.10/site-packages/airflow/example_dags/example_branch_python_dop_operator_3.py for tasks to queue
[2024-04-02T09:29:12.678+0000] {logging_mixin.py:150} INFO - [2024-04-02T09:29:12.677+0000] {dagbag.py:541} INFO - Filling up the DagBag from /usr/local/python/3.10.13/lib/python3.10/site-packages/airflow/example_dags/example_branch_python_dop_operator_3.py
[2024-04-02T09:29:12.688+0000] {processor.py:836} INFO - DAG(s) dict_keys(['example_branch_dop_operator_v3']) retrieved from /usr/local/python/3.10.13/lib/python3.10/site-packages/airflow/example_dags/example_branch_python_dop_operator_3.py
[2024-04-02T09:29:12.712+0000] {logging_mixin.py:150} INFO - [2024-04-02T09:29:12.712+0000] {dag.py:2742} INFO - Sync 1 DAGs
[2024-04-02T09:29:12.732+0000] {logging_mixin.py:150} INFO - [2024-04-02T09:29:12.732+0000] {dag.py:3504} INFO - Setting next_dagrun for example_branch_dop_operator_v3 to 2024-04-02T09:28:00+00:00, run_after=2024-04-02T09:29:00+00:00
[2024-04-02T09:29:12.769+0000] {processor.py:179} INFO - Processing /usr/local/python/3.10.13/lib/python3.10/site-packages/airflow/example_dags/example_branch_python_dop_operator_3.py took 0.107 seconds
[2024-04-02T09:30:04.881+0000] {processor.py:157} INFO - Started process (PID=27148) to work on /usr/local/python/3.10.13/lib/python3.10/site-packages/airflow/example_dags/example_branch_python_dop_operator_3.py
[2024-04-02T09:30:04.882+0000] {processor.py:826} INFO - Processing file /usr/local/python/3.10.13/lib/python3.10/site-packages/airflow/example_dags/example_branch_python_dop_operator_3.py for tasks to queue
[2024-04-02T09:30:04.883+0000] {logging_mixin.py:150} INFO - [2024-04-02T09:30:04.883+0000] {dagbag.py:541} INFO - Filling up the DagBag from /usr/local/python/3.10.13/lib/python3.10/site-packages/airflow/example_dags/example_branch_python_dop_operator_3.py
[2024-04-02T09:30:04.893+0000] {processor.py:836} INFO - DAG(s) dict_keys(['example_branch_dop_operator_v3']) retrieved from /usr/local/python/3.10.13/lib/python3.10/site-packages/airflow/example_dags/example_branch_python_dop_operator_3.py
[2024-04-02T09:30:04.917+0000] {logging_mixin.py:150} INFO - [2024-04-02T09:30:04.917+0000] {dag.py:2742} INFO - Sync 1 DAGs
[2024-04-02T09:30:04.951+0000] {logging_mixin.py:150} INFO - [2024-04-02T09:30:04.951+0000] {dag.py:3504} INFO - Setting next_dagrun for example_branch_dop_operator_v3 to 2024-04-02T09:29:00+00:00, run_after=2024-04-02T09:30:00+00:00
[2024-04-02T09:30:05.005+0000] {processor.py:179} INFO - Processing /usr/local/python/3.10.13/lib/python3.10/site-packages/airflow/example_dags/example_branch_python_dop_operator_3.py took 0.127 seconds
[2024-04-02T09:31:04.065+0000] {processor.py:157} INFO - Started process (PID=27548) to work on /usr/local/python/3.10.13/lib/python3.10/site-packages/airflow/example_dags/example_branch_python_dop_operator_3.py
[2024-04-02T09:31:04.066+0000] {processor.py:826} INFO - Processing file /usr/local/python/3.10.13/lib/python3.10/site-packages/airflow/example_dags/example_branch_python_dop_operator_3.py for tasks to queue
[2024-04-02T09:31:04.066+0000] {logging_mixin.py:150} INFO - [2024-04-02T09:31:04.066+0000] {dagbag.py:541} INFO - Filling up the DagBag from /usr/local/python/3.10.13/lib/python3.10/site-packages/airflow/example_dags/example_branch_python_dop_operator_3.py
[2024-04-02T09:31:04.073+0000] {processor.py:836} INFO - DAG(s) dict_keys(['example_branch_dop_operator_v3']) retrieved from /usr/local/python/3.10.13/lib/python3.10/site-packages/airflow/example_dags/example_branch_python_dop_operator_3.py
[2024-04-02T09:31:04.089+0000] {logging_mixin.py:150} INFO - [2024-04-02T09:31:04.089+0000] {dag.py:2742} INFO - Sync 1 DAGs
[2024-04-02T09:31:04.112+0000] {logging_mixin.py:150} INFO - [2024-04-02T09:31:04.112+0000] {dag.py:3504} INFO - Setting next_dagrun for example_branch_dop_operator_v3 to 2024-04-02T09:30:00+00:00, run_after=2024-04-02T09:31:00+00:00
[2024-04-02T09:31:04.157+0000] {processor.py:179} INFO - Processing /usr/local/python/3.10.13/lib/python3.10/site-packages/airflow/example_dags/example_branch_python_dop_operator_3.py took 0.094 seconds
[2024-04-02T09:32:02.279+0000] {processor.py:157} INFO - Started process (PID=27956) to work on /usr/local/python/3.10.13/lib/python3.10/site-packages/airflow/example_dags/example_branch_python_dop_operator_3.py
[2024-04-02T09:32:02.280+0000] {processor.py:826} INFO - Processing file /usr/local/python/3.10.13/lib/python3.10/site-packages/airflow/example_dags/example_branch_python_dop_operator_3.py for tasks to queue
[2024-04-02T09:32:02.281+0000] {logging_mixin.py:150} INFO - [2024-04-02T09:32:02.281+0000] {dagbag.py:541} INFO - Filling up the DagBag from /usr/local/python/3.10.13/lib/python3.10/site-packages/airflow/example_dags/example_branch_python_dop_operator_3.py
[2024-04-02T09:32:02.287+0000] {processor.py:836} INFO - DAG(s) dict_keys(['example_branch_dop_operator_v3']) retrieved from /usr/local/python/3.10.13/lib/python3.10/site-packages/airflow/example_dags/example_branch_python_dop_operator_3.py
[2024-04-02T09:32:02.300+0000] {logging_mixin.py:150} INFO - [2024-04-02T09:32:02.300+0000] {dag.py:2742} INFO - Sync 1 DAGs
[2024-04-02T09:32:02.319+0000] {logging_mixin.py:150} INFO - [2024-04-02T09:32:02.319+0000] {dag.py:3504} INFO - Setting next_dagrun for example_branch_dop_operator_v3 to 2024-04-02T09:31:00+00:00, run_after=2024-04-02T09:32:00+00:00
[2024-04-02T09:32:02.359+0000] {processor.py:179} INFO - Processing /usr/local/python/3.10.13/lib/python3.10/site-packages/airflow/example_dags/example_branch_python_dop_operator_3.py took 0.081 seconds
[2024-04-02T09:33:01.175+0000] {processor.py:157} INFO - Started process (PID=28337) to work on /usr/local/python/3.10.13/lib/python3.10/site-packages/airflow/example_dags/example_branch_python_dop_operator_3.py
[2024-04-02T09:33:01.176+0000] {processor.py:826} INFO - Processing file /usr/local/python/3.10.13/lib/python3.10/site-packages/airflow/example_dags/example_branch_python_dop_operator_3.py for tasks to queue
[2024-04-02T09:33:01.177+0000] {logging_mixin.py:150} INFO - [2024-04-02T09:33:01.177+0000] {dagbag.py:541} INFO - Filling up the DagBag from /usr/local/python/3.10.13/lib/python3.10/site-packages/airflow/example_dags/example_branch_python_dop_operator_3.py
[2024-04-02T09:33:01.188+0000] {processor.py:836} INFO - DAG(s) dict_keys(['example_branch_dop_operator_v3']) retrieved from /usr/local/python/3.10.13/lib/python3.10/site-packages/airflow/example_dags/example_branch_python_dop_operator_3.py
[2024-04-02T09:33:01.206+0000] {logging_mixin.py:150} INFO - [2024-04-02T09:33:01.206+0000] {dag.py:2742} INFO - Sync 1 DAGs
[2024-04-02T09:33:01.236+0000] {logging_mixin.py:150} INFO - [2024-04-02T09:33:01.235+0000] {dag.py:3504} INFO - Setting next_dagrun for example_branch_dop_operator_v3 to 2024-04-02T09:32:00+00:00, run_after=2024-04-02T09:33:00+00:00
[2024-04-02T09:33:01.284+0000] {processor.py:179} INFO - Processing /usr/local/python/3.10.13/lib/python3.10/site-packages/airflow/example_dags/example_branch_python_dop_operator_3.py took 0.113 seconds
[2024-04-02T09:33:59.894+0000] {processor.py:157} INFO - Started process (PID=28747) to work on /usr/local/python/3.10.13/lib/python3.10/site-packages/airflow/example_dags/example_branch_python_dop_operator_3.py
[2024-04-02T09:33:59.895+0000] {processor.py:826} INFO - Processing file /usr/local/python/3.10.13/lib/python3.10/site-packages/airflow/example_dags/example_branch_python_dop_operator_3.py for tasks to queue
[2024-04-02T09:33:59.896+0000] {logging_mixin.py:150} INFO - [2024-04-02T09:33:59.895+0000] {dagbag.py:541} INFO - Filling up the DagBag from /usr/local/python/3.10.13/lib/python3.10/site-packages/airflow/example_dags/example_branch_python_dop_operator_3.py
[2024-04-02T09:33:59.903+0000] {processor.py:836} INFO - DAG(s) dict_keys(['example_branch_dop_operator_v3']) retrieved from /usr/local/python/3.10.13/lib/python3.10/site-packages/airflow/example_dags/example_branch_python_dop_operator_3.py
[2024-04-02T09:33:59.917+0000] {logging_mixin.py:150} INFO - [2024-04-02T09:33:59.917+0000] {dag.py:2742} INFO - Sync 1 DAGs
[2024-04-02T09:33:59.936+0000] {logging_mixin.py:150} INFO - [2024-04-02T09:33:59.936+0000] {dag.py:3504} INFO - Setting next_dagrun for example_branch_dop_operator_v3 to 2024-04-02T09:32:00+00:00, run_after=2024-04-02T09:33:00+00:00
[2024-04-02T09:33:59.977+0000] {processor.py:179} INFO - Processing /usr/local/python/3.10.13/lib/python3.10/site-packages/airflow/example_dags/example_branch_python_dop_operator_3.py took 0.085 seconds
[2024-04-02T09:34:57.942+0000] {processor.py:157} INFO - Started process (PID=29172) to work on /usr/local/python/3.10.13/lib/python3.10/site-packages/airflow/example_dags/example_branch_python_dop_operator_3.py
[2024-04-02T09:34:57.943+0000] {processor.py:826} INFO - Processing file /usr/local/python/3.10.13/lib/python3.10/site-packages/airflow/example_dags/example_branch_python_dop_operator_3.py for tasks to queue
[2024-04-02T09:34:57.944+0000] {logging_mixin.py:150} INFO - [2024-04-02T09:34:57.943+0000] {dagbag.py:541} INFO - Filling up the DagBag from /usr/local/python/3.10.13/lib/python3.10/site-packages/airflow/example_dags/example_branch_python_dop_operator_3.py
[2024-04-02T09:34:57.954+0000] {processor.py:836} INFO - DAG(s) dict_keys(['example_branch_dop_operator_v3']) retrieved from /usr/local/python/3.10.13/lib/python3.10/site-packages/airflow/example_dags/example_branch_python_dop_operator_3.py
[2024-04-02T09:34:57.972+0000] {logging_mixin.py:150} INFO - [2024-04-02T09:34:57.971+0000] {dag.py:2742} INFO - Sync 1 DAGs
[2024-04-02T09:34:58.002+0000] {logging_mixin.py:150} INFO - [2024-04-02T09:34:58.001+0000] {dag.py:3504} INFO - Setting next_dagrun for example_branch_dop_operator_v3 to 2024-04-02T09:33:00+00:00, run_after=2024-04-02T09:34:00+00:00
[2024-04-02T09:34:58.063+0000] {processor.py:179} INFO - Processing /usr/local/python/3.10.13/lib/python3.10/site-packages/airflow/example_dags/example_branch_python_dop_operator_3.py took 0.125 seconds
[2024-04-02T09:35:51.650+0000] {processor.py:157} INFO - Started process (PID=29540) to work on /usr/local/python/3.10.13/lib/python3.10/site-packages/airflow/example_dags/example_branch_python_dop_operator_3.py
[2024-04-02T09:35:51.651+0000] {processor.py:826} INFO - Processing file /usr/local/python/3.10.13/lib/python3.10/site-packages/airflow/example_dags/example_branch_python_dop_operator_3.py for tasks to queue
[2024-04-02T09:35:51.652+0000] {logging_mixin.py:150} INFO - [2024-04-02T09:35:51.652+0000] {dagbag.py:541} INFO - Filling up the DagBag from /usr/local/python/3.10.13/lib/python3.10/site-packages/airflow/example_dags/example_branch_python_dop_operator_3.py
[2024-04-02T09:35:51.662+0000] {processor.py:836} INFO - DAG(s) dict_keys(['example_branch_dop_operator_v3']) retrieved from /usr/local/python/3.10.13/lib/python3.10/site-packages/airflow/example_dags/example_branch_python_dop_operator_3.py
[2024-04-02T09:35:51.685+0000] {logging_mixin.py:150} INFO - [2024-04-02T09:35:51.685+0000] {dag.py:2742} INFO - Sync 1 DAGs
[2024-04-02T09:35:51.716+0000] {logging_mixin.py:150} INFO - [2024-04-02T09:35:51.716+0000] {dag.py:3504} INFO - Setting next_dagrun for example_branch_dop_operator_v3 to 2024-04-02T09:34:00+00:00, run_after=2024-04-02T09:35:00+00:00
[2024-04-02T09:35:51.762+0000] {processor.py:179} INFO - Processing /usr/local/python/3.10.13/lib/python3.10/site-packages/airflow/example_dags/example_branch_python_dop_operator_3.py took 0.116 seconds
[2024-04-02T09:36:46.333+0000] {processor.py:157} INFO - Started process (PID=29906) to work on /usr/local/python/3.10.13/lib/python3.10/site-packages/airflow/example_dags/example_branch_python_dop_operator_3.py
[2024-04-02T09:36:46.334+0000] {processor.py:826} INFO - Processing file /usr/local/python/3.10.13/lib/python3.10/site-packages/airflow/example_dags/example_branch_python_dop_operator_3.py for tasks to queue
[2024-04-02T09:36:46.334+0000] {logging_mixin.py:150} INFO - [2024-04-02T09:36:46.334+0000] {dagbag.py:541} INFO - Filling up the DagBag from /usr/local/python/3.10.13/lib/python3.10/site-packages/airflow/example_dags/example_branch_python_dop_operator_3.py
[2024-04-02T09:36:46.342+0000] {processor.py:836} INFO - DAG(s) dict_keys(['example_branch_dop_operator_v3']) retrieved from /usr/local/python/3.10.13/lib/python3.10/site-packages/airflow/example_dags/example_branch_python_dop_operator_3.py
[2024-04-02T09:36:46.354+0000] {logging_mixin.py:150} INFO - [2024-04-02T09:36:46.354+0000] {dag.py:2742} INFO - Sync 1 DAGs
[2024-04-02T09:36:46.380+0000] {logging_mixin.py:150} INFO - [2024-04-02T09:36:46.380+0000] {dag.py:3504} INFO - Setting next_dagrun for example_branch_dop_operator_v3 to 2024-04-02T09:35:00+00:00, run_after=2024-04-02T09:36:00+00:00
[2024-04-02T09:36:46.420+0000] {processor.py:179} INFO - Processing /usr/local/python/3.10.13/lib/python3.10/site-packages/airflow/example_dags/example_branch_python_dop_operator_3.py took 0.090 seconds
[2024-04-02T09:37:42.447+0000] {processor.py:157} INFO - Started process (PID=30300) to work on /usr/local/python/3.10.13/lib/python3.10/site-packages/airflow/example_dags/example_branch_python_dop_operator_3.py
[2024-04-02T09:37:42.448+0000] {processor.py:826} INFO - Processing file /usr/local/python/3.10.13/lib/python3.10/site-packages/airflow/example_dags/example_branch_python_dop_operator_3.py for tasks to queue
[2024-04-02T09:37:42.449+0000] {logging_mixin.py:150} INFO - [2024-04-02T09:37:42.449+0000] {dagbag.py:541} INFO - Filling up the DagBag from /usr/local/python/3.10.13/lib/python3.10/site-packages/airflow/example_dags/example_branch_python_dop_operator_3.py
[2024-04-02T09:37:42.455+0000] {processor.py:836} INFO - DAG(s) dict_keys(['example_branch_dop_operator_v3']) retrieved from /usr/local/python/3.10.13/lib/python3.10/site-packages/airflow/example_dags/example_branch_python_dop_operator_3.py
[2024-04-02T09:37:42.469+0000] {logging_mixin.py:150} INFO - [2024-04-02T09:37:42.469+0000] {dag.py:2742} INFO - Sync 1 DAGs
[2024-04-02T09:37:42.490+0000] {logging_mixin.py:150} INFO - [2024-04-02T09:37:42.490+0000] {dag.py:3504} INFO - Setting next_dagrun for example_branch_dop_operator_v3 to 2024-04-02T09:36:00+00:00, run_after=2024-04-02T09:37:00+00:00
[2024-04-02T09:37:42.530+0000] {processor.py:179} INFO - Processing /usr/local/python/3.10.13/lib/python3.10/site-packages/airflow/example_dags/example_branch_python_dop_operator_3.py took 0.085 seconds
[2024-04-02T09:38:38.487+0000] {processor.py:157} INFO - Started process (PID=30668) to work on /usr/local/python/3.10.13/lib/python3.10/site-packages/airflow/example_dags/example_branch_python_dop_operator_3.py
[2024-04-02T09:38:38.488+0000] {processor.py:826} INFO - Processing file /usr/local/python/3.10.13/lib/python3.10/site-packages/airflow/example_dags/example_branch_python_dop_operator_3.py for tasks to queue
[2024-04-02T09:38:38.489+0000] {logging_mixin.py:150} INFO - [2024-04-02T09:38:38.489+0000] {dagbag.py:541} INFO - Filling up the DagBag from /usr/local/python/3.10.13/lib/python3.10/site-packages/airflow/example_dags/example_branch_python_dop_operator_3.py
[2024-04-02T09:38:38.495+0000] {processor.py:836} INFO - DAG(s) dict_keys(['example_branch_dop_operator_v3']) retrieved from /usr/local/python/3.10.13/lib/python3.10/site-packages/airflow/example_dags/example_branch_python_dop_operator_3.py
[2024-04-02T09:38:38.507+0000] {logging_mixin.py:150} INFO - [2024-04-02T09:38:38.507+0000] {dag.py:2742} INFO - Sync 1 DAGs
[2024-04-02T09:38:38.537+0000] {logging_mixin.py:150} INFO - [2024-04-02T09:38:38.536+0000] {dag.py:3504} INFO - Setting next_dagrun for example_branch_dop_operator_v3 to 2024-04-02T09:37:00+00:00, run_after=2024-04-02T09:38:00+00:00
[2024-04-02T09:38:38.583+0000] {processor.py:179} INFO - Processing /usr/local/python/3.10.13/lib/python3.10/site-packages/airflow/example_dags/example_branch_python_dop_operator_3.py took 0.097 seconds
[2024-04-02T09:39:35.631+0000] {processor.py:157} INFO - Started process (PID=31095) to work on /usr/local/python/3.10.13/lib/python3.10/site-packages/airflow/example_dags/example_branch_python_dop_operator_3.py
[2024-04-02T09:39:35.631+0000] {processor.py:826} INFO - Processing file /usr/local/python/3.10.13/lib/python3.10/site-packages/airflow/example_dags/example_branch_python_dop_operator_3.py for tasks to queue
[2024-04-02T09:39:35.632+0000] {logging_mixin.py:150} INFO - [2024-04-02T09:39:35.632+0000] {dagbag.py:541} INFO - Filling up the DagBag from /usr/local/python/3.10.13/lib/python3.10/site-packages/airflow/example_dags/example_branch_python_dop_operator_3.py
[2024-04-02T09:39:35.642+0000] {processor.py:836} INFO - DAG(s) dict_keys(['example_branch_dop_operator_v3']) retrieved from /usr/local/python/3.10.13/lib/python3.10/site-packages/airflow/example_dags/example_branch_python_dop_operator_3.py
[2024-04-02T09:39:35.659+0000] {logging_mixin.py:150} INFO - [2024-04-02T09:39:35.659+0000] {dag.py:2742} INFO - Sync 1 DAGs
[2024-04-02T09:39:35.691+0000] {logging_mixin.py:150} INFO - [2024-04-02T09:39:35.691+0000] {dag.py:3504} INFO - Setting next_dagrun for example_branch_dop_operator_v3 to 2024-04-02T09:38:00+00:00, run_after=2024-04-02T09:39:00+00:00
[2024-04-02T09:39:35.752+0000] {processor.py:179} INFO - Processing /usr/local/python/3.10.13/lib/python3.10/site-packages/airflow/example_dags/example_branch_python_dop_operator_3.py took 0.124 seconds
[2024-04-02T09:40:34.553+0000] {processor.py:157} INFO - Started process (PID=31523) to work on /usr/local/python/3.10.13/lib/python3.10/site-packages/airflow/example_dags/example_branch_python_dop_operator_3.py
[2024-04-02T09:40:34.553+0000] {processor.py:826} INFO - Processing file /usr/local/python/3.10.13/lib/python3.10/site-packages/airflow/example_dags/example_branch_python_dop_operator_3.py for tasks to queue
[2024-04-02T09:40:34.554+0000] {logging_mixin.py:150} INFO - [2024-04-02T09:40:34.554+0000] {dagbag.py:541} INFO - Filling up the DagBag from /usr/local/python/3.10.13/lib/python3.10/site-packages/airflow/example_dags/example_branch_python_dop_operator_3.py
[2024-04-02T09:40:34.560+0000] {processor.py:836} INFO - DAG(s) dict_keys(['example_branch_dop_operator_v3']) retrieved from /usr/local/python/3.10.13/lib/python3.10/site-packages/airflow/example_dags/example_branch_python_dop_operator_3.py
[2024-04-02T09:40:34.572+0000] {logging_mixin.py:150} INFO - [2024-04-02T09:40:34.572+0000] {dag.py:2742} INFO - Sync 1 DAGs
[2024-04-02T09:40:34.591+0000] {logging_mixin.py:150} INFO - [2024-04-02T09:40:34.591+0000] {dag.py:3504} INFO - Setting next_dagrun for example_branch_dop_operator_v3 to 2024-04-02T09:39:00+00:00, run_after=2024-04-02T09:40:00+00:00
[2024-04-02T09:40:34.631+0000] {processor.py:179} INFO - Processing /usr/local/python/3.10.13/lib/python3.10/site-packages/airflow/example_dags/example_branch_python_dop_operator_3.py took 0.080 seconds
[2024-04-02T09:41:30.541+0000] {processor.py:157} INFO - Started process (PID=31902) to work on /usr/local/python/3.10.13/lib/python3.10/site-packages/airflow/example_dags/example_branch_python_dop_operator_3.py
[2024-04-02T09:41:30.542+0000] {processor.py:826} INFO - Processing file /usr/local/python/3.10.13/lib/python3.10/site-packages/airflow/example_dags/example_branch_python_dop_operator_3.py for tasks to queue
[2024-04-02T09:41:30.543+0000] {logging_mixin.py:150} INFO - [2024-04-02T09:41:30.543+0000] {dagbag.py:541} INFO - Filling up the DagBag from /usr/local/python/3.10.13/lib/python3.10/site-packages/airflow/example_dags/example_branch_python_dop_operator_3.py
[2024-04-02T09:41:30.554+0000] {processor.py:836} INFO - DAG(s) dict_keys(['example_branch_dop_operator_v3']) retrieved from /usr/local/python/3.10.13/lib/python3.10/site-packages/airflow/example_dags/example_branch_python_dop_operator_3.py
[2024-04-02T09:41:30.573+0000] {logging_mixin.py:150} INFO - [2024-04-02T09:41:30.573+0000] {dag.py:2742} INFO - Sync 1 DAGs
[2024-04-02T09:41:30.605+0000] {logging_mixin.py:150} INFO - [2024-04-02T09:41:30.605+0000] {dag.py:3504} INFO - Setting next_dagrun for example_branch_dop_operator_v3 to 2024-04-02T09:40:00+00:00, run_after=2024-04-02T09:41:00+00:00
[2024-04-02T09:41:30.654+0000] {processor.py:179} INFO - Processing /usr/local/python/3.10.13/lib/python3.10/site-packages/airflow/example_dags/example_branch_python_dop_operator_3.py took 0.117 seconds
[2024-04-02T09:42:26.150+0000] {processor.py:157} INFO - Started process (PID=32288) to work on /usr/local/python/3.10.13/lib/python3.10/site-packages/airflow/example_dags/example_branch_python_dop_operator_3.py
[2024-04-02T09:42:26.151+0000] {processor.py:826} INFO - Processing file /usr/local/python/3.10.13/lib/python3.10/site-packages/airflow/example_dags/example_branch_python_dop_operator_3.py for tasks to queue
[2024-04-02T09:42:26.152+0000] {logging_mixin.py:150} INFO - [2024-04-02T09:42:26.152+0000] {dagbag.py:541} INFO - Filling up the DagBag from /usr/local/python/3.10.13/lib/python3.10/site-packages/airflow/example_dags/example_branch_python_dop_operator_3.py
[2024-04-02T09:42:26.162+0000] {processor.py:836} INFO - DAG(s) dict_keys(['example_branch_dop_operator_v3']) retrieved from /usr/local/python/3.10.13/lib/python3.10/site-packages/airflow/example_dags/example_branch_python_dop_operator_3.py
[2024-04-02T09:42:26.180+0000] {logging_mixin.py:150} INFO - [2024-04-02T09:42:26.180+0000] {dag.py:2742} INFO - Sync 1 DAGs
[2024-04-02T09:42:26.210+0000] {logging_mixin.py:150} INFO - [2024-04-02T09:42:26.210+0000] {dag.py:3504} INFO - Setting next_dagrun for example_branch_dop_operator_v3 to 2024-04-02T09:41:00+00:00, run_after=2024-04-02T09:42:00+00:00
[2024-04-02T09:42:26.255+0000] {processor.py:179} INFO - Processing /usr/local/python/3.10.13/lib/python3.10/site-packages/airflow/example_dags/example_branch_python_dop_operator_3.py took 0.109 seconds
[2024-04-02T09:43:27.444+0000] {processor.py:157} INFO - Started process (PID=32707) to work on /usr/local/python/3.10.13/lib/python3.10/site-packages/airflow/example_dags/example_branch_python_dop_operator_3.py
[2024-04-02T09:43:27.445+0000] {processor.py:826} INFO - Processing file /usr/local/python/3.10.13/lib/python3.10/site-packages/airflow/example_dags/example_branch_python_dop_operator_3.py for tasks to queue
[2024-04-02T09:43:27.446+0000] {logging_mixin.py:150} INFO - [2024-04-02T09:43:27.446+0000] {dagbag.py:541} INFO - Filling up the DagBag from /usr/local/python/3.10.13/lib/python3.10/site-packages/airflow/example_dags/example_branch_python_dop_operator_3.py
[2024-04-02T09:43:27.456+0000] {processor.py:836} INFO - DAG(s) dict_keys(['example_branch_dop_operator_v3']) retrieved from /usr/local/python/3.10.13/lib/python3.10/site-packages/airflow/example_dags/example_branch_python_dop_operator_3.py
[2024-04-02T09:43:27.476+0000] {logging_mixin.py:150} INFO - [2024-04-02T09:43:27.476+0000] {dag.py:2742} INFO - Sync 1 DAGs
[2024-04-02T09:43:27.506+0000] {logging_mixin.py:150} INFO - [2024-04-02T09:43:27.506+0000] {dag.py:3504} INFO - Setting next_dagrun for example_branch_dop_operator_v3 to 2024-04-02T09:42:00+00:00, run_after=2024-04-02T09:43:00+00:00
[2024-04-02T09:43:27.550+0000] {processor.py:179} INFO - Processing /usr/local/python/3.10.13/lib/python3.10/site-packages/airflow/example_dags/example_branch_python_dop_operator_3.py took 0.110 seconds
