[2024-04-02T08:57:23.450+0000] {processor.py:157} INFO - Started process (PID=11726) to work on /usr/local/python/3.10.13/lib/python3.10/site-packages/airflow/example_dags/example_dynamic_task_mapping.py
[2024-04-02T08:57:23.451+0000] {processor.py:826} INFO - Processing file /usr/local/python/3.10.13/lib/python3.10/site-packages/airflow/example_dags/example_dynamic_task_mapping.py for tasks to queue
[2024-04-02T08:57:23.452+0000] {logging_mixin.py:150} INFO - [2024-04-02T08:57:23.451+0000] {dagbag.py:541} INFO - Filling up the DagBag from /usr/local/python/3.10.13/lib/python3.10/site-packages/airflow/example_dags/example_dynamic_task_mapping.py
[2024-04-02T08:57:23.459+0000] {processor.py:836} INFO - DAG(s) dict_keys(['example_dynamic_task_mapping']) retrieved from /usr/local/python/3.10.13/lib/python3.10/site-packages/airflow/example_dags/example_dynamic_task_mapping.py
[2024-04-02T08:57:23.564+0000] {logging_mixin.py:150} INFO - [2024-04-02T08:57:23.564+0000] {dag.py:2742} INFO - Sync 1 DAGs
[2024-04-02T08:57:23.580+0000] {logging_mixin.py:150} INFO - [2024-04-02T08:57:23.580+0000] {dag.py:3504} INFO - Setting next_dagrun for example_dynamic_task_mapping to 2022-03-04T00:00:00+00:00, run_after=2022-03-05T00:00:00+00:00
[2024-04-02T08:57:23.628+0000] {processor.py:179} INFO - Processing /usr/local/python/3.10.13/lib/python3.10/site-packages/airflow/example_dags/example_dynamic_task_mapping.py took 0.181 seconds
[2024-04-02T08:58:29.174+0000] {processor.py:157} INFO - Started process (PID=12719) to work on /usr/local/python/3.10.13/lib/python3.10/site-packages/airflow/example_dags/example_dynamic_task_mapping.py
[2024-04-02T08:58:29.175+0000] {processor.py:826} INFO - Processing file /usr/local/python/3.10.13/lib/python3.10/site-packages/airflow/example_dags/example_dynamic_task_mapping.py for tasks to queue
[2024-04-02T08:58:29.175+0000] {logging_mixin.py:150} INFO - [2024-04-02T08:58:29.175+0000] {dagbag.py:541} INFO - Filling up the DagBag from /usr/local/python/3.10.13/lib/python3.10/site-packages/airflow/example_dags/example_dynamic_task_mapping.py
[2024-04-02T08:58:29.181+0000] {processor.py:836} INFO - DAG(s) dict_keys(['example_dynamic_task_mapping']) retrieved from /usr/local/python/3.10.13/lib/python3.10/site-packages/airflow/example_dags/example_dynamic_task_mapping.py
[2024-04-02T08:58:29.192+0000] {logging_mixin.py:150} INFO - [2024-04-02T08:58:29.192+0000] {dag.py:2742} INFO - Sync 1 DAGs
[2024-04-02T08:58:29.207+0000] {logging_mixin.py:150} INFO - [2024-04-02T08:58:29.207+0000] {dag.py:3504} INFO - Setting next_dagrun for example_dynamic_task_mapping to 2022-03-04T00:00:00+00:00, run_after=2022-03-05T00:00:00+00:00
[2024-04-02T08:58:29.245+0000] {processor.py:179} INFO - Processing /usr/local/python/3.10.13/lib/python3.10/site-packages/airflow/example_dags/example_dynamic_task_mapping.py took 0.073 seconds
[2024-04-02T09:00:23.683+0000] {processor.py:157} INFO - Started process (PID=14329) to work on /usr/local/python/3.10.13/lib/python3.10/site-packages/airflow/example_dags/example_dynamic_task_mapping.py
[2024-04-02T09:00:23.684+0000] {processor.py:826} INFO - Processing file /usr/local/python/3.10.13/lib/python3.10/site-packages/airflow/example_dags/example_dynamic_task_mapping.py for tasks to queue
[2024-04-02T09:00:23.685+0000] {logging_mixin.py:150} INFO - [2024-04-02T09:00:23.685+0000] {dagbag.py:541} INFO - Filling up the DagBag from /usr/local/python/3.10.13/lib/python3.10/site-packages/airflow/example_dags/example_dynamic_task_mapping.py
[2024-04-02T09:00:23.690+0000] {processor.py:836} INFO - DAG(s) dict_keys(['example_dynamic_task_mapping']) retrieved from /usr/local/python/3.10.13/lib/python3.10/site-packages/airflow/example_dags/example_dynamic_task_mapping.py
[2024-04-02T09:00:23.702+0000] {logging_mixin.py:150} INFO - [2024-04-02T09:00:23.702+0000] {dag.py:2742} INFO - Sync 1 DAGs
[2024-04-02T09:00:23.717+0000] {logging_mixin.py:150} INFO - [2024-04-02T09:00:23.717+0000] {dag.py:3504} INFO - Setting next_dagrun for example_dynamic_task_mapping to 2022-03-04T00:00:00+00:00, run_after=2022-03-05T00:00:00+00:00
[2024-04-02T09:00:23.757+0000] {processor.py:179} INFO - Processing /usr/local/python/3.10.13/lib/python3.10/site-packages/airflow/example_dags/example_dynamic_task_mapping.py took 0.075 seconds
[2024-04-02T09:01:20.373+0000] {processor.py:157} INFO - Started process (PID=14742) to work on /usr/local/python/3.10.13/lib/python3.10/site-packages/airflow/example_dags/example_dynamic_task_mapping.py
[2024-04-02T09:01:20.374+0000] {processor.py:826} INFO - Processing file /usr/local/python/3.10.13/lib/python3.10/site-packages/airflow/example_dags/example_dynamic_task_mapping.py for tasks to queue
[2024-04-02T09:01:20.375+0000] {logging_mixin.py:150} INFO - [2024-04-02T09:01:20.374+0000] {dagbag.py:541} INFO - Filling up the DagBag from /usr/local/python/3.10.13/lib/python3.10/site-packages/airflow/example_dags/example_dynamic_task_mapping.py
[2024-04-02T09:01:20.383+0000] {processor.py:836} INFO - DAG(s) dict_keys(['example_dynamic_task_mapping']) retrieved from /usr/local/python/3.10.13/lib/python3.10/site-packages/airflow/example_dags/example_dynamic_task_mapping.py
[2024-04-02T09:01:20.404+0000] {logging_mixin.py:150} INFO - [2024-04-02T09:01:20.404+0000] {dag.py:2742} INFO - Sync 1 DAGs
[2024-04-02T09:01:20.429+0000] {logging_mixin.py:150} INFO - [2024-04-02T09:01:20.429+0000] {dag.py:3504} INFO - Setting next_dagrun for example_dynamic_task_mapping to 2022-03-04T00:00:00+00:00, run_after=2022-03-05T00:00:00+00:00
[2024-04-02T09:01:20.475+0000] {processor.py:179} INFO - Processing /usr/local/python/3.10.13/lib/python3.10/site-packages/airflow/example_dags/example_dynamic_task_mapping.py took 0.105 seconds
[2024-04-02T09:02:18.324+0000] {processor.py:157} INFO - Started process (PID=15179) to work on /usr/local/python/3.10.13/lib/python3.10/site-packages/airflow/example_dags/example_dynamic_task_mapping.py
[2024-04-02T09:02:18.325+0000] {processor.py:826} INFO - Processing file /usr/local/python/3.10.13/lib/python3.10/site-packages/airflow/example_dags/example_dynamic_task_mapping.py for tasks to queue
[2024-04-02T09:02:18.326+0000] {logging_mixin.py:150} INFO - [2024-04-02T09:02:18.325+0000] {dagbag.py:541} INFO - Filling up the DagBag from /usr/local/python/3.10.13/lib/python3.10/site-packages/airflow/example_dags/example_dynamic_task_mapping.py
[2024-04-02T09:02:18.331+0000] {processor.py:836} INFO - DAG(s) dict_keys(['example_dynamic_task_mapping']) retrieved from /usr/local/python/3.10.13/lib/python3.10/site-packages/airflow/example_dags/example_dynamic_task_mapping.py
[2024-04-02T09:02:18.342+0000] {logging_mixin.py:150} INFO - [2024-04-02T09:02:18.342+0000] {dag.py:2742} INFO - Sync 1 DAGs
[2024-04-02T09:02:18.357+0000] {logging_mixin.py:150} INFO - [2024-04-02T09:02:18.357+0000] {dag.py:3504} INFO - Setting next_dagrun for example_dynamic_task_mapping to 2022-03-04T00:00:00+00:00, run_after=2022-03-05T00:00:00+00:00
[2024-04-02T09:02:18.396+0000] {processor.py:179} INFO - Processing /usr/local/python/3.10.13/lib/python3.10/site-packages/airflow/example_dags/example_dynamic_task_mapping.py took 0.074 seconds
[2024-04-02T09:03:17.381+0000] {processor.py:157} INFO - Started process (PID=15594) to work on /usr/local/python/3.10.13/lib/python3.10/site-packages/airflow/example_dags/example_dynamic_task_mapping.py
[2024-04-02T09:03:17.382+0000] {processor.py:826} INFO - Processing file /usr/local/python/3.10.13/lib/python3.10/site-packages/airflow/example_dags/example_dynamic_task_mapping.py for tasks to queue
[2024-04-02T09:03:17.383+0000] {logging_mixin.py:150} INFO - [2024-04-02T09:03:17.382+0000] {dagbag.py:541} INFO - Filling up the DagBag from /usr/local/python/3.10.13/lib/python3.10/site-packages/airflow/example_dags/example_dynamic_task_mapping.py
[2024-04-02T09:03:17.391+0000] {processor.py:836} INFO - DAG(s) dict_keys(['example_dynamic_task_mapping']) retrieved from /usr/local/python/3.10.13/lib/python3.10/site-packages/airflow/example_dags/example_dynamic_task_mapping.py
[2024-04-02T09:03:17.407+0000] {logging_mixin.py:150} INFO - [2024-04-02T09:03:17.407+0000] {dag.py:2742} INFO - Sync 1 DAGs
[2024-04-02T09:03:17.431+0000] {logging_mixin.py:150} INFO - [2024-04-02T09:03:17.431+0000] {dag.py:3504} INFO - Setting next_dagrun for example_dynamic_task_mapping to 2022-03-04T00:00:00+00:00, run_after=2022-03-05T00:00:00+00:00
[2024-04-02T09:03:17.478+0000] {processor.py:179} INFO - Processing /usr/local/python/3.10.13/lib/python3.10/site-packages/airflow/example_dags/example_dynamic_task_mapping.py took 0.101 seconds
[2024-04-02T09:04:17.300+0000] {processor.py:157} INFO - Started process (PID=15999) to work on /usr/local/python/3.10.13/lib/python3.10/site-packages/airflow/example_dags/example_dynamic_task_mapping.py
[2024-04-02T09:04:17.301+0000] {processor.py:826} INFO - Processing file /usr/local/python/3.10.13/lib/python3.10/site-packages/airflow/example_dags/example_dynamic_task_mapping.py for tasks to queue
[2024-04-02T09:04:17.302+0000] {logging_mixin.py:150} INFO - [2024-04-02T09:04:17.302+0000] {dagbag.py:541} INFO - Filling up the DagBag from /usr/local/python/3.10.13/lib/python3.10/site-packages/airflow/example_dags/example_dynamic_task_mapping.py
[2024-04-02T09:04:17.312+0000] {processor.py:836} INFO - DAG(s) dict_keys(['example_dynamic_task_mapping']) retrieved from /usr/local/python/3.10.13/lib/python3.10/site-packages/airflow/example_dags/example_dynamic_task_mapping.py
[2024-04-02T09:04:17.330+0000] {logging_mixin.py:150} INFO - [2024-04-02T09:04:17.330+0000] {dag.py:2742} INFO - Sync 1 DAGs
[2024-04-02T09:04:17.354+0000] {logging_mixin.py:150} INFO - [2024-04-02T09:04:17.353+0000] {dag.py:3504} INFO - Setting next_dagrun for example_dynamic_task_mapping to 2022-03-04T00:00:00+00:00, run_after=2022-03-05T00:00:00+00:00
[2024-04-02T09:04:17.395+0000] {processor.py:179} INFO - Processing /usr/local/python/3.10.13/lib/python3.10/site-packages/airflow/example_dags/example_dynamic_task_mapping.py took 0.097 seconds
[2024-04-02T09:05:07.158+0000] {processor.py:157} INFO - Started process (PID=16366) to work on /usr/local/python/3.10.13/lib/python3.10/site-packages/airflow/example_dags/example_dynamic_task_mapping.py
[2024-04-02T09:05:07.159+0000] {processor.py:826} INFO - Processing file /usr/local/python/3.10.13/lib/python3.10/site-packages/airflow/example_dags/example_dynamic_task_mapping.py for tasks to queue
[2024-04-02T09:05:07.160+0000] {logging_mixin.py:150} INFO - [2024-04-02T09:05:07.160+0000] {dagbag.py:541} INFO - Filling up the DagBag from /usr/local/python/3.10.13/lib/python3.10/site-packages/airflow/example_dags/example_dynamic_task_mapping.py
[2024-04-02T09:05:07.168+0000] {processor.py:836} INFO - DAG(s) dict_keys(['example_dynamic_task_mapping']) retrieved from /usr/local/python/3.10.13/lib/python3.10/site-packages/airflow/example_dags/example_dynamic_task_mapping.py
[2024-04-02T09:05:07.186+0000] {logging_mixin.py:150} INFO - [2024-04-02T09:05:07.186+0000] {dag.py:2742} INFO - Sync 1 DAGs
[2024-04-02T09:05:07.212+0000] {logging_mixin.py:150} INFO - [2024-04-02T09:05:07.212+0000] {dag.py:3504} INFO - Setting next_dagrun for example_dynamic_task_mapping to 2022-03-04T00:00:00+00:00, run_after=2022-03-05T00:00:00+00:00
[2024-04-02T09:05:07.268+0000] {processor.py:179} INFO - Processing /usr/local/python/3.10.13/lib/python3.10/site-packages/airflow/example_dags/example_dynamic_task_mapping.py took 0.113 seconds
[2024-04-02T09:06:10.383+0000] {processor.py:157} INFO - Started process (PID=16811) to work on /usr/local/python/3.10.13/lib/python3.10/site-packages/airflow/example_dags/example_dynamic_task_mapping.py
[2024-04-02T09:06:10.384+0000] {processor.py:826} INFO - Processing file /usr/local/python/3.10.13/lib/python3.10/site-packages/airflow/example_dags/example_dynamic_task_mapping.py for tasks to queue
[2024-04-02T09:06:10.385+0000] {logging_mixin.py:150} INFO - [2024-04-02T09:06:10.385+0000] {dagbag.py:541} INFO - Filling up the DagBag from /usr/local/python/3.10.13/lib/python3.10/site-packages/airflow/example_dags/example_dynamic_task_mapping.py
[2024-04-02T09:06:10.394+0000] {processor.py:836} INFO - DAG(s) dict_keys(['example_dynamic_task_mapping']) retrieved from /usr/local/python/3.10.13/lib/python3.10/site-packages/airflow/example_dags/example_dynamic_task_mapping.py
[2024-04-02T09:06:10.425+0000] {logging_mixin.py:150} INFO - [2024-04-02T09:06:10.416+0000] {dag.py:2742} INFO - Sync 1 DAGs
[2024-04-02T09:06:10.480+0000] {logging_mixin.py:150} INFO - [2024-04-02T09:06:10.479+0000] {dag.py:3504} INFO - Setting next_dagrun for example_dynamic_task_mapping to 2022-03-04T00:00:00+00:00, run_after=2022-03-05T00:00:00+00:00
[2024-04-02T09:06:10.542+0000] {processor.py:179} INFO - Processing /usr/local/python/3.10.13/lib/python3.10/site-packages/airflow/example_dags/example_dynamic_task_mapping.py took 0.162 seconds
[2024-04-02T09:07:11.375+0000] {processor.py:157} INFO - Started process (PID=17655) to work on /usr/local/python/3.10.13/lib/python3.10/site-packages/airflow/example_dags/example_dynamic_task_mapping.py
[2024-04-02T09:07:11.376+0000] {processor.py:826} INFO - Processing file /usr/local/python/3.10.13/lib/python3.10/site-packages/airflow/example_dags/example_dynamic_task_mapping.py for tasks to queue
[2024-04-02T09:07:11.377+0000] {logging_mixin.py:150} INFO - [2024-04-02T09:07:11.376+0000] {dagbag.py:541} INFO - Filling up the DagBag from /usr/local/python/3.10.13/lib/python3.10/site-packages/airflow/example_dags/example_dynamic_task_mapping.py
[2024-04-02T09:07:11.385+0000] {processor.py:836} INFO - DAG(s) dict_keys(['example_dynamic_task_mapping']) retrieved from /usr/local/python/3.10.13/lib/python3.10/site-packages/airflow/example_dags/example_dynamic_task_mapping.py
[2024-04-02T09:07:11.399+0000] {logging_mixin.py:150} INFO - [2024-04-02T09:07:11.399+0000] {dag.py:2742} INFO - Sync 1 DAGs
[2024-04-02T09:07:11.420+0000] {logging_mixin.py:150} INFO - [2024-04-02T09:07:11.420+0000] {dag.py:3504} INFO - Setting next_dagrun for example_dynamic_task_mapping to 2022-03-04T00:00:00+00:00, run_after=2022-03-05T00:00:00+00:00
[2024-04-02T09:07:11.462+0000] {processor.py:179} INFO - Processing /usr/local/python/3.10.13/lib/python3.10/site-packages/airflow/example_dags/example_dynamic_task_mapping.py took 0.090 seconds
[2024-04-02T09:08:09.449+0000] {processor.py:157} INFO - Started process (PID=18032) to work on /usr/local/python/3.10.13/lib/python3.10/site-packages/airflow/example_dags/example_dynamic_task_mapping.py
[2024-04-02T09:08:09.450+0000] {processor.py:826} INFO - Processing file /usr/local/python/3.10.13/lib/python3.10/site-packages/airflow/example_dags/example_dynamic_task_mapping.py for tasks to queue
[2024-04-02T09:08:09.451+0000] {logging_mixin.py:150} INFO - [2024-04-02T09:08:09.451+0000] {dagbag.py:541} INFO - Filling up the DagBag from /usr/local/python/3.10.13/lib/python3.10/site-packages/airflow/example_dags/example_dynamic_task_mapping.py
[2024-04-02T09:08:09.459+0000] {processor.py:836} INFO - DAG(s) dict_keys(['example_dynamic_task_mapping']) retrieved from /usr/local/python/3.10.13/lib/python3.10/site-packages/airflow/example_dags/example_dynamic_task_mapping.py
[2024-04-02T09:08:09.475+0000] {logging_mixin.py:150} INFO - [2024-04-02T09:08:09.475+0000] {dag.py:2742} INFO - Sync 1 DAGs
[2024-04-02T09:08:09.493+0000] {logging_mixin.py:150} INFO - [2024-04-02T09:08:09.493+0000] {dag.py:3504} INFO - Setting next_dagrun for example_dynamic_task_mapping to 2022-03-04T00:00:00+00:00, run_after=2022-03-05T00:00:00+00:00
[2024-04-02T09:08:09.531+0000] {processor.py:179} INFO - Processing /usr/local/python/3.10.13/lib/python3.10/site-packages/airflow/example_dags/example_dynamic_task_mapping.py took 0.085 seconds
[2024-04-02T09:09:05.821+0000] {processor.py:157} INFO - Started process (PID=18426) to work on /usr/local/python/3.10.13/lib/python3.10/site-packages/airflow/example_dags/example_dynamic_task_mapping.py
[2024-04-02T09:09:05.826+0000] {processor.py:826} INFO - Processing file /usr/local/python/3.10.13/lib/python3.10/site-packages/airflow/example_dags/example_dynamic_task_mapping.py for tasks to queue
[2024-04-02T09:09:05.828+0000] {logging_mixin.py:150} INFO - [2024-04-02T09:09:05.828+0000] {dagbag.py:541} INFO - Filling up the DagBag from /usr/local/python/3.10.13/lib/python3.10/site-packages/airflow/example_dags/example_dynamic_task_mapping.py
[2024-04-02T09:09:05.846+0000] {processor.py:836} INFO - DAG(s) dict_keys(['example_dynamic_task_mapping']) retrieved from /usr/local/python/3.10.13/lib/python3.10/site-packages/airflow/example_dags/example_dynamic_task_mapping.py
[2024-04-02T09:09:05.882+0000] {logging_mixin.py:150} INFO - [2024-04-02T09:09:05.882+0000] {dag.py:2742} INFO - Sync 1 DAGs
[2024-04-02T09:09:05.922+0000] {logging_mixin.py:150} INFO - [2024-04-02T09:09:05.922+0000] {dag.py:3504} INFO - Setting next_dagrun for example_dynamic_task_mapping to 2022-03-04T00:00:00+00:00, run_after=2022-03-05T00:00:00+00:00
[2024-04-02T09:09:05.978+0000] {processor.py:179} INFO - Processing /usr/local/python/3.10.13/lib/python3.10/site-packages/airflow/example_dags/example_dynamic_task_mapping.py took 0.161 seconds
[2024-04-02T09:10:01.502+0000] {processor.py:157} INFO - Started process (PID=18820) to work on /usr/local/python/3.10.13/lib/python3.10/site-packages/airflow/example_dags/example_dynamic_task_mapping.py
[2024-04-02T09:10:01.503+0000] {processor.py:826} INFO - Processing file /usr/local/python/3.10.13/lib/python3.10/site-packages/airflow/example_dags/example_dynamic_task_mapping.py for tasks to queue
[2024-04-02T09:10:01.504+0000] {logging_mixin.py:150} INFO - [2024-04-02T09:10:01.503+0000] {dagbag.py:541} INFO - Filling up the DagBag from /usr/local/python/3.10.13/lib/python3.10/site-packages/airflow/example_dags/example_dynamic_task_mapping.py
[2024-04-02T09:10:01.511+0000] {processor.py:836} INFO - DAG(s) dict_keys(['example_dynamic_task_mapping']) retrieved from /usr/local/python/3.10.13/lib/python3.10/site-packages/airflow/example_dags/example_dynamic_task_mapping.py
[2024-04-02T09:10:01.522+0000] {logging_mixin.py:150} INFO - [2024-04-02T09:10:01.522+0000] {dag.py:2742} INFO - Sync 1 DAGs
[2024-04-02T09:10:01.537+0000] {logging_mixin.py:150} INFO - [2024-04-02T09:10:01.537+0000] {dag.py:3504} INFO - Setting next_dagrun for example_dynamic_task_mapping to 2022-03-04T00:00:00+00:00, run_after=2022-03-05T00:00:00+00:00
[2024-04-02T09:10:01.579+0000] {processor.py:179} INFO - Processing /usr/local/python/3.10.13/lib/python3.10/site-packages/airflow/example_dags/example_dynamic_task_mapping.py took 0.079 seconds
[2024-04-02T09:11:01.973+0000] {processor.py:157} INFO - Started process (PID=19230) to work on /usr/local/python/3.10.13/lib/python3.10/site-packages/airflow/example_dags/example_dynamic_task_mapping.py
[2024-04-02T09:11:01.974+0000] {processor.py:826} INFO - Processing file /usr/local/python/3.10.13/lib/python3.10/site-packages/airflow/example_dags/example_dynamic_task_mapping.py for tasks to queue
[2024-04-02T09:11:01.976+0000] {logging_mixin.py:150} INFO - [2024-04-02T09:11:01.975+0000] {dagbag.py:541} INFO - Filling up the DagBag from /usr/local/python/3.10.13/lib/python3.10/site-packages/airflow/example_dags/example_dynamic_task_mapping.py
[2024-04-02T09:11:01.984+0000] {processor.py:836} INFO - DAG(s) dict_keys(['example_dynamic_task_mapping']) retrieved from /usr/local/python/3.10.13/lib/python3.10/site-packages/airflow/example_dags/example_dynamic_task_mapping.py
[2024-04-02T09:11:02.002+0000] {logging_mixin.py:150} INFO - [2024-04-02T09:11:02.002+0000] {dag.py:2742} INFO - Sync 1 DAGs
[2024-04-02T09:11:02.026+0000] {logging_mixin.py:150} INFO - [2024-04-02T09:11:02.026+0000] {dag.py:3504} INFO - Setting next_dagrun for example_dynamic_task_mapping to 2022-03-04T00:00:00+00:00, run_after=2022-03-05T00:00:00+00:00
[2024-04-02T09:11:02.071+0000] {processor.py:179} INFO - Processing /usr/local/python/3.10.13/lib/python3.10/site-packages/airflow/example_dags/example_dynamic_task_mapping.py took 0.101 seconds
[2024-04-02T09:12:00.901+0000] {processor.py:157} INFO - Started process (PID=19633) to work on /usr/local/python/3.10.13/lib/python3.10/site-packages/airflow/example_dags/example_dynamic_task_mapping.py
[2024-04-02T09:12:00.905+0000] {processor.py:826} INFO - Processing file /usr/local/python/3.10.13/lib/python3.10/site-packages/airflow/example_dags/example_dynamic_task_mapping.py for tasks to queue
[2024-04-02T09:12:00.906+0000] {logging_mixin.py:150} INFO - [2024-04-02T09:12:00.905+0000] {dagbag.py:541} INFO - Filling up the DagBag from /usr/local/python/3.10.13/lib/python3.10/site-packages/airflow/example_dags/example_dynamic_task_mapping.py
[2024-04-02T09:12:00.920+0000] {processor.py:836} INFO - DAG(s) dict_keys(['example_dynamic_task_mapping']) retrieved from /usr/local/python/3.10.13/lib/python3.10/site-packages/airflow/example_dags/example_dynamic_task_mapping.py
[2024-04-02T09:12:00.935+0000] {logging_mixin.py:150} INFO - [2024-04-02T09:12:00.935+0000] {dag.py:2742} INFO - Sync 1 DAGs
[2024-04-02T09:12:00.958+0000] {logging_mixin.py:150} INFO - [2024-04-02T09:12:00.958+0000] {dag.py:3504} INFO - Setting next_dagrun for example_dynamic_task_mapping to 2022-03-04T00:00:00+00:00, run_after=2022-03-05T00:00:00+00:00
[2024-04-02T09:12:00.998+0000] {processor.py:179} INFO - Processing /usr/local/python/3.10.13/lib/python3.10/site-packages/airflow/example_dags/example_dynamic_task_mapping.py took 0.101 seconds
[2024-04-02T09:13:01.759+0000] {processor.py:157} INFO - Started process (PID=20046) to work on /usr/local/python/3.10.13/lib/python3.10/site-packages/airflow/example_dags/example_dynamic_task_mapping.py
[2024-04-02T09:13:01.761+0000] {processor.py:826} INFO - Processing file /usr/local/python/3.10.13/lib/python3.10/site-packages/airflow/example_dags/example_dynamic_task_mapping.py for tasks to queue
[2024-04-02T09:13:01.762+0000] {logging_mixin.py:150} INFO - [2024-04-02T09:13:01.762+0000] {dagbag.py:541} INFO - Filling up the DagBag from /usr/local/python/3.10.13/lib/python3.10/site-packages/airflow/example_dags/example_dynamic_task_mapping.py
[2024-04-02T09:13:01.768+0000] {processor.py:836} INFO - DAG(s) dict_keys(['example_dynamic_task_mapping']) retrieved from /usr/local/python/3.10.13/lib/python3.10/site-packages/airflow/example_dags/example_dynamic_task_mapping.py
[2024-04-02T09:13:01.781+0000] {logging_mixin.py:150} INFO - [2024-04-02T09:13:01.781+0000] {dag.py:2742} INFO - Sync 1 DAGs
[2024-04-02T09:13:01.803+0000] {logging_mixin.py:150} INFO - [2024-04-02T09:13:01.802+0000] {dag.py:3504} INFO - Setting next_dagrun for example_dynamic_task_mapping to 2022-03-04T00:00:00+00:00, run_after=2022-03-05T00:00:00+00:00
[2024-04-02T09:13:01.849+0000] {processor.py:179} INFO - Processing /usr/local/python/3.10.13/lib/python3.10/site-packages/airflow/example_dags/example_dynamic_task_mapping.py took 0.093 seconds
[2024-04-02T09:13:56.944+0000] {processor.py:157} INFO - Started process (PID=20421) to work on /usr/local/python/3.10.13/lib/python3.10/site-packages/airflow/example_dags/example_dynamic_task_mapping.py
[2024-04-02T09:13:56.945+0000] {processor.py:826} INFO - Processing file /usr/local/python/3.10.13/lib/python3.10/site-packages/airflow/example_dags/example_dynamic_task_mapping.py for tasks to queue
[2024-04-02T09:13:56.946+0000] {logging_mixin.py:150} INFO - [2024-04-02T09:13:56.946+0000] {dagbag.py:541} INFO - Filling up the DagBag from /usr/local/python/3.10.13/lib/python3.10/site-packages/airflow/example_dags/example_dynamic_task_mapping.py
[2024-04-02T09:13:56.951+0000] {processor.py:836} INFO - DAG(s) dict_keys(['example_dynamic_task_mapping']) retrieved from /usr/local/python/3.10.13/lib/python3.10/site-packages/airflow/example_dags/example_dynamic_task_mapping.py
[2024-04-02T09:13:56.962+0000] {logging_mixin.py:150} INFO - [2024-04-02T09:13:56.962+0000] {dag.py:2742} INFO - Sync 1 DAGs
[2024-04-02T09:13:56.977+0000] {logging_mixin.py:150} INFO - [2024-04-02T09:13:56.977+0000] {dag.py:3504} INFO - Setting next_dagrun for example_dynamic_task_mapping to 2022-03-04T00:00:00+00:00, run_after=2022-03-05T00:00:00+00:00
[2024-04-02T09:13:57.020+0000] {processor.py:179} INFO - Processing /usr/local/python/3.10.13/lib/python3.10/site-packages/airflow/example_dags/example_dynamic_task_mapping.py took 0.078 seconds
[2024-04-02T09:14:50.079+0000] {processor.py:157} INFO - Started process (PID=20825) to work on /usr/local/python/3.10.13/lib/python3.10/site-packages/airflow/example_dags/example_dynamic_task_mapping.py
[2024-04-02T09:14:50.080+0000] {processor.py:826} INFO - Processing file /usr/local/python/3.10.13/lib/python3.10/site-packages/airflow/example_dags/example_dynamic_task_mapping.py for tasks to queue
[2024-04-02T09:14:50.081+0000] {logging_mixin.py:150} INFO - [2024-04-02T09:14:50.080+0000] {dagbag.py:541} INFO - Filling up the DagBag from /usr/local/python/3.10.13/lib/python3.10/site-packages/airflow/example_dags/example_dynamic_task_mapping.py
[2024-04-02T09:14:50.086+0000] {processor.py:836} INFO - DAG(s) dict_keys(['example_dynamic_task_mapping']) retrieved from /usr/local/python/3.10.13/lib/python3.10/site-packages/airflow/example_dags/example_dynamic_task_mapping.py
[2024-04-02T09:14:50.097+0000] {logging_mixin.py:150} INFO - [2024-04-02T09:14:50.097+0000] {dag.py:2742} INFO - Sync 1 DAGs
[2024-04-02T09:14:50.112+0000] {logging_mixin.py:150} INFO - [2024-04-02T09:14:50.112+0000] {dag.py:3504} INFO - Setting next_dagrun for example_dynamic_task_mapping to 2022-03-04T00:00:00+00:00, run_after=2022-03-05T00:00:00+00:00
[2024-04-02T09:14:50.150+0000] {processor.py:179} INFO - Processing /usr/local/python/3.10.13/lib/python3.10/site-packages/airflow/example_dags/example_dynamic_task_mapping.py took 0.073 seconds
[2024-04-02T09:15:41.816+0000] {processor.py:157} INFO - Started process (PID=21176) to work on /usr/local/python/3.10.13/lib/python3.10/site-packages/airflow/example_dags/example_dynamic_task_mapping.py
[2024-04-02T09:15:41.817+0000] {processor.py:826} INFO - Processing file /usr/local/python/3.10.13/lib/python3.10/site-packages/airflow/example_dags/example_dynamic_task_mapping.py for tasks to queue
[2024-04-02T09:15:41.818+0000] {logging_mixin.py:150} INFO - [2024-04-02T09:15:41.817+0000] {dagbag.py:541} INFO - Filling up the DagBag from /usr/local/python/3.10.13/lib/python3.10/site-packages/airflow/example_dags/example_dynamic_task_mapping.py
[2024-04-02T09:15:41.825+0000] {processor.py:836} INFO - DAG(s) dict_keys(['example_dynamic_task_mapping']) retrieved from /usr/local/python/3.10.13/lib/python3.10/site-packages/airflow/example_dags/example_dynamic_task_mapping.py
[2024-04-02T09:15:41.841+0000] {logging_mixin.py:150} INFO - [2024-04-02T09:15:41.841+0000] {dag.py:2742} INFO - Sync 1 DAGs
[2024-04-02T09:15:41.863+0000] {logging_mixin.py:150} INFO - [2024-04-02T09:15:41.863+0000] {dag.py:3504} INFO - Setting next_dagrun for example_dynamic_task_mapping to 2022-03-04T00:00:00+00:00, run_after=2022-03-05T00:00:00+00:00
[2024-04-02T09:15:41.908+0000] {processor.py:179} INFO - Processing /usr/local/python/3.10.13/lib/python3.10/site-packages/airflow/example_dags/example_dynamic_task_mapping.py took 0.095 seconds
[2024-04-02T09:16:39.295+0000] {processor.py:157} INFO - Started process (PID=21565) to work on /usr/local/python/3.10.13/lib/python3.10/site-packages/airflow/example_dags/example_dynamic_task_mapping.py
[2024-04-02T09:16:39.296+0000] {processor.py:826} INFO - Processing file /usr/local/python/3.10.13/lib/python3.10/site-packages/airflow/example_dags/example_dynamic_task_mapping.py for tasks to queue
[2024-04-02T09:16:39.297+0000] {logging_mixin.py:150} INFO - [2024-04-02T09:16:39.297+0000] {dagbag.py:541} INFO - Filling up the DagBag from /usr/local/python/3.10.13/lib/python3.10/site-packages/airflow/example_dags/example_dynamic_task_mapping.py
[2024-04-02T09:16:39.303+0000] {processor.py:836} INFO - DAG(s) dict_keys(['example_dynamic_task_mapping']) retrieved from /usr/local/python/3.10.13/lib/python3.10/site-packages/airflow/example_dags/example_dynamic_task_mapping.py
[2024-04-02T09:16:39.314+0000] {logging_mixin.py:150} INFO - [2024-04-02T09:16:39.313+0000] {dag.py:2742} INFO - Sync 1 DAGs
[2024-04-02T09:16:39.329+0000] {logging_mixin.py:150} INFO - [2024-04-02T09:16:39.329+0000] {dag.py:3504} INFO - Setting next_dagrun for example_dynamic_task_mapping to 2022-03-04T00:00:00+00:00, run_after=2022-03-05T00:00:00+00:00
[2024-04-02T09:16:39.366+0000] {processor.py:179} INFO - Processing /usr/local/python/3.10.13/lib/python3.10/site-packages/airflow/example_dags/example_dynamic_task_mapping.py took 0.072 seconds
[2024-04-02T09:17:39.988+0000] {processor.py:157} INFO - Started process (PID=21977) to work on /usr/local/python/3.10.13/lib/python3.10/site-packages/airflow/example_dags/example_dynamic_task_mapping.py
[2024-04-02T09:17:39.988+0000] {processor.py:826} INFO - Processing file /usr/local/python/3.10.13/lib/python3.10/site-packages/airflow/example_dags/example_dynamic_task_mapping.py for tasks to queue
[2024-04-02T09:17:39.989+0000] {logging_mixin.py:150} INFO - [2024-04-02T09:17:39.989+0000] {dagbag.py:541} INFO - Filling up the DagBag from /usr/local/python/3.10.13/lib/python3.10/site-packages/airflow/example_dags/example_dynamic_task_mapping.py
[2024-04-02T09:17:39.995+0000] {processor.py:836} INFO - DAG(s) dict_keys(['example_dynamic_task_mapping']) retrieved from /usr/local/python/3.10.13/lib/python3.10/site-packages/airflow/example_dags/example_dynamic_task_mapping.py
[2024-04-02T09:17:40.005+0000] {logging_mixin.py:150} INFO - [2024-04-02T09:17:40.005+0000] {dag.py:2742} INFO - Sync 1 DAGs
[2024-04-02T09:17:40.026+0000] {logging_mixin.py:150} INFO - [2024-04-02T09:17:40.026+0000] {dag.py:3504} INFO - Setting next_dagrun for example_dynamic_task_mapping to 2022-03-04T00:00:00+00:00, run_after=2022-03-05T00:00:00+00:00
[2024-04-02T09:17:40.069+0000] {processor.py:179} INFO - Processing /usr/local/python/3.10.13/lib/python3.10/site-packages/airflow/example_dags/example_dynamic_task_mapping.py took 0.084 seconds
[2024-04-02T09:18:37.728+0000] {processor.py:157} INFO - Started process (PID=22370) to work on /usr/local/python/3.10.13/lib/python3.10/site-packages/airflow/example_dags/example_dynamic_task_mapping.py
[2024-04-02T09:18:37.731+0000] {processor.py:826} INFO - Processing file /usr/local/python/3.10.13/lib/python3.10/site-packages/airflow/example_dags/example_dynamic_task_mapping.py for tasks to queue
[2024-04-02T09:18:37.732+0000] {logging_mixin.py:150} INFO - [2024-04-02T09:18:37.731+0000] {dagbag.py:541} INFO - Filling up the DagBag from /usr/local/python/3.10.13/lib/python3.10/site-packages/airflow/example_dags/example_dynamic_task_mapping.py
[2024-04-02T09:18:37.746+0000] {processor.py:836} INFO - DAG(s) dict_keys(['example_dynamic_task_mapping']) retrieved from /usr/local/python/3.10.13/lib/python3.10/site-packages/airflow/example_dags/example_dynamic_task_mapping.py
[2024-04-02T09:18:37.770+0000] {logging_mixin.py:150} INFO - [2024-04-02T09:18:37.770+0000] {dag.py:2742} INFO - Sync 1 DAGs
[2024-04-02T09:18:37.816+0000] {logging_mixin.py:150} INFO - [2024-04-02T09:18:37.815+0000] {dag.py:3504} INFO - Setting next_dagrun for example_dynamic_task_mapping to 2022-03-04T00:00:00+00:00, run_after=2022-03-05T00:00:00+00:00
[2024-04-02T09:18:37.858+0000] {processor.py:179} INFO - Processing /usr/local/python/3.10.13/lib/python3.10/site-packages/airflow/example_dags/example_dynamic_task_mapping.py took 0.134 seconds
[2024-04-02T09:19:35.354+0000] {processor.py:157} INFO - Started process (PID=22801) to work on /usr/local/python/3.10.13/lib/python3.10/site-packages/airflow/example_dags/example_dynamic_task_mapping.py
[2024-04-02T09:19:35.355+0000] {processor.py:826} INFO - Processing file /usr/local/python/3.10.13/lib/python3.10/site-packages/airflow/example_dags/example_dynamic_task_mapping.py for tasks to queue
[2024-04-02T09:19:35.356+0000] {logging_mixin.py:150} INFO - [2024-04-02T09:19:35.355+0000] {dagbag.py:541} INFO - Filling up the DagBag from /usr/local/python/3.10.13/lib/python3.10/site-packages/airflow/example_dags/example_dynamic_task_mapping.py
[2024-04-02T09:19:35.361+0000] {processor.py:836} INFO - DAG(s) dict_keys(['example_dynamic_task_mapping']) retrieved from /usr/local/python/3.10.13/lib/python3.10/site-packages/airflow/example_dags/example_dynamic_task_mapping.py
[2024-04-02T09:19:35.372+0000] {logging_mixin.py:150} INFO - [2024-04-02T09:19:35.372+0000] {dag.py:2742} INFO - Sync 1 DAGs
[2024-04-02T09:19:35.387+0000] {logging_mixin.py:150} INFO - [2024-04-02T09:19:35.387+0000] {dag.py:3504} INFO - Setting next_dagrun for example_dynamic_task_mapping to 2022-03-04T00:00:00+00:00, run_after=2022-03-05T00:00:00+00:00
[2024-04-02T09:19:35.425+0000] {processor.py:179} INFO - Processing /usr/local/python/3.10.13/lib/python3.10/site-packages/airflow/example_dags/example_dynamic_task_mapping.py took 0.073 seconds
[2024-04-02T09:20:28.564+0000] {processor.py:157} INFO - Started process (PID=23163) to work on /usr/local/python/3.10.13/lib/python3.10/site-packages/airflow/example_dags/example_dynamic_task_mapping.py
[2024-04-02T09:20:28.565+0000] {processor.py:826} INFO - Processing file /usr/local/python/3.10.13/lib/python3.10/site-packages/airflow/example_dags/example_dynamic_task_mapping.py for tasks to queue
[2024-04-02T09:20:28.566+0000] {logging_mixin.py:150} INFO - [2024-04-02T09:20:28.565+0000] {dagbag.py:541} INFO - Filling up the DagBag from /usr/local/python/3.10.13/lib/python3.10/site-packages/airflow/example_dags/example_dynamic_task_mapping.py
[2024-04-02T09:20:28.571+0000] {processor.py:836} INFO - DAG(s) dict_keys(['example_dynamic_task_mapping']) retrieved from /usr/local/python/3.10.13/lib/python3.10/site-packages/airflow/example_dags/example_dynamic_task_mapping.py
[2024-04-02T09:20:28.582+0000] {logging_mixin.py:150} INFO - [2024-04-02T09:20:28.582+0000] {dag.py:2742} INFO - Sync 1 DAGs
[2024-04-02T09:20:28.597+0000] {logging_mixin.py:150} INFO - [2024-04-02T09:20:28.597+0000] {dag.py:3504} INFO - Setting next_dagrun for example_dynamic_task_mapping to 2022-03-04T00:00:00+00:00, run_after=2022-03-05T00:00:00+00:00
[2024-04-02T09:20:28.639+0000] {processor.py:179} INFO - Processing /usr/local/python/3.10.13/lib/python3.10/site-packages/airflow/example_dags/example_dynamic_task_mapping.py took 0.077 seconds
[2024-04-02T09:21:25.513+0000] {processor.py:157} INFO - Started process (PID=23539) to work on /usr/local/python/3.10.13/lib/python3.10/site-packages/airflow/example_dags/example_dynamic_task_mapping.py
[2024-04-02T09:21:25.514+0000] {processor.py:826} INFO - Processing file /usr/local/python/3.10.13/lib/python3.10/site-packages/airflow/example_dags/example_dynamic_task_mapping.py for tasks to queue
[2024-04-02T09:21:25.514+0000] {logging_mixin.py:150} INFO - [2024-04-02T09:21:25.514+0000] {dagbag.py:541} INFO - Filling up the DagBag from /usr/local/python/3.10.13/lib/python3.10/site-packages/airflow/example_dags/example_dynamic_task_mapping.py
[2024-04-02T09:21:25.520+0000] {processor.py:836} INFO - DAG(s) dict_keys(['example_dynamic_task_mapping']) retrieved from /usr/local/python/3.10.13/lib/python3.10/site-packages/airflow/example_dags/example_dynamic_task_mapping.py
[2024-04-02T09:21:25.531+0000] {logging_mixin.py:150} INFO - [2024-04-02T09:21:25.530+0000] {dag.py:2742} INFO - Sync 1 DAGs
[2024-04-02T09:21:25.546+0000] {logging_mixin.py:150} INFO - [2024-04-02T09:21:25.546+0000] {dag.py:3504} INFO - Setting next_dagrun for example_dynamic_task_mapping to 2022-03-04T00:00:00+00:00, run_after=2022-03-05T00:00:00+00:00
[2024-04-02T09:21:25.586+0000] {processor.py:179} INFO - Processing /usr/local/python/3.10.13/lib/python3.10/site-packages/airflow/example_dags/example_dynamic_task_mapping.py took 0.075 seconds
[2024-04-02T09:22:21.474+0000] {processor.py:157} INFO - Started process (PID=23930) to work on /usr/local/python/3.10.13/lib/python3.10/site-packages/airflow/example_dags/example_dynamic_task_mapping.py
[2024-04-02T09:22:21.475+0000] {processor.py:826} INFO - Processing file /usr/local/python/3.10.13/lib/python3.10/site-packages/airflow/example_dags/example_dynamic_task_mapping.py for tasks to queue
[2024-04-02T09:22:21.476+0000] {logging_mixin.py:150} INFO - [2024-04-02T09:22:21.475+0000] {dagbag.py:541} INFO - Filling up the DagBag from /usr/local/python/3.10.13/lib/python3.10/site-packages/airflow/example_dags/example_dynamic_task_mapping.py
[2024-04-02T09:22:21.484+0000] {processor.py:836} INFO - DAG(s) dict_keys(['example_dynamic_task_mapping']) retrieved from /usr/local/python/3.10.13/lib/python3.10/site-packages/airflow/example_dags/example_dynamic_task_mapping.py
[2024-04-02T09:22:21.500+0000] {logging_mixin.py:150} INFO - [2024-04-02T09:22:21.500+0000] {dag.py:2742} INFO - Sync 1 DAGs
[2024-04-02T09:22:21.524+0000] {logging_mixin.py:150} INFO - [2024-04-02T09:22:21.524+0000] {dag.py:3504} INFO - Setting next_dagrun for example_dynamic_task_mapping to 2022-03-04T00:00:00+00:00, run_after=2022-03-05T00:00:00+00:00
[2024-04-02T09:22:21.567+0000] {processor.py:179} INFO - Processing /usr/local/python/3.10.13/lib/python3.10/site-packages/airflow/example_dags/example_dynamic_task_mapping.py took 0.097 seconds
[2024-04-02T09:23:20.609+0000] {processor.py:157} INFO - Started process (PID=24335) to work on /usr/local/python/3.10.13/lib/python3.10/site-packages/airflow/example_dags/example_dynamic_task_mapping.py
[2024-04-02T09:23:20.609+0000] {processor.py:826} INFO - Processing file /usr/local/python/3.10.13/lib/python3.10/site-packages/airflow/example_dags/example_dynamic_task_mapping.py for tasks to queue
[2024-04-02T09:23:20.610+0000] {logging_mixin.py:150} INFO - [2024-04-02T09:23:20.610+0000] {dagbag.py:541} INFO - Filling up the DagBag from /usr/local/python/3.10.13/lib/python3.10/site-packages/airflow/example_dags/example_dynamic_task_mapping.py
[2024-04-02T09:23:20.616+0000] {processor.py:836} INFO - DAG(s) dict_keys(['example_dynamic_task_mapping']) retrieved from /usr/local/python/3.10.13/lib/python3.10/site-packages/airflow/example_dags/example_dynamic_task_mapping.py
[2024-04-02T09:23:20.626+0000] {logging_mixin.py:150} INFO - [2024-04-02T09:23:20.626+0000] {dag.py:2742} INFO - Sync 1 DAGs
[2024-04-02T09:23:20.641+0000] {logging_mixin.py:150} INFO - [2024-04-02T09:23:20.641+0000] {dag.py:3504} INFO - Setting next_dagrun for example_dynamic_task_mapping to 2022-03-04T00:00:00+00:00, run_after=2022-03-05T00:00:00+00:00
[2024-04-02T09:23:20.679+0000] {processor.py:179} INFO - Processing /usr/local/python/3.10.13/lib/python3.10/site-packages/airflow/example_dags/example_dynamic_task_mapping.py took 0.073 seconds
[2024-04-02T09:24:22.787+0000] {processor.py:157} INFO - Started process (PID=24761) to work on /usr/local/python/3.10.13/lib/python3.10/site-packages/airflow/example_dags/example_dynamic_task_mapping.py
[2024-04-02T09:24:22.789+0000] {processor.py:826} INFO - Processing file /usr/local/python/3.10.13/lib/python3.10/site-packages/airflow/example_dags/example_dynamic_task_mapping.py for tasks to queue
[2024-04-02T09:24:22.790+0000] {logging_mixin.py:150} INFO - [2024-04-02T09:24:22.789+0000] {dagbag.py:541} INFO - Filling up the DagBag from /usr/local/python/3.10.13/lib/python3.10/site-packages/airflow/example_dags/example_dynamic_task_mapping.py
[2024-04-02T09:24:22.798+0000] {processor.py:836} INFO - DAG(s) dict_keys(['example_dynamic_task_mapping']) retrieved from /usr/local/python/3.10.13/lib/python3.10/site-packages/airflow/example_dags/example_dynamic_task_mapping.py
[2024-04-02T09:24:22.812+0000] {logging_mixin.py:150} INFO - [2024-04-02T09:24:22.812+0000] {dag.py:2742} INFO - Sync 1 DAGs
[2024-04-02T09:24:22.828+0000] {logging_mixin.py:150} INFO - [2024-04-02T09:24:22.828+0000] {dag.py:3504} INFO - Setting next_dagrun for example_dynamic_task_mapping to 2022-03-04T00:00:00+00:00, run_after=2022-03-05T00:00:00+00:00
[2024-04-02T09:24:22.866+0000] {processor.py:179} INFO - Processing /usr/local/python/3.10.13/lib/python3.10/site-packages/airflow/example_dags/example_dynamic_task_mapping.py took 0.082 seconds
[2024-04-02T09:25:23.212+0000] {processor.py:157} INFO - Started process (PID=25198) to work on /usr/local/python/3.10.13/lib/python3.10/site-packages/airflow/example_dags/example_dynamic_task_mapping.py
[2024-04-02T09:25:23.213+0000] {processor.py:826} INFO - Processing file /usr/local/python/3.10.13/lib/python3.10/site-packages/airflow/example_dags/example_dynamic_task_mapping.py for tasks to queue
[2024-04-02T09:25:23.213+0000] {logging_mixin.py:150} INFO - [2024-04-02T09:25:23.213+0000] {dagbag.py:541} INFO - Filling up the DagBag from /usr/local/python/3.10.13/lib/python3.10/site-packages/airflow/example_dags/example_dynamic_task_mapping.py
[2024-04-02T09:25:23.219+0000] {processor.py:836} INFO - DAG(s) dict_keys(['example_dynamic_task_mapping']) retrieved from /usr/local/python/3.10.13/lib/python3.10/site-packages/airflow/example_dags/example_dynamic_task_mapping.py
[2024-04-02T09:25:23.230+0000] {logging_mixin.py:150} INFO - [2024-04-02T09:25:23.230+0000] {dag.py:2742} INFO - Sync 1 DAGs
[2024-04-02T09:25:23.245+0000] {logging_mixin.py:150} INFO - [2024-04-02T09:25:23.245+0000] {dag.py:3504} INFO - Setting next_dagrun for example_dynamic_task_mapping to 2022-03-04T00:00:00+00:00, run_after=2022-03-05T00:00:00+00:00
[2024-04-02T09:25:23.289+0000] {processor.py:179} INFO - Processing /usr/local/python/3.10.13/lib/python3.10/site-packages/airflow/example_dags/example_dynamic_task_mapping.py took 0.079 seconds
[2024-04-02T09:26:29.936+0000] {processor.py:157} INFO - Started process (PID=25637) to work on /usr/local/python/3.10.13/lib/python3.10/site-packages/airflow/example_dags/example_dynamic_task_mapping.py
[2024-04-02T09:26:29.937+0000] {processor.py:826} INFO - Processing file /usr/local/python/3.10.13/lib/python3.10/site-packages/airflow/example_dags/example_dynamic_task_mapping.py for tasks to queue
[2024-04-02T09:26:29.938+0000] {logging_mixin.py:150} INFO - [2024-04-02T09:26:29.938+0000] {dagbag.py:541} INFO - Filling up the DagBag from /usr/local/python/3.10.13/lib/python3.10/site-packages/airflow/example_dags/example_dynamic_task_mapping.py
[2024-04-02T09:26:29.946+0000] {processor.py:836} INFO - DAG(s) dict_keys(['example_dynamic_task_mapping']) retrieved from /usr/local/python/3.10.13/lib/python3.10/site-packages/airflow/example_dags/example_dynamic_task_mapping.py
[2024-04-02T09:26:29.962+0000] {logging_mixin.py:150} INFO - [2024-04-02T09:26:29.962+0000] {dag.py:2742} INFO - Sync 1 DAGs
[2024-04-02T09:26:29.984+0000] {logging_mixin.py:150} INFO - [2024-04-02T09:26:29.983+0000] {dag.py:3504} INFO - Setting next_dagrun for example_dynamic_task_mapping to 2022-03-04T00:00:00+00:00, run_after=2022-03-05T00:00:00+00:00
[2024-04-02T09:26:30.024+0000] {processor.py:179} INFO - Processing /usr/local/python/3.10.13/lib/python3.10/site-packages/airflow/example_dags/example_dynamic_task_mapping.py took 0.092 seconds
[2024-04-02T09:27:28.191+0000] {processor.py:157} INFO - Started process (PID=26039) to work on /usr/local/python/3.10.13/lib/python3.10/site-packages/airflow/example_dags/example_dynamic_task_mapping.py
[2024-04-02T09:27:28.191+0000] {processor.py:826} INFO - Processing file /usr/local/python/3.10.13/lib/python3.10/site-packages/airflow/example_dags/example_dynamic_task_mapping.py for tasks to queue
[2024-04-02T09:27:28.196+0000] {logging_mixin.py:150} INFO - [2024-04-02T09:27:28.195+0000] {dagbag.py:541} INFO - Filling up the DagBag from /usr/local/python/3.10.13/lib/python3.10/site-packages/airflow/example_dags/example_dynamic_task_mapping.py
[2024-04-02T09:27:28.206+0000] {processor.py:836} INFO - DAG(s) dict_keys(['example_dynamic_task_mapping']) retrieved from /usr/local/python/3.10.13/lib/python3.10/site-packages/airflow/example_dags/example_dynamic_task_mapping.py
[2024-04-02T09:27:28.231+0000] {logging_mixin.py:150} INFO - [2024-04-02T09:27:28.231+0000] {dag.py:2742} INFO - Sync 1 DAGs
[2024-04-02T09:27:28.256+0000] {logging_mixin.py:150} INFO - [2024-04-02T09:27:28.256+0000] {dag.py:3504} INFO - Setting next_dagrun for example_dynamic_task_mapping to 2022-03-04T00:00:00+00:00, run_after=2022-03-05T00:00:00+00:00
[2024-04-02T09:27:28.425+0000] {processor.py:179} INFO - Processing /usr/local/python/3.10.13/lib/python3.10/site-packages/airflow/example_dags/example_dynamic_task_mapping.py took 0.238 seconds
[2024-04-02T09:28:32.538+0000] {processor.py:157} INFO - Started process (PID=26459) to work on /usr/local/python/3.10.13/lib/python3.10/site-packages/airflow/example_dags/example_dynamic_task_mapping.py
[2024-04-02T09:28:32.539+0000] {processor.py:826} INFO - Processing file /usr/local/python/3.10.13/lib/python3.10/site-packages/airflow/example_dags/example_dynamic_task_mapping.py for tasks to queue
[2024-04-02T09:28:32.540+0000] {logging_mixin.py:150} INFO - [2024-04-02T09:28:32.540+0000] {dagbag.py:541} INFO - Filling up the DagBag from /usr/local/python/3.10.13/lib/python3.10/site-packages/airflow/example_dags/example_dynamic_task_mapping.py
[2024-04-02T09:28:32.546+0000] {processor.py:836} INFO - DAG(s) dict_keys(['example_dynamic_task_mapping']) retrieved from /usr/local/python/3.10.13/lib/python3.10/site-packages/airflow/example_dags/example_dynamic_task_mapping.py
[2024-04-02T09:28:32.557+0000] {logging_mixin.py:150} INFO - [2024-04-02T09:28:32.557+0000] {dag.py:2742} INFO - Sync 1 DAGs
[2024-04-02T09:28:32.661+0000] {logging_mixin.py:150} INFO - [2024-04-02T09:28:32.661+0000] {dag.py:3504} INFO - Setting next_dagrun for example_dynamic_task_mapping to 2022-03-04T00:00:00+00:00, run_after=2022-03-05T00:00:00+00:00
[2024-04-02T09:28:32.699+0000] {processor.py:179} INFO - Processing /usr/local/python/3.10.13/lib/python3.10/site-packages/airflow/example_dags/example_dynamic_task_mapping.py took 0.163 seconds
[2024-04-02T09:29:32.563+0000] {processor.py:157} INFO - Started process (PID=26899) to work on /usr/local/python/3.10.13/lib/python3.10/site-packages/airflow/example_dags/example_dynamic_task_mapping.py
[2024-04-02T09:29:32.563+0000] {processor.py:826} INFO - Processing file /usr/local/python/3.10.13/lib/python3.10/site-packages/airflow/example_dags/example_dynamic_task_mapping.py for tasks to queue
[2024-04-02T09:29:32.564+0000] {logging_mixin.py:150} INFO - [2024-04-02T09:29:32.564+0000] {dagbag.py:541} INFO - Filling up the DagBag from /usr/local/python/3.10.13/lib/python3.10/site-packages/airflow/example_dags/example_dynamic_task_mapping.py
[2024-04-02T09:29:32.570+0000] {processor.py:836} INFO - DAG(s) dict_keys(['example_dynamic_task_mapping']) retrieved from /usr/local/python/3.10.13/lib/python3.10/site-packages/airflow/example_dags/example_dynamic_task_mapping.py
[2024-04-02T09:29:32.580+0000] {logging_mixin.py:150} INFO - [2024-04-02T09:29:32.580+0000] {dag.py:2742} INFO - Sync 1 DAGs
[2024-04-02T09:29:32.595+0000] {logging_mixin.py:150} INFO - [2024-04-02T09:29:32.595+0000] {dag.py:3504} INFO - Setting next_dagrun for example_dynamic_task_mapping to 2022-03-04T00:00:00+00:00, run_after=2022-03-05T00:00:00+00:00
[2024-04-02T09:29:32.637+0000] {processor.py:179} INFO - Processing /usr/local/python/3.10.13/lib/python3.10/site-packages/airflow/example_dags/example_dynamic_task_mapping.py took 0.077 seconds
[2024-04-02T09:30:23.067+0000] {processor.py:157} INFO - Started process (PID=27268) to work on /usr/local/python/3.10.13/lib/python3.10/site-packages/airflow/example_dags/example_dynamic_task_mapping.py
[2024-04-02T09:30:23.068+0000] {processor.py:826} INFO - Processing file /usr/local/python/3.10.13/lib/python3.10/site-packages/airflow/example_dags/example_dynamic_task_mapping.py for tasks to queue
[2024-04-02T09:30:23.069+0000] {logging_mixin.py:150} INFO - [2024-04-02T09:30:23.069+0000] {dagbag.py:541} INFO - Filling up the DagBag from /usr/local/python/3.10.13/lib/python3.10/site-packages/airflow/example_dags/example_dynamic_task_mapping.py
[2024-04-02T09:30:23.075+0000] {processor.py:836} INFO - DAG(s) dict_keys(['example_dynamic_task_mapping']) retrieved from /usr/local/python/3.10.13/lib/python3.10/site-packages/airflow/example_dags/example_dynamic_task_mapping.py
[2024-04-02T09:30:23.088+0000] {logging_mixin.py:150} INFO - [2024-04-02T09:30:23.088+0000] {dag.py:2742} INFO - Sync 1 DAGs
[2024-04-02T09:30:23.114+0000] {logging_mixin.py:150} INFO - [2024-04-02T09:30:23.114+0000] {dag.py:3504} INFO - Setting next_dagrun for example_dynamic_task_mapping to 2022-03-04T00:00:00+00:00, run_after=2022-03-05T00:00:00+00:00
[2024-04-02T09:30:23.167+0000] {processor.py:179} INFO - Processing /usr/local/python/3.10.13/lib/python3.10/site-packages/airflow/example_dags/example_dynamic_task_mapping.py took 0.102 seconds
[2024-04-02T09:31:24.606+0000] {processor.py:157} INFO - Started process (PID=27692) to work on /usr/local/python/3.10.13/lib/python3.10/site-packages/airflow/example_dags/example_dynamic_task_mapping.py
[2024-04-02T09:31:24.607+0000] {processor.py:826} INFO - Processing file /usr/local/python/3.10.13/lib/python3.10/site-packages/airflow/example_dags/example_dynamic_task_mapping.py for tasks to queue
[2024-04-02T09:31:24.608+0000] {logging_mixin.py:150} INFO - [2024-04-02T09:31:24.608+0000] {dagbag.py:541} INFO - Filling up the DagBag from /usr/local/python/3.10.13/lib/python3.10/site-packages/airflow/example_dags/example_dynamic_task_mapping.py
[2024-04-02T09:31:24.616+0000] {processor.py:836} INFO - DAG(s) dict_keys(['example_dynamic_task_mapping']) retrieved from /usr/local/python/3.10.13/lib/python3.10/site-packages/airflow/example_dags/example_dynamic_task_mapping.py
[2024-04-02T09:31:24.632+0000] {logging_mixin.py:150} INFO - [2024-04-02T09:31:24.632+0000] {dag.py:2742} INFO - Sync 1 DAGs
[2024-04-02T09:31:24.655+0000] {logging_mixin.py:150} INFO - [2024-04-02T09:31:24.655+0000] {dag.py:3504} INFO - Setting next_dagrun for example_dynamic_task_mapping to 2022-03-04T00:00:00+00:00, run_after=2022-03-05T00:00:00+00:00
[2024-04-02T09:31:24.702+0000] {processor.py:179} INFO - Processing /usr/local/python/3.10.13/lib/python3.10/site-packages/airflow/example_dags/example_dynamic_task_mapping.py took 0.099 seconds
[2024-04-02T09:32:21.588+0000] {processor.py:157} INFO - Started process (PID=28066) to work on /usr/local/python/3.10.13/lib/python3.10/site-packages/airflow/example_dags/example_dynamic_task_mapping.py
[2024-04-02T09:32:21.589+0000] {processor.py:826} INFO - Processing file /usr/local/python/3.10.13/lib/python3.10/site-packages/airflow/example_dags/example_dynamic_task_mapping.py for tasks to queue
[2024-04-02T09:32:21.590+0000] {logging_mixin.py:150} INFO - [2024-04-02T09:32:21.589+0000] {dagbag.py:541} INFO - Filling up the DagBag from /usr/local/python/3.10.13/lib/python3.10/site-packages/airflow/example_dags/example_dynamic_task_mapping.py
[2024-04-02T09:32:21.595+0000] {processor.py:836} INFO - DAG(s) dict_keys(['example_dynamic_task_mapping']) retrieved from /usr/local/python/3.10.13/lib/python3.10/site-packages/airflow/example_dags/example_dynamic_task_mapping.py
[2024-04-02T09:32:21.606+0000] {logging_mixin.py:150} INFO - [2024-04-02T09:32:21.606+0000] {dag.py:2742} INFO - Sync 1 DAGs
[2024-04-02T09:32:21.621+0000] {logging_mixin.py:150} INFO - [2024-04-02T09:32:21.621+0000] {dag.py:3504} INFO - Setting next_dagrun for example_dynamic_task_mapping to 2022-03-04T00:00:00+00:00, run_after=2022-03-05T00:00:00+00:00
[2024-04-02T09:32:21.660+0000] {processor.py:179} INFO - Processing /usr/local/python/3.10.13/lib/python3.10/site-packages/airflow/example_dags/example_dynamic_task_mapping.py took 0.074 seconds
[2024-04-02T09:33:21.607+0000] {processor.py:157} INFO - Started process (PID=28478) to work on /usr/local/python/3.10.13/lib/python3.10/site-packages/airflow/example_dags/example_dynamic_task_mapping.py
[2024-04-02T09:33:21.608+0000] {processor.py:826} INFO - Processing file /usr/local/python/3.10.13/lib/python3.10/site-packages/airflow/example_dags/example_dynamic_task_mapping.py for tasks to queue
[2024-04-02T09:33:21.609+0000] {logging_mixin.py:150} INFO - [2024-04-02T09:33:21.608+0000] {dagbag.py:541} INFO - Filling up the DagBag from /usr/local/python/3.10.13/lib/python3.10/site-packages/airflow/example_dags/example_dynamic_task_mapping.py
[2024-04-02T09:33:21.615+0000] {processor.py:836} INFO - DAG(s) dict_keys(['example_dynamic_task_mapping']) retrieved from /usr/local/python/3.10.13/lib/python3.10/site-packages/airflow/example_dags/example_dynamic_task_mapping.py
[2024-04-02T09:33:21.626+0000] {logging_mixin.py:150} INFO - [2024-04-02T09:33:21.626+0000] {dag.py:2742} INFO - Sync 1 DAGs
[2024-04-02T09:33:21.648+0000] {logging_mixin.py:150} INFO - [2024-04-02T09:33:21.648+0000] {dag.py:3504} INFO - Setting next_dagrun for example_dynamic_task_mapping to 2022-03-04T00:00:00+00:00, run_after=2022-03-05T00:00:00+00:00
[2024-04-02T09:33:21.698+0000] {processor.py:179} INFO - Processing /usr/local/python/3.10.13/lib/python3.10/site-packages/airflow/example_dags/example_dynamic_task_mapping.py took 0.093 seconds
[2024-04-02T09:34:17.717+0000] {processor.py:157} INFO - Started process (PID=28868) to work on /usr/local/python/3.10.13/lib/python3.10/site-packages/airflow/example_dags/example_dynamic_task_mapping.py
[2024-04-02T09:34:17.717+0000] {processor.py:826} INFO - Processing file /usr/local/python/3.10.13/lib/python3.10/site-packages/airflow/example_dags/example_dynamic_task_mapping.py for tasks to queue
[2024-04-02T09:34:17.719+0000] {logging_mixin.py:150} INFO - [2024-04-02T09:34:17.718+0000] {dagbag.py:541} INFO - Filling up the DagBag from /usr/local/python/3.10.13/lib/python3.10/site-packages/airflow/example_dags/example_dynamic_task_mapping.py
[2024-04-02T09:34:17.727+0000] {processor.py:836} INFO - DAG(s) dict_keys(['example_dynamic_task_mapping']) retrieved from /usr/local/python/3.10.13/lib/python3.10/site-packages/airflow/example_dags/example_dynamic_task_mapping.py
[2024-04-02T09:34:17.744+0000] {logging_mixin.py:150} INFO - [2024-04-02T09:34:17.744+0000] {dag.py:2742} INFO - Sync 1 DAGs
[2024-04-02T09:34:17.768+0000] {logging_mixin.py:150} INFO - [2024-04-02T09:34:17.768+0000] {dag.py:3504} INFO - Setting next_dagrun for example_dynamic_task_mapping to 2022-03-04T00:00:00+00:00, run_after=2022-03-05T00:00:00+00:00
[2024-04-02T09:34:17.839+0000] {processor.py:179} INFO - Processing /usr/local/python/3.10.13/lib/python3.10/site-packages/airflow/example_dags/example_dynamic_task_mapping.py took 0.125 seconds
[2024-04-02T09:35:15.918+0000] {processor.py:157} INFO - Started process (PID=29302) to work on /usr/local/python/3.10.13/lib/python3.10/site-packages/airflow/example_dags/example_dynamic_task_mapping.py
[2024-04-02T09:35:15.919+0000] {processor.py:826} INFO - Processing file /usr/local/python/3.10.13/lib/python3.10/site-packages/airflow/example_dags/example_dynamic_task_mapping.py for tasks to queue
[2024-04-02T09:35:15.921+0000] {logging_mixin.py:150} INFO - [2024-04-02T09:35:15.920+0000] {dagbag.py:541} INFO - Filling up the DagBag from /usr/local/python/3.10.13/lib/python3.10/site-packages/airflow/example_dags/example_dynamic_task_mapping.py
[2024-04-02T09:35:15.929+0000] {processor.py:836} INFO - DAG(s) dict_keys(['example_dynamic_task_mapping']) retrieved from /usr/local/python/3.10.13/lib/python3.10/site-packages/airflow/example_dags/example_dynamic_task_mapping.py
[2024-04-02T09:35:15.946+0000] {logging_mixin.py:150} INFO - [2024-04-02T09:35:15.946+0000] {dag.py:2742} INFO - Sync 1 DAGs
[2024-04-02T09:35:15.974+0000] {logging_mixin.py:150} INFO - [2024-04-02T09:35:15.974+0000] {dag.py:3504} INFO - Setting next_dagrun for example_dynamic_task_mapping to 2022-03-04T00:00:00+00:00, run_after=2022-03-05T00:00:00+00:00
[2024-04-02T09:35:16.027+0000] {processor.py:179} INFO - Processing /usr/local/python/3.10.13/lib/python3.10/site-packages/airflow/example_dags/example_dynamic_task_mapping.py took 0.112 seconds
[2024-04-02T09:36:07.243+0000] {processor.py:157} INFO - Started process (PID=29660) to work on /usr/local/python/3.10.13/lib/python3.10/site-packages/airflow/example_dags/example_dynamic_task_mapping.py
[2024-04-02T09:36:07.244+0000] {processor.py:826} INFO - Processing file /usr/local/python/3.10.13/lib/python3.10/site-packages/airflow/example_dags/example_dynamic_task_mapping.py for tasks to queue
[2024-04-02T09:36:07.245+0000] {logging_mixin.py:150} INFO - [2024-04-02T09:36:07.244+0000] {dagbag.py:541} INFO - Filling up the DagBag from /usr/local/python/3.10.13/lib/python3.10/site-packages/airflow/example_dags/example_dynamic_task_mapping.py
[2024-04-02T09:36:07.253+0000] {processor.py:836} INFO - DAG(s) dict_keys(['example_dynamic_task_mapping']) retrieved from /usr/local/python/3.10.13/lib/python3.10/site-packages/airflow/example_dags/example_dynamic_task_mapping.py
[2024-04-02T09:36:07.269+0000] {logging_mixin.py:150} INFO - [2024-04-02T09:36:07.269+0000] {dag.py:2742} INFO - Sync 1 DAGs
[2024-04-02T09:36:07.293+0000] {logging_mixin.py:150} INFO - [2024-04-02T09:36:07.293+0000] {dag.py:3504} INFO - Setting next_dagrun for example_dynamic_task_mapping to 2022-03-04T00:00:00+00:00, run_after=2022-03-05T00:00:00+00:00
[2024-04-02T09:36:07.342+0000] {processor.py:179} INFO - Processing /usr/local/python/3.10.13/lib/python3.10/site-packages/airflow/example_dags/example_dynamic_task_mapping.py took 0.102 seconds
[2024-04-02T09:37:05.656+0000] {processor.py:157} INFO - Started process (PID=30040) to work on /usr/local/python/3.10.13/lib/python3.10/site-packages/airflow/example_dags/example_dynamic_task_mapping.py
[2024-04-02T09:37:05.657+0000] {processor.py:826} INFO - Processing file /usr/local/python/3.10.13/lib/python3.10/site-packages/airflow/example_dags/example_dynamic_task_mapping.py for tasks to queue
[2024-04-02T09:37:05.658+0000] {logging_mixin.py:150} INFO - [2024-04-02T09:37:05.658+0000] {dagbag.py:541} INFO - Filling up the DagBag from /usr/local/python/3.10.13/lib/python3.10/site-packages/airflow/example_dags/example_dynamic_task_mapping.py
[2024-04-02T09:37:05.666+0000] {processor.py:836} INFO - DAG(s) dict_keys(['example_dynamic_task_mapping']) retrieved from /usr/local/python/3.10.13/lib/python3.10/site-packages/airflow/example_dags/example_dynamic_task_mapping.py
[2024-04-02T09:37:05.677+0000] {logging_mixin.py:150} INFO - [2024-04-02T09:37:05.677+0000] {dag.py:2742} INFO - Sync 1 DAGs
[2024-04-02T09:37:05.693+0000] {logging_mixin.py:150} INFO - [2024-04-02T09:37:05.693+0000] {dag.py:3504} INFO - Setting next_dagrun for example_dynamic_task_mapping to 2022-03-04T00:00:00+00:00, run_after=2022-03-05T00:00:00+00:00
[2024-04-02T09:37:05.734+0000] {processor.py:179} INFO - Processing /usr/local/python/3.10.13/lib/python3.10/site-packages/airflow/example_dags/example_dynamic_task_mapping.py took 0.081 seconds
[2024-04-02T09:38:00.295+0000] {processor.py:157} INFO - Started process (PID=30426) to work on /usr/local/python/3.10.13/lib/python3.10/site-packages/airflow/example_dags/example_dynamic_task_mapping.py
[2024-04-02T09:38:00.296+0000] {processor.py:826} INFO - Processing file /usr/local/python/3.10.13/lib/python3.10/site-packages/airflow/example_dags/example_dynamic_task_mapping.py for tasks to queue
[2024-04-02T09:38:00.297+0000] {logging_mixin.py:150} INFO - [2024-04-02T09:38:00.297+0000] {dagbag.py:541} INFO - Filling up the DagBag from /usr/local/python/3.10.13/lib/python3.10/site-packages/airflow/example_dags/example_dynamic_task_mapping.py
[2024-04-02T09:38:00.306+0000] {processor.py:836} INFO - DAG(s) dict_keys(['example_dynamic_task_mapping']) retrieved from /usr/local/python/3.10.13/lib/python3.10/site-packages/airflow/example_dags/example_dynamic_task_mapping.py
[2024-04-02T09:38:00.323+0000] {logging_mixin.py:150} INFO - [2024-04-02T09:38:00.323+0000] {dag.py:2742} INFO - Sync 1 DAGs
[2024-04-02T09:38:00.348+0000] {logging_mixin.py:150} INFO - [2024-04-02T09:38:00.348+0000] {dag.py:3504} INFO - Setting next_dagrun for example_dynamic_task_mapping to 2022-03-04T00:00:00+00:00, run_after=2022-03-05T00:00:00+00:00
[2024-04-02T09:38:00.398+0000] {processor.py:179} INFO - Processing /usr/local/python/3.10.13/lib/python3.10/site-packages/airflow/example_dags/example_dynamic_task_mapping.py took 0.107 seconds
[2024-04-02T09:38:58.665+0000] {processor.py:157} INFO - Started process (PID=30808) to work on /usr/local/python/3.10.13/lib/python3.10/site-packages/airflow/example_dags/example_dynamic_task_mapping.py
[2024-04-02T09:38:58.667+0000] {processor.py:826} INFO - Processing file /usr/local/python/3.10.13/lib/python3.10/site-packages/airflow/example_dags/example_dynamic_task_mapping.py for tasks to queue
[2024-04-02T09:38:58.668+0000] {logging_mixin.py:150} INFO - [2024-04-02T09:38:58.667+0000] {dagbag.py:541} INFO - Filling up the DagBag from /usr/local/python/3.10.13/lib/python3.10/site-packages/airflow/example_dags/example_dynamic_task_mapping.py
[2024-04-02T09:38:58.676+0000] {processor.py:836} INFO - DAG(s) dict_keys(['example_dynamic_task_mapping']) retrieved from /usr/local/python/3.10.13/lib/python3.10/site-packages/airflow/example_dags/example_dynamic_task_mapping.py
[2024-04-02T09:38:58.692+0000] {logging_mixin.py:150} INFO - [2024-04-02T09:38:58.692+0000] {dag.py:2742} INFO - Sync 1 DAGs
[2024-04-02T09:38:58.716+0000] {logging_mixin.py:150} INFO - [2024-04-02T09:38:58.716+0000] {dag.py:3504} INFO - Setting next_dagrun for example_dynamic_task_mapping to 2022-03-04T00:00:00+00:00, run_after=2022-03-05T00:00:00+00:00
[2024-04-02T09:38:58.760+0000] {processor.py:179} INFO - Processing /usr/local/python/3.10.13/lib/python3.10/site-packages/airflow/example_dags/example_dynamic_task_mapping.py took 0.098 seconds
[2024-04-02T09:39:56.077+0000] {processor.py:157} INFO - Started process (PID=31254) to work on /usr/local/python/3.10.13/lib/python3.10/site-packages/airflow/example_dags/example_dynamic_task_mapping.py
[2024-04-02T09:39:56.077+0000] {processor.py:826} INFO - Processing file /usr/local/python/3.10.13/lib/python3.10/site-packages/airflow/example_dags/example_dynamic_task_mapping.py for tasks to queue
[2024-04-02T09:39:56.078+0000] {logging_mixin.py:150} INFO - [2024-04-02T09:39:56.078+0000] {dagbag.py:541} INFO - Filling up the DagBag from /usr/local/python/3.10.13/lib/python3.10/site-packages/airflow/example_dags/example_dynamic_task_mapping.py
[2024-04-02T09:39:56.083+0000] {processor.py:836} INFO - DAG(s) dict_keys(['example_dynamic_task_mapping']) retrieved from /usr/local/python/3.10.13/lib/python3.10/site-packages/airflow/example_dags/example_dynamic_task_mapping.py
[2024-04-02T09:39:56.094+0000] {logging_mixin.py:150} INFO - [2024-04-02T09:39:56.094+0000] {dag.py:2742} INFO - Sync 1 DAGs
[2024-04-02T09:39:56.110+0000] {logging_mixin.py:150} INFO - [2024-04-02T09:39:56.110+0000] {dag.py:3504} INFO - Setting next_dagrun for example_dynamic_task_mapping to 2022-03-04T00:00:00+00:00, run_after=2022-03-05T00:00:00+00:00
[2024-04-02T09:39:56.150+0000] {processor.py:179} INFO - Processing /usr/local/python/3.10.13/lib/python3.10/site-packages/airflow/example_dags/example_dynamic_task_mapping.py took 0.075 seconds
[2024-04-02T09:40:52.388+0000] {processor.py:157} INFO - Started process (PID=31650) to work on /usr/local/python/3.10.13/lib/python3.10/site-packages/airflow/example_dags/example_dynamic_task_mapping.py
[2024-04-02T09:40:52.389+0000] {processor.py:826} INFO - Processing file /usr/local/python/3.10.13/lib/python3.10/site-packages/airflow/example_dags/example_dynamic_task_mapping.py for tasks to queue
[2024-04-02T09:40:52.390+0000] {logging_mixin.py:150} INFO - [2024-04-02T09:40:52.390+0000] {dagbag.py:541} INFO - Filling up the DagBag from /usr/local/python/3.10.13/lib/python3.10/site-packages/airflow/example_dags/example_dynamic_task_mapping.py
[2024-04-02T09:40:52.399+0000] {processor.py:836} INFO - DAG(s) dict_keys(['example_dynamic_task_mapping']) retrieved from /usr/local/python/3.10.13/lib/python3.10/site-packages/airflow/example_dags/example_dynamic_task_mapping.py
[2024-04-02T09:40:52.417+0000] {logging_mixin.py:150} INFO - [2024-04-02T09:40:52.416+0000] {dag.py:2742} INFO - Sync 1 DAGs
[2024-04-02T09:40:52.442+0000] {logging_mixin.py:150} INFO - [2024-04-02T09:40:52.442+0000] {dag.py:3504} INFO - Setting next_dagrun for example_dynamic_task_mapping to 2022-03-04T00:00:00+00:00, run_after=2022-03-05T00:00:00+00:00
[2024-04-02T09:40:52.487+0000] {processor.py:179} INFO - Processing /usr/local/python/3.10.13/lib/python3.10/site-packages/airflow/example_dags/example_dynamic_task_mapping.py took 0.103 seconds
[2024-04-02T09:41:48.512+0000] {processor.py:157} INFO - Started process (PID=32024) to work on /usr/local/python/3.10.13/lib/python3.10/site-packages/airflow/example_dags/example_dynamic_task_mapping.py
[2024-04-02T09:41:48.512+0000] {processor.py:826} INFO - Processing file /usr/local/python/3.10.13/lib/python3.10/site-packages/airflow/example_dags/example_dynamic_task_mapping.py for tasks to queue
[2024-04-02T09:41:48.513+0000] {logging_mixin.py:150} INFO - [2024-04-02T09:41:48.513+0000] {dagbag.py:541} INFO - Filling up the DagBag from /usr/local/python/3.10.13/lib/python3.10/site-packages/airflow/example_dags/example_dynamic_task_mapping.py
[2024-04-02T09:41:48.518+0000] {processor.py:836} INFO - DAG(s) dict_keys(['example_dynamic_task_mapping']) retrieved from /usr/local/python/3.10.13/lib/python3.10/site-packages/airflow/example_dags/example_dynamic_task_mapping.py
[2024-04-02T09:41:48.529+0000] {logging_mixin.py:150} INFO - [2024-04-02T09:41:48.529+0000] {dag.py:2742} INFO - Sync 1 DAGs
[2024-04-02T09:41:48.544+0000] {logging_mixin.py:150} INFO - [2024-04-02T09:41:48.544+0000] {dag.py:3504} INFO - Setting next_dagrun for example_dynamic_task_mapping to 2022-03-04T00:00:00+00:00, run_after=2022-03-05T00:00:00+00:00
[2024-04-02T09:41:48.584+0000] {processor.py:179} INFO - Processing /usr/local/python/3.10.13/lib/python3.10/site-packages/airflow/example_dags/example_dynamic_task_mapping.py took 0.074 seconds
[2024-04-02T09:42:45.756+0000] {processor.py:157} INFO - Started process (PID=32423) to work on /usr/local/python/3.10.13/lib/python3.10/site-packages/airflow/example_dags/example_dynamic_task_mapping.py
[2024-04-02T09:42:45.762+0000] {processor.py:826} INFO - Processing file /usr/local/python/3.10.13/lib/python3.10/site-packages/airflow/example_dags/example_dynamic_task_mapping.py for tasks to queue
[2024-04-02T09:42:45.764+0000] {logging_mixin.py:150} INFO - [2024-04-02T09:42:45.763+0000] {dagbag.py:541} INFO - Filling up the DagBag from /usr/local/python/3.10.13/lib/python3.10/site-packages/airflow/example_dags/example_dynamic_task_mapping.py
[2024-04-02T09:42:45.793+0000] {processor.py:836} INFO - DAG(s) dict_keys(['example_dynamic_task_mapping']) retrieved from /usr/local/python/3.10.13/lib/python3.10/site-packages/airflow/example_dags/example_dynamic_task_mapping.py
[2024-04-02T09:42:45.858+0000] {logging_mixin.py:150} INFO - [2024-04-02T09:42:45.858+0000] {dag.py:2742} INFO - Sync 1 DAGs
[2024-04-02T09:42:45.942+0000] {logging_mixin.py:150} INFO - [2024-04-02T09:42:45.942+0000] {dag.py:3504} INFO - Setting next_dagrun for example_dynamic_task_mapping to 2022-03-04T00:00:00+00:00, run_after=2022-03-05T00:00:00+00:00
[2024-04-02T09:42:45.997+0000] {processor.py:179} INFO - Processing /usr/local/python/3.10.13/lib/python3.10/site-packages/airflow/example_dags/example_dynamic_task_mapping.py took 0.243 seconds
