[2024-04-02T08:57:22.580+0000] {processor.py:157} INFO - Started process (PID=11725) to work on /usr/local/python/3.10.13/lib/python3.10/site-packages/airflow/example_dags/example_complex.py
[2024-04-02T08:57:22.580+0000] {processor.py:826} INFO - Processing file /usr/local/python/3.10.13/lib/python3.10/site-packages/airflow/example_dags/example_complex.py for tasks to queue
[2024-04-02T08:57:22.581+0000] {logging_mixin.py:150} INFO - [2024-04-02T08:57:22.581+0000] {dagbag.py:541} INFO - Filling up the DagBag from /usr/local/python/3.10.13/lib/python3.10/site-packages/airflow/example_dags/example_complex.py
[2024-04-02T08:57:22.590+0000] {processor.py:836} INFO - DAG(s) dict_keys(['example_complex']) retrieved from /usr/local/python/3.10.13/lib/python3.10/site-packages/airflow/example_dags/example_complex.py
[2024-04-02T08:57:22.714+0000] {logging_mixin.py:150} INFO - [2024-04-02T08:57:22.714+0000] {dag.py:2742} INFO - Sync 1 DAGs
[2024-04-02T08:57:22.729+0000] {logging_mixin.py:150} INFO - [2024-04-02T08:57:22.729+0000] {dag.py:3504} INFO - Setting next_dagrun for example_complex to None, run_after=None
[2024-04-02T08:57:22.771+0000] {processor.py:179} INFO - Processing /usr/local/python/3.10.13/lib/python3.10/site-packages/airflow/example_dags/example_complex.py took 0.193 seconds
[2024-04-02T08:58:27.928+0000] {processor.py:157} INFO - Started process (PID=12712) to work on /usr/local/python/3.10.13/lib/python3.10/site-packages/airflow/example_dags/example_complex.py
[2024-04-02T08:58:27.931+0000] {processor.py:826} INFO - Processing file /usr/local/python/3.10.13/lib/python3.10/site-packages/airflow/example_dags/example_complex.py for tasks to queue
[2024-04-02T08:58:27.935+0000] {logging_mixin.py:150} INFO - [2024-04-02T08:58:27.933+0000] {dagbag.py:541} INFO - Filling up the DagBag from /usr/local/python/3.10.13/lib/python3.10/site-packages/airflow/example_dags/example_complex.py
[2024-04-02T08:58:27.961+0000] {processor.py:836} INFO - DAG(s) dict_keys(['example_complex']) retrieved from /usr/local/python/3.10.13/lib/python3.10/site-packages/airflow/example_dags/example_complex.py
[2024-04-02T08:58:28.030+0000] {logging_mixin.py:150} INFO - [2024-04-02T08:58:28.030+0000] {dag.py:2742} INFO - Sync 1 DAGs
[2024-04-02T08:58:28.071+0000] {logging_mixin.py:150} INFO - [2024-04-02T08:58:28.071+0000] {dag.py:3504} INFO - Setting next_dagrun for example_complex to None, run_after=None
[2024-04-02T08:58:28.120+0000] {processor.py:179} INFO - Processing /usr/local/python/3.10.13/lib/python3.10/site-packages/airflow/example_dags/example_complex.py took 0.195 seconds
[2024-04-02T09:00:22.443+0000] {processor.py:157} INFO - Started process (PID=14322) to work on /usr/local/python/3.10.13/lib/python3.10/site-packages/airflow/example_dags/example_complex.py
[2024-04-02T09:00:22.444+0000] {processor.py:826} INFO - Processing file /usr/local/python/3.10.13/lib/python3.10/site-packages/airflow/example_dags/example_complex.py for tasks to queue
[2024-04-02T09:00:22.445+0000] {logging_mixin.py:150} INFO - [2024-04-02T09:00:22.444+0000] {dagbag.py:541} INFO - Filling up the DagBag from /usr/local/python/3.10.13/lib/python3.10/site-packages/airflow/example_dags/example_complex.py
[2024-04-02T09:00:22.460+0000] {processor.py:836} INFO - DAG(s) dict_keys(['example_complex']) retrieved from /usr/local/python/3.10.13/lib/python3.10/site-packages/airflow/example_dags/example_complex.py
[2024-04-02T09:00:22.496+0000] {logging_mixin.py:150} INFO - [2024-04-02T09:00:22.496+0000] {dag.py:2742} INFO - Sync 1 DAGs
[2024-04-02T09:00:22.520+0000] {logging_mixin.py:150} INFO - [2024-04-02T09:00:22.519+0000] {dag.py:3504} INFO - Setting next_dagrun for example_complex to None, run_after=None
[2024-04-02T09:00:22.566+0000] {processor.py:179} INFO - Processing /usr/local/python/3.10.13/lib/python3.10/site-packages/airflow/example_dags/example_complex.py took 0.127 seconds
[2024-04-02T09:01:19.085+0000] {processor.py:157} INFO - Started process (PID=14723) to work on /usr/local/python/3.10.13/lib/python3.10/site-packages/airflow/example_dags/example_complex.py
[2024-04-02T09:01:19.086+0000] {processor.py:826} INFO - Processing file /usr/local/python/3.10.13/lib/python3.10/site-packages/airflow/example_dags/example_complex.py for tasks to queue
[2024-04-02T09:01:19.086+0000] {logging_mixin.py:150} INFO - [2024-04-02T09:01:19.086+0000] {dagbag.py:541} INFO - Filling up the DagBag from /usr/local/python/3.10.13/lib/python3.10/site-packages/airflow/example_dags/example_complex.py
[2024-04-02T09:01:19.104+0000] {processor.py:836} INFO - DAG(s) dict_keys(['example_complex']) retrieved from /usr/local/python/3.10.13/lib/python3.10/site-packages/airflow/example_dags/example_complex.py
[2024-04-02T09:01:19.141+0000] {logging_mixin.py:150} INFO - [2024-04-02T09:01:19.141+0000] {dag.py:2742} INFO - Sync 1 DAGs
[2024-04-02T09:01:19.162+0000] {logging_mixin.py:150} INFO - [2024-04-02T09:01:19.161+0000] {dag.py:3504} INFO - Setting next_dagrun for example_complex to None, run_after=None
[2024-04-02T09:01:19.211+0000] {processor.py:179} INFO - Processing /usr/local/python/3.10.13/lib/python3.10/site-packages/airflow/example_dags/example_complex.py took 0.129 seconds
[2024-04-02T09:02:17.060+0000] {processor.py:157} INFO - Started process (PID=15178) to work on /usr/local/python/3.10.13/lib/python3.10/site-packages/airflow/example_dags/example_complex.py
[2024-04-02T09:02:17.061+0000] {processor.py:826} INFO - Processing file /usr/local/python/3.10.13/lib/python3.10/site-packages/airflow/example_dags/example_complex.py for tasks to queue
[2024-04-02T09:02:17.062+0000] {logging_mixin.py:150} INFO - [2024-04-02T09:02:17.062+0000] {dagbag.py:541} INFO - Filling up the DagBag from /usr/local/python/3.10.13/lib/python3.10/site-packages/airflow/example_dags/example_complex.py
[2024-04-02T09:02:17.077+0000] {processor.py:836} INFO - DAG(s) dict_keys(['example_complex']) retrieved from /usr/local/python/3.10.13/lib/python3.10/site-packages/airflow/example_dags/example_complex.py
[2024-04-02T09:02:17.111+0000] {logging_mixin.py:150} INFO - [2024-04-02T09:02:17.111+0000] {dag.py:2742} INFO - Sync 1 DAGs
[2024-04-02T09:02:17.135+0000] {logging_mixin.py:150} INFO - [2024-04-02T09:02:17.135+0000] {dag.py:3504} INFO - Setting next_dagrun for example_complex to None, run_after=None
[2024-04-02T09:02:17.181+0000] {processor.py:179} INFO - Processing /usr/local/python/3.10.13/lib/python3.10/site-packages/airflow/example_dags/example_complex.py took 0.124 seconds
[2024-04-02T09:03:16.104+0000] {processor.py:157} INFO - Started process (PID=15587) to work on /usr/local/python/3.10.13/lib/python3.10/site-packages/airflow/example_dags/example_complex.py
[2024-04-02T09:03:16.105+0000] {processor.py:826} INFO - Processing file /usr/local/python/3.10.13/lib/python3.10/site-packages/airflow/example_dags/example_complex.py for tasks to queue
[2024-04-02T09:03:16.109+0000] {logging_mixin.py:150} INFO - [2024-04-02T09:03:16.106+0000] {dagbag.py:541} INFO - Filling up the DagBag from /usr/local/python/3.10.13/lib/python3.10/site-packages/airflow/example_dags/example_complex.py
[2024-04-02T09:03:16.119+0000] {processor.py:836} INFO - DAG(s) dict_keys(['example_complex']) retrieved from /usr/local/python/3.10.13/lib/python3.10/site-packages/airflow/example_dags/example_complex.py
[2024-04-02T09:03:16.140+0000] {logging_mixin.py:150} INFO - [2024-04-02T09:03:16.140+0000] {dag.py:2742} INFO - Sync 1 DAGs
[2024-04-02T09:03:16.155+0000] {logging_mixin.py:150} INFO - [2024-04-02T09:03:16.155+0000] {dag.py:3504} INFO - Setting next_dagrun for example_complex to None, run_after=None
[2024-04-02T09:03:16.198+0000] {processor.py:179} INFO - Processing /usr/local/python/3.10.13/lib/python3.10/site-packages/airflow/example_dags/example_complex.py took 0.097 seconds
[2024-04-02T09:04:16.596+0000] {processor.py:157} INFO - Started process (PID=15997) to work on /usr/local/python/3.10.13/lib/python3.10/site-packages/airflow/example_dags/example_complex.py
[2024-04-02T09:04:16.597+0000] {processor.py:826} INFO - Processing file /usr/local/python/3.10.13/lib/python3.10/site-packages/airflow/example_dags/example_complex.py for tasks to queue
[2024-04-02T09:04:16.598+0000] {logging_mixin.py:150} INFO - [2024-04-02T09:04:16.597+0000] {dagbag.py:541} INFO - Filling up the DagBag from /usr/local/python/3.10.13/lib/python3.10/site-packages/airflow/example_dags/example_complex.py
[2024-04-02T09:04:16.612+0000] {processor.py:836} INFO - DAG(s) dict_keys(['example_complex']) retrieved from /usr/local/python/3.10.13/lib/python3.10/site-packages/airflow/example_dags/example_complex.py
[2024-04-02T09:04:16.641+0000] {logging_mixin.py:150} INFO - [2024-04-02T09:04:16.640+0000] {dag.py:2742} INFO - Sync 1 DAGs
[2024-04-02T09:04:16.656+0000] {logging_mixin.py:150} INFO - [2024-04-02T09:04:16.656+0000] {dag.py:3504} INFO - Setting next_dagrun for example_complex to None, run_after=None
[2024-04-02T09:04:16.699+0000] {processor.py:179} INFO - Processing /usr/local/python/3.10.13/lib/python3.10/site-packages/airflow/example_dags/example_complex.py took 0.106 seconds
[2024-04-02T09:05:05.972+0000] {processor.py:157} INFO - Started process (PID=16347) to work on /usr/local/python/3.10.13/lib/python3.10/site-packages/airflow/example_dags/example_complex.py
[2024-04-02T09:05:05.972+0000] {processor.py:826} INFO - Processing file /usr/local/python/3.10.13/lib/python3.10/site-packages/airflow/example_dags/example_complex.py for tasks to queue
[2024-04-02T09:05:05.973+0000] {logging_mixin.py:150} INFO - [2024-04-02T09:05:05.973+0000] {dagbag.py:541} INFO - Filling up the DagBag from /usr/local/python/3.10.13/lib/python3.10/site-packages/airflow/example_dags/example_complex.py
[2024-04-02T09:05:05.982+0000] {processor.py:836} INFO - DAG(s) dict_keys(['example_complex']) retrieved from /usr/local/python/3.10.13/lib/python3.10/site-packages/airflow/example_dags/example_complex.py
[2024-04-02T09:05:06.003+0000] {logging_mixin.py:150} INFO - [2024-04-02T09:05:06.003+0000] {dag.py:2742} INFO - Sync 1 DAGs
[2024-04-02T09:05:06.019+0000] {logging_mixin.py:150} INFO - [2024-04-02T09:05:06.019+0000] {dag.py:3504} INFO - Setting next_dagrun for example_complex to None, run_after=None
[2024-04-02T09:05:06.064+0000] {processor.py:179} INFO - Processing /usr/local/python/3.10.13/lib/python3.10/site-packages/airflow/example_dags/example_complex.py took 0.095 seconds
[2024-04-02T09:06:09.146+0000] {processor.py:157} INFO - Started process (PID=16804) to work on /usr/local/python/3.10.13/lib/python3.10/site-packages/airflow/example_dags/example_complex.py
[2024-04-02T09:06:09.147+0000] {processor.py:826} INFO - Processing file /usr/local/python/3.10.13/lib/python3.10/site-packages/airflow/example_dags/example_complex.py for tasks to queue
[2024-04-02T09:06:09.148+0000] {logging_mixin.py:150} INFO - [2024-04-02T09:06:09.148+0000] {dagbag.py:541} INFO - Filling up the DagBag from /usr/local/python/3.10.13/lib/python3.10/site-packages/airflow/example_dags/example_complex.py
[2024-04-02T09:06:09.163+0000] {processor.py:836} INFO - DAG(s) dict_keys(['example_complex']) retrieved from /usr/local/python/3.10.13/lib/python3.10/site-packages/airflow/example_dags/example_complex.py
[2024-04-02T09:06:09.188+0000] {logging_mixin.py:150} INFO - [2024-04-02T09:06:09.188+0000] {dag.py:2742} INFO - Sync 1 DAGs
[2024-04-02T09:06:09.204+0000] {logging_mixin.py:150} INFO - [2024-04-02T09:06:09.204+0000] {dag.py:3504} INFO - Setting next_dagrun for example_complex to None, run_after=None
[2024-04-02T09:06:09.247+0000] {processor.py:179} INFO - Processing /usr/local/python/3.10.13/lib/python3.10/site-packages/airflow/example_dags/example_complex.py took 0.106 seconds
[2024-04-02T09:07:10.209+0000] {processor.py:157} INFO - Started process (PID=17642) to work on /usr/local/python/3.10.13/lib/python3.10/site-packages/airflow/example_dags/example_complex.py
[2024-04-02T09:07:10.209+0000] {processor.py:826} INFO - Processing file /usr/local/python/3.10.13/lib/python3.10/site-packages/airflow/example_dags/example_complex.py for tasks to queue
[2024-04-02T09:07:10.210+0000] {logging_mixin.py:150} INFO - [2024-04-02T09:07:10.210+0000] {dagbag.py:541} INFO - Filling up the DagBag from /usr/local/python/3.10.13/lib/python3.10/site-packages/airflow/example_dags/example_complex.py
[2024-04-02T09:07:10.219+0000] {processor.py:836} INFO - DAG(s) dict_keys(['example_complex']) retrieved from /usr/local/python/3.10.13/lib/python3.10/site-packages/airflow/example_dags/example_complex.py
[2024-04-02T09:07:10.239+0000] {logging_mixin.py:150} INFO - [2024-04-02T09:07:10.239+0000] {dag.py:2742} INFO - Sync 1 DAGs
[2024-04-02T09:07:10.254+0000] {logging_mixin.py:150} INFO - [2024-04-02T09:07:10.254+0000] {dag.py:3504} INFO - Setting next_dagrun for example_complex to None, run_after=None
[2024-04-02T09:07:10.293+0000] {processor.py:179} INFO - Processing /usr/local/python/3.10.13/lib/python3.10/site-packages/airflow/example_dags/example_complex.py took 0.087 seconds
[2024-04-02T09:08:08.310+0000] {processor.py:157} INFO - Started process (PID=18028) to work on /usr/local/python/3.10.13/lib/python3.10/site-packages/airflow/example_dags/example_complex.py
[2024-04-02T09:08:08.310+0000] {processor.py:826} INFO - Processing file /usr/local/python/3.10.13/lib/python3.10/site-packages/airflow/example_dags/example_complex.py for tasks to queue
[2024-04-02T09:08:08.311+0000] {logging_mixin.py:150} INFO - [2024-04-02T09:08:08.311+0000] {dagbag.py:541} INFO - Filling up the DagBag from /usr/local/python/3.10.13/lib/python3.10/site-packages/airflow/example_dags/example_complex.py
[2024-04-02T09:08:08.320+0000] {processor.py:836} INFO - DAG(s) dict_keys(['example_complex']) retrieved from /usr/local/python/3.10.13/lib/python3.10/site-packages/airflow/example_dags/example_complex.py
[2024-04-02T09:08:08.341+0000] {logging_mixin.py:150} INFO - [2024-04-02T09:08:08.341+0000] {dag.py:2742} INFO - Sync 1 DAGs
[2024-04-02T09:08:08.358+0000] {logging_mixin.py:150} INFO - [2024-04-02T09:08:08.358+0000] {dag.py:3504} INFO - Setting next_dagrun for example_complex to None, run_after=None
[2024-04-02T09:08:08.399+0000] {processor.py:179} INFO - Processing /usr/local/python/3.10.13/lib/python3.10/site-packages/airflow/example_dags/example_complex.py took 0.092 seconds
[2024-04-02T09:09:04.547+0000] {processor.py:157} INFO - Started process (PID=18416) to work on /usr/local/python/3.10.13/lib/python3.10/site-packages/airflow/example_dags/example_complex.py
[2024-04-02T09:09:04.548+0000] {processor.py:826} INFO - Processing file /usr/local/python/3.10.13/lib/python3.10/site-packages/airflow/example_dags/example_complex.py for tasks to queue
[2024-04-02T09:09:04.549+0000] {logging_mixin.py:150} INFO - [2024-04-02T09:09:04.549+0000] {dagbag.py:541} INFO - Filling up the DagBag from /usr/local/python/3.10.13/lib/python3.10/site-packages/airflow/example_dags/example_complex.py
[2024-04-02T09:09:04.558+0000] {processor.py:836} INFO - DAG(s) dict_keys(['example_complex']) retrieved from /usr/local/python/3.10.13/lib/python3.10/site-packages/airflow/example_dags/example_complex.py
[2024-04-02T09:09:04.579+0000] {logging_mixin.py:150} INFO - [2024-04-02T09:09:04.579+0000] {dag.py:2742} INFO - Sync 1 DAGs
[2024-04-02T09:09:04.595+0000] {logging_mixin.py:150} INFO - [2024-04-02T09:09:04.594+0000] {dag.py:3504} INFO - Setting next_dagrun for example_complex to None, run_after=None
[2024-04-02T09:09:04.632+0000] {processor.py:179} INFO - Processing /usr/local/python/3.10.13/lib/python3.10/site-packages/airflow/example_dags/example_complex.py took 0.087 seconds
[2024-04-02T09:10:01.196+0000] {processor.py:157} INFO - Started process (PID=18819) to work on /usr/local/python/3.10.13/lib/python3.10/site-packages/airflow/example_dags/example_complex.py
[2024-04-02T09:10:01.197+0000] {processor.py:826} INFO - Processing file /usr/local/python/3.10.13/lib/python3.10/site-packages/airflow/example_dags/example_complex.py for tasks to queue
[2024-04-02T09:10:01.198+0000] {logging_mixin.py:150} INFO - [2024-04-02T09:10:01.197+0000] {dagbag.py:541} INFO - Filling up the DagBag from /usr/local/python/3.10.13/lib/python3.10/site-packages/airflow/example_dags/example_complex.py
[2024-04-02T09:10:01.207+0000] {processor.py:836} INFO - DAG(s) dict_keys(['example_complex']) retrieved from /usr/local/python/3.10.13/lib/python3.10/site-packages/airflow/example_dags/example_complex.py
[2024-04-02T09:10:01.227+0000] {logging_mixin.py:150} INFO - [2024-04-02T09:10:01.227+0000] {dag.py:2742} INFO - Sync 1 DAGs
[2024-04-02T09:10:01.242+0000] {logging_mixin.py:150} INFO - [2024-04-02T09:10:01.241+0000] {dag.py:3504} INFO - Setting next_dagrun for example_complex to None, run_after=None
[2024-04-02T09:10:01.280+0000] {processor.py:179} INFO - Processing /usr/local/python/3.10.13/lib/python3.10/site-packages/airflow/example_dags/example_complex.py took 0.086 seconds
[2024-04-02T09:11:00.798+0000] {processor.py:157} INFO - Started process (PID=19229) to work on /usr/local/python/3.10.13/lib/python3.10/site-packages/airflow/example_dags/example_complex.py
[2024-04-02T09:11:00.799+0000] {processor.py:826} INFO - Processing file /usr/local/python/3.10.13/lib/python3.10/site-packages/airflow/example_dags/example_complex.py for tasks to queue
[2024-04-02T09:11:00.800+0000] {logging_mixin.py:150} INFO - [2024-04-02T09:11:00.799+0000] {dagbag.py:541} INFO - Filling up the DagBag from /usr/local/python/3.10.13/lib/python3.10/site-packages/airflow/example_dags/example_complex.py
[2024-04-02T09:11:00.809+0000] {processor.py:836} INFO - DAG(s) dict_keys(['example_complex']) retrieved from /usr/local/python/3.10.13/lib/python3.10/site-packages/airflow/example_dags/example_complex.py
[2024-04-02T09:11:00.829+0000] {logging_mixin.py:150} INFO - [2024-04-02T09:11:00.829+0000] {dag.py:2742} INFO - Sync 1 DAGs
[2024-04-02T09:11:00.844+0000] {logging_mixin.py:150} INFO - [2024-04-02T09:11:00.844+0000] {dag.py:3504} INFO - Setting next_dagrun for example_complex to None, run_after=None
[2024-04-02T09:11:00.884+0000] {processor.py:179} INFO - Processing /usr/local/python/3.10.13/lib/python3.10/site-packages/airflow/example_dags/example_complex.py took 0.088 seconds
[2024-04-02T09:11:59.698+0000] {processor.py:157} INFO - Started process (PID=19626) to work on /usr/local/python/3.10.13/lib/python3.10/site-packages/airflow/example_dags/example_complex.py
[2024-04-02T09:11:59.699+0000] {processor.py:826} INFO - Processing file /usr/local/python/3.10.13/lib/python3.10/site-packages/airflow/example_dags/example_complex.py for tasks to queue
[2024-04-02T09:11:59.699+0000] {logging_mixin.py:150} INFO - [2024-04-02T09:11:59.699+0000] {dagbag.py:541} INFO - Filling up the DagBag from /usr/local/python/3.10.13/lib/python3.10/site-packages/airflow/example_dags/example_complex.py
[2024-04-02T09:11:59.710+0000] {processor.py:836} INFO - DAG(s) dict_keys(['example_complex']) retrieved from /usr/local/python/3.10.13/lib/python3.10/site-packages/airflow/example_dags/example_complex.py
[2024-04-02T09:11:59.731+0000] {logging_mixin.py:150} INFO - [2024-04-02T09:11:59.730+0000] {dag.py:2742} INFO - Sync 1 DAGs
[2024-04-02T09:11:59.746+0000] {logging_mixin.py:150} INFO - [2024-04-02T09:11:59.746+0000] {dag.py:3504} INFO - Setting next_dagrun for example_complex to None, run_after=None
[2024-04-02T09:11:59.788+0000] {processor.py:179} INFO - Processing /usr/local/python/3.10.13/lib/python3.10/site-packages/airflow/example_dags/example_complex.py took 0.092 seconds
[2024-04-02T09:13:00.519+0000] {processor.py:157} INFO - Started process (PID=20045) to work on /usr/local/python/3.10.13/lib/python3.10/site-packages/airflow/example_dags/example_complex.py
[2024-04-02T09:13:00.519+0000] {processor.py:826} INFO - Processing file /usr/local/python/3.10.13/lib/python3.10/site-packages/airflow/example_dags/example_complex.py for tasks to queue
[2024-04-02T09:13:00.521+0000] {logging_mixin.py:150} INFO - [2024-04-02T09:13:00.520+0000] {dagbag.py:541} INFO - Filling up the DagBag from /usr/local/python/3.10.13/lib/python3.10/site-packages/airflow/example_dags/example_complex.py
[2024-04-02T09:13:00.536+0000] {processor.py:836} INFO - DAG(s) dict_keys(['example_complex']) retrieved from /usr/local/python/3.10.13/lib/python3.10/site-packages/airflow/example_dags/example_complex.py
[2024-04-02T09:13:00.570+0000] {logging_mixin.py:150} INFO - [2024-04-02T09:13:00.569+0000] {dag.py:2742} INFO - Sync 1 DAGs
[2024-04-02T09:13:00.593+0000] {logging_mixin.py:150} INFO - [2024-04-02T09:13:00.593+0000] {dag.py:3504} INFO - Setting next_dagrun for example_complex to None, run_after=None
[2024-04-02T09:13:00.656+0000] {processor.py:179} INFO - Processing /usr/local/python/3.10.13/lib/python3.10/site-packages/airflow/example_dags/example_complex.py took 0.141 seconds
[2024-04-02T09:13:56.515+0000] {processor.py:157} INFO - Started process (PID=20420) to work on /usr/local/python/3.10.13/lib/python3.10/site-packages/airflow/example_dags/example_complex.py
[2024-04-02T09:13:56.516+0000] {processor.py:826} INFO - Processing file /usr/local/python/3.10.13/lib/python3.10/site-packages/airflow/example_dags/example_complex.py for tasks to queue
[2024-04-02T09:13:56.517+0000] {logging_mixin.py:150} INFO - [2024-04-02T09:13:56.516+0000] {dagbag.py:541} INFO - Filling up the DagBag from /usr/local/python/3.10.13/lib/python3.10/site-packages/airflow/example_dags/example_complex.py
[2024-04-02T09:13:56.526+0000] {processor.py:836} INFO - DAG(s) dict_keys(['example_complex']) retrieved from /usr/local/python/3.10.13/lib/python3.10/site-packages/airflow/example_dags/example_complex.py
[2024-04-02T09:13:56.547+0000] {logging_mixin.py:150} INFO - [2024-04-02T09:13:56.547+0000] {dag.py:2742} INFO - Sync 1 DAGs
[2024-04-02T09:13:56.562+0000] {logging_mixin.py:150} INFO - [2024-04-02T09:13:56.562+0000] {dag.py:3504} INFO - Setting next_dagrun for example_complex to None, run_after=None
[2024-04-02T09:13:56.600+0000] {processor.py:179} INFO - Processing /usr/local/python/3.10.13/lib/python3.10/site-packages/airflow/example_dags/example_complex.py took 0.087 seconds
[2024-04-02T09:14:48.741+0000] {processor.py:157} INFO - Started process (PID=20800) to work on /usr/local/python/3.10.13/lib/python3.10/site-packages/airflow/example_dags/example_complex.py
[2024-04-02T09:14:48.742+0000] {processor.py:826} INFO - Processing file /usr/local/python/3.10.13/lib/python3.10/site-packages/airflow/example_dags/example_complex.py for tasks to queue
[2024-04-02T09:14:48.743+0000] {logging_mixin.py:150} INFO - [2024-04-02T09:14:48.742+0000] {dagbag.py:541} INFO - Filling up the DagBag from /usr/local/python/3.10.13/lib/python3.10/site-packages/airflow/example_dags/example_complex.py
[2024-04-02T09:14:48.758+0000] {processor.py:836} INFO - DAG(s) dict_keys(['example_complex']) retrieved from /usr/local/python/3.10.13/lib/python3.10/site-packages/airflow/example_dags/example_complex.py
[2024-04-02T09:14:48.792+0000] {logging_mixin.py:150} INFO - [2024-04-02T09:14:48.792+0000] {dag.py:2742} INFO - Sync 1 DAGs
[2024-04-02T09:14:48.815+0000] {logging_mixin.py:150} INFO - [2024-04-02T09:14:48.815+0000] {dag.py:3504} INFO - Setting next_dagrun for example_complex to None, run_after=None
[2024-04-02T09:14:48.862+0000] {processor.py:179} INFO - Processing /usr/local/python/3.10.13/lib/python3.10/site-packages/airflow/example_dags/example_complex.py took 0.125 seconds
[2024-04-02T09:15:40.611+0000] {processor.py:157} INFO - Started process (PID=21175) to work on /usr/local/python/3.10.13/lib/python3.10/site-packages/airflow/example_dags/example_complex.py
[2024-04-02T09:15:40.612+0000] {processor.py:826} INFO - Processing file /usr/local/python/3.10.13/lib/python3.10/site-packages/airflow/example_dags/example_complex.py for tasks to queue
[2024-04-02T09:15:40.613+0000] {logging_mixin.py:150} INFO - [2024-04-02T09:15:40.613+0000] {dagbag.py:541} INFO - Filling up the DagBag from /usr/local/python/3.10.13/lib/python3.10/site-packages/airflow/example_dags/example_complex.py
[2024-04-02T09:15:40.622+0000] {processor.py:836} INFO - DAG(s) dict_keys(['example_complex']) retrieved from /usr/local/python/3.10.13/lib/python3.10/site-packages/airflow/example_dags/example_complex.py
[2024-04-02T09:15:40.642+0000] {logging_mixin.py:150} INFO - [2024-04-02T09:15:40.642+0000] {dag.py:2742} INFO - Sync 1 DAGs
[2024-04-02T09:15:40.657+0000] {logging_mixin.py:150} INFO - [2024-04-02T09:15:40.657+0000] {dag.py:3504} INFO - Setting next_dagrun for example_complex to None, run_after=None
[2024-04-02T09:15:40.694+0000] {processor.py:179} INFO - Processing /usr/local/python/3.10.13/lib/python3.10/site-packages/airflow/example_dags/example_complex.py took 0.086 seconds
[2024-04-02T09:16:38.103+0000] {processor.py:157} INFO - Started process (PID=21552) to work on /usr/local/python/3.10.13/lib/python3.10/site-packages/airflow/example_dags/example_complex.py
[2024-04-02T09:16:38.103+0000] {processor.py:826} INFO - Processing file /usr/local/python/3.10.13/lib/python3.10/site-packages/airflow/example_dags/example_complex.py for tasks to queue
[2024-04-02T09:16:38.104+0000] {logging_mixin.py:150} INFO - [2024-04-02T09:16:38.104+0000] {dagbag.py:541} INFO - Filling up the DagBag from /usr/local/python/3.10.13/lib/python3.10/site-packages/airflow/example_dags/example_complex.py
[2024-04-02T09:16:38.113+0000] {processor.py:836} INFO - DAG(s) dict_keys(['example_complex']) retrieved from /usr/local/python/3.10.13/lib/python3.10/site-packages/airflow/example_dags/example_complex.py
[2024-04-02T09:16:38.142+0000] {logging_mixin.py:150} INFO - [2024-04-02T09:16:38.141+0000] {dag.py:2742} INFO - Sync 1 DAGs
[2024-04-02T09:16:38.157+0000] {logging_mixin.py:150} INFO - [2024-04-02T09:16:38.156+0000] {dag.py:3504} INFO - Setting next_dagrun for example_complex to None, run_after=None
[2024-04-02T09:16:38.194+0000] {processor.py:179} INFO - Processing /usr/local/python/3.10.13/lib/python3.10/site-packages/airflow/example_dags/example_complex.py took 0.094 seconds
[2024-04-02T09:17:38.742+0000] {processor.py:157} INFO - Started process (PID=21964) to work on /usr/local/python/3.10.13/lib/python3.10/site-packages/airflow/example_dags/example_complex.py
[2024-04-02T09:17:38.743+0000] {processor.py:826} INFO - Processing file /usr/local/python/3.10.13/lib/python3.10/site-packages/airflow/example_dags/example_complex.py for tasks to queue
[2024-04-02T09:17:38.745+0000] {logging_mixin.py:150} INFO - [2024-04-02T09:17:38.744+0000] {dagbag.py:541} INFO - Filling up the DagBag from /usr/local/python/3.10.13/lib/python3.10/site-packages/airflow/example_dags/example_complex.py
[2024-04-02T09:17:38.760+0000] {processor.py:836} INFO - DAG(s) dict_keys(['example_complex']) retrieved from /usr/local/python/3.10.13/lib/python3.10/site-packages/airflow/example_dags/example_complex.py
[2024-04-02T09:17:38.793+0000] {logging_mixin.py:150} INFO - [2024-04-02T09:17:38.793+0000] {dag.py:2742} INFO - Sync 1 DAGs
[2024-04-02T09:17:38.817+0000] {logging_mixin.py:150} INFO - [2024-04-02T09:17:38.817+0000] {dag.py:3504} INFO - Setting next_dagrun for example_complex to None, run_after=None
[2024-04-02T09:17:38.888+0000] {processor.py:179} INFO - Processing /usr/local/python/3.10.13/lib/python3.10/site-packages/airflow/example_dags/example_complex.py took 0.149 seconds
[2024-04-02T09:18:37.291+0000] {processor.py:157} INFO - Started process (PID=22368) to work on /usr/local/python/3.10.13/lib/python3.10/site-packages/airflow/example_dags/example_complex.py
[2024-04-02T09:18:37.292+0000] {processor.py:826} INFO - Processing file /usr/local/python/3.10.13/lib/python3.10/site-packages/airflow/example_dags/example_complex.py for tasks to queue
[2024-04-02T09:18:37.294+0000] {logging_mixin.py:150} INFO - [2024-04-02T09:18:37.293+0000] {dagbag.py:541} INFO - Filling up the DagBag from /usr/local/python/3.10.13/lib/python3.10/site-packages/airflow/example_dags/example_complex.py
[2024-04-02T09:18:37.309+0000] {processor.py:836} INFO - DAG(s) dict_keys(['example_complex']) retrieved from /usr/local/python/3.10.13/lib/python3.10/site-packages/airflow/example_dags/example_complex.py
[2024-04-02T09:18:37.346+0000] {logging_mixin.py:150} INFO - [2024-04-02T09:18:37.345+0000] {dag.py:2742} INFO - Sync 1 DAGs
[2024-04-02T09:18:37.369+0000] {logging_mixin.py:150} INFO - [2024-04-02T09:18:37.369+0000] {dag.py:3504} INFO - Setting next_dagrun for example_complex to None, run_after=None
[2024-04-02T09:18:37.429+0000] {processor.py:179} INFO - Processing /usr/local/python/3.10.13/lib/python3.10/site-packages/airflow/example_dags/example_complex.py took 0.141 seconds
[2024-04-02T09:19:34.618+0000] {processor.py:157} INFO - Started process (PID=22800) to work on /usr/local/python/3.10.13/lib/python3.10/site-packages/airflow/example_dags/example_complex.py
[2024-04-02T09:19:34.618+0000] {processor.py:826} INFO - Processing file /usr/local/python/3.10.13/lib/python3.10/site-packages/airflow/example_dags/example_complex.py for tasks to queue
[2024-04-02T09:19:34.619+0000] {logging_mixin.py:150} INFO - [2024-04-02T09:19:34.619+0000] {dagbag.py:541} INFO - Filling up the DagBag from /usr/local/python/3.10.13/lib/python3.10/site-packages/airflow/example_dags/example_complex.py
[2024-04-02T09:19:34.628+0000] {processor.py:836} INFO - DAG(s) dict_keys(['example_complex']) retrieved from /usr/local/python/3.10.13/lib/python3.10/site-packages/airflow/example_dags/example_complex.py
[2024-04-02T09:19:34.649+0000] {logging_mixin.py:150} INFO - [2024-04-02T09:19:34.649+0000] {dag.py:2742} INFO - Sync 1 DAGs
[2024-04-02T09:19:34.664+0000] {logging_mixin.py:150} INFO - [2024-04-02T09:19:34.664+0000] {dag.py:3504} INFO - Setting next_dagrun for example_complex to None, run_after=None
[2024-04-02T09:19:34.701+0000] {processor.py:179} INFO - Processing /usr/local/python/3.10.13/lib/python3.10/site-packages/airflow/example_dags/example_complex.py took 0.086 seconds
[2024-04-02T09:20:27.375+0000] {processor.py:157} INFO - Started process (PID=23150) to work on /usr/local/python/3.10.13/lib/python3.10/site-packages/airflow/example_dags/example_complex.py
[2024-04-02T09:20:27.376+0000] {processor.py:826} INFO - Processing file /usr/local/python/3.10.13/lib/python3.10/site-packages/airflow/example_dags/example_complex.py for tasks to queue
[2024-04-02T09:20:27.376+0000] {logging_mixin.py:150} INFO - [2024-04-02T09:20:27.376+0000] {dagbag.py:541} INFO - Filling up the DagBag from /usr/local/python/3.10.13/lib/python3.10/site-packages/airflow/example_dags/example_complex.py
[2024-04-02T09:20:27.385+0000] {processor.py:836} INFO - DAG(s) dict_keys(['example_complex']) retrieved from /usr/local/python/3.10.13/lib/python3.10/site-packages/airflow/example_dags/example_complex.py
[2024-04-02T09:20:27.406+0000] {logging_mixin.py:150} INFO - [2024-04-02T09:20:27.405+0000] {dag.py:2742} INFO - Sync 1 DAGs
[2024-04-02T09:20:27.420+0000] {logging_mixin.py:150} INFO - [2024-04-02T09:20:27.420+0000] {dag.py:3504} INFO - Setting next_dagrun for example_complex to None, run_after=None
[2024-04-02T09:20:27.461+0000] {processor.py:179} INFO - Processing /usr/local/python/3.10.13/lib/python3.10/site-packages/airflow/example_dags/example_complex.py took 0.089 seconds
[2024-04-02T09:21:24.843+0000] {processor.py:157} INFO - Started process (PID=23538) to work on /usr/local/python/3.10.13/lib/python3.10/site-packages/airflow/example_dags/example_complex.py
[2024-04-02T09:21:24.846+0000] {processor.py:826} INFO - Processing file /usr/local/python/3.10.13/lib/python3.10/site-packages/airflow/example_dags/example_complex.py for tasks to queue
[2024-04-02T09:21:24.847+0000] {logging_mixin.py:150} INFO - [2024-04-02T09:21:24.847+0000] {dagbag.py:541} INFO - Filling up the DagBag from /usr/local/python/3.10.13/lib/python3.10/site-packages/airflow/example_dags/example_complex.py
[2024-04-02T09:21:24.870+0000] {processor.py:836} INFO - DAG(s) dict_keys(['example_complex']) retrieved from /usr/local/python/3.10.13/lib/python3.10/site-packages/airflow/example_dags/example_complex.py
[2024-04-02T09:21:24.919+0000] {logging_mixin.py:150} INFO - [2024-04-02T09:21:24.919+0000] {dag.py:2742} INFO - Sync 1 DAGs
[2024-04-02T09:21:24.944+0000] {logging_mixin.py:150} INFO - [2024-04-02T09:21:24.943+0000] {dag.py:3504} INFO - Setting next_dagrun for example_complex to None, run_after=None
[2024-04-02T09:21:24.997+0000] {processor.py:179} INFO - Processing /usr/local/python/3.10.13/lib/python3.10/site-packages/airflow/example_dags/example_complex.py took 0.166 seconds
[2024-04-02T09:22:20.289+0000] {processor.py:157} INFO - Started process (PID=23923) to work on /usr/local/python/3.10.13/lib/python3.10/site-packages/airflow/example_dags/example_complex.py
[2024-04-02T09:22:20.290+0000] {processor.py:826} INFO - Processing file /usr/local/python/3.10.13/lib/python3.10/site-packages/airflow/example_dags/example_complex.py for tasks to queue
[2024-04-02T09:22:20.290+0000] {logging_mixin.py:150} INFO - [2024-04-02T09:22:20.290+0000] {dagbag.py:541} INFO - Filling up the DagBag from /usr/local/python/3.10.13/lib/python3.10/site-packages/airflow/example_dags/example_complex.py
[2024-04-02T09:22:20.299+0000] {processor.py:836} INFO - DAG(s) dict_keys(['example_complex']) retrieved from /usr/local/python/3.10.13/lib/python3.10/site-packages/airflow/example_dags/example_complex.py
[2024-04-02T09:22:20.320+0000] {logging_mixin.py:150} INFO - [2024-04-02T09:22:20.320+0000] {dag.py:2742} INFO - Sync 1 DAGs
[2024-04-02T09:22:20.335+0000] {logging_mixin.py:150} INFO - [2024-04-02T09:22:20.335+0000] {dag.py:3504} INFO - Setting next_dagrun for example_complex to None, run_after=None
[2024-04-02T09:22:20.375+0000] {processor.py:179} INFO - Processing /usr/local/python/3.10.13/lib/python3.10/site-packages/airflow/example_dags/example_complex.py took 0.089 seconds
[2024-04-02T09:23:20.066+0000] {processor.py:157} INFO - Started process (PID=24334) to work on /usr/local/python/3.10.13/lib/python3.10/site-packages/airflow/example_dags/example_complex.py
[2024-04-02T09:23:20.067+0000] {processor.py:826} INFO - Processing file /usr/local/python/3.10.13/lib/python3.10/site-packages/airflow/example_dags/example_complex.py for tasks to queue
[2024-04-02T09:23:20.068+0000] {logging_mixin.py:150} INFO - [2024-04-02T09:23:20.068+0000] {dagbag.py:541} INFO - Filling up the DagBag from /usr/local/python/3.10.13/lib/python3.10/site-packages/airflow/example_dags/example_complex.py
[2024-04-02T09:23:20.084+0000] {processor.py:836} INFO - DAG(s) dict_keys(['example_complex']) retrieved from /usr/local/python/3.10.13/lib/python3.10/site-packages/airflow/example_dags/example_complex.py
[2024-04-02T09:23:20.120+0000] {logging_mixin.py:150} INFO - [2024-04-02T09:23:20.120+0000] {dag.py:2742} INFO - Sync 1 DAGs
[2024-04-02T09:23:20.145+0000] {logging_mixin.py:150} INFO - [2024-04-02T09:23:20.145+0000] {dag.py:3504} INFO - Setting next_dagrun for example_complex to None, run_after=None
[2024-04-02T09:23:20.191+0000] {processor.py:179} INFO - Processing /usr/local/python/3.10.13/lib/python3.10/site-packages/airflow/example_dags/example_complex.py took 0.129 seconds
[2024-04-02T09:24:22.465+0000] {processor.py:157} INFO - Started process (PID=24754) to work on /usr/local/python/3.10.13/lib/python3.10/site-packages/airflow/example_dags/example_complex.py
[2024-04-02T09:24:22.466+0000] {processor.py:826} INFO - Processing file /usr/local/python/3.10.13/lib/python3.10/site-packages/airflow/example_dags/example_complex.py for tasks to queue
[2024-04-02T09:24:22.466+0000] {logging_mixin.py:150} INFO - [2024-04-02T09:24:22.466+0000] {dagbag.py:541} INFO - Filling up the DagBag from /usr/local/python/3.10.13/lib/python3.10/site-packages/airflow/example_dags/example_complex.py
[2024-04-02T09:24:22.476+0000] {processor.py:836} INFO - DAG(s) dict_keys(['example_complex']) retrieved from /usr/local/python/3.10.13/lib/python3.10/site-packages/airflow/example_dags/example_complex.py
[2024-04-02T09:24:22.503+0000] {logging_mixin.py:150} INFO - [2024-04-02T09:24:22.502+0000] {dag.py:2742} INFO - Sync 1 DAGs
[2024-04-02T09:24:22.522+0000] {logging_mixin.py:150} INFO - [2024-04-02T09:24:22.522+0000] {dag.py:3504} INFO - Setting next_dagrun for example_complex to None, run_after=None
[2024-04-02T09:24:22.563+0000] {processor.py:179} INFO - Processing /usr/local/python/3.10.13/lib/python3.10/site-packages/airflow/example_dags/example_complex.py took 0.100 seconds
[2024-04-02T09:25:21.934+0000] {processor.py:157} INFO - Started process (PID=25184) to work on /usr/local/python/3.10.13/lib/python3.10/site-packages/airflow/example_dags/example_complex.py
[2024-04-02T09:25:21.935+0000] {processor.py:826} INFO - Processing file /usr/local/python/3.10.13/lib/python3.10/site-packages/airflow/example_dags/example_complex.py for tasks to queue
[2024-04-02T09:25:21.937+0000] {logging_mixin.py:150} INFO - [2024-04-02T09:25:21.936+0000] {dagbag.py:541} INFO - Filling up the DagBag from /usr/local/python/3.10.13/lib/python3.10/site-packages/airflow/example_dags/example_complex.py
[2024-04-02T09:25:21.959+0000] {processor.py:836} INFO - DAG(s) dict_keys(['example_complex']) retrieved from /usr/local/python/3.10.13/lib/python3.10/site-packages/airflow/example_dags/example_complex.py
[2024-04-02T09:25:22.047+0000] {logging_mixin.py:150} INFO - [2024-04-02T09:25:22.047+0000] {dag.py:2742} INFO - Sync 1 DAGs
[2024-04-02T09:25:22.076+0000] {logging_mixin.py:150} INFO - [2024-04-02T09:25:22.076+0000] {dag.py:3504} INFO - Setting next_dagrun for example_complex to None, run_after=None
[2024-04-02T09:25:22.124+0000] {processor.py:179} INFO - Processing /usr/local/python/3.10.13/lib/python3.10/site-packages/airflow/example_dags/example_complex.py took 0.194 seconds
[2024-04-02T09:26:13.222+0000] {processor.py:157} INFO - Started process (PID=25535) to work on /usr/local/python/3.10.13/lib/python3.10/site-packages/airflow/example_dags/example_complex.py
[2024-04-02T09:26:13.222+0000] {processor.py:826} INFO - Processing file /usr/local/python/3.10.13/lib/python3.10/site-packages/airflow/example_dags/example_complex.py for tasks to queue
[2024-04-02T09:26:13.223+0000] {logging_mixin.py:150} INFO - [2024-04-02T09:26:13.223+0000] {dagbag.py:541} INFO - Filling up the DagBag from /usr/local/python/3.10.13/lib/python3.10/site-packages/airflow/example_dags/example_complex.py
[2024-04-02T09:26:13.235+0000] {processor.py:836} INFO - DAG(s) dict_keys(['example_complex']) retrieved from /usr/local/python/3.10.13/lib/python3.10/site-packages/airflow/example_dags/example_complex.py
[2024-04-02T09:26:13.262+0000] {logging_mixin.py:150} INFO - [2024-04-02T09:26:13.261+0000] {dag.py:2742} INFO - Sync 1 DAGs
[2024-04-02T09:26:13.280+0000] {logging_mixin.py:150} INFO - [2024-04-02T09:26:13.280+0000] {dag.py:3504} INFO - Setting next_dagrun for example_complex to None, run_after=None
[2024-04-02T09:26:13.319+0000] {processor.py:179} INFO - Processing /usr/local/python/3.10.13/lib/python3.10/site-packages/airflow/example_dags/example_complex.py took 0.100 seconds
[2024-04-02T09:27:13.680+0000] {processor.py:157} INFO - Started process (PID=25931) to work on /usr/local/python/3.10.13/lib/python3.10/site-packages/airflow/example_dags/example_complex.py
[2024-04-02T09:27:13.681+0000] {processor.py:826} INFO - Processing file /usr/local/python/3.10.13/lib/python3.10/site-packages/airflow/example_dags/example_complex.py for tasks to queue
[2024-04-02T09:27:13.682+0000] {logging_mixin.py:150} INFO - [2024-04-02T09:27:13.681+0000] {dagbag.py:541} INFO - Filling up the DagBag from /usr/local/python/3.10.13/lib/python3.10/site-packages/airflow/example_dags/example_complex.py
[2024-04-02T09:27:13.691+0000] {processor.py:836} INFO - DAG(s) dict_keys(['example_complex']) retrieved from /usr/local/python/3.10.13/lib/python3.10/site-packages/airflow/example_dags/example_complex.py
[2024-04-02T09:27:13.714+0000] {logging_mixin.py:150} INFO - [2024-04-02T09:27:13.713+0000] {dag.py:2742} INFO - Sync 1 DAGs
[2024-04-02T09:27:13.729+0000] {logging_mixin.py:150} INFO - [2024-04-02T09:27:13.729+0000] {dag.py:3504} INFO - Setting next_dagrun for example_complex to None, run_after=None
[2024-04-02T09:27:13.767+0000] {processor.py:179} INFO - Processing /usr/local/python/3.10.13/lib/python3.10/site-packages/airflow/example_dags/example_complex.py took 0.089 seconds
[2024-04-02T09:28:14.486+0000] {processor.py:157} INFO - Started process (PID=26343) to work on /usr/local/python/3.10.13/lib/python3.10/site-packages/airflow/example_dags/example_complex.py
[2024-04-02T09:28:14.487+0000] {processor.py:826} INFO - Processing file /usr/local/python/3.10.13/lib/python3.10/site-packages/airflow/example_dags/example_complex.py for tasks to queue
[2024-04-02T09:28:14.488+0000] {logging_mixin.py:150} INFO - [2024-04-02T09:28:14.488+0000] {dagbag.py:541} INFO - Filling up the DagBag from /usr/local/python/3.10.13/lib/python3.10/site-packages/airflow/example_dags/example_complex.py
[2024-04-02T09:28:14.504+0000] {processor.py:836} INFO - DAG(s) dict_keys(['example_complex']) retrieved from /usr/local/python/3.10.13/lib/python3.10/site-packages/airflow/example_dags/example_complex.py
[2024-04-02T09:28:14.537+0000] {logging_mixin.py:150} INFO - [2024-04-02T09:28:14.537+0000] {dag.py:2742} INFO - Sync 1 DAGs
[2024-04-02T09:28:14.562+0000] {logging_mixin.py:150} INFO - [2024-04-02T09:28:14.562+0000] {dag.py:3504} INFO - Setting next_dagrun for example_complex to None, run_after=None
[2024-04-02T09:28:14.607+0000] {processor.py:179} INFO - Processing /usr/local/python/3.10.13/lib/python3.10/site-packages/airflow/example_dags/example_complex.py took 0.124 seconds
[2024-04-02T09:29:17.019+0000] {processor.py:157} INFO - Started process (PID=26760) to work on /usr/local/python/3.10.13/lib/python3.10/site-packages/airflow/example_dags/example_complex.py
[2024-04-02T09:29:17.020+0000] {processor.py:826} INFO - Processing file /usr/local/python/3.10.13/lib/python3.10/site-packages/airflow/example_dags/example_complex.py for tasks to queue
[2024-04-02T09:29:17.020+0000] {logging_mixin.py:150} INFO - [2024-04-02T09:29:17.020+0000] {dagbag.py:541} INFO - Filling up the DagBag from /usr/local/python/3.10.13/lib/python3.10/site-packages/airflow/example_dags/example_complex.py
[2024-04-02T09:29:17.029+0000] {processor.py:836} INFO - DAG(s) dict_keys(['example_complex']) retrieved from /usr/local/python/3.10.13/lib/python3.10/site-packages/airflow/example_dags/example_complex.py
[2024-04-02T09:29:17.050+0000] {logging_mixin.py:150} INFO - [2024-04-02T09:29:17.050+0000] {dag.py:2742} INFO - Sync 1 DAGs
[2024-04-02T09:29:17.065+0000] {logging_mixin.py:150} INFO - [2024-04-02T09:29:17.065+0000] {dag.py:3504} INFO - Setting next_dagrun for example_complex to None, run_after=None
[2024-04-02T09:29:17.111+0000] {processor.py:179} INFO - Processing /usr/local/python/3.10.13/lib/python3.10/site-packages/airflow/example_dags/example_complex.py took 0.095 seconds
[2024-04-02T09:30:10.286+0000] {processor.py:157} INFO - Started process (PID=27189) to work on /usr/local/python/3.10.13/lib/python3.10/site-packages/airflow/example_dags/example_complex.py
[2024-04-02T09:30:10.287+0000] {processor.py:826} INFO - Processing file /usr/local/python/3.10.13/lib/python3.10/site-packages/airflow/example_dags/example_complex.py for tasks to queue
[2024-04-02T09:30:10.287+0000] {logging_mixin.py:150} INFO - [2024-04-02T09:30:10.287+0000] {dagbag.py:541} INFO - Filling up the DagBag from /usr/local/python/3.10.13/lib/python3.10/site-packages/airflow/example_dags/example_complex.py
[2024-04-02T09:30:10.296+0000] {processor.py:836} INFO - DAG(s) dict_keys(['example_complex']) retrieved from /usr/local/python/3.10.13/lib/python3.10/site-packages/airflow/example_dags/example_complex.py
[2024-04-02T09:30:10.316+0000] {logging_mixin.py:150} INFO - [2024-04-02T09:30:10.316+0000] {dag.py:2742} INFO - Sync 1 DAGs
[2024-04-02T09:30:10.332+0000] {logging_mixin.py:150} INFO - [2024-04-02T09:30:10.332+0000] {dag.py:3504} INFO - Setting next_dagrun for example_complex to None, run_after=None
[2024-04-02T09:30:10.370+0000] {processor.py:179} INFO - Processing /usr/local/python/3.10.13/lib/python3.10/site-packages/airflow/example_dags/example_complex.py took 0.086 seconds
[2024-04-02T09:31:09.022+0000] {processor.py:157} INFO - Started process (PID=27571) to work on /usr/local/python/3.10.13/lib/python3.10/site-packages/airflow/example_dags/example_complex.py
[2024-04-02T09:31:09.023+0000] {processor.py:826} INFO - Processing file /usr/local/python/3.10.13/lib/python3.10/site-packages/airflow/example_dags/example_complex.py for tasks to queue
[2024-04-02T09:31:09.023+0000] {logging_mixin.py:150} INFO - [2024-04-02T09:31:09.023+0000] {dagbag.py:541} INFO - Filling up the DagBag from /usr/local/python/3.10.13/lib/python3.10/site-packages/airflow/example_dags/example_complex.py
[2024-04-02T09:31:09.032+0000] {processor.py:836} INFO - DAG(s) dict_keys(['example_complex']) retrieved from /usr/local/python/3.10.13/lib/python3.10/site-packages/airflow/example_dags/example_complex.py
[2024-04-02T09:31:09.053+0000] {logging_mixin.py:150} INFO - [2024-04-02T09:31:09.053+0000] {dag.py:2742} INFO - Sync 1 DAGs
[2024-04-02T09:31:09.071+0000] {logging_mixin.py:150} INFO - [2024-04-02T09:31:09.071+0000] {dag.py:3504} INFO - Setting next_dagrun for example_complex to None, run_after=None
[2024-04-02T09:31:09.118+0000] {processor.py:179} INFO - Processing /usr/local/python/3.10.13/lib/python3.10/site-packages/airflow/example_dags/example_complex.py took 0.099 seconds
[2024-04-02T09:32:07.504+0000] {processor.py:157} INFO - Started process (PID=27985) to work on /usr/local/python/3.10.13/lib/python3.10/site-packages/airflow/example_dags/example_complex.py
[2024-04-02T09:32:07.505+0000] {processor.py:826} INFO - Processing file /usr/local/python/3.10.13/lib/python3.10/site-packages/airflow/example_dags/example_complex.py for tasks to queue
[2024-04-02T09:32:07.506+0000] {logging_mixin.py:150} INFO - [2024-04-02T09:32:07.506+0000] {dagbag.py:541} INFO - Filling up the DagBag from /usr/local/python/3.10.13/lib/python3.10/site-packages/airflow/example_dags/example_complex.py
[2024-04-02T09:32:07.521+0000] {processor.py:836} INFO - DAG(s) dict_keys(['example_complex']) retrieved from /usr/local/python/3.10.13/lib/python3.10/site-packages/airflow/example_dags/example_complex.py
[2024-04-02T09:32:07.553+0000] {logging_mixin.py:150} INFO - [2024-04-02T09:32:07.552+0000] {dag.py:2742} INFO - Sync 1 DAGs
[2024-04-02T09:32:07.574+0000] {logging_mixin.py:150} INFO - [2024-04-02T09:32:07.574+0000] {dag.py:3504} INFO - Setting next_dagrun for example_complex to None, run_after=None
[2024-04-02T09:32:07.621+0000] {processor.py:179} INFO - Processing /usr/local/python/3.10.13/lib/python3.10/site-packages/airflow/example_dags/example_complex.py took 0.121 seconds
[2024-04-02T09:33:07.396+0000] {processor.py:157} INFO - Started process (PID=28391) to work on /usr/local/python/3.10.13/lib/python3.10/site-packages/airflow/example_dags/example_complex.py
[2024-04-02T09:33:07.397+0000] {processor.py:826} INFO - Processing file /usr/local/python/3.10.13/lib/python3.10/site-packages/airflow/example_dags/example_complex.py for tasks to queue
[2024-04-02T09:33:07.398+0000] {logging_mixin.py:150} INFO - [2024-04-02T09:33:07.398+0000] {dagbag.py:541} INFO - Filling up the DagBag from /usr/local/python/3.10.13/lib/python3.10/site-packages/airflow/example_dags/example_complex.py
[2024-04-02T09:33:07.413+0000] {processor.py:836} INFO - DAG(s) dict_keys(['example_complex']) retrieved from /usr/local/python/3.10.13/lib/python3.10/site-packages/airflow/example_dags/example_complex.py
[2024-04-02T09:33:07.447+0000] {logging_mixin.py:150} INFO - [2024-04-02T09:33:07.447+0000] {dag.py:2742} INFO - Sync 1 DAGs
[2024-04-02T09:33:07.470+0000] {logging_mixin.py:150} INFO - [2024-04-02T09:33:07.469+0000] {dag.py:3504} INFO - Setting next_dagrun for example_complex to None, run_after=None
[2024-04-02T09:33:07.516+0000] {processor.py:179} INFO - Processing /usr/local/python/3.10.13/lib/python3.10/site-packages/airflow/example_dags/example_complex.py took 0.123 seconds
[2024-04-02T09:34:04.703+0000] {processor.py:157} INFO - Started process (PID=28787) to work on /usr/local/python/3.10.13/lib/python3.10/site-packages/airflow/example_dags/example_complex.py
[2024-04-02T09:34:04.704+0000] {processor.py:826} INFO - Processing file /usr/local/python/3.10.13/lib/python3.10/site-packages/airflow/example_dags/example_complex.py for tasks to queue
[2024-04-02T09:34:04.705+0000] {logging_mixin.py:150} INFO - [2024-04-02T09:34:04.705+0000] {dagbag.py:541} INFO - Filling up the DagBag from /usr/local/python/3.10.13/lib/python3.10/site-packages/airflow/example_dags/example_complex.py
[2024-04-02T09:34:04.713+0000] {processor.py:836} INFO - DAG(s) dict_keys(['example_complex']) retrieved from /usr/local/python/3.10.13/lib/python3.10/site-packages/airflow/example_dags/example_complex.py
[2024-04-02T09:34:04.734+0000] {logging_mixin.py:150} INFO - [2024-04-02T09:34:04.734+0000] {dag.py:2742} INFO - Sync 1 DAGs
[2024-04-02T09:34:04.750+0000] {logging_mixin.py:150} INFO - [2024-04-02T09:34:04.750+0000] {dag.py:3504} INFO - Setting next_dagrun for example_complex to None, run_after=None
[2024-04-02T09:34:04.788+0000] {processor.py:179} INFO - Processing /usr/local/python/3.10.13/lib/python3.10/site-packages/airflow/example_dags/example_complex.py took 0.087 seconds
[2024-04-02T09:35:02.083+0000] {processor.py:157} INFO - Started process (PID=29195) to work on /usr/local/python/3.10.13/lib/python3.10/site-packages/airflow/example_dags/example_complex.py
[2024-04-02T09:35:02.084+0000] {processor.py:826} INFO - Processing file /usr/local/python/3.10.13/lib/python3.10/site-packages/airflow/example_dags/example_complex.py for tasks to queue
[2024-04-02T09:35:02.085+0000] {logging_mixin.py:150} INFO - [2024-04-02T09:35:02.085+0000] {dagbag.py:541} INFO - Filling up the DagBag from /usr/local/python/3.10.13/lib/python3.10/site-packages/airflow/example_dags/example_complex.py
[2024-04-02T09:35:02.100+0000] {processor.py:836} INFO - DAG(s) dict_keys(['example_complex']) retrieved from /usr/local/python/3.10.13/lib/python3.10/site-packages/airflow/example_dags/example_complex.py
[2024-04-02T09:35:02.135+0000] {logging_mixin.py:150} INFO - [2024-04-02T09:35:02.135+0000] {dag.py:2742} INFO - Sync 1 DAGs
[2024-04-02T09:35:02.160+0000] {logging_mixin.py:150} INFO - [2024-04-02T09:35:02.160+0000] {dag.py:3504} INFO - Setting next_dagrun for example_complex to None, run_after=None
[2024-04-02T09:35:02.204+0000] {processor.py:179} INFO - Processing /usr/local/python/3.10.13/lib/python3.10/site-packages/airflow/example_dags/example_complex.py took 0.124 seconds
[2024-04-02T09:35:56.915+0000] {processor.py:157} INFO - Started process (PID=29587) to work on /usr/local/python/3.10.13/lib/python3.10/site-packages/airflow/example_dags/example_complex.py
[2024-04-02T09:35:56.915+0000] {processor.py:826} INFO - Processing file /usr/local/python/3.10.13/lib/python3.10/site-packages/airflow/example_dags/example_complex.py for tasks to queue
[2024-04-02T09:35:56.916+0000] {logging_mixin.py:150} INFO - [2024-04-02T09:35:56.916+0000] {dagbag.py:541} INFO - Filling up the DagBag from /usr/local/python/3.10.13/lib/python3.10/site-packages/airflow/example_dags/example_complex.py
[2024-04-02T09:35:56.925+0000] {processor.py:836} INFO - DAG(s) dict_keys(['example_complex']) retrieved from /usr/local/python/3.10.13/lib/python3.10/site-packages/airflow/example_dags/example_complex.py
[2024-04-02T09:35:56.946+0000] {logging_mixin.py:150} INFO - [2024-04-02T09:35:56.946+0000] {dag.py:2742} INFO - Sync 1 DAGs
[2024-04-02T09:35:56.962+0000] {logging_mixin.py:150} INFO - [2024-04-02T09:35:56.962+0000] {dag.py:3504} INFO - Setting next_dagrun for example_complex to None, run_after=None
[2024-04-02T09:35:57.000+0000] {processor.py:179} INFO - Processing /usr/local/python/3.10.13/lib/python3.10/site-packages/airflow/example_dags/example_complex.py took 0.088 seconds
[2024-04-02T09:36:51.445+0000] {processor.py:157} INFO - Started process (PID=29954) to work on /usr/local/python/3.10.13/lib/python3.10/site-packages/airflow/example_dags/example_complex.py
[2024-04-02T09:36:51.446+0000] {processor.py:826} INFO - Processing file /usr/local/python/3.10.13/lib/python3.10/site-packages/airflow/example_dags/example_complex.py for tasks to queue
[2024-04-02T09:36:51.447+0000] {logging_mixin.py:150} INFO - [2024-04-02T09:36:51.447+0000] {dagbag.py:541} INFO - Filling up the DagBag from /usr/local/python/3.10.13/lib/python3.10/site-packages/airflow/example_dags/example_complex.py
[2024-04-02T09:36:51.462+0000] {processor.py:836} INFO - DAG(s) dict_keys(['example_complex']) retrieved from /usr/local/python/3.10.13/lib/python3.10/site-packages/airflow/example_dags/example_complex.py
[2024-04-02T09:36:51.494+0000] {logging_mixin.py:150} INFO - [2024-04-02T09:36:51.494+0000] {dag.py:2742} INFO - Sync 1 DAGs
[2024-04-02T09:36:51.516+0000] {logging_mixin.py:150} INFO - [2024-04-02T09:36:51.516+0000] {dag.py:3504} INFO - Setting next_dagrun for example_complex to None, run_after=None
[2024-04-02T09:36:51.562+0000] {processor.py:179} INFO - Processing /usr/local/python/3.10.13/lib/python3.10/site-packages/airflow/example_dags/example_complex.py took 0.120 seconds
[2024-04-02T09:37:47.620+0000] {processor.py:157} INFO - Started process (PID=30329) to work on /usr/local/python/3.10.13/lib/python3.10/site-packages/airflow/example_dags/example_complex.py
[2024-04-02T09:37:47.621+0000] {processor.py:826} INFO - Processing file /usr/local/python/3.10.13/lib/python3.10/site-packages/airflow/example_dags/example_complex.py for tasks to queue
[2024-04-02T09:37:47.622+0000] {logging_mixin.py:150} INFO - [2024-04-02T09:37:47.622+0000] {dagbag.py:541} INFO - Filling up the DagBag from /usr/local/python/3.10.13/lib/python3.10/site-packages/airflow/example_dags/example_complex.py
[2024-04-02T09:37:47.632+0000] {processor.py:836} INFO - DAG(s) dict_keys(['example_complex']) retrieved from /usr/local/python/3.10.13/lib/python3.10/site-packages/airflow/example_dags/example_complex.py
[2024-04-02T09:37:47.655+0000] {logging_mixin.py:150} INFO - [2024-04-02T09:37:47.654+0000] {dag.py:2742} INFO - Sync 1 DAGs
[2024-04-02T09:37:47.670+0000] {logging_mixin.py:150} INFO - [2024-04-02T09:37:47.670+0000] {dag.py:3504} INFO - Setting next_dagrun for example_complex to None, run_after=None
[2024-04-02T09:37:47.711+0000] {processor.py:179} INFO - Processing /usr/local/python/3.10.13/lib/python3.10/site-packages/airflow/example_dags/example_complex.py took 0.094 seconds
[2024-04-02T09:38:43.666+0000] {processor.py:157} INFO - Started process (PID=30716) to work on /usr/local/python/3.10.13/lib/python3.10/site-packages/airflow/example_dags/example_complex.py
[2024-04-02T09:38:43.667+0000] {processor.py:826} INFO - Processing file /usr/local/python/3.10.13/lib/python3.10/site-packages/airflow/example_dags/example_complex.py for tasks to queue
[2024-04-02T09:38:43.668+0000] {logging_mixin.py:150} INFO - [2024-04-02T09:38:43.668+0000] {dagbag.py:541} INFO - Filling up the DagBag from /usr/local/python/3.10.13/lib/python3.10/site-packages/airflow/example_dags/example_complex.py
[2024-04-02T09:38:43.677+0000] {processor.py:836} INFO - DAG(s) dict_keys(['example_complex']) retrieved from /usr/local/python/3.10.13/lib/python3.10/site-packages/airflow/example_dags/example_complex.py
[2024-04-02T09:38:43.699+0000] {logging_mixin.py:150} INFO - [2024-04-02T09:38:43.699+0000] {dag.py:2742} INFO - Sync 1 DAGs
[2024-04-02T09:38:43.714+0000] {logging_mixin.py:150} INFO - [2024-04-02T09:38:43.714+0000] {dag.py:3504} INFO - Setting next_dagrun for example_complex to None, run_after=None
[2024-04-02T09:38:43.756+0000] {processor.py:179} INFO - Processing /usr/local/python/3.10.13/lib/python3.10/site-packages/airflow/example_dags/example_complex.py took 0.092 seconds
[2024-04-02T09:39:40.930+0000] {processor.py:157} INFO - Started process (PID=31165) to work on /usr/local/python/3.10.13/lib/python3.10/site-packages/airflow/example_dags/example_complex.py
[2024-04-02T09:39:40.931+0000] {processor.py:826} INFO - Processing file /usr/local/python/3.10.13/lib/python3.10/site-packages/airflow/example_dags/example_complex.py for tasks to queue
[2024-04-02T09:39:40.932+0000] {logging_mixin.py:150} INFO - [2024-04-02T09:39:40.931+0000] {dagbag.py:541} INFO - Filling up the DagBag from /usr/local/python/3.10.13/lib/python3.10/site-packages/airflow/example_dags/example_complex.py
[2024-04-02T09:39:40.941+0000] {processor.py:836} INFO - DAG(s) dict_keys(['example_complex']) retrieved from /usr/local/python/3.10.13/lib/python3.10/site-packages/airflow/example_dags/example_complex.py
[2024-04-02T09:39:40.962+0000] {logging_mixin.py:150} INFO - [2024-04-02T09:39:40.961+0000] {dag.py:2742} INFO - Sync 1 DAGs
[2024-04-02T09:39:40.977+0000] {logging_mixin.py:150} INFO - [2024-04-02T09:39:40.977+0000] {dag.py:3504} INFO - Setting next_dagrun for example_complex to None, run_after=None
[2024-04-02T09:39:41.015+0000] {processor.py:179} INFO - Processing /usr/local/python/3.10.13/lib/python3.10/site-packages/airflow/example_dags/example_complex.py took 0.087 seconds
[2024-04-02T09:40:38.477+0000] {processor.py:157} INFO - Started process (PID=31546) to work on /usr/local/python/3.10.13/lib/python3.10/site-packages/airflow/example_dags/example_complex.py
[2024-04-02T09:40:38.478+0000] {processor.py:826} INFO - Processing file /usr/local/python/3.10.13/lib/python3.10/site-packages/airflow/example_dags/example_complex.py for tasks to queue
[2024-04-02T09:40:38.480+0000] {logging_mixin.py:150} INFO - [2024-04-02T09:40:38.479+0000] {dagbag.py:541} INFO - Filling up the DagBag from /usr/local/python/3.10.13/lib/python3.10/site-packages/airflow/example_dags/example_complex.py
[2024-04-02T09:40:38.494+0000] {processor.py:836} INFO - DAG(s) dict_keys(['example_complex']) retrieved from /usr/local/python/3.10.13/lib/python3.10/site-packages/airflow/example_dags/example_complex.py
[2024-04-02T09:40:38.527+0000] {logging_mixin.py:150} INFO - [2024-04-02T09:40:38.527+0000] {dag.py:2742} INFO - Sync 1 DAGs
[2024-04-02T09:40:38.549+0000] {logging_mixin.py:150} INFO - [2024-04-02T09:40:38.549+0000] {dag.py:3504} INFO - Setting next_dagrun for example_complex to None, run_after=None
[2024-04-02T09:40:38.596+0000] {processor.py:179} INFO - Processing /usr/local/python/3.10.13/lib/python3.10/site-packages/airflow/example_dags/example_complex.py took 0.122 seconds
[2024-04-02T09:41:35.500+0000] {processor.py:157} INFO - Started process (PID=31944) to work on /usr/local/python/3.10.13/lib/python3.10/site-packages/airflow/example_dags/example_complex.py
[2024-04-02T09:41:35.501+0000] {processor.py:826} INFO - Processing file /usr/local/python/3.10.13/lib/python3.10/site-packages/airflow/example_dags/example_complex.py for tasks to queue
[2024-04-02T09:41:35.502+0000] {logging_mixin.py:150} INFO - [2024-04-02T09:41:35.502+0000] {dagbag.py:541} INFO - Filling up the DagBag from /usr/local/python/3.10.13/lib/python3.10/site-packages/airflow/example_dags/example_complex.py
[2024-04-02T09:41:35.516+0000] {processor.py:836} INFO - DAG(s) dict_keys(['example_complex']) retrieved from /usr/local/python/3.10.13/lib/python3.10/site-packages/airflow/example_dags/example_complex.py
[2024-04-02T09:41:35.550+0000] {logging_mixin.py:150} INFO - [2024-04-02T09:41:35.550+0000] {dag.py:2742} INFO - Sync 1 DAGs
[2024-04-02T09:41:35.575+0000] {logging_mixin.py:150} INFO - [2024-04-02T09:41:35.575+0000] {dag.py:3504} INFO - Setting next_dagrun for example_complex to None, run_after=None
[2024-04-02T09:41:35.617+0000] {processor.py:179} INFO - Processing /usr/local/python/3.10.13/lib/python3.10/site-packages/airflow/example_dags/example_complex.py took 0.120 seconds
[2024-04-02T09:42:31.432+0000] {processor.py:157} INFO - Started process (PID=32317) to work on /usr/local/python/3.10.13/lib/python3.10/site-packages/airflow/example_dags/example_complex.py
[2024-04-02T09:42:31.433+0000] {processor.py:826} INFO - Processing file /usr/local/python/3.10.13/lib/python3.10/site-packages/airflow/example_dags/example_complex.py for tasks to queue
[2024-04-02T09:42:31.434+0000] {logging_mixin.py:150} INFO - [2024-04-02T09:42:31.434+0000] {dagbag.py:541} INFO - Filling up the DagBag from /usr/local/python/3.10.13/lib/python3.10/site-packages/airflow/example_dags/example_complex.py
[2024-04-02T09:42:31.443+0000] {processor.py:836} INFO - DAG(s) dict_keys(['example_complex']) retrieved from /usr/local/python/3.10.13/lib/python3.10/site-packages/airflow/example_dags/example_complex.py
[2024-04-02T09:42:31.463+0000] {logging_mixin.py:150} INFO - [2024-04-02T09:42:31.463+0000] {dag.py:2742} INFO - Sync 1 DAGs
[2024-04-02T09:42:31.479+0000] {logging_mixin.py:150} INFO - [2024-04-02T09:42:31.479+0000] {dag.py:3504} INFO - Setting next_dagrun for example_complex to None, run_after=None
[2024-04-02T09:42:31.517+0000] {processor.py:179} INFO - Processing /usr/local/python/3.10.13/lib/python3.10/site-packages/airflow/example_dags/example_complex.py took 0.086 seconds
[2024-04-02T09:43:32.534+0000] {processor.py:157} INFO - Started process (PID=32730) to work on /usr/local/python/3.10.13/lib/python3.10/site-packages/airflow/example_dags/example_complex.py
[2024-04-02T09:43:32.535+0000] {processor.py:826} INFO - Processing file /usr/local/python/3.10.13/lib/python3.10/site-packages/airflow/example_dags/example_complex.py for tasks to queue
[2024-04-02T09:43:32.536+0000] {logging_mixin.py:150} INFO - [2024-04-02T09:43:32.536+0000] {dagbag.py:541} INFO - Filling up the DagBag from /usr/local/python/3.10.13/lib/python3.10/site-packages/airflow/example_dags/example_complex.py
[2024-04-02T09:43:32.545+0000] {processor.py:836} INFO - DAG(s) dict_keys(['example_complex']) retrieved from /usr/local/python/3.10.13/lib/python3.10/site-packages/airflow/example_dags/example_complex.py
[2024-04-02T09:43:32.566+0000] {logging_mixin.py:150} INFO - [2024-04-02T09:43:32.566+0000] {dag.py:2742} INFO - Sync 1 DAGs
[2024-04-02T09:43:32.582+0000] {logging_mixin.py:150} INFO - [2024-04-02T09:43:32.581+0000] {dag.py:3504} INFO - Setting next_dagrun for example_complex to None, run_after=None
[2024-04-02T09:43:32.619+0000] {processor.py:179} INFO - Processing /usr/local/python/3.10.13/lib/python3.10/site-packages/airflow/example_dags/example_complex.py took 0.087 seconds
