[2024-04-02T08:57:18.068+0000] {processor.py:157} INFO - Started process (PID=11650) to work on /usr/local/python/3.10.13/lib/python3.10/site-packages/airflow/example_dags/example_branch_labels.py
[2024-04-02T08:57:18.071+0000] {processor.py:826} INFO - Processing file /usr/local/python/3.10.13/lib/python3.10/site-packages/airflow/example_dags/example_branch_labels.py for tasks to queue
[2024-04-02T08:57:18.072+0000] {logging_mixin.py:150} INFO - [2024-04-02T08:57:18.071+0000] {dagbag.py:541} INFO - Filling up the DagBag from /usr/local/python/3.10.13/lib/python3.10/site-packages/airflow/example_dags/example_branch_labels.py
[2024-04-02T08:57:18.081+0000] {processor.py:836} INFO - DAG(s) dict_keys(['example_branch_labels']) retrieved from /usr/local/python/3.10.13/lib/python3.10/site-packages/airflow/example_dags/example_branch_labels.py
[2024-04-02T08:57:18.220+0000] {logging_mixin.py:150} INFO - [2024-04-02T08:57:18.220+0000] {dag.py:2742} INFO - Sync 1 DAGs
[2024-04-02T08:57:18.244+0000] {logging_mixin.py:150} INFO - [2024-04-02T08:57:18.244+0000] {dag.py:3504} INFO - Setting next_dagrun for example_branch_labels to 2024-04-01T00:00:00+00:00, run_after=2024-04-02T00:00:00+00:00
[2024-04-02T08:57:18.293+0000] {processor.py:179} INFO - Processing /usr/local/python/3.10.13/lib/python3.10/site-packages/airflow/example_dags/example_branch_labels.py took 0.228 seconds
[2024-04-02T08:58:24.182+0000] {processor.py:157} INFO - Started process (PID=12628) to work on /usr/local/python/3.10.13/lib/python3.10/site-packages/airflow/example_dags/example_branch_labels.py
[2024-04-02T08:58:24.183+0000] {processor.py:826} INFO - Processing file /usr/local/python/3.10.13/lib/python3.10/site-packages/airflow/example_dags/example_branch_labels.py for tasks to queue
[2024-04-02T08:58:24.184+0000] {logging_mixin.py:150} INFO - [2024-04-02T08:58:24.184+0000] {dagbag.py:541} INFO - Filling up the DagBag from /usr/local/python/3.10.13/lib/python3.10/site-packages/airflow/example_dags/example_branch_labels.py
[2024-04-02T08:58:24.190+0000] {processor.py:836} INFO - DAG(s) dict_keys(['example_branch_labels']) retrieved from /usr/local/python/3.10.13/lib/python3.10/site-packages/airflow/example_dags/example_branch_labels.py
[2024-04-02T08:58:24.203+0000] {logging_mixin.py:150} INFO - [2024-04-02T08:58:24.203+0000] {dag.py:2742} INFO - Sync 1 DAGs
[2024-04-02T08:58:24.219+0000] {logging_mixin.py:150} INFO - [2024-04-02T08:58:24.219+0000] {dag.py:3504} INFO - Setting next_dagrun for example_branch_labels to 2024-04-01T00:00:00+00:00, run_after=2024-04-02T00:00:00+00:00
[2024-04-02T08:58:24.261+0000] {processor.py:179} INFO - Processing /usr/local/python/3.10.13/lib/python3.10/site-packages/airflow/example_dags/example_branch_labels.py took 0.081 seconds
[2024-04-02T09:00:19.670+0000] {processor.py:157} INFO - Started process (PID=14270) to work on /usr/local/python/3.10.13/lib/python3.10/site-packages/airflow/example_dags/example_branch_labels.py
[2024-04-02T09:00:19.671+0000] {processor.py:826} INFO - Processing file /usr/local/python/3.10.13/lib/python3.10/site-packages/airflow/example_dags/example_branch_labels.py for tasks to queue
[2024-04-02T09:00:19.671+0000] {logging_mixin.py:150} INFO - [2024-04-02T09:00:19.671+0000] {dagbag.py:541} INFO - Filling up the DagBag from /usr/local/python/3.10.13/lib/python3.10/site-packages/airflow/example_dags/example_branch_labels.py
[2024-04-02T09:00:19.677+0000] {processor.py:836} INFO - DAG(s) dict_keys(['example_branch_labels']) retrieved from /usr/local/python/3.10.13/lib/python3.10/site-packages/airflow/example_dags/example_branch_labels.py
[2024-04-02T09:00:19.690+0000] {logging_mixin.py:150} INFO - [2024-04-02T09:00:19.690+0000] {dag.py:2742} INFO - Sync 1 DAGs
[2024-04-02T09:00:19.708+0000] {logging_mixin.py:150} INFO - [2024-04-02T09:00:19.707+0000] {dag.py:3504} INFO - Setting next_dagrun for example_branch_labels to 2024-04-01T00:00:00+00:00, run_after=2024-04-02T00:00:00+00:00
[2024-04-02T09:00:19.748+0000] {processor.py:179} INFO - Processing /usr/local/python/3.10.13/lib/python3.10/site-packages/airflow/example_dags/example_branch_labels.py took 0.081 seconds
[2024-04-02T09:01:07.140+0000] {processor.py:157} INFO - Started process (PID=14624) to work on /usr/local/python/3.10.13/lib/python3.10/site-packages/airflow/example_dags/example_branch_labels.py
[2024-04-02T09:01:07.140+0000] {processor.py:826} INFO - Processing file /usr/local/python/3.10.13/lib/python3.10/site-packages/airflow/example_dags/example_branch_labels.py for tasks to queue
[2024-04-02T09:01:07.141+0000] {logging_mixin.py:150} INFO - [2024-04-02T09:01:07.141+0000] {dagbag.py:541} INFO - Filling up the DagBag from /usr/local/python/3.10.13/lib/python3.10/site-packages/airflow/example_dags/example_branch_labels.py
[2024-04-02T09:01:07.147+0000] {processor.py:836} INFO - DAG(s) dict_keys(['example_branch_labels']) retrieved from /usr/local/python/3.10.13/lib/python3.10/site-packages/airflow/example_dags/example_branch_labels.py
[2024-04-02T09:01:07.160+0000] {logging_mixin.py:150} INFO - [2024-04-02T09:01:07.160+0000] {dag.py:2742} INFO - Sync 1 DAGs
[2024-04-02T09:01:07.177+0000] {logging_mixin.py:150} INFO - [2024-04-02T09:01:07.177+0000] {dag.py:3504} INFO - Setting next_dagrun for example_branch_labels to 2024-04-01T00:00:00+00:00, run_after=2024-04-02T00:00:00+00:00
[2024-04-02T09:01:07.213+0000] {processor.py:179} INFO - Processing /usr/local/python/3.10.13/lib/python3.10/site-packages/airflow/example_dags/example_branch_labels.py took 0.076 seconds
[2024-04-02T09:02:05.561+0000] {processor.py:157} INFO - Started process (PID=15095) to work on /usr/local/python/3.10.13/lib/python3.10/site-packages/airflow/example_dags/example_branch_labels.py
[2024-04-02T09:02:05.562+0000] {processor.py:826} INFO - Processing file /usr/local/python/3.10.13/lib/python3.10/site-packages/airflow/example_dags/example_branch_labels.py for tasks to queue
[2024-04-02T09:02:05.563+0000] {logging_mixin.py:150} INFO - [2024-04-02T09:02:05.562+0000] {dagbag.py:541} INFO - Filling up the DagBag from /usr/local/python/3.10.13/lib/python3.10/site-packages/airflow/example_dags/example_branch_labels.py
[2024-04-02T09:02:05.569+0000] {processor.py:836} INFO - DAG(s) dict_keys(['example_branch_labels']) retrieved from /usr/local/python/3.10.13/lib/python3.10/site-packages/airflow/example_dags/example_branch_labels.py
[2024-04-02T09:02:05.582+0000] {logging_mixin.py:150} INFO - [2024-04-02T09:02:05.582+0000] {dag.py:2742} INFO - Sync 1 DAGs
[2024-04-02T09:02:05.599+0000] {logging_mixin.py:150} INFO - [2024-04-02T09:02:05.599+0000] {dag.py:3504} INFO - Setting next_dagrun for example_branch_labels to 2024-04-01T00:00:00+00:00, run_after=2024-04-02T00:00:00+00:00
[2024-04-02T09:02:05.639+0000] {processor.py:179} INFO - Processing /usr/local/python/3.10.13/lib/python3.10/site-packages/airflow/example_dags/example_branch_labels.py took 0.080 seconds
[2024-04-02T09:03:03.530+0000] {processor.py:157} INFO - Started process (PID=15484) to work on /usr/local/python/3.10.13/lib/python3.10/site-packages/airflow/example_dags/example_branch_labels.py
[2024-04-02T09:03:03.531+0000] {processor.py:826} INFO - Processing file /usr/local/python/3.10.13/lib/python3.10/site-packages/airflow/example_dags/example_branch_labels.py for tasks to queue
[2024-04-02T09:03:03.531+0000] {logging_mixin.py:150} INFO - [2024-04-02T09:03:03.531+0000] {dagbag.py:541} INFO - Filling up the DagBag from /usr/local/python/3.10.13/lib/python3.10/site-packages/airflow/example_dags/example_branch_labels.py
[2024-04-02T09:03:03.540+0000] {processor.py:836} INFO - DAG(s) dict_keys(['example_branch_labels']) retrieved from /usr/local/python/3.10.13/lib/python3.10/site-packages/airflow/example_dags/example_branch_labels.py
[2024-04-02T09:03:03.560+0000] {logging_mixin.py:150} INFO - [2024-04-02T09:03:03.560+0000] {dag.py:2742} INFO - Sync 1 DAGs
[2024-04-02T09:03:03.589+0000] {logging_mixin.py:150} INFO - [2024-04-02T09:03:03.589+0000] {dag.py:3504} INFO - Setting next_dagrun for example_branch_labels to 2024-04-01T00:00:00+00:00, run_after=2024-04-02T00:00:00+00:00
[2024-04-02T09:03:03.632+0000] {processor.py:179} INFO - Processing /usr/local/python/3.10.13/lib/python3.10/site-packages/airflow/example_dags/example_branch_labels.py took 0.105 seconds
[2024-04-02T09:04:02.376+0000] {processor.py:157} INFO - Started process (PID=15887) to work on /usr/local/python/3.10.13/lib/python3.10/site-packages/airflow/example_dags/example_branch_labels.py
[2024-04-02T09:04:02.381+0000] {processor.py:826} INFO - Processing file /usr/local/python/3.10.13/lib/python3.10/site-packages/airflow/example_dags/example_branch_labels.py for tasks to queue
[2024-04-02T09:04:02.382+0000] {logging_mixin.py:150} INFO - [2024-04-02T09:04:02.382+0000] {dagbag.py:541} INFO - Filling up the DagBag from /usr/local/python/3.10.13/lib/python3.10/site-packages/airflow/example_dags/example_branch_labels.py
[2024-04-02T09:04:02.402+0000] {processor.py:836} INFO - DAG(s) dict_keys(['example_branch_labels']) retrieved from /usr/local/python/3.10.13/lib/python3.10/site-packages/airflow/example_dags/example_branch_labels.py
[2024-04-02T09:04:02.437+0000] {logging_mixin.py:150} INFO - [2024-04-02T09:04:02.437+0000] {dag.py:2742} INFO - Sync 1 DAGs
[2024-04-02T09:04:02.464+0000] {logging_mixin.py:150} INFO - [2024-04-02T09:04:02.464+0000] {dag.py:3504} INFO - Setting next_dagrun for example_branch_labels to 2024-04-01T00:00:00+00:00, run_after=2024-04-02T00:00:00+00:00
[2024-04-02T09:04:02.510+0000] {processor.py:179} INFO - Processing /usr/local/python/3.10.13/lib/python3.10/site-packages/airflow/example_dags/example_branch_labels.py took 0.142 seconds
[2024-04-02T09:04:54.722+0000] {processor.py:157} INFO - Started process (PID=16268) to work on /usr/local/python/3.10.13/lib/python3.10/site-packages/airflow/example_dags/example_branch_labels.py
[2024-04-02T09:04:54.723+0000] {processor.py:826} INFO - Processing file /usr/local/python/3.10.13/lib/python3.10/site-packages/airflow/example_dags/example_branch_labels.py for tasks to queue
[2024-04-02T09:04:54.724+0000] {logging_mixin.py:150} INFO - [2024-04-02T09:04:54.723+0000] {dagbag.py:541} INFO - Filling up the DagBag from /usr/local/python/3.10.13/lib/python3.10/site-packages/airflow/example_dags/example_branch_labels.py
[2024-04-02T09:04:54.730+0000] {processor.py:836} INFO - DAG(s) dict_keys(['example_branch_labels']) retrieved from /usr/local/python/3.10.13/lib/python3.10/site-packages/airflow/example_dags/example_branch_labels.py
[2024-04-02T09:04:54.744+0000] {logging_mixin.py:150} INFO - [2024-04-02T09:04:54.743+0000] {dag.py:2742} INFO - Sync 1 DAGs
[2024-04-02T09:04:54.764+0000] {logging_mixin.py:150} INFO - [2024-04-02T09:04:54.763+0000] {dag.py:3504} INFO - Setting next_dagrun for example_branch_labels to 2024-04-01T00:00:00+00:00, run_after=2024-04-02T00:00:00+00:00
[2024-04-02T09:04:54.814+0000] {processor.py:179} INFO - Processing /usr/local/python/3.10.13/lib/python3.10/site-packages/airflow/example_dags/example_branch_labels.py took 0.094 seconds
[2024-04-02T09:05:53.463+0000] {processor.py:157} INFO - Started process (PID=16679) to work on /usr/local/python/3.10.13/lib/python3.10/site-packages/airflow/example_dags/example_branch_labels.py
[2024-04-02T09:05:53.464+0000] {processor.py:826} INFO - Processing file /usr/local/python/3.10.13/lib/python3.10/site-packages/airflow/example_dags/example_branch_labels.py for tasks to queue
[2024-04-02T09:05:53.465+0000] {logging_mixin.py:150} INFO - [2024-04-02T09:05:53.465+0000] {dagbag.py:541} INFO - Filling up the DagBag from /usr/local/python/3.10.13/lib/python3.10/site-packages/airflow/example_dags/example_branch_labels.py
[2024-04-02T09:05:53.476+0000] {processor.py:836} INFO - DAG(s) dict_keys(['example_branch_labels']) retrieved from /usr/local/python/3.10.13/lib/python3.10/site-packages/airflow/example_dags/example_branch_labels.py
[2024-04-02T09:05:53.499+0000] {logging_mixin.py:150} INFO - [2024-04-02T09:05:53.499+0000] {dag.py:2742} INFO - Sync 1 DAGs
[2024-04-02T09:05:53.525+0000] {logging_mixin.py:150} INFO - [2024-04-02T09:05:53.525+0000] {dag.py:3504} INFO - Setting next_dagrun for example_branch_labels to 2024-04-01T00:00:00+00:00, run_after=2024-04-02T00:00:00+00:00
[2024-04-02T09:05:53.570+0000] {processor.py:179} INFO - Processing /usr/local/python/3.10.13/lib/python3.10/site-packages/airflow/example_dags/example_branch_labels.py took 0.110 seconds
[2024-04-02T09:06:55.324+0000] {processor.py:157} INFO - Started process (PID=17535) to work on /usr/local/python/3.10.13/lib/python3.10/site-packages/airflow/example_dags/example_branch_labels.py
[2024-04-02T09:06:55.325+0000] {processor.py:826} INFO - Processing file /usr/local/python/3.10.13/lib/python3.10/site-packages/airflow/example_dags/example_branch_labels.py for tasks to queue
[2024-04-02T09:06:55.326+0000] {logging_mixin.py:150} INFO - [2024-04-02T09:06:55.326+0000] {dagbag.py:541} INFO - Filling up the DagBag from /usr/local/python/3.10.13/lib/python3.10/site-packages/airflow/example_dags/example_branch_labels.py
[2024-04-02T09:06:55.336+0000] {processor.py:836} INFO - DAG(s) dict_keys(['example_branch_labels']) retrieved from /usr/local/python/3.10.13/lib/python3.10/site-packages/airflow/example_dags/example_branch_labels.py
[2024-04-02T09:06:55.357+0000] {logging_mixin.py:150} INFO - [2024-04-02T09:06:55.357+0000] {dag.py:2742} INFO - Sync 1 DAGs
[2024-04-02T09:06:55.384+0000] {logging_mixin.py:150} INFO - [2024-04-02T09:06:55.384+0000] {dag.py:3504} INFO - Setting next_dagrun for example_branch_labels to 2024-04-01T00:00:00+00:00, run_after=2024-04-02T00:00:00+00:00
[2024-04-02T09:06:55.430+0000] {processor.py:179} INFO - Processing /usr/local/python/3.10.13/lib/python3.10/site-packages/airflow/example_dags/example_branch_labels.py took 0.109 seconds
[2024-04-02T09:07:55.549+0000] {processor.py:157} INFO - Started process (PID=17946) to work on /usr/local/python/3.10.13/lib/python3.10/site-packages/airflow/example_dags/example_branch_labels.py
[2024-04-02T09:07:55.550+0000] {processor.py:826} INFO - Processing file /usr/local/python/3.10.13/lib/python3.10/site-packages/airflow/example_dags/example_branch_labels.py for tasks to queue
[2024-04-02T09:07:55.551+0000] {logging_mixin.py:150} INFO - [2024-04-02T09:07:55.550+0000] {dagbag.py:541} INFO - Filling up the DagBag from /usr/local/python/3.10.13/lib/python3.10/site-packages/airflow/example_dags/example_branch_labels.py
[2024-04-02T09:07:55.557+0000] {processor.py:836} INFO - DAG(s) dict_keys(['example_branch_labels']) retrieved from /usr/local/python/3.10.13/lib/python3.10/site-packages/airflow/example_dags/example_branch_labels.py
[2024-04-02T09:07:55.570+0000] {logging_mixin.py:150} INFO - [2024-04-02T09:07:55.570+0000] {dag.py:2742} INFO - Sync 1 DAGs
[2024-04-02T09:07:55.587+0000] {logging_mixin.py:150} INFO - [2024-04-02T09:07:55.587+0000] {dag.py:3504} INFO - Setting next_dagrun for example_branch_labels to 2024-04-01T00:00:00+00:00, run_after=2024-04-02T00:00:00+00:00
[2024-04-02T09:07:55.628+0000] {processor.py:179} INFO - Processing /usr/local/python/3.10.13/lib/python3.10/site-packages/airflow/example_dags/example_branch_labels.py took 0.081 seconds
[2024-04-02T09:08:50.224+0000] {processor.py:157} INFO - Started process (PID=18310) to work on /usr/local/python/3.10.13/lib/python3.10/site-packages/airflow/example_dags/example_branch_labels.py
[2024-04-02T09:08:50.225+0000] {processor.py:826} INFO - Processing file /usr/local/python/3.10.13/lib/python3.10/site-packages/airflow/example_dags/example_branch_labels.py for tasks to queue
[2024-04-02T09:08:50.226+0000] {logging_mixin.py:150} INFO - [2024-04-02T09:08:50.226+0000] {dagbag.py:541} INFO - Filling up the DagBag from /usr/local/python/3.10.13/lib/python3.10/site-packages/airflow/example_dags/example_branch_labels.py
[2024-04-02T09:08:50.232+0000] {processor.py:836} INFO - DAG(s) dict_keys(['example_branch_labels']) retrieved from /usr/local/python/3.10.13/lib/python3.10/site-packages/airflow/example_dags/example_branch_labels.py
[2024-04-02T09:08:50.245+0000] {logging_mixin.py:150} INFO - [2024-04-02T09:08:50.245+0000] {dag.py:2742} INFO - Sync 1 DAGs
[2024-04-02T09:08:50.262+0000] {logging_mixin.py:150} INFO - [2024-04-02T09:08:50.262+0000] {dag.py:3504} INFO - Setting next_dagrun for example_branch_labels to 2024-04-01T00:00:00+00:00, run_after=2024-04-02T00:00:00+00:00
[2024-04-02T09:08:50.309+0000] {processor.py:179} INFO - Processing /usr/local/python/3.10.13/lib/python3.10/site-packages/airflow/example_dags/example_branch_labels.py took 0.087 seconds
[2024-04-02T09:09:47.357+0000] {processor.py:157} INFO - Started process (PID=18729) to work on /usr/local/python/3.10.13/lib/python3.10/site-packages/airflow/example_dags/example_branch_labels.py
[2024-04-02T09:09:47.358+0000] {processor.py:826} INFO - Processing file /usr/local/python/3.10.13/lib/python3.10/site-packages/airflow/example_dags/example_branch_labels.py for tasks to queue
[2024-04-02T09:09:47.359+0000] {logging_mixin.py:150} INFO - [2024-04-02T09:09:47.359+0000] {dagbag.py:541} INFO - Filling up the DagBag from /usr/local/python/3.10.13/lib/python3.10/site-packages/airflow/example_dags/example_branch_labels.py
[2024-04-02T09:09:47.365+0000] {processor.py:836} INFO - DAG(s) dict_keys(['example_branch_labels']) retrieved from /usr/local/python/3.10.13/lib/python3.10/site-packages/airflow/example_dags/example_branch_labels.py
[2024-04-02T09:09:47.378+0000] {logging_mixin.py:150} INFO - [2024-04-02T09:09:47.378+0000] {dag.py:2742} INFO - Sync 1 DAGs
[2024-04-02T09:09:47.395+0000] {logging_mixin.py:150} INFO - [2024-04-02T09:09:47.395+0000] {dag.py:3504} INFO - Setting next_dagrun for example_branch_labels to 2024-04-01T00:00:00+00:00, run_after=2024-04-02T00:00:00+00:00
[2024-04-02T09:09:47.434+0000] {processor.py:179} INFO - Processing /usr/local/python/3.10.13/lib/python3.10/site-packages/airflow/example_dags/example_branch_labels.py took 0.079 seconds
[2024-04-02T09:10:46.421+0000] {processor.py:157} INFO - Started process (PID=19136) to work on /usr/local/python/3.10.13/lib/python3.10/site-packages/airflow/example_dags/example_branch_labels.py
[2024-04-02T09:10:46.422+0000] {processor.py:826} INFO - Processing file /usr/local/python/3.10.13/lib/python3.10/site-packages/airflow/example_dags/example_branch_labels.py for tasks to queue
[2024-04-02T09:10:46.423+0000] {logging_mixin.py:150} INFO - [2024-04-02T09:10:46.422+0000] {dagbag.py:541} INFO - Filling up the DagBag from /usr/local/python/3.10.13/lib/python3.10/site-packages/airflow/example_dags/example_branch_labels.py
[2024-04-02T09:10:46.429+0000] {processor.py:836} INFO - DAG(s) dict_keys(['example_branch_labels']) retrieved from /usr/local/python/3.10.13/lib/python3.10/site-packages/airflow/example_dags/example_branch_labels.py
[2024-04-02T09:10:46.447+0000] {logging_mixin.py:150} INFO - [2024-04-02T09:10:46.446+0000] {dag.py:2742} INFO - Sync 1 DAGs
[2024-04-02T09:10:46.472+0000] {logging_mixin.py:150} INFO - [2024-04-02T09:10:46.472+0000] {dag.py:3504} INFO - Setting next_dagrun for example_branch_labels to 2024-04-01T00:00:00+00:00, run_after=2024-04-02T00:00:00+00:00
[2024-04-02T09:10:46.516+0000] {processor.py:179} INFO - Processing /usr/local/python/3.10.13/lib/python3.10/site-packages/airflow/example_dags/example_branch_labels.py took 0.097 seconds
[2024-04-02T09:11:44.765+0000] {processor.py:157} INFO - Started process (PID=19528) to work on /usr/local/python/3.10.13/lib/python3.10/site-packages/airflow/example_dags/example_branch_labels.py
[2024-04-02T09:11:44.766+0000] {processor.py:826} INFO - Processing file /usr/local/python/3.10.13/lib/python3.10/site-packages/airflow/example_dags/example_branch_labels.py for tasks to queue
[2024-04-02T09:11:44.767+0000] {logging_mixin.py:150} INFO - [2024-04-02T09:11:44.766+0000] {dagbag.py:541} INFO - Filling up the DagBag from /usr/local/python/3.10.13/lib/python3.10/site-packages/airflow/example_dags/example_branch_labels.py
[2024-04-02T09:11:44.775+0000] {processor.py:836} INFO - DAG(s) dict_keys(['example_branch_labels']) retrieved from /usr/local/python/3.10.13/lib/python3.10/site-packages/airflow/example_dags/example_branch_labels.py
[2024-04-02T09:11:44.801+0000] {logging_mixin.py:150} INFO - [2024-04-02T09:11:44.800+0000] {dag.py:2742} INFO - Sync 1 DAGs
[2024-04-02T09:11:44.830+0000] {logging_mixin.py:150} INFO - [2024-04-02T09:11:44.829+0000] {dag.py:3504} INFO - Setting next_dagrun for example_branch_labels to 2024-04-01T00:00:00+00:00, run_after=2024-04-02T00:00:00+00:00
[2024-04-02T09:11:44.872+0000] {processor.py:179} INFO - Processing /usr/local/python/3.10.13/lib/python3.10/site-packages/airflow/example_dags/example_branch_labels.py took 0.110 seconds
[2024-04-02T09:12:45.675+0000] {processor.py:157} INFO - Started process (PID=19933) to work on /usr/local/python/3.10.13/lib/python3.10/site-packages/airflow/example_dags/example_branch_labels.py
[2024-04-02T09:12:45.675+0000] {processor.py:826} INFO - Processing file /usr/local/python/3.10.13/lib/python3.10/site-packages/airflow/example_dags/example_branch_labels.py for tasks to queue
[2024-04-02T09:12:45.676+0000] {logging_mixin.py:150} INFO - [2024-04-02T09:12:45.676+0000] {dagbag.py:541} INFO - Filling up the DagBag from /usr/local/python/3.10.13/lib/python3.10/site-packages/airflow/example_dags/example_branch_labels.py
[2024-04-02T09:12:45.682+0000] {processor.py:836} INFO - DAG(s) dict_keys(['example_branch_labels']) retrieved from /usr/local/python/3.10.13/lib/python3.10/site-packages/airflow/example_dags/example_branch_labels.py
[2024-04-02T09:12:45.696+0000] {logging_mixin.py:150} INFO - [2024-04-02T09:12:45.696+0000] {dag.py:2742} INFO - Sync 1 DAGs
[2024-04-02T09:12:45.713+0000] {logging_mixin.py:150} INFO - [2024-04-02T09:12:45.713+0000] {dag.py:3504} INFO - Setting next_dagrun for example_branch_labels to 2024-04-01T00:00:00+00:00, run_after=2024-04-02T00:00:00+00:00
[2024-04-02T09:12:45.756+0000] {processor.py:179} INFO - Processing /usr/local/python/3.10.13/lib/python3.10/site-packages/airflow/example_dags/example_branch_labels.py took 0.084 seconds
[2024-04-02T09:13:44.046+0000] {processor.py:157} INFO - Started process (PID=20338) to work on /usr/local/python/3.10.13/lib/python3.10/site-packages/airflow/example_dags/example_branch_labels.py
[2024-04-02T09:13:44.048+0000] {processor.py:826} INFO - Processing file /usr/local/python/3.10.13/lib/python3.10/site-packages/airflow/example_dags/example_branch_labels.py for tasks to queue
[2024-04-02T09:13:44.049+0000] {logging_mixin.py:150} INFO - [2024-04-02T09:13:44.048+0000] {dagbag.py:541} INFO - Filling up the DagBag from /usr/local/python/3.10.13/lib/python3.10/site-packages/airflow/example_dags/example_branch_labels.py
[2024-04-02T09:13:44.058+0000] {processor.py:836} INFO - DAG(s) dict_keys(['example_branch_labels']) retrieved from /usr/local/python/3.10.13/lib/python3.10/site-packages/airflow/example_dags/example_branch_labels.py
[2024-04-02T09:13:44.078+0000] {logging_mixin.py:150} INFO - [2024-04-02T09:13:44.078+0000] {dag.py:2742} INFO - Sync 1 DAGs
[2024-04-02T09:13:44.103+0000] {logging_mixin.py:150} INFO - [2024-04-02T09:13:44.103+0000] {dag.py:3504} INFO - Setting next_dagrun for example_branch_labels to 2024-04-01T00:00:00+00:00, run_after=2024-04-02T00:00:00+00:00
[2024-04-02T09:13:44.146+0000] {processor.py:179} INFO - Processing /usr/local/python/3.10.13/lib/python3.10/site-packages/airflow/example_dags/example_branch_labels.py took 0.104 seconds
[2024-04-02T09:14:36.832+0000] {processor.py:157} INFO - Started process (PID=20721) to work on /usr/local/python/3.10.13/lib/python3.10/site-packages/airflow/example_dags/example_branch_labels.py
[2024-04-02T09:14:36.833+0000] {processor.py:826} INFO - Processing file /usr/local/python/3.10.13/lib/python3.10/site-packages/airflow/example_dags/example_branch_labels.py for tasks to queue
[2024-04-02T09:14:36.834+0000] {logging_mixin.py:150} INFO - [2024-04-02T09:14:36.833+0000] {dagbag.py:541} INFO - Filling up the DagBag from /usr/local/python/3.10.13/lib/python3.10/site-packages/airflow/example_dags/example_branch_labels.py
[2024-04-02T09:14:36.841+0000] {processor.py:836} INFO - DAG(s) dict_keys(['example_branch_labels']) retrieved from /usr/local/python/3.10.13/lib/python3.10/site-packages/airflow/example_dags/example_branch_labels.py
[2024-04-02T09:14:36.855+0000] {logging_mixin.py:150} INFO - [2024-04-02T09:14:36.854+0000] {dag.py:2742} INFO - Sync 1 DAGs
[2024-04-02T09:14:36.872+0000] {logging_mixin.py:150} INFO - [2024-04-02T09:14:36.872+0000] {dag.py:3504} INFO - Setting next_dagrun for example_branch_labels to 2024-04-01T00:00:00+00:00, run_after=2024-04-02T00:00:00+00:00
[2024-04-02T09:14:36.912+0000] {processor.py:179} INFO - Processing /usr/local/python/3.10.13/lib/python3.10/site-packages/airflow/example_dags/example_branch_labels.py took 0.082 seconds
[2024-04-02T09:15:27.694+0000] {processor.py:157} INFO - Started process (PID=21064) to work on /usr/local/python/3.10.13/lib/python3.10/site-packages/airflow/example_dags/example_branch_labels.py
[2024-04-02T09:15:27.696+0000] {processor.py:826} INFO - Processing file /usr/local/python/3.10.13/lib/python3.10/site-packages/airflow/example_dags/example_branch_labels.py for tasks to queue
[2024-04-02T09:15:27.697+0000] {logging_mixin.py:150} INFO - [2024-04-02T09:15:27.696+0000] {dagbag.py:541} INFO - Filling up the DagBag from /usr/local/python/3.10.13/lib/python3.10/site-packages/airflow/example_dags/example_branch_labels.py
[2024-04-02T09:15:27.706+0000] {processor.py:836} INFO - DAG(s) dict_keys(['example_branch_labels']) retrieved from /usr/local/python/3.10.13/lib/python3.10/site-packages/airflow/example_dags/example_branch_labels.py
[2024-04-02T09:15:27.730+0000] {logging_mixin.py:150} INFO - [2024-04-02T09:15:27.730+0000] {dag.py:2742} INFO - Sync 1 DAGs
[2024-04-02T09:15:27.758+0000] {logging_mixin.py:150} INFO - [2024-04-02T09:15:27.757+0000] {dag.py:3504} INFO - Setting next_dagrun for example_branch_labels to 2024-04-01T00:00:00+00:00, run_after=2024-04-02T00:00:00+00:00
[2024-04-02T09:15:27.805+0000] {processor.py:179} INFO - Processing /usr/local/python/3.10.13/lib/python3.10/site-packages/airflow/example_dags/example_branch_labels.py took 0.113 seconds
[2024-04-02T09:16:23.870+0000] {processor.py:157} INFO - Started process (PID=21464) to work on /usr/local/python/3.10.13/lib/python3.10/site-packages/airflow/example_dags/example_branch_labels.py
[2024-04-02T09:16:23.871+0000] {processor.py:826} INFO - Processing file /usr/local/python/3.10.13/lib/python3.10/site-packages/airflow/example_dags/example_branch_labels.py for tasks to queue
[2024-04-02T09:16:23.871+0000] {logging_mixin.py:150} INFO - [2024-04-02T09:16:23.871+0000] {dagbag.py:541} INFO - Filling up the DagBag from /usr/local/python/3.10.13/lib/python3.10/site-packages/airflow/example_dags/example_branch_labels.py
[2024-04-02T09:16:23.878+0000] {processor.py:836} INFO - DAG(s) dict_keys(['example_branch_labels']) retrieved from /usr/local/python/3.10.13/lib/python3.10/site-packages/airflow/example_dags/example_branch_labels.py
[2024-04-02T09:16:23.892+0000] {logging_mixin.py:150} INFO - [2024-04-02T09:16:23.891+0000] {dag.py:2742} INFO - Sync 1 DAGs
[2024-04-02T09:16:23.913+0000] {logging_mixin.py:150} INFO - [2024-04-02T09:16:23.912+0000] {dag.py:3504} INFO - Setting next_dagrun for example_branch_labels to 2024-04-01T00:00:00+00:00, run_after=2024-04-02T00:00:00+00:00
[2024-04-02T09:16:23.954+0000] {processor.py:179} INFO - Processing /usr/local/python/3.10.13/lib/python3.10/site-packages/airflow/example_dags/example_branch_labels.py took 0.087 seconds
[2024-04-02T09:17:24.800+0000] {processor.py:157} INFO - Started process (PID=21883) to work on /usr/local/python/3.10.13/lib/python3.10/site-packages/airflow/example_dags/example_branch_labels.py
[2024-04-02T09:17:24.801+0000] {processor.py:826} INFO - Processing file /usr/local/python/3.10.13/lib/python3.10/site-packages/airflow/example_dags/example_branch_labels.py for tasks to queue
[2024-04-02T09:17:24.802+0000] {logging_mixin.py:150} INFO - [2024-04-02T09:17:24.801+0000] {dagbag.py:541} INFO - Filling up the DagBag from /usr/local/python/3.10.13/lib/python3.10/site-packages/airflow/example_dags/example_branch_labels.py
[2024-04-02T09:17:24.811+0000] {processor.py:836} INFO - DAG(s) dict_keys(['example_branch_labels']) retrieved from /usr/local/python/3.10.13/lib/python3.10/site-packages/airflow/example_dags/example_branch_labels.py
[2024-04-02T09:17:24.831+0000] {logging_mixin.py:150} INFO - [2024-04-02T09:17:24.831+0000] {dag.py:2742} INFO - Sync 1 DAGs
[2024-04-02T09:17:24.857+0000] {logging_mixin.py:150} INFO - [2024-04-02T09:17:24.857+0000] {dag.py:3504} INFO - Setting next_dagrun for example_branch_labels to 2024-04-01T00:00:00+00:00, run_after=2024-04-02T00:00:00+00:00
[2024-04-02T09:17:24.900+0000] {processor.py:179} INFO - Processing /usr/local/python/3.10.13/lib/python3.10/site-packages/airflow/example_dags/example_branch_labels.py took 0.104 seconds
[2024-04-02T09:18:22.094+0000] {processor.py:157} INFO - Started process (PID=22255) to work on /usr/local/python/3.10.13/lib/python3.10/site-packages/airflow/example_dags/example_branch_labels.py
[2024-04-02T09:18:22.099+0000] {processor.py:826} INFO - Processing file /usr/local/python/3.10.13/lib/python3.10/site-packages/airflow/example_dags/example_branch_labels.py for tasks to queue
[2024-04-02T09:18:22.100+0000] {logging_mixin.py:150} INFO - [2024-04-02T09:18:22.100+0000] {dagbag.py:541} INFO - Filling up the DagBag from /usr/local/python/3.10.13/lib/python3.10/site-packages/airflow/example_dags/example_branch_labels.py
[2024-04-02T09:18:22.109+0000] {processor.py:836} INFO - DAG(s) dict_keys(['example_branch_labels']) retrieved from /usr/local/python/3.10.13/lib/python3.10/site-packages/airflow/example_dags/example_branch_labels.py
[2024-04-02T09:18:22.129+0000] {logging_mixin.py:150} INFO - [2024-04-02T09:18:22.129+0000] {dag.py:2742} INFO - Sync 1 DAGs
[2024-04-02T09:18:22.153+0000] {logging_mixin.py:150} INFO - [2024-04-02T09:18:22.153+0000] {dag.py:3504} INFO - Setting next_dagrun for example_branch_labels to 2024-04-01T00:00:00+00:00, run_after=2024-04-02T00:00:00+00:00
[2024-04-02T09:18:22.197+0000] {processor.py:179} INFO - Processing /usr/local/python/3.10.13/lib/python3.10/site-packages/airflow/example_dags/example_branch_labels.py took 0.106 seconds
[2024-04-02T09:19:21.995+0000] {processor.py:157} INFO - Started process (PID=22667) to work on /usr/local/python/3.10.13/lib/python3.10/site-packages/airflow/example_dags/example_branch_labels.py
[2024-04-02T09:19:21.997+0000] {processor.py:826} INFO - Processing file /usr/local/python/3.10.13/lib/python3.10/site-packages/airflow/example_dags/example_branch_labels.py for tasks to queue
[2024-04-02T09:19:21.998+0000] {logging_mixin.py:150} INFO - [2024-04-02T09:19:21.997+0000] {dagbag.py:541} INFO - Filling up the DagBag from /usr/local/python/3.10.13/lib/python3.10/site-packages/airflow/example_dags/example_branch_labels.py
[2024-04-02T09:19:22.007+0000] {processor.py:836} INFO - DAG(s) dict_keys(['example_branch_labels']) retrieved from /usr/local/python/3.10.13/lib/python3.10/site-packages/airflow/example_dags/example_branch_labels.py
[2024-04-02T09:19:22.026+0000] {logging_mixin.py:150} INFO - [2024-04-02T09:19:22.026+0000] {dag.py:2742} INFO - Sync 1 DAGs
[2024-04-02T09:19:22.050+0000] {logging_mixin.py:150} INFO - [2024-04-02T09:19:22.050+0000] {dag.py:3504} INFO - Setting next_dagrun for example_branch_labels to 2024-04-01T00:00:00+00:00, run_after=2024-04-02T00:00:00+00:00
[2024-04-02T09:19:22.097+0000] {processor.py:179} INFO - Processing /usr/local/python/3.10.13/lib/python3.10/site-packages/airflow/example_dags/example_branch_labels.py took 0.104 seconds
[2024-04-02T09:20:11.948+0000] {processor.py:157} INFO - Started process (PID=23044) to work on /usr/local/python/3.10.13/lib/python3.10/site-packages/airflow/example_dags/example_branch_labels.py
[2024-04-02T09:20:11.948+0000] {processor.py:826} INFO - Processing file /usr/local/python/3.10.13/lib/python3.10/site-packages/airflow/example_dags/example_branch_labels.py for tasks to queue
[2024-04-02T09:20:11.949+0000] {logging_mixin.py:150} INFO - [2024-04-02T09:20:11.949+0000] {dagbag.py:541} INFO - Filling up the DagBag from /usr/local/python/3.10.13/lib/python3.10/site-packages/airflow/example_dags/example_branch_labels.py
[2024-04-02T09:20:11.955+0000] {processor.py:836} INFO - DAG(s) dict_keys(['example_branch_labels']) retrieved from /usr/local/python/3.10.13/lib/python3.10/site-packages/airflow/example_dags/example_branch_labels.py
[2024-04-02T09:20:11.969+0000] {logging_mixin.py:150} INFO - [2024-04-02T09:20:11.968+0000] {dag.py:2742} INFO - Sync 1 DAGs
[2024-04-02T09:20:11.985+0000] {logging_mixin.py:150} INFO - [2024-04-02T09:20:11.985+0000] {dag.py:3504} INFO - Setting next_dagrun for example_branch_labels to 2024-04-01T00:00:00+00:00, run_after=2024-04-02T00:00:00+00:00
[2024-04-02T09:20:12.026+0000] {processor.py:179} INFO - Processing /usr/local/python/3.10.13/lib/python3.10/site-packages/airflow/example_dags/example_branch_labels.py took 0.081 seconds
[2024-04-02T09:21:11.441+0000] {processor.py:157} INFO - Started process (PID=23444) to work on /usr/local/python/3.10.13/lib/python3.10/site-packages/airflow/example_dags/example_branch_labels.py
[2024-04-02T09:21:11.441+0000] {processor.py:826} INFO - Processing file /usr/local/python/3.10.13/lib/python3.10/site-packages/airflow/example_dags/example_branch_labels.py for tasks to queue
[2024-04-02T09:21:11.442+0000] {logging_mixin.py:150} INFO - [2024-04-02T09:21:11.442+0000] {dagbag.py:541} INFO - Filling up the DagBag from /usr/local/python/3.10.13/lib/python3.10/site-packages/airflow/example_dags/example_branch_labels.py
[2024-04-02T09:21:11.451+0000] {processor.py:836} INFO - DAG(s) dict_keys(['example_branch_labels']) retrieved from /usr/local/python/3.10.13/lib/python3.10/site-packages/airflow/example_dags/example_branch_labels.py
[2024-04-02T09:21:11.471+0000] {logging_mixin.py:150} INFO - [2024-04-02T09:21:11.471+0000] {dag.py:2742} INFO - Sync 1 DAGs
[2024-04-02T09:21:11.497+0000] {logging_mixin.py:150} INFO - [2024-04-02T09:21:11.497+0000] {dag.py:3504} INFO - Setting next_dagrun for example_branch_labels to 2024-04-01T00:00:00+00:00, run_after=2024-04-02T00:00:00+00:00
[2024-04-02T09:21:11.544+0000] {processor.py:179} INFO - Processing /usr/local/python/3.10.13/lib/python3.10/site-packages/airflow/example_dags/example_branch_labels.py took 0.105 seconds
[2024-04-02T09:22:05.154+0000] {processor.py:157} INFO - Started process (PID=23810) to work on /usr/local/python/3.10.13/lib/python3.10/site-packages/airflow/example_dags/example_branch_labels.py
[2024-04-02T09:22:05.155+0000] {processor.py:826} INFO - Processing file /usr/local/python/3.10.13/lib/python3.10/site-packages/airflow/example_dags/example_branch_labels.py for tasks to queue
[2024-04-02T09:22:05.155+0000] {logging_mixin.py:150} INFO - [2024-04-02T09:22:05.155+0000] {dagbag.py:541} INFO - Filling up the DagBag from /usr/local/python/3.10.13/lib/python3.10/site-packages/airflow/example_dags/example_branch_labels.py
[2024-04-02T09:22:05.161+0000] {processor.py:836} INFO - DAG(s) dict_keys(['example_branch_labels']) retrieved from /usr/local/python/3.10.13/lib/python3.10/site-packages/airflow/example_dags/example_branch_labels.py
[2024-04-02T09:22:05.174+0000] {logging_mixin.py:150} INFO - [2024-04-02T09:22:05.174+0000] {dag.py:2742} INFO - Sync 1 DAGs
[2024-04-02T09:22:05.190+0000] {logging_mixin.py:150} INFO - [2024-04-02T09:22:05.190+0000] {dag.py:3504} INFO - Setting next_dagrun for example_branch_labels to 2024-04-01T00:00:00+00:00, run_after=2024-04-02T00:00:00+00:00
[2024-04-02T09:22:05.229+0000] {processor.py:179} INFO - Processing /usr/local/python/3.10.13/lib/python3.10/site-packages/airflow/example_dags/example_branch_labels.py took 0.077 seconds
[2024-04-02T09:23:05.752+0000] {processor.py:157} INFO - Started process (PID=24224) to work on /usr/local/python/3.10.13/lib/python3.10/site-packages/airflow/example_dags/example_branch_labels.py
[2024-04-02T09:23:05.753+0000] {processor.py:826} INFO - Processing file /usr/local/python/3.10.13/lib/python3.10/site-packages/airflow/example_dags/example_branch_labels.py for tasks to queue
[2024-04-02T09:23:05.754+0000] {logging_mixin.py:150} INFO - [2024-04-02T09:23:05.753+0000] {dagbag.py:541} INFO - Filling up the DagBag from /usr/local/python/3.10.13/lib/python3.10/site-packages/airflow/example_dags/example_branch_labels.py
[2024-04-02T09:23:05.760+0000] {processor.py:836} INFO - DAG(s) dict_keys(['example_branch_labels']) retrieved from /usr/local/python/3.10.13/lib/python3.10/site-packages/airflow/example_dags/example_branch_labels.py
[2024-04-02T09:23:05.773+0000] {logging_mixin.py:150} INFO - [2024-04-02T09:23:05.773+0000] {dag.py:2742} INFO - Sync 1 DAGs
[2024-04-02T09:23:05.789+0000] {logging_mixin.py:150} INFO - [2024-04-02T09:23:05.789+0000] {dag.py:3504} INFO - Setting next_dagrun for example_branch_labels to 2024-04-01T00:00:00+00:00, run_after=2024-04-02T00:00:00+00:00
[2024-04-02T09:23:05.829+0000] {processor.py:179} INFO - Processing /usr/local/python/3.10.13/lib/python3.10/site-packages/airflow/example_dags/example_branch_labels.py took 0.079 seconds
[2024-04-02T09:24:04.895+0000] {processor.py:157} INFO - Started process (PID=24626) to work on /usr/local/python/3.10.13/lib/python3.10/site-packages/airflow/example_dags/example_branch_labels.py
[2024-04-02T09:24:04.896+0000] {processor.py:826} INFO - Processing file /usr/local/python/3.10.13/lib/python3.10/site-packages/airflow/example_dags/example_branch_labels.py for tasks to queue
[2024-04-02T09:24:04.897+0000] {logging_mixin.py:150} INFO - [2024-04-02T09:24:04.897+0000] {dagbag.py:541} INFO - Filling up the DagBag from /usr/local/python/3.10.13/lib/python3.10/site-packages/airflow/example_dags/example_branch_labels.py
[2024-04-02T09:24:04.909+0000] {processor.py:836} INFO - DAG(s) dict_keys(['example_branch_labels']) retrieved from /usr/local/python/3.10.13/lib/python3.10/site-packages/airflow/example_dags/example_branch_labels.py
[2024-04-02T09:24:04.932+0000] {logging_mixin.py:150} INFO - [2024-04-02T09:24:04.932+0000] {dag.py:2742} INFO - Sync 1 DAGs
[2024-04-02T09:24:04.960+0000] {logging_mixin.py:150} INFO - [2024-04-02T09:24:04.960+0000] {dag.py:3504} INFO - Setting next_dagrun for example_branch_labels to 2024-04-01T00:00:00+00:00, run_after=2024-04-02T00:00:00+00:00
[2024-04-02T09:24:05.004+0000] {processor.py:179} INFO - Processing /usr/local/python/3.10.13/lib/python3.10/site-packages/airflow/example_dags/example_branch_labels.py took 0.113 seconds
[2024-04-02T09:25:06.785+0000] {processor.py:157} INFO - Started process (PID=25080) to work on /usr/local/python/3.10.13/lib/python3.10/site-packages/airflow/example_dags/example_branch_labels.py
[2024-04-02T09:25:06.786+0000] {processor.py:826} INFO - Processing file /usr/local/python/3.10.13/lib/python3.10/site-packages/airflow/example_dags/example_branch_labels.py for tasks to queue
[2024-04-02T09:25:06.786+0000] {logging_mixin.py:150} INFO - [2024-04-02T09:25:06.786+0000] {dagbag.py:541} INFO - Filling up the DagBag from /usr/local/python/3.10.13/lib/python3.10/site-packages/airflow/example_dags/example_branch_labels.py
[2024-04-02T09:25:06.792+0000] {processor.py:836} INFO - DAG(s) dict_keys(['example_branch_labels']) retrieved from /usr/local/python/3.10.13/lib/python3.10/site-packages/airflow/example_dags/example_branch_labels.py
[2024-04-02T09:25:06.805+0000] {logging_mixin.py:150} INFO - [2024-04-02T09:25:06.805+0000] {dag.py:2742} INFO - Sync 1 DAGs
[2024-04-02T09:25:06.834+0000] {logging_mixin.py:150} INFO - [2024-04-02T09:25:06.834+0000] {dag.py:3504} INFO - Setting next_dagrun for example_branch_labels to 2024-04-01T00:00:00+00:00, run_after=2024-04-02T00:00:00+00:00
[2024-04-02T09:25:06.874+0000] {processor.py:179} INFO - Processing /usr/local/python/3.10.13/lib/python3.10/site-packages/airflow/example_dags/example_branch_labels.py took 0.091 seconds
[2024-04-02T09:26:10.661+0000] {processor.py:157} INFO - Started process (PID=25502) to work on /usr/local/python/3.10.13/lib/python3.10/site-packages/airflow/example_dags/example_branch_labels.py
[2024-04-02T09:26:10.662+0000] {processor.py:826} INFO - Processing file /usr/local/python/3.10.13/lib/python3.10/site-packages/airflow/example_dags/example_branch_labels.py for tasks to queue
[2024-04-02T09:26:10.663+0000] {logging_mixin.py:150} INFO - [2024-04-02T09:26:10.663+0000] {dagbag.py:541} INFO - Filling up the DagBag from /usr/local/python/3.10.13/lib/python3.10/site-packages/airflow/example_dags/example_branch_labels.py
[2024-04-02T09:26:10.669+0000] {processor.py:836} INFO - DAG(s) dict_keys(['example_branch_labels']) retrieved from /usr/local/python/3.10.13/lib/python3.10/site-packages/airflow/example_dags/example_branch_labels.py
[2024-04-02T09:26:10.683+0000] {logging_mixin.py:150} INFO - [2024-04-02T09:26:10.683+0000] {dag.py:2742} INFO - Sync 1 DAGs
[2024-04-02T09:26:10.700+0000] {logging_mixin.py:150} INFO - [2024-04-02T09:26:10.700+0000] {dag.py:3504} INFO - Setting next_dagrun for example_branch_labels to 2024-04-01T00:00:00+00:00, run_after=2024-04-02T00:00:00+00:00
[2024-04-02T09:26:10.825+0000] {processor.py:179} INFO - Processing /usr/local/python/3.10.13/lib/python3.10/site-packages/airflow/example_dags/example_branch_labels.py took 0.166 seconds
[2024-04-02T09:27:10.949+0000] {processor.py:157} INFO - Started process (PID=25916) to work on /usr/local/python/3.10.13/lib/python3.10/site-packages/airflow/example_dags/example_branch_labels.py
[2024-04-02T09:27:10.950+0000] {processor.py:826} INFO - Processing file /usr/local/python/3.10.13/lib/python3.10/site-packages/airflow/example_dags/example_branch_labels.py for tasks to queue
[2024-04-02T09:27:10.951+0000] {logging_mixin.py:150} INFO - [2024-04-02T09:27:10.950+0000] {dagbag.py:541} INFO - Filling up the DagBag from /usr/local/python/3.10.13/lib/python3.10/site-packages/airflow/example_dags/example_branch_labels.py
[2024-04-02T09:27:10.957+0000] {processor.py:836} INFO - DAG(s) dict_keys(['example_branch_labels']) retrieved from /usr/local/python/3.10.13/lib/python3.10/site-packages/airflow/example_dags/example_branch_labels.py
[2024-04-02T09:27:10.970+0000] {logging_mixin.py:150} INFO - [2024-04-02T09:27:10.970+0000] {dag.py:2742} INFO - Sync 1 DAGs
[2024-04-02T09:27:10.987+0000] {logging_mixin.py:150} INFO - [2024-04-02T09:27:10.986+0000] {dag.py:3504} INFO - Setting next_dagrun for example_branch_labels to 2024-04-01T00:00:00+00:00, run_after=2024-04-02T00:00:00+00:00
[2024-04-02T09:27:11.048+0000] {processor.py:179} INFO - Processing /usr/local/python/3.10.13/lib/python3.10/site-packages/airflow/example_dags/example_branch_labels.py took 0.101 seconds
[2024-04-02T09:28:11.900+0000] {processor.py:157} INFO - Started process (PID=26328) to work on /usr/local/python/3.10.13/lib/python3.10/site-packages/airflow/example_dags/example_branch_labels.py
[2024-04-02T09:28:11.901+0000] {processor.py:826} INFO - Processing file /usr/local/python/3.10.13/lib/python3.10/site-packages/airflow/example_dags/example_branch_labels.py for tasks to queue
[2024-04-02T09:28:11.902+0000] {logging_mixin.py:150} INFO - [2024-04-02T09:28:11.901+0000] {dagbag.py:541} INFO - Filling up the DagBag from /usr/local/python/3.10.13/lib/python3.10/site-packages/airflow/example_dags/example_branch_labels.py
[2024-04-02T09:28:11.912+0000] {processor.py:836} INFO - DAG(s) dict_keys(['example_branch_labels']) retrieved from /usr/local/python/3.10.13/lib/python3.10/site-packages/airflow/example_dags/example_branch_labels.py
[2024-04-02T09:28:11.931+0000] {logging_mixin.py:150} INFO - [2024-04-02T09:28:11.931+0000] {dag.py:2742} INFO - Sync 1 DAGs
[2024-04-02T09:28:11.953+0000] {logging_mixin.py:150} INFO - [2024-04-02T09:28:11.953+0000] {dag.py:3504} INFO - Setting next_dagrun for example_branch_labels to 2024-04-01T00:00:00+00:00, run_after=2024-04-02T00:00:00+00:00
[2024-04-02T09:28:11.992+0000] {processor.py:179} INFO - Processing /usr/local/python/3.10.13/lib/python3.10/site-packages/airflow/example_dags/example_branch_labels.py took 0.095 seconds
[2024-04-02T09:29:14.395+0000] {processor.py:157} INFO - Started process (PID=26745) to work on /usr/local/python/3.10.13/lib/python3.10/site-packages/airflow/example_dags/example_branch_labels.py
[2024-04-02T09:29:14.397+0000] {processor.py:826} INFO - Processing file /usr/local/python/3.10.13/lib/python3.10/site-packages/airflow/example_dags/example_branch_labels.py for tasks to queue
[2024-04-02T09:29:14.398+0000] {logging_mixin.py:150} INFO - [2024-04-02T09:29:14.397+0000] {dagbag.py:541} INFO - Filling up the DagBag from /usr/local/python/3.10.13/lib/python3.10/site-packages/airflow/example_dags/example_branch_labels.py
[2024-04-02T09:29:14.406+0000] {processor.py:836} INFO - DAG(s) dict_keys(['example_branch_labels']) retrieved from /usr/local/python/3.10.13/lib/python3.10/site-packages/airflow/example_dags/example_branch_labels.py
[2024-04-02T09:29:14.424+0000] {logging_mixin.py:150} INFO - [2024-04-02T09:29:14.424+0000] {dag.py:2742} INFO - Sync 1 DAGs
[2024-04-02T09:29:14.451+0000] {logging_mixin.py:150} INFO - [2024-04-02T09:29:14.451+0000] {dag.py:3504} INFO - Setting next_dagrun for example_branch_labels to 2024-04-01T00:00:00+00:00, run_after=2024-04-02T00:00:00+00:00
[2024-04-02T09:29:14.493+0000] {processor.py:179} INFO - Processing /usr/local/python/3.10.13/lib/python3.10/site-packages/airflow/example_dags/example_branch_labels.py took 0.100 seconds
[2024-04-02T09:30:06.821+0000] {processor.py:157} INFO - Started process (PID=27156) to work on /usr/local/python/3.10.13/lib/python3.10/site-packages/airflow/example_dags/example_branch_labels.py
[2024-04-02T09:30:06.822+0000] {processor.py:826} INFO - Processing file /usr/local/python/3.10.13/lib/python3.10/site-packages/airflow/example_dags/example_branch_labels.py for tasks to queue
[2024-04-02T09:30:06.823+0000] {logging_mixin.py:150} INFO - [2024-04-02T09:30:06.823+0000] {dagbag.py:541} INFO - Filling up the DagBag from /usr/local/python/3.10.13/lib/python3.10/site-packages/airflow/example_dags/example_branch_labels.py
[2024-04-02T09:30:06.829+0000] {processor.py:836} INFO - DAG(s) dict_keys(['example_branch_labels']) retrieved from /usr/local/python/3.10.13/lib/python3.10/site-packages/airflow/example_dags/example_branch_labels.py
[2024-04-02T09:30:06.842+0000] {logging_mixin.py:150} INFO - [2024-04-02T09:30:06.842+0000] {dag.py:2742} INFO - Sync 1 DAGs
[2024-04-02T09:30:06.859+0000] {logging_mixin.py:150} INFO - [2024-04-02T09:30:06.859+0000] {dag.py:3504} INFO - Setting next_dagrun for example_branch_labels to 2024-04-01T00:00:00+00:00, run_after=2024-04-02T00:00:00+00:00
[2024-04-02T09:30:06.901+0000] {processor.py:179} INFO - Processing /usr/local/python/3.10.13/lib/python3.10/site-packages/airflow/example_dags/example_branch_labels.py took 0.082 seconds
[2024-04-02T09:31:05.577+0000] {processor.py:157} INFO - Started process (PID=27556) to work on /usr/local/python/3.10.13/lib/python3.10/site-packages/airflow/example_dags/example_branch_labels.py
[2024-04-02T09:31:05.578+0000] {processor.py:826} INFO - Processing file /usr/local/python/3.10.13/lib/python3.10/site-packages/airflow/example_dags/example_branch_labels.py for tasks to queue
[2024-04-02T09:31:05.579+0000] {logging_mixin.py:150} INFO - [2024-04-02T09:31:05.579+0000] {dagbag.py:541} INFO - Filling up the DagBag from /usr/local/python/3.10.13/lib/python3.10/site-packages/airflow/example_dags/example_branch_labels.py
[2024-04-02T09:31:05.585+0000] {processor.py:836} INFO - DAG(s) dict_keys(['example_branch_labels']) retrieved from /usr/local/python/3.10.13/lib/python3.10/site-packages/airflow/example_dags/example_branch_labels.py
[2024-04-02T09:31:05.598+0000] {logging_mixin.py:150} INFO - [2024-04-02T09:31:05.598+0000] {dag.py:2742} INFO - Sync 1 DAGs
[2024-04-02T09:31:05.615+0000] {logging_mixin.py:150} INFO - [2024-04-02T09:31:05.615+0000] {dag.py:3504} INFO - Setting next_dagrun for example_branch_labels to 2024-04-01T00:00:00+00:00, run_after=2024-04-02T00:00:00+00:00
[2024-04-02T09:31:05.653+0000] {processor.py:179} INFO - Processing /usr/local/python/3.10.13/lib/python3.10/site-packages/airflow/example_dags/example_branch_labels.py took 0.078 seconds
[2024-04-02T09:32:03.960+0000] {processor.py:157} INFO - Started process (PID=27964) to work on /usr/local/python/3.10.13/lib/python3.10/site-packages/airflow/example_dags/example_branch_labels.py
[2024-04-02T09:32:03.961+0000] {processor.py:826} INFO - Processing file /usr/local/python/3.10.13/lib/python3.10/site-packages/airflow/example_dags/example_branch_labels.py for tasks to queue
[2024-04-02T09:32:03.961+0000] {logging_mixin.py:150} INFO - [2024-04-02T09:32:03.961+0000] {dagbag.py:541} INFO - Filling up the DagBag from /usr/local/python/3.10.13/lib/python3.10/site-packages/airflow/example_dags/example_branch_labels.py
[2024-04-02T09:32:03.970+0000] {processor.py:836} INFO - DAG(s) dict_keys(['example_branch_labels']) retrieved from /usr/local/python/3.10.13/lib/python3.10/site-packages/airflow/example_dags/example_branch_labels.py
[2024-04-02T09:32:03.990+0000] {logging_mixin.py:150} INFO - [2024-04-02T09:32:03.990+0000] {dag.py:2742} INFO - Sync 1 DAGs
[2024-04-02T09:32:04.015+0000] {logging_mixin.py:150} INFO - [2024-04-02T09:32:04.015+0000] {dag.py:3504} INFO - Setting next_dagrun for example_branch_labels to 2024-04-01T00:00:00+00:00, run_after=2024-04-02T00:00:00+00:00
[2024-04-02T09:32:04.066+0000] {processor.py:179} INFO - Processing /usr/local/python/3.10.13/lib/python3.10/site-packages/airflow/example_dags/example_branch_labels.py took 0.108 seconds
[2024-04-02T09:33:03.896+0000] {processor.py:157} INFO - Started process (PID=28376) to work on /usr/local/python/3.10.13/lib/python3.10/site-packages/airflow/example_dags/example_branch_labels.py
[2024-04-02T09:33:03.896+0000] {processor.py:826} INFO - Processing file /usr/local/python/3.10.13/lib/python3.10/site-packages/airflow/example_dags/example_branch_labels.py for tasks to queue
[2024-04-02T09:33:03.897+0000] {logging_mixin.py:150} INFO - [2024-04-02T09:33:03.897+0000] {dagbag.py:541} INFO - Filling up the DagBag from /usr/local/python/3.10.13/lib/python3.10/site-packages/airflow/example_dags/example_branch_labels.py
[2024-04-02T09:33:03.903+0000] {processor.py:836} INFO - DAG(s) dict_keys(['example_branch_labels']) retrieved from /usr/local/python/3.10.13/lib/python3.10/site-packages/airflow/example_dags/example_branch_labels.py
[2024-04-02T09:33:03.917+0000] {logging_mixin.py:150} INFO - [2024-04-02T09:33:03.917+0000] {dag.py:2742} INFO - Sync 1 DAGs
[2024-04-02T09:33:03.933+0000] {logging_mixin.py:150} INFO - [2024-04-02T09:33:03.933+0000] {dag.py:3504} INFO - Setting next_dagrun for example_branch_labels to 2024-04-01T00:00:00+00:00, run_after=2024-04-02T00:00:00+00:00
[2024-04-02T09:33:03.973+0000] {processor.py:179} INFO - Processing /usr/local/python/3.10.13/lib/python3.10/site-packages/airflow/example_dags/example_branch_labels.py took 0.080 seconds
[2024-04-02T09:34:01.463+0000] {processor.py:157} INFO - Started process (PID=28755) to work on /usr/local/python/3.10.13/lib/python3.10/site-packages/airflow/example_dags/example_branch_labels.py
[2024-04-02T09:34:01.463+0000] {processor.py:826} INFO - Processing file /usr/local/python/3.10.13/lib/python3.10/site-packages/airflow/example_dags/example_branch_labels.py for tasks to queue
[2024-04-02T09:34:01.465+0000] {logging_mixin.py:150} INFO - [2024-04-02T09:34:01.464+0000] {dagbag.py:541} INFO - Filling up the DagBag from /usr/local/python/3.10.13/lib/python3.10/site-packages/airflow/example_dags/example_branch_labels.py
[2024-04-02T09:34:01.473+0000] {processor.py:836} INFO - DAG(s) dict_keys(['example_branch_labels']) retrieved from /usr/local/python/3.10.13/lib/python3.10/site-packages/airflow/example_dags/example_branch_labels.py
[2024-04-02T09:34:01.487+0000] {logging_mixin.py:150} INFO - [2024-04-02T09:34:01.487+0000] {dag.py:2742} INFO - Sync 1 DAGs
[2024-04-02T09:34:01.503+0000] {logging_mixin.py:150} INFO - [2024-04-02T09:34:01.503+0000] {dag.py:3504} INFO - Setting next_dagrun for example_branch_labels to 2024-04-01T00:00:00+00:00, run_after=2024-04-02T00:00:00+00:00
[2024-04-02T09:34:01.542+0000] {processor.py:179} INFO - Processing /usr/local/python/3.10.13/lib/python3.10/site-packages/airflow/example_dags/example_branch_labels.py took 0.083 seconds
[2024-04-02T09:34:59.624+0000] {processor.py:157} INFO - Started process (PID=29180) to work on /usr/local/python/3.10.13/lib/python3.10/site-packages/airflow/example_dags/example_branch_labels.py
[2024-04-02T09:34:59.625+0000] {processor.py:826} INFO - Processing file /usr/local/python/3.10.13/lib/python3.10/site-packages/airflow/example_dags/example_branch_labels.py for tasks to queue
[2024-04-02T09:34:59.626+0000] {logging_mixin.py:150} INFO - [2024-04-02T09:34:59.626+0000] {dagbag.py:541} INFO - Filling up the DagBag from /usr/local/python/3.10.13/lib/python3.10/site-packages/airflow/example_dags/example_branch_labels.py
[2024-04-02T09:34:59.632+0000] {processor.py:836} INFO - DAG(s) dict_keys(['example_branch_labels']) retrieved from /usr/local/python/3.10.13/lib/python3.10/site-packages/airflow/example_dags/example_branch_labels.py
[2024-04-02T09:34:59.646+0000] {logging_mixin.py:150} INFO - [2024-04-02T09:34:59.646+0000] {dag.py:2742} INFO - Sync 1 DAGs
[2024-04-02T09:34:59.665+0000] {logging_mixin.py:150} INFO - [2024-04-02T09:34:59.665+0000] {dag.py:3504} INFO - Setting next_dagrun for example_branch_labels to 2024-04-01T00:00:00+00:00, run_after=2024-04-02T00:00:00+00:00
[2024-04-02T09:34:59.707+0000] {processor.py:179} INFO - Processing /usr/local/python/3.10.13/lib/python3.10/site-packages/airflow/example_dags/example_branch_labels.py took 0.087 seconds
[2024-04-02T09:35:54.297+0000] {processor.py:157} INFO - Started process (PID=29548) to work on /usr/local/python/3.10.13/lib/python3.10/site-packages/airflow/example_dags/example_branch_labels.py
[2024-04-02T09:35:54.298+0000] {processor.py:826} INFO - Processing file /usr/local/python/3.10.13/lib/python3.10/site-packages/airflow/example_dags/example_branch_labels.py for tasks to queue
[2024-04-02T09:35:54.299+0000] {logging_mixin.py:150} INFO - [2024-04-02T09:35:54.298+0000] {dagbag.py:541} INFO - Filling up the DagBag from /usr/local/python/3.10.13/lib/python3.10/site-packages/airflow/example_dags/example_branch_labels.py
[2024-04-02T09:35:54.305+0000] {processor.py:836} INFO - DAG(s) dict_keys(['example_branch_labels']) retrieved from /usr/local/python/3.10.13/lib/python3.10/site-packages/airflow/example_dags/example_branch_labels.py
[2024-04-02T09:35:54.320+0000] {logging_mixin.py:150} INFO - [2024-04-02T09:35:54.320+0000] {dag.py:2742} INFO - Sync 1 DAGs
[2024-04-02T09:35:54.337+0000] {logging_mixin.py:150} INFO - [2024-04-02T09:35:54.337+0000] {dag.py:3504} INFO - Setting next_dagrun for example_branch_labels to 2024-04-01T00:00:00+00:00, run_after=2024-04-02T00:00:00+00:00
[2024-04-02T09:35:54.378+0000] {processor.py:179} INFO - Processing /usr/local/python/3.10.13/lib/python3.10/site-packages/airflow/example_dags/example_branch_labels.py took 0.083 seconds
[2024-04-02T09:36:48.231+0000] {processor.py:157} INFO - Started process (PID=29933) to work on /usr/local/python/3.10.13/lib/python3.10/site-packages/airflow/example_dags/example_branch_labels.py
[2024-04-02T09:36:48.232+0000] {processor.py:826} INFO - Processing file /usr/local/python/3.10.13/lib/python3.10/site-packages/airflow/example_dags/example_branch_labels.py for tasks to queue
[2024-04-02T09:36:48.233+0000] {logging_mixin.py:150} INFO - [2024-04-02T09:36:48.233+0000] {dagbag.py:541} INFO - Filling up the DagBag from /usr/local/python/3.10.13/lib/python3.10/site-packages/airflow/example_dags/example_branch_labels.py
[2024-04-02T09:36:48.243+0000] {processor.py:836} INFO - DAG(s) dict_keys(['example_branch_labels']) retrieved from /usr/local/python/3.10.13/lib/python3.10/site-packages/airflow/example_dags/example_branch_labels.py
[2024-04-02T09:36:48.263+0000] {logging_mixin.py:150} INFO - [2024-04-02T09:36:48.263+0000] {dag.py:2742} INFO - Sync 1 DAGs
[2024-04-02T09:36:48.289+0000] {logging_mixin.py:150} INFO - [2024-04-02T09:36:48.289+0000] {dag.py:3504} INFO - Setting next_dagrun for example_branch_labels to 2024-04-01T00:00:00+00:00, run_after=2024-04-02T00:00:00+00:00
[2024-04-02T09:36:48.334+0000] {processor.py:179} INFO - Processing /usr/local/python/3.10.13/lib/python3.10/site-packages/airflow/example_dags/example_branch_labels.py took 0.107 seconds
[2024-04-02T09:37:44.976+0000] {processor.py:157} INFO - Started process (PID=30308) to work on /usr/local/python/3.10.13/lib/python3.10/site-packages/airflow/example_dags/example_branch_labels.py
[2024-04-02T09:37:44.977+0000] {processor.py:826} INFO - Processing file /usr/local/python/3.10.13/lib/python3.10/site-packages/airflow/example_dags/example_branch_labels.py for tasks to queue
[2024-04-02T09:37:44.978+0000] {logging_mixin.py:150} INFO - [2024-04-02T09:37:44.978+0000] {dagbag.py:541} INFO - Filling up the DagBag from /usr/local/python/3.10.13/lib/python3.10/site-packages/airflow/example_dags/example_branch_labels.py
[2024-04-02T09:37:44.987+0000] {processor.py:836} INFO - DAG(s) dict_keys(['example_branch_labels']) retrieved from /usr/local/python/3.10.13/lib/python3.10/site-packages/airflow/example_dags/example_branch_labels.py
[2024-04-02T09:37:45.008+0000] {logging_mixin.py:150} INFO - [2024-04-02T09:37:45.008+0000] {dag.py:2742} INFO - Sync 1 DAGs
[2024-04-02T09:37:45.043+0000] {logging_mixin.py:150} INFO - [2024-04-02T09:37:45.042+0000] {dag.py:3504} INFO - Setting next_dagrun for example_branch_labels to 2024-04-01T00:00:00+00:00, run_after=2024-04-02T00:00:00+00:00
[2024-04-02T09:37:45.104+0000] {processor.py:179} INFO - Processing /usr/local/python/3.10.13/lib/python3.10/site-packages/airflow/example_dags/example_branch_labels.py took 0.131 seconds
[2024-04-02T09:38:40.929+0000] {processor.py:157} INFO - Started process (PID=30701) to work on /usr/local/python/3.10.13/lib/python3.10/site-packages/airflow/example_dags/example_branch_labels.py
[2024-04-02T09:38:40.930+0000] {processor.py:826} INFO - Processing file /usr/local/python/3.10.13/lib/python3.10/site-packages/airflow/example_dags/example_branch_labels.py for tasks to queue
[2024-04-02T09:38:40.931+0000] {logging_mixin.py:150} INFO - [2024-04-02T09:38:40.931+0000] {dagbag.py:541} INFO - Filling up the DagBag from /usr/local/python/3.10.13/lib/python3.10/site-packages/airflow/example_dags/example_branch_labels.py
[2024-04-02T09:38:40.937+0000] {processor.py:836} INFO - DAG(s) dict_keys(['example_branch_labels']) retrieved from /usr/local/python/3.10.13/lib/python3.10/site-packages/airflow/example_dags/example_branch_labels.py
[2024-04-02T09:38:40.951+0000] {logging_mixin.py:150} INFO - [2024-04-02T09:38:40.950+0000] {dag.py:2742} INFO - Sync 1 DAGs
[2024-04-02T09:38:40.967+0000] {logging_mixin.py:150} INFO - [2024-04-02T09:38:40.967+0000] {dag.py:3504} INFO - Setting next_dagrun for example_branch_labels to 2024-04-01T00:00:00+00:00, run_after=2024-04-02T00:00:00+00:00
[2024-04-02T09:38:41.006+0000] {processor.py:179} INFO - Processing /usr/local/python/3.10.13/lib/python3.10/site-packages/airflow/example_dags/example_branch_labels.py took 0.079 seconds
[2024-04-02T09:39:37.360+0000] {processor.py:157} INFO - Started process (PID=31126) to work on /usr/local/python/3.10.13/lib/python3.10/site-packages/airflow/example_dags/example_branch_labels.py
[2024-04-02T09:39:37.362+0000] {processor.py:826} INFO - Processing file /usr/local/python/3.10.13/lib/python3.10/site-packages/airflow/example_dags/example_branch_labels.py for tasks to queue
[2024-04-02T09:39:37.363+0000] {logging_mixin.py:150} INFO - [2024-04-02T09:39:37.363+0000] {dagbag.py:541} INFO - Filling up the DagBag from /usr/local/python/3.10.13/lib/python3.10/site-packages/airflow/example_dags/example_branch_labels.py
[2024-04-02T09:39:37.372+0000] {processor.py:836} INFO - DAG(s) dict_keys(['example_branch_labels']) retrieved from /usr/local/python/3.10.13/lib/python3.10/site-packages/airflow/example_dags/example_branch_labels.py
[2024-04-02T09:39:37.388+0000] {logging_mixin.py:150} INFO - [2024-04-02T09:39:37.388+0000] {dag.py:2742} INFO - Sync 1 DAGs
[2024-04-02T09:39:37.406+0000] {logging_mixin.py:150} INFO - [2024-04-02T09:39:37.405+0000] {dag.py:3504} INFO - Setting next_dagrun for example_branch_labels to 2024-04-01T00:00:00+00:00, run_after=2024-04-02T00:00:00+00:00
[2024-04-02T09:39:37.443+0000] {processor.py:179} INFO - Processing /usr/local/python/3.10.13/lib/python3.10/site-packages/airflow/example_dags/example_branch_labels.py took 0.086 seconds
[2024-04-02T09:40:36.047+0000] {processor.py:157} INFO - Started process (PID=31537) to work on /usr/local/python/3.10.13/lib/python3.10/site-packages/airflow/example_dags/example_branch_labels.py
[2024-04-02T09:40:36.047+0000] {processor.py:826} INFO - Processing file /usr/local/python/3.10.13/lib/python3.10/site-packages/airflow/example_dags/example_branch_labels.py for tasks to queue
[2024-04-02T09:40:36.048+0000] {logging_mixin.py:150} INFO - [2024-04-02T09:40:36.048+0000] {dagbag.py:541} INFO - Filling up the DagBag from /usr/local/python/3.10.13/lib/python3.10/site-packages/airflow/example_dags/example_branch_labels.py
[2024-04-02T09:40:36.054+0000] {processor.py:836} INFO - DAG(s) dict_keys(['example_branch_labels']) retrieved from /usr/local/python/3.10.13/lib/python3.10/site-packages/airflow/example_dags/example_branch_labels.py
[2024-04-02T09:40:36.068+0000] {logging_mixin.py:150} INFO - [2024-04-02T09:40:36.068+0000] {dag.py:2742} INFO - Sync 1 DAGs
[2024-04-02T09:40:36.085+0000] {logging_mixin.py:150} INFO - [2024-04-02T09:40:36.085+0000] {dag.py:3504} INFO - Setting next_dagrun for example_branch_labels to 2024-04-01T00:00:00+00:00, run_after=2024-04-02T00:00:00+00:00
[2024-04-02T09:40:36.123+0000] {processor.py:179} INFO - Processing /usr/local/python/3.10.13/lib/python3.10/site-packages/airflow/example_dags/example_branch_labels.py took 0.078 seconds
[2024-04-02T09:41:32.301+0000] {processor.py:157} INFO - Started process (PID=31904) to work on /usr/local/python/3.10.13/lib/python3.10/site-packages/airflow/example_dags/example_branch_labels.py
[2024-04-02T09:41:32.302+0000] {processor.py:826} INFO - Processing file /usr/local/python/3.10.13/lib/python3.10/site-packages/airflow/example_dags/example_branch_labels.py for tasks to queue
[2024-04-02T09:41:32.303+0000] {logging_mixin.py:150} INFO - [2024-04-02T09:41:32.303+0000] {dagbag.py:541} INFO - Filling up the DagBag from /usr/local/python/3.10.13/lib/python3.10/site-packages/airflow/example_dags/example_branch_labels.py
[2024-04-02T09:41:32.312+0000] {processor.py:836} INFO - DAG(s) dict_keys(['example_branch_labels']) retrieved from /usr/local/python/3.10.13/lib/python3.10/site-packages/airflow/example_dags/example_branch_labels.py
[2024-04-02T09:41:32.332+0000] {logging_mixin.py:150} INFO - [2024-04-02T09:41:32.332+0000] {dag.py:2742} INFO - Sync 1 DAGs
[2024-04-02T09:41:32.358+0000] {logging_mixin.py:150} INFO - [2024-04-02T09:41:32.358+0000] {dag.py:3504} INFO - Setting next_dagrun for example_branch_labels to 2024-04-01T00:00:00+00:00, run_after=2024-04-02T00:00:00+00:00
[2024-04-02T09:41:32.404+0000] {processor.py:179} INFO - Processing /usr/local/python/3.10.13/lib/python3.10/site-packages/airflow/example_dags/example_branch_labels.py took 0.106 seconds
[2024-04-02T09:42:27.821+0000] {processor.py:157} INFO - Started process (PID=32296) to work on /usr/local/python/3.10.13/lib/python3.10/site-packages/airflow/example_dags/example_branch_labels.py
[2024-04-02T09:42:27.821+0000] {processor.py:826} INFO - Processing file /usr/local/python/3.10.13/lib/python3.10/site-packages/airflow/example_dags/example_branch_labels.py for tasks to queue
[2024-04-02T09:42:27.822+0000] {logging_mixin.py:150} INFO - [2024-04-02T09:42:27.822+0000] {dagbag.py:541} INFO - Filling up the DagBag from /usr/local/python/3.10.13/lib/python3.10/site-packages/airflow/example_dags/example_branch_labels.py
[2024-04-02T09:42:27.829+0000] {processor.py:836} INFO - DAG(s) dict_keys(['example_branch_labels']) retrieved from /usr/local/python/3.10.13/lib/python3.10/site-packages/airflow/example_dags/example_branch_labels.py
[2024-04-02T09:42:27.843+0000] {logging_mixin.py:150} INFO - [2024-04-02T09:42:27.842+0000] {dag.py:2742} INFO - Sync 1 DAGs
[2024-04-02T09:42:27.860+0000] {logging_mixin.py:150} INFO - [2024-04-02T09:42:27.860+0000] {dag.py:3504} INFO - Setting next_dagrun for example_branch_labels to 2024-04-01T00:00:00+00:00, run_after=2024-04-02T00:00:00+00:00
[2024-04-02T09:42:27.897+0000] {processor.py:179} INFO - Processing /usr/local/python/3.10.13/lib/python3.10/site-packages/airflow/example_dags/example_branch_labels.py took 0.079 seconds
[2024-04-02T09:43:30.063+0000] {processor.py:157} INFO - Started process (PID=32721) to work on /usr/local/python/3.10.13/lib/python3.10/site-packages/airflow/example_dags/example_branch_labels.py
[2024-04-02T09:43:30.064+0000] {processor.py:826} INFO - Processing file /usr/local/python/3.10.13/lib/python3.10/site-packages/airflow/example_dags/example_branch_labels.py for tasks to queue
[2024-04-02T09:43:30.065+0000] {logging_mixin.py:150} INFO - [2024-04-02T09:43:30.065+0000] {dagbag.py:541} INFO - Filling up the DagBag from /usr/local/python/3.10.13/lib/python3.10/site-packages/airflow/example_dags/example_branch_labels.py
[2024-04-02T09:43:30.072+0000] {processor.py:836} INFO - DAG(s) dict_keys(['example_branch_labels']) retrieved from /usr/local/python/3.10.13/lib/python3.10/site-packages/airflow/example_dags/example_branch_labels.py
[2024-04-02T09:43:30.085+0000] {logging_mixin.py:150} INFO - [2024-04-02T09:43:30.085+0000] {dag.py:2742} INFO - Sync 1 DAGs
[2024-04-02T09:43:30.102+0000] {logging_mixin.py:150} INFO - [2024-04-02T09:43:30.102+0000] {dag.py:3504} INFO - Setting next_dagrun for example_branch_labels to 2024-04-01T00:00:00+00:00, run_after=2024-04-02T00:00:00+00:00
[2024-04-02T09:43:30.140+0000] {processor.py:179} INFO - Processing /usr/local/python/3.10.13/lib/python3.10/site-packages/airflow/example_dags/example_branch_labels.py took 0.079 seconds
