[2024-04-02T08:56:51.413+0000] {processor.py:157} INFO - Started process (PID=11397) to work on /usr/local/python/3.10.13/lib/python3.10/site-packages/airflow/example_dags/example_trigger_controller_dag.py
[2024-04-02T08:56:51.414+0000] {processor.py:826} INFO - Processing file /usr/local/python/3.10.13/lib/python3.10/site-packages/airflow/example_dags/example_trigger_controller_dag.py for tasks to queue
[2024-04-02T08:56:51.414+0000] {logging_mixin.py:150} INFO - [2024-04-02T08:56:51.414+0000] {dagbag.py:541} INFO - Filling up the DagBag from /usr/local/python/3.10.13/lib/python3.10/site-packages/airflow/example_dags/example_trigger_controller_dag.py
[2024-04-02T08:56:51.419+0000] {processor.py:836} INFO - DAG(s) dict_keys(['example_trigger_controller_dag']) retrieved from /usr/local/python/3.10.13/lib/python3.10/site-packages/airflow/example_dags/example_trigger_controller_dag.py
[2024-04-02T08:56:51.500+0000] {logging_mixin.py:150} INFO - [2024-04-02T08:56:51.500+0000] {dag.py:2742} INFO - Sync 1 DAGs
[2024-04-02T08:56:51.514+0000] {logging_mixin.py:150} INFO - [2024-04-02T08:56:51.514+0000] {dag.py:3504} INFO - Setting next_dagrun for example_trigger_controller_dag to 2021-01-01T00:00:00+00:00, run_after=2021-01-01T00:00:00+00:00
[2024-04-02T08:56:51.556+0000] {processor.py:179} INFO - Processing /usr/local/python/3.10.13/lib/python3.10/site-packages/airflow/example_dags/example_trigger_controller_dag.py took 0.146 seconds
[2024-04-02T08:57:52.380+0000] {processor.py:157} INFO - Started process (PID=12161) to work on /usr/local/python/3.10.13/lib/python3.10/site-packages/airflow/example_dags/example_trigger_controller_dag.py
[2024-04-02T08:57:52.381+0000] {processor.py:826} INFO - Processing file /usr/local/python/3.10.13/lib/python3.10/site-packages/airflow/example_dags/example_trigger_controller_dag.py for tasks to queue
[2024-04-02T08:57:52.381+0000] {logging_mixin.py:150} INFO - [2024-04-02T08:57:52.381+0000] {dagbag.py:541} INFO - Filling up the DagBag from /usr/local/python/3.10.13/lib/python3.10/site-packages/airflow/example_dags/example_trigger_controller_dag.py
[2024-04-02T08:57:52.385+0000] {processor.py:836} INFO - DAG(s) dict_keys(['example_trigger_controller_dag']) retrieved from /usr/local/python/3.10.13/lib/python3.10/site-packages/airflow/example_dags/example_trigger_controller_dag.py
[2024-04-02T08:57:52.431+0000] {logging_mixin.py:150} INFO - [2024-04-02T08:57:52.431+0000] {dag.py:2742} INFO - Sync 1 DAGs
[2024-04-02T08:57:52.446+0000] {logging_mixin.py:150} INFO - [2024-04-02T08:57:52.446+0000] {dag.py:3504} INFO - Setting next_dagrun for example_trigger_controller_dag to 2021-01-01T00:00:00+00:00, run_after=2021-01-01T00:00:00+00:00
[2024-04-02T08:57:52.484+0000] {processor.py:179} INFO - Processing /usr/local/python/3.10.13/lib/python3.10/site-packages/airflow/example_dags/example_trigger_controller_dag.py took 0.107 seconds
[2024-04-02T08:58:45.089+0000] {processor.py:157} INFO - Started process (PID=12897) to work on /usr/local/python/3.10.13/lib/python3.10/site-packages/airflow/example_dags/example_trigger_controller_dag.py
[2024-04-02T08:58:45.090+0000] {processor.py:826} INFO - Processing file /usr/local/python/3.10.13/lib/python3.10/site-packages/airflow/example_dags/example_trigger_controller_dag.py for tasks to queue
[2024-04-02T08:58:45.091+0000] {logging_mixin.py:150} INFO - [2024-04-02T08:58:45.091+0000] {dagbag.py:541} INFO - Filling up the DagBag from /usr/local/python/3.10.13/lib/python3.10/site-packages/airflow/example_dags/example_trigger_controller_dag.py
[2024-04-02T08:58:45.096+0000] {processor.py:836} INFO - DAG(s) dict_keys(['example_trigger_controller_dag']) retrieved from /usr/local/python/3.10.13/lib/python3.10/site-packages/airflow/example_dags/example_trigger_controller_dag.py
[2024-04-02T08:58:45.114+0000] {logging_mixin.py:150} INFO - [2024-04-02T08:58:45.114+0000] {dag.py:2742} INFO - Sync 1 DAGs
[2024-04-02T08:58:45.150+0000] {logging_mixin.py:150} INFO - [2024-04-02T08:58:45.149+0000] {dag.py:3504} INFO - Setting next_dagrun for example_trigger_controller_dag to 2021-01-01T00:00:00+00:00, run_after=2021-01-01T00:00:00+00:00
[2024-04-02T08:58:45.195+0000] {processor.py:179} INFO - Processing /usr/local/python/3.10.13/lib/python3.10/site-packages/airflow/example_dags/example_trigger_controller_dag.py took 0.110 seconds
[2024-04-02T08:59:43.444+0000] {processor.py:157} INFO - Started process (PID=13704) to work on /usr/local/python/3.10.13/lib/python3.10/site-packages/airflow/example_dags/example_trigger_controller_dag.py
[2024-04-02T08:59:43.445+0000] {processor.py:826} INFO - Processing file /usr/local/python/3.10.13/lib/python3.10/site-packages/airflow/example_dags/example_trigger_controller_dag.py for tasks to queue
[2024-04-02T08:59:43.446+0000] {logging_mixin.py:150} INFO - [2024-04-02T08:59:43.446+0000] {dagbag.py:541} INFO - Filling up the DagBag from /usr/local/python/3.10.13/lib/python3.10/site-packages/airflow/example_dags/example_trigger_controller_dag.py
[2024-04-02T08:59:43.454+0000] {processor.py:836} INFO - DAG(s) dict_keys(['example_trigger_controller_dag']) retrieved from /usr/local/python/3.10.13/lib/python3.10/site-packages/airflow/example_dags/example_trigger_controller_dag.py
[2024-04-02T08:59:43.473+0000] {logging_mixin.py:150} INFO - [2024-04-02T08:59:43.473+0000] {dag.py:2742} INFO - Sync 1 DAGs
[2024-04-02T08:59:43.498+0000] {logging_mixin.py:150} INFO - [2024-04-02T08:59:43.498+0000] {dag.py:3504} INFO - Setting next_dagrun for example_trigger_controller_dag to 2021-01-01T00:00:00+00:00, run_after=2021-01-01T00:00:00+00:00
[2024-04-02T08:59:43.544+0000] {processor.py:179} INFO - Processing /usr/local/python/3.10.13/lib/python3.10/site-packages/airflow/example_dags/example_trigger_controller_dag.py took 0.103 seconds
[2024-04-02T09:00:44.096+0000] {processor.py:157} INFO - Started process (PID=14474) to work on /usr/local/python/3.10.13/lib/python3.10/site-packages/airflow/example_dags/example_trigger_controller_dag.py
[2024-04-02T09:00:44.098+0000] {processor.py:826} INFO - Processing file /usr/local/python/3.10.13/lib/python3.10/site-packages/airflow/example_dags/example_trigger_controller_dag.py for tasks to queue
[2024-04-02T09:00:44.099+0000] {logging_mixin.py:150} INFO - [2024-04-02T09:00:44.098+0000] {dagbag.py:541} INFO - Filling up the DagBag from /usr/local/python/3.10.13/lib/python3.10/site-packages/airflow/example_dags/example_trigger_controller_dag.py
[2024-04-02T09:00:44.103+0000] {processor.py:836} INFO - DAG(s) dict_keys(['example_trigger_controller_dag']) retrieved from /usr/local/python/3.10.13/lib/python3.10/site-packages/airflow/example_dags/example_trigger_controller_dag.py
[2024-04-02T09:00:44.121+0000] {logging_mixin.py:150} INFO - [2024-04-02T09:00:44.121+0000] {dag.py:2742} INFO - Sync 1 DAGs
[2024-04-02T09:00:44.144+0000] {logging_mixin.py:150} INFO - [2024-04-02T09:00:44.144+0000] {dag.py:3504} INFO - Setting next_dagrun for example_trigger_controller_dag to 2021-01-01T00:00:00+00:00, run_after=2021-01-01T00:00:00+00:00
[2024-04-02T09:00:44.193+0000] {processor.py:179} INFO - Processing /usr/local/python/3.10.13/lib/python3.10/site-packages/airflow/example_dags/example_trigger_controller_dag.py took 0.100 seconds
[2024-04-02T09:01:33.900+0000] {processor.py:157} INFO - Started process (PID=14879) to work on /usr/local/python/3.10.13/lib/python3.10/site-packages/airflow/example_dags/example_trigger_controller_dag.py
[2024-04-02T09:01:33.901+0000] {processor.py:826} INFO - Processing file /usr/local/python/3.10.13/lib/python3.10/site-packages/airflow/example_dags/example_trigger_controller_dag.py for tasks to queue
[2024-04-02T09:01:33.903+0000] {logging_mixin.py:150} INFO - [2024-04-02T09:01:33.902+0000] {dagbag.py:541} INFO - Filling up the DagBag from /usr/local/python/3.10.13/lib/python3.10/site-packages/airflow/example_dags/example_trigger_controller_dag.py
[2024-04-02T09:01:33.907+0000] {processor.py:836} INFO - DAG(s) dict_keys(['example_trigger_controller_dag']) retrieved from /usr/local/python/3.10.13/lib/python3.10/site-packages/airflow/example_dags/example_trigger_controller_dag.py
[2024-04-02T09:01:33.925+0000] {logging_mixin.py:150} INFO - [2024-04-02T09:01:33.925+0000] {dag.py:2742} INFO - Sync 1 DAGs
[2024-04-02T09:01:33.949+0000] {logging_mixin.py:150} INFO - [2024-04-02T09:01:33.949+0000] {dag.py:3504} INFO - Setting next_dagrun for example_trigger_controller_dag to 2021-01-01T00:00:00+00:00, run_after=2021-01-01T00:00:00+00:00
[2024-04-02T09:01:33.997+0000] {processor.py:179} INFO - Processing /usr/local/python/3.10.13/lib/python3.10/site-packages/airflow/example_dags/example_trigger_controller_dag.py took 0.100 seconds
[2024-04-02T09:02:13.922+0000] {processor.py:157} INFO - Started process (PID=15156) to work on /usr/local/python/3.10.13/lib/python3.10/site-packages/airflow/example_dags/example_trigger_controller_dag.py
[2024-04-02T09:02:13.923+0000] {processor.py:826} INFO - Processing file /usr/local/python/3.10.13/lib/python3.10/site-packages/airflow/example_dags/example_trigger_controller_dag.py for tasks to queue
[2024-04-02T09:02:13.924+0000] {logging_mixin.py:150} INFO - [2024-04-02T09:02:13.924+0000] {dagbag.py:541} INFO - Filling up the DagBag from /usr/local/python/3.10.13/lib/python3.10/site-packages/airflow/example_dags/example_trigger_controller_dag.py
[2024-04-02T09:02:13.929+0000] {processor.py:836} INFO - DAG(s) dict_keys(['example_trigger_controller_dag']) retrieved from /usr/local/python/3.10.13/lib/python3.10/site-packages/airflow/example_dags/example_trigger_controller_dag.py
[2024-04-02T09:02:13.947+0000] {logging_mixin.py:150} INFO - [2024-04-02T09:02:13.947+0000] {dag.py:2742} INFO - Sync 1 DAGs
[2024-04-02T09:02:13.971+0000] {logging_mixin.py:150} INFO - [2024-04-02T09:02:13.971+0000] {dag.py:3504} INFO - Setting next_dagrun for example_trigger_controller_dag to 2021-01-01T00:00:00+00:00, run_after=2021-01-01T00:00:00+00:00
[2024-04-02T09:02:14.022+0000] {processor.py:179} INFO - Processing /usr/local/python/3.10.13/lib/python3.10/site-packages/airflow/example_dags/example_trigger_controller_dag.py took 0.111 seconds
[2024-04-02T09:02:52.647+0000] {processor.py:157} INFO - Started process (PID=15410) to work on /usr/local/python/3.10.13/lib/python3.10/site-packages/airflow/example_dags/example_trigger_controller_dag.py
[2024-04-02T09:02:52.648+0000] {processor.py:826} INFO - Processing file /usr/local/python/3.10.13/lib/python3.10/site-packages/airflow/example_dags/example_trigger_controller_dag.py for tasks to queue
[2024-04-02T09:02:52.649+0000] {logging_mixin.py:150} INFO - [2024-04-02T09:02:52.649+0000] {dagbag.py:541} INFO - Filling up the DagBag from /usr/local/python/3.10.13/lib/python3.10/site-packages/airflow/example_dags/example_trigger_controller_dag.py
[2024-04-02T09:02:52.654+0000] {processor.py:836} INFO - DAG(s) dict_keys(['example_trigger_controller_dag']) retrieved from /usr/local/python/3.10.13/lib/python3.10/site-packages/airflow/example_dags/example_trigger_controller_dag.py
[2024-04-02T09:02:52.673+0000] {logging_mixin.py:150} INFO - [2024-04-02T09:02:52.673+0000] {dag.py:2742} INFO - Sync 1 DAGs
[2024-04-02T09:02:52.697+0000] {logging_mixin.py:150} INFO - [2024-04-02T09:02:52.697+0000] {dag.py:3504} INFO - Setting next_dagrun for example_trigger_controller_dag to 2021-01-01T00:00:00+00:00, run_after=2021-01-01T00:00:00+00:00
[2024-04-02T09:02:52.744+0000] {processor.py:179} INFO - Processing /usr/local/python/3.10.13/lib/python3.10/site-packages/airflow/example_dags/example_trigger_controller_dag.py took 0.101 seconds
[2024-04-02T09:03:31.154+0000] {processor.py:157} INFO - Started process (PID=15674) to work on /usr/local/python/3.10.13/lib/python3.10/site-packages/airflow/example_dags/example_trigger_controller_dag.py
[2024-04-02T09:03:31.155+0000] {processor.py:826} INFO - Processing file /usr/local/python/3.10.13/lib/python3.10/site-packages/airflow/example_dags/example_trigger_controller_dag.py for tasks to queue
[2024-04-02T09:03:31.156+0000] {logging_mixin.py:150} INFO - [2024-04-02T09:03:31.156+0000] {dagbag.py:541} INFO - Filling up the DagBag from /usr/local/python/3.10.13/lib/python3.10/site-packages/airflow/example_dags/example_trigger_controller_dag.py
[2024-04-02T09:03:31.161+0000] {processor.py:836} INFO - DAG(s) dict_keys(['example_trigger_controller_dag']) retrieved from /usr/local/python/3.10.13/lib/python3.10/site-packages/airflow/example_dags/example_trigger_controller_dag.py
[2024-04-02T09:03:31.179+0000] {logging_mixin.py:150} INFO - [2024-04-02T09:03:31.179+0000] {dag.py:2742} INFO - Sync 1 DAGs
[2024-04-02T09:03:31.209+0000] {logging_mixin.py:150} INFO - [2024-04-02T09:03:31.209+0000] {dag.py:3504} INFO - Setting next_dagrun for example_trigger_controller_dag to 2021-01-01T00:00:00+00:00, run_after=2021-01-01T00:00:00+00:00
[2024-04-02T09:03:31.254+0000] {processor.py:179} INFO - Processing /usr/local/python/3.10.13/lib/python3.10/site-packages/airflow/example_dags/example_trigger_controller_dag.py took 0.103 seconds
[2024-04-02T09:04:11.415+0000] {processor.py:157} INFO - Started process (PID=15956) to work on /usr/local/python/3.10.13/lib/python3.10/site-packages/airflow/example_dags/example_trigger_controller_dag.py
[2024-04-02T09:04:11.416+0000] {processor.py:826} INFO - Processing file /usr/local/python/3.10.13/lib/python3.10/site-packages/airflow/example_dags/example_trigger_controller_dag.py for tasks to queue
[2024-04-02T09:04:11.417+0000] {logging_mixin.py:150} INFO - [2024-04-02T09:04:11.416+0000] {dagbag.py:541} INFO - Filling up the DagBag from /usr/local/python/3.10.13/lib/python3.10/site-packages/airflow/example_dags/example_trigger_controller_dag.py
[2024-04-02T09:04:11.420+0000] {processor.py:836} INFO - DAG(s) dict_keys(['example_trigger_controller_dag']) retrieved from /usr/local/python/3.10.13/lib/python3.10/site-packages/airflow/example_dags/example_trigger_controller_dag.py
[2024-04-02T09:04:11.432+0000] {logging_mixin.py:150} INFO - [2024-04-02T09:04:11.432+0000] {dag.py:2742} INFO - Sync 1 DAGs
[2024-04-02T09:04:11.448+0000] {logging_mixin.py:150} INFO - [2024-04-02T09:04:11.447+0000] {dag.py:3504} INFO - Setting next_dagrun for example_trigger_controller_dag to 2021-01-01T00:00:00+00:00, run_after=2021-01-01T00:00:00+00:00
[2024-04-02T09:04:11.488+0000] {processor.py:179} INFO - Processing /usr/local/python/3.10.13/lib/python3.10/site-packages/airflow/example_dags/example_trigger_controller_dag.py took 0.075 seconds
[2024-04-02T09:05:01.024+0000] {processor.py:157} INFO - Started process (PID=16318) to work on /usr/local/python/3.10.13/lib/python3.10/site-packages/airflow/example_dags/example_trigger_controller_dag.py
[2024-04-02T09:05:01.025+0000] {processor.py:826} INFO - Processing file /usr/local/python/3.10.13/lib/python3.10/site-packages/airflow/example_dags/example_trigger_controller_dag.py for tasks to queue
[2024-04-02T09:05:01.026+0000] {logging_mixin.py:150} INFO - [2024-04-02T09:05:01.026+0000] {dagbag.py:541} INFO - Filling up the DagBag from /usr/local/python/3.10.13/lib/python3.10/site-packages/airflow/example_dags/example_trigger_controller_dag.py
[2024-04-02T09:05:01.031+0000] {processor.py:836} INFO - DAG(s) dict_keys(['example_trigger_controller_dag']) retrieved from /usr/local/python/3.10.13/lib/python3.10/site-packages/airflow/example_dags/example_trigger_controller_dag.py
[2024-04-02T09:05:01.059+0000] {logging_mixin.py:150} INFO - [2024-04-02T09:05:01.058+0000] {dag.py:2742} INFO - Sync 1 DAGs
[2024-04-02T09:05:01.096+0000] {logging_mixin.py:150} INFO - [2024-04-02T09:05:01.095+0000] {dag.py:3504} INFO - Setting next_dagrun for example_trigger_controller_dag to 2021-01-01T00:00:00+00:00, run_after=2021-01-01T00:00:00+00:00
[2024-04-02T09:05:01.150+0000] {processor.py:179} INFO - Processing /usr/local/python/3.10.13/lib/python3.10/site-packages/airflow/example_dags/example_trigger_controller_dag.py took 0.130 seconds
[2024-04-02T09:05:40.467+0000] {processor.py:157} INFO - Started process (PID=16588) to work on /usr/local/python/3.10.13/lib/python3.10/site-packages/airflow/example_dags/example_trigger_controller_dag.py
[2024-04-02T09:05:40.468+0000] {processor.py:826} INFO - Processing file /usr/local/python/3.10.13/lib/python3.10/site-packages/airflow/example_dags/example_trigger_controller_dag.py for tasks to queue
[2024-04-02T09:05:40.469+0000] {logging_mixin.py:150} INFO - [2024-04-02T09:05:40.469+0000] {dagbag.py:541} INFO - Filling up the DagBag from /usr/local/python/3.10.13/lib/python3.10/site-packages/airflow/example_dags/example_trigger_controller_dag.py
[2024-04-02T09:05:40.472+0000] {processor.py:836} INFO - DAG(s) dict_keys(['example_trigger_controller_dag']) retrieved from /usr/local/python/3.10.13/lib/python3.10/site-packages/airflow/example_dags/example_trigger_controller_dag.py
[2024-04-02T09:05:40.485+0000] {logging_mixin.py:150} INFO - [2024-04-02T09:05:40.485+0000] {dag.py:2742} INFO - Sync 1 DAGs
[2024-04-02T09:05:40.500+0000] {logging_mixin.py:150} INFO - [2024-04-02T09:05:40.500+0000] {dag.py:3504} INFO - Setting next_dagrun for example_trigger_controller_dag to 2021-01-01T00:00:00+00:00, run_after=2021-01-01T00:00:00+00:00
[2024-04-02T09:05:40.540+0000] {processor.py:179} INFO - Processing /usr/local/python/3.10.13/lib/python3.10/site-packages/airflow/example_dags/example_trigger_controller_dag.py took 0.075 seconds
[2024-04-02T09:06:22.667+0000] {processor.py:157} INFO - Started process (PID=16897) to work on /usr/local/python/3.10.13/lib/python3.10/site-packages/airflow/example_dags/example_trigger_controller_dag.py
[2024-04-02T09:06:22.668+0000] {processor.py:826} INFO - Processing file /usr/local/python/3.10.13/lib/python3.10/site-packages/airflow/example_dags/example_trigger_controller_dag.py for tasks to queue
[2024-04-02T09:06:22.670+0000] {logging_mixin.py:150} INFO - [2024-04-02T09:06:22.669+0000] {dagbag.py:541} INFO - Filling up the DagBag from /usr/local/python/3.10.13/lib/python3.10/site-packages/airflow/example_dags/example_trigger_controller_dag.py
[2024-04-02T09:06:22.675+0000] {processor.py:836} INFO - DAG(s) dict_keys(['example_trigger_controller_dag']) retrieved from /usr/local/python/3.10.13/lib/python3.10/site-packages/airflow/example_dags/example_trigger_controller_dag.py
[2024-04-02T09:06:22.693+0000] {logging_mixin.py:150} INFO - [2024-04-02T09:06:22.693+0000] {dag.py:2742} INFO - Sync 1 DAGs
[2024-04-02T09:06:22.716+0000] {logging_mixin.py:150} INFO - [2024-04-02T09:06:22.716+0000] {dag.py:3504} INFO - Setting next_dagrun for example_trigger_controller_dag to 2021-01-01T00:00:00+00:00, run_after=2021-01-01T00:00:00+00:00
[2024-04-02T09:06:22.764+0000] {processor.py:179} INFO - Processing /usr/local/python/3.10.13/lib/python3.10/site-packages/airflow/example_dags/example_trigger_controller_dag.py took 0.100 seconds
[2024-04-02T09:07:04.339+0000] {processor.py:157} INFO - Started process (PID=17593) to work on /usr/local/python/3.10.13/lib/python3.10/site-packages/airflow/example_dags/example_trigger_controller_dag.py
[2024-04-02T09:07:04.342+0000] {processor.py:826} INFO - Processing file /usr/local/python/3.10.13/lib/python3.10/site-packages/airflow/example_dags/example_trigger_controller_dag.py for tasks to queue
[2024-04-02T09:07:04.343+0000] {logging_mixin.py:150} INFO - [2024-04-02T09:07:04.343+0000] {dagbag.py:541} INFO - Filling up the DagBag from /usr/local/python/3.10.13/lib/python3.10/site-packages/airflow/example_dags/example_trigger_controller_dag.py
[2024-04-02T09:07:04.350+0000] {processor.py:836} INFO - DAG(s) dict_keys(['example_trigger_controller_dag']) retrieved from /usr/local/python/3.10.13/lib/python3.10/site-packages/airflow/example_dags/example_trigger_controller_dag.py
[2024-04-02T09:07:04.368+0000] {logging_mixin.py:150} INFO - [2024-04-02T09:07:04.368+0000] {dag.py:2742} INFO - Sync 1 DAGs
[2024-04-02T09:07:04.392+0000] {logging_mixin.py:150} INFO - [2024-04-02T09:07:04.392+0000] {dag.py:3504} INFO - Setting next_dagrun for example_trigger_controller_dag to 2021-01-01T00:00:00+00:00, run_after=2021-01-01T00:00:00+00:00
[2024-04-02T09:07:04.437+0000] {processor.py:179} INFO - Processing /usr/local/python/3.10.13/lib/python3.10/site-packages/airflow/example_dags/example_trigger_controller_dag.py took 0.102 seconds
[2024-04-02T09:07:45.528+0000] {processor.py:157} INFO - Started process (PID=17875) to work on /usr/local/python/3.10.13/lib/python3.10/site-packages/airflow/example_dags/example_trigger_controller_dag.py
[2024-04-02T09:07:45.529+0000] {processor.py:826} INFO - Processing file /usr/local/python/3.10.13/lib/python3.10/site-packages/airflow/example_dags/example_trigger_controller_dag.py for tasks to queue
[2024-04-02T09:07:45.530+0000] {logging_mixin.py:150} INFO - [2024-04-02T09:07:45.530+0000] {dagbag.py:541} INFO - Filling up the DagBag from /usr/local/python/3.10.13/lib/python3.10/site-packages/airflow/example_dags/example_trigger_controller_dag.py
[2024-04-02T09:07:45.533+0000] {processor.py:836} INFO - DAG(s) dict_keys(['example_trigger_controller_dag']) retrieved from /usr/local/python/3.10.13/lib/python3.10/site-packages/airflow/example_dags/example_trigger_controller_dag.py
[2024-04-02T09:07:45.546+0000] {logging_mixin.py:150} INFO - [2024-04-02T09:07:45.546+0000] {dag.py:2742} INFO - Sync 1 DAGs
[2024-04-02T09:07:45.561+0000] {logging_mixin.py:150} INFO - [2024-04-02T09:07:45.561+0000] {dag.py:3504} INFO - Setting next_dagrun for example_trigger_controller_dag to 2021-01-01T00:00:00+00:00, run_after=2021-01-01T00:00:00+00:00
[2024-04-02T09:07:45.599+0000] {processor.py:179} INFO - Processing /usr/local/python/3.10.13/lib/python3.10/site-packages/airflow/example_dags/example_trigger_controller_dag.py took 0.073 seconds
[2024-04-02T09:08:38.262+0000] {processor.py:157} INFO - Started process (PID=18233) to work on /usr/local/python/3.10.13/lib/python3.10/site-packages/airflow/example_dags/example_trigger_controller_dag.py
[2024-04-02T09:08:38.263+0000] {processor.py:826} INFO - Processing file /usr/local/python/3.10.13/lib/python3.10/site-packages/airflow/example_dags/example_trigger_controller_dag.py for tasks to queue
[2024-04-02T09:08:38.265+0000] {logging_mixin.py:150} INFO - [2024-04-02T09:08:38.264+0000] {dagbag.py:541} INFO - Filling up the DagBag from /usr/local/python/3.10.13/lib/python3.10/site-packages/airflow/example_dags/example_trigger_controller_dag.py
[2024-04-02T09:08:38.270+0000] {processor.py:836} INFO - DAG(s) dict_keys(['example_trigger_controller_dag']) retrieved from /usr/local/python/3.10.13/lib/python3.10/site-packages/airflow/example_dags/example_trigger_controller_dag.py
[2024-04-02T09:08:38.290+0000] {logging_mixin.py:150} INFO - [2024-04-02T09:08:38.290+0000] {dag.py:2742} INFO - Sync 1 DAGs
[2024-04-02T09:08:38.314+0000] {logging_mixin.py:150} INFO - [2024-04-02T09:08:38.314+0000] {dag.py:3504} INFO - Setting next_dagrun for example_trigger_controller_dag to 2021-01-01T00:00:00+00:00, run_after=2021-01-01T00:00:00+00:00
[2024-04-02T09:08:38.378+0000] {processor.py:179} INFO - Processing /usr/local/python/3.10.13/lib/python3.10/site-packages/airflow/example_dags/example_trigger_controller_dag.py took 0.119 seconds
[2024-04-02T09:09:18.477+0000] {processor.py:157} INFO - Started process (PID=18505) to work on /usr/local/python/3.10.13/lib/python3.10/site-packages/airflow/example_dags/example_trigger_controller_dag.py
[2024-04-02T09:09:18.478+0000] {processor.py:826} INFO - Processing file /usr/local/python/3.10.13/lib/python3.10/site-packages/airflow/example_dags/example_trigger_controller_dag.py for tasks to queue
[2024-04-02T09:09:18.479+0000] {logging_mixin.py:150} INFO - [2024-04-02T09:09:18.479+0000] {dagbag.py:541} INFO - Filling up the DagBag from /usr/local/python/3.10.13/lib/python3.10/site-packages/airflow/example_dags/example_trigger_controller_dag.py
[2024-04-02T09:09:18.483+0000] {processor.py:836} INFO - DAG(s) dict_keys(['example_trigger_controller_dag']) retrieved from /usr/local/python/3.10.13/lib/python3.10/site-packages/airflow/example_dags/example_trigger_controller_dag.py
[2024-04-02T09:09:18.502+0000] {logging_mixin.py:150} INFO - [2024-04-02T09:09:18.502+0000] {dag.py:2742} INFO - Sync 1 DAGs
[2024-04-02T09:09:18.523+0000] {logging_mixin.py:150} INFO - [2024-04-02T09:09:18.522+0000] {dag.py:3504} INFO - Setting next_dagrun for example_trigger_controller_dag to 2021-01-01T00:00:00+00:00, run_after=2021-01-01T00:00:00+00:00
[2024-04-02T09:09:18.561+0000] {processor.py:179} INFO - Processing /usr/local/python/3.10.13/lib/python3.10/site-packages/airflow/example_dags/example_trigger_controller_dag.py took 0.087 seconds
[2024-04-02T09:09:56.343+0000] {processor.py:157} INFO - Started process (PID=18797) to work on /usr/local/python/3.10.13/lib/python3.10/site-packages/airflow/example_dags/example_trigger_controller_dag.py
[2024-04-02T09:09:56.344+0000] {processor.py:826} INFO - Processing file /usr/local/python/3.10.13/lib/python3.10/site-packages/airflow/example_dags/example_trigger_controller_dag.py for tasks to queue
[2024-04-02T09:09:56.345+0000] {logging_mixin.py:150} INFO - [2024-04-02T09:09:56.345+0000] {dagbag.py:541} INFO - Filling up the DagBag from /usr/local/python/3.10.13/lib/python3.10/site-packages/airflow/example_dags/example_trigger_controller_dag.py
[2024-04-02T09:09:56.348+0000] {processor.py:836} INFO - DAG(s) dict_keys(['example_trigger_controller_dag']) retrieved from /usr/local/python/3.10.13/lib/python3.10/site-packages/airflow/example_dags/example_trigger_controller_dag.py
[2024-04-02T09:09:56.360+0000] {logging_mixin.py:150} INFO - [2024-04-02T09:09:56.360+0000] {dag.py:2742} INFO - Sync 1 DAGs
[2024-04-02T09:09:56.375+0000] {logging_mixin.py:150} INFO - [2024-04-02T09:09:56.375+0000] {dag.py:3504} INFO - Setting next_dagrun for example_trigger_controller_dag to 2021-01-01T00:00:00+00:00, run_after=2021-01-01T00:00:00+00:00
[2024-04-02T09:09:56.417+0000] {processor.py:179} INFO - Processing /usr/local/python/3.10.13/lib/python3.10/site-packages/airflow/example_dags/example_trigger_controller_dag.py took 0.076 seconds
[2024-04-02T09:10:36.065+0000] {processor.py:157} INFO - Started process (PID=19066) to work on /usr/local/python/3.10.13/lib/python3.10/site-packages/airflow/example_dags/example_trigger_controller_dag.py
[2024-04-02T09:10:36.066+0000] {processor.py:826} INFO - Processing file /usr/local/python/3.10.13/lib/python3.10/site-packages/airflow/example_dags/example_trigger_controller_dag.py for tasks to queue
[2024-04-02T09:10:36.067+0000] {logging_mixin.py:150} INFO - [2024-04-02T09:10:36.067+0000] {dagbag.py:541} INFO - Filling up the DagBag from /usr/local/python/3.10.13/lib/python3.10/site-packages/airflow/example_dags/example_trigger_controller_dag.py
[2024-04-02T09:10:36.072+0000] {processor.py:836} INFO - DAG(s) dict_keys(['example_trigger_controller_dag']) retrieved from /usr/local/python/3.10.13/lib/python3.10/site-packages/airflow/example_dags/example_trigger_controller_dag.py
[2024-04-02T09:10:36.091+0000] {logging_mixin.py:150} INFO - [2024-04-02T09:10:36.091+0000] {dag.py:2742} INFO - Sync 1 DAGs
[2024-04-02T09:10:36.113+0000] {logging_mixin.py:150} INFO - [2024-04-02T09:10:36.112+0000] {dag.py:3504} INFO - Setting next_dagrun for example_trigger_controller_dag to 2021-01-01T00:00:00+00:00, run_after=2021-01-01T00:00:00+00:00
[2024-04-02T09:10:36.158+0000] {processor.py:179} INFO - Processing /usr/local/python/3.10.13/lib/python3.10/site-packages/airflow/example_dags/example_trigger_controller_dag.py took 0.096 seconds
[2024-04-02T09:11:15.387+0000] {processor.py:157} INFO - Started process (PID=19334) to work on /usr/local/python/3.10.13/lib/python3.10/site-packages/airflow/example_dags/example_trigger_controller_dag.py
[2024-04-02T09:11:15.388+0000] {processor.py:826} INFO - Processing file /usr/local/python/3.10.13/lib/python3.10/site-packages/airflow/example_dags/example_trigger_controller_dag.py for tasks to queue
[2024-04-02T09:11:15.389+0000] {logging_mixin.py:150} INFO - [2024-04-02T09:11:15.388+0000] {dagbag.py:541} INFO - Filling up the DagBag from /usr/local/python/3.10.13/lib/python3.10/site-packages/airflow/example_dags/example_trigger_controller_dag.py
[2024-04-02T09:11:15.392+0000] {processor.py:836} INFO - DAG(s) dict_keys(['example_trigger_controller_dag']) retrieved from /usr/local/python/3.10.13/lib/python3.10/site-packages/airflow/example_dags/example_trigger_controller_dag.py
[2024-04-02T09:11:15.404+0000] {logging_mixin.py:150} INFO - [2024-04-02T09:11:15.404+0000] {dag.py:2742} INFO - Sync 1 DAGs
[2024-04-02T09:11:15.419+0000] {logging_mixin.py:150} INFO - [2024-04-02T09:11:15.419+0000] {dag.py:3504} INFO - Setting next_dagrun for example_trigger_controller_dag to 2021-01-01T00:00:00+00:00, run_after=2021-01-01T00:00:00+00:00
[2024-04-02T09:11:15.458+0000] {processor.py:179} INFO - Processing /usr/local/python/3.10.13/lib/python3.10/site-packages/airflow/example_dags/example_trigger_controller_dag.py took 0.073 seconds
[2024-04-02T09:11:55.013+0000] {processor.py:157} INFO - Started process (PID=19601) to work on /usr/local/python/3.10.13/lib/python3.10/site-packages/airflow/example_dags/example_trigger_controller_dag.py
[2024-04-02T09:11:55.014+0000] {processor.py:826} INFO - Processing file /usr/local/python/3.10.13/lib/python3.10/site-packages/airflow/example_dags/example_trigger_controller_dag.py for tasks to queue
[2024-04-02T09:11:55.016+0000] {logging_mixin.py:150} INFO - [2024-04-02T09:11:55.016+0000] {dagbag.py:541} INFO - Filling up the DagBag from /usr/local/python/3.10.13/lib/python3.10/site-packages/airflow/example_dags/example_trigger_controller_dag.py
[2024-04-02T09:11:55.028+0000] {processor.py:836} INFO - DAG(s) dict_keys(['example_trigger_controller_dag']) retrieved from /usr/local/python/3.10.13/lib/python3.10/site-packages/airflow/example_dags/example_trigger_controller_dag.py
[2024-04-02T09:11:55.057+0000] {logging_mixin.py:150} INFO - [2024-04-02T09:11:55.057+0000] {dag.py:2742} INFO - Sync 1 DAGs
[2024-04-02T09:11:55.079+0000] {logging_mixin.py:150} INFO - [2024-04-02T09:11:55.079+0000] {dag.py:3504} INFO - Setting next_dagrun for example_trigger_controller_dag to 2021-01-01T00:00:00+00:00, run_after=2021-01-01T00:00:00+00:00
[2024-04-02T09:11:55.120+0000] {processor.py:179} INFO - Processing /usr/local/python/3.10.13/lib/python3.10/site-packages/airflow/example_dags/example_trigger_controller_dag.py took 0.111 seconds
[2024-04-02T09:12:35.280+0000] {processor.py:157} INFO - Started process (PID=19861) to work on /usr/local/python/3.10.13/lib/python3.10/site-packages/airflow/example_dags/example_trigger_controller_dag.py
[2024-04-02T09:12:35.281+0000] {processor.py:826} INFO - Processing file /usr/local/python/3.10.13/lib/python3.10/site-packages/airflow/example_dags/example_trigger_controller_dag.py for tasks to queue
[2024-04-02T09:12:35.281+0000] {logging_mixin.py:150} INFO - [2024-04-02T09:12:35.281+0000] {dagbag.py:541} INFO - Filling up the DagBag from /usr/local/python/3.10.13/lib/python3.10/site-packages/airflow/example_dags/example_trigger_controller_dag.py
[2024-04-02T09:12:35.285+0000] {processor.py:836} INFO - DAG(s) dict_keys(['example_trigger_controller_dag']) retrieved from /usr/local/python/3.10.13/lib/python3.10/site-packages/airflow/example_dags/example_trigger_controller_dag.py
[2024-04-02T09:12:35.297+0000] {logging_mixin.py:150} INFO - [2024-04-02T09:12:35.297+0000] {dag.py:2742} INFO - Sync 1 DAGs
[2024-04-02T09:12:35.313+0000] {logging_mixin.py:150} INFO - [2024-04-02T09:12:35.312+0000] {dag.py:3504} INFO - Setting next_dagrun for example_trigger_controller_dag to 2021-01-01T00:00:00+00:00, run_after=2021-01-01T00:00:00+00:00
[2024-04-02T09:12:35.352+0000] {processor.py:179} INFO - Processing /usr/local/python/3.10.13/lib/python3.10/site-packages/airflow/example_dags/example_trigger_controller_dag.py took 0.074 seconds
[2024-04-02T09:13:15.925+0000] {processor.py:157} INFO - Started process (PID=20132) to work on /usr/local/python/3.10.13/lib/python3.10/site-packages/airflow/example_dags/example_trigger_controller_dag.py
[2024-04-02T09:13:15.926+0000] {processor.py:826} INFO - Processing file /usr/local/python/3.10.13/lib/python3.10/site-packages/airflow/example_dags/example_trigger_controller_dag.py for tasks to queue
[2024-04-02T09:13:15.927+0000] {logging_mixin.py:150} INFO - [2024-04-02T09:13:15.927+0000] {dagbag.py:541} INFO - Filling up the DagBag from /usr/local/python/3.10.13/lib/python3.10/site-packages/airflow/example_dags/example_trigger_controller_dag.py
[2024-04-02T09:13:15.932+0000] {processor.py:836} INFO - DAG(s) dict_keys(['example_trigger_controller_dag']) retrieved from /usr/local/python/3.10.13/lib/python3.10/site-packages/airflow/example_dags/example_trigger_controller_dag.py
[2024-04-02T09:13:15.959+0000] {logging_mixin.py:150} INFO - [2024-04-02T09:13:15.959+0000] {dag.py:2742} INFO - Sync 1 DAGs
[2024-04-02T09:13:15.983+0000] {logging_mixin.py:150} INFO - [2024-04-02T09:13:15.983+0000] {dag.py:3504} INFO - Setting next_dagrun for example_trigger_controller_dag to 2021-01-01T00:00:00+00:00, run_after=2021-01-01T00:00:00+00:00
[2024-04-02T09:13:16.028+0000] {processor.py:179} INFO - Processing /usr/local/python/3.10.13/lib/python3.10/site-packages/airflow/example_dags/example_trigger_controller_dag.py took 0.106 seconds
[2024-04-02T09:14:09.150+0000] {processor.py:157} INFO - Started process (PID=20518) to work on /usr/local/python/3.10.13/lib/python3.10/site-packages/airflow/example_dags/example_trigger_controller_dag.py
[2024-04-02T09:14:09.151+0000] {processor.py:826} INFO - Processing file /usr/local/python/3.10.13/lib/python3.10/site-packages/airflow/example_dags/example_trigger_controller_dag.py for tasks to queue
[2024-04-02T09:14:09.151+0000] {logging_mixin.py:150} INFO - [2024-04-02T09:14:09.151+0000] {dagbag.py:541} INFO - Filling up the DagBag from /usr/local/python/3.10.13/lib/python3.10/site-packages/airflow/example_dags/example_trigger_controller_dag.py
[2024-04-02T09:14:09.155+0000] {processor.py:836} INFO - DAG(s) dict_keys(['example_trigger_controller_dag']) retrieved from /usr/local/python/3.10.13/lib/python3.10/site-packages/airflow/example_dags/example_trigger_controller_dag.py
[2024-04-02T09:14:09.168+0000] {logging_mixin.py:150} INFO - [2024-04-02T09:14:09.168+0000] {dag.py:2742} INFO - Sync 1 DAGs
[2024-04-02T09:14:09.182+0000] {logging_mixin.py:150} INFO - [2024-04-02T09:14:09.182+0000] {dag.py:3504} INFO - Setting next_dagrun for example_trigger_controller_dag to 2021-01-01T00:00:00+00:00, run_after=2021-01-01T00:00:00+00:00
[2024-04-02T09:14:09.227+0000] {processor.py:179} INFO - Processing /usr/local/python/3.10.13/lib/python3.10/site-packages/airflow/example_dags/example_trigger_controller_dag.py took 0.079 seconds
[2024-04-02T09:14:59.215+0000] {processor.py:157} INFO - Started process (PID=20872) to work on /usr/local/python/3.10.13/lib/python3.10/site-packages/airflow/example_dags/example_trigger_controller_dag.py
[2024-04-02T09:14:59.216+0000] {processor.py:826} INFO - Processing file /usr/local/python/3.10.13/lib/python3.10/site-packages/airflow/example_dags/example_trigger_controller_dag.py for tasks to queue
[2024-04-02T09:14:59.217+0000] {logging_mixin.py:150} INFO - [2024-04-02T09:14:59.216+0000] {dagbag.py:541} INFO - Filling up the DagBag from /usr/local/python/3.10.13/lib/python3.10/site-packages/airflow/example_dags/example_trigger_controller_dag.py
[2024-04-02T09:14:59.221+0000] {processor.py:836} INFO - DAG(s) dict_keys(['example_trigger_controller_dag']) retrieved from /usr/local/python/3.10.13/lib/python3.10/site-packages/airflow/example_dags/example_trigger_controller_dag.py
[2024-04-02T09:14:59.242+0000] {logging_mixin.py:150} INFO - [2024-04-02T09:14:59.242+0000] {dag.py:2742} INFO - Sync 1 DAGs
[2024-04-02T09:14:59.267+0000] {logging_mixin.py:150} INFO - [2024-04-02T09:14:59.266+0000] {dag.py:3504} INFO - Setting next_dagrun for example_trigger_controller_dag to 2021-01-01T00:00:00+00:00, run_after=2021-01-01T00:00:00+00:00
[2024-04-02T09:14:59.314+0000] {processor.py:179} INFO - Processing /usr/local/python/3.10.13/lib/python3.10/site-packages/airflow/example_dags/example_trigger_controller_dag.py took 0.102 seconds
[2024-04-02T09:15:53.579+0000] {processor.py:157} INFO - Started process (PID=21255) to work on /usr/local/python/3.10.13/lib/python3.10/site-packages/airflow/example_dags/example_trigger_controller_dag.py
[2024-04-02T09:15:53.579+0000] {processor.py:826} INFO - Processing file /usr/local/python/3.10.13/lib/python3.10/site-packages/airflow/example_dags/example_trigger_controller_dag.py for tasks to queue
[2024-04-02T09:15:53.580+0000] {logging_mixin.py:150} INFO - [2024-04-02T09:15:53.580+0000] {dagbag.py:541} INFO - Filling up the DagBag from /usr/local/python/3.10.13/lib/python3.10/site-packages/airflow/example_dags/example_trigger_controller_dag.py
[2024-04-02T09:15:53.583+0000] {processor.py:836} INFO - DAG(s) dict_keys(['example_trigger_controller_dag']) retrieved from /usr/local/python/3.10.13/lib/python3.10/site-packages/airflow/example_dags/example_trigger_controller_dag.py
[2024-04-02T09:15:53.595+0000] {logging_mixin.py:150} INFO - [2024-04-02T09:15:53.595+0000] {dag.py:2742} INFO - Sync 1 DAGs
[2024-04-02T09:15:53.611+0000] {logging_mixin.py:150} INFO - [2024-04-02T09:15:53.611+0000] {dag.py:3504} INFO - Setting next_dagrun for example_trigger_controller_dag to 2021-01-01T00:00:00+00:00, run_after=2021-01-01T00:00:00+00:00
[2024-04-02T09:15:53.657+0000] {processor.py:179} INFO - Processing /usr/local/python/3.10.13/lib/python3.10/site-packages/airflow/example_dags/example_trigger_controller_dag.py took 0.080 seconds
[2024-04-02T09:16:32.939+0000] {processor.py:157} INFO - Started process (PID=21528) to work on /usr/local/python/3.10.13/lib/python3.10/site-packages/airflow/example_dags/example_trigger_controller_dag.py
[2024-04-02T09:16:32.940+0000] {processor.py:826} INFO - Processing file /usr/local/python/3.10.13/lib/python3.10/site-packages/airflow/example_dags/example_trigger_controller_dag.py for tasks to queue
[2024-04-02T09:16:32.941+0000] {logging_mixin.py:150} INFO - [2024-04-02T09:16:32.940+0000] {dagbag.py:541} INFO - Filling up the DagBag from /usr/local/python/3.10.13/lib/python3.10/site-packages/airflow/example_dags/example_trigger_controller_dag.py
[2024-04-02T09:16:32.944+0000] {processor.py:836} INFO - DAG(s) dict_keys(['example_trigger_controller_dag']) retrieved from /usr/local/python/3.10.13/lib/python3.10/site-packages/airflow/example_dags/example_trigger_controller_dag.py
[2024-04-02T09:16:32.957+0000] {logging_mixin.py:150} INFO - [2024-04-02T09:16:32.956+0000] {dag.py:2742} INFO - Sync 1 DAGs
[2024-04-02T09:16:32.973+0000] {logging_mixin.py:150} INFO - [2024-04-02T09:16:32.973+0000] {dag.py:3504} INFO - Setting next_dagrun for example_trigger_controller_dag to 2021-01-01T00:00:00+00:00, run_after=2021-01-01T00:00:00+00:00
[2024-04-02T09:16:33.012+0000] {processor.py:179} INFO - Processing /usr/local/python/3.10.13/lib/python3.10/site-packages/airflow/example_dags/example_trigger_controller_dag.py took 0.075 seconds
[2024-04-02T09:17:14.363+0000] {processor.py:157} INFO - Started process (PID=21812) to work on /usr/local/python/3.10.13/lib/python3.10/site-packages/airflow/example_dags/example_trigger_controller_dag.py
[2024-04-02T09:17:14.364+0000] {processor.py:826} INFO - Processing file /usr/local/python/3.10.13/lib/python3.10/site-packages/airflow/example_dags/example_trigger_controller_dag.py for tasks to queue
[2024-04-02T09:17:14.365+0000] {logging_mixin.py:150} INFO - [2024-04-02T09:17:14.365+0000] {dagbag.py:541} INFO - Filling up the DagBag from /usr/local/python/3.10.13/lib/python3.10/site-packages/airflow/example_dags/example_trigger_controller_dag.py
[2024-04-02T09:17:14.370+0000] {processor.py:836} INFO - DAG(s) dict_keys(['example_trigger_controller_dag']) retrieved from /usr/local/python/3.10.13/lib/python3.10/site-packages/airflow/example_dags/example_trigger_controller_dag.py
[2024-04-02T09:17:14.388+0000] {logging_mixin.py:150} INFO - [2024-04-02T09:17:14.388+0000] {dag.py:2742} INFO - Sync 1 DAGs
[2024-04-02T09:17:14.411+0000] {logging_mixin.py:150} INFO - [2024-04-02T09:17:14.411+0000] {dag.py:3504} INFO - Setting next_dagrun for example_trigger_controller_dag to 2021-01-01T00:00:00+00:00, run_after=2021-01-01T00:00:00+00:00
[2024-04-02T09:17:14.456+0000] {processor.py:179} INFO - Processing /usr/local/python/3.10.13/lib/python3.10/site-packages/airflow/example_dags/example_trigger_controller_dag.py took 0.096 seconds
[2024-04-02T09:17:53.100+0000] {processor.py:157} INFO - Started process (PID=22075) to work on /usr/local/python/3.10.13/lib/python3.10/site-packages/airflow/example_dags/example_trigger_controller_dag.py
[2024-04-02T09:17:53.101+0000] {processor.py:826} INFO - Processing file /usr/local/python/3.10.13/lib/python3.10/site-packages/airflow/example_dags/example_trigger_controller_dag.py for tasks to queue
[2024-04-02T09:17:53.102+0000] {logging_mixin.py:150} INFO - [2024-04-02T09:17:53.101+0000] {dagbag.py:541} INFO - Filling up the DagBag from /usr/local/python/3.10.13/lib/python3.10/site-packages/airflow/example_dags/example_trigger_controller_dag.py
[2024-04-02T09:17:53.105+0000] {processor.py:836} INFO - DAG(s) dict_keys(['example_trigger_controller_dag']) retrieved from /usr/local/python/3.10.13/lib/python3.10/site-packages/airflow/example_dags/example_trigger_controller_dag.py
[2024-04-02T09:17:53.117+0000] {logging_mixin.py:150} INFO - [2024-04-02T09:17:53.117+0000] {dag.py:2742} INFO - Sync 1 DAGs
[2024-04-02T09:17:53.132+0000] {logging_mixin.py:150} INFO - [2024-04-02T09:17:53.132+0000] {dag.py:3504} INFO - Setting next_dagrun for example_trigger_controller_dag to 2021-01-01T00:00:00+00:00, run_after=2021-01-01T00:00:00+00:00
[2024-04-02T09:17:53.169+0000] {processor.py:179} INFO - Processing /usr/local/python/3.10.13/lib/python3.10/site-packages/airflow/example_dags/example_trigger_controller_dag.py took 0.071 seconds
[2024-04-02T09:18:31.262+0000] {processor.py:157} INFO - Started process (PID=22320) to work on /usr/local/python/3.10.13/lib/python3.10/site-packages/airflow/example_dags/example_trigger_controller_dag.py
[2024-04-02T09:18:31.263+0000] {processor.py:826} INFO - Processing file /usr/local/python/3.10.13/lib/python3.10/site-packages/airflow/example_dags/example_trigger_controller_dag.py for tasks to queue
[2024-04-02T09:18:31.265+0000] {logging_mixin.py:150} INFO - [2024-04-02T09:18:31.264+0000] {dagbag.py:541} INFO - Filling up the DagBag from /usr/local/python/3.10.13/lib/python3.10/site-packages/airflow/example_dags/example_trigger_controller_dag.py
[2024-04-02T09:18:31.269+0000] {processor.py:836} INFO - DAG(s) dict_keys(['example_trigger_controller_dag']) retrieved from /usr/local/python/3.10.13/lib/python3.10/site-packages/airflow/example_dags/example_trigger_controller_dag.py
[2024-04-02T09:18:31.288+0000] {logging_mixin.py:150} INFO - [2024-04-02T09:18:31.288+0000] {dag.py:2742} INFO - Sync 1 DAGs
[2024-04-02T09:18:31.312+0000] {logging_mixin.py:150} INFO - [2024-04-02T09:18:31.312+0000] {dag.py:3504} INFO - Setting next_dagrun for example_trigger_controller_dag to 2021-01-01T00:00:00+00:00, run_after=2021-01-01T00:00:00+00:00
[2024-04-02T09:18:31.357+0000] {processor.py:179} INFO - Processing /usr/local/python/3.10.13/lib/python3.10/site-packages/airflow/example_dags/example_trigger_controller_dag.py took 0.098 seconds
[2024-04-02T09:19:12.528+0000] {processor.py:157} INFO - Started process (PID=22603) to work on /usr/local/python/3.10.13/lib/python3.10/site-packages/airflow/example_dags/example_trigger_controller_dag.py
[2024-04-02T09:19:12.529+0000] {processor.py:826} INFO - Processing file /usr/local/python/3.10.13/lib/python3.10/site-packages/airflow/example_dags/example_trigger_controller_dag.py for tasks to queue
[2024-04-02T09:19:12.530+0000] {logging_mixin.py:150} INFO - [2024-04-02T09:19:12.530+0000] {dagbag.py:541} INFO - Filling up the DagBag from /usr/local/python/3.10.13/lib/python3.10/site-packages/airflow/example_dags/example_trigger_controller_dag.py
[2024-04-02T09:19:12.535+0000] {processor.py:836} INFO - DAG(s) dict_keys(['example_trigger_controller_dag']) retrieved from /usr/local/python/3.10.13/lib/python3.10/site-packages/airflow/example_dags/example_trigger_controller_dag.py
[2024-04-02T09:19:12.555+0000] {logging_mixin.py:150} INFO - [2024-04-02T09:19:12.554+0000] {dag.py:2742} INFO - Sync 1 DAGs
[2024-04-02T09:19:12.578+0000] {logging_mixin.py:150} INFO - [2024-04-02T09:19:12.578+0000] {dag.py:3504} INFO - Setting next_dagrun for example_trigger_controller_dag to 2021-01-01T00:00:00+00:00, run_after=2021-01-01T00:00:00+00:00
[2024-04-02T09:19:12.649+0000] {processor.py:179} INFO - Processing /usr/local/python/3.10.13/lib/python3.10/site-packages/airflow/example_dags/example_trigger_controller_dag.py took 0.125 seconds
[2024-04-02T09:20:01.618+0000] {processor.py:157} INFO - Started process (PID=22972) to work on /usr/local/python/3.10.13/lib/python3.10/site-packages/airflow/example_dags/example_trigger_controller_dag.py
[2024-04-02T09:20:01.619+0000] {processor.py:826} INFO - Processing file /usr/local/python/3.10.13/lib/python3.10/site-packages/airflow/example_dags/example_trigger_controller_dag.py for tasks to queue
[2024-04-02T09:20:01.620+0000] {logging_mixin.py:150} INFO - [2024-04-02T09:20:01.620+0000] {dagbag.py:541} INFO - Filling up the DagBag from /usr/local/python/3.10.13/lib/python3.10/site-packages/airflow/example_dags/example_trigger_controller_dag.py
[2024-04-02T09:20:01.625+0000] {processor.py:836} INFO - DAG(s) dict_keys(['example_trigger_controller_dag']) retrieved from /usr/local/python/3.10.13/lib/python3.10/site-packages/airflow/example_dags/example_trigger_controller_dag.py
[2024-04-02T09:20:01.643+0000] {logging_mixin.py:150} INFO - [2024-04-02T09:20:01.643+0000] {dag.py:2742} INFO - Sync 1 DAGs
[2024-04-02T09:20:01.667+0000] {logging_mixin.py:150} INFO - [2024-04-02T09:20:01.667+0000] {dag.py:3504} INFO - Setting next_dagrun for example_trigger_controller_dag to 2021-01-01T00:00:00+00:00, run_after=2021-01-01T00:00:00+00:00
[2024-04-02T09:20:01.713+0000] {processor.py:179} INFO - Processing /usr/local/python/3.10.13/lib/python3.10/site-packages/airflow/example_dags/example_trigger_controller_dag.py took 0.099 seconds
[2024-04-02T09:20:42.581+0000] {processor.py:157} INFO - Started process (PID=23245) to work on /usr/local/python/3.10.13/lib/python3.10/site-packages/airflow/example_dags/example_trigger_controller_dag.py
[2024-04-02T09:20:42.581+0000] {processor.py:826} INFO - Processing file /usr/local/python/3.10.13/lib/python3.10/site-packages/airflow/example_dags/example_trigger_controller_dag.py for tasks to queue
[2024-04-02T09:20:42.582+0000] {logging_mixin.py:150} INFO - [2024-04-02T09:20:42.582+0000] {dagbag.py:541} INFO - Filling up the DagBag from /usr/local/python/3.10.13/lib/python3.10/site-packages/airflow/example_dags/example_trigger_controller_dag.py
[2024-04-02T09:20:42.585+0000] {processor.py:836} INFO - DAG(s) dict_keys(['example_trigger_controller_dag']) retrieved from /usr/local/python/3.10.13/lib/python3.10/site-packages/airflow/example_dags/example_trigger_controller_dag.py
[2024-04-02T09:20:42.597+0000] {logging_mixin.py:150} INFO - [2024-04-02T09:20:42.597+0000] {dag.py:2742} INFO - Sync 1 DAGs
[2024-04-02T09:20:42.612+0000] {logging_mixin.py:150} INFO - [2024-04-02T09:20:42.612+0000] {dag.py:3504} INFO - Setting next_dagrun for example_trigger_controller_dag to 2021-01-01T00:00:00+00:00, run_after=2021-01-01T00:00:00+00:00
[2024-04-02T09:20:42.652+0000] {processor.py:179} INFO - Processing /usr/local/python/3.10.13/lib/python3.10/site-packages/airflow/example_dags/example_trigger_controller_dag.py took 0.074 seconds
[2024-04-02T09:21:20.791+0000] {processor.py:157} INFO - Started process (PID=23516) to work on /usr/local/python/3.10.13/lib/python3.10/site-packages/airflow/example_dags/example_trigger_controller_dag.py
[2024-04-02T09:21:20.792+0000] {processor.py:826} INFO - Processing file /usr/local/python/3.10.13/lib/python3.10/site-packages/airflow/example_dags/example_trigger_controller_dag.py for tasks to queue
[2024-04-02T09:21:20.793+0000] {logging_mixin.py:150} INFO - [2024-04-02T09:21:20.793+0000] {dagbag.py:541} INFO - Filling up the DagBag from /usr/local/python/3.10.13/lib/python3.10/site-packages/airflow/example_dags/example_trigger_controller_dag.py
[2024-04-02T09:21:20.796+0000] {processor.py:836} INFO - DAG(s) dict_keys(['example_trigger_controller_dag']) retrieved from /usr/local/python/3.10.13/lib/python3.10/site-packages/airflow/example_dags/example_trigger_controller_dag.py
[2024-04-02T09:21:20.809+0000] {logging_mixin.py:150} INFO - [2024-04-02T09:21:20.808+0000] {dag.py:2742} INFO - Sync 1 DAGs
[2024-04-02T09:21:20.824+0000] {logging_mixin.py:150} INFO - [2024-04-02T09:21:20.823+0000] {dag.py:3504} INFO - Setting next_dagrun for example_trigger_controller_dag to 2021-01-01T00:00:00+00:00, run_after=2021-01-01T00:00:00+00:00
[2024-04-02T09:21:20.879+0000] {processor.py:179} INFO - Processing /usr/local/python/3.10.13/lib/python3.10/site-packages/airflow/example_dags/example_trigger_controller_dag.py took 0.090 seconds
[2024-04-02T09:22:16.443+0000] {processor.py:157} INFO - Started process (PID=23881) to work on /usr/local/python/3.10.13/lib/python3.10/site-packages/airflow/example_dags/example_trigger_controller_dag.py
[2024-04-02T09:22:16.444+0000] {processor.py:826} INFO - Processing file /usr/local/python/3.10.13/lib/python3.10/site-packages/airflow/example_dags/example_trigger_controller_dag.py for tasks to queue
[2024-04-02T09:22:16.445+0000] {logging_mixin.py:150} INFO - [2024-04-02T09:22:16.444+0000] {dagbag.py:541} INFO - Filling up the DagBag from /usr/local/python/3.10.13/lib/python3.10/site-packages/airflow/example_dags/example_trigger_controller_dag.py
[2024-04-02T09:22:16.448+0000] {processor.py:836} INFO - DAG(s) dict_keys(['example_trigger_controller_dag']) retrieved from /usr/local/python/3.10.13/lib/python3.10/site-packages/airflow/example_dags/example_trigger_controller_dag.py
[2024-04-02T09:22:16.460+0000] {logging_mixin.py:150} INFO - [2024-04-02T09:22:16.460+0000] {dag.py:2742} INFO - Sync 1 DAGs
[2024-04-02T09:22:16.475+0000] {logging_mixin.py:150} INFO - [2024-04-02T09:22:16.475+0000] {dag.py:3504} INFO - Setting next_dagrun for example_trigger_controller_dag to 2021-01-01T00:00:00+00:00, run_after=2021-01-01T00:00:00+00:00
[2024-04-02T09:22:16.513+0000] {processor.py:179} INFO - Processing /usr/local/python/3.10.13/lib/python3.10/site-packages/airflow/example_dags/example_trigger_controller_dag.py took 0.073 seconds
[2024-04-02T09:22:56.890+0000] {processor.py:157} INFO - Started process (PID=24167) to work on /usr/local/python/3.10.13/lib/python3.10/site-packages/airflow/example_dags/example_trigger_controller_dag.py
[2024-04-02T09:22:56.891+0000] {processor.py:826} INFO - Processing file /usr/local/python/3.10.13/lib/python3.10/site-packages/airflow/example_dags/example_trigger_controller_dag.py for tasks to queue
[2024-04-02T09:22:56.892+0000] {logging_mixin.py:150} INFO - [2024-04-02T09:22:56.892+0000] {dagbag.py:541} INFO - Filling up the DagBag from /usr/local/python/3.10.13/lib/python3.10/site-packages/airflow/example_dags/example_trigger_controller_dag.py
[2024-04-02T09:22:56.897+0000] {processor.py:836} INFO - DAG(s) dict_keys(['example_trigger_controller_dag']) retrieved from /usr/local/python/3.10.13/lib/python3.10/site-packages/airflow/example_dags/example_trigger_controller_dag.py
[2024-04-02T09:22:56.915+0000] {logging_mixin.py:150} INFO - [2024-04-02T09:22:56.915+0000] {dag.py:2742} INFO - Sync 1 DAGs
[2024-04-02T09:22:56.939+0000] {logging_mixin.py:150} INFO - [2024-04-02T09:22:56.939+0000] {dag.py:3504} INFO - Setting next_dagrun for example_trigger_controller_dag to 2021-01-01T00:00:00+00:00, run_after=2021-01-01T00:00:00+00:00
[2024-04-02T09:22:56.984+0000] {processor.py:179} INFO - Processing /usr/local/python/3.10.13/lib/python3.10/site-packages/airflow/example_dags/example_trigger_controller_dag.py took 0.097 seconds
[2024-04-02T09:23:53.077+0000] {processor.py:157} INFO - Started process (PID=24556) to work on /usr/local/python/3.10.13/lib/python3.10/site-packages/airflow/example_dags/example_trigger_controller_dag.py
[2024-04-02T09:23:53.078+0000] {processor.py:826} INFO - Processing file /usr/local/python/3.10.13/lib/python3.10/site-packages/airflow/example_dags/example_trigger_controller_dag.py for tasks to queue
[2024-04-02T09:23:53.078+0000] {logging_mixin.py:150} INFO - [2024-04-02T09:23:53.078+0000] {dagbag.py:541} INFO - Filling up the DagBag from /usr/local/python/3.10.13/lib/python3.10/site-packages/airflow/example_dags/example_trigger_controller_dag.py
[2024-04-02T09:23:53.082+0000] {processor.py:836} INFO - DAG(s) dict_keys(['example_trigger_controller_dag']) retrieved from /usr/local/python/3.10.13/lib/python3.10/site-packages/airflow/example_dags/example_trigger_controller_dag.py
[2024-04-02T09:23:53.094+0000] {logging_mixin.py:150} INFO - [2024-04-02T09:23:53.094+0000] {dag.py:2742} INFO - Sync 1 DAGs
[2024-04-02T09:23:53.109+0000] {logging_mixin.py:150} INFO - [2024-04-02T09:23:53.109+0000] {dag.py:3504} INFO - Setting next_dagrun for example_trigger_controller_dag to 2021-01-01T00:00:00+00:00, run_after=2021-01-01T00:00:00+00:00
[2024-04-02T09:23:53.147+0000] {processor.py:179} INFO - Processing /usr/local/python/3.10.13/lib/python3.10/site-packages/airflow/example_dags/example_trigger_controller_dag.py took 0.073 seconds
[2024-04-02T09:24:35.581+0000] {processor.py:157} INFO - Started process (PID=24867) to work on /usr/local/python/3.10.13/lib/python3.10/site-packages/airflow/example_dags/example_trigger_controller_dag.py
[2024-04-02T09:24:35.582+0000] {processor.py:826} INFO - Processing file /usr/local/python/3.10.13/lib/python3.10/site-packages/airflow/example_dags/example_trigger_controller_dag.py for tasks to queue
[2024-04-02T09:24:35.584+0000] {logging_mixin.py:150} INFO - [2024-04-02T09:24:35.583+0000] {dagbag.py:541} INFO - Filling up the DagBag from /usr/local/python/3.10.13/lib/python3.10/site-packages/airflow/example_dags/example_trigger_controller_dag.py
[2024-04-02T09:24:35.588+0000] {processor.py:836} INFO - DAG(s) dict_keys(['example_trigger_controller_dag']) retrieved from /usr/local/python/3.10.13/lib/python3.10/site-packages/airflow/example_dags/example_trigger_controller_dag.py
[2024-04-02T09:24:35.607+0000] {logging_mixin.py:150} INFO - [2024-04-02T09:24:35.607+0000] {dag.py:2742} INFO - Sync 1 DAGs
[2024-04-02T09:24:35.631+0000] {logging_mixin.py:150} INFO - [2024-04-02T09:24:35.631+0000] {dag.py:3504} INFO - Setting next_dagrun for example_trigger_controller_dag to 2021-01-01T00:00:00+00:00, run_after=2021-01-01T00:00:00+00:00
[2024-04-02T09:24:35.676+0000] {processor.py:179} INFO - Processing /usr/local/python/3.10.13/lib/python3.10/site-packages/airflow/example_dags/example_trigger_controller_dag.py took 0.098 seconds
[2024-04-02T09:25:16.078+0000] {processor.py:157} INFO - Started process (PID=25137) to work on /usr/local/python/3.10.13/lib/python3.10/site-packages/airflow/example_dags/example_trigger_controller_dag.py
[2024-04-02T09:25:16.079+0000] {processor.py:826} INFO - Processing file /usr/local/python/3.10.13/lib/python3.10/site-packages/airflow/example_dags/example_trigger_controller_dag.py for tasks to queue
[2024-04-02T09:25:16.080+0000] {logging_mixin.py:150} INFO - [2024-04-02T09:25:16.079+0000] {dagbag.py:541} INFO - Filling up the DagBag from /usr/local/python/3.10.13/lib/python3.10/site-packages/airflow/example_dags/example_trigger_controller_dag.py
[2024-04-02T09:25:16.083+0000] {processor.py:836} INFO - DAG(s) dict_keys(['example_trigger_controller_dag']) retrieved from /usr/local/python/3.10.13/lib/python3.10/site-packages/airflow/example_dags/example_trigger_controller_dag.py
[2024-04-02T09:25:16.095+0000] {logging_mixin.py:150} INFO - [2024-04-02T09:25:16.094+0000] {dag.py:2742} INFO - Sync 1 DAGs
[2024-04-02T09:25:16.109+0000] {logging_mixin.py:150} INFO - [2024-04-02T09:25:16.109+0000] {dag.py:3504} INFO - Setting next_dagrun for example_trigger_controller_dag to 2021-01-01T00:00:00+00:00, run_after=2021-01-01T00:00:00+00:00
[2024-04-02T09:25:16.150+0000] {processor.py:179} INFO - Processing /usr/local/python/3.10.13/lib/python3.10/site-packages/airflow/example_dags/example_trigger_controller_dag.py took 0.074 seconds
[2024-04-02T09:25:59.929+0000] {processor.py:157} INFO - Started process (PID=25426) to work on /usr/local/python/3.10.13/lib/python3.10/site-packages/airflow/example_dags/example_trigger_controller_dag.py
[2024-04-02T09:25:59.930+0000] {processor.py:826} INFO - Processing file /usr/local/python/3.10.13/lib/python3.10/site-packages/airflow/example_dags/example_trigger_controller_dag.py for tasks to queue
[2024-04-02T09:25:59.930+0000] {logging_mixin.py:150} INFO - [2024-04-02T09:25:59.930+0000] {dagbag.py:541} INFO - Filling up the DagBag from /usr/local/python/3.10.13/lib/python3.10/site-packages/airflow/example_dags/example_trigger_controller_dag.py
[2024-04-02T09:25:59.934+0000] {processor.py:836} INFO - DAG(s) dict_keys(['example_trigger_controller_dag']) retrieved from /usr/local/python/3.10.13/lib/python3.10/site-packages/airflow/example_dags/example_trigger_controller_dag.py
[2024-04-02T09:25:59.946+0000] {logging_mixin.py:150} INFO - [2024-04-02T09:25:59.946+0000] {dag.py:2742} INFO - Sync 1 DAGs
[2024-04-02T09:25:59.967+0000] {logging_mixin.py:150} INFO - [2024-04-02T09:25:59.966+0000] {dag.py:3504} INFO - Setting next_dagrun for example_trigger_controller_dag to 2021-01-01T00:00:00+00:00, run_after=2021-01-01T00:00:00+00:00
[2024-04-02T09:26:00.012+0000] {processor.py:179} INFO - Processing /usr/local/python/3.10.13/lib/python3.10/site-packages/airflow/example_dags/example_trigger_controller_dag.py took 0.085 seconds
[2024-04-02T09:26:41.809+0000] {processor.py:157} INFO - Started process (PID=25716) to work on /usr/local/python/3.10.13/lib/python3.10/site-packages/airflow/example_dags/example_trigger_controller_dag.py
[2024-04-02T09:26:41.810+0000] {processor.py:826} INFO - Processing file /usr/local/python/3.10.13/lib/python3.10/site-packages/airflow/example_dags/example_trigger_controller_dag.py for tasks to queue
[2024-04-02T09:26:41.811+0000] {logging_mixin.py:150} INFO - [2024-04-02T09:26:41.810+0000] {dagbag.py:541} INFO - Filling up the DagBag from /usr/local/python/3.10.13/lib/python3.10/site-packages/airflow/example_dags/example_trigger_controller_dag.py
[2024-04-02T09:26:41.814+0000] {processor.py:836} INFO - DAG(s) dict_keys(['example_trigger_controller_dag']) retrieved from /usr/local/python/3.10.13/lib/python3.10/site-packages/airflow/example_dags/example_trigger_controller_dag.py
[2024-04-02T09:26:41.826+0000] {logging_mixin.py:150} INFO - [2024-04-02T09:26:41.826+0000] {dag.py:2742} INFO - Sync 1 DAGs
[2024-04-02T09:26:41.941+0000] {logging_mixin.py:150} INFO - [2024-04-02T09:26:41.941+0000] {dag.py:3504} INFO - Setting next_dagrun for example_trigger_controller_dag to 2021-01-01T00:00:00+00:00, run_after=2021-01-01T00:00:00+00:00
[2024-04-02T09:26:41.987+0000] {processor.py:179} INFO - Processing /usr/local/python/3.10.13/lib/python3.10/site-packages/airflow/example_dags/example_trigger_controller_dag.py took 0.181 seconds
[2024-04-02T09:27:21.673+0000] {processor.py:157} INFO - Started process (PID=25987) to work on /usr/local/python/3.10.13/lib/python3.10/site-packages/airflow/example_dags/example_trigger_controller_dag.py
[2024-04-02T09:27:21.674+0000] {processor.py:826} INFO - Processing file /usr/local/python/3.10.13/lib/python3.10/site-packages/airflow/example_dags/example_trigger_controller_dag.py for tasks to queue
[2024-04-02T09:27:21.674+0000] {logging_mixin.py:150} INFO - [2024-04-02T09:27:21.674+0000] {dagbag.py:541} INFO - Filling up the DagBag from /usr/local/python/3.10.13/lib/python3.10/site-packages/airflow/example_dags/example_trigger_controller_dag.py
[2024-04-02T09:27:21.678+0000] {processor.py:836} INFO - DAG(s) dict_keys(['example_trigger_controller_dag']) retrieved from /usr/local/python/3.10.13/lib/python3.10/site-packages/airflow/example_dags/example_trigger_controller_dag.py
[2024-04-02T09:27:21.689+0000] {logging_mixin.py:150} INFO - [2024-04-02T09:27:21.689+0000] {dag.py:2742} INFO - Sync 1 DAGs
[2024-04-02T09:27:21.704+0000] {logging_mixin.py:150} INFO - [2024-04-02T09:27:21.704+0000] {dag.py:3504} INFO - Setting next_dagrun for example_trigger_controller_dag to 2021-01-01T00:00:00+00:00, run_after=2021-01-01T00:00:00+00:00
[2024-04-02T09:27:21.744+0000] {processor.py:179} INFO - Processing /usr/local/python/3.10.13/lib/python3.10/site-packages/airflow/example_dags/example_trigger_controller_dag.py took 0.073 seconds
[2024-04-02T09:28:02.314+0000] {processor.py:157} INFO - Started process (PID=26265) to work on /usr/local/python/3.10.13/lib/python3.10/site-packages/airflow/example_dags/example_trigger_controller_dag.py
[2024-04-02T09:28:02.315+0000] {processor.py:826} INFO - Processing file /usr/local/python/3.10.13/lib/python3.10/site-packages/airflow/example_dags/example_trigger_controller_dag.py for tasks to queue
[2024-04-02T09:28:02.316+0000] {logging_mixin.py:150} INFO - [2024-04-02T09:28:02.315+0000] {dagbag.py:541} INFO - Filling up the DagBag from /usr/local/python/3.10.13/lib/python3.10/site-packages/airflow/example_dags/example_trigger_controller_dag.py
[2024-04-02T09:28:02.321+0000] {processor.py:836} INFO - DAG(s) dict_keys(['example_trigger_controller_dag']) retrieved from /usr/local/python/3.10.13/lib/python3.10/site-packages/airflow/example_dags/example_trigger_controller_dag.py
[2024-04-02T09:28:02.340+0000] {logging_mixin.py:150} INFO - [2024-04-02T09:28:02.340+0000] {dag.py:2742} INFO - Sync 1 DAGs
[2024-04-02T09:28:02.474+0000] {logging_mixin.py:150} INFO - [2024-04-02T09:28:02.474+0000] {dag.py:3504} INFO - Setting next_dagrun for example_trigger_controller_dag to 2021-01-01T00:00:00+00:00, run_after=2021-01-01T00:00:00+00:00
[2024-04-02T09:28:02.518+0000] {processor.py:179} INFO - Processing /usr/local/python/3.10.13/lib/python3.10/site-packages/airflow/example_dags/example_trigger_controller_dag.py took 0.208 seconds
[2024-04-02T09:28:43.785+0000] {processor.py:157} INFO - Started process (PID=26538) to work on /usr/local/python/3.10.13/lib/python3.10/site-packages/airflow/example_dags/example_trigger_controller_dag.py
[2024-04-02T09:28:43.786+0000] {processor.py:826} INFO - Processing file /usr/local/python/3.10.13/lib/python3.10/site-packages/airflow/example_dags/example_trigger_controller_dag.py for tasks to queue
[2024-04-02T09:28:43.786+0000] {logging_mixin.py:150} INFO - [2024-04-02T09:28:43.786+0000] {dagbag.py:541} INFO - Filling up the DagBag from /usr/local/python/3.10.13/lib/python3.10/site-packages/airflow/example_dags/example_trigger_controller_dag.py
[2024-04-02T09:28:43.790+0000] {processor.py:836} INFO - DAG(s) dict_keys(['example_trigger_controller_dag']) retrieved from /usr/local/python/3.10.13/lib/python3.10/site-packages/airflow/example_dags/example_trigger_controller_dag.py
[2024-04-02T09:28:43.802+0000] {logging_mixin.py:150} INFO - [2024-04-02T09:28:43.802+0000] {dag.py:2742} INFO - Sync 1 DAGs
[2024-04-02T09:28:43.819+0000] {logging_mixin.py:150} INFO - [2024-04-02T09:28:43.818+0000] {dag.py:3504} INFO - Setting next_dagrun for example_trigger_controller_dag to 2021-01-01T00:00:00+00:00, run_after=2021-01-01T00:00:00+00:00
[2024-04-02T09:28:43.855+0000] {processor.py:179} INFO - Processing /usr/local/python/3.10.13/lib/python3.10/site-packages/airflow/example_dags/example_trigger_controller_dag.py took 0.073 seconds
[2024-04-02T09:29:25.787+0000] {processor.py:157} INFO - Started process (PID=26822) to work on /usr/local/python/3.10.13/lib/python3.10/site-packages/airflow/example_dags/example_trigger_controller_dag.py
[2024-04-02T09:29:25.788+0000] {processor.py:826} INFO - Processing file /usr/local/python/3.10.13/lib/python3.10/site-packages/airflow/example_dags/example_trigger_controller_dag.py for tasks to queue
[2024-04-02T09:29:25.789+0000] {logging_mixin.py:150} INFO - [2024-04-02T09:29:25.789+0000] {dagbag.py:541} INFO - Filling up the DagBag from /usr/local/python/3.10.13/lib/python3.10/site-packages/airflow/example_dags/example_trigger_controller_dag.py
[2024-04-02T09:29:25.794+0000] {processor.py:836} INFO - DAG(s) dict_keys(['example_trigger_controller_dag']) retrieved from /usr/local/python/3.10.13/lib/python3.10/site-packages/airflow/example_dags/example_trigger_controller_dag.py
[2024-04-02T09:29:25.813+0000] {logging_mixin.py:150} INFO - [2024-04-02T09:29:25.812+0000] {dag.py:2742} INFO - Sync 1 DAGs
[2024-04-02T09:29:25.837+0000] {logging_mixin.py:150} INFO - [2024-04-02T09:29:25.837+0000] {dag.py:3504} INFO - Setting next_dagrun for example_trigger_controller_dag to 2021-01-01T00:00:00+00:00, run_after=2021-01-01T00:00:00+00:00
[2024-04-02T09:29:25.883+0000] {processor.py:179} INFO - Processing /usr/local/python/3.10.13/lib/python3.10/site-packages/airflow/example_dags/example_trigger_controller_dag.py took 0.100 seconds
[2024-04-02T09:30:14.209+0000] {processor.py:157} INFO - Started process (PID=27212) to work on /usr/local/python/3.10.13/lib/python3.10/site-packages/airflow/example_dags/example_trigger_controller_dag.py
[2024-04-02T09:30:14.210+0000] {processor.py:826} INFO - Processing file /usr/local/python/3.10.13/lib/python3.10/site-packages/airflow/example_dags/example_trigger_controller_dag.py for tasks to queue
[2024-04-02T09:30:14.212+0000] {logging_mixin.py:150} INFO - [2024-04-02T09:30:14.211+0000] {dagbag.py:541} INFO - Filling up the DagBag from /usr/local/python/3.10.13/lib/python3.10/site-packages/airflow/example_dags/example_trigger_controller_dag.py
[2024-04-02T09:30:14.216+0000] {processor.py:836} INFO - DAG(s) dict_keys(['example_trigger_controller_dag']) retrieved from /usr/local/python/3.10.13/lib/python3.10/site-packages/airflow/example_dags/example_trigger_controller_dag.py
[2024-04-02T09:30:14.233+0000] {logging_mixin.py:150} INFO - [2024-04-02T09:30:14.233+0000] {dag.py:2742} INFO - Sync 1 DAGs
[2024-04-02T09:30:14.257+0000] {logging_mixin.py:150} INFO - [2024-04-02T09:30:14.256+0000] {dag.py:3504} INFO - Setting next_dagrun for example_trigger_controller_dag to 2021-01-01T00:00:00+00:00, run_after=2021-01-01T00:00:00+00:00
[2024-04-02T09:30:14.311+0000] {processor.py:179} INFO - Processing /usr/local/python/3.10.13/lib/python3.10/site-packages/airflow/example_dags/example_trigger_controller_dag.py took 0.105 seconds
[2024-04-02T09:30:54.822+0000] {processor.py:157} INFO - Started process (PID=27485) to work on /usr/local/python/3.10.13/lib/python3.10/site-packages/airflow/example_dags/example_trigger_controller_dag.py
[2024-04-02T09:30:54.823+0000] {processor.py:826} INFO - Processing file /usr/local/python/3.10.13/lib/python3.10/site-packages/airflow/example_dags/example_trigger_controller_dag.py for tasks to queue
[2024-04-02T09:30:54.824+0000] {logging_mixin.py:150} INFO - [2024-04-02T09:30:54.824+0000] {dagbag.py:541} INFO - Filling up the DagBag from /usr/local/python/3.10.13/lib/python3.10/site-packages/airflow/example_dags/example_trigger_controller_dag.py
[2024-04-02T09:30:54.827+0000] {processor.py:836} INFO - DAG(s) dict_keys(['example_trigger_controller_dag']) retrieved from /usr/local/python/3.10.13/lib/python3.10/site-packages/airflow/example_dags/example_trigger_controller_dag.py
[2024-04-02T09:30:54.839+0000] {logging_mixin.py:150} INFO - [2024-04-02T09:30:54.839+0000] {dag.py:2742} INFO - Sync 1 DAGs
[2024-04-02T09:30:54.854+0000] {logging_mixin.py:150} INFO - [2024-04-02T09:30:54.854+0000] {dag.py:3504} INFO - Setting next_dagrun for example_trigger_controller_dag to 2021-01-01T00:00:00+00:00, run_after=2021-01-01T00:00:00+00:00
[2024-04-02T09:30:54.895+0000] {processor.py:179} INFO - Processing /usr/local/python/3.10.13/lib/python3.10/site-packages/airflow/example_dags/example_trigger_controller_dag.py took 0.075 seconds
[2024-04-02T09:31:35.610+0000] {processor.py:157} INFO - Started process (PID=27765) to work on /usr/local/python/3.10.13/lib/python3.10/site-packages/airflow/example_dags/example_trigger_controller_dag.py
[2024-04-02T09:31:35.610+0000] {processor.py:826} INFO - Processing file /usr/local/python/3.10.13/lib/python3.10/site-packages/airflow/example_dags/example_trigger_controller_dag.py for tasks to queue
[2024-04-02T09:31:35.611+0000] {logging_mixin.py:150} INFO - [2024-04-02T09:31:35.611+0000] {dagbag.py:541} INFO - Filling up the DagBag from /usr/local/python/3.10.13/lib/python3.10/site-packages/airflow/example_dags/example_trigger_controller_dag.py
[2024-04-02T09:31:35.614+0000] {processor.py:836} INFO - DAG(s) dict_keys(['example_trigger_controller_dag']) retrieved from /usr/local/python/3.10.13/lib/python3.10/site-packages/airflow/example_dags/example_trigger_controller_dag.py
[2024-04-02T09:31:35.626+0000] {logging_mixin.py:150} INFO - [2024-04-02T09:31:35.626+0000] {dag.py:2742} INFO - Sync 1 DAGs
[2024-04-02T09:31:35.641+0000] {logging_mixin.py:150} INFO - [2024-04-02T09:31:35.641+0000] {dag.py:3504} INFO - Setting next_dagrun for example_trigger_controller_dag to 2021-01-01T00:00:00+00:00, run_after=2021-01-01T00:00:00+00:00
[2024-04-02T09:31:35.682+0000] {processor.py:179} INFO - Processing /usr/local/python/3.10.13/lib/python3.10/site-packages/airflow/example_dags/example_trigger_controller_dag.py took 0.075 seconds
[2024-04-02T09:32:13.867+0000] {processor.py:157} INFO - Started process (PID=28036) to work on /usr/local/python/3.10.13/lib/python3.10/site-packages/airflow/example_dags/example_trigger_controller_dag.py
[2024-04-02T09:32:13.868+0000] {processor.py:826} INFO - Processing file /usr/local/python/3.10.13/lib/python3.10/site-packages/airflow/example_dags/example_trigger_controller_dag.py for tasks to queue
[2024-04-02T09:32:13.868+0000] {logging_mixin.py:150} INFO - [2024-04-02T09:32:13.868+0000] {dagbag.py:541} INFO - Filling up the DagBag from /usr/local/python/3.10.13/lib/python3.10/site-packages/airflow/example_dags/example_trigger_controller_dag.py
[2024-04-02T09:32:13.872+0000] {processor.py:836} INFO - DAG(s) dict_keys(['example_trigger_controller_dag']) retrieved from /usr/local/python/3.10.13/lib/python3.10/site-packages/airflow/example_dags/example_trigger_controller_dag.py
[2024-04-02T09:32:13.884+0000] {logging_mixin.py:150} INFO - [2024-04-02T09:32:13.884+0000] {dag.py:2742} INFO - Sync 1 DAGs
[2024-04-02T09:32:13.899+0000] {logging_mixin.py:150} INFO - [2024-04-02T09:32:13.898+0000] {dag.py:3504} INFO - Setting next_dagrun for example_trigger_controller_dag to 2021-01-01T00:00:00+00:00, run_after=2021-01-01T00:00:00+00:00
[2024-04-02T09:32:13.939+0000] {processor.py:179} INFO - Processing /usr/local/python/3.10.13/lib/python3.10/site-packages/airflow/example_dags/example_trigger_controller_dag.py took 0.074 seconds
[2024-04-02T09:32:54.499+0000] {processor.py:157} INFO - Started process (PID=28305) to work on /usr/local/python/3.10.13/lib/python3.10/site-packages/airflow/example_dags/example_trigger_controller_dag.py
[2024-04-02T09:32:54.500+0000] {processor.py:826} INFO - Processing file /usr/local/python/3.10.13/lib/python3.10/site-packages/airflow/example_dags/example_trigger_controller_dag.py for tasks to queue
[2024-04-02T09:32:54.500+0000] {logging_mixin.py:150} INFO - [2024-04-02T09:32:54.500+0000] {dagbag.py:541} INFO - Filling up the DagBag from /usr/local/python/3.10.13/lib/python3.10/site-packages/airflow/example_dags/example_trigger_controller_dag.py
[2024-04-02T09:32:54.503+0000] {processor.py:836} INFO - DAG(s) dict_keys(['example_trigger_controller_dag']) retrieved from /usr/local/python/3.10.13/lib/python3.10/site-packages/airflow/example_dags/example_trigger_controller_dag.py
[2024-04-02T09:32:54.515+0000] {logging_mixin.py:150} INFO - [2024-04-02T09:32:54.515+0000] {dag.py:2742} INFO - Sync 1 DAGs
[2024-04-02T09:32:54.530+0000] {logging_mixin.py:150} INFO - [2024-04-02T09:32:54.530+0000] {dag.py:3504} INFO - Setting next_dagrun for example_trigger_controller_dag to 2021-01-01T00:00:00+00:00, run_after=2021-01-01T00:00:00+00:00
[2024-04-02T09:32:54.586+0000] {processor.py:179} INFO - Processing /usr/local/python/3.10.13/lib/python3.10/site-packages/airflow/example_dags/example_trigger_controller_dag.py took 0.089 seconds
[2024-04-02T09:33:32.845+0000] {processor.py:157} INFO - Started process (PID=28558) to work on /usr/local/python/3.10.13/lib/python3.10/site-packages/airflow/example_dags/example_trigger_controller_dag.py
[2024-04-02T09:33:32.846+0000] {processor.py:826} INFO - Processing file /usr/local/python/3.10.13/lib/python3.10/site-packages/airflow/example_dags/example_trigger_controller_dag.py for tasks to queue
[2024-04-02T09:33:32.847+0000] {logging_mixin.py:150} INFO - [2024-04-02T09:33:32.847+0000] {dagbag.py:541} INFO - Filling up the DagBag from /usr/local/python/3.10.13/lib/python3.10/site-packages/airflow/example_dags/example_trigger_controller_dag.py
[2024-04-02T09:33:32.850+0000] {processor.py:836} INFO - DAG(s) dict_keys(['example_trigger_controller_dag']) retrieved from /usr/local/python/3.10.13/lib/python3.10/site-packages/airflow/example_dags/example_trigger_controller_dag.py
[2024-04-02T09:33:32.862+0000] {logging_mixin.py:150} INFO - [2024-04-02T09:33:32.862+0000] {dag.py:2742} INFO - Sync 1 DAGs
[2024-04-02T09:33:32.878+0000] {logging_mixin.py:150} INFO - [2024-04-02T09:33:32.878+0000] {dag.py:3504} INFO - Setting next_dagrun for example_trigger_controller_dag to 2021-01-01T00:00:00+00:00, run_after=2021-01-01T00:00:00+00:00
[2024-04-02T09:33:32.923+0000] {processor.py:179} INFO - Processing /usr/local/python/3.10.13/lib/python3.10/site-packages/airflow/example_dags/example_trigger_controller_dag.py took 0.080 seconds
[2024-04-02T09:34:12.348+0000] {processor.py:157} INFO - Started process (PID=28825) to work on /usr/local/python/3.10.13/lib/python3.10/site-packages/airflow/example_dags/example_trigger_controller_dag.py
[2024-04-02T09:34:12.348+0000] {processor.py:826} INFO - Processing file /usr/local/python/3.10.13/lib/python3.10/site-packages/airflow/example_dags/example_trigger_controller_dag.py for tasks to queue
[2024-04-02T09:34:12.349+0000] {logging_mixin.py:150} INFO - [2024-04-02T09:34:12.349+0000] {dagbag.py:541} INFO - Filling up the DagBag from /usr/local/python/3.10.13/lib/python3.10/site-packages/airflow/example_dags/example_trigger_controller_dag.py
[2024-04-02T09:34:12.353+0000] {processor.py:836} INFO - DAG(s) dict_keys(['example_trigger_controller_dag']) retrieved from /usr/local/python/3.10.13/lib/python3.10/site-packages/airflow/example_dags/example_trigger_controller_dag.py
[2024-04-02T09:34:12.371+0000] {logging_mixin.py:150} INFO - [2024-04-02T09:34:12.371+0000] {dag.py:2742} INFO - Sync 1 DAGs
[2024-04-02T09:34:12.392+0000] {logging_mixin.py:150} INFO - [2024-04-02T09:34:12.392+0000] {dag.py:3504} INFO - Setting next_dagrun for example_trigger_controller_dag to 2021-01-01T00:00:00+00:00, run_after=2021-01-01T00:00:00+00:00
[2024-04-02T09:34:12.436+0000] {processor.py:179} INFO - Processing /usr/local/python/3.10.13/lib/python3.10/site-packages/airflow/example_dags/example_trigger_controller_dag.py took 0.092 seconds
[2024-04-02T09:34:50.805+0000] {processor.py:157} INFO - Started process (PID=29123) to work on /usr/local/python/3.10.13/lib/python3.10/site-packages/airflow/example_dags/example_trigger_controller_dag.py
[2024-04-02T09:34:50.806+0000] {processor.py:826} INFO - Processing file /usr/local/python/3.10.13/lib/python3.10/site-packages/airflow/example_dags/example_trigger_controller_dag.py for tasks to queue
[2024-04-02T09:34:50.807+0000] {logging_mixin.py:150} INFO - [2024-04-02T09:34:50.806+0000] {dagbag.py:541} INFO - Filling up the DagBag from /usr/local/python/3.10.13/lib/python3.10/site-packages/airflow/example_dags/example_trigger_controller_dag.py
[2024-04-02T09:34:50.810+0000] {processor.py:836} INFO - DAG(s) dict_keys(['example_trigger_controller_dag']) retrieved from /usr/local/python/3.10.13/lib/python3.10/site-packages/airflow/example_dags/example_trigger_controller_dag.py
[2024-04-02T09:34:50.828+0000] {logging_mixin.py:150} INFO - [2024-04-02T09:34:50.828+0000] {dag.py:2742} INFO - Sync 1 DAGs
[2024-04-02T09:34:50.850+0000] {logging_mixin.py:150} INFO - [2024-04-02T09:34:50.850+0000] {dag.py:3504} INFO - Setting next_dagrun for example_trigger_controller_dag to 2021-01-01T00:00:00+00:00, run_after=2021-01-01T00:00:00+00:00
[2024-04-02T09:34:50.890+0000] {processor.py:179} INFO - Processing /usr/local/python/3.10.13/lib/python3.10/site-packages/airflow/example_dags/example_trigger_controller_dag.py took 0.087 seconds
[2024-04-02T09:35:30.915+0000] {processor.py:157} INFO - Started process (PID=29397) to work on /usr/local/python/3.10.13/lib/python3.10/site-packages/airflow/example_dags/example_trigger_controller_dag.py
[2024-04-02T09:35:30.916+0000] {processor.py:826} INFO - Processing file /usr/local/python/3.10.13/lib/python3.10/site-packages/airflow/example_dags/example_trigger_controller_dag.py for tasks to queue
[2024-04-02T09:35:30.917+0000] {logging_mixin.py:150} INFO - [2024-04-02T09:35:30.917+0000] {dagbag.py:541} INFO - Filling up the DagBag from /usr/local/python/3.10.13/lib/python3.10/site-packages/airflow/example_dags/example_trigger_controller_dag.py
[2024-04-02T09:35:30.920+0000] {processor.py:836} INFO - DAG(s) dict_keys(['example_trigger_controller_dag']) retrieved from /usr/local/python/3.10.13/lib/python3.10/site-packages/airflow/example_dags/example_trigger_controller_dag.py
[2024-04-02T09:35:30.932+0000] {logging_mixin.py:150} INFO - [2024-04-02T09:35:30.932+0000] {dag.py:2742} INFO - Sync 1 DAGs
[2024-04-02T09:35:30.948+0000] {logging_mixin.py:150} INFO - [2024-04-02T09:35:30.948+0000] {dag.py:3504} INFO - Setting next_dagrun for example_trigger_controller_dag to 2021-01-01T00:00:00+00:00, run_after=2021-01-01T00:00:00+00:00
[2024-04-02T09:35:30.985+0000] {processor.py:179} INFO - Processing /usr/local/python/3.10.13/lib/python3.10/site-packages/airflow/example_dags/example_trigger_controller_dag.py took 0.071 seconds
[2024-04-02T09:36:21.317+0000] {processor.py:157} INFO - Started process (PID=29740) to work on /usr/local/python/3.10.13/lib/python3.10/site-packages/airflow/example_dags/example_trigger_controller_dag.py
[2024-04-02T09:36:21.318+0000] {processor.py:826} INFO - Processing file /usr/local/python/3.10.13/lib/python3.10/site-packages/airflow/example_dags/example_trigger_controller_dag.py for tasks to queue
[2024-04-02T09:36:21.318+0000] {logging_mixin.py:150} INFO - [2024-04-02T09:36:21.318+0000] {dagbag.py:541} INFO - Filling up the DagBag from /usr/local/python/3.10.13/lib/python3.10/site-packages/airflow/example_dags/example_trigger_controller_dag.py
[2024-04-02T09:36:21.322+0000] {processor.py:836} INFO - DAG(s) dict_keys(['example_trigger_controller_dag']) retrieved from /usr/local/python/3.10.13/lib/python3.10/site-packages/airflow/example_dags/example_trigger_controller_dag.py
[2024-04-02T09:36:21.334+0000] {logging_mixin.py:150} INFO - [2024-04-02T09:36:21.334+0000] {dag.py:2742} INFO - Sync 1 DAGs
[2024-04-02T09:36:21.350+0000] {logging_mixin.py:150} INFO - [2024-04-02T09:36:21.349+0000] {dag.py:3504} INFO - Setting next_dagrun for example_trigger_controller_dag to 2021-01-01T00:00:00+00:00, run_after=2021-01-01T00:00:00+00:00
[2024-04-02T09:36:21.392+0000] {processor.py:179} INFO - Processing /usr/local/python/3.10.13/lib/python3.10/site-packages/airflow/example_dags/example_trigger_controller_dag.py took 0.077 seconds
[2024-04-02T09:36:59.436+0000] {processor.py:157} INFO - Started process (PID=30010) to work on /usr/local/python/3.10.13/lib/python3.10/site-packages/airflow/example_dags/example_trigger_controller_dag.py
[2024-04-02T09:36:59.437+0000] {processor.py:826} INFO - Processing file /usr/local/python/3.10.13/lib/python3.10/site-packages/airflow/example_dags/example_trigger_controller_dag.py for tasks to queue
[2024-04-02T09:36:59.438+0000] {logging_mixin.py:150} INFO - [2024-04-02T09:36:59.438+0000] {dagbag.py:541} INFO - Filling up the DagBag from /usr/local/python/3.10.13/lib/python3.10/site-packages/airflow/example_dags/example_trigger_controller_dag.py
[2024-04-02T09:36:59.443+0000] {processor.py:836} INFO - DAG(s) dict_keys(['example_trigger_controller_dag']) retrieved from /usr/local/python/3.10.13/lib/python3.10/site-packages/airflow/example_dags/example_trigger_controller_dag.py
[2024-04-02T09:36:59.456+0000] {logging_mixin.py:150} INFO - [2024-04-02T09:36:59.456+0000] {dag.py:2742} INFO - Sync 1 DAGs
[2024-04-02T09:36:59.472+0000] {logging_mixin.py:150} INFO - [2024-04-02T09:36:59.472+0000] {dag.py:3504} INFO - Setting next_dagrun for example_trigger_controller_dag to 2021-01-01T00:00:00+00:00, run_after=2021-01-01T00:00:00+00:00
[2024-04-02T09:36:59.515+0000] {processor.py:179} INFO - Processing /usr/local/python/3.10.13/lib/python3.10/site-packages/airflow/example_dags/example_trigger_controller_dag.py took 0.082 seconds
[2024-04-02T09:37:36.017+0000] {processor.py:157} INFO - Started process (PID=30251) to work on /usr/local/python/3.10.13/lib/python3.10/site-packages/airflow/example_dags/example_trigger_controller_dag.py
[2024-04-02T09:37:36.019+0000] {processor.py:826} INFO - Processing file /usr/local/python/3.10.13/lib/python3.10/site-packages/airflow/example_dags/example_trigger_controller_dag.py for tasks to queue
[2024-04-02T09:37:36.020+0000] {logging_mixin.py:150} INFO - [2024-04-02T09:37:36.019+0000] {dagbag.py:541} INFO - Filling up the DagBag from /usr/local/python/3.10.13/lib/python3.10/site-packages/airflow/example_dags/example_trigger_controller_dag.py
[2024-04-02T09:37:36.026+0000] {processor.py:836} INFO - DAG(s) dict_keys(['example_trigger_controller_dag']) retrieved from /usr/local/python/3.10.13/lib/python3.10/site-packages/airflow/example_dags/example_trigger_controller_dag.py
[2024-04-02T09:37:36.047+0000] {logging_mixin.py:150} INFO - [2024-04-02T09:37:36.047+0000] {dag.py:2742} INFO - Sync 1 DAGs
[2024-04-02T09:37:36.073+0000] {logging_mixin.py:150} INFO - [2024-04-02T09:37:36.072+0000] {dag.py:3504} INFO - Setting next_dagrun for example_trigger_controller_dag to 2021-01-01T00:00:00+00:00, run_after=2021-01-01T00:00:00+00:00
[2024-04-02T09:37:36.118+0000] {processor.py:179} INFO - Processing /usr/local/python/3.10.13/lib/python3.10/site-packages/airflow/example_dags/example_trigger_controller_dag.py took 0.103 seconds
[2024-04-02T09:38:14.281+0000] {processor.py:157} INFO - Started process (PID=30518) to work on /usr/local/python/3.10.13/lib/python3.10/site-packages/airflow/example_dags/example_trigger_controller_dag.py
[2024-04-02T09:38:14.282+0000] {processor.py:826} INFO - Processing file /usr/local/python/3.10.13/lib/python3.10/site-packages/airflow/example_dags/example_trigger_controller_dag.py for tasks to queue
[2024-04-02T09:38:14.284+0000] {logging_mixin.py:150} INFO - [2024-04-02T09:38:14.283+0000] {dagbag.py:541} INFO - Filling up the DagBag from /usr/local/python/3.10.13/lib/python3.10/site-packages/airflow/example_dags/example_trigger_controller_dag.py
[2024-04-02T09:38:14.289+0000] {processor.py:836} INFO - DAG(s) dict_keys(['example_trigger_controller_dag']) retrieved from /usr/local/python/3.10.13/lib/python3.10/site-packages/airflow/example_dags/example_trigger_controller_dag.py
[2024-04-02T09:38:14.307+0000] {logging_mixin.py:150} INFO - [2024-04-02T09:38:14.307+0000] {dag.py:2742} INFO - Sync 1 DAGs
[2024-04-02T09:38:14.331+0000] {logging_mixin.py:150} INFO - [2024-04-02T09:38:14.331+0000] {dag.py:3504} INFO - Setting next_dagrun for example_trigger_controller_dag to 2021-01-01T00:00:00+00:00, run_after=2021-01-01T00:00:00+00:00
[2024-04-02T09:38:14.376+0000] {processor.py:179} INFO - Processing /usr/local/python/3.10.13/lib/python3.10/site-packages/airflow/example_dags/example_trigger_controller_dag.py took 0.098 seconds
[2024-04-02T09:38:53.607+0000] {processor.py:157} INFO - Started process (PID=30779) to work on /usr/local/python/3.10.13/lib/python3.10/site-packages/airflow/example_dags/example_trigger_controller_dag.py
[2024-04-02T09:38:53.608+0000] {processor.py:826} INFO - Processing file /usr/local/python/3.10.13/lib/python3.10/site-packages/airflow/example_dags/example_trigger_controller_dag.py for tasks to queue
[2024-04-02T09:38:53.608+0000] {logging_mixin.py:150} INFO - [2024-04-02T09:38:53.608+0000] {dagbag.py:541} INFO - Filling up the DagBag from /usr/local/python/3.10.13/lib/python3.10/site-packages/airflow/example_dags/example_trigger_controller_dag.py
[2024-04-02T09:38:53.612+0000] {processor.py:836} INFO - DAG(s) dict_keys(['example_trigger_controller_dag']) retrieved from /usr/local/python/3.10.13/lib/python3.10/site-packages/airflow/example_dags/example_trigger_controller_dag.py
[2024-04-02T09:38:53.624+0000] {logging_mixin.py:150} INFO - [2024-04-02T09:38:53.624+0000] {dag.py:2742} INFO - Sync 1 DAGs
[2024-04-02T09:38:53.639+0000] {logging_mixin.py:150} INFO - [2024-04-02T09:38:53.639+0000] {dag.py:3504} INFO - Setting next_dagrun for example_trigger_controller_dag to 2021-01-01T00:00:00+00:00, run_after=2021-01-01T00:00:00+00:00
[2024-04-02T09:38:53.680+0000] {processor.py:179} INFO - Processing /usr/local/python/3.10.13/lib/python3.10/site-packages/airflow/example_dags/example_trigger_controller_dag.py took 0.075 seconds
[2024-04-02T09:39:48.879+0000] {processor.py:157} INFO - Started process (PID=31204) to work on /usr/local/python/3.10.13/lib/python3.10/site-packages/airflow/example_dags/example_trigger_controller_dag.py
[2024-04-02T09:39:48.879+0000] {processor.py:826} INFO - Processing file /usr/local/python/3.10.13/lib/python3.10/site-packages/airflow/example_dags/example_trigger_controller_dag.py for tasks to queue
[2024-04-02T09:39:48.880+0000] {logging_mixin.py:150} INFO - [2024-04-02T09:39:48.880+0000] {dagbag.py:541} INFO - Filling up the DagBag from /usr/local/python/3.10.13/lib/python3.10/site-packages/airflow/example_dags/example_trigger_controller_dag.py
[2024-04-02T09:39:48.883+0000] {processor.py:836} INFO - DAG(s) dict_keys(['example_trigger_controller_dag']) retrieved from /usr/local/python/3.10.13/lib/python3.10/site-packages/airflow/example_dags/example_trigger_controller_dag.py
[2024-04-02T09:39:48.895+0000] {logging_mixin.py:150} INFO - [2024-04-02T09:39:48.895+0000] {dag.py:2742} INFO - Sync 1 DAGs
[2024-04-02T09:39:48.910+0000] {logging_mixin.py:150} INFO - [2024-04-02T09:39:48.910+0000] {dag.py:3504} INFO - Setting next_dagrun for example_trigger_controller_dag to 2021-01-01T00:00:00+00:00, run_after=2021-01-01T00:00:00+00:00
[2024-04-02T09:39:48.950+0000] {processor.py:179} INFO - Processing /usr/local/python/3.10.13/lib/python3.10/site-packages/airflow/example_dags/example_trigger_controller_dag.py took 0.073 seconds
[2024-04-02T09:40:27.203+0000] {processor.py:157} INFO - Started process (PID=31467) to work on /usr/local/python/3.10.13/lib/python3.10/site-packages/airflow/example_dags/example_trigger_controller_dag.py
[2024-04-02T09:40:27.204+0000] {processor.py:826} INFO - Processing file /usr/local/python/3.10.13/lib/python3.10/site-packages/airflow/example_dags/example_trigger_controller_dag.py for tasks to queue
[2024-04-02T09:40:27.205+0000] {logging_mixin.py:150} INFO - [2024-04-02T09:40:27.205+0000] {dagbag.py:541} INFO - Filling up the DagBag from /usr/local/python/3.10.13/lib/python3.10/site-packages/airflow/example_dags/example_trigger_controller_dag.py
[2024-04-02T09:40:27.208+0000] {processor.py:836} INFO - DAG(s) dict_keys(['example_trigger_controller_dag']) retrieved from /usr/local/python/3.10.13/lib/python3.10/site-packages/airflow/example_dags/example_trigger_controller_dag.py
[2024-04-02T09:40:27.220+0000] {logging_mixin.py:150} INFO - [2024-04-02T09:40:27.220+0000] {dag.py:2742} INFO - Sync 1 DAGs
[2024-04-02T09:40:27.235+0000] {logging_mixin.py:150} INFO - [2024-04-02T09:40:27.234+0000] {dag.py:3504} INFO - Setting next_dagrun for example_trigger_controller_dag to 2021-01-01T00:00:00+00:00, run_after=2021-01-01T00:00:00+00:00
[2024-04-02T09:40:27.275+0000] {processor.py:179} INFO - Processing /usr/local/python/3.10.13/lib/python3.10/site-packages/airflow/example_dags/example_trigger_controller_dag.py took 0.073 seconds
[2024-04-02T09:41:05.238+0000] {processor.py:157} INFO - Started process (PID=31733) to work on /usr/local/python/3.10.13/lib/python3.10/site-packages/airflow/example_dags/example_trigger_controller_dag.py
[2024-04-02T09:41:05.239+0000] {processor.py:826} INFO - Processing file /usr/local/python/3.10.13/lib/python3.10/site-packages/airflow/example_dags/example_trigger_controller_dag.py for tasks to queue
[2024-04-02T09:41:05.240+0000] {logging_mixin.py:150} INFO - [2024-04-02T09:41:05.240+0000] {dagbag.py:541} INFO - Filling up the DagBag from /usr/local/python/3.10.13/lib/python3.10/site-packages/airflow/example_dags/example_trigger_controller_dag.py
[2024-04-02T09:41:05.244+0000] {processor.py:836} INFO - DAG(s) dict_keys(['example_trigger_controller_dag']) retrieved from /usr/local/python/3.10.13/lib/python3.10/site-packages/airflow/example_dags/example_trigger_controller_dag.py
[2024-04-02T09:41:05.263+0000] {logging_mixin.py:150} INFO - [2024-04-02T09:41:05.263+0000] {dag.py:2742} INFO - Sync 1 DAGs
[2024-04-02T09:41:05.285+0000] {logging_mixin.py:150} INFO - [2024-04-02T09:41:05.285+0000] {dag.py:3504} INFO - Setting next_dagrun for example_trigger_controller_dag to 2021-01-01T00:00:00+00:00, run_after=2021-01-01T00:00:00+00:00
[2024-04-02T09:41:05.329+0000] {processor.py:179} INFO - Processing /usr/local/python/3.10.13/lib/python3.10/site-packages/airflow/example_dags/example_trigger_controller_dag.py took 0.094 seconds
[2024-04-02T09:41:43.336+0000] {processor.py:157} INFO - Started process (PID=32001) to work on /usr/local/python/3.10.13/lib/python3.10/site-packages/airflow/example_dags/example_trigger_controller_dag.py
[2024-04-02T09:41:43.337+0000] {processor.py:826} INFO - Processing file /usr/local/python/3.10.13/lib/python3.10/site-packages/airflow/example_dags/example_trigger_controller_dag.py for tasks to queue
[2024-04-02T09:41:43.338+0000] {logging_mixin.py:150} INFO - [2024-04-02T09:41:43.338+0000] {dagbag.py:541} INFO - Filling up the DagBag from /usr/local/python/3.10.13/lib/python3.10/site-packages/airflow/example_dags/example_trigger_controller_dag.py
[2024-04-02T09:41:43.341+0000] {processor.py:836} INFO - DAG(s) dict_keys(['example_trigger_controller_dag']) retrieved from /usr/local/python/3.10.13/lib/python3.10/site-packages/airflow/example_dags/example_trigger_controller_dag.py
[2024-04-02T09:41:43.354+0000] {logging_mixin.py:150} INFO - [2024-04-02T09:41:43.354+0000] {dag.py:2742} INFO - Sync 1 DAGs
[2024-04-02T09:41:43.371+0000] {logging_mixin.py:150} INFO - [2024-04-02T09:41:43.371+0000] {dag.py:3504} INFO - Setting next_dagrun for example_trigger_controller_dag to 2021-01-01T00:00:00+00:00, run_after=2021-01-01T00:00:00+00:00
[2024-04-02T09:41:43.410+0000] {processor.py:179} INFO - Processing /usr/local/python/3.10.13/lib/python3.10/site-packages/airflow/example_dags/example_trigger_controller_dag.py took 0.075 seconds
[2024-04-02T09:42:39.301+0000] {processor.py:157} INFO - Started process (PID=32375) to work on /usr/local/python/3.10.13/lib/python3.10/site-packages/airflow/example_dags/example_trigger_controller_dag.py
[2024-04-02T09:42:39.301+0000] {processor.py:826} INFO - Processing file /usr/local/python/3.10.13/lib/python3.10/site-packages/airflow/example_dags/example_trigger_controller_dag.py for tasks to queue
[2024-04-02T09:42:39.302+0000] {logging_mixin.py:150} INFO - [2024-04-02T09:42:39.302+0000] {dagbag.py:541} INFO - Filling up the DagBag from /usr/local/python/3.10.13/lib/python3.10/site-packages/airflow/example_dags/example_trigger_controller_dag.py
[2024-04-02T09:42:39.305+0000] {processor.py:836} INFO - DAG(s) dict_keys(['example_trigger_controller_dag']) retrieved from /usr/local/python/3.10.13/lib/python3.10/site-packages/airflow/example_dags/example_trigger_controller_dag.py
[2024-04-02T09:42:39.318+0000] {logging_mixin.py:150} INFO - [2024-04-02T09:42:39.317+0000] {dag.py:2742} INFO - Sync 1 DAGs
[2024-04-02T09:42:39.332+0000] {logging_mixin.py:150} INFO - [2024-04-02T09:42:39.332+0000] {dag.py:3504} INFO - Setting next_dagrun for example_trigger_controller_dag to 2021-01-01T00:00:00+00:00, run_after=2021-01-01T00:00:00+00:00
[2024-04-02T09:42:39.372+0000] {processor.py:179} INFO - Processing /usr/local/python/3.10.13/lib/python3.10/site-packages/airflow/example_dags/example_trigger_controller_dag.py took 0.073 seconds
[2024-04-02T09:43:19.956+0000] {processor.py:157} INFO - Started process (PID=32651) to work on /usr/local/python/3.10.13/lib/python3.10/site-packages/airflow/example_dags/example_trigger_controller_dag.py
[2024-04-02T09:43:19.958+0000] {processor.py:826} INFO - Processing file /usr/local/python/3.10.13/lib/python3.10/site-packages/airflow/example_dags/example_trigger_controller_dag.py for tasks to queue
[2024-04-02T09:43:19.959+0000] {logging_mixin.py:150} INFO - [2024-04-02T09:43:19.958+0000] {dagbag.py:541} INFO - Filling up the DagBag from /usr/local/python/3.10.13/lib/python3.10/site-packages/airflow/example_dags/example_trigger_controller_dag.py
[2024-04-02T09:43:19.963+0000] {processor.py:836} INFO - DAG(s) dict_keys(['example_trigger_controller_dag']) retrieved from /usr/local/python/3.10.13/lib/python3.10/site-packages/airflow/example_dags/example_trigger_controller_dag.py
[2024-04-02T09:43:19.981+0000] {logging_mixin.py:150} INFO - [2024-04-02T09:43:19.981+0000] {dag.py:2742} INFO - Sync 1 DAGs
[2024-04-02T09:43:20.004+0000] {logging_mixin.py:150} INFO - [2024-04-02T09:43:20.004+0000] {dag.py:3504} INFO - Setting next_dagrun for example_trigger_controller_dag to 2021-01-01T00:00:00+00:00, run_after=2021-01-01T00:00:00+00:00
[2024-04-02T09:43:20.045+0000] {processor.py:179} INFO - Processing /usr/local/python/3.10.13/lib/python3.10/site-packages/airflow/example_dags/example_trigger_controller_dag.py took 0.091 seconds
