[2024-04-02T08:56:52.910+0000] {processor.py:157} INFO - Started process (PID=11412) to work on /usr/local/python/3.10.13/lib/python3.10/site-packages/airflow/example_dags/example_latest_only_with_trigger.py
[2024-04-02T08:56:52.910+0000] {processor.py:826} INFO - Processing file /usr/local/python/3.10.13/lib/python3.10/site-packages/airflow/example_dags/example_latest_only_with_trigger.py for tasks to queue
[2024-04-02T08:56:52.911+0000] {logging_mixin.py:150} INFO - [2024-04-02T08:56:52.911+0000] {dagbag.py:541} INFO - Filling up the DagBag from /usr/local/python/3.10.13/lib/python3.10/site-packages/airflow/example_dags/example_latest_only_with_trigger.py
[2024-04-02T08:56:52.918+0000] {processor.py:836} INFO - DAG(s) dict_keys(['latest_only_with_trigger']) retrieved from /usr/local/python/3.10.13/lib/python3.10/site-packages/airflow/example_dags/example_latest_only_with_trigger.py
[2024-04-02T08:56:53.001+0000] {logging_mixin.py:150} INFO - [2024-04-02T08:56:53.001+0000] {dag.py:2742} INFO - Sync 1 DAGs
[2024-04-02T08:56:53.015+0000] {logging_mixin.py:150} INFO - [2024-04-02T08:56:53.015+0000] {dag.py:3504} INFO - Setting next_dagrun for latest_only_with_trigger to 2024-04-02T04:56:53.015079+00:00, run_after=2024-04-02T08:56:53.015079+00:00
[2024-04-02T08:56:53.059+0000] {processor.py:179} INFO - Processing /usr/local/python/3.10.13/lib/python3.10/site-packages/airflow/example_dags/example_latest_only_with_trigger.py took 0.152 seconds
[2024-04-02T08:57:54.488+0000] {processor.py:157} INFO - Started process (PID=12183) to work on /usr/local/python/3.10.13/lib/python3.10/site-packages/airflow/example_dags/example_latest_only_with_trigger.py
[2024-04-02T08:57:54.489+0000] {processor.py:826} INFO - Processing file /usr/local/python/3.10.13/lib/python3.10/site-packages/airflow/example_dags/example_latest_only_with_trigger.py for tasks to queue
[2024-04-02T08:57:54.489+0000] {logging_mixin.py:150} INFO - [2024-04-02T08:57:54.489+0000] {dagbag.py:541} INFO - Filling up the DagBag from /usr/local/python/3.10.13/lib/python3.10/site-packages/airflow/example_dags/example_latest_only_with_trigger.py
[2024-04-02T08:57:54.494+0000] {processor.py:836} INFO - DAG(s) dict_keys(['latest_only_with_trigger']) retrieved from /usr/local/python/3.10.13/lib/python3.10/site-packages/airflow/example_dags/example_latest_only_with_trigger.py
[2024-04-02T08:57:54.506+0000] {logging_mixin.py:150} INFO - [2024-04-02T08:57:54.506+0000] {dag.py:2742} INFO - Sync 1 DAGs
[2024-04-02T08:57:54.522+0000] {logging_mixin.py:150} INFO - [2024-04-02T08:57:54.521+0000] {dag.py:3504} INFO - Setting next_dagrun for latest_only_with_trigger to 2024-04-02T04:57:54.521748+00:00, run_after=2024-04-02T08:57:54.521748+00:00
[2024-04-02T08:57:54.564+0000] {processor.py:179} INFO - Processing /usr/local/python/3.10.13/lib/python3.10/site-packages/airflow/example_dags/example_latest_only_with_trigger.py took 0.078 seconds
[2024-04-02T08:59:45.858+0000] {processor.py:157} INFO - Started process (PID=13719) to work on /usr/local/python/3.10.13/lib/python3.10/site-packages/airflow/example_dags/example_latest_only_with_trigger.py
[2024-04-02T08:59:45.859+0000] {processor.py:826} INFO - Processing file /usr/local/python/3.10.13/lib/python3.10/site-packages/airflow/example_dags/example_latest_only_with_trigger.py for tasks to queue
[2024-04-02T08:59:45.859+0000] {logging_mixin.py:150} INFO - [2024-04-02T08:59:45.859+0000] {dagbag.py:541} INFO - Filling up the DagBag from /usr/local/python/3.10.13/lib/python3.10/site-packages/airflow/example_dags/example_latest_only_with_trigger.py
[2024-04-02T08:59:45.868+0000] {processor.py:836} INFO - DAG(s) dict_keys(['latest_only_with_trigger']) retrieved from /usr/local/python/3.10.13/lib/python3.10/site-packages/airflow/example_dags/example_latest_only_with_trigger.py
[2024-04-02T08:59:45.886+0000] {logging_mixin.py:150} INFO - [2024-04-02T08:59:45.886+0000] {dag.py:2742} INFO - Sync 1 DAGs
[2024-04-02T08:59:45.907+0000] {logging_mixin.py:150} INFO - [2024-04-02T08:59:45.907+0000] {dag.py:3504} INFO - Setting next_dagrun for latest_only_with_trigger to 2024-04-02T04:59:45.906860+00:00, run_after=2024-04-02T08:59:45.906860+00:00
[2024-04-02T08:59:45.948+0000] {processor.py:179} INFO - Processing /usr/local/python/3.10.13/lib/python3.10/site-packages/airflow/example_dags/example_latest_only_with_trigger.py took 0.093 seconds
[2024-04-02T09:00:45.774+0000] {processor.py:157} INFO - Started process (PID=14476) to work on /usr/local/python/3.10.13/lib/python3.10/site-packages/airflow/example_dags/example_latest_only_with_trigger.py
[2024-04-02T09:00:45.774+0000] {processor.py:826} INFO - Processing file /usr/local/python/3.10.13/lib/python3.10/site-packages/airflow/example_dags/example_latest_only_with_trigger.py for tasks to queue
[2024-04-02T09:00:45.775+0000] {logging_mixin.py:150} INFO - [2024-04-02T09:00:45.775+0000] {dagbag.py:541} INFO - Filling up the DagBag from /usr/local/python/3.10.13/lib/python3.10/site-packages/airflow/example_dags/example_latest_only_with_trigger.py
[2024-04-02T09:00:45.784+0000] {processor.py:836} INFO - DAG(s) dict_keys(['latest_only_with_trigger']) retrieved from /usr/local/python/3.10.13/lib/python3.10/site-packages/airflow/example_dags/example_latest_only_with_trigger.py
[2024-04-02T09:00:45.802+0000] {logging_mixin.py:150} INFO - [2024-04-02T09:00:45.802+0000] {dag.py:2742} INFO - Sync 1 DAGs
[2024-04-02T09:00:45.825+0000] {logging_mixin.py:150} INFO - [2024-04-02T09:00:45.825+0000] {dag.py:3504} INFO - Setting next_dagrun for latest_only_with_trigger to 2024-04-02T05:00:45.825192+00:00, run_after=2024-04-02T09:00:45.825192+00:00
[2024-04-02T09:00:45.873+0000] {processor.py:179} INFO - Processing /usr/local/python/3.10.13/lib/python3.10/site-packages/airflow/example_dags/example_latest_only_with_trigger.py took 0.103 seconds
[2024-04-02T09:01:36.023+0000] {processor.py:157} INFO - Started process (PID=14887) to work on /usr/local/python/3.10.13/lib/python3.10/site-packages/airflow/example_dags/example_latest_only_with_trigger.py
[2024-04-02T09:01:36.023+0000] {processor.py:826} INFO - Processing file /usr/local/python/3.10.13/lib/python3.10/site-packages/airflow/example_dags/example_latest_only_with_trigger.py for tasks to queue
[2024-04-02T09:01:36.024+0000] {logging_mixin.py:150} INFO - [2024-04-02T09:01:36.024+0000] {dagbag.py:541} INFO - Filling up the DagBag from /usr/local/python/3.10.13/lib/python3.10/site-packages/airflow/example_dags/example_latest_only_with_trigger.py
[2024-04-02T09:01:36.029+0000] {processor.py:836} INFO - DAG(s) dict_keys(['latest_only_with_trigger']) retrieved from /usr/local/python/3.10.13/lib/python3.10/site-packages/airflow/example_dags/example_latest_only_with_trigger.py
[2024-04-02T09:01:36.040+0000] {logging_mixin.py:150} INFO - [2024-04-02T09:01:36.040+0000] {dag.py:2742} INFO - Sync 1 DAGs
[2024-04-02T09:01:36.055+0000] {logging_mixin.py:150} INFO - [2024-04-02T09:01:36.055+0000] {dag.py:3504} INFO - Setting next_dagrun for latest_only_with_trigger to 2024-04-02T05:01:36.055378+00:00, run_after=2024-04-02T09:01:36.055378+00:00
[2024-04-02T09:01:36.094+0000] {processor.py:179} INFO - Processing /usr/local/python/3.10.13/lib/python3.10/site-packages/airflow/example_dags/example_latest_only_with_trigger.py took 0.074 seconds
[2024-04-02T09:02:32.286+0000] {processor.py:157} INFO - Started process (PID=15271) to work on /usr/local/python/3.10.13/lib/python3.10/site-packages/airflow/example_dags/example_latest_only_with_trigger.py
[2024-04-02T09:02:32.287+0000] {processor.py:826} INFO - Processing file /usr/local/python/3.10.13/lib/python3.10/site-packages/airflow/example_dags/example_latest_only_with_trigger.py for tasks to queue
[2024-04-02T09:02:32.288+0000] {logging_mixin.py:150} INFO - [2024-04-02T09:02:32.287+0000] {dagbag.py:541} INFO - Filling up the DagBag from /usr/local/python/3.10.13/lib/python3.10/site-packages/airflow/example_dags/example_latest_only_with_trigger.py
[2024-04-02T09:02:32.293+0000] {processor.py:836} INFO - DAG(s) dict_keys(['latest_only_with_trigger']) retrieved from /usr/local/python/3.10.13/lib/python3.10/site-packages/airflow/example_dags/example_latest_only_with_trigger.py
[2024-04-02T09:02:32.308+0000] {logging_mixin.py:150} INFO - [2024-04-02T09:02:32.308+0000] {dag.py:2742} INFO - Sync 1 DAGs
[2024-04-02T09:02:32.338+0000] {logging_mixin.py:150} INFO - [2024-04-02T09:02:32.337+0000] {dag.py:3504} INFO - Setting next_dagrun for latest_only_with_trigger to 2024-04-02T05:02:32.337607+00:00, run_after=2024-04-02T09:02:32.337607+00:00
[2024-04-02T09:02:32.387+0000] {processor.py:179} INFO - Processing /usr/local/python/3.10.13/lib/python3.10/site-packages/airflow/example_dags/example_latest_only_with_trigger.py took 0.104 seconds
[2024-04-02T09:03:12.383+0000] {processor.py:157} INFO - Started process (PID=15547) to work on /usr/local/python/3.10.13/lib/python3.10/site-packages/airflow/example_dags/example_latest_only_with_trigger.py
[2024-04-02T09:03:12.384+0000] {processor.py:826} INFO - Processing file /usr/local/python/3.10.13/lib/python3.10/site-packages/airflow/example_dags/example_latest_only_with_trigger.py for tasks to queue
[2024-04-02T09:03:12.385+0000] {logging_mixin.py:150} INFO - [2024-04-02T09:03:12.385+0000] {dagbag.py:541} INFO - Filling up the DagBag from /usr/local/python/3.10.13/lib/python3.10/site-packages/airflow/example_dags/example_latest_only_with_trigger.py
[2024-04-02T09:03:12.393+0000] {processor.py:836} INFO - DAG(s) dict_keys(['latest_only_with_trigger']) retrieved from /usr/local/python/3.10.13/lib/python3.10/site-packages/airflow/example_dags/example_latest_only_with_trigger.py
[2024-04-02T09:03:12.411+0000] {logging_mixin.py:150} INFO - [2024-04-02T09:03:12.411+0000] {dag.py:2742} INFO - Sync 1 DAGs
[2024-04-02T09:03:12.435+0000] {logging_mixin.py:150} INFO - [2024-04-02T09:03:12.435+0000] {dag.py:3504} INFO - Setting next_dagrun for latest_only_with_trigger to 2024-04-02T05:03:12.435319+00:00, run_after=2024-04-02T09:03:12.435319+00:00
[2024-04-02T09:03:12.487+0000] {processor.py:179} INFO - Processing /usr/local/python/3.10.13/lib/python3.10/site-packages/airflow/example_dags/example_latest_only_with_trigger.py took 0.108 seconds
[2024-04-02T09:03:50.543+0000] {processor.py:157} INFO - Started process (PID=15814) to work on /usr/local/python/3.10.13/lib/python3.10/site-packages/airflow/example_dags/example_latest_only_with_trigger.py
[2024-04-02T09:03:50.544+0000] {processor.py:826} INFO - Processing file /usr/local/python/3.10.13/lib/python3.10/site-packages/airflow/example_dags/example_latest_only_with_trigger.py for tasks to queue
[2024-04-02T09:03:50.545+0000] {logging_mixin.py:150} INFO - [2024-04-02T09:03:50.544+0000] {dagbag.py:541} INFO - Filling up the DagBag from /usr/local/python/3.10.13/lib/python3.10/site-packages/airflow/example_dags/example_latest_only_with_trigger.py
[2024-04-02T09:03:50.550+0000] {processor.py:836} INFO - DAG(s) dict_keys(['latest_only_with_trigger']) retrieved from /usr/local/python/3.10.13/lib/python3.10/site-packages/airflow/example_dags/example_latest_only_with_trigger.py
[2024-04-02T09:03:50.563+0000] {logging_mixin.py:150} INFO - [2024-04-02T09:03:50.563+0000] {dag.py:2742} INFO - Sync 1 DAGs
[2024-04-02T09:03:50.578+0000] {logging_mixin.py:150} INFO - [2024-04-02T09:03:50.578+0000] {dag.py:3504} INFO - Setting next_dagrun for latest_only_with_trigger to 2024-04-02T05:03:50.578686+00:00, run_after=2024-04-02T09:03:50.578686+00:00
[2024-04-02T09:03:50.618+0000] {processor.py:179} INFO - Processing /usr/local/python/3.10.13/lib/python3.10/site-packages/airflow/example_dags/example_latest_only_with_trigger.py took 0.078 seconds
[2024-04-02T09:04:28.457+0000] {processor.py:157} INFO - Started process (PID=16077) to work on /usr/local/python/3.10.13/lib/python3.10/site-packages/airflow/example_dags/example_latest_only_with_trigger.py
[2024-04-02T09:04:28.457+0000] {processor.py:826} INFO - Processing file /usr/local/python/3.10.13/lib/python3.10/site-packages/airflow/example_dags/example_latest_only_with_trigger.py for tasks to queue
[2024-04-02T09:04:28.458+0000] {logging_mixin.py:150} INFO - [2024-04-02T09:04:28.458+0000] {dagbag.py:541} INFO - Filling up the DagBag from /usr/local/python/3.10.13/lib/python3.10/site-packages/airflow/example_dags/example_latest_only_with_trigger.py
[2024-04-02T09:04:28.468+0000] {processor.py:836} INFO - DAG(s) dict_keys(['latest_only_with_trigger']) retrieved from /usr/local/python/3.10.13/lib/python3.10/site-packages/airflow/example_dags/example_latest_only_with_trigger.py
[2024-04-02T09:04:28.488+0000] {logging_mixin.py:150} INFO - [2024-04-02T09:04:28.487+0000] {dag.py:2742} INFO - Sync 1 DAGs
[2024-04-02T09:04:28.512+0000] {logging_mixin.py:150} INFO - [2024-04-02T09:04:28.512+0000] {dag.py:3504} INFO - Setting next_dagrun for latest_only_with_trigger to 2024-04-02T05:04:28.511976+00:00, run_after=2024-04-02T09:04:28.511976+00:00
[2024-04-02T09:04:28.557+0000] {processor.py:179} INFO - Processing /usr/local/python/3.10.13/lib/python3.10/site-packages/airflow/example_dags/example_latest_only_with_trigger.py took 0.104 seconds
[2024-04-02T09:05:22.412+0000] {processor.py:157} INFO - Started process (PID=16466) to work on /usr/local/python/3.10.13/lib/python3.10/site-packages/airflow/example_dags/example_latest_only_with_trigger.py
[2024-04-02T09:05:22.413+0000] {processor.py:826} INFO - Processing file /usr/local/python/3.10.13/lib/python3.10/site-packages/airflow/example_dags/example_latest_only_with_trigger.py for tasks to queue
[2024-04-02T09:05:22.414+0000] {logging_mixin.py:150} INFO - [2024-04-02T09:05:22.414+0000] {dagbag.py:541} INFO - Filling up the DagBag from /usr/local/python/3.10.13/lib/python3.10/site-packages/airflow/example_dags/example_latest_only_with_trigger.py
[2024-04-02T09:05:22.421+0000] {processor.py:836} INFO - DAG(s) dict_keys(['latest_only_with_trigger']) retrieved from /usr/local/python/3.10.13/lib/python3.10/site-packages/airflow/example_dags/example_latest_only_with_trigger.py
[2024-04-02T09:05:22.440+0000] {logging_mixin.py:150} INFO - [2024-04-02T09:05:22.440+0000] {dag.py:2742} INFO - Sync 1 DAGs
[2024-04-02T09:05:22.465+0000] {logging_mixin.py:150} INFO - [2024-04-02T09:05:22.464+0000] {dag.py:3504} INFO - Setting next_dagrun for latest_only_with_trigger to 2024-04-02T05:05:22.464664+00:00, run_after=2024-04-02T09:05:22.464664+00:00
[2024-04-02T09:05:22.512+0000] {processor.py:179} INFO - Processing /usr/local/python/3.10.13/lib/python3.10/site-packages/airflow/example_dags/example_latest_only_with_trigger.py took 0.103 seconds
[2024-04-02T09:06:05.333+0000] {processor.py:157} INFO - Started process (PID=16761) to work on /usr/local/python/3.10.13/lib/python3.10/site-packages/airflow/example_dags/example_latest_only_with_trigger.py
[2024-04-02T09:06:05.335+0000] {processor.py:826} INFO - Processing file /usr/local/python/3.10.13/lib/python3.10/site-packages/airflow/example_dags/example_latest_only_with_trigger.py for tasks to queue
[2024-04-02T09:06:05.336+0000] {logging_mixin.py:150} INFO - [2024-04-02T09:06:05.336+0000] {dagbag.py:541} INFO - Filling up the DagBag from /usr/local/python/3.10.13/lib/python3.10/site-packages/airflow/example_dags/example_latest_only_with_trigger.py
[2024-04-02T09:06:05.344+0000] {processor.py:836} INFO - DAG(s) dict_keys(['latest_only_with_trigger']) retrieved from /usr/local/python/3.10.13/lib/python3.10/site-packages/airflow/example_dags/example_latest_only_with_trigger.py
[2024-04-02T09:06:05.364+0000] {logging_mixin.py:150} INFO - [2024-04-02T09:06:05.363+0000] {dag.py:2742} INFO - Sync 1 DAGs
[2024-04-02T09:06:05.399+0000] {logging_mixin.py:150} INFO - [2024-04-02T09:06:05.399+0000] {dag.py:3504} INFO - Setting next_dagrun for latest_only_with_trigger to 2024-04-02T05:06:05.398875+00:00, run_after=2024-04-02T09:06:05.398875+00:00
[2024-04-02T09:06:05.447+0000] {processor.py:179} INFO - Processing /usr/local/python/3.10.13/lib/python3.10/site-packages/airflow/example_dags/example_latest_only_with_trigger.py took 0.117 seconds
[2024-04-02T09:06:45.911+0000] {processor.py:157} INFO - Started process (PID=17457) to work on /usr/local/python/3.10.13/lib/python3.10/site-packages/airflow/example_dags/example_latest_only_with_trigger.py
[2024-04-02T09:06:45.911+0000] {processor.py:826} INFO - Processing file /usr/local/python/3.10.13/lib/python3.10/site-packages/airflow/example_dags/example_latest_only_with_trigger.py for tasks to queue
[2024-04-02T09:06:45.912+0000] {logging_mixin.py:150} INFO - [2024-04-02T09:06:45.912+0000] {dagbag.py:541} INFO - Filling up the DagBag from /usr/local/python/3.10.13/lib/python3.10/site-packages/airflow/example_dags/example_latest_only_with_trigger.py
[2024-04-02T09:06:45.920+0000] {processor.py:836} INFO - DAG(s) dict_keys(['latest_only_with_trigger']) retrieved from /usr/local/python/3.10.13/lib/python3.10/site-packages/airflow/example_dags/example_latest_only_with_trigger.py
[2024-04-02T09:06:45.951+0000] {logging_mixin.py:150} INFO - [2024-04-02T09:06:45.951+0000] {dag.py:2742} INFO - Sync 1 DAGs
[2024-04-02T09:06:46.018+0000] {logging_mixin.py:150} INFO - [2024-04-02T09:06:46.018+0000] {dag.py:3504} INFO - Setting next_dagrun for latest_only_with_trigger to 2024-04-02T05:06:46.017425+00:00, run_after=2024-04-02T09:06:46.017425+00:00
[2024-04-02T09:06:46.079+0000] {processor.py:179} INFO - Processing /usr/local/python/3.10.13/lib/python3.10/site-packages/airflow/example_dags/example_latest_only_with_trigger.py took 0.172 seconds
[2024-04-02T09:07:26.340+0000] {processor.py:157} INFO - Started process (PID=17741) to work on /usr/local/python/3.10.13/lib/python3.10/site-packages/airflow/example_dags/example_latest_only_with_trigger.py
[2024-04-02T09:07:26.341+0000] {processor.py:826} INFO - Processing file /usr/local/python/3.10.13/lib/python3.10/site-packages/airflow/example_dags/example_latest_only_with_trigger.py for tasks to queue
[2024-04-02T09:07:26.342+0000] {logging_mixin.py:150} INFO - [2024-04-02T09:07:26.341+0000] {dagbag.py:541} INFO - Filling up the DagBag from /usr/local/python/3.10.13/lib/python3.10/site-packages/airflow/example_dags/example_latest_only_with_trigger.py
[2024-04-02T09:07:26.347+0000] {processor.py:836} INFO - DAG(s) dict_keys(['latest_only_with_trigger']) retrieved from /usr/local/python/3.10.13/lib/python3.10/site-packages/airflow/example_dags/example_latest_only_with_trigger.py
[2024-04-02T09:07:26.361+0000] {logging_mixin.py:150} INFO - [2024-04-02T09:07:26.361+0000] {dag.py:2742} INFO - Sync 1 DAGs
[2024-04-02T09:07:26.379+0000] {logging_mixin.py:150} INFO - [2024-04-02T09:07:26.379+0000] {dag.py:3504} INFO - Setting next_dagrun for latest_only_with_trigger to 2024-04-02T05:07:26.379417+00:00, run_after=2024-04-02T09:07:26.379417+00:00
[2024-04-02T09:07:26.420+0000] {processor.py:179} INFO - Processing /usr/local/python/3.10.13/lib/python3.10/site-packages/airflow/example_dags/example_latest_only_with_trigger.py took 0.082 seconds
[2024-04-02T09:08:06.218+0000] {processor.py:157} INFO - Started process (PID=18019) to work on /usr/local/python/3.10.13/lib/python3.10/site-packages/airflow/example_dags/example_latest_only_with_trigger.py
[2024-04-02T09:08:06.218+0000] {processor.py:826} INFO - Processing file /usr/local/python/3.10.13/lib/python3.10/site-packages/airflow/example_dags/example_latest_only_with_trigger.py for tasks to queue
[2024-04-02T09:08:06.219+0000] {logging_mixin.py:150} INFO - [2024-04-02T09:08:06.219+0000] {dagbag.py:541} INFO - Filling up the DagBag from /usr/local/python/3.10.13/lib/python3.10/site-packages/airflow/example_dags/example_latest_only_with_trigger.py
[2024-04-02T09:08:06.224+0000] {processor.py:836} INFO - DAG(s) dict_keys(['latest_only_with_trigger']) retrieved from /usr/local/python/3.10.13/lib/python3.10/site-packages/airflow/example_dags/example_latest_only_with_trigger.py
[2024-04-02T09:08:06.236+0000] {logging_mixin.py:150} INFO - [2024-04-02T09:08:06.236+0000] {dag.py:2742} INFO - Sync 1 DAGs
[2024-04-02T09:08:06.251+0000] {logging_mixin.py:150} INFO - [2024-04-02T09:08:06.251+0000] {dag.py:3504} INFO - Setting next_dagrun for latest_only_with_trigger to 2024-04-02T05:08:06.251460+00:00, run_after=2024-04-02T09:08:06.251460+00:00
[2024-04-02T09:08:06.289+0000] {processor.py:179} INFO - Processing /usr/local/python/3.10.13/lib/python3.10/site-packages/airflow/example_dags/example_latest_only_with_trigger.py took 0.074 seconds
[2024-04-02T09:09:01.703+0000] {processor.py:157} INFO - Started process (PID=18407) to work on /usr/local/python/3.10.13/lib/python3.10/site-packages/airflow/example_dags/example_latest_only_with_trigger.py
[2024-04-02T09:09:01.704+0000] {processor.py:826} INFO - Processing file /usr/local/python/3.10.13/lib/python3.10/site-packages/airflow/example_dags/example_latest_only_with_trigger.py for tasks to queue
[2024-04-02T09:09:01.705+0000] {logging_mixin.py:150} INFO - [2024-04-02T09:09:01.705+0000] {dagbag.py:541} INFO - Filling up the DagBag from /usr/local/python/3.10.13/lib/python3.10/site-packages/airflow/example_dags/example_latest_only_with_trigger.py
[2024-04-02T09:09:01.710+0000] {processor.py:836} INFO - DAG(s) dict_keys(['latest_only_with_trigger']) retrieved from /usr/local/python/3.10.13/lib/python3.10/site-packages/airflow/example_dags/example_latest_only_with_trigger.py
[2024-04-02T09:09:01.722+0000] {logging_mixin.py:150} INFO - [2024-04-02T09:09:01.722+0000] {dag.py:2742} INFO - Sync 1 DAGs
[2024-04-02T09:09:01.737+0000] {logging_mixin.py:150} INFO - [2024-04-02T09:09:01.736+0000] {dag.py:3504} INFO - Setting next_dagrun for latest_only_with_trigger to 2024-04-02T05:09:01.736742+00:00, run_after=2024-04-02T09:09:01.736742+00:00
[2024-04-02T09:09:01.776+0000] {processor.py:179} INFO - Processing /usr/local/python/3.10.13/lib/python3.10/site-packages/airflow/example_dags/example_latest_only_with_trigger.py took 0.075 seconds
[2024-04-02T09:09:57.528+0000] {processor.py:157} INFO - Started process (PID=18798) to work on /usr/local/python/3.10.13/lib/python3.10/site-packages/airflow/example_dags/example_latest_only_with_trigger.py
[2024-04-02T09:09:57.529+0000] {processor.py:826} INFO - Processing file /usr/local/python/3.10.13/lib/python3.10/site-packages/airflow/example_dags/example_latest_only_with_trigger.py for tasks to queue
[2024-04-02T09:09:57.530+0000] {logging_mixin.py:150} INFO - [2024-04-02T09:09:57.530+0000] {dagbag.py:541} INFO - Filling up the DagBag from /usr/local/python/3.10.13/lib/python3.10/site-packages/airflow/example_dags/example_latest_only_with_trigger.py
[2024-04-02T09:09:57.535+0000] {processor.py:836} INFO - DAG(s) dict_keys(['latest_only_with_trigger']) retrieved from /usr/local/python/3.10.13/lib/python3.10/site-packages/airflow/example_dags/example_latest_only_with_trigger.py
[2024-04-02T09:09:57.547+0000] {logging_mixin.py:150} INFO - [2024-04-02T09:09:57.547+0000] {dag.py:2742} INFO - Sync 1 DAGs
[2024-04-02T09:09:57.564+0000] {logging_mixin.py:150} INFO - [2024-04-02T09:09:57.564+0000] {dag.py:3504} INFO - Setting next_dagrun for latest_only_with_trigger to 2024-04-02T05:09:57.564458+00:00, run_after=2024-04-02T09:09:57.564458+00:00
[2024-04-02T09:09:57.603+0000] {processor.py:179} INFO - Processing /usr/local/python/3.10.13/lib/python3.10/site-packages/airflow/example_dags/example_latest_only_with_trigger.py took 0.077 seconds
[2024-04-02T09:10:37.214+0000] {processor.py:157} INFO - Started process (PID=19067) to work on /usr/local/python/3.10.13/lib/python3.10/site-packages/airflow/example_dags/example_latest_only_with_trigger.py
[2024-04-02T09:10:37.215+0000] {processor.py:826} INFO - Processing file /usr/local/python/3.10.13/lib/python3.10/site-packages/airflow/example_dags/example_latest_only_with_trigger.py for tasks to queue
[2024-04-02T09:10:37.216+0000] {logging_mixin.py:150} INFO - [2024-04-02T09:10:37.216+0000] {dagbag.py:541} INFO - Filling up the DagBag from /usr/local/python/3.10.13/lib/python3.10/site-packages/airflow/example_dags/example_latest_only_with_trigger.py
[2024-04-02T09:10:37.224+0000] {processor.py:836} INFO - DAG(s) dict_keys(['latest_only_with_trigger']) retrieved from /usr/local/python/3.10.13/lib/python3.10/site-packages/airflow/example_dags/example_latest_only_with_trigger.py
[2024-04-02T09:10:37.241+0000] {logging_mixin.py:150} INFO - [2024-04-02T09:10:37.241+0000] {dag.py:2742} INFO - Sync 1 DAGs
[2024-04-02T09:10:37.265+0000] {logging_mixin.py:150} INFO - [2024-04-02T09:10:37.264+0000] {dag.py:3504} INFO - Setting next_dagrun for latest_only_with_trigger to 2024-04-02T05:10:37.264596+00:00, run_after=2024-04-02T09:10:37.264596+00:00
[2024-04-02T09:10:37.312+0000] {processor.py:179} INFO - Processing /usr/local/python/3.10.13/lib/python3.10/site-packages/airflow/example_dags/example_latest_only_with_trigger.py took 0.101 seconds
[2024-04-02T09:11:16.545+0000] {processor.py:157} INFO - Started process (PID=19341) to work on /usr/local/python/3.10.13/lib/python3.10/site-packages/airflow/example_dags/example_latest_only_with_trigger.py
[2024-04-02T09:11:16.545+0000] {processor.py:826} INFO - Processing file /usr/local/python/3.10.13/lib/python3.10/site-packages/airflow/example_dags/example_latest_only_with_trigger.py for tasks to queue
[2024-04-02T09:11:16.546+0000] {logging_mixin.py:150} INFO - [2024-04-02T09:11:16.546+0000] {dagbag.py:541} INFO - Filling up the DagBag from /usr/local/python/3.10.13/lib/python3.10/site-packages/airflow/example_dags/example_latest_only_with_trigger.py
[2024-04-02T09:11:16.551+0000] {processor.py:836} INFO - DAG(s) dict_keys(['latest_only_with_trigger']) retrieved from /usr/local/python/3.10.13/lib/python3.10/site-packages/airflow/example_dags/example_latest_only_with_trigger.py
[2024-04-02T09:11:16.564+0000] {logging_mixin.py:150} INFO - [2024-04-02T09:11:16.564+0000] {dag.py:2742} INFO - Sync 1 DAGs
[2024-04-02T09:11:16.580+0000] {logging_mixin.py:150} INFO - [2024-04-02T09:11:16.580+0000] {dag.py:3504} INFO - Setting next_dagrun for latest_only_with_trigger to 2024-04-02T05:11:16.580087+00:00, run_after=2024-04-02T09:11:16.580087+00:00
[2024-04-02T09:11:16.630+0000] {processor.py:179} INFO - Processing /usr/local/python/3.10.13/lib/python3.10/site-packages/airflow/example_dags/example_latest_only_with_trigger.py took 0.088 seconds
[2024-04-02T09:11:56.025+0000] {processor.py:157} INFO - Started process (PID=19611) to work on /usr/local/python/3.10.13/lib/python3.10/site-packages/airflow/example_dags/example_latest_only_with_trigger.py
[2024-04-02T09:11:56.026+0000] {processor.py:826} INFO - Processing file /usr/local/python/3.10.13/lib/python3.10/site-packages/airflow/example_dags/example_latest_only_with_trigger.py for tasks to queue
[2024-04-02T09:11:56.027+0000] {logging_mixin.py:150} INFO - [2024-04-02T09:11:56.027+0000] {dagbag.py:541} INFO - Filling up the DagBag from /usr/local/python/3.10.13/lib/python3.10/site-packages/airflow/example_dags/example_latest_only_with_trigger.py
[2024-04-02T09:11:56.034+0000] {processor.py:836} INFO - DAG(s) dict_keys(['latest_only_with_trigger']) retrieved from /usr/local/python/3.10.13/lib/python3.10/site-packages/airflow/example_dags/example_latest_only_with_trigger.py
[2024-04-02T09:11:56.053+0000] {logging_mixin.py:150} INFO - [2024-04-02T09:11:56.053+0000] {dag.py:2742} INFO - Sync 1 DAGs
[2024-04-02T09:11:56.078+0000] {logging_mixin.py:150} INFO - [2024-04-02T09:11:56.077+0000] {dag.py:3504} INFO - Setting next_dagrun for latest_only_with_trigger to 2024-04-02T05:11:56.077562+00:00, run_after=2024-04-02T09:11:56.077562+00:00
[2024-04-02T09:11:56.125+0000] {processor.py:179} INFO - Processing /usr/local/python/3.10.13/lib/python3.10/site-packages/airflow/example_dags/example_latest_only_with_trigger.py took 0.103 seconds
[2024-04-02T09:12:35.812+0000] {processor.py:157} INFO - Started process (PID=19869) to work on /usr/local/python/3.10.13/lib/python3.10/site-packages/airflow/example_dags/example_latest_only_with_trigger.py
[2024-04-02T09:12:35.814+0000] {processor.py:826} INFO - Processing file /usr/local/python/3.10.13/lib/python3.10/site-packages/airflow/example_dags/example_latest_only_with_trigger.py for tasks to queue
[2024-04-02T09:12:35.815+0000] {logging_mixin.py:150} INFO - [2024-04-02T09:12:35.814+0000] {dagbag.py:541} INFO - Filling up the DagBag from /usr/local/python/3.10.13/lib/python3.10/site-packages/airflow/example_dags/example_latest_only_with_trigger.py
[2024-04-02T09:12:35.822+0000] {processor.py:836} INFO - DAG(s) dict_keys(['latest_only_with_trigger']) retrieved from /usr/local/python/3.10.13/lib/python3.10/site-packages/airflow/example_dags/example_latest_only_with_trigger.py
[2024-04-02T09:12:35.841+0000] {logging_mixin.py:150} INFO - [2024-04-02T09:12:35.841+0000] {dag.py:2742} INFO - Sync 1 DAGs
[2024-04-02T09:12:35.863+0000] {logging_mixin.py:150} INFO - [2024-04-02T09:12:35.862+0000] {dag.py:3504} INFO - Setting next_dagrun for latest_only_with_trigger to 2024-04-02T05:12:35.862624+00:00, run_after=2024-04-02T09:12:35.862624+00:00
[2024-04-02T09:12:35.909+0000] {processor.py:179} INFO - Processing /usr/local/python/3.10.13/lib/python3.10/site-packages/airflow/example_dags/example_latest_only_with_trigger.py took 0.103 seconds
[2024-04-02T09:13:16.685+0000] {processor.py:157} INFO - Started process (PID=20139) to work on /usr/local/python/3.10.13/lib/python3.10/site-packages/airflow/example_dags/example_latest_only_with_trigger.py
[2024-04-02T09:13:16.686+0000] {processor.py:826} INFO - Processing file /usr/local/python/3.10.13/lib/python3.10/site-packages/airflow/example_dags/example_latest_only_with_trigger.py for tasks to queue
[2024-04-02T09:13:16.687+0000] {logging_mixin.py:150} INFO - [2024-04-02T09:13:16.687+0000] {dagbag.py:541} INFO - Filling up the DagBag from /usr/local/python/3.10.13/lib/python3.10/site-packages/airflow/example_dags/example_latest_only_with_trigger.py
[2024-04-02T09:13:16.694+0000] {processor.py:836} INFO - DAG(s) dict_keys(['latest_only_with_trigger']) retrieved from /usr/local/python/3.10.13/lib/python3.10/site-packages/airflow/example_dags/example_latest_only_with_trigger.py
[2024-04-02T09:13:16.708+0000] {logging_mixin.py:150} INFO - [2024-04-02T09:13:16.708+0000] {dag.py:2742} INFO - Sync 1 DAGs
[2024-04-02T09:13:16.731+0000] {logging_mixin.py:150} INFO - [2024-04-02T09:13:16.731+0000] {dag.py:3504} INFO - Setting next_dagrun for latest_only_with_trigger to 2024-04-02T05:13:16.731519+00:00, run_after=2024-04-02T09:13:16.731519+00:00
[2024-04-02T09:13:16.780+0000] {processor.py:179} INFO - Processing /usr/local/python/3.10.13/lib/python3.10/site-packages/airflow/example_dags/example_latest_only_with_trigger.py took 0.098 seconds
[2024-04-02T09:14:10.313+0000] {processor.py:157} INFO - Started process (PID=20519) to work on /usr/local/python/3.10.13/lib/python3.10/site-packages/airflow/example_dags/example_latest_only_with_trigger.py
[2024-04-02T09:14:10.314+0000] {processor.py:826} INFO - Processing file /usr/local/python/3.10.13/lib/python3.10/site-packages/airflow/example_dags/example_latest_only_with_trigger.py for tasks to queue
[2024-04-02T09:14:10.315+0000] {logging_mixin.py:150} INFO - [2024-04-02T09:14:10.314+0000] {dagbag.py:541} INFO - Filling up the DagBag from /usr/local/python/3.10.13/lib/python3.10/site-packages/airflow/example_dags/example_latest_only_with_trigger.py
[2024-04-02T09:14:10.319+0000] {processor.py:836} INFO - DAG(s) dict_keys(['latest_only_with_trigger']) retrieved from /usr/local/python/3.10.13/lib/python3.10/site-packages/airflow/example_dags/example_latest_only_with_trigger.py
[2024-04-02T09:14:10.331+0000] {logging_mixin.py:150} INFO - [2024-04-02T09:14:10.331+0000] {dag.py:2742} INFO - Sync 1 DAGs
[2024-04-02T09:14:10.346+0000] {logging_mixin.py:150} INFO - [2024-04-02T09:14:10.346+0000] {dag.py:3504} INFO - Setting next_dagrun for latest_only_with_trigger to 2024-04-02T05:14:10.346609+00:00, run_after=2024-04-02T09:14:10.346609+00:00
[2024-04-02T09:14:10.384+0000] {processor.py:179} INFO - Processing /usr/local/python/3.10.13/lib/python3.10/site-packages/airflow/example_dags/example_latest_only_with_trigger.py took 0.073 seconds
[2024-04-02T09:15:00.504+0000] {processor.py:157} INFO - Started process (PID=20893) to work on /usr/local/python/3.10.13/lib/python3.10/site-packages/airflow/example_dags/example_latest_only_with_trigger.py
[2024-04-02T09:15:00.505+0000] {processor.py:826} INFO - Processing file /usr/local/python/3.10.13/lib/python3.10/site-packages/airflow/example_dags/example_latest_only_with_trigger.py for tasks to queue
[2024-04-02T09:15:00.506+0000] {logging_mixin.py:150} INFO - [2024-04-02T09:15:00.505+0000] {dagbag.py:541} INFO - Filling up the DagBag from /usr/local/python/3.10.13/lib/python3.10/site-packages/airflow/example_dags/example_latest_only_with_trigger.py
[2024-04-02T09:15:00.511+0000] {processor.py:836} INFO - DAG(s) dict_keys(['latest_only_with_trigger']) retrieved from /usr/local/python/3.10.13/lib/python3.10/site-packages/airflow/example_dags/example_latest_only_with_trigger.py
[2024-04-02T09:15:00.523+0000] {logging_mixin.py:150} INFO - [2024-04-02T09:15:00.523+0000] {dag.py:2742} INFO - Sync 1 DAGs
[2024-04-02T09:15:00.538+0000] {logging_mixin.py:150} INFO - [2024-04-02T09:15:00.538+0000] {dag.py:3504} INFO - Setting next_dagrun for latest_only_with_trigger to 2024-04-02T05:15:00.538340+00:00, run_after=2024-04-02T09:15:00.538340+00:00
[2024-04-02T09:15:00.576+0000] {processor.py:179} INFO - Processing /usr/local/python/3.10.13/lib/python3.10/site-packages/airflow/example_dags/example_latest_only_with_trigger.py took 0.074 seconds
[2024-04-02T09:15:55.875+0000] {processor.py:157} INFO - Started process (PID=21268) to work on /usr/local/python/3.10.13/lib/python3.10/site-packages/airflow/example_dags/example_latest_only_with_trigger.py
[2024-04-02T09:15:55.876+0000] {processor.py:826} INFO - Processing file /usr/local/python/3.10.13/lib/python3.10/site-packages/airflow/example_dags/example_latest_only_with_trigger.py for tasks to queue
[2024-04-02T09:15:55.877+0000] {logging_mixin.py:150} INFO - [2024-04-02T09:15:55.876+0000] {dagbag.py:541} INFO - Filling up the DagBag from /usr/local/python/3.10.13/lib/python3.10/site-packages/airflow/example_dags/example_latest_only_with_trigger.py
[2024-04-02T09:15:55.882+0000] {processor.py:836} INFO - DAG(s) dict_keys(['latest_only_with_trigger']) retrieved from /usr/local/python/3.10.13/lib/python3.10/site-packages/airflow/example_dags/example_latest_only_with_trigger.py
[2024-04-02T09:15:55.894+0000] {logging_mixin.py:150} INFO - [2024-04-02T09:15:55.894+0000] {dag.py:2742} INFO - Sync 1 DAGs
[2024-04-02T09:15:55.909+0000] {logging_mixin.py:150} INFO - [2024-04-02T09:15:55.909+0000] {dag.py:3504} INFO - Setting next_dagrun for latest_only_with_trigger to 2024-04-02T05:15:55.909598+00:00, run_after=2024-04-02T09:15:55.909598+00:00
[2024-04-02T09:15:55.949+0000] {processor.py:179} INFO - Processing /usr/local/python/3.10.13/lib/python3.10/site-packages/airflow/example_dags/example_latest_only_with_trigger.py took 0.076 seconds
[2024-04-02T09:16:35.282+0000] {processor.py:157} INFO - Started process (PID=21543) to work on /usr/local/python/3.10.13/lib/python3.10/site-packages/airflow/example_dags/example_latest_only_with_trigger.py
[2024-04-02T09:16:35.283+0000] {processor.py:826} INFO - Processing file /usr/local/python/3.10.13/lib/python3.10/site-packages/airflow/example_dags/example_latest_only_with_trigger.py for tasks to queue
[2024-04-02T09:16:35.284+0000] {logging_mixin.py:150} INFO - [2024-04-02T09:16:35.284+0000] {dagbag.py:541} INFO - Filling up the DagBag from /usr/local/python/3.10.13/lib/python3.10/site-packages/airflow/example_dags/example_latest_only_with_trigger.py
[2024-04-02T09:16:35.292+0000] {processor.py:836} INFO - DAG(s) dict_keys(['latest_only_with_trigger']) retrieved from /usr/local/python/3.10.13/lib/python3.10/site-packages/airflow/example_dags/example_latest_only_with_trigger.py
[2024-04-02T09:16:35.310+0000] {logging_mixin.py:150} INFO - [2024-04-02T09:16:35.310+0000] {dag.py:2742} INFO - Sync 1 DAGs
[2024-04-02T09:16:35.333+0000] {logging_mixin.py:150} INFO - [2024-04-02T09:16:35.333+0000] {dag.py:3504} INFO - Setting next_dagrun for latest_only_with_trigger to 2024-04-02T05:16:35.333432+00:00, run_after=2024-04-02T09:16:35.333432+00:00
[2024-04-02T09:16:35.380+0000] {processor.py:179} INFO - Processing /usr/local/python/3.10.13/lib/python3.10/site-packages/airflow/example_dags/example_latest_only_with_trigger.py took 0.101 seconds
[2024-04-02T09:17:16.349+0000] {processor.py:157} INFO - Started process (PID=21814) to work on /usr/local/python/3.10.13/lib/python3.10/site-packages/airflow/example_dags/example_latest_only_with_trigger.py
[2024-04-02T09:17:16.350+0000] {processor.py:826} INFO - Processing file /usr/local/python/3.10.13/lib/python3.10/site-packages/airflow/example_dags/example_latest_only_with_trigger.py for tasks to queue
[2024-04-02T09:17:16.351+0000] {logging_mixin.py:150} INFO - [2024-04-02T09:17:16.350+0000] {dagbag.py:541} INFO - Filling up the DagBag from /usr/local/python/3.10.13/lib/python3.10/site-packages/airflow/example_dags/example_latest_only_with_trigger.py
[2024-04-02T09:17:16.356+0000] {processor.py:836} INFO - DAG(s) dict_keys(['latest_only_with_trigger']) retrieved from /usr/local/python/3.10.13/lib/python3.10/site-packages/airflow/example_dags/example_latest_only_with_trigger.py
[2024-04-02T09:17:16.372+0000] {logging_mixin.py:150} INFO - [2024-04-02T09:17:16.372+0000] {dag.py:2742} INFO - Sync 1 DAGs
[2024-04-02T09:17:16.394+0000] {logging_mixin.py:150} INFO - [2024-04-02T09:17:16.394+0000] {dag.py:3504} INFO - Setting next_dagrun for latest_only_with_trigger to 2024-04-02T05:17:16.393773+00:00, run_after=2024-04-02T09:17:16.393773+00:00
[2024-04-02T09:17:16.439+0000] {processor.py:179} INFO - Processing /usr/local/python/3.10.13/lib/python3.10/site-packages/airflow/example_dags/example_latest_only_with_trigger.py took 0.092 seconds
[2024-04-02T09:18:12.402+0000] {processor.py:157} INFO - Started process (PID=22191) to work on /usr/local/python/3.10.13/lib/python3.10/site-packages/airflow/example_dags/example_latest_only_with_trigger.py
[2024-04-02T09:18:12.403+0000] {processor.py:826} INFO - Processing file /usr/local/python/3.10.13/lib/python3.10/site-packages/airflow/example_dags/example_latest_only_with_trigger.py for tasks to queue
[2024-04-02T09:18:12.404+0000] {logging_mixin.py:150} INFO - [2024-04-02T09:18:12.404+0000] {dagbag.py:541} INFO - Filling up the DagBag from /usr/local/python/3.10.13/lib/python3.10/site-packages/airflow/example_dags/example_latest_only_with_trigger.py
[2024-04-02T09:18:12.409+0000] {processor.py:836} INFO - DAG(s) dict_keys(['latest_only_with_trigger']) retrieved from /usr/local/python/3.10.13/lib/python3.10/site-packages/airflow/example_dags/example_latest_only_with_trigger.py
[2024-04-02T09:18:12.421+0000] {logging_mixin.py:150} INFO - [2024-04-02T09:18:12.421+0000] {dag.py:2742} INFO - Sync 1 DAGs
[2024-04-02T09:18:12.437+0000] {logging_mixin.py:150} INFO - [2024-04-02T09:18:12.437+0000] {dag.py:3504} INFO - Setting next_dagrun for latest_only_with_trigger to 2024-04-02T05:18:12.436813+00:00, run_after=2024-04-02T09:18:12.436813+00:00
[2024-04-02T09:18:12.478+0000] {processor.py:179} INFO - Processing /usr/local/python/3.10.13/lib/python3.10/site-packages/airflow/example_dags/example_latest_only_with_trigger.py took 0.078 seconds
[2024-04-02T09:18:52.856+0000] {processor.py:157} INFO - Started process (PID=22468) to work on /usr/local/python/3.10.13/lib/python3.10/site-packages/airflow/example_dags/example_latest_only_with_trigger.py
[2024-04-02T09:18:52.857+0000] {processor.py:826} INFO - Processing file /usr/local/python/3.10.13/lib/python3.10/site-packages/airflow/example_dags/example_latest_only_with_trigger.py for tasks to queue
[2024-04-02T09:18:52.858+0000] {logging_mixin.py:150} INFO - [2024-04-02T09:18:52.858+0000] {dagbag.py:541} INFO - Filling up the DagBag from /usr/local/python/3.10.13/lib/python3.10/site-packages/airflow/example_dags/example_latest_only_with_trigger.py
[2024-04-02T09:18:52.865+0000] {processor.py:836} INFO - DAG(s) dict_keys(['latest_only_with_trigger']) retrieved from /usr/local/python/3.10.13/lib/python3.10/site-packages/airflow/example_dags/example_latest_only_with_trigger.py
[2024-04-02T09:18:52.885+0000] {logging_mixin.py:150} INFO - [2024-04-02T09:18:52.884+0000] {dag.py:2742} INFO - Sync 1 DAGs
[2024-04-02T09:18:52.909+0000] {logging_mixin.py:150} INFO - [2024-04-02T09:18:52.909+0000] {dag.py:3504} INFO - Setting next_dagrun for latest_only_with_trigger to 2024-04-02T05:18:52.908753+00:00, run_after=2024-04-02T09:18:52.908753+00:00
[2024-04-02T09:18:52.958+0000] {processor.py:179} INFO - Processing /usr/local/python/3.10.13/lib/python3.10/site-packages/airflow/example_dags/example_latest_only_with_trigger.py took 0.105 seconds
[2024-04-02T09:19:31.515+0000] {processor.py:157} INFO - Started process (PID=22759) to work on /usr/local/python/3.10.13/lib/python3.10/site-packages/airflow/example_dags/example_latest_only_with_trigger.py
[2024-04-02T09:19:31.516+0000] {processor.py:826} INFO - Processing file /usr/local/python/3.10.13/lib/python3.10/site-packages/airflow/example_dags/example_latest_only_with_trigger.py for tasks to queue
[2024-04-02T09:19:31.517+0000] {logging_mixin.py:150} INFO - [2024-04-02T09:19:31.516+0000] {dagbag.py:541} INFO - Filling up the DagBag from /usr/local/python/3.10.13/lib/python3.10/site-packages/airflow/example_dags/example_latest_only_with_trigger.py
[2024-04-02T09:19:31.522+0000] {processor.py:836} INFO - DAG(s) dict_keys(['latest_only_with_trigger']) retrieved from /usr/local/python/3.10.13/lib/python3.10/site-packages/airflow/example_dags/example_latest_only_with_trigger.py
[2024-04-02T09:19:31.534+0000] {logging_mixin.py:150} INFO - [2024-04-02T09:19:31.534+0000] {dag.py:2742} INFO - Sync 1 DAGs
[2024-04-02T09:19:31.550+0000] {logging_mixin.py:150} INFO - [2024-04-02T09:19:31.550+0000] {dag.py:3504} INFO - Setting next_dagrun for latest_only_with_trigger to 2024-04-02T05:19:31.549885+00:00, run_after=2024-04-02T09:19:31.549885+00:00
[2024-04-02T09:19:31.590+0000] {processor.py:179} INFO - Processing /usr/local/python/3.10.13/lib/python3.10/site-packages/airflow/example_dags/example_latest_only_with_trigger.py took 0.077 seconds
[2024-04-02T09:20:23.381+0000] {processor.py:157} INFO - Started process (PID=23115) to work on /usr/local/python/3.10.13/lib/python3.10/site-packages/airflow/example_dags/example_latest_only_with_trigger.py
[2024-04-02T09:20:23.382+0000] {processor.py:826} INFO - Processing file /usr/local/python/3.10.13/lib/python3.10/site-packages/airflow/example_dags/example_latest_only_with_trigger.py for tasks to queue
[2024-04-02T09:20:23.383+0000] {logging_mixin.py:150} INFO - [2024-04-02T09:20:23.383+0000] {dagbag.py:541} INFO - Filling up the DagBag from /usr/local/python/3.10.13/lib/python3.10/site-packages/airflow/example_dags/example_latest_only_with_trigger.py
[2024-04-02T09:20:23.391+0000] {processor.py:836} INFO - DAG(s) dict_keys(['latest_only_with_trigger']) retrieved from /usr/local/python/3.10.13/lib/python3.10/site-packages/airflow/example_dags/example_latest_only_with_trigger.py
[2024-04-02T09:20:23.409+0000] {logging_mixin.py:150} INFO - [2024-04-02T09:20:23.409+0000] {dag.py:2742} INFO - Sync 1 DAGs
[2024-04-02T09:20:23.433+0000] {logging_mixin.py:150} INFO - [2024-04-02T09:20:23.433+0000] {dag.py:3504} INFO - Setting next_dagrun for latest_only_with_trigger to 2024-04-02T05:20:23.433379+00:00, run_after=2024-04-02T09:20:23.433379+00:00
[2024-04-02T09:20:23.481+0000] {processor.py:179} INFO - Processing /usr/local/python/3.10.13/lib/python3.10/site-packages/airflow/example_dags/example_latest_only_with_trigger.py took 0.103 seconds
[2024-04-02T09:21:03.862+0000] {processor.py:157} INFO - Started process (PID=23391) to work on /usr/local/python/3.10.13/lib/python3.10/site-packages/airflow/example_dags/example_latest_only_with_trigger.py
[2024-04-02T09:21:03.863+0000] {processor.py:826} INFO - Processing file /usr/local/python/3.10.13/lib/python3.10/site-packages/airflow/example_dags/example_latest_only_with_trigger.py for tasks to queue
[2024-04-02T09:21:03.864+0000] {logging_mixin.py:150} INFO - [2024-04-02T09:21:03.864+0000] {dagbag.py:541} INFO - Filling up the DagBag from /usr/local/python/3.10.13/lib/python3.10/site-packages/airflow/example_dags/example_latest_only_with_trigger.py
[2024-04-02T09:21:03.872+0000] {processor.py:836} INFO - DAG(s) dict_keys(['latest_only_with_trigger']) retrieved from /usr/local/python/3.10.13/lib/python3.10/site-packages/airflow/example_dags/example_latest_only_with_trigger.py
[2024-04-02T09:21:03.890+0000] {logging_mixin.py:150} INFO - [2024-04-02T09:21:03.889+0000] {dag.py:2742} INFO - Sync 1 DAGs
[2024-04-02T09:21:03.906+0000] {logging_mixin.py:150} INFO - [2024-04-02T09:21:03.906+0000] {dag.py:3504} INFO - Setting next_dagrun for latest_only_with_trigger to 2024-04-02T05:21:03.906052+00:00, run_after=2024-04-02T09:21:03.906052+00:00
[2024-04-02T09:21:03.948+0000] {processor.py:179} INFO - Processing /usr/local/python/3.10.13/lib/python3.10/site-packages/airflow/example_dags/example_latest_only_with_trigger.py took 0.088 seconds
[2024-04-02T09:21:56.293+0000] {processor.py:157} INFO - Started process (PID=23753) to work on /usr/local/python/3.10.13/lib/python3.10/site-packages/airflow/example_dags/example_latest_only_with_trigger.py
[2024-04-02T09:21:56.294+0000] {processor.py:826} INFO - Processing file /usr/local/python/3.10.13/lib/python3.10/site-packages/airflow/example_dags/example_latest_only_with_trigger.py for tasks to queue
[2024-04-02T09:21:56.295+0000] {logging_mixin.py:150} INFO - [2024-04-02T09:21:56.294+0000] {dagbag.py:541} INFO - Filling up the DagBag from /usr/local/python/3.10.13/lib/python3.10/site-packages/airflow/example_dags/example_latest_only_with_trigger.py
[2024-04-02T09:21:56.299+0000] {processor.py:836} INFO - DAG(s) dict_keys(['latest_only_with_trigger']) retrieved from /usr/local/python/3.10.13/lib/python3.10/site-packages/airflow/example_dags/example_latest_only_with_trigger.py
[2024-04-02T09:21:56.311+0000] {logging_mixin.py:150} INFO - [2024-04-02T09:21:56.311+0000] {dag.py:2742} INFO - Sync 1 DAGs
[2024-04-02T09:21:56.327+0000] {logging_mixin.py:150} INFO - [2024-04-02T09:21:56.327+0000] {dag.py:3504} INFO - Setting next_dagrun for latest_only_with_trigger to 2024-04-02T05:21:56.326895+00:00, run_after=2024-04-02T09:21:56.326895+00:00
[2024-04-02T09:21:56.370+0000] {processor.py:179} INFO - Processing /usr/local/python/3.10.13/lib/python3.10/site-packages/airflow/example_dags/example_latest_only_with_trigger.py took 0.080 seconds
[2024-04-02T09:22:35.439+0000] {processor.py:157} INFO - Started process (PID=24017) to work on /usr/local/python/3.10.13/lib/python3.10/site-packages/airflow/example_dags/example_latest_only_with_trigger.py
[2024-04-02T09:22:35.440+0000] {processor.py:826} INFO - Processing file /usr/local/python/3.10.13/lib/python3.10/site-packages/airflow/example_dags/example_latest_only_with_trigger.py for tasks to queue
[2024-04-02T09:22:35.442+0000] {logging_mixin.py:150} INFO - [2024-04-02T09:22:35.441+0000] {dagbag.py:541} INFO - Filling up the DagBag from /usr/local/python/3.10.13/lib/python3.10/site-packages/airflow/example_dags/example_latest_only_with_trigger.py
[2024-04-02T09:22:35.449+0000] {processor.py:836} INFO - DAG(s) dict_keys(['latest_only_with_trigger']) retrieved from /usr/local/python/3.10.13/lib/python3.10/site-packages/airflow/example_dags/example_latest_only_with_trigger.py
[2024-04-02T09:22:35.468+0000] {logging_mixin.py:150} INFO - [2024-04-02T09:22:35.468+0000] {dag.py:2742} INFO - Sync 1 DAGs
[2024-04-02T09:22:35.493+0000] {logging_mixin.py:150} INFO - [2024-04-02T09:22:35.493+0000] {dag.py:3504} INFO - Setting next_dagrun for latest_only_with_trigger to 2024-04-02T05:22:35.492999+00:00, run_after=2024-04-02T09:22:35.492999+00:00
[2024-04-02T09:22:35.550+0000] {processor.py:179} INFO - Processing /usr/local/python/3.10.13/lib/python3.10/site-packages/airflow/example_dags/example_latest_only_with_trigger.py took 0.114 seconds
[2024-04-02T09:23:15.343+0000] {processor.py:157} INFO - Started process (PID=24293) to work on /usr/local/python/3.10.13/lib/python3.10/site-packages/airflow/example_dags/example_latest_only_with_trigger.py
[2024-04-02T09:23:15.344+0000] {processor.py:826} INFO - Processing file /usr/local/python/3.10.13/lib/python3.10/site-packages/airflow/example_dags/example_latest_only_with_trigger.py for tasks to queue
[2024-04-02T09:23:15.345+0000] {logging_mixin.py:150} INFO - [2024-04-02T09:23:15.344+0000] {dagbag.py:541} INFO - Filling up the DagBag from /usr/local/python/3.10.13/lib/python3.10/site-packages/airflow/example_dags/example_latest_only_with_trigger.py
[2024-04-02T09:23:15.352+0000] {processor.py:836} INFO - DAG(s) dict_keys(['latest_only_with_trigger']) retrieved from /usr/local/python/3.10.13/lib/python3.10/site-packages/airflow/example_dags/example_latest_only_with_trigger.py
[2024-04-02T09:23:15.371+0000] {logging_mixin.py:150} INFO - [2024-04-02T09:23:15.371+0000] {dag.py:2742} INFO - Sync 1 DAGs
[2024-04-02T09:23:15.395+0000] {logging_mixin.py:150} INFO - [2024-04-02T09:23:15.395+0000] {dag.py:3504} INFO - Setting next_dagrun for latest_only_with_trigger to 2024-04-02T05:23:15.394846+00:00, run_after=2024-04-02T09:23:15.394846+00:00
[2024-04-02T09:23:15.440+0000] {processor.py:179} INFO - Processing /usr/local/python/3.10.13/lib/python3.10/site-packages/airflow/example_dags/example_latest_only_with_trigger.py took 0.101 seconds
[2024-04-02T09:23:55.391+0000] {processor.py:157} INFO - Started process (PID=24569) to work on /usr/local/python/3.10.13/lib/python3.10/site-packages/airflow/example_dags/example_latest_only_with_trigger.py
[2024-04-02T09:23:55.397+0000] {processor.py:826} INFO - Processing file /usr/local/python/3.10.13/lib/python3.10/site-packages/airflow/example_dags/example_latest_only_with_trigger.py for tasks to queue
[2024-04-02T09:23:55.398+0000] {logging_mixin.py:150} INFO - [2024-04-02T09:23:55.398+0000] {dagbag.py:541} INFO - Filling up the DagBag from /usr/local/python/3.10.13/lib/python3.10/site-packages/airflow/example_dags/example_latest_only_with_trigger.py
[2024-04-02T09:23:55.405+0000] {processor.py:836} INFO - DAG(s) dict_keys(['latest_only_with_trigger']) retrieved from /usr/local/python/3.10.13/lib/python3.10/site-packages/airflow/example_dags/example_latest_only_with_trigger.py
[2024-04-02T09:23:55.424+0000] {logging_mixin.py:150} INFO - [2024-04-02T09:23:55.423+0000] {dag.py:2742} INFO - Sync 1 DAGs
[2024-04-02T09:23:55.447+0000] {logging_mixin.py:150} INFO - [2024-04-02T09:23:55.447+0000] {dag.py:3504} INFO - Setting next_dagrun for latest_only_with_trigger to 2024-04-02T05:23:55.447182+00:00, run_after=2024-04-02T09:23:55.447182+00:00
[2024-04-02T09:23:55.501+0000] {processor.py:179} INFO - Processing /usr/local/python/3.10.13/lib/python3.10/site-packages/airflow/example_dags/example_latest_only_with_trigger.py took 0.113 seconds
[2024-04-02T09:24:37.638+0000] {processor.py:157} INFO - Started process (PID=24875) to work on /usr/local/python/3.10.13/lib/python3.10/site-packages/airflow/example_dags/example_latest_only_with_trigger.py
[2024-04-02T09:24:37.639+0000] {processor.py:826} INFO - Processing file /usr/local/python/3.10.13/lib/python3.10/site-packages/airflow/example_dags/example_latest_only_with_trigger.py for tasks to queue
[2024-04-02T09:24:37.639+0000] {logging_mixin.py:150} INFO - [2024-04-02T09:24:37.639+0000] {dagbag.py:541} INFO - Filling up the DagBag from /usr/local/python/3.10.13/lib/python3.10/site-packages/airflow/example_dags/example_latest_only_with_trigger.py
[2024-04-02T09:24:37.645+0000] {processor.py:836} INFO - DAG(s) dict_keys(['latest_only_with_trigger']) retrieved from /usr/local/python/3.10.13/lib/python3.10/site-packages/airflow/example_dags/example_latest_only_with_trigger.py
[2024-04-02T09:24:37.656+0000] {logging_mixin.py:150} INFO - [2024-04-02T09:24:37.656+0000] {dag.py:2742} INFO - Sync 1 DAGs
[2024-04-02T09:24:37.671+0000] {logging_mixin.py:150} INFO - [2024-04-02T09:24:37.671+0000] {dag.py:3504} INFO - Setting next_dagrun for latest_only_with_trigger to 2024-04-02T05:24:37.671538+00:00, run_after=2024-04-02T09:24:37.671538+00:00
[2024-04-02T09:24:37.709+0000] {processor.py:179} INFO - Processing /usr/local/python/3.10.13/lib/python3.10/site-packages/airflow/example_dags/example_latest_only_with_trigger.py took 0.073 seconds
[2024-04-02T09:25:18.408+0000] {processor.py:157} INFO - Started process (PID=25157) to work on /usr/local/python/3.10.13/lib/python3.10/site-packages/airflow/example_dags/example_latest_only_with_trigger.py
[2024-04-02T09:25:18.409+0000] {processor.py:826} INFO - Processing file /usr/local/python/3.10.13/lib/python3.10/site-packages/airflow/example_dags/example_latest_only_with_trigger.py for tasks to queue
[2024-04-02T09:25:18.411+0000] {logging_mixin.py:150} INFO - [2024-04-02T09:25:18.410+0000] {dagbag.py:541} INFO - Filling up the DagBag from /usr/local/python/3.10.13/lib/python3.10/site-packages/airflow/example_dags/example_latest_only_with_trigger.py
[2024-04-02T09:25:18.418+0000] {processor.py:836} INFO - DAG(s) dict_keys(['latest_only_with_trigger']) retrieved from /usr/local/python/3.10.13/lib/python3.10/site-packages/airflow/example_dags/example_latest_only_with_trigger.py
[2024-04-02T09:25:18.433+0000] {logging_mixin.py:150} INFO - [2024-04-02T09:25:18.432+0000] {dag.py:2742} INFO - Sync 1 DAGs
[2024-04-02T09:25:18.448+0000] {logging_mixin.py:150} INFO - [2024-04-02T09:25:18.448+0000] {dag.py:3504} INFO - Setting next_dagrun for latest_only_with_trigger to 2024-04-02T05:25:18.448095+00:00, run_after=2024-04-02T09:25:18.448095+00:00
[2024-04-02T09:25:18.588+0000] {processor.py:179} INFO - Processing /usr/local/python/3.10.13/lib/python3.10/site-packages/airflow/example_dags/example_latest_only_with_trigger.py took 0.182 seconds
[2024-04-02T09:26:01.473+0000] {processor.py:157} INFO - Started process (PID=25440) to work on /usr/local/python/3.10.13/lib/python3.10/site-packages/airflow/example_dags/example_latest_only_with_trigger.py
[2024-04-02T09:26:01.473+0000] {processor.py:826} INFO - Processing file /usr/local/python/3.10.13/lib/python3.10/site-packages/airflow/example_dags/example_latest_only_with_trigger.py for tasks to queue
[2024-04-02T09:26:01.474+0000] {logging_mixin.py:150} INFO - [2024-04-02T09:26:01.474+0000] {dagbag.py:541} INFO - Filling up the DagBag from /usr/local/python/3.10.13/lib/python3.10/site-packages/airflow/example_dags/example_latest_only_with_trigger.py
[2024-04-02T09:26:01.479+0000] {processor.py:836} INFO - DAG(s) dict_keys(['latest_only_with_trigger']) retrieved from /usr/local/python/3.10.13/lib/python3.10/site-packages/airflow/example_dags/example_latest_only_with_trigger.py
[2024-04-02T09:26:01.491+0000] {logging_mixin.py:150} INFO - [2024-04-02T09:26:01.491+0000] {dag.py:2742} INFO - Sync 1 DAGs
[2024-04-02T09:26:01.506+0000] {logging_mixin.py:150} INFO - [2024-04-02T09:26:01.506+0000] {dag.py:3504} INFO - Setting next_dagrun for latest_only_with_trigger to 2024-04-02T05:26:01.506237+00:00, run_after=2024-04-02T09:26:01.506237+00:00
[2024-04-02T09:26:01.544+0000] {processor.py:179} INFO - Processing /usr/local/python/3.10.13/lib/python3.10/site-packages/airflow/example_dags/example_latest_only_with_trigger.py took 0.074 seconds
[2024-04-02T09:26:43.436+0000] {processor.py:157} INFO - Started process (PID=25718) to work on /usr/local/python/3.10.13/lib/python3.10/site-packages/airflow/example_dags/example_latest_only_with_trigger.py
[2024-04-02T09:26:43.445+0000] {processor.py:826} INFO - Processing file /usr/local/python/3.10.13/lib/python3.10/site-packages/airflow/example_dags/example_latest_only_with_trigger.py for tasks to queue
[2024-04-02T09:26:43.446+0000] {logging_mixin.py:150} INFO - [2024-04-02T09:26:43.445+0000] {dagbag.py:541} INFO - Filling up the DagBag from /usr/local/python/3.10.13/lib/python3.10/site-packages/airflow/example_dags/example_latest_only_with_trigger.py
[2024-04-02T09:26:43.457+0000] {processor.py:836} INFO - DAG(s) dict_keys(['latest_only_with_trigger']) retrieved from /usr/local/python/3.10.13/lib/python3.10/site-packages/airflow/example_dags/example_latest_only_with_trigger.py
[2024-04-02T09:26:43.488+0000] {logging_mixin.py:150} INFO - [2024-04-02T09:26:43.487+0000] {dag.py:2742} INFO - Sync 1 DAGs
[2024-04-02T09:26:43.535+0000] {logging_mixin.py:150} INFO - [2024-04-02T09:26:43.535+0000] {dag.py:3504} INFO - Setting next_dagrun for latest_only_with_trigger to 2024-04-02T05:26:43.534934+00:00, run_after=2024-04-02T09:26:43.534934+00:00
[2024-04-02T09:26:43.582+0000] {processor.py:179} INFO - Processing /usr/local/python/3.10.13/lib/python3.10/site-packages/airflow/example_dags/example_latest_only_with_trigger.py took 0.150 seconds
[2024-04-02T09:27:23.830+0000] {processor.py:157} INFO - Started process (PID=26002) to work on /usr/local/python/3.10.13/lib/python3.10/site-packages/airflow/example_dags/example_latest_only_with_trigger.py
[2024-04-02T09:27:23.831+0000] {processor.py:826} INFO - Processing file /usr/local/python/3.10.13/lib/python3.10/site-packages/airflow/example_dags/example_latest_only_with_trigger.py for tasks to queue
[2024-04-02T09:27:23.832+0000] {logging_mixin.py:150} INFO - [2024-04-02T09:27:23.832+0000] {dagbag.py:541} INFO - Filling up the DagBag from /usr/local/python/3.10.13/lib/python3.10/site-packages/airflow/example_dags/example_latest_only_with_trigger.py
[2024-04-02T09:27:23.839+0000] {processor.py:836} INFO - DAG(s) dict_keys(['latest_only_with_trigger']) retrieved from /usr/local/python/3.10.13/lib/python3.10/site-packages/airflow/example_dags/example_latest_only_with_trigger.py
[2024-04-02T09:27:23.857+0000] {logging_mixin.py:150} INFO - [2024-04-02T09:27:23.857+0000] {dag.py:2742} INFO - Sync 1 DAGs
[2024-04-02T09:27:23.879+0000] {logging_mixin.py:150} INFO - [2024-04-02T09:27:23.879+0000] {dag.py:3504} INFO - Setting next_dagrun for latest_only_with_trigger to 2024-04-02T05:27:23.879374+00:00, run_after=2024-04-02T09:27:23.879374+00:00
[2024-04-02T09:27:23.931+0000] {processor.py:179} INFO - Processing /usr/local/python/3.10.13/lib/python3.10/site-packages/airflow/example_dags/example_latest_only_with_trigger.py took 0.104 seconds
[2024-04-02T09:28:04.364+0000] {processor.py:157} INFO - Started process (PID=26273) to work on /usr/local/python/3.10.13/lib/python3.10/site-packages/airflow/example_dags/example_latest_only_with_trigger.py
[2024-04-02T09:28:04.365+0000] {processor.py:826} INFO - Processing file /usr/local/python/3.10.13/lib/python3.10/site-packages/airflow/example_dags/example_latest_only_with_trigger.py for tasks to queue
[2024-04-02T09:28:04.366+0000] {logging_mixin.py:150} INFO - [2024-04-02T09:28:04.366+0000] {dagbag.py:541} INFO - Filling up the DagBag from /usr/local/python/3.10.13/lib/python3.10/site-packages/airflow/example_dags/example_latest_only_with_trigger.py
[2024-04-02T09:28:04.371+0000] {processor.py:836} INFO - DAG(s) dict_keys(['latest_only_with_trigger']) retrieved from /usr/local/python/3.10.13/lib/python3.10/site-packages/airflow/example_dags/example_latest_only_with_trigger.py
[2024-04-02T09:28:04.383+0000] {logging_mixin.py:150} INFO - [2024-04-02T09:28:04.383+0000] {dag.py:2742} INFO - Sync 1 DAGs
[2024-04-02T09:28:04.477+0000] {logging_mixin.py:150} INFO - [2024-04-02T09:28:04.477+0000] {dag.py:3504} INFO - Setting next_dagrun for latest_only_with_trigger to 2024-04-02T05:28:04.477187+00:00, run_after=2024-04-02T09:28:04.477187+00:00
[2024-04-02T09:28:04.517+0000] {processor.py:179} INFO - Processing /usr/local/python/3.10.13/lib/python3.10/site-packages/airflow/example_dags/example_latest_only_with_trigger.py took 0.155 seconds
[2024-04-02T09:28:45.636+0000] {processor.py:157} INFO - Started process (PID=26552) to work on /usr/local/python/3.10.13/lib/python3.10/site-packages/airflow/example_dags/example_latest_only_with_trigger.py
[2024-04-02T09:28:45.637+0000] {processor.py:826} INFO - Processing file /usr/local/python/3.10.13/lib/python3.10/site-packages/airflow/example_dags/example_latest_only_with_trigger.py for tasks to queue
[2024-04-02T09:28:45.638+0000] {logging_mixin.py:150} INFO - [2024-04-02T09:28:45.638+0000] {dagbag.py:541} INFO - Filling up the DagBag from /usr/local/python/3.10.13/lib/python3.10/site-packages/airflow/example_dags/example_latest_only_with_trigger.py
[2024-04-02T09:28:45.646+0000] {processor.py:836} INFO - DAG(s) dict_keys(['latest_only_with_trigger']) retrieved from /usr/local/python/3.10.13/lib/python3.10/site-packages/airflow/example_dags/example_latest_only_with_trigger.py
[2024-04-02T09:28:45.664+0000] {logging_mixin.py:150} INFO - [2024-04-02T09:28:45.664+0000] {dag.py:2742} INFO - Sync 1 DAGs
[2024-04-02T09:28:45.692+0000] {logging_mixin.py:150} INFO - [2024-04-02T09:28:45.692+0000] {dag.py:3504} INFO - Setting next_dagrun for latest_only_with_trigger to 2024-04-02T05:28:45.692096+00:00, run_after=2024-04-02T09:28:45.692096+00:00
[2024-04-02T09:28:45.741+0000] {processor.py:179} INFO - Processing /usr/local/python/3.10.13/lib/python3.10/site-packages/airflow/example_dags/example_latest_only_with_trigger.py took 0.108 seconds
[2024-04-02T09:29:26.637+0000] {processor.py:157} INFO - Started process (PID=26824) to work on /usr/local/python/3.10.13/lib/python3.10/site-packages/airflow/example_dags/example_latest_only_with_trigger.py
[2024-04-02T09:29:26.638+0000] {processor.py:826} INFO - Processing file /usr/local/python/3.10.13/lib/python3.10/site-packages/airflow/example_dags/example_latest_only_with_trigger.py for tasks to queue
[2024-04-02T09:29:26.639+0000] {logging_mixin.py:150} INFO - [2024-04-02T09:29:26.638+0000] {dagbag.py:541} INFO - Filling up the DagBag from /usr/local/python/3.10.13/lib/python3.10/site-packages/airflow/example_dags/example_latest_only_with_trigger.py
[2024-04-02T09:29:26.644+0000] {processor.py:836} INFO - DAG(s) dict_keys(['latest_only_with_trigger']) retrieved from /usr/local/python/3.10.13/lib/python3.10/site-packages/airflow/example_dags/example_latest_only_with_trigger.py
[2024-04-02T09:29:26.656+0000] {logging_mixin.py:150} INFO - [2024-04-02T09:29:26.655+0000] {dag.py:2742} INFO - Sync 1 DAGs
[2024-04-02T09:29:26.671+0000] {logging_mixin.py:150} INFO - [2024-04-02T09:29:26.671+0000] {dag.py:3504} INFO - Setting next_dagrun for latest_only_with_trigger to 2024-04-02T05:29:26.671262+00:00, run_after=2024-04-02T09:29:26.671262+00:00
[2024-04-02T09:29:26.711+0000] {processor.py:179} INFO - Processing /usr/local/python/3.10.13/lib/python3.10/site-packages/airflow/example_dags/example_latest_only_with_trigger.py took 0.076 seconds
[2024-04-02T09:30:15.826+0000] {processor.py:157} INFO - Started process (PID=27220) to work on /usr/local/python/3.10.13/lib/python3.10/site-packages/airflow/example_dags/example_latest_only_with_trigger.py
[2024-04-02T09:30:15.827+0000] {processor.py:826} INFO - Processing file /usr/local/python/3.10.13/lib/python3.10/site-packages/airflow/example_dags/example_latest_only_with_trigger.py for tasks to queue
[2024-04-02T09:30:15.828+0000] {logging_mixin.py:150} INFO - [2024-04-02T09:30:15.828+0000] {dagbag.py:541} INFO - Filling up the DagBag from /usr/local/python/3.10.13/lib/python3.10/site-packages/airflow/example_dags/example_latest_only_with_trigger.py
[2024-04-02T09:30:15.836+0000] {processor.py:836} INFO - DAG(s) dict_keys(['latest_only_with_trigger']) retrieved from /usr/local/python/3.10.13/lib/python3.10/site-packages/airflow/example_dags/example_latest_only_with_trigger.py
[2024-04-02T09:30:15.854+0000] {logging_mixin.py:150} INFO - [2024-04-02T09:30:15.854+0000] {dag.py:2742} INFO - Sync 1 DAGs
[2024-04-02T09:30:15.877+0000] {logging_mixin.py:150} INFO - [2024-04-02T09:30:15.877+0000] {dag.py:3504} INFO - Setting next_dagrun for latest_only_with_trigger to 2024-04-02T05:30:15.877212+00:00, run_after=2024-04-02T09:30:15.877212+00:00
[2024-04-02T09:30:15.925+0000] {processor.py:179} INFO - Processing /usr/local/python/3.10.13/lib/python3.10/site-packages/airflow/example_dags/example_latest_only_with_trigger.py took 0.102 seconds
[2024-04-02T09:30:56.438+0000] {processor.py:157} INFO - Started process (PID=27493) to work on /usr/local/python/3.10.13/lib/python3.10/site-packages/airflow/example_dags/example_latest_only_with_trigger.py
[2024-04-02T09:30:56.439+0000] {processor.py:826} INFO - Processing file /usr/local/python/3.10.13/lib/python3.10/site-packages/airflow/example_dags/example_latest_only_with_trigger.py for tasks to queue
[2024-04-02T09:30:56.439+0000] {logging_mixin.py:150} INFO - [2024-04-02T09:30:56.439+0000] {dagbag.py:541} INFO - Filling up the DagBag from /usr/local/python/3.10.13/lib/python3.10/site-packages/airflow/example_dags/example_latest_only_with_trigger.py
[2024-04-02T09:30:56.446+0000] {processor.py:836} INFO - DAG(s) dict_keys(['latest_only_with_trigger']) retrieved from /usr/local/python/3.10.13/lib/python3.10/site-packages/airflow/example_dags/example_latest_only_with_trigger.py
[2024-04-02T09:30:56.458+0000] {logging_mixin.py:150} INFO - [2024-04-02T09:30:56.458+0000] {dag.py:2742} INFO - Sync 1 DAGs
[2024-04-02T09:30:56.473+0000] {logging_mixin.py:150} INFO - [2024-04-02T09:30:56.473+0000] {dag.py:3504} INFO - Setting next_dagrun for latest_only_with_trigger to 2024-04-02T05:30:56.473659+00:00, run_after=2024-04-02T09:30:56.473659+00:00
[2024-04-02T09:30:56.513+0000] {processor.py:179} INFO - Processing /usr/local/python/3.10.13/lib/python3.10/site-packages/airflow/example_dags/example_latest_only_with_trigger.py took 0.078 seconds
[2024-04-02T09:31:37.298+0000] {processor.py:157} INFO - Started process (PID=27773) to work on /usr/local/python/3.10.13/lib/python3.10/site-packages/airflow/example_dags/example_latest_only_with_trigger.py
[2024-04-02T09:31:37.299+0000] {processor.py:826} INFO - Processing file /usr/local/python/3.10.13/lib/python3.10/site-packages/airflow/example_dags/example_latest_only_with_trigger.py for tasks to queue
[2024-04-02T09:31:37.299+0000] {logging_mixin.py:150} INFO - [2024-04-02T09:31:37.299+0000] {dagbag.py:541} INFO - Filling up the DagBag from /usr/local/python/3.10.13/lib/python3.10/site-packages/airflow/example_dags/example_latest_only_with_trigger.py
[2024-04-02T09:31:37.304+0000] {processor.py:836} INFO - DAG(s) dict_keys(['latest_only_with_trigger']) retrieved from /usr/local/python/3.10.13/lib/python3.10/site-packages/airflow/example_dags/example_latest_only_with_trigger.py
[2024-04-02T09:31:37.316+0000] {logging_mixin.py:150} INFO - [2024-04-02T09:31:37.316+0000] {dag.py:2742} INFO - Sync 1 DAGs
[2024-04-02T09:31:37.331+0000] {logging_mixin.py:150} INFO - [2024-04-02T09:31:37.330+0000] {dag.py:3504} INFO - Setting next_dagrun for latest_only_with_trigger to 2024-04-02T05:31:37.330724+00:00, run_after=2024-04-02T09:31:37.330724+00:00
[2024-04-02T09:31:37.374+0000] {processor.py:179} INFO - Processing /usr/local/python/3.10.13/lib/python3.10/site-packages/airflow/example_dags/example_latest_only_with_trigger.py took 0.078 seconds
[2024-04-02T09:32:16.168+0000] {processor.py:157} INFO - Started process (PID=28044) to work on /usr/local/python/3.10.13/lib/python3.10/site-packages/airflow/example_dags/example_latest_only_with_trigger.py
[2024-04-02T09:32:16.169+0000] {processor.py:826} INFO - Processing file /usr/local/python/3.10.13/lib/python3.10/site-packages/airflow/example_dags/example_latest_only_with_trigger.py for tasks to queue
[2024-04-02T09:32:16.169+0000] {logging_mixin.py:150} INFO - [2024-04-02T09:32:16.169+0000] {dagbag.py:541} INFO - Filling up the DagBag from /usr/local/python/3.10.13/lib/python3.10/site-packages/airflow/example_dags/example_latest_only_with_trigger.py
[2024-04-02T09:32:16.174+0000] {processor.py:836} INFO - DAG(s) dict_keys(['latest_only_with_trigger']) retrieved from /usr/local/python/3.10.13/lib/python3.10/site-packages/airflow/example_dags/example_latest_only_with_trigger.py
[2024-04-02T09:32:16.188+0000] {logging_mixin.py:150} INFO - [2024-04-02T09:32:16.188+0000] {dag.py:2742} INFO - Sync 1 DAGs
[2024-04-02T09:32:16.212+0000] {logging_mixin.py:150} INFO - [2024-04-02T09:32:16.212+0000] {dag.py:3504} INFO - Setting next_dagrun for latest_only_with_trigger to 2024-04-02T05:32:16.212062+00:00, run_after=2024-04-02T09:32:16.212062+00:00
[2024-04-02T09:32:16.271+0000] {processor.py:179} INFO - Processing /usr/local/python/3.10.13/lib/python3.10/site-packages/airflow/example_dags/example_latest_only_with_trigger.py took 0.106 seconds
[2024-04-02T09:32:56.009+0000] {processor.py:157} INFO - Started process (PID=28319) to work on /usr/local/python/3.10.13/lib/python3.10/site-packages/airflow/example_dags/example_latest_only_with_trigger.py
[2024-04-02T09:32:56.010+0000] {processor.py:826} INFO - Processing file /usr/local/python/3.10.13/lib/python3.10/site-packages/airflow/example_dags/example_latest_only_with_trigger.py for tasks to queue
[2024-04-02T09:32:56.011+0000] {logging_mixin.py:150} INFO - [2024-04-02T09:32:56.010+0000] {dagbag.py:541} INFO - Filling up the DagBag from /usr/local/python/3.10.13/lib/python3.10/site-packages/airflow/example_dags/example_latest_only_with_trigger.py
[2024-04-02T09:32:56.016+0000] {processor.py:836} INFO - DAG(s) dict_keys(['latest_only_with_trigger']) retrieved from /usr/local/python/3.10.13/lib/python3.10/site-packages/airflow/example_dags/example_latest_only_with_trigger.py
[2024-04-02T09:32:56.028+0000] {logging_mixin.py:150} INFO - [2024-04-02T09:32:56.028+0000] {dag.py:2742} INFO - Sync 1 DAGs
[2024-04-02T09:32:56.042+0000] {logging_mixin.py:150} INFO - [2024-04-02T09:32:56.042+0000] {dag.py:3504} INFO - Setting next_dagrun for latest_only_with_trigger to 2024-04-02T05:32:56.042689+00:00, run_after=2024-04-02T09:32:56.042689+00:00
[2024-04-02T09:32:56.085+0000] {processor.py:179} INFO - Processing /usr/local/python/3.10.13/lib/python3.10/site-packages/airflow/example_dags/example_latest_only_with_trigger.py took 0.079 seconds
[2024-04-02T09:33:34.867+0000] {processor.py:157} INFO - Started process (PID=28590) to work on /usr/local/python/3.10.13/lib/python3.10/site-packages/airflow/example_dags/example_latest_only_with_trigger.py
[2024-04-02T09:33:34.868+0000] {processor.py:826} INFO - Processing file /usr/local/python/3.10.13/lib/python3.10/site-packages/airflow/example_dags/example_latest_only_with_trigger.py for tasks to queue
[2024-04-02T09:33:34.869+0000] {logging_mixin.py:150} INFO - [2024-04-02T09:33:34.869+0000] {dagbag.py:541} INFO - Filling up the DagBag from /usr/local/python/3.10.13/lib/python3.10/site-packages/airflow/example_dags/example_latest_only_with_trigger.py
[2024-04-02T09:33:34.877+0000] {processor.py:836} INFO - DAG(s) dict_keys(['latest_only_with_trigger']) retrieved from /usr/local/python/3.10.13/lib/python3.10/site-packages/airflow/example_dags/example_latest_only_with_trigger.py
[2024-04-02T09:33:34.896+0000] {logging_mixin.py:150} INFO - [2024-04-02T09:33:34.896+0000] {dag.py:2742} INFO - Sync 1 DAGs
[2024-04-02T09:33:34.919+0000] {logging_mixin.py:150} INFO - [2024-04-02T09:33:34.919+0000] {dag.py:3504} INFO - Setting next_dagrun for latest_only_with_trigger to 2024-04-02T05:33:34.919540+00:00, run_after=2024-04-02T09:33:34.919540+00:00
[2024-04-02T09:33:34.972+0000] {processor.py:179} INFO - Processing /usr/local/python/3.10.13/lib/python3.10/site-packages/airflow/example_dags/example_latest_only_with_trigger.py took 0.109 seconds
[2024-04-02T09:34:13.883+0000] {processor.py:157} INFO - Started process (PID=28833) to work on /usr/local/python/3.10.13/lib/python3.10/site-packages/airflow/example_dags/example_latest_only_with_trigger.py
[2024-04-02T09:34:13.884+0000] {processor.py:826} INFO - Processing file /usr/local/python/3.10.13/lib/python3.10/site-packages/airflow/example_dags/example_latest_only_with_trigger.py for tasks to queue
[2024-04-02T09:34:13.885+0000] {logging_mixin.py:150} INFO - [2024-04-02T09:34:13.885+0000] {dagbag.py:541} INFO - Filling up the DagBag from /usr/local/python/3.10.13/lib/python3.10/site-packages/airflow/example_dags/example_latest_only_with_trigger.py
[2024-04-02T09:34:13.890+0000] {processor.py:836} INFO - DAG(s) dict_keys(['latest_only_with_trigger']) retrieved from /usr/local/python/3.10.13/lib/python3.10/site-packages/airflow/example_dags/example_latest_only_with_trigger.py
[2024-04-02T09:34:13.901+0000] {logging_mixin.py:150} INFO - [2024-04-02T09:34:13.901+0000] {dag.py:2742} INFO - Sync 1 DAGs
[2024-04-02T09:34:13.917+0000] {logging_mixin.py:150} INFO - [2024-04-02T09:34:13.916+0000] {dag.py:3504} INFO - Setting next_dagrun for latest_only_with_trigger to 2024-04-02T05:34:13.916778+00:00, run_after=2024-04-02T09:34:13.916778+00:00
[2024-04-02T09:34:13.962+0000] {processor.py:179} INFO - Processing /usr/local/python/3.10.13/lib/python3.10/site-packages/airflow/example_dags/example_latest_only_with_trigger.py took 0.080 seconds
[2024-04-02T09:35:09.973+0000] {processor.py:157} INFO - Started process (PID=29253) to work on /usr/local/python/3.10.13/lib/python3.10/site-packages/airflow/example_dags/example_latest_only_with_trigger.py
[2024-04-02T09:35:09.974+0000] {processor.py:826} INFO - Processing file /usr/local/python/3.10.13/lib/python3.10/site-packages/airflow/example_dags/example_latest_only_with_trigger.py for tasks to queue
[2024-04-02T09:35:09.976+0000] {logging_mixin.py:150} INFO - [2024-04-02T09:35:09.975+0000] {dagbag.py:541} INFO - Filling up the DagBag from /usr/local/python/3.10.13/lib/python3.10/site-packages/airflow/example_dags/example_latest_only_with_trigger.py
[2024-04-02T09:35:09.984+0000] {processor.py:836} INFO - DAG(s) dict_keys(['latest_only_with_trigger']) retrieved from /usr/local/python/3.10.13/lib/python3.10/site-packages/airflow/example_dags/example_latest_only_with_trigger.py
[2024-04-02T09:35:10.003+0000] {logging_mixin.py:150} INFO - [2024-04-02T09:35:10.002+0000] {dag.py:2742} INFO - Sync 1 DAGs
[2024-04-02T09:35:10.027+0000] {logging_mixin.py:150} INFO - [2024-04-02T09:35:10.026+0000] {dag.py:3504} INFO - Setting next_dagrun for latest_only_with_trigger to 2024-04-02T05:35:10.026708+00:00, run_after=2024-04-02T09:35:10.026708+00:00
[2024-04-02T09:35:10.074+0000] {processor.py:179} INFO - Processing /usr/local/python/3.10.13/lib/python3.10/site-packages/airflow/example_dags/example_latest_only_with_trigger.py took 0.104 seconds
[2024-04-02T09:35:46.503+0000] {processor.py:157} INFO - Started process (PID=29517) to work on /usr/local/python/3.10.13/lib/python3.10/site-packages/airflow/example_dags/example_latest_only_with_trigger.py
[2024-04-02T09:35:46.504+0000] {processor.py:826} INFO - Processing file /usr/local/python/3.10.13/lib/python3.10/site-packages/airflow/example_dags/example_latest_only_with_trigger.py for tasks to queue
[2024-04-02T09:35:46.505+0000] {logging_mixin.py:150} INFO - [2024-04-02T09:35:46.505+0000] {dagbag.py:541} INFO - Filling up the DagBag from /usr/local/python/3.10.13/lib/python3.10/site-packages/airflow/example_dags/example_latest_only_with_trigger.py
[2024-04-02T09:35:46.510+0000] {processor.py:836} INFO - DAG(s) dict_keys(['latest_only_with_trigger']) retrieved from /usr/local/python/3.10.13/lib/python3.10/site-packages/airflow/example_dags/example_latest_only_with_trigger.py
[2024-04-02T09:35:46.522+0000] {logging_mixin.py:150} INFO - [2024-04-02T09:35:46.522+0000] {dag.py:2742} INFO - Sync 1 DAGs
[2024-04-02T09:35:46.538+0000] {logging_mixin.py:150} INFO - [2024-04-02T09:35:46.538+0000] {dag.py:3504} INFO - Setting next_dagrun for latest_only_with_trigger to 2024-04-02T05:35:46.537806+00:00, run_after=2024-04-02T09:35:46.537806+00:00
[2024-04-02T09:35:46.575+0000] {processor.py:179} INFO - Processing /usr/local/python/3.10.13/lib/python3.10/site-packages/airflow/example_dags/example_latest_only_with_trigger.py took 0.074 seconds
[2024-04-02T09:36:41.056+0000] {processor.py:157} INFO - Started process (PID=29882) to work on /usr/local/python/3.10.13/lib/python3.10/site-packages/airflow/example_dags/example_latest_only_with_trigger.py
[2024-04-02T09:36:41.057+0000] {processor.py:826} INFO - Processing file /usr/local/python/3.10.13/lib/python3.10/site-packages/airflow/example_dags/example_latest_only_with_trigger.py for tasks to queue
[2024-04-02T09:36:41.058+0000] {logging_mixin.py:150} INFO - [2024-04-02T09:36:41.057+0000] {dagbag.py:541} INFO - Filling up the DagBag from /usr/local/python/3.10.13/lib/python3.10/site-packages/airflow/example_dags/example_latest_only_with_trigger.py
[2024-04-02T09:36:41.063+0000] {processor.py:836} INFO - DAG(s) dict_keys(['latest_only_with_trigger']) retrieved from /usr/local/python/3.10.13/lib/python3.10/site-packages/airflow/example_dags/example_latest_only_with_trigger.py
[2024-04-02T09:36:41.075+0000] {logging_mixin.py:150} INFO - [2024-04-02T09:36:41.075+0000] {dag.py:2742} INFO - Sync 1 DAGs
[2024-04-02T09:36:41.090+0000] {logging_mixin.py:150} INFO - [2024-04-02T09:36:41.090+0000] {dag.py:3504} INFO - Setting next_dagrun for latest_only_with_trigger to 2024-04-02T05:36:41.090691+00:00, run_after=2024-04-02T09:36:41.090691+00:00
[2024-04-02T09:36:41.133+0000] {processor.py:179} INFO - Processing /usr/local/python/3.10.13/lib/python3.10/site-packages/airflow/example_dags/example_latest_only_with_trigger.py took 0.079 seconds
[2024-04-02T09:37:20.086+0000] {processor.py:157} INFO - Started process (PID=30153) to work on /usr/local/python/3.10.13/lib/python3.10/site-packages/airflow/example_dags/example_latest_only_with_trigger.py
[2024-04-02T09:37:20.087+0000] {processor.py:826} INFO - Processing file /usr/local/python/3.10.13/lib/python3.10/site-packages/airflow/example_dags/example_latest_only_with_trigger.py for tasks to queue
[2024-04-02T09:37:20.088+0000] {logging_mixin.py:150} INFO - [2024-04-02T09:37:20.088+0000] {dagbag.py:541} INFO - Filling up the DagBag from /usr/local/python/3.10.13/lib/python3.10/site-packages/airflow/example_dags/example_latest_only_with_trigger.py
[2024-04-02T09:37:20.093+0000] {processor.py:836} INFO - DAG(s) dict_keys(['latest_only_with_trigger']) retrieved from /usr/local/python/3.10.13/lib/python3.10/site-packages/airflow/example_dags/example_latest_only_with_trigger.py
[2024-04-02T09:37:20.106+0000] {logging_mixin.py:150} INFO - [2024-04-02T09:37:20.105+0000] {dag.py:2742} INFO - Sync 1 DAGs
[2024-04-02T09:37:20.121+0000] {logging_mixin.py:150} INFO - [2024-04-02T09:37:20.121+0000] {dag.py:3504} INFO - Setting next_dagrun for latest_only_with_trigger to 2024-04-02T05:37:20.121208+00:00, run_after=2024-04-02T09:37:20.121208+00:00
[2024-04-02T09:37:20.161+0000] {processor.py:179} INFO - Processing /usr/local/python/3.10.13/lib/python3.10/site-packages/airflow/example_dags/example_latest_only_with_trigger.py took 0.077 seconds
[2024-04-02T09:38:15.521+0000] {processor.py:157} INFO - Started process (PID=30519) to work on /usr/local/python/3.10.13/lib/python3.10/site-packages/airflow/example_dags/example_latest_only_with_trigger.py
[2024-04-02T09:38:15.522+0000] {processor.py:826} INFO - Processing file /usr/local/python/3.10.13/lib/python3.10/site-packages/airflow/example_dags/example_latest_only_with_trigger.py for tasks to queue
[2024-04-02T09:38:15.523+0000] {logging_mixin.py:150} INFO - [2024-04-02T09:38:15.522+0000] {dagbag.py:541} INFO - Filling up the DagBag from /usr/local/python/3.10.13/lib/python3.10/site-packages/airflow/example_dags/example_latest_only_with_trigger.py
[2024-04-02T09:38:15.528+0000] {processor.py:836} INFO - DAG(s) dict_keys(['latest_only_with_trigger']) retrieved from /usr/local/python/3.10.13/lib/python3.10/site-packages/airflow/example_dags/example_latest_only_with_trigger.py
[2024-04-02T09:38:15.540+0000] {logging_mixin.py:150} INFO - [2024-04-02T09:38:15.540+0000] {dag.py:2742} INFO - Sync 1 DAGs
[2024-04-02T09:38:15.556+0000] {logging_mixin.py:150} INFO - [2024-04-02T09:38:15.555+0000] {dag.py:3504} INFO - Setting next_dagrun for latest_only_with_trigger to 2024-04-02T05:38:15.555783+00:00, run_after=2024-04-02T09:38:15.555783+00:00
[2024-04-02T09:38:15.596+0000] {processor.py:179} INFO - Processing /usr/local/python/3.10.13/lib/python3.10/site-packages/airflow/example_dags/example_latest_only_with_trigger.py took 0.078 seconds
[2024-04-02T09:39:11.938+0000] {processor.py:157} INFO - Started process (PID=30906) to work on /usr/local/python/3.10.13/lib/python3.10/site-packages/airflow/example_dags/example_latest_only_with_trigger.py
[2024-04-02T09:39:11.939+0000] {processor.py:826} INFO - Processing file /usr/local/python/3.10.13/lib/python3.10/site-packages/airflow/example_dags/example_latest_only_with_trigger.py for tasks to queue
[2024-04-02T09:39:11.940+0000] {logging_mixin.py:150} INFO - [2024-04-02T09:39:11.940+0000] {dagbag.py:541} INFO - Filling up the DagBag from /usr/local/python/3.10.13/lib/python3.10/site-packages/airflow/example_dags/example_latest_only_with_trigger.py
[2024-04-02T09:39:11.947+0000] {processor.py:836} INFO - DAG(s) dict_keys(['latest_only_with_trigger']) retrieved from /usr/local/python/3.10.13/lib/python3.10/site-packages/airflow/example_dags/example_latest_only_with_trigger.py
[2024-04-02T09:39:11.960+0000] {logging_mixin.py:150} INFO - [2024-04-02T09:39:11.960+0000] {dag.py:2742} INFO - Sync 1 DAGs
[2024-04-02T09:39:11.976+0000] {logging_mixin.py:150} INFO - [2024-04-02T09:39:11.975+0000] {dag.py:3504} INFO - Setting next_dagrun for latest_only_with_trigger to 2024-04-02T05:39:11.975737+00:00, run_after=2024-04-02T09:39:11.975737+00:00
[2024-04-02T09:39:12.016+0000] {processor.py:179} INFO - Processing /usr/local/python/3.10.13/lib/python3.10/site-packages/airflow/example_dags/example_latest_only_with_trigger.py took 0.081 seconds
[2024-04-02T09:39:50.486+0000] {processor.py:157} INFO - Started process (PID=31212) to work on /usr/local/python/3.10.13/lib/python3.10/site-packages/airflow/example_dags/example_latest_only_with_trigger.py
[2024-04-02T09:39:50.487+0000] {processor.py:826} INFO - Processing file /usr/local/python/3.10.13/lib/python3.10/site-packages/airflow/example_dags/example_latest_only_with_trigger.py for tasks to queue
[2024-04-02T09:39:50.487+0000] {logging_mixin.py:150} INFO - [2024-04-02T09:39:50.487+0000] {dagbag.py:541} INFO - Filling up the DagBag from /usr/local/python/3.10.13/lib/python3.10/site-packages/airflow/example_dags/example_latest_only_with_trigger.py
[2024-04-02T09:39:50.492+0000] {processor.py:836} INFO - DAG(s) dict_keys(['latest_only_with_trigger']) retrieved from /usr/local/python/3.10.13/lib/python3.10/site-packages/airflow/example_dags/example_latest_only_with_trigger.py
[2024-04-02T09:39:50.504+0000] {logging_mixin.py:150} INFO - [2024-04-02T09:39:50.504+0000] {dag.py:2742} INFO - Sync 1 DAGs
[2024-04-02T09:39:50.519+0000] {logging_mixin.py:150} INFO - [2024-04-02T09:39:50.519+0000] {dag.py:3504} INFO - Setting next_dagrun for latest_only_with_trigger to 2024-04-02T05:39:50.519550+00:00, run_after=2024-04-02T09:39:50.519550+00:00
[2024-04-02T09:39:50.565+0000] {processor.py:179} INFO - Processing /usr/local/python/3.10.13/lib/python3.10/site-packages/airflow/example_dags/example_latest_only_with_trigger.py took 0.081 seconds
[2024-04-02T09:40:29.404+0000] {processor.py:157} INFO - Started process (PID=31481) to work on /usr/local/python/3.10.13/lib/python3.10/site-packages/airflow/example_dags/example_latest_only_with_trigger.py
[2024-04-02T09:40:29.405+0000] {processor.py:826} INFO - Processing file /usr/local/python/3.10.13/lib/python3.10/site-packages/airflow/example_dags/example_latest_only_with_trigger.py for tasks to queue
[2024-04-02T09:40:29.406+0000] {logging_mixin.py:150} INFO - [2024-04-02T09:40:29.405+0000] {dagbag.py:541} INFO - Filling up the DagBag from /usr/local/python/3.10.13/lib/python3.10/site-packages/airflow/example_dags/example_latest_only_with_trigger.py
[2024-04-02T09:40:29.413+0000] {processor.py:836} INFO - DAG(s) dict_keys(['latest_only_with_trigger']) retrieved from /usr/local/python/3.10.13/lib/python3.10/site-packages/airflow/example_dags/example_latest_only_with_trigger.py
[2024-04-02T09:40:29.431+0000] {logging_mixin.py:150} INFO - [2024-04-02T09:40:29.431+0000] {dag.py:2742} INFO - Sync 1 DAGs
[2024-04-02T09:40:29.454+0000] {logging_mixin.py:150} INFO - [2024-04-02T09:40:29.454+0000] {dag.py:3504} INFO - Setting next_dagrun for latest_only_with_trigger to 2024-04-02T05:40:29.453885+00:00, run_after=2024-04-02T09:40:29.453885+00:00
[2024-04-02T09:40:29.510+0000] {processor.py:179} INFO - Processing /usr/local/python/3.10.13/lib/python3.10/site-packages/airflow/example_dags/example_latest_only_with_trigger.py took 0.110 seconds
[2024-04-02T09:41:25.492+0000] {processor.py:157} INFO - Started process (PID=31873) to work on /usr/local/python/3.10.13/lib/python3.10/site-packages/airflow/example_dags/example_latest_only_with_trigger.py
[2024-04-02T09:41:25.493+0000] {processor.py:826} INFO - Processing file /usr/local/python/3.10.13/lib/python3.10/site-packages/airflow/example_dags/example_latest_only_with_trigger.py for tasks to queue
[2024-04-02T09:41:25.493+0000] {logging_mixin.py:150} INFO - [2024-04-02T09:41:25.493+0000] {dagbag.py:541} INFO - Filling up the DagBag from /usr/local/python/3.10.13/lib/python3.10/site-packages/airflow/example_dags/example_latest_only_with_trigger.py
[2024-04-02T09:41:25.499+0000] {processor.py:836} INFO - DAG(s) dict_keys(['latest_only_with_trigger']) retrieved from /usr/local/python/3.10.13/lib/python3.10/site-packages/airflow/example_dags/example_latest_only_with_trigger.py
[2024-04-02T09:41:25.511+0000] {logging_mixin.py:150} INFO - [2024-04-02T09:41:25.511+0000] {dag.py:2742} INFO - Sync 1 DAGs
[2024-04-02T09:41:25.526+0000] {logging_mixin.py:150} INFO - [2024-04-02T09:41:25.526+0000] {dag.py:3504} INFO - Setting next_dagrun for latest_only_with_trigger to 2024-04-02T05:41:25.526325+00:00, run_after=2024-04-02T09:41:25.526325+00:00
[2024-04-02T09:41:25.573+0000] {processor.py:179} INFO - Processing /usr/local/python/3.10.13/lib/python3.10/site-packages/airflow/example_dags/example_latest_only_with_trigger.py took 0.083 seconds
[2024-04-02T09:42:21.189+0000] {processor.py:157} INFO - Started process (PID=32245) to work on /usr/local/python/3.10.13/lib/python3.10/site-packages/airflow/example_dags/example_latest_only_with_trigger.py
[2024-04-02T09:42:21.190+0000] {processor.py:826} INFO - Processing file /usr/local/python/3.10.13/lib/python3.10/site-packages/airflow/example_dags/example_latest_only_with_trigger.py for tasks to queue
[2024-04-02T09:42:21.190+0000] {logging_mixin.py:150} INFO - [2024-04-02T09:42:21.190+0000] {dagbag.py:541} INFO - Filling up the DagBag from /usr/local/python/3.10.13/lib/python3.10/site-packages/airflow/example_dags/example_latest_only_with_trigger.py
[2024-04-02T09:42:21.195+0000] {processor.py:836} INFO - DAG(s) dict_keys(['latest_only_with_trigger']) retrieved from /usr/local/python/3.10.13/lib/python3.10/site-packages/airflow/example_dags/example_latest_only_with_trigger.py
[2024-04-02T09:42:21.212+0000] {logging_mixin.py:150} INFO - [2024-04-02T09:42:21.211+0000] {dag.py:2742} INFO - Sync 1 DAGs
[2024-04-02T09:42:21.238+0000] {logging_mixin.py:150} INFO - [2024-04-02T09:42:21.238+0000] {dag.py:3504} INFO - Setting next_dagrun for latest_only_with_trigger to 2024-04-02T05:42:21.237826+00:00, run_after=2024-04-02T09:42:21.237826+00:00
[2024-04-02T09:42:21.282+0000] {processor.py:179} INFO - Processing /usr/local/python/3.10.13/lib/python3.10/site-packages/airflow/example_dags/example_latest_only_with_trigger.py took 0.096 seconds
[2024-04-02T09:43:00.841+0000] {processor.py:157} INFO - Started process (PID=32517) to work on /usr/local/python/3.10.13/lib/python3.10/site-packages/airflow/example_dags/example_latest_only_with_trigger.py
[2024-04-02T09:43:00.842+0000] {processor.py:826} INFO - Processing file /usr/local/python/3.10.13/lib/python3.10/site-packages/airflow/example_dags/example_latest_only_with_trigger.py for tasks to queue
[2024-04-02T09:43:00.843+0000] {logging_mixin.py:150} INFO - [2024-04-02T09:43:00.842+0000] {dagbag.py:541} INFO - Filling up the DagBag from /usr/local/python/3.10.13/lib/python3.10/site-packages/airflow/example_dags/example_latest_only_with_trigger.py
[2024-04-02T09:43:00.848+0000] {processor.py:836} INFO - DAG(s) dict_keys(['latest_only_with_trigger']) retrieved from /usr/local/python/3.10.13/lib/python3.10/site-packages/airflow/example_dags/example_latest_only_with_trigger.py
[2024-04-02T09:43:00.859+0000] {logging_mixin.py:150} INFO - [2024-04-02T09:43:00.859+0000] {dag.py:2742} INFO - Sync 1 DAGs
[2024-04-02T09:43:00.875+0000] {logging_mixin.py:150} INFO - [2024-04-02T09:43:00.875+0000] {dag.py:3504} INFO - Setting next_dagrun for latest_only_with_trigger to 2024-04-02T05:43:00.875414+00:00, run_after=2024-04-02T09:43:00.875414+00:00
[2024-04-02T09:43:00.914+0000] {processor.py:179} INFO - Processing /usr/local/python/3.10.13/lib/python3.10/site-packages/airflow/example_dags/example_latest_only_with_trigger.py took 0.075 seconds
[2024-04-02T09:43:41.943+0000] {processor.py:157} INFO - Started process (PID=32798) to work on /usr/local/python/3.10.13/lib/python3.10/site-packages/airflow/example_dags/example_latest_only_with_trigger.py
[2024-04-02T09:43:41.944+0000] {processor.py:826} INFO - Processing file /usr/local/python/3.10.13/lib/python3.10/site-packages/airflow/example_dags/example_latest_only_with_trigger.py for tasks to queue
[2024-04-02T09:43:41.945+0000] {logging_mixin.py:150} INFO - [2024-04-02T09:43:41.944+0000] {dagbag.py:541} INFO - Filling up the DagBag from /usr/local/python/3.10.13/lib/python3.10/site-packages/airflow/example_dags/example_latest_only_with_trigger.py
[2024-04-02T09:43:41.950+0000] {processor.py:836} INFO - DAG(s) dict_keys(['latest_only_with_trigger']) retrieved from /usr/local/python/3.10.13/lib/python3.10/site-packages/airflow/example_dags/example_latest_only_with_trigger.py
[2024-04-02T09:43:41.962+0000] {logging_mixin.py:150} INFO - [2024-04-02T09:43:41.962+0000] {dag.py:2742} INFO - Sync 1 DAGs
[2024-04-02T09:43:41.977+0000] {logging_mixin.py:150} INFO - [2024-04-02T09:43:41.977+0000] {dag.py:3504} INFO - Setting next_dagrun for latest_only_with_trigger to 2024-04-02T05:43:41.977281+00:00, run_after=2024-04-02T09:43:41.977281+00:00
[2024-04-02T09:43:42.016+0000] {processor.py:179} INFO - Processing /usr/local/python/3.10.13/lib/python3.10/site-packages/airflow/example_dags/example_latest_only_with_trigger.py took 0.075 seconds
