[2024-04-02T08:57:13.766+0000] {processor.py:157} INFO - Started process (PID=11588) to work on /usr/local/python/3.10.13/lib/python3.10/site-packages/airflow/example_dags/example_branch_operator_decorator.py
[2024-04-02T08:57:13.767+0000] {processor.py:826} INFO - Processing file /usr/local/python/3.10.13/lib/python3.10/site-packages/airflow/example_dags/example_branch_operator_decorator.py for tasks to queue
[2024-04-02T08:57:13.768+0000] {logging_mixin.py:150} INFO - [2024-04-02T08:57:13.767+0000] {dagbag.py:541} INFO - Filling up the DagBag from /usr/local/python/3.10.13/lib/python3.10/site-packages/airflow/example_dags/example_branch_operator_decorator.py
[2024-04-02T08:57:13.776+0000] {processor.py:836} INFO - DAG(s) dict_keys(['example_branch_python_operator_decorator']) retrieved from /usr/local/python/3.10.13/lib/python3.10/site-packages/airflow/example_dags/example_branch_operator_decorator.py
[2024-04-02T08:57:13.922+0000] {logging_mixin.py:150} INFO - [2024-04-02T08:57:13.922+0000] {dag.py:2742} INFO - Sync 1 DAGs
[2024-04-02T08:57:13.948+0000] {logging_mixin.py:150} INFO - [2024-04-02T08:57:13.948+0000] {dag.py:3504} INFO - Setting next_dagrun for example_branch_python_operator_decorator to 2024-04-01T00:00:00+00:00, run_after=2024-04-02T00:00:00+00:00
[2024-04-02T08:57:13.998+0000] {processor.py:179} INFO - Processing /usr/local/python/3.10.13/lib/python3.10/site-packages/airflow/example_dags/example_branch_operator_decorator.py took 0.233 seconds
[2024-04-02T08:58:20.628+0000] {processor.py:157} INFO - Started process (PID=12607) to work on /usr/local/python/3.10.13/lib/python3.10/site-packages/airflow/example_dags/example_branch_operator_decorator.py
[2024-04-02T08:58:20.629+0000] {processor.py:826} INFO - Processing file /usr/local/python/3.10.13/lib/python3.10/site-packages/airflow/example_dags/example_branch_operator_decorator.py for tasks to queue
[2024-04-02T08:58:20.629+0000] {logging_mixin.py:150} INFO - [2024-04-02T08:58:20.629+0000] {dagbag.py:541} INFO - Filling up the DagBag from /usr/local/python/3.10.13/lib/python3.10/site-packages/airflow/example_dags/example_branch_operator_decorator.py
[2024-04-02T08:58:20.637+0000] {processor.py:836} INFO - DAG(s) dict_keys(['example_branch_python_operator_decorator']) retrieved from /usr/local/python/3.10.13/lib/python3.10/site-packages/airflow/example_dags/example_branch_operator_decorator.py
[2024-04-02T08:58:20.651+0000] {logging_mixin.py:150} INFO - [2024-04-02T08:58:20.651+0000] {dag.py:2742} INFO - Sync 1 DAGs
[2024-04-02T08:58:20.677+0000] {logging_mixin.py:150} INFO - [2024-04-02T08:58:20.677+0000] {dag.py:3504} INFO - Setting next_dagrun for example_branch_python_operator_decorator to 2024-04-01T00:00:00+00:00, run_after=2024-04-02T00:00:00+00:00
[2024-04-02T08:58:20.725+0000] {processor.py:179} INFO - Processing /usr/local/python/3.10.13/lib/python3.10/site-packages/airflow/example_dags/example_branch_operator_decorator.py took 0.100 seconds
[2024-04-02T09:00:15.967+0000] {processor.py:157} INFO - Started process (PID=14247) to work on /usr/local/python/3.10.13/lib/python3.10/site-packages/airflow/example_dags/example_branch_operator_decorator.py
[2024-04-02T09:00:15.967+0000] {processor.py:826} INFO - Processing file /usr/local/python/3.10.13/lib/python3.10/site-packages/airflow/example_dags/example_branch_operator_decorator.py for tasks to queue
[2024-04-02T09:00:15.968+0000] {logging_mixin.py:150} INFO - [2024-04-02T09:00:15.968+0000] {dagbag.py:541} INFO - Filling up the DagBag from /usr/local/python/3.10.13/lib/python3.10/site-packages/airflow/example_dags/example_branch_operator_decorator.py
[2024-04-02T09:00:15.976+0000] {processor.py:836} INFO - DAG(s) dict_keys(['example_branch_python_operator_decorator']) retrieved from /usr/local/python/3.10.13/lib/python3.10/site-packages/airflow/example_dags/example_branch_operator_decorator.py
[2024-04-02T09:00:15.991+0000] {logging_mixin.py:150} INFO - [2024-04-02T09:00:15.990+0000] {dag.py:2742} INFO - Sync 1 DAGs
[2024-04-02T09:00:16.007+0000] {logging_mixin.py:150} INFO - [2024-04-02T09:00:16.007+0000] {dag.py:3504} INFO - Setting next_dagrun for example_branch_python_operator_decorator to 2024-04-01T00:00:00+00:00, run_after=2024-04-02T00:00:00+00:00
[2024-04-02T09:00:16.080+0000] {processor.py:179} INFO - Processing /usr/local/python/3.10.13/lib/python3.10/site-packages/airflow/example_dags/example_branch_operator_decorator.py took 0.115 seconds
[2024-04-02T09:01:03.447+0000] {processor.py:157} INFO - Started process (PID=14603) to work on /usr/local/python/3.10.13/lib/python3.10/site-packages/airflow/example_dags/example_branch_operator_decorator.py
[2024-04-02T09:01:03.448+0000] {processor.py:826} INFO - Processing file /usr/local/python/3.10.13/lib/python3.10/site-packages/airflow/example_dags/example_branch_operator_decorator.py for tasks to queue
[2024-04-02T09:01:03.449+0000] {logging_mixin.py:150} INFO - [2024-04-02T09:01:03.448+0000] {dagbag.py:541} INFO - Filling up the DagBag from /usr/local/python/3.10.13/lib/python3.10/site-packages/airflow/example_dags/example_branch_operator_decorator.py
[2024-04-02T09:01:03.457+0000] {processor.py:836} INFO - DAG(s) dict_keys(['example_branch_python_operator_decorator']) retrieved from /usr/local/python/3.10.13/lib/python3.10/site-packages/airflow/example_dags/example_branch_operator_decorator.py
[2024-04-02T09:01:03.471+0000] {logging_mixin.py:150} INFO - [2024-04-02T09:01:03.471+0000] {dag.py:2742} INFO - Sync 1 DAGs
[2024-04-02T09:01:03.488+0000] {logging_mixin.py:150} INFO - [2024-04-02T09:01:03.488+0000] {dag.py:3504} INFO - Setting next_dagrun for example_branch_python_operator_decorator to 2024-04-01T00:00:00+00:00, run_after=2024-04-02T00:00:00+00:00
[2024-04-02T09:01:03.526+0000] {processor.py:179} INFO - Processing /usr/local/python/3.10.13/lib/python3.10/site-packages/airflow/example_dags/example_branch_operator_decorator.py took 0.081 seconds
[2024-04-02T09:02:01.816+0000] {processor.py:157} INFO - Started process (PID=15057) to work on /usr/local/python/3.10.13/lib/python3.10/site-packages/airflow/example_dags/example_branch_operator_decorator.py
[2024-04-02T09:02:01.820+0000] {processor.py:826} INFO - Processing file /usr/local/python/3.10.13/lib/python3.10/site-packages/airflow/example_dags/example_branch_operator_decorator.py for tasks to queue
[2024-04-02T09:02:01.821+0000] {logging_mixin.py:150} INFO - [2024-04-02T09:02:01.821+0000] {dagbag.py:541} INFO - Filling up the DagBag from /usr/local/python/3.10.13/lib/python3.10/site-packages/airflow/example_dags/example_branch_operator_decorator.py
[2024-04-02T09:02:01.850+0000] {processor.py:836} INFO - DAG(s) dict_keys(['example_branch_python_operator_decorator']) retrieved from /usr/local/python/3.10.13/lib/python3.10/site-packages/airflow/example_dags/example_branch_operator_decorator.py
[2024-04-02T09:02:01.890+0000] {logging_mixin.py:150} INFO - [2024-04-02T09:02:01.890+0000] {dag.py:2742} INFO - Sync 1 DAGs
[2024-04-02T09:02:01.914+0000] {logging_mixin.py:150} INFO - [2024-04-02T09:02:01.914+0000] {dag.py:3504} INFO - Setting next_dagrun for example_branch_python_operator_decorator to 2024-04-01T00:00:00+00:00, run_after=2024-04-02T00:00:00+00:00
[2024-04-02T09:02:01.958+0000] {processor.py:179} INFO - Processing /usr/local/python/3.10.13/lib/python3.10/site-packages/airflow/example_dags/example_branch_operator_decorator.py took 0.148 seconds
[2024-04-02T09:03:00.682+0000] {processor.py:157} INFO - Started process (PID=15475) to work on /usr/local/python/3.10.13/lib/python3.10/site-packages/airflow/example_dags/example_branch_operator_decorator.py
[2024-04-02T09:03:00.683+0000] {processor.py:826} INFO - Processing file /usr/local/python/3.10.13/lib/python3.10/site-packages/airflow/example_dags/example_branch_operator_decorator.py for tasks to queue
[2024-04-02T09:03:00.683+0000] {logging_mixin.py:150} INFO - [2024-04-02T09:03:00.683+0000] {dagbag.py:541} INFO - Filling up the DagBag from /usr/local/python/3.10.13/lib/python3.10/site-packages/airflow/example_dags/example_branch_operator_decorator.py
[2024-04-02T09:03:00.692+0000] {processor.py:836} INFO - DAG(s) dict_keys(['example_branch_python_operator_decorator']) retrieved from /usr/local/python/3.10.13/lib/python3.10/site-packages/airflow/example_dags/example_branch_operator_decorator.py
[2024-04-02T09:03:00.706+0000] {logging_mixin.py:150} INFO - [2024-04-02T09:03:00.706+0000] {dag.py:2742} INFO - Sync 1 DAGs
[2024-04-02T09:03:00.723+0000] {logging_mixin.py:150} INFO - [2024-04-02T09:03:00.723+0000] {dag.py:3504} INFO - Setting next_dagrun for example_branch_python_operator_decorator to 2024-04-01T00:00:00+00:00, run_after=2024-04-02T00:00:00+00:00
[2024-04-02T09:03:00.765+0000] {processor.py:179} INFO - Processing /usr/local/python/3.10.13/lib/python3.10/site-packages/airflow/example_dags/example_branch_operator_decorator.py took 0.085 seconds
[2024-04-02T09:03:59.206+0000] {processor.py:157} INFO - Started process (PID=15872) to work on /usr/local/python/3.10.13/lib/python3.10/site-packages/airflow/example_dags/example_branch_operator_decorator.py
[2024-04-02T09:03:59.207+0000] {processor.py:826} INFO - Processing file /usr/local/python/3.10.13/lib/python3.10/site-packages/airflow/example_dags/example_branch_operator_decorator.py for tasks to queue
[2024-04-02T09:03:59.208+0000] {logging_mixin.py:150} INFO - [2024-04-02T09:03:59.208+0000] {dagbag.py:541} INFO - Filling up the DagBag from /usr/local/python/3.10.13/lib/python3.10/site-packages/airflow/example_dags/example_branch_operator_decorator.py
[2024-04-02T09:03:59.220+0000] {processor.py:836} INFO - DAG(s) dict_keys(['example_branch_python_operator_decorator']) retrieved from /usr/local/python/3.10.13/lib/python3.10/site-packages/airflow/example_dags/example_branch_operator_decorator.py
[2024-04-02T09:03:59.242+0000] {logging_mixin.py:150} INFO - [2024-04-02T09:03:59.242+0000] {dag.py:2742} INFO - Sync 1 DAGs
[2024-04-02T09:03:59.268+0000] {logging_mixin.py:150} INFO - [2024-04-02T09:03:59.268+0000] {dag.py:3504} INFO - Setting next_dagrun for example_branch_python_operator_decorator to 2024-04-01T00:00:00+00:00, run_after=2024-04-02T00:00:00+00:00
[2024-04-02T09:03:59.318+0000] {processor.py:179} INFO - Processing /usr/local/python/3.10.13/lib/python3.10/site-packages/airflow/example_dags/example_branch_operator_decorator.py took 0.116 seconds
[2024-04-02T09:04:50.805+0000] {processor.py:157} INFO - Started process (PID=16252) to work on /usr/local/python/3.10.13/lib/python3.10/site-packages/airflow/example_dags/example_branch_operator_decorator.py
[2024-04-02T09:04:50.806+0000] {processor.py:826} INFO - Processing file /usr/local/python/3.10.13/lib/python3.10/site-packages/airflow/example_dags/example_branch_operator_decorator.py for tasks to queue
[2024-04-02T09:04:50.807+0000] {logging_mixin.py:150} INFO - [2024-04-02T09:04:50.806+0000] {dagbag.py:541} INFO - Filling up the DagBag from /usr/local/python/3.10.13/lib/python3.10/site-packages/airflow/example_dags/example_branch_operator_decorator.py
[2024-04-02T09:04:50.815+0000] {processor.py:836} INFO - DAG(s) dict_keys(['example_branch_python_operator_decorator']) retrieved from /usr/local/python/3.10.13/lib/python3.10/site-packages/airflow/example_dags/example_branch_operator_decorator.py
[2024-04-02T09:04:50.828+0000] {logging_mixin.py:150} INFO - [2024-04-02T09:04:50.828+0000] {dag.py:2742} INFO - Sync 1 DAGs
[2024-04-02T09:04:50.845+0000] {logging_mixin.py:150} INFO - [2024-04-02T09:04:50.845+0000] {dag.py:3504} INFO - Setting next_dagrun for example_branch_python_operator_decorator to 2024-04-01T00:00:00+00:00, run_after=2024-04-02T00:00:00+00:00
[2024-04-02T09:04:50.884+0000] {processor.py:179} INFO - Processing /usr/local/python/3.10.13/lib/python3.10/site-packages/airflow/example_dags/example_branch_operator_decorator.py took 0.081 seconds
[2024-04-02T09:05:50.239+0000] {processor.py:157} INFO - Started process (PID=16659) to work on /usr/local/python/3.10.13/lib/python3.10/site-packages/airflow/example_dags/example_branch_operator_decorator.py
[2024-04-02T09:05:50.240+0000] {processor.py:826} INFO - Processing file /usr/local/python/3.10.13/lib/python3.10/site-packages/airflow/example_dags/example_branch_operator_decorator.py for tasks to queue
[2024-04-02T09:05:50.242+0000] {logging_mixin.py:150} INFO - [2024-04-02T09:05:50.241+0000] {dagbag.py:541} INFO - Filling up the DagBag from /usr/local/python/3.10.13/lib/python3.10/site-packages/airflow/example_dags/example_branch_operator_decorator.py
[2024-04-02T09:05:50.256+0000] {processor.py:836} INFO - DAG(s) dict_keys(['example_branch_python_operator_decorator']) retrieved from /usr/local/python/3.10.13/lib/python3.10/site-packages/airflow/example_dags/example_branch_operator_decorator.py
[2024-04-02T09:05:50.287+0000] {logging_mixin.py:150} INFO - [2024-04-02T09:05:50.286+0000] {dag.py:2742} INFO - Sync 1 DAGs
[2024-04-02T09:05:50.314+0000] {logging_mixin.py:150} INFO - [2024-04-02T09:05:50.314+0000] {dag.py:3504} INFO - Setting next_dagrun for example_branch_python_operator_decorator to 2024-04-01T00:00:00+00:00, run_after=2024-04-02T00:00:00+00:00
[2024-04-02T09:05:50.379+0000] {processor.py:179} INFO - Processing /usr/local/python/3.10.13/lib/python3.10/site-packages/airflow/example_dags/example_branch_operator_decorator.py took 0.143 seconds
[2024-04-02T09:06:52.127+0000] {processor.py:157} INFO - Started process (PID=17514) to work on /usr/local/python/3.10.13/lib/python3.10/site-packages/airflow/example_dags/example_branch_operator_decorator.py
[2024-04-02T09:06:52.128+0000] {processor.py:826} INFO - Processing file /usr/local/python/3.10.13/lib/python3.10/site-packages/airflow/example_dags/example_branch_operator_decorator.py for tasks to queue
[2024-04-02T09:06:52.129+0000] {logging_mixin.py:150} INFO - [2024-04-02T09:06:52.128+0000] {dagbag.py:541} INFO - Filling up the DagBag from /usr/local/python/3.10.13/lib/python3.10/site-packages/airflow/example_dags/example_branch_operator_decorator.py
[2024-04-02T09:06:52.142+0000] {processor.py:836} INFO - DAG(s) dict_keys(['example_branch_python_operator_decorator']) retrieved from /usr/local/python/3.10.13/lib/python3.10/site-packages/airflow/example_dags/example_branch_operator_decorator.py
[2024-04-02T09:06:52.173+0000] {logging_mixin.py:150} INFO - [2024-04-02T09:06:52.173+0000] {dag.py:2742} INFO - Sync 1 DAGs
[2024-04-02T09:06:52.221+0000] {logging_mixin.py:150} INFO - [2024-04-02T09:06:52.221+0000] {dag.py:3504} INFO - Setting next_dagrun for example_branch_python_operator_decorator to 2024-04-01T00:00:00+00:00, run_after=2024-04-02T00:00:00+00:00
[2024-04-02T09:06:52.280+0000] {processor.py:179} INFO - Processing /usr/local/python/3.10.13/lib/python3.10/site-packages/airflow/example_dags/example_branch_operator_decorator.py took 0.156 seconds
[2024-04-02T09:07:51.879+0000] {processor.py:157} INFO - Started process (PID=17925) to work on /usr/local/python/3.10.13/lib/python3.10/site-packages/airflow/example_dags/example_branch_operator_decorator.py
[2024-04-02T09:07:51.880+0000] {processor.py:826} INFO - Processing file /usr/local/python/3.10.13/lib/python3.10/site-packages/airflow/example_dags/example_branch_operator_decorator.py for tasks to queue
[2024-04-02T09:07:51.881+0000] {logging_mixin.py:150} INFO - [2024-04-02T09:07:51.881+0000] {dagbag.py:541} INFO - Filling up the DagBag from /usr/local/python/3.10.13/lib/python3.10/site-packages/airflow/example_dags/example_branch_operator_decorator.py
[2024-04-02T09:07:51.890+0000] {processor.py:836} INFO - DAG(s) dict_keys(['example_branch_python_operator_decorator']) retrieved from /usr/local/python/3.10.13/lib/python3.10/site-packages/airflow/example_dags/example_branch_operator_decorator.py
[2024-04-02T09:07:51.911+0000] {logging_mixin.py:150} INFO - [2024-04-02T09:07:51.911+0000] {dag.py:2742} INFO - Sync 1 DAGs
[2024-04-02T09:07:51.937+0000] {logging_mixin.py:150} INFO - [2024-04-02T09:07:51.937+0000] {dag.py:3504} INFO - Setting next_dagrun for example_branch_python_operator_decorator to 2024-04-01T00:00:00+00:00, run_after=2024-04-02T00:00:00+00:00
[2024-04-02T09:07:51.984+0000] {processor.py:179} INFO - Processing /usr/local/python/3.10.13/lib/python3.10/site-packages/airflow/example_dags/example_branch_operator_decorator.py took 0.107 seconds
[2024-04-02T09:08:47.283+0000] {processor.py:157} INFO - Started process (PID=18295) to work on /usr/local/python/3.10.13/lib/python3.10/site-packages/airflow/example_dags/example_branch_operator_decorator.py
[2024-04-02T09:08:47.284+0000] {processor.py:826} INFO - Processing file /usr/local/python/3.10.13/lib/python3.10/site-packages/airflow/example_dags/example_branch_operator_decorator.py for tasks to queue
[2024-04-02T09:08:47.285+0000] {logging_mixin.py:150} INFO - [2024-04-02T09:08:47.285+0000] {dagbag.py:541} INFO - Filling up the DagBag from /usr/local/python/3.10.13/lib/python3.10/site-packages/airflow/example_dags/example_branch_operator_decorator.py
[2024-04-02T09:08:47.298+0000] {processor.py:836} INFO - DAG(s) dict_keys(['example_branch_python_operator_decorator']) retrieved from /usr/local/python/3.10.13/lib/python3.10/site-packages/airflow/example_dags/example_branch_operator_decorator.py
[2024-04-02T09:08:47.321+0000] {logging_mixin.py:150} INFO - [2024-04-02T09:08:47.320+0000] {dag.py:2742} INFO - Sync 1 DAGs
[2024-04-02T09:08:47.348+0000] {logging_mixin.py:150} INFO - [2024-04-02T09:08:47.348+0000] {dag.py:3504} INFO - Setting next_dagrun for example_branch_python_operator_decorator to 2024-04-01T00:00:00+00:00, run_after=2024-04-02T00:00:00+00:00
[2024-04-02T09:08:47.398+0000] {processor.py:179} INFO - Processing /usr/local/python/3.10.13/lib/python3.10/site-packages/airflow/example_dags/example_branch_operator_decorator.py took 0.118 seconds
[2024-04-02T09:09:44.122+0000] {processor.py:157} INFO - Started process (PID=18720) to work on /usr/local/python/3.10.13/lib/python3.10/site-packages/airflow/example_dags/example_branch_operator_decorator.py
[2024-04-02T09:09:44.122+0000] {processor.py:826} INFO - Processing file /usr/local/python/3.10.13/lib/python3.10/site-packages/airflow/example_dags/example_branch_operator_decorator.py for tasks to queue
[2024-04-02T09:09:44.123+0000] {logging_mixin.py:150} INFO - [2024-04-02T09:09:44.123+0000] {dagbag.py:541} INFO - Filling up the DagBag from /usr/local/python/3.10.13/lib/python3.10/site-packages/airflow/example_dags/example_branch_operator_decorator.py
[2024-04-02T09:09:44.131+0000] {processor.py:836} INFO - DAG(s) dict_keys(['example_branch_python_operator_decorator']) retrieved from /usr/local/python/3.10.13/lib/python3.10/site-packages/airflow/example_dags/example_branch_operator_decorator.py
[2024-04-02T09:09:44.146+0000] {logging_mixin.py:150} INFO - [2024-04-02T09:09:44.146+0000] {dag.py:2742} INFO - Sync 1 DAGs
[2024-04-02T09:09:44.168+0000] {logging_mixin.py:150} INFO - [2024-04-02T09:09:44.168+0000] {dag.py:3504} INFO - Setting next_dagrun for example_branch_python_operator_decorator to 2024-04-01T00:00:00+00:00, run_after=2024-04-02T00:00:00+00:00
[2024-04-02T09:09:44.208+0000] {processor.py:179} INFO - Processing /usr/local/python/3.10.13/lib/python3.10/site-packages/airflow/example_dags/example_branch_operator_decorator.py took 0.089 seconds
[2024-04-02T09:10:42.978+0000] {processor.py:157} INFO - Started process (PID=19097) to work on /usr/local/python/3.10.13/lib/python3.10/site-packages/airflow/example_dags/example_branch_operator_decorator.py
[2024-04-02T09:10:42.979+0000] {processor.py:826} INFO - Processing file /usr/local/python/3.10.13/lib/python3.10/site-packages/airflow/example_dags/example_branch_operator_decorator.py for tasks to queue
[2024-04-02T09:10:42.980+0000] {logging_mixin.py:150} INFO - [2024-04-02T09:10:42.980+0000] {dagbag.py:541} INFO - Filling up the DagBag from /usr/local/python/3.10.13/lib/python3.10/site-packages/airflow/example_dags/example_branch_operator_decorator.py
[2024-04-02T09:10:42.988+0000] {processor.py:836} INFO - DAG(s) dict_keys(['example_branch_python_operator_decorator']) retrieved from /usr/local/python/3.10.13/lib/python3.10/site-packages/airflow/example_dags/example_branch_operator_decorator.py
[2024-04-02T09:10:43.001+0000] {logging_mixin.py:150} INFO - [2024-04-02T09:10:43.001+0000] {dag.py:2742} INFO - Sync 1 DAGs
[2024-04-02T09:10:43.017+0000] {logging_mixin.py:150} INFO - [2024-04-02T09:10:43.017+0000] {dag.py:3504} INFO - Setting next_dagrun for example_branch_python_operator_decorator to 2024-04-01T00:00:00+00:00, run_after=2024-04-02T00:00:00+00:00
[2024-04-02T09:10:43.056+0000] {processor.py:179} INFO - Processing /usr/local/python/3.10.13/lib/python3.10/site-packages/airflow/example_dags/example_branch_operator_decorator.py took 0.079 seconds
[2024-04-02T09:11:41.988+0000] {processor.py:157} INFO - Started process (PID=19501) to work on /usr/local/python/3.10.13/lib/python3.10/site-packages/airflow/example_dags/example_branch_operator_decorator.py
[2024-04-02T09:11:41.989+0000] {processor.py:826} INFO - Processing file /usr/local/python/3.10.13/lib/python3.10/site-packages/airflow/example_dags/example_branch_operator_decorator.py for tasks to queue
[2024-04-02T09:11:41.990+0000] {logging_mixin.py:150} INFO - [2024-04-02T09:11:41.989+0000] {dagbag.py:541} INFO - Filling up the DagBag from /usr/local/python/3.10.13/lib/python3.10/site-packages/airflow/example_dags/example_branch_operator_decorator.py
[2024-04-02T09:11:42.002+0000] {processor.py:836} INFO - DAG(s) dict_keys(['example_branch_python_operator_decorator']) retrieved from /usr/local/python/3.10.13/lib/python3.10/site-packages/airflow/example_dags/example_branch_operator_decorator.py
[2024-04-02T09:11:42.023+0000] {logging_mixin.py:150} INFO - [2024-04-02T09:11:42.023+0000] {dag.py:2742} INFO - Sync 1 DAGs
[2024-04-02T09:11:42.049+0000] {logging_mixin.py:150} INFO - [2024-04-02T09:11:42.049+0000] {dag.py:3504} INFO - Setting next_dagrun for example_branch_python_operator_decorator to 2024-04-01T00:00:00+00:00, run_after=2024-04-02T00:00:00+00:00
[2024-04-02T09:11:42.095+0000] {processor.py:179} INFO - Processing /usr/local/python/3.10.13/lib/python3.10/site-packages/airflow/example_dags/example_branch_operator_decorator.py took 0.110 seconds
[2024-04-02T09:12:41.997+0000] {processor.py:157} INFO - Started process (PID=19912) to work on /usr/local/python/3.10.13/lib/python3.10/site-packages/airflow/example_dags/example_branch_operator_decorator.py
[2024-04-02T09:12:41.997+0000] {processor.py:826} INFO - Processing file /usr/local/python/3.10.13/lib/python3.10/site-packages/airflow/example_dags/example_branch_operator_decorator.py for tasks to queue
[2024-04-02T09:12:41.998+0000] {logging_mixin.py:150} INFO - [2024-04-02T09:12:41.998+0000] {dagbag.py:541} INFO - Filling up the DagBag from /usr/local/python/3.10.13/lib/python3.10/site-packages/airflow/example_dags/example_branch_operator_decorator.py
[2024-04-02T09:12:42.011+0000] {processor.py:836} INFO - DAG(s) dict_keys(['example_branch_python_operator_decorator']) retrieved from /usr/local/python/3.10.13/lib/python3.10/site-packages/airflow/example_dags/example_branch_operator_decorator.py
[2024-04-02T09:12:42.033+0000] {logging_mixin.py:150} INFO - [2024-04-02T09:12:42.033+0000] {dag.py:2742} INFO - Sync 1 DAGs
[2024-04-02T09:12:42.060+0000] {logging_mixin.py:150} INFO - [2024-04-02T09:12:42.059+0000] {dag.py:3504} INFO - Setting next_dagrun for example_branch_python_operator_decorator to 2024-04-01T00:00:00+00:00, run_after=2024-04-02T00:00:00+00:00
[2024-04-02T09:12:42.105+0000] {processor.py:179} INFO - Processing /usr/local/python/3.10.13/lib/python3.10/site-packages/airflow/example_dags/example_branch_operator_decorator.py took 0.112 seconds
[2024-04-02T09:13:40.846+0000] {processor.py:157} INFO - Started process (PID=20316) to work on /usr/local/python/3.10.13/lib/python3.10/site-packages/airflow/example_dags/example_branch_operator_decorator.py
[2024-04-02T09:13:40.851+0000] {processor.py:826} INFO - Processing file /usr/local/python/3.10.13/lib/python3.10/site-packages/airflow/example_dags/example_branch_operator_decorator.py for tasks to queue
[2024-04-02T09:13:40.853+0000] {logging_mixin.py:150} INFO - [2024-04-02T09:13:40.852+0000] {dagbag.py:541} INFO - Filling up the DagBag from /usr/local/python/3.10.13/lib/python3.10/site-packages/airflow/example_dags/example_branch_operator_decorator.py
[2024-04-02T09:13:40.870+0000] {processor.py:836} INFO - DAG(s) dict_keys(['example_branch_python_operator_decorator']) retrieved from /usr/local/python/3.10.13/lib/python3.10/site-packages/airflow/example_dags/example_branch_operator_decorator.py
[2024-04-02T09:13:40.914+0000] {logging_mixin.py:150} INFO - [2024-04-02T09:13:40.913+0000] {dag.py:2742} INFO - Sync 1 DAGs
[2024-04-02T09:13:40.940+0000] {logging_mixin.py:150} INFO - [2024-04-02T09:13:40.940+0000] {dag.py:3504} INFO - Setting next_dagrun for example_branch_python_operator_decorator to 2024-04-01T00:00:00+00:00, run_after=2024-04-02T00:00:00+00:00
[2024-04-02T09:13:40.984+0000] {processor.py:179} INFO - Processing /usr/local/python/3.10.13/lib/python3.10/site-packages/airflow/example_dags/example_branch_operator_decorator.py took 0.153 seconds
[2024-04-02T09:14:33.142+0000] {processor.py:157} INFO - Started process (PID=20700) to work on /usr/local/python/3.10.13/lib/python3.10/site-packages/airflow/example_dags/example_branch_operator_decorator.py
[2024-04-02T09:14:33.143+0000] {processor.py:826} INFO - Processing file /usr/local/python/3.10.13/lib/python3.10/site-packages/airflow/example_dags/example_branch_operator_decorator.py for tasks to queue
[2024-04-02T09:14:33.144+0000] {logging_mixin.py:150} INFO - [2024-04-02T09:14:33.144+0000] {dagbag.py:541} INFO - Filling up the DagBag from /usr/local/python/3.10.13/lib/python3.10/site-packages/airflow/example_dags/example_branch_operator_decorator.py
[2024-04-02T09:14:33.157+0000] {processor.py:836} INFO - DAG(s) dict_keys(['example_branch_python_operator_decorator']) retrieved from /usr/local/python/3.10.13/lib/python3.10/site-packages/airflow/example_dags/example_branch_operator_decorator.py
[2024-04-02T09:14:33.178+0000] {logging_mixin.py:150} INFO - [2024-04-02T09:14:33.178+0000] {dag.py:2742} INFO - Sync 1 DAGs
[2024-04-02T09:14:33.220+0000] {logging_mixin.py:150} INFO - [2024-04-02T09:14:33.219+0000] {dag.py:3504} INFO - Setting next_dagrun for example_branch_python_operator_decorator to 2024-04-01T00:00:00+00:00, run_after=2024-04-02T00:00:00+00:00
[2024-04-02T09:14:33.281+0000] {processor.py:179} INFO - Processing /usr/local/python/3.10.13/lib/python3.10/site-packages/airflow/example_dags/example_branch_operator_decorator.py took 0.141 seconds
[2024-04-02T09:15:24.714+0000] {processor.py:157} INFO - Started process (PID=21055) to work on /usr/local/python/3.10.13/lib/python3.10/site-packages/airflow/example_dags/example_branch_operator_decorator.py
[2024-04-02T09:15:24.715+0000] {processor.py:826} INFO - Processing file /usr/local/python/3.10.13/lib/python3.10/site-packages/airflow/example_dags/example_branch_operator_decorator.py for tasks to queue
[2024-04-02T09:15:24.716+0000] {logging_mixin.py:150} INFO - [2024-04-02T09:15:24.715+0000] {dagbag.py:541} INFO - Filling up the DagBag from /usr/local/python/3.10.13/lib/python3.10/site-packages/airflow/example_dags/example_branch_operator_decorator.py
[2024-04-02T09:15:24.728+0000] {processor.py:836} INFO - DAG(s) dict_keys(['example_branch_python_operator_decorator']) retrieved from /usr/local/python/3.10.13/lib/python3.10/site-packages/airflow/example_dags/example_branch_operator_decorator.py
[2024-04-02T09:15:24.749+0000] {logging_mixin.py:150} INFO - [2024-04-02T09:15:24.749+0000] {dag.py:2742} INFO - Sync 1 DAGs
[2024-04-02T09:15:24.773+0000] {logging_mixin.py:150} INFO - [2024-04-02T09:15:24.773+0000] {dag.py:3504} INFO - Setting next_dagrun for example_branch_python_operator_decorator to 2024-04-01T00:00:00+00:00, run_after=2024-04-02T00:00:00+00:00
[2024-04-02T09:15:24.818+0000] {processor.py:179} INFO - Processing /usr/local/python/3.10.13/lib/python3.10/site-packages/airflow/example_dags/example_branch_operator_decorator.py took 0.111 seconds
[2024-04-02T09:16:20.570+0000] {processor.py:157} INFO - Started process (PID=21429) to work on /usr/local/python/3.10.13/lib/python3.10/site-packages/airflow/example_dags/example_branch_operator_decorator.py
[2024-04-02T09:16:20.570+0000] {processor.py:826} INFO - Processing file /usr/local/python/3.10.13/lib/python3.10/site-packages/airflow/example_dags/example_branch_operator_decorator.py for tasks to queue
[2024-04-02T09:16:20.571+0000] {logging_mixin.py:150} INFO - [2024-04-02T09:16:20.571+0000] {dagbag.py:541} INFO - Filling up the DagBag from /usr/local/python/3.10.13/lib/python3.10/site-packages/airflow/example_dags/example_branch_operator_decorator.py
[2024-04-02T09:16:20.579+0000] {processor.py:836} INFO - DAG(s) dict_keys(['example_branch_python_operator_decorator']) retrieved from /usr/local/python/3.10.13/lib/python3.10/site-packages/airflow/example_dags/example_branch_operator_decorator.py
[2024-04-02T09:16:20.594+0000] {logging_mixin.py:150} INFO - [2024-04-02T09:16:20.593+0000] {dag.py:2742} INFO - Sync 1 DAGs
[2024-04-02T09:16:20.611+0000] {logging_mixin.py:150} INFO - [2024-04-02T09:16:20.611+0000] {dag.py:3504} INFO - Setting next_dagrun for example_branch_python_operator_decorator to 2024-04-01T00:00:00+00:00, run_after=2024-04-02T00:00:00+00:00
[2024-04-02T09:16:20.650+0000] {processor.py:179} INFO - Processing /usr/local/python/3.10.13/lib/python3.10/site-packages/airflow/example_dags/example_branch_operator_decorator.py took 0.083 seconds
[2024-04-02T09:17:21.597+0000] {processor.py:157} INFO - Started process (PID=21843) to work on /usr/local/python/3.10.13/lib/python3.10/site-packages/airflow/example_dags/example_branch_operator_decorator.py
[2024-04-02T09:17:21.598+0000] {processor.py:826} INFO - Processing file /usr/local/python/3.10.13/lib/python3.10/site-packages/airflow/example_dags/example_branch_operator_decorator.py for tasks to queue
[2024-04-02T09:17:21.599+0000] {logging_mixin.py:150} INFO - [2024-04-02T09:17:21.599+0000] {dagbag.py:541} INFO - Filling up the DagBag from /usr/local/python/3.10.13/lib/python3.10/site-packages/airflow/example_dags/example_branch_operator_decorator.py
[2024-04-02T09:17:21.607+0000] {processor.py:836} INFO - DAG(s) dict_keys(['example_branch_python_operator_decorator']) retrieved from /usr/local/python/3.10.13/lib/python3.10/site-packages/airflow/example_dags/example_branch_operator_decorator.py
[2024-04-02T09:17:21.620+0000] {logging_mixin.py:150} INFO - [2024-04-02T09:17:21.620+0000] {dag.py:2742} INFO - Sync 1 DAGs
[2024-04-02T09:17:21.636+0000] {logging_mixin.py:150} INFO - [2024-04-02T09:17:21.636+0000] {dag.py:3504} INFO - Setting next_dagrun for example_branch_python_operator_decorator to 2024-04-01T00:00:00+00:00, run_after=2024-04-02T00:00:00+00:00
[2024-04-02T09:17:21.673+0000] {processor.py:179} INFO - Processing /usr/local/python/3.10.13/lib/python3.10/site-packages/airflow/example_dags/example_branch_operator_decorator.py took 0.078 seconds
[2024-04-02T09:18:18.659+0000] {processor.py:157} INFO - Started process (PID=22240) to work on /usr/local/python/3.10.13/lib/python3.10/site-packages/airflow/example_dags/example_branch_operator_decorator.py
[2024-04-02T09:18:18.660+0000] {processor.py:826} INFO - Processing file /usr/local/python/3.10.13/lib/python3.10/site-packages/airflow/example_dags/example_branch_operator_decorator.py for tasks to queue
[2024-04-02T09:18:18.662+0000] {logging_mixin.py:150} INFO - [2024-04-02T09:18:18.661+0000] {dagbag.py:541} INFO - Filling up the DagBag from /usr/local/python/3.10.13/lib/python3.10/site-packages/airflow/example_dags/example_branch_operator_decorator.py
[2024-04-02T09:18:18.674+0000] {processor.py:836} INFO - DAG(s) dict_keys(['example_branch_python_operator_decorator']) retrieved from /usr/local/python/3.10.13/lib/python3.10/site-packages/airflow/example_dags/example_branch_operator_decorator.py
[2024-04-02T09:18:18.696+0000] {logging_mixin.py:150} INFO - [2024-04-02T09:18:18.696+0000] {dag.py:2742} INFO - Sync 1 DAGs
[2024-04-02T09:18:18.721+0000] {logging_mixin.py:150} INFO - [2024-04-02T09:18:18.721+0000] {dag.py:3504} INFO - Setting next_dagrun for example_branch_python_operator_decorator to 2024-04-01T00:00:00+00:00, run_after=2024-04-02T00:00:00+00:00
[2024-04-02T09:18:18.782+0000] {processor.py:179} INFO - Processing /usr/local/python/3.10.13/lib/python3.10/site-packages/airflow/example_dags/example_branch_operator_decorator.py took 0.126 seconds
[2024-04-02T09:19:19.270+0000] {processor.py:157} INFO - Started process (PID=22652) to work on /usr/local/python/3.10.13/lib/python3.10/site-packages/airflow/example_dags/example_branch_operator_decorator.py
[2024-04-02T09:19:19.271+0000] {processor.py:826} INFO - Processing file /usr/local/python/3.10.13/lib/python3.10/site-packages/airflow/example_dags/example_branch_operator_decorator.py for tasks to queue
[2024-04-02T09:19:19.271+0000] {logging_mixin.py:150} INFO - [2024-04-02T09:19:19.271+0000] {dagbag.py:541} INFO - Filling up the DagBag from /usr/local/python/3.10.13/lib/python3.10/site-packages/airflow/example_dags/example_branch_operator_decorator.py
[2024-04-02T09:19:19.280+0000] {processor.py:836} INFO - DAG(s) dict_keys(['example_branch_python_operator_decorator']) retrieved from /usr/local/python/3.10.13/lib/python3.10/site-packages/airflow/example_dags/example_branch_operator_decorator.py
[2024-04-02T09:19:19.293+0000] {logging_mixin.py:150} INFO - [2024-04-02T09:19:19.293+0000] {dag.py:2742} INFO - Sync 1 DAGs
[2024-04-02T09:19:19.310+0000] {logging_mixin.py:150} INFO - [2024-04-02T09:19:19.310+0000] {dag.py:3504} INFO - Setting next_dagrun for example_branch_python_operator_decorator to 2024-04-01T00:00:00+00:00, run_after=2024-04-02T00:00:00+00:00
[2024-04-02T09:19:19.352+0000] {processor.py:179} INFO - Processing /usr/local/python/3.10.13/lib/python3.10/site-packages/airflow/example_dags/example_branch_operator_decorator.py took 0.085 seconds
[2024-04-02T09:20:08.066+0000] {processor.py:157} INFO - Started process (PID=23022) to work on /usr/local/python/3.10.13/lib/python3.10/site-packages/airflow/example_dags/example_branch_operator_decorator.py
[2024-04-02T09:20:08.067+0000] {processor.py:826} INFO - Processing file /usr/local/python/3.10.13/lib/python3.10/site-packages/airflow/example_dags/example_branch_operator_decorator.py for tasks to queue
[2024-04-02T09:20:08.068+0000] {logging_mixin.py:150} INFO - [2024-04-02T09:20:08.068+0000] {dagbag.py:541} INFO - Filling up the DagBag from /usr/local/python/3.10.13/lib/python3.10/site-packages/airflow/example_dags/example_branch_operator_decorator.py
[2024-04-02T09:20:08.080+0000] {processor.py:836} INFO - DAG(s) dict_keys(['example_branch_python_operator_decorator']) retrieved from /usr/local/python/3.10.13/lib/python3.10/site-packages/airflow/example_dags/example_branch_operator_decorator.py
[2024-04-02T09:20:08.100+0000] {logging_mixin.py:150} INFO - [2024-04-02T09:20:08.100+0000] {dag.py:2742} INFO - Sync 1 DAGs
[2024-04-02T09:20:08.124+0000] {logging_mixin.py:150} INFO - [2024-04-02T09:20:08.124+0000] {dag.py:3504} INFO - Setting next_dagrun for example_branch_python_operator_decorator to 2024-04-01T00:00:00+00:00, run_after=2024-04-02T00:00:00+00:00
[2024-04-02T09:20:08.167+0000] {processor.py:179} INFO - Processing /usr/local/python/3.10.13/lib/python3.10/site-packages/airflow/example_dags/example_branch_operator_decorator.py took 0.105 seconds
[2024-04-02T09:21:08.789+0000] {processor.py:157} INFO - Started process (PID=23435) to work on /usr/local/python/3.10.13/lib/python3.10/site-packages/airflow/example_dags/example_branch_operator_decorator.py
[2024-04-02T09:21:08.789+0000] {processor.py:826} INFO - Processing file /usr/local/python/3.10.13/lib/python3.10/site-packages/airflow/example_dags/example_branch_operator_decorator.py for tasks to queue
[2024-04-02T09:21:08.790+0000] {logging_mixin.py:150} INFO - [2024-04-02T09:21:08.790+0000] {dagbag.py:541} INFO - Filling up the DagBag from /usr/local/python/3.10.13/lib/python3.10/site-packages/airflow/example_dags/example_branch_operator_decorator.py
[2024-04-02T09:21:08.798+0000] {processor.py:836} INFO - DAG(s) dict_keys(['example_branch_python_operator_decorator']) retrieved from /usr/local/python/3.10.13/lib/python3.10/site-packages/airflow/example_dags/example_branch_operator_decorator.py
[2024-04-02T09:21:08.812+0000] {logging_mixin.py:150} INFO - [2024-04-02T09:21:08.812+0000] {dag.py:2742} INFO - Sync 1 DAGs
[2024-04-02T09:21:08.828+0000] {logging_mixin.py:150} INFO - [2024-04-02T09:21:08.828+0000] {dag.py:3504} INFO - Setting next_dagrun for example_branch_python_operator_decorator to 2024-04-01T00:00:00+00:00, run_after=2024-04-02T00:00:00+00:00
[2024-04-02T09:21:08.869+0000] {processor.py:179} INFO - Processing /usr/local/python/3.10.13/lib/python3.10/site-packages/airflow/example_dags/example_branch_operator_decorator.py took 0.083 seconds
[2024-04-02T09:22:01.461+0000] {processor.py:157} INFO - Started process (PID=23795) to work on /usr/local/python/3.10.13/lib/python3.10/site-packages/airflow/example_dags/example_branch_operator_decorator.py
[2024-04-02T09:22:01.462+0000] {processor.py:826} INFO - Processing file /usr/local/python/3.10.13/lib/python3.10/site-packages/airflow/example_dags/example_branch_operator_decorator.py for tasks to queue
[2024-04-02T09:22:01.463+0000] {logging_mixin.py:150} INFO - [2024-04-02T09:22:01.463+0000] {dagbag.py:541} INFO - Filling up the DagBag from /usr/local/python/3.10.13/lib/python3.10/site-packages/airflow/example_dags/example_branch_operator_decorator.py
[2024-04-02T09:22:01.476+0000] {processor.py:836} INFO - DAG(s) dict_keys(['example_branch_python_operator_decorator']) retrieved from /usr/local/python/3.10.13/lib/python3.10/site-packages/airflow/example_dags/example_branch_operator_decorator.py
[2024-04-02T09:22:01.498+0000] {logging_mixin.py:150} INFO - [2024-04-02T09:22:01.498+0000] {dag.py:2742} INFO - Sync 1 DAGs
[2024-04-02T09:22:01.526+0000] {logging_mixin.py:150} INFO - [2024-04-02T09:22:01.526+0000] {dag.py:3504} INFO - Setting next_dagrun for example_branch_python_operator_decorator to 2024-04-01T00:00:00+00:00, run_after=2024-04-02T00:00:00+00:00
[2024-04-02T09:22:01.572+0000] {processor.py:179} INFO - Processing /usr/local/python/3.10.13/lib/python3.10/site-packages/airflow/example_dags/example_branch_operator_decorator.py took 0.114 seconds
[2024-04-02T09:23:03.140+0000] {processor.py:157} INFO - Started process (PID=24215) to work on /usr/local/python/3.10.13/lib/python3.10/site-packages/airflow/example_dags/example_branch_operator_decorator.py
[2024-04-02T09:23:03.141+0000] {processor.py:826} INFO - Processing file /usr/local/python/3.10.13/lib/python3.10/site-packages/airflow/example_dags/example_branch_operator_decorator.py for tasks to queue
[2024-04-02T09:23:03.143+0000] {logging_mixin.py:150} INFO - [2024-04-02T09:23:03.142+0000] {dagbag.py:541} INFO - Filling up the DagBag from /usr/local/python/3.10.13/lib/python3.10/site-packages/airflow/example_dags/example_branch_operator_decorator.py
[2024-04-02T09:23:03.155+0000] {processor.py:836} INFO - DAG(s) dict_keys(['example_branch_python_operator_decorator']) retrieved from /usr/local/python/3.10.13/lib/python3.10/site-packages/airflow/example_dags/example_branch_operator_decorator.py
[2024-04-02T09:23:03.177+0000] {logging_mixin.py:150} INFO - [2024-04-02T09:23:03.177+0000] {dag.py:2742} INFO - Sync 1 DAGs
[2024-04-02T09:23:03.203+0000] {logging_mixin.py:150} INFO - [2024-04-02T09:23:03.203+0000] {dag.py:3504} INFO - Setting next_dagrun for example_branch_python_operator_decorator to 2024-04-01T00:00:00+00:00, run_after=2024-04-02T00:00:00+00:00
[2024-04-02T09:23:03.257+0000] {processor.py:179} INFO - Processing /usr/local/python/3.10.13/lib/python3.10/site-packages/airflow/example_dags/example_branch_operator_decorator.py took 0.119 seconds
[2024-04-02T09:24:01.278+0000] {processor.py:157} INFO - Started process (PID=24617) to work on /usr/local/python/3.10.13/lib/python3.10/site-packages/airflow/example_dags/example_branch_operator_decorator.py
[2024-04-02T09:24:01.278+0000] {processor.py:826} INFO - Processing file /usr/local/python/3.10.13/lib/python3.10/site-packages/airflow/example_dags/example_branch_operator_decorator.py for tasks to queue
[2024-04-02T09:24:01.279+0000] {logging_mixin.py:150} INFO - [2024-04-02T09:24:01.279+0000] {dagbag.py:541} INFO - Filling up the DagBag from /usr/local/python/3.10.13/lib/python3.10/site-packages/airflow/example_dags/example_branch_operator_decorator.py
[2024-04-02T09:24:01.287+0000] {processor.py:836} INFO - DAG(s) dict_keys(['example_branch_python_operator_decorator']) retrieved from /usr/local/python/3.10.13/lib/python3.10/site-packages/airflow/example_dags/example_branch_operator_decorator.py
[2024-04-02T09:24:01.301+0000] {logging_mixin.py:150} INFO - [2024-04-02T09:24:01.301+0000] {dag.py:2742} INFO - Sync 1 DAGs
[2024-04-02T09:24:01.318+0000] {logging_mixin.py:150} INFO - [2024-04-02T09:24:01.318+0000] {dag.py:3504} INFO - Setting next_dagrun for example_branch_python_operator_decorator to 2024-04-01T00:00:00+00:00, run_after=2024-04-02T00:00:00+00:00
[2024-04-02T09:24:01.358+0000] {processor.py:179} INFO - Processing /usr/local/python/3.10.13/lib/python3.10/site-packages/airflow/example_dags/example_branch_operator_decorator.py took 0.083 seconds
[2024-04-02T09:25:03.141+0000] {processor.py:157} INFO - Started process (PID=25059) to work on /usr/local/python/3.10.13/lib/python3.10/site-packages/airflow/example_dags/example_branch_operator_decorator.py
[2024-04-02T09:25:03.141+0000] {processor.py:826} INFO - Processing file /usr/local/python/3.10.13/lib/python3.10/site-packages/airflow/example_dags/example_branch_operator_decorator.py for tasks to queue
[2024-04-02T09:25:03.142+0000] {logging_mixin.py:150} INFO - [2024-04-02T09:25:03.142+0000] {dagbag.py:541} INFO - Filling up the DagBag from /usr/local/python/3.10.13/lib/python3.10/site-packages/airflow/example_dags/example_branch_operator_decorator.py
[2024-04-02T09:25:03.153+0000] {processor.py:836} INFO - DAG(s) dict_keys(['example_branch_python_operator_decorator']) retrieved from /usr/local/python/3.10.13/lib/python3.10/site-packages/airflow/example_dags/example_branch_operator_decorator.py
[2024-04-02T09:25:03.182+0000] {logging_mixin.py:150} INFO - [2024-04-02T09:25:03.182+0000] {dag.py:2742} INFO - Sync 1 DAGs
[2024-04-02T09:25:03.218+0000] {logging_mixin.py:150} INFO - [2024-04-02T09:25:03.217+0000] {dag.py:3504} INFO - Setting next_dagrun for example_branch_python_operator_decorator to 2024-04-01T00:00:00+00:00, run_after=2024-04-02T00:00:00+00:00
[2024-04-02T09:25:03.264+0000] {processor.py:179} INFO - Processing /usr/local/python/3.10.13/lib/python3.10/site-packages/airflow/example_dags/example_branch_operator_decorator.py took 0.125 seconds
[2024-04-02T09:26:06.667+0000] {processor.py:157} INFO - Started process (PID=25487) to work on /usr/local/python/3.10.13/lib/python3.10/site-packages/airflow/example_dags/example_branch_operator_decorator.py
[2024-04-02T09:26:06.672+0000] {processor.py:826} INFO - Processing file /usr/local/python/3.10.13/lib/python3.10/site-packages/airflow/example_dags/example_branch_operator_decorator.py for tasks to queue
[2024-04-02T09:26:06.674+0000] {logging_mixin.py:150} INFO - [2024-04-02T09:26:06.673+0000] {dagbag.py:541} INFO - Filling up the DagBag from /usr/local/python/3.10.13/lib/python3.10/site-packages/airflow/example_dags/example_branch_operator_decorator.py
[2024-04-02T09:26:06.708+0000] {processor.py:836} INFO - DAG(s) dict_keys(['example_branch_python_operator_decorator']) retrieved from /usr/local/python/3.10.13/lib/python3.10/site-packages/airflow/example_dags/example_branch_operator_decorator.py
[2024-04-02T09:26:06.749+0000] {logging_mixin.py:150} INFO - [2024-04-02T09:26:06.749+0000] {dag.py:2742} INFO - Sync 1 DAGs
[2024-04-02T09:26:06.774+0000] {logging_mixin.py:150} INFO - [2024-04-02T09:26:06.774+0000] {dag.py:3504} INFO - Setting next_dagrun for example_branch_python_operator_decorator to 2024-04-01T00:00:00+00:00, run_after=2024-04-02T00:00:00+00:00
[2024-04-02T09:26:06.815+0000] {processor.py:179} INFO - Processing /usr/local/python/3.10.13/lib/python3.10/site-packages/airflow/example_dags/example_branch_operator_decorator.py took 0.156 seconds
[2024-04-02T09:27:08.180+0000] {processor.py:157} INFO - Started process (PID=25901) to work on /usr/local/python/3.10.13/lib/python3.10/site-packages/airflow/example_dags/example_branch_operator_decorator.py
[2024-04-02T09:27:08.181+0000] {processor.py:826} INFO - Processing file /usr/local/python/3.10.13/lib/python3.10/site-packages/airflow/example_dags/example_branch_operator_decorator.py for tasks to queue
[2024-04-02T09:27:08.182+0000] {logging_mixin.py:150} INFO - [2024-04-02T09:27:08.182+0000] {dagbag.py:541} INFO - Filling up the DagBag from /usr/local/python/3.10.13/lib/python3.10/site-packages/airflow/example_dags/example_branch_operator_decorator.py
[2024-04-02T09:27:08.207+0000] {processor.py:836} INFO - DAG(s) dict_keys(['example_branch_python_operator_decorator']) retrieved from /usr/local/python/3.10.13/lib/python3.10/site-packages/airflow/example_dags/example_branch_operator_decorator.py
[2024-04-02T09:27:08.242+0000] {logging_mixin.py:150} INFO - [2024-04-02T09:27:08.241+0000] {dag.py:2742} INFO - Sync 1 DAGs
[2024-04-02T09:27:08.379+0000] {logging_mixin.py:150} INFO - [2024-04-02T09:27:08.378+0000] {dag.py:3504} INFO - Setting next_dagrun for example_branch_python_operator_decorator to 2024-04-01T00:00:00+00:00, run_after=2024-04-02T00:00:00+00:00
[2024-04-02T09:27:08.423+0000] {processor.py:179} INFO - Processing /usr/local/python/3.10.13/lib/python3.10/site-packages/airflow/example_dags/example_branch_operator_decorator.py took 0.247 seconds
[2024-04-02T09:28:08.932+0000] {processor.py:157} INFO - Started process (PID=26313) to work on /usr/local/python/3.10.13/lib/python3.10/site-packages/airflow/example_dags/example_branch_operator_decorator.py
[2024-04-02T09:28:08.933+0000] {processor.py:826} INFO - Processing file /usr/local/python/3.10.13/lib/python3.10/site-packages/airflow/example_dags/example_branch_operator_decorator.py for tasks to queue
[2024-04-02T09:28:08.934+0000] {logging_mixin.py:150} INFO - [2024-04-02T09:28:08.934+0000] {dagbag.py:541} INFO - Filling up the DagBag from /usr/local/python/3.10.13/lib/python3.10/site-packages/airflow/example_dags/example_branch_operator_decorator.py
[2024-04-02T09:28:08.943+0000] {processor.py:836} INFO - DAG(s) dict_keys(['example_branch_python_operator_decorator']) retrieved from /usr/local/python/3.10.13/lib/python3.10/site-packages/airflow/example_dags/example_branch_operator_decorator.py
[2024-04-02T09:28:08.957+0000] {logging_mixin.py:150} INFO - [2024-04-02T09:28:08.957+0000] {dag.py:2742} INFO - Sync 1 DAGs
[2024-04-02T09:28:09.053+0000] {logging_mixin.py:150} INFO - [2024-04-02T09:28:09.052+0000] {dag.py:3504} INFO - Setting next_dagrun for example_branch_python_operator_decorator to 2024-04-01T00:00:00+00:00, run_after=2024-04-02T00:00:00+00:00
[2024-04-02T09:28:09.103+0000] {processor.py:179} INFO - Processing /usr/local/python/3.10.13/lib/python3.10/site-packages/airflow/example_dags/example_branch_operator_decorator.py took 0.173 seconds
[2024-04-02T09:29:11.504+0000] {processor.py:157} INFO - Started process (PID=26730) to work on /usr/local/python/3.10.13/lib/python3.10/site-packages/airflow/example_dags/example_branch_operator_decorator.py
[2024-04-02T09:29:11.505+0000] {processor.py:826} INFO - Processing file /usr/local/python/3.10.13/lib/python3.10/site-packages/airflow/example_dags/example_branch_operator_decorator.py for tasks to queue
[2024-04-02T09:29:11.506+0000] {logging_mixin.py:150} INFO - [2024-04-02T09:29:11.506+0000] {dagbag.py:541} INFO - Filling up the DagBag from /usr/local/python/3.10.13/lib/python3.10/site-packages/airflow/example_dags/example_branch_operator_decorator.py
[2024-04-02T09:29:11.514+0000] {processor.py:836} INFO - DAG(s) dict_keys(['example_branch_python_operator_decorator']) retrieved from /usr/local/python/3.10.13/lib/python3.10/site-packages/airflow/example_dags/example_branch_operator_decorator.py
[2024-04-02T09:29:11.527+0000] {logging_mixin.py:150} INFO - [2024-04-02T09:29:11.527+0000] {dag.py:2742} INFO - Sync 1 DAGs
[2024-04-02T09:29:11.544+0000] {logging_mixin.py:150} INFO - [2024-04-02T09:29:11.543+0000] {dag.py:3504} INFO - Setting next_dagrun for example_branch_python_operator_decorator to 2024-04-01T00:00:00+00:00, run_after=2024-04-02T00:00:00+00:00
[2024-04-02T09:29:11.582+0000] {processor.py:179} INFO - Processing /usr/local/python/3.10.13/lib/python3.10/site-packages/airflow/example_dags/example_branch_operator_decorator.py took 0.080 seconds
[2024-04-02T09:30:03.705+0000] {processor.py:157} INFO - Started process (PID=27141) to work on /usr/local/python/3.10.13/lib/python3.10/site-packages/airflow/example_dags/example_branch_operator_decorator.py
[2024-04-02T09:30:03.706+0000] {processor.py:826} INFO - Processing file /usr/local/python/3.10.13/lib/python3.10/site-packages/airflow/example_dags/example_branch_operator_decorator.py for tasks to queue
[2024-04-02T09:30:03.706+0000] {logging_mixin.py:150} INFO - [2024-04-02T09:30:03.706+0000] {dagbag.py:541} INFO - Filling up the DagBag from /usr/local/python/3.10.13/lib/python3.10/site-packages/airflow/example_dags/example_branch_operator_decorator.py
[2024-04-02T09:30:03.714+0000] {processor.py:836} INFO - DAG(s) dict_keys(['example_branch_python_operator_decorator']) retrieved from /usr/local/python/3.10.13/lib/python3.10/site-packages/airflow/example_dags/example_branch_operator_decorator.py
[2024-04-02T09:30:03.728+0000] {logging_mixin.py:150} INFO - [2024-04-02T09:30:03.728+0000] {dag.py:2742} INFO - Sync 1 DAGs
[2024-04-02T09:30:03.746+0000] {logging_mixin.py:150} INFO - [2024-04-02T09:30:03.746+0000] {dag.py:3504} INFO - Setting next_dagrun for example_branch_python_operator_decorator to 2024-04-01T00:00:00+00:00, run_after=2024-04-02T00:00:00+00:00
[2024-04-02T09:30:03.786+0000] {processor.py:179} INFO - Processing /usr/local/python/3.10.13/lib/python3.10/site-packages/airflow/example_dags/example_branch_operator_decorator.py took 0.084 seconds
[2024-04-02T09:31:02.909+0000] {processor.py:157} INFO - Started process (PID=27547) to work on /usr/local/python/3.10.13/lib/python3.10/site-packages/airflow/example_dags/example_branch_operator_decorator.py
[2024-04-02T09:31:02.909+0000] {processor.py:826} INFO - Processing file /usr/local/python/3.10.13/lib/python3.10/site-packages/airflow/example_dags/example_branch_operator_decorator.py for tasks to queue
[2024-04-02T09:31:02.910+0000] {logging_mixin.py:150} INFO - [2024-04-02T09:31:02.910+0000] {dagbag.py:541} INFO - Filling up the DagBag from /usr/local/python/3.10.13/lib/python3.10/site-packages/airflow/example_dags/example_branch_operator_decorator.py
[2024-04-02T09:31:02.919+0000] {processor.py:836} INFO - DAG(s) dict_keys(['example_branch_python_operator_decorator']) retrieved from /usr/local/python/3.10.13/lib/python3.10/site-packages/airflow/example_dags/example_branch_operator_decorator.py
[2024-04-02T09:31:02.932+0000] {logging_mixin.py:150} INFO - [2024-04-02T09:31:02.932+0000] {dag.py:2742} INFO - Sync 1 DAGs
[2024-04-02T09:31:02.949+0000] {logging_mixin.py:150} INFO - [2024-04-02T09:31:02.949+0000] {dag.py:3504} INFO - Setting next_dagrun for example_branch_python_operator_decorator to 2024-04-01T00:00:00+00:00, run_after=2024-04-02T00:00:00+00:00
[2024-04-02T09:31:02.990+0000] {processor.py:179} INFO - Processing /usr/local/python/3.10.13/lib/python3.10/site-packages/airflow/example_dags/example_branch_operator_decorator.py took 0.084 seconds
[2024-04-02T09:32:01.051+0000] {processor.py:157} INFO - Started process (PID=27925) to work on /usr/local/python/3.10.13/lib/python3.10/site-packages/airflow/example_dags/example_branch_operator_decorator.py
[2024-04-02T09:32:01.053+0000] {processor.py:826} INFO - Processing file /usr/local/python/3.10.13/lib/python3.10/site-packages/airflow/example_dags/example_branch_operator_decorator.py for tasks to queue
[2024-04-02T09:32:01.054+0000] {logging_mixin.py:150} INFO - [2024-04-02T09:32:01.053+0000] {dagbag.py:541} INFO - Filling up the DagBag from /usr/local/python/3.10.13/lib/python3.10/site-packages/airflow/example_dags/example_branch_operator_decorator.py
[2024-04-02T09:32:01.076+0000] {processor.py:836} INFO - DAG(s) dict_keys(['example_branch_python_operator_decorator']) retrieved from /usr/local/python/3.10.13/lib/python3.10/site-packages/airflow/example_dags/example_branch_operator_decorator.py
[2024-04-02T09:32:01.106+0000] {logging_mixin.py:150} INFO - [2024-04-02T09:32:01.106+0000] {dag.py:2742} INFO - Sync 1 DAGs
[2024-04-02T09:32:01.148+0000] {logging_mixin.py:150} INFO - [2024-04-02T09:32:01.148+0000] {dag.py:3504} INFO - Setting next_dagrun for example_branch_python_operator_decorator to 2024-04-01T00:00:00+00:00, run_after=2024-04-02T00:00:00+00:00
[2024-04-02T09:32:01.197+0000] {processor.py:179} INFO - Processing /usr/local/python/3.10.13/lib/python3.10/site-packages/airflow/example_dags/example_branch_operator_decorator.py took 0.157 seconds
[2024-04-02T09:33:00.005+0000] {processor.py:157} INFO - Started process (PID=28336) to work on /usr/local/python/3.10.13/lib/python3.10/site-packages/airflow/example_dags/example_branch_operator_decorator.py
[2024-04-02T09:33:00.006+0000] {processor.py:826} INFO - Processing file /usr/local/python/3.10.13/lib/python3.10/site-packages/airflow/example_dags/example_branch_operator_decorator.py for tasks to queue
[2024-04-02T09:33:00.007+0000] {logging_mixin.py:150} INFO - [2024-04-02T09:33:00.006+0000] {dagbag.py:541} INFO - Filling up the DagBag from /usr/local/python/3.10.13/lib/python3.10/site-packages/airflow/example_dags/example_branch_operator_decorator.py
[2024-04-02T09:33:00.015+0000] {processor.py:836} INFO - DAG(s) dict_keys(['example_branch_python_operator_decorator']) retrieved from /usr/local/python/3.10.13/lib/python3.10/site-packages/airflow/example_dags/example_branch_operator_decorator.py
[2024-04-02T09:33:00.029+0000] {logging_mixin.py:150} INFO - [2024-04-02T09:33:00.029+0000] {dag.py:2742} INFO - Sync 1 DAGs
[2024-04-02T09:33:00.046+0000] {logging_mixin.py:150} INFO - [2024-04-02T09:33:00.046+0000] {dag.py:3504} INFO - Setting next_dagrun for example_branch_python_operator_decorator to 2024-04-01T00:00:00+00:00, run_after=2024-04-02T00:00:00+00:00
[2024-04-02T09:33:00.088+0000] {processor.py:179} INFO - Processing /usr/local/python/3.10.13/lib/python3.10/site-packages/airflow/example_dags/example_branch_operator_decorator.py took 0.085 seconds
[2024-04-02T09:33:59.449+0000] {processor.py:157} INFO - Started process (PID=28740) to work on /usr/local/python/3.10.13/lib/python3.10/site-packages/airflow/example_dags/example_branch_operator_decorator.py
[2024-04-02T09:33:59.450+0000] {processor.py:826} INFO - Processing file /usr/local/python/3.10.13/lib/python3.10/site-packages/airflow/example_dags/example_branch_operator_decorator.py for tasks to queue
[2024-04-02T09:33:59.452+0000] {logging_mixin.py:150} INFO - [2024-04-02T09:33:59.451+0000] {dagbag.py:541} INFO - Filling up the DagBag from /usr/local/python/3.10.13/lib/python3.10/site-packages/airflow/example_dags/example_branch_operator_decorator.py
[2024-04-02T09:33:59.463+0000] {processor.py:836} INFO - DAG(s) dict_keys(['example_branch_python_operator_decorator']) retrieved from /usr/local/python/3.10.13/lib/python3.10/site-packages/airflow/example_dags/example_branch_operator_decorator.py
[2024-04-02T09:33:59.486+0000] {logging_mixin.py:150} INFO - [2024-04-02T09:33:59.486+0000] {dag.py:2742} INFO - Sync 1 DAGs
[2024-04-02T09:33:59.511+0000] {logging_mixin.py:150} INFO - [2024-04-02T09:33:59.510+0000] {dag.py:3504} INFO - Setting next_dagrun for example_branch_python_operator_decorator to 2024-04-01T00:00:00+00:00, run_after=2024-04-02T00:00:00+00:00
[2024-04-02T09:33:59.558+0000] {processor.py:179} INFO - Processing /usr/local/python/3.10.13/lib/python3.10/site-packages/airflow/example_dags/example_branch_operator_decorator.py took 0.112 seconds
[2024-04-02T09:34:56.782+0000] {processor.py:157} INFO - Started process (PID=29171) to work on /usr/local/python/3.10.13/lib/python3.10/site-packages/airflow/example_dags/example_branch_operator_decorator.py
[2024-04-02T09:34:56.783+0000] {processor.py:826} INFO - Processing file /usr/local/python/3.10.13/lib/python3.10/site-packages/airflow/example_dags/example_branch_operator_decorator.py for tasks to queue
[2024-04-02T09:34:56.784+0000] {logging_mixin.py:150} INFO - [2024-04-02T09:34:56.783+0000] {dagbag.py:541} INFO - Filling up the DagBag from /usr/local/python/3.10.13/lib/python3.10/site-packages/airflow/example_dags/example_branch_operator_decorator.py
[2024-04-02T09:34:56.792+0000] {processor.py:836} INFO - DAG(s) dict_keys(['example_branch_python_operator_decorator']) retrieved from /usr/local/python/3.10.13/lib/python3.10/site-packages/airflow/example_dags/example_branch_operator_decorator.py
[2024-04-02T09:34:56.806+0000] {logging_mixin.py:150} INFO - [2024-04-02T09:34:56.806+0000] {dag.py:2742} INFO - Sync 1 DAGs
[2024-04-02T09:34:56.823+0000] {logging_mixin.py:150} INFO - [2024-04-02T09:34:56.823+0000] {dag.py:3504} INFO - Setting next_dagrun for example_branch_python_operator_decorator to 2024-04-01T00:00:00+00:00, run_after=2024-04-02T00:00:00+00:00
[2024-04-02T09:34:56.862+0000] {processor.py:179} INFO - Processing /usr/local/python/3.10.13/lib/python3.10/site-packages/airflow/example_dags/example_branch_operator_decorator.py took 0.083 seconds
[2024-04-02T09:35:51.344+0000] {processor.py:157} INFO - Started process (PID=29539) to work on /usr/local/python/3.10.13/lib/python3.10/site-packages/airflow/example_dags/example_branch_operator_decorator.py
[2024-04-02T09:35:51.345+0000] {processor.py:826} INFO - Processing file /usr/local/python/3.10.13/lib/python3.10/site-packages/airflow/example_dags/example_branch_operator_decorator.py for tasks to queue
[2024-04-02T09:35:51.346+0000] {logging_mixin.py:150} INFO - [2024-04-02T09:35:51.345+0000] {dagbag.py:541} INFO - Filling up the DagBag from /usr/local/python/3.10.13/lib/python3.10/site-packages/airflow/example_dags/example_branch_operator_decorator.py
[2024-04-02T09:35:51.358+0000] {processor.py:836} INFO - DAG(s) dict_keys(['example_branch_python_operator_decorator']) retrieved from /usr/local/python/3.10.13/lib/python3.10/site-packages/airflow/example_dags/example_branch_operator_decorator.py
[2024-04-02T09:35:51.380+0000] {logging_mixin.py:150} INFO - [2024-04-02T09:35:51.380+0000] {dag.py:2742} INFO - Sync 1 DAGs
[2024-04-02T09:35:51.408+0000] {logging_mixin.py:150} INFO - [2024-04-02T09:35:51.408+0000] {dag.py:3504} INFO - Setting next_dagrun for example_branch_python_operator_decorator to 2024-04-01T00:00:00+00:00, run_after=2024-04-02T00:00:00+00:00
[2024-04-02T09:35:51.456+0000] {processor.py:179} INFO - Processing /usr/local/python/3.10.13/lib/python3.10/site-packages/airflow/example_dags/example_branch_operator_decorator.py took 0.115 seconds
[2024-04-02T09:36:45.070+0000] {processor.py:157} INFO - Started process (PID=29905) to work on /usr/local/python/3.10.13/lib/python3.10/site-packages/airflow/example_dags/example_branch_operator_decorator.py
[2024-04-02T09:36:45.071+0000] {processor.py:826} INFO - Processing file /usr/local/python/3.10.13/lib/python3.10/site-packages/airflow/example_dags/example_branch_operator_decorator.py for tasks to queue
[2024-04-02T09:36:45.073+0000] {logging_mixin.py:150} INFO - [2024-04-02T09:36:45.072+0000] {dagbag.py:541} INFO - Filling up the DagBag from /usr/local/python/3.10.13/lib/python3.10/site-packages/airflow/example_dags/example_branch_operator_decorator.py
[2024-04-02T09:36:45.085+0000] {processor.py:836} INFO - DAG(s) dict_keys(['example_branch_python_operator_decorator']) retrieved from /usr/local/python/3.10.13/lib/python3.10/site-packages/airflow/example_dags/example_branch_operator_decorator.py
[2024-04-02T09:36:45.107+0000] {logging_mixin.py:150} INFO - [2024-04-02T09:36:45.106+0000] {dag.py:2742} INFO - Sync 1 DAGs
[2024-04-02T09:36:45.133+0000] {logging_mixin.py:150} INFO - [2024-04-02T09:36:45.133+0000] {dag.py:3504} INFO - Setting next_dagrun for example_branch_python_operator_decorator to 2024-04-01T00:00:00+00:00, run_after=2024-04-02T00:00:00+00:00
[2024-04-02T09:36:45.182+0000] {processor.py:179} INFO - Processing /usr/local/python/3.10.13/lib/python3.10/site-packages/airflow/example_dags/example_branch_operator_decorator.py took 0.115 seconds
[2024-04-02T09:37:41.284+0000] {processor.py:157} INFO - Started process (PID=30299) to work on /usr/local/python/3.10.13/lib/python3.10/site-packages/airflow/example_dags/example_branch_operator_decorator.py
[2024-04-02T09:37:41.285+0000] {processor.py:826} INFO - Processing file /usr/local/python/3.10.13/lib/python3.10/site-packages/airflow/example_dags/example_branch_operator_decorator.py for tasks to queue
[2024-04-02T09:37:41.286+0000] {logging_mixin.py:150} INFO - [2024-04-02T09:37:41.285+0000] {dagbag.py:541} INFO - Filling up the DagBag from /usr/local/python/3.10.13/lib/python3.10/site-packages/airflow/example_dags/example_branch_operator_decorator.py
[2024-04-02T09:37:41.294+0000] {processor.py:836} INFO - DAG(s) dict_keys(['example_branch_python_operator_decorator']) retrieved from /usr/local/python/3.10.13/lib/python3.10/site-packages/airflow/example_dags/example_branch_operator_decorator.py
[2024-04-02T09:37:41.307+0000] {logging_mixin.py:150} INFO - [2024-04-02T09:37:41.307+0000] {dag.py:2742} INFO - Sync 1 DAGs
[2024-04-02T09:37:41.323+0000] {logging_mixin.py:150} INFO - [2024-04-02T09:37:41.323+0000] {dag.py:3504} INFO - Setting next_dagrun for example_branch_python_operator_decorator to 2024-04-01T00:00:00+00:00, run_after=2024-04-02T00:00:00+00:00
[2024-04-02T09:37:41.362+0000] {processor.py:179} INFO - Processing /usr/local/python/3.10.13/lib/python3.10/site-packages/airflow/example_dags/example_branch_operator_decorator.py took 0.080 seconds
[2024-04-02T09:38:38.081+0000] {processor.py:157} INFO - Started process (PID=30667) to work on /usr/local/python/3.10.13/lib/python3.10/site-packages/airflow/example_dags/example_branch_operator_decorator.py
[2024-04-02T09:38:38.082+0000] {processor.py:826} INFO - Processing file /usr/local/python/3.10.13/lib/python3.10/site-packages/airflow/example_dags/example_branch_operator_decorator.py for tasks to queue
[2024-04-02T09:38:38.082+0000] {logging_mixin.py:150} INFO - [2024-04-02T09:38:38.082+0000] {dagbag.py:541} INFO - Filling up the DagBag from /usr/local/python/3.10.13/lib/python3.10/site-packages/airflow/example_dags/example_branch_operator_decorator.py
[2024-04-02T09:38:38.091+0000] {processor.py:836} INFO - DAG(s) dict_keys(['example_branch_python_operator_decorator']) retrieved from /usr/local/python/3.10.13/lib/python3.10/site-packages/airflow/example_dags/example_branch_operator_decorator.py
[2024-04-02T09:38:38.104+0000] {logging_mixin.py:150} INFO - [2024-04-02T09:38:38.104+0000] {dag.py:2742} INFO - Sync 1 DAGs
[2024-04-02T09:38:38.122+0000] {logging_mixin.py:150} INFO - [2024-04-02T09:38:38.122+0000] {dag.py:3504} INFO - Setting next_dagrun for example_branch_python_operator_decorator to 2024-04-01T00:00:00+00:00, run_after=2024-04-02T00:00:00+00:00
[2024-04-02T09:38:38.164+0000] {processor.py:179} INFO - Processing /usr/local/python/3.10.13/lib/python3.10/site-packages/airflow/example_dags/example_branch_operator_decorator.py took 0.086 seconds
[2024-04-02T09:39:34.664+0000] {processor.py:157} INFO - Started process (PID=31082) to work on /usr/local/python/3.10.13/lib/python3.10/site-packages/airflow/example_dags/example_branch_operator_decorator.py
[2024-04-02T09:39:34.665+0000] {processor.py:826} INFO - Processing file /usr/local/python/3.10.13/lib/python3.10/site-packages/airflow/example_dags/example_branch_operator_decorator.py for tasks to queue
[2024-04-02T09:39:34.665+0000] {logging_mixin.py:150} INFO - [2024-04-02T09:39:34.665+0000] {dagbag.py:541} INFO - Filling up the DagBag from /usr/local/python/3.10.13/lib/python3.10/site-packages/airflow/example_dags/example_branch_operator_decorator.py
[2024-04-02T09:39:34.674+0000] {processor.py:836} INFO - DAG(s) dict_keys(['example_branch_python_operator_decorator']) retrieved from /usr/local/python/3.10.13/lib/python3.10/site-packages/airflow/example_dags/example_branch_operator_decorator.py
[2024-04-02T09:39:34.688+0000] {logging_mixin.py:150} INFO - [2024-04-02T09:39:34.688+0000] {dag.py:2742} INFO - Sync 1 DAGs
[2024-04-02T09:39:34.708+0000] {logging_mixin.py:150} INFO - [2024-04-02T09:39:34.708+0000] {dag.py:3504} INFO - Setting next_dagrun for example_branch_python_operator_decorator to 2024-04-01T00:00:00+00:00, run_after=2024-04-02T00:00:00+00:00
[2024-04-02T09:39:34.758+0000] {processor.py:179} INFO - Processing /usr/local/python/3.10.13/lib/python3.10/site-packages/airflow/example_dags/example_branch_operator_decorator.py took 0.096 seconds
[2024-04-02T09:40:33.362+0000] {processor.py:157} INFO - Started process (PID=31516) to work on /usr/local/python/3.10.13/lib/python3.10/site-packages/airflow/example_dags/example_branch_operator_decorator.py
[2024-04-02T09:40:33.363+0000] {processor.py:826} INFO - Processing file /usr/local/python/3.10.13/lib/python3.10/site-packages/airflow/example_dags/example_branch_operator_decorator.py for tasks to queue
[2024-04-02T09:40:33.363+0000] {logging_mixin.py:150} INFO - [2024-04-02T09:40:33.363+0000] {dagbag.py:541} INFO - Filling up the DagBag from /usr/local/python/3.10.13/lib/python3.10/site-packages/airflow/example_dags/example_branch_operator_decorator.py
[2024-04-02T09:40:33.372+0000] {processor.py:836} INFO - DAG(s) dict_keys(['example_branch_python_operator_decorator']) retrieved from /usr/local/python/3.10.13/lib/python3.10/site-packages/airflow/example_dags/example_branch_operator_decorator.py
[2024-04-02T09:40:33.386+0000] {logging_mixin.py:150} INFO - [2024-04-02T09:40:33.386+0000] {dag.py:2742} INFO - Sync 1 DAGs
[2024-04-02T09:40:33.402+0000] {logging_mixin.py:150} INFO - [2024-04-02T09:40:33.402+0000] {dag.py:3504} INFO - Setting next_dagrun for example_branch_python_operator_decorator to 2024-04-01T00:00:00+00:00, run_after=2024-04-02T00:00:00+00:00
[2024-04-02T09:40:33.443+0000] {processor.py:179} INFO - Processing /usr/local/python/3.10.13/lib/python3.10/site-packages/airflow/example_dags/example_branch_operator_decorator.py took 0.084 seconds
[2024-04-02T09:41:29.310+0000] {processor.py:157} INFO - Started process (PID=31889) to work on /usr/local/python/3.10.13/lib/python3.10/site-packages/airflow/example_dags/example_branch_operator_decorator.py
[2024-04-02T09:41:29.311+0000] {processor.py:826} INFO - Processing file /usr/local/python/3.10.13/lib/python3.10/site-packages/airflow/example_dags/example_branch_operator_decorator.py for tasks to queue
[2024-04-02T09:41:29.312+0000] {logging_mixin.py:150} INFO - [2024-04-02T09:41:29.311+0000] {dagbag.py:541} INFO - Filling up the DagBag from /usr/local/python/3.10.13/lib/python3.10/site-packages/airflow/example_dags/example_branch_operator_decorator.py
[2024-04-02T09:41:29.323+0000] {processor.py:836} INFO - DAG(s) dict_keys(['example_branch_python_operator_decorator']) retrieved from /usr/local/python/3.10.13/lib/python3.10/site-packages/airflow/example_dags/example_branch_operator_decorator.py
[2024-04-02T09:41:29.339+0000] {logging_mixin.py:150} INFO - [2024-04-02T09:41:29.339+0000] {dag.py:2742} INFO - Sync 1 DAGs
[2024-04-02T09:41:29.356+0000] {logging_mixin.py:150} INFO - [2024-04-02T09:41:29.356+0000] {dag.py:3504} INFO - Setting next_dagrun for example_branch_python_operator_decorator to 2024-04-01T00:00:00+00:00, run_after=2024-04-02T00:00:00+00:00
[2024-04-02T09:41:29.394+0000] {processor.py:179} INFO - Processing /usr/local/python/3.10.13/lib/python3.10/site-packages/airflow/example_dags/example_branch_operator_decorator.py took 0.087 seconds
[2024-04-02T09:42:24.974+0000] {processor.py:157} INFO - Started process (PID=32287) to work on /usr/local/python/3.10.13/lib/python3.10/site-packages/airflow/example_dags/example_branch_operator_decorator.py
[2024-04-02T09:42:24.975+0000] {processor.py:826} INFO - Processing file /usr/local/python/3.10.13/lib/python3.10/site-packages/airflow/example_dags/example_branch_operator_decorator.py for tasks to queue
[2024-04-02T09:42:24.976+0000] {logging_mixin.py:150} INFO - [2024-04-02T09:42:24.975+0000] {dagbag.py:541} INFO - Filling up the DagBag from /usr/local/python/3.10.13/lib/python3.10/site-packages/airflow/example_dags/example_branch_operator_decorator.py
[2024-04-02T09:42:24.984+0000] {processor.py:836} INFO - DAG(s) dict_keys(['example_branch_python_operator_decorator']) retrieved from /usr/local/python/3.10.13/lib/python3.10/site-packages/airflow/example_dags/example_branch_operator_decorator.py
[2024-04-02T09:42:25.000+0000] {logging_mixin.py:150} INFO - [2024-04-02T09:42:25.000+0000] {dag.py:2742} INFO - Sync 1 DAGs
[2024-04-02T09:42:25.018+0000] {logging_mixin.py:150} INFO - [2024-04-02T09:42:25.018+0000] {dag.py:3504} INFO - Setting next_dagrun for example_branch_python_operator_decorator to 2024-04-01T00:00:00+00:00, run_after=2024-04-02T00:00:00+00:00
[2024-04-02T09:42:25.061+0000] {processor.py:179} INFO - Processing /usr/local/python/3.10.13/lib/python3.10/site-packages/airflow/example_dags/example_branch_operator_decorator.py took 0.089 seconds
[2024-04-02T09:43:26.306+0000] {processor.py:157} INFO - Started process (PID=32700) to work on /usr/local/python/3.10.13/lib/python3.10/site-packages/airflow/example_dags/example_branch_operator_decorator.py
[2024-04-02T09:43:26.307+0000] {processor.py:826} INFO - Processing file /usr/local/python/3.10.13/lib/python3.10/site-packages/airflow/example_dags/example_branch_operator_decorator.py for tasks to queue
[2024-04-02T09:43:26.307+0000] {logging_mixin.py:150} INFO - [2024-04-02T09:43:26.307+0000] {dagbag.py:541} INFO - Filling up the DagBag from /usr/local/python/3.10.13/lib/python3.10/site-packages/airflow/example_dags/example_branch_operator_decorator.py
[2024-04-02T09:43:26.316+0000] {processor.py:836} INFO - DAG(s) dict_keys(['example_branch_python_operator_decorator']) retrieved from /usr/local/python/3.10.13/lib/python3.10/site-packages/airflow/example_dags/example_branch_operator_decorator.py
[2024-04-02T09:43:26.330+0000] {logging_mixin.py:150} INFO - [2024-04-02T09:43:26.330+0000] {dag.py:2742} INFO - Sync 1 DAGs
[2024-04-02T09:43:26.347+0000] {logging_mixin.py:150} INFO - [2024-04-02T09:43:26.347+0000] {dag.py:3504} INFO - Setting next_dagrun for example_branch_python_operator_decorator to 2024-04-01T00:00:00+00:00, run_after=2024-04-02T00:00:00+00:00
[2024-04-02T09:43:26.384+0000] {processor.py:179} INFO - Processing /usr/local/python/3.10.13/lib/python3.10/site-packages/airflow/example_dags/example_branch_operator_decorator.py took 0.081 seconds
