[2024-04-02T08:57:31.454+0000] {processor.py:157} INFO - Started process (PID=11880) to work on /usr/local/python/3.10.13/lib/python3.10/site-packages/airflow/example_dags/example_branch_datetime_operator.py
[2024-04-02T08:57:31.455+0000] {processor.py:826} INFO - Processing file /usr/local/python/3.10.13/lib/python3.10/site-packages/airflow/example_dags/example_branch_datetime_operator.py for tasks to queue
[2024-04-02T08:57:31.456+0000] {logging_mixin.py:150} INFO - [2024-04-02T08:57:31.455+0000] {dagbag.py:541} INFO - Filling up the DagBag from /usr/local/python/3.10.13/lib/python3.10/site-packages/airflow/example_dags/example_branch_datetime_operator.py
[2024-04-02T08:57:31.474+0000] {processor.py:836} INFO - DAG(s) dict_keys(['example_branch_datetime_operator_3', 'example_branch_datetime_operator', 'example_branch_datetime_operator_2']) retrieved from /usr/local/python/3.10.13/lib/python3.10/site-packages/airflow/example_dags/example_branch_datetime_operator.py
[2024-04-02T08:57:32.538+0000] {logging_mixin.py:150} INFO - [2024-04-02T08:57:32.538+0000] {dag.py:2742} INFO - Sync 3 DAGs
[2024-04-02T08:57:32.553+0000] {logging_mixin.py:150} INFO - [2024-04-02T08:57:32.553+0000] {dag.py:3504} INFO - Setting next_dagrun for example_branch_datetime_operator to 2024-04-01T00:00:00+00:00, run_after=2024-04-02T00:00:00+00:00
[2024-04-02T08:57:32.556+0000] {logging_mixin.py:150} INFO - [2024-04-02T08:57:32.556+0000] {dag.py:3504} INFO - Setting next_dagrun for example_branch_datetime_operator_2 to 2024-04-01T00:00:00+00:00, run_after=2024-04-02T00:00:00+00:00
[2024-04-02T08:57:32.558+0000] {logging_mixin.py:150} INFO - [2024-04-02T08:57:32.558+0000] {dag.py:3504} INFO - Setting next_dagrun for example_branch_datetime_operator_3 to 2024-04-01T00:00:00+00:00, run_after=2024-04-02T00:00:00+00:00
[2024-04-02T08:57:32.607+0000] {processor.py:179} INFO - Processing /usr/local/python/3.10.13/lib/python3.10/site-packages/airflow/example_dags/example_branch_datetime_operator.py took 1.157 seconds
[2024-04-02T08:58:32.740+0000] {processor.py:157} INFO - Started process (PID=12760) to work on /usr/local/python/3.10.13/lib/python3.10/site-packages/airflow/example_dags/example_branch_datetime_operator.py
[2024-04-02T08:58:32.741+0000] {processor.py:826} INFO - Processing file /usr/local/python/3.10.13/lib/python3.10/site-packages/airflow/example_dags/example_branch_datetime_operator.py for tasks to queue
[2024-04-02T08:58:32.742+0000] {logging_mixin.py:150} INFO - [2024-04-02T08:58:32.741+0000] {dagbag.py:541} INFO - Filling up the DagBag from /usr/local/python/3.10.13/lib/python3.10/site-packages/airflow/example_dags/example_branch_datetime_operator.py
[2024-04-02T08:58:32.755+0000] {processor.py:836} INFO - DAG(s) dict_keys(['example_branch_datetime_operator_2', 'example_branch_datetime_operator', 'example_branch_datetime_operator_3']) retrieved from /usr/local/python/3.10.13/lib/python3.10/site-packages/airflow/example_dags/example_branch_datetime_operator.py
[2024-04-02T08:58:32.781+0000] {logging_mixin.py:150} INFO - [2024-04-02T08:58:32.781+0000] {dag.py:2742} INFO - Sync 3 DAGs
[2024-04-02T08:58:32.807+0000] {logging_mixin.py:150} INFO - [2024-04-02T08:58:32.806+0000] {dag.py:3504} INFO - Setting next_dagrun for example_branch_datetime_operator to 2024-04-01T00:00:00+00:00, run_after=2024-04-02T00:00:00+00:00
[2024-04-02T08:58:32.812+0000] {logging_mixin.py:150} INFO - [2024-04-02T08:58:32.812+0000] {dag.py:3504} INFO - Setting next_dagrun for example_branch_datetime_operator_2 to 2024-04-01T00:00:00+00:00, run_after=2024-04-02T00:00:00+00:00
[2024-04-02T08:58:32.815+0000] {logging_mixin.py:150} INFO - [2024-04-02T08:58:32.815+0000] {dag.py:3504} INFO - Setting next_dagrun for example_branch_datetime_operator_3 to 2024-04-01T00:00:00+00:00, run_after=2024-04-02T00:00:00+00:00
[2024-04-02T08:58:32.856+0000] {processor.py:179} INFO - Processing /usr/local/python/3.10.13/lib/python3.10/site-packages/airflow/example_dags/example_branch_datetime_operator.py took 0.121 seconds
[2024-04-02T09:00:27.991+0000] {processor.py:157} INFO - Started process (PID=14352) to work on /usr/local/python/3.10.13/lib/python3.10/site-packages/airflow/example_dags/example_branch_datetime_operator.py
[2024-04-02T09:00:27.991+0000] {processor.py:826} INFO - Processing file /usr/local/python/3.10.13/lib/python3.10/site-packages/airflow/example_dags/example_branch_datetime_operator.py for tasks to queue
[2024-04-02T09:00:27.992+0000] {logging_mixin.py:150} INFO - [2024-04-02T09:00:27.992+0000] {dagbag.py:541} INFO - Filling up the DagBag from /usr/local/python/3.10.13/lib/python3.10/site-packages/airflow/example_dags/example_branch_datetime_operator.py
[2024-04-02T09:00:28.000+0000] {processor.py:836} INFO - DAG(s) dict_keys(['example_branch_datetime_operator_3', 'example_branch_datetime_operator_2', 'example_branch_datetime_operator']) retrieved from /usr/local/python/3.10.13/lib/python3.10/site-packages/airflow/example_dags/example_branch_datetime_operator.py
[2024-04-02T09:00:28.018+0000] {logging_mixin.py:150} INFO - [2024-04-02T09:00:28.018+0000] {dag.py:2742} INFO - Sync 3 DAGs
[2024-04-02T09:00:28.035+0000] {logging_mixin.py:150} INFO - [2024-04-02T09:00:28.035+0000] {dag.py:3504} INFO - Setting next_dagrun for example_branch_datetime_operator to 2024-04-01T00:00:00+00:00, run_after=2024-04-02T00:00:00+00:00
[2024-04-02T09:00:28.039+0000] {logging_mixin.py:150} INFO - [2024-04-02T09:00:28.039+0000] {dag.py:3504} INFO - Setting next_dagrun for example_branch_datetime_operator_2 to 2024-04-01T00:00:00+00:00, run_after=2024-04-02T00:00:00+00:00
[2024-04-02T09:00:28.041+0000] {logging_mixin.py:150} INFO - [2024-04-02T09:00:28.041+0000] {dag.py:3504} INFO - Setting next_dagrun for example_branch_datetime_operator_3 to 2024-04-01T00:00:00+00:00, run_after=2024-04-02T00:00:00+00:00
[2024-04-02T09:00:28.083+0000] {processor.py:179} INFO - Processing /usr/local/python/3.10.13/lib/python3.10/site-packages/airflow/example_dags/example_branch_datetime_operator.py took 0.095 seconds
[2024-04-02T09:01:25.675+0000] {processor.py:157} INFO - Started process (PID=14806) to work on /usr/local/python/3.10.13/lib/python3.10/site-packages/airflow/example_dags/example_branch_datetime_operator.py
[2024-04-02T09:01:25.676+0000] {processor.py:826} INFO - Processing file /usr/local/python/3.10.13/lib/python3.10/site-packages/airflow/example_dags/example_branch_datetime_operator.py for tasks to queue
[2024-04-02T09:01:25.678+0000] {logging_mixin.py:150} INFO - [2024-04-02T09:01:25.677+0000] {dagbag.py:541} INFO - Filling up the DagBag from /usr/local/python/3.10.13/lib/python3.10/site-packages/airflow/example_dags/example_branch_datetime_operator.py
[2024-04-02T09:01:25.691+0000] {processor.py:836} INFO - DAG(s) dict_keys(['example_branch_datetime_operator_3', 'example_branch_datetime_operator', 'example_branch_datetime_operator_2']) retrieved from /usr/local/python/3.10.13/lib/python3.10/site-packages/airflow/example_dags/example_branch_datetime_operator.py
[2024-04-02T09:01:25.717+0000] {logging_mixin.py:150} INFO - [2024-04-02T09:01:25.717+0000] {dag.py:2742} INFO - Sync 3 DAGs
[2024-04-02T09:01:25.744+0000] {logging_mixin.py:150} INFO - [2024-04-02T09:01:25.744+0000] {dag.py:3504} INFO - Setting next_dagrun for example_branch_datetime_operator to 2024-04-01T00:00:00+00:00, run_after=2024-04-02T00:00:00+00:00
[2024-04-02T09:01:25.750+0000] {logging_mixin.py:150} INFO - [2024-04-02T09:01:25.750+0000] {dag.py:3504} INFO - Setting next_dagrun for example_branch_datetime_operator_2 to 2024-04-01T00:00:00+00:00, run_after=2024-04-02T00:00:00+00:00
[2024-04-02T09:01:25.754+0000] {logging_mixin.py:150} INFO - [2024-04-02T09:01:25.754+0000] {dag.py:3504} INFO - Setting next_dagrun for example_branch_datetime_operator_3 to 2024-04-01T00:00:00+00:00, run_after=2024-04-02T00:00:00+00:00
[2024-04-02T09:01:25.803+0000] {processor.py:179} INFO - Processing /usr/local/python/3.10.13/lib/python3.10/site-packages/airflow/example_dags/example_branch_datetime_operator.py took 0.131 seconds
[2024-04-02T09:02:24.447+0000] {processor.py:157} INFO - Started process (PID=15226) to work on /usr/local/python/3.10.13/lib/python3.10/site-packages/airflow/example_dags/example_branch_datetime_operator.py
[2024-04-02T09:02:24.448+0000] {processor.py:826} INFO - Processing file /usr/local/python/3.10.13/lib/python3.10/site-packages/airflow/example_dags/example_branch_datetime_operator.py for tasks to queue
[2024-04-02T09:02:24.449+0000] {logging_mixin.py:150} INFO - [2024-04-02T09:02:24.448+0000] {dagbag.py:541} INFO - Filling up the DagBag from /usr/local/python/3.10.13/lib/python3.10/site-packages/airflow/example_dags/example_branch_datetime_operator.py
[2024-04-02T09:02:24.457+0000] {processor.py:836} INFO - DAG(s) dict_keys(['example_branch_datetime_operator', 'example_branch_datetime_operator_3', 'example_branch_datetime_operator_2']) retrieved from /usr/local/python/3.10.13/lib/python3.10/site-packages/airflow/example_dags/example_branch_datetime_operator.py
[2024-04-02T09:02:24.475+0000] {logging_mixin.py:150} INFO - [2024-04-02T09:02:24.475+0000] {dag.py:2742} INFO - Sync 3 DAGs
[2024-04-02T09:02:24.492+0000] {logging_mixin.py:150} INFO - [2024-04-02T09:02:24.492+0000] {dag.py:3504} INFO - Setting next_dagrun for example_branch_datetime_operator to 2024-04-01T00:00:00+00:00, run_after=2024-04-02T00:00:00+00:00
[2024-04-02T09:02:24.496+0000] {logging_mixin.py:150} INFO - [2024-04-02T09:02:24.496+0000] {dag.py:3504} INFO - Setting next_dagrun for example_branch_datetime_operator_2 to 2024-04-01T00:00:00+00:00, run_after=2024-04-02T00:00:00+00:00
[2024-04-02T09:02:24.498+0000] {logging_mixin.py:150} INFO - [2024-04-02T09:02:24.498+0000] {dag.py:3504} INFO - Setting next_dagrun for example_branch_datetime_operator_3 to 2024-04-01T00:00:00+00:00, run_after=2024-04-02T00:00:00+00:00
[2024-04-02T09:02:24.535+0000] {processor.py:179} INFO - Processing /usr/local/python/3.10.13/lib/python3.10/site-packages/airflow/example_dags/example_branch_datetime_operator.py took 0.090 seconds
[2024-04-02T09:03:22.926+0000] {processor.py:157} INFO - Started process (PID=15617) to work on /usr/local/python/3.10.13/lib/python3.10/site-packages/airflow/example_dags/example_branch_datetime_operator.py
[2024-04-02T09:03:22.927+0000] {processor.py:826} INFO - Processing file /usr/local/python/3.10.13/lib/python3.10/site-packages/airflow/example_dags/example_branch_datetime_operator.py for tasks to queue
[2024-04-02T09:03:22.927+0000] {logging_mixin.py:150} INFO - [2024-04-02T09:03:22.927+0000] {dagbag.py:541} INFO - Filling up the DagBag from /usr/local/python/3.10.13/lib/python3.10/site-packages/airflow/example_dags/example_branch_datetime_operator.py
[2024-04-02T09:03:22.935+0000] {processor.py:836} INFO - DAG(s) dict_keys(['example_branch_datetime_operator_2', 'example_branch_datetime_operator_3', 'example_branch_datetime_operator']) retrieved from /usr/local/python/3.10.13/lib/python3.10/site-packages/airflow/example_dags/example_branch_datetime_operator.py
[2024-04-02T09:03:22.953+0000] {logging_mixin.py:150} INFO - [2024-04-02T09:03:22.953+0000] {dag.py:2742} INFO - Sync 3 DAGs
[2024-04-02T09:03:22.974+0000] {logging_mixin.py:150} INFO - [2024-04-02T09:03:22.973+0000] {dag.py:3504} INFO - Setting next_dagrun for example_branch_datetime_operator to 2024-04-01T00:00:00+00:00, run_after=2024-04-02T00:00:00+00:00
[2024-04-02T09:03:22.980+0000] {logging_mixin.py:150} INFO - [2024-04-02T09:03:22.980+0000] {dag.py:3504} INFO - Setting next_dagrun for example_branch_datetime_operator_2 to 2024-04-01T00:00:00+00:00, run_after=2024-04-02T00:00:00+00:00
[2024-04-02T09:03:22.984+0000] {logging_mixin.py:150} INFO - [2024-04-02T09:03:22.983+0000] {dag.py:3504} INFO - Setting next_dagrun for example_branch_datetime_operator_3 to 2024-04-01T00:00:00+00:00, run_after=2024-04-02T00:00:00+00:00
[2024-04-02T09:03:23.027+0000] {processor.py:179} INFO - Processing /usr/local/python/3.10.13/lib/python3.10/site-packages/airflow/example_dags/example_branch_datetime_operator.py took 0.103 seconds
[2024-04-02T09:04:21.865+0000] {processor.py:157} INFO - Started process (PID=16027) to work on /usr/local/python/3.10.13/lib/python3.10/site-packages/airflow/example_dags/example_branch_datetime_operator.py
[2024-04-02T09:04:21.866+0000] {processor.py:826} INFO - Processing file /usr/local/python/3.10.13/lib/python3.10/site-packages/airflow/example_dags/example_branch_datetime_operator.py for tasks to queue
[2024-04-02T09:04:21.866+0000] {logging_mixin.py:150} INFO - [2024-04-02T09:04:21.866+0000] {dagbag.py:541} INFO - Filling up the DagBag from /usr/local/python/3.10.13/lib/python3.10/site-packages/airflow/example_dags/example_branch_datetime_operator.py
[2024-04-02T09:04:21.875+0000] {processor.py:836} INFO - DAG(s) dict_keys(['example_branch_datetime_operator_2', 'example_branch_datetime_operator', 'example_branch_datetime_operator_3']) retrieved from /usr/local/python/3.10.13/lib/python3.10/site-packages/airflow/example_dags/example_branch_datetime_operator.py
[2024-04-02T09:04:21.893+0000] {logging_mixin.py:150} INFO - [2024-04-02T09:04:21.893+0000] {dag.py:2742} INFO - Sync 3 DAGs
[2024-04-02T09:04:21.916+0000] {logging_mixin.py:150} INFO - [2024-04-02T09:04:21.916+0000] {dag.py:3504} INFO - Setting next_dagrun for example_branch_datetime_operator to 2024-04-01T00:00:00+00:00, run_after=2024-04-02T00:00:00+00:00
[2024-04-02T09:04:21.920+0000] {logging_mixin.py:150} INFO - [2024-04-02T09:04:21.920+0000] {dag.py:3504} INFO - Setting next_dagrun for example_branch_datetime_operator_2 to 2024-04-01T00:00:00+00:00, run_after=2024-04-02T00:00:00+00:00
[2024-04-02T09:04:21.922+0000] {logging_mixin.py:150} INFO - [2024-04-02T09:04:21.922+0000] {dag.py:3504} INFO - Setting next_dagrun for example_branch_datetime_operator_3 to 2024-04-01T00:00:00+00:00, run_after=2024-04-02T00:00:00+00:00
[2024-04-02T09:04:21.960+0000] {processor.py:179} INFO - Processing /usr/local/python/3.10.13/lib/python3.10/site-packages/airflow/example_dags/example_branch_datetime_operator.py took 0.097 seconds
[2024-04-02T09:05:12.836+0000] {processor.py:157} INFO - Started process (PID=16395) to work on /usr/local/python/3.10.13/lib/python3.10/site-packages/airflow/example_dags/example_branch_datetime_operator.py
[2024-04-02T09:05:12.837+0000] {processor.py:826} INFO - Processing file /usr/local/python/3.10.13/lib/python3.10/site-packages/airflow/example_dags/example_branch_datetime_operator.py for tasks to queue
[2024-04-02T09:05:12.837+0000] {logging_mixin.py:150} INFO - [2024-04-02T09:05:12.837+0000] {dagbag.py:541} INFO - Filling up the DagBag from /usr/local/python/3.10.13/lib/python3.10/site-packages/airflow/example_dags/example_branch_datetime_operator.py
[2024-04-02T09:05:12.849+0000] {processor.py:836} INFO - DAG(s) dict_keys(['example_branch_datetime_operator', 'example_branch_datetime_operator_2', 'example_branch_datetime_operator_3']) retrieved from /usr/local/python/3.10.13/lib/python3.10/site-packages/airflow/example_dags/example_branch_datetime_operator.py
[2024-04-02T09:05:12.877+0000] {logging_mixin.py:150} INFO - [2024-04-02T09:05:12.877+0000] {dag.py:2742} INFO - Sync 3 DAGs
[2024-04-02T09:05:12.897+0000] {logging_mixin.py:150} INFO - [2024-04-02T09:05:12.896+0000] {dag.py:3504} INFO - Setting next_dagrun for example_branch_datetime_operator to 2024-04-01T00:00:00+00:00, run_after=2024-04-02T00:00:00+00:00
[2024-04-02T09:05:12.900+0000] {logging_mixin.py:150} INFO - [2024-04-02T09:05:12.900+0000] {dag.py:3504} INFO - Setting next_dagrun for example_branch_datetime_operator_2 to 2024-04-01T00:00:00+00:00, run_after=2024-04-02T00:00:00+00:00
[2024-04-02T09:05:12.902+0000] {logging_mixin.py:150} INFO - [2024-04-02T09:05:12.902+0000] {dag.py:3504} INFO - Setting next_dagrun for example_branch_datetime_operator_3 to 2024-04-01T00:00:00+00:00, run_after=2024-04-02T00:00:00+00:00
[2024-04-02T09:05:12.943+0000] {processor.py:179} INFO - Processing /usr/local/python/3.10.13/lib/python3.10/site-packages/airflow/example_dags/example_branch_datetime_operator.py took 0.109 seconds
[2024-04-02T09:06:15.507+0000] {processor.py:157} INFO - Started process (PID=16838) to work on /usr/local/python/3.10.13/lib/python3.10/site-packages/airflow/example_dags/example_branch_datetime_operator.py
[2024-04-02T09:06:15.508+0000] {processor.py:826} INFO - Processing file /usr/local/python/3.10.13/lib/python3.10/site-packages/airflow/example_dags/example_branch_datetime_operator.py for tasks to queue
[2024-04-02T09:06:15.509+0000] {logging_mixin.py:150} INFO - [2024-04-02T09:06:15.508+0000] {dagbag.py:541} INFO - Filling up the DagBag from /usr/local/python/3.10.13/lib/python3.10/site-packages/airflow/example_dags/example_branch_datetime_operator.py
[2024-04-02T09:06:15.524+0000] {processor.py:836} INFO - DAG(s) dict_keys(['example_branch_datetime_operator', 'example_branch_datetime_operator_2', 'example_branch_datetime_operator_3']) retrieved from /usr/local/python/3.10.13/lib/python3.10/site-packages/airflow/example_dags/example_branch_datetime_operator.py
[2024-04-02T09:06:15.551+0000] {logging_mixin.py:150} INFO - [2024-04-02T09:06:15.550+0000] {dag.py:2742} INFO - Sync 3 DAGs
[2024-04-02T09:06:15.573+0000] {logging_mixin.py:150} INFO - [2024-04-02T09:06:15.573+0000] {dag.py:3504} INFO - Setting next_dagrun for example_branch_datetime_operator to 2024-04-01T00:00:00+00:00, run_after=2024-04-02T00:00:00+00:00
[2024-04-02T09:06:15.576+0000] {logging_mixin.py:150} INFO - [2024-04-02T09:06:15.576+0000] {dag.py:3504} INFO - Setting next_dagrun for example_branch_datetime_operator_2 to 2024-04-01T00:00:00+00:00, run_after=2024-04-02T00:00:00+00:00
[2024-04-02T09:06:15.579+0000] {logging_mixin.py:150} INFO - [2024-04-02T09:06:15.579+0000] {dag.py:3504} INFO - Setting next_dagrun for example_branch_datetime_operator_3 to 2024-04-01T00:00:00+00:00, run_after=2024-04-02T00:00:00+00:00
[2024-04-02T09:06:15.618+0000] {processor.py:179} INFO - Processing /usr/local/python/3.10.13/lib/python3.10/site-packages/airflow/example_dags/example_branch_datetime_operator.py took 0.113 seconds
[2024-04-02T09:07:17.090+0000] {processor.py:157} INFO - Started process (PID=17678) to work on /usr/local/python/3.10.13/lib/python3.10/site-packages/airflow/example_dags/example_branch_datetime_operator.py
[2024-04-02T09:07:17.090+0000] {processor.py:826} INFO - Processing file /usr/local/python/3.10.13/lib/python3.10/site-packages/airflow/example_dags/example_branch_datetime_operator.py for tasks to queue
[2024-04-02T09:07:17.091+0000] {logging_mixin.py:150} INFO - [2024-04-02T09:07:17.091+0000] {dagbag.py:541} INFO - Filling up the DagBag from /usr/local/python/3.10.13/lib/python3.10/site-packages/airflow/example_dags/example_branch_datetime_operator.py
[2024-04-02T09:07:17.099+0000] {processor.py:836} INFO - DAG(s) dict_keys(['example_branch_datetime_operator_3', 'example_branch_datetime_operator_2', 'example_branch_datetime_operator']) retrieved from /usr/local/python/3.10.13/lib/python3.10/site-packages/airflow/example_dags/example_branch_datetime_operator.py
[2024-04-02T09:07:17.116+0000] {logging_mixin.py:150} INFO - [2024-04-02T09:07:17.116+0000] {dag.py:2742} INFO - Sync 3 DAGs
[2024-04-02T09:07:17.132+0000] {logging_mixin.py:150} INFO - [2024-04-02T09:07:17.132+0000] {dag.py:3504} INFO - Setting next_dagrun for example_branch_datetime_operator to 2024-04-01T00:00:00+00:00, run_after=2024-04-02T00:00:00+00:00
[2024-04-02T09:07:17.136+0000] {logging_mixin.py:150} INFO - [2024-04-02T09:07:17.136+0000] {dag.py:3504} INFO - Setting next_dagrun for example_branch_datetime_operator_2 to 2024-04-01T00:00:00+00:00, run_after=2024-04-02T00:00:00+00:00
[2024-04-02T09:07:17.138+0000] {logging_mixin.py:150} INFO - [2024-04-02T09:07:17.138+0000] {dag.py:3504} INFO - Setting next_dagrun for example_branch_datetime_operator_3 to 2024-04-01T00:00:00+00:00, run_after=2024-04-02T00:00:00+00:00
[2024-04-02T09:07:17.181+0000] {processor.py:179} INFO - Processing /usr/local/python/3.10.13/lib/python3.10/site-packages/airflow/example_dags/example_branch_datetime_operator.py took 0.094 seconds
[2024-04-02T09:08:14.256+0000] {processor.py:157} INFO - Started process (PID=18076) to work on /usr/local/python/3.10.13/lib/python3.10/site-packages/airflow/example_dags/example_branch_datetime_operator.py
[2024-04-02T09:08:14.257+0000] {processor.py:826} INFO - Processing file /usr/local/python/3.10.13/lib/python3.10/site-packages/airflow/example_dags/example_branch_datetime_operator.py for tasks to queue
[2024-04-02T09:08:14.258+0000] {logging_mixin.py:150} INFO - [2024-04-02T09:08:14.257+0000] {dagbag.py:541} INFO - Filling up the DagBag from /usr/local/python/3.10.13/lib/python3.10/site-packages/airflow/example_dags/example_branch_datetime_operator.py
[2024-04-02T09:08:14.266+0000] {processor.py:836} INFO - DAG(s) dict_keys(['example_branch_datetime_operator', 'example_branch_datetime_operator_2', 'example_branch_datetime_operator_3']) retrieved from /usr/local/python/3.10.13/lib/python3.10/site-packages/airflow/example_dags/example_branch_datetime_operator.py
[2024-04-02T09:08:14.283+0000] {logging_mixin.py:150} INFO - [2024-04-02T09:08:14.282+0000] {dag.py:2742} INFO - Sync 3 DAGs
[2024-04-02T09:08:14.299+0000] {logging_mixin.py:150} INFO - [2024-04-02T09:08:14.299+0000] {dag.py:3504} INFO - Setting next_dagrun for example_branch_datetime_operator to 2024-04-01T00:00:00+00:00, run_after=2024-04-02T00:00:00+00:00
[2024-04-02T09:08:14.303+0000] {logging_mixin.py:150} INFO - [2024-04-02T09:08:14.303+0000] {dag.py:3504} INFO - Setting next_dagrun for example_branch_datetime_operator_2 to 2024-04-01T00:00:00+00:00, run_after=2024-04-02T00:00:00+00:00
[2024-04-02T09:08:14.305+0000] {logging_mixin.py:150} INFO - [2024-04-02T09:08:14.305+0000] {dag.py:3504} INFO - Setting next_dagrun for example_branch_datetime_operator_3 to 2024-04-01T00:00:00+00:00, run_after=2024-04-02T00:00:00+00:00
[2024-04-02T09:08:14.344+0000] {processor.py:179} INFO - Processing /usr/local/python/3.10.13/lib/python3.10/site-packages/airflow/example_dags/example_branch_datetime_operator.py took 0.090 seconds
[2024-04-02T09:09:10.900+0000] {processor.py:157} INFO - Started process (PID=18452) to work on /usr/local/python/3.10.13/lib/python3.10/site-packages/airflow/example_dags/example_branch_datetime_operator.py
[2024-04-02T09:09:10.900+0000] {processor.py:826} INFO - Processing file /usr/local/python/3.10.13/lib/python3.10/site-packages/airflow/example_dags/example_branch_datetime_operator.py for tasks to queue
[2024-04-02T09:09:10.901+0000] {logging_mixin.py:150} INFO - [2024-04-02T09:09:10.901+0000] {dagbag.py:541} INFO - Filling up the DagBag from /usr/local/python/3.10.13/lib/python3.10/site-packages/airflow/example_dags/example_branch_datetime_operator.py
[2024-04-02T09:09:10.909+0000] {processor.py:836} INFO - DAG(s) dict_keys(['example_branch_datetime_operator', 'example_branch_datetime_operator_3', 'example_branch_datetime_operator_2']) retrieved from /usr/local/python/3.10.13/lib/python3.10/site-packages/airflow/example_dags/example_branch_datetime_operator.py
[2024-04-02T09:09:10.926+0000] {logging_mixin.py:150} INFO - [2024-04-02T09:09:10.926+0000] {dag.py:2742} INFO - Sync 3 DAGs
[2024-04-02T09:09:10.944+0000] {logging_mixin.py:150} INFO - [2024-04-02T09:09:10.944+0000] {dag.py:3504} INFO - Setting next_dagrun for example_branch_datetime_operator to 2024-04-01T00:00:00+00:00, run_after=2024-04-02T00:00:00+00:00
[2024-04-02T09:09:10.948+0000] {logging_mixin.py:150} INFO - [2024-04-02T09:09:10.948+0000] {dag.py:3504} INFO - Setting next_dagrun for example_branch_datetime_operator_2 to 2024-04-01T00:00:00+00:00, run_after=2024-04-02T00:00:00+00:00
[2024-04-02T09:09:10.950+0000] {logging_mixin.py:150} INFO - [2024-04-02T09:09:10.950+0000] {dag.py:3504} INFO - Setting next_dagrun for example_branch_datetime_operator_3 to 2024-04-01T00:00:00+00:00, run_after=2024-04-02T00:00:00+00:00
[2024-04-02T09:09:10.987+0000] {processor.py:179} INFO - Processing /usr/local/python/3.10.13/lib/python3.10/site-packages/airflow/example_dags/example_branch_datetime_operator.py took 0.090 seconds
[2024-04-02T09:10:06.673+0000] {processor.py:157} INFO - Started process (PID=18869) to work on /usr/local/python/3.10.13/lib/python3.10/site-packages/airflow/example_dags/example_branch_datetime_operator.py
[2024-04-02T09:10:06.673+0000] {processor.py:826} INFO - Processing file /usr/local/python/3.10.13/lib/python3.10/site-packages/airflow/example_dags/example_branch_datetime_operator.py for tasks to queue
[2024-04-02T09:10:06.674+0000] {logging_mixin.py:150} INFO - [2024-04-02T09:10:06.674+0000] {dagbag.py:541} INFO - Filling up the DagBag from /usr/local/python/3.10.13/lib/python3.10/site-packages/airflow/example_dags/example_branch_datetime_operator.py
[2024-04-02T09:10:06.682+0000] {processor.py:836} INFO - DAG(s) dict_keys(['example_branch_datetime_operator_3', 'example_branch_datetime_operator', 'example_branch_datetime_operator_2']) retrieved from /usr/local/python/3.10.13/lib/python3.10/site-packages/airflow/example_dags/example_branch_datetime_operator.py
[2024-04-02T09:10:06.700+0000] {logging_mixin.py:150} INFO - [2024-04-02T09:10:06.700+0000] {dag.py:2742} INFO - Sync 3 DAGs
[2024-04-02T09:10:06.716+0000] {logging_mixin.py:150} INFO - [2024-04-02T09:10:06.716+0000] {dag.py:3504} INFO - Setting next_dagrun for example_branch_datetime_operator to 2024-04-01T00:00:00+00:00, run_after=2024-04-02T00:00:00+00:00
[2024-04-02T09:10:06.720+0000] {logging_mixin.py:150} INFO - [2024-04-02T09:10:06.720+0000] {dag.py:3504} INFO - Setting next_dagrun for example_branch_datetime_operator_2 to 2024-04-01T00:00:00+00:00, run_after=2024-04-02T00:00:00+00:00
[2024-04-02T09:10:06.722+0000] {logging_mixin.py:150} INFO - [2024-04-02T09:10:06.722+0000] {dag.py:3504} INFO - Setting next_dagrun for example_branch_datetime_operator_3 to 2024-04-01T00:00:00+00:00, run_after=2024-04-02T00:00:00+00:00
[2024-04-02T09:10:06.763+0000] {processor.py:179} INFO - Processing /usr/local/python/3.10.13/lib/python3.10/site-packages/airflow/example_dags/example_branch_datetime_operator.py took 0.092 seconds
[2024-04-02T09:11:06.634+0000] {processor.py:157} INFO - Started process (PID=19271) to work on /usr/local/python/3.10.13/lib/python3.10/site-packages/airflow/example_dags/example_branch_datetime_operator.py
[2024-04-02T09:11:06.635+0000] {processor.py:826} INFO - Processing file /usr/local/python/3.10.13/lib/python3.10/site-packages/airflow/example_dags/example_branch_datetime_operator.py for tasks to queue
[2024-04-02T09:11:06.636+0000] {logging_mixin.py:150} INFO - [2024-04-02T09:11:06.635+0000] {dagbag.py:541} INFO - Filling up the DagBag from /usr/local/python/3.10.13/lib/python3.10/site-packages/airflow/example_dags/example_branch_datetime_operator.py
[2024-04-02T09:11:06.649+0000] {processor.py:836} INFO - DAG(s) dict_keys(['example_branch_datetime_operator_2', 'example_branch_datetime_operator', 'example_branch_datetime_operator_3']) retrieved from /usr/local/python/3.10.13/lib/python3.10/site-packages/airflow/example_dags/example_branch_datetime_operator.py
[2024-04-02T09:11:06.676+0000] {logging_mixin.py:150} INFO - [2024-04-02T09:11:06.675+0000] {dag.py:2742} INFO - Sync 3 DAGs
[2024-04-02T09:11:06.702+0000] {logging_mixin.py:150} INFO - [2024-04-02T09:11:06.702+0000] {dag.py:3504} INFO - Setting next_dagrun for example_branch_datetime_operator to 2024-04-01T00:00:00+00:00, run_after=2024-04-02T00:00:00+00:00
[2024-04-02T09:11:06.708+0000] {logging_mixin.py:150} INFO - [2024-04-02T09:11:06.708+0000] {dag.py:3504} INFO - Setting next_dagrun for example_branch_datetime_operator_2 to 2024-04-01T00:00:00+00:00, run_after=2024-04-02T00:00:00+00:00
[2024-04-02T09:11:06.711+0000] {logging_mixin.py:150} INFO - [2024-04-02T09:11:06.711+0000] {dag.py:3504} INFO - Setting next_dagrun for example_branch_datetime_operator_3 to 2024-04-01T00:00:00+00:00, run_after=2024-04-02T00:00:00+00:00
[2024-04-02T09:11:06.756+0000] {processor.py:179} INFO - Processing /usr/local/python/3.10.13/lib/python3.10/site-packages/airflow/example_dags/example_branch_datetime_operator.py took 0.125 seconds
[2024-04-02T09:12:05.268+0000] {processor.py:157} INFO - Started process (PID=19662) to work on /usr/local/python/3.10.13/lib/python3.10/site-packages/airflow/example_dags/example_branch_datetime_operator.py
[2024-04-02T09:12:05.269+0000] {processor.py:826} INFO - Processing file /usr/local/python/3.10.13/lib/python3.10/site-packages/airflow/example_dags/example_branch_datetime_operator.py for tasks to queue
[2024-04-02T09:12:05.271+0000] {logging_mixin.py:150} INFO - [2024-04-02T09:12:05.270+0000] {dagbag.py:541} INFO - Filling up the DagBag from /usr/local/python/3.10.13/lib/python3.10/site-packages/airflow/example_dags/example_branch_datetime_operator.py
[2024-04-02T09:12:05.291+0000] {processor.py:836} INFO - DAG(s) dict_keys(['example_branch_datetime_operator_3', 'example_branch_datetime_operator', 'example_branch_datetime_operator_2']) retrieved from /usr/local/python/3.10.13/lib/python3.10/site-packages/airflow/example_dags/example_branch_datetime_operator.py
[2024-04-02T09:12:05.334+0000] {logging_mixin.py:150} INFO - [2024-04-02T09:12:05.334+0000] {dag.py:2742} INFO - Sync 3 DAGs
[2024-04-02T09:12:05.445+0000] {logging_mixin.py:150} INFO - [2024-04-02T09:12:05.445+0000] {dag.py:3504} INFO - Setting next_dagrun for example_branch_datetime_operator to 2024-04-01T00:00:00+00:00, run_after=2024-04-02T00:00:00+00:00
[2024-04-02T09:12:05.470+0000] {logging_mixin.py:150} INFO - [2024-04-02T09:12:05.470+0000] {dag.py:3504} INFO - Setting next_dagrun for example_branch_datetime_operator_2 to 2024-04-01T00:00:00+00:00, run_after=2024-04-02T00:00:00+00:00
[2024-04-02T09:12:05.480+0000] {logging_mixin.py:150} INFO - [2024-04-02T09:12:05.480+0000] {dag.py:3504} INFO - Setting next_dagrun for example_branch_datetime_operator_3 to 2024-04-01T00:00:00+00:00, run_after=2024-04-02T00:00:00+00:00
[2024-04-02T09:12:05.541+0000] {processor.py:179} INFO - Processing /usr/local/python/3.10.13/lib/python3.10/site-packages/airflow/example_dags/example_branch_datetime_operator.py took 0.281 seconds
[2024-04-02T09:13:06.442+0000] {processor.py:157} INFO - Started process (PID=20082) to work on /usr/local/python/3.10.13/lib/python3.10/site-packages/airflow/example_dags/example_branch_datetime_operator.py
[2024-04-02T09:13:06.444+0000] {processor.py:826} INFO - Processing file /usr/local/python/3.10.13/lib/python3.10/site-packages/airflow/example_dags/example_branch_datetime_operator.py for tasks to queue
[2024-04-02T09:13:06.445+0000] {logging_mixin.py:150} INFO - [2024-04-02T09:13:06.445+0000] {dagbag.py:541} INFO - Filling up the DagBag from /usr/local/python/3.10.13/lib/python3.10/site-packages/airflow/example_dags/example_branch_datetime_operator.py
[2024-04-02T09:13:06.463+0000] {processor.py:836} INFO - DAG(s) dict_keys(['example_branch_datetime_operator', 'example_branch_datetime_operator_2', 'example_branch_datetime_operator_3']) retrieved from /usr/local/python/3.10.13/lib/python3.10/site-packages/airflow/example_dags/example_branch_datetime_operator.py
[2024-04-02T09:13:06.503+0000] {logging_mixin.py:150} INFO - [2024-04-02T09:13:06.503+0000] {dag.py:2742} INFO - Sync 3 DAGs
[2024-04-02T09:13:06.535+0000] {logging_mixin.py:150} INFO - [2024-04-02T09:13:06.534+0000] {dag.py:3504} INFO - Setting next_dagrun for example_branch_datetime_operator to 2024-04-01T00:00:00+00:00, run_after=2024-04-02T00:00:00+00:00
[2024-04-02T09:13:06.543+0000] {logging_mixin.py:150} INFO - [2024-04-02T09:13:06.542+0000] {dag.py:3504} INFO - Setting next_dagrun for example_branch_datetime_operator_2 to 2024-04-01T00:00:00+00:00, run_after=2024-04-02T00:00:00+00:00
[2024-04-02T09:13:06.546+0000] {logging_mixin.py:150} INFO - [2024-04-02T09:13:06.546+0000] {dag.py:3504} INFO - Setting next_dagrun for example_branch_datetime_operator_3 to 2024-04-01T00:00:00+00:00, run_after=2024-04-02T00:00:00+00:00
[2024-04-02T09:13:06.597+0000] {processor.py:179} INFO - Processing /usr/local/python/3.10.13/lib/python3.10/site-packages/airflow/example_dags/example_branch_datetime_operator.py took 0.159 seconds
[2024-04-02T09:14:01.796+0000] {processor.py:157} INFO - Started process (PID=20462) to work on /usr/local/python/3.10.13/lib/python3.10/site-packages/airflow/example_dags/example_branch_datetime_operator.py
[2024-04-02T09:14:01.797+0000] {processor.py:826} INFO - Processing file /usr/local/python/3.10.13/lib/python3.10/site-packages/airflow/example_dags/example_branch_datetime_operator.py for tasks to queue
[2024-04-02T09:14:01.798+0000] {logging_mixin.py:150} INFO - [2024-04-02T09:14:01.797+0000] {dagbag.py:541} INFO - Filling up the DagBag from /usr/local/python/3.10.13/lib/python3.10/site-packages/airflow/example_dags/example_branch_datetime_operator.py
[2024-04-02T09:14:01.808+0000] {processor.py:836} INFO - DAG(s) dict_keys(['example_branch_datetime_operator_2', 'example_branch_datetime_operator_3', 'example_branch_datetime_operator']) retrieved from /usr/local/python/3.10.13/lib/python3.10/site-packages/airflow/example_dags/example_branch_datetime_operator.py
[2024-04-02T09:14:01.825+0000] {logging_mixin.py:150} INFO - [2024-04-02T09:14:01.825+0000] {dag.py:2742} INFO - Sync 3 DAGs
[2024-04-02T09:14:01.841+0000] {logging_mixin.py:150} INFO - [2024-04-02T09:14:01.841+0000] {dag.py:3504} INFO - Setting next_dagrun for example_branch_datetime_operator to 2024-04-01T00:00:00+00:00, run_after=2024-04-02T00:00:00+00:00
[2024-04-02T09:14:01.845+0000] {logging_mixin.py:150} INFO - [2024-04-02T09:14:01.845+0000] {dag.py:3504} INFO - Setting next_dagrun for example_branch_datetime_operator_2 to 2024-04-01T00:00:00+00:00, run_after=2024-04-02T00:00:00+00:00
[2024-04-02T09:14:01.847+0000] {logging_mixin.py:150} INFO - [2024-04-02T09:14:01.847+0000] {dag.py:3504} INFO - Setting next_dagrun for example_branch_datetime_operator_3 to 2024-04-01T00:00:00+00:00, run_after=2024-04-02T00:00:00+00:00
[2024-04-02T09:14:01.883+0000] {processor.py:179} INFO - Processing /usr/local/python/3.10.13/lib/python3.10/site-packages/airflow/example_dags/example_branch_datetime_operator.py took 0.089 seconds
[2024-04-02T09:14:55.258+0000] {processor.py:157} INFO - Started process (PID=20854) to work on /usr/local/python/3.10.13/lib/python3.10/site-packages/airflow/example_dags/example_branch_datetime_operator.py
[2024-04-02T09:14:55.259+0000] {processor.py:826} INFO - Processing file /usr/local/python/3.10.13/lib/python3.10/site-packages/airflow/example_dags/example_branch_datetime_operator.py for tasks to queue
[2024-04-02T09:14:55.260+0000] {logging_mixin.py:150} INFO - [2024-04-02T09:14:55.260+0000] {dagbag.py:541} INFO - Filling up the DagBag from /usr/local/python/3.10.13/lib/python3.10/site-packages/airflow/example_dags/example_branch_datetime_operator.py
[2024-04-02T09:14:55.273+0000] {processor.py:836} INFO - DAG(s) dict_keys(['example_branch_datetime_operator', 'example_branch_datetime_operator_3', 'example_branch_datetime_operator_2']) retrieved from /usr/local/python/3.10.13/lib/python3.10/site-packages/airflow/example_dags/example_branch_datetime_operator.py
[2024-04-02T09:14:55.298+0000] {logging_mixin.py:150} INFO - [2024-04-02T09:14:55.297+0000] {dag.py:2742} INFO - Sync 3 DAGs
[2024-04-02T09:14:55.323+0000] {logging_mixin.py:150} INFO - [2024-04-02T09:14:55.323+0000] {dag.py:3504} INFO - Setting next_dagrun for example_branch_datetime_operator to 2024-04-01T00:00:00+00:00, run_after=2024-04-02T00:00:00+00:00
[2024-04-02T09:14:55.329+0000] {logging_mixin.py:150} INFO - [2024-04-02T09:14:55.329+0000] {dag.py:3504} INFO - Setting next_dagrun for example_branch_datetime_operator_2 to 2024-04-01T00:00:00+00:00, run_after=2024-04-02T00:00:00+00:00
[2024-04-02T09:14:55.332+0000] {logging_mixin.py:150} INFO - [2024-04-02T09:14:55.332+0000] {dag.py:3504} INFO - Setting next_dagrun for example_branch_datetime_operator_3 to 2024-04-01T00:00:00+00:00, run_after=2024-04-02T00:00:00+00:00
[2024-04-02T09:14:55.393+0000] {processor.py:179} INFO - Processing /usr/local/python/3.10.13/lib/python3.10/site-packages/airflow/example_dags/example_branch_datetime_operator.py took 0.139 seconds
[2024-04-02T09:15:47.064+0000] {processor.py:157} INFO - Started process (PID=21205) to work on /usr/local/python/3.10.13/lib/python3.10/site-packages/airflow/example_dags/example_branch_datetime_operator.py
[2024-04-02T09:15:47.065+0000] {processor.py:826} INFO - Processing file /usr/local/python/3.10.13/lib/python3.10/site-packages/airflow/example_dags/example_branch_datetime_operator.py for tasks to queue
[2024-04-02T09:15:47.066+0000] {logging_mixin.py:150} INFO - [2024-04-02T09:15:47.066+0000] {dagbag.py:541} INFO - Filling up the DagBag from /usr/local/python/3.10.13/lib/python3.10/site-packages/airflow/example_dags/example_branch_datetime_operator.py
[2024-04-02T09:15:47.074+0000] {processor.py:836} INFO - DAG(s) dict_keys(['example_branch_datetime_operator', 'example_branch_datetime_operator_2', 'example_branch_datetime_operator_3']) retrieved from /usr/local/python/3.10.13/lib/python3.10/site-packages/airflow/example_dags/example_branch_datetime_operator.py
[2024-04-02T09:15:47.092+0000] {logging_mixin.py:150} INFO - [2024-04-02T09:15:47.091+0000] {dag.py:2742} INFO - Sync 3 DAGs
[2024-04-02T09:15:47.108+0000] {logging_mixin.py:150} INFO - [2024-04-02T09:15:47.108+0000] {dag.py:3504} INFO - Setting next_dagrun for example_branch_datetime_operator to 2024-04-01T00:00:00+00:00, run_after=2024-04-02T00:00:00+00:00
[2024-04-02T09:15:47.112+0000] {logging_mixin.py:150} INFO - [2024-04-02T09:15:47.112+0000] {dag.py:3504} INFO - Setting next_dagrun for example_branch_datetime_operator_2 to 2024-04-01T00:00:00+00:00, run_after=2024-04-02T00:00:00+00:00
[2024-04-02T09:15:47.114+0000] {logging_mixin.py:150} INFO - [2024-04-02T09:15:47.114+0000] {dag.py:3504} INFO - Setting next_dagrun for example_branch_datetime_operator_3 to 2024-04-01T00:00:00+00:00, run_after=2024-04-02T00:00:00+00:00
[2024-04-02T09:15:47.152+0000] {processor.py:179} INFO - Processing /usr/local/python/3.10.13/lib/python3.10/site-packages/airflow/example_dags/example_branch_datetime_operator.py took 0.090 seconds
[2024-04-02T09:16:44.655+0000] {processor.py:157} INFO - Started process (PID=21606) to work on /usr/local/python/3.10.13/lib/python3.10/site-packages/airflow/example_dags/example_branch_datetime_operator.py
[2024-04-02T09:16:44.656+0000] {processor.py:826} INFO - Processing file /usr/local/python/3.10.13/lib/python3.10/site-packages/airflow/example_dags/example_branch_datetime_operator.py for tasks to queue
[2024-04-02T09:16:44.657+0000] {logging_mixin.py:150} INFO - [2024-04-02T09:16:44.657+0000] {dagbag.py:541} INFO - Filling up the DagBag from /usr/local/python/3.10.13/lib/python3.10/site-packages/airflow/example_dags/example_branch_datetime_operator.py
[2024-04-02T09:16:44.670+0000] {processor.py:836} INFO - DAG(s) dict_keys(['example_branch_datetime_operator', 'example_branch_datetime_operator_3', 'example_branch_datetime_operator_2']) retrieved from /usr/local/python/3.10.13/lib/python3.10/site-packages/airflow/example_dags/example_branch_datetime_operator.py
[2024-04-02T09:16:44.698+0000] {logging_mixin.py:150} INFO - [2024-04-02T09:16:44.698+0000] {dag.py:2742} INFO - Sync 3 DAGs
[2024-04-02T09:16:44.724+0000] {logging_mixin.py:150} INFO - [2024-04-02T09:16:44.724+0000] {dag.py:3504} INFO - Setting next_dagrun for example_branch_datetime_operator to 2024-04-01T00:00:00+00:00, run_after=2024-04-02T00:00:00+00:00
[2024-04-02T09:16:44.731+0000] {logging_mixin.py:150} INFO - [2024-04-02T09:16:44.730+0000] {dag.py:3504} INFO - Setting next_dagrun for example_branch_datetime_operator_2 to 2024-04-01T00:00:00+00:00, run_after=2024-04-02T00:00:00+00:00
[2024-04-02T09:16:44.734+0000] {logging_mixin.py:150} INFO - [2024-04-02T09:16:44.734+0000] {dag.py:3504} INFO - Setting next_dagrun for example_branch_datetime_operator_3 to 2024-04-01T00:00:00+00:00, run_after=2024-04-02T00:00:00+00:00
[2024-04-02T09:16:44.781+0000] {processor.py:179} INFO - Processing /usr/local/python/3.10.13/lib/python3.10/site-packages/airflow/example_dags/example_branch_datetime_operator.py took 0.129 seconds
[2024-04-02T09:17:45.232+0000] {processor.py:157} INFO - Started process (PID=22018) to work on /usr/local/python/3.10.13/lib/python3.10/site-packages/airflow/example_dags/example_branch_datetime_operator.py
[2024-04-02T09:17:45.233+0000] {processor.py:826} INFO - Processing file /usr/local/python/3.10.13/lib/python3.10/site-packages/airflow/example_dags/example_branch_datetime_operator.py for tasks to queue
[2024-04-02T09:17:45.233+0000] {logging_mixin.py:150} INFO - [2024-04-02T09:17:45.233+0000] {dagbag.py:541} INFO - Filling up the DagBag from /usr/local/python/3.10.13/lib/python3.10/site-packages/airflow/example_dags/example_branch_datetime_operator.py
[2024-04-02T09:17:45.242+0000] {processor.py:836} INFO - DAG(s) dict_keys(['example_branch_datetime_operator', 'example_branch_datetime_operator_2', 'example_branch_datetime_operator_3']) retrieved from /usr/local/python/3.10.13/lib/python3.10/site-packages/airflow/example_dags/example_branch_datetime_operator.py
[2024-04-02T09:17:45.264+0000] {logging_mixin.py:150} INFO - [2024-04-02T09:17:45.264+0000] {dag.py:2742} INFO - Sync 3 DAGs
[2024-04-02T09:17:45.284+0000] {logging_mixin.py:150} INFO - [2024-04-02T09:17:45.284+0000] {dag.py:3504} INFO - Setting next_dagrun for example_branch_datetime_operator to 2024-04-01T00:00:00+00:00, run_after=2024-04-02T00:00:00+00:00
[2024-04-02T09:17:45.288+0000] {logging_mixin.py:150} INFO - [2024-04-02T09:17:45.288+0000] {dag.py:3504} INFO - Setting next_dagrun for example_branch_datetime_operator_2 to 2024-04-01T00:00:00+00:00, run_after=2024-04-02T00:00:00+00:00
[2024-04-02T09:17:45.290+0000] {logging_mixin.py:150} INFO - [2024-04-02T09:17:45.290+0000] {dag.py:3504} INFO - Setting next_dagrun for example_branch_datetime_operator_3 to 2024-04-01T00:00:00+00:00, run_after=2024-04-02T00:00:00+00:00
[2024-04-02T09:17:45.329+0000] {processor.py:179} INFO - Processing /usr/local/python/3.10.13/lib/python3.10/site-packages/airflow/example_dags/example_branch_datetime_operator.py took 0.100 seconds
[2024-04-02T09:18:42.977+0000] {processor.py:157} INFO - Started process (PID=22398) to work on /usr/local/python/3.10.13/lib/python3.10/site-packages/airflow/example_dags/example_branch_datetime_operator.py
[2024-04-02T09:18:42.978+0000] {processor.py:826} INFO - Processing file /usr/local/python/3.10.13/lib/python3.10/site-packages/airflow/example_dags/example_branch_datetime_operator.py for tasks to queue
[2024-04-02T09:18:42.979+0000] {logging_mixin.py:150} INFO - [2024-04-02T09:18:42.978+0000] {dagbag.py:541} INFO - Filling up the DagBag from /usr/local/python/3.10.13/lib/python3.10/site-packages/airflow/example_dags/example_branch_datetime_operator.py
[2024-04-02T09:18:42.987+0000] {processor.py:836} INFO - DAG(s) dict_keys(['example_branch_datetime_operator', 'example_branch_datetime_operator_2', 'example_branch_datetime_operator_3']) retrieved from /usr/local/python/3.10.13/lib/python3.10/site-packages/airflow/example_dags/example_branch_datetime_operator.py
[2024-04-02T09:18:43.004+0000] {logging_mixin.py:150} INFO - [2024-04-02T09:18:43.003+0000] {dag.py:2742} INFO - Sync 3 DAGs
[2024-04-02T09:18:43.020+0000] {logging_mixin.py:150} INFO - [2024-04-02T09:18:43.020+0000] {dag.py:3504} INFO - Setting next_dagrun for example_branch_datetime_operator to 2024-04-01T00:00:00+00:00, run_after=2024-04-02T00:00:00+00:00
[2024-04-02T09:18:43.023+0000] {logging_mixin.py:150} INFO - [2024-04-02T09:18:43.023+0000] {dag.py:3504} INFO - Setting next_dagrun for example_branch_datetime_operator_2 to 2024-04-01T00:00:00+00:00, run_after=2024-04-02T00:00:00+00:00
[2024-04-02T09:18:43.025+0000] {logging_mixin.py:150} INFO - [2024-04-02T09:18:43.025+0000] {dag.py:3504} INFO - Setting next_dagrun for example_branch_datetime_operator_3 to 2024-04-01T00:00:00+00:00, run_after=2024-04-02T00:00:00+00:00
[2024-04-02T09:18:43.066+0000] {processor.py:179} INFO - Processing /usr/local/python/3.10.13/lib/python3.10/site-packages/airflow/example_dags/example_branch_datetime_operator.py took 0.091 seconds
[2024-04-02T09:19:40.533+0000] {processor.py:157} INFO - Started process (PID=22830) to work on /usr/local/python/3.10.13/lib/python3.10/site-packages/airflow/example_dags/example_branch_datetime_operator.py
[2024-04-02T09:19:40.534+0000] {processor.py:826} INFO - Processing file /usr/local/python/3.10.13/lib/python3.10/site-packages/airflow/example_dags/example_branch_datetime_operator.py for tasks to queue
[2024-04-02T09:19:40.536+0000] {logging_mixin.py:150} INFO - [2024-04-02T09:19:40.535+0000] {dagbag.py:541} INFO - Filling up the DagBag from /usr/local/python/3.10.13/lib/python3.10/site-packages/airflow/example_dags/example_branch_datetime_operator.py
[2024-04-02T09:19:40.549+0000] {processor.py:836} INFO - DAG(s) dict_keys(['example_branch_datetime_operator_3', 'example_branch_datetime_operator', 'example_branch_datetime_operator_2']) retrieved from /usr/local/python/3.10.13/lib/python3.10/site-packages/airflow/example_dags/example_branch_datetime_operator.py
[2024-04-02T09:19:40.574+0000] {logging_mixin.py:150} INFO - [2024-04-02T09:19:40.573+0000] {dag.py:2742} INFO - Sync 3 DAGs
[2024-04-02T09:19:40.599+0000] {logging_mixin.py:150} INFO - [2024-04-02T09:19:40.599+0000] {dag.py:3504} INFO - Setting next_dagrun for example_branch_datetime_operator to 2024-04-01T00:00:00+00:00, run_after=2024-04-02T00:00:00+00:00
[2024-04-02T09:19:40.604+0000] {logging_mixin.py:150} INFO - [2024-04-02T09:19:40.604+0000] {dag.py:3504} INFO - Setting next_dagrun for example_branch_datetime_operator_2 to 2024-04-01T00:00:00+00:00, run_after=2024-04-02T00:00:00+00:00
[2024-04-02T09:19:40.607+0000] {logging_mixin.py:150} INFO - [2024-04-02T09:19:40.607+0000] {dag.py:3504} INFO - Setting next_dagrun for example_branch_datetime_operator_3 to 2024-04-01T00:00:00+00:00, run_after=2024-04-02T00:00:00+00:00
[2024-04-02T09:19:40.654+0000] {processor.py:179} INFO - Processing /usr/local/python/3.10.13/lib/python3.10/site-packages/airflow/example_dags/example_branch_datetime_operator.py took 0.124 seconds
[2024-04-02T09:20:33.840+0000] {processor.py:157} INFO - Started process (PID=23188) to work on /usr/local/python/3.10.13/lib/python3.10/site-packages/airflow/example_dags/example_branch_datetime_operator.py
[2024-04-02T09:20:33.841+0000] {processor.py:826} INFO - Processing file /usr/local/python/3.10.13/lib/python3.10/site-packages/airflow/example_dags/example_branch_datetime_operator.py for tasks to queue
[2024-04-02T09:20:33.842+0000] {logging_mixin.py:150} INFO - [2024-04-02T09:20:33.841+0000] {dagbag.py:541} INFO - Filling up the DagBag from /usr/local/python/3.10.13/lib/python3.10/site-packages/airflow/example_dags/example_branch_datetime_operator.py
[2024-04-02T09:20:33.850+0000] {processor.py:836} INFO - DAG(s) dict_keys(['example_branch_datetime_operator', 'example_branch_datetime_operator_2', 'example_branch_datetime_operator_3']) retrieved from /usr/local/python/3.10.13/lib/python3.10/site-packages/airflow/example_dags/example_branch_datetime_operator.py
[2024-04-02T09:20:33.866+0000] {logging_mixin.py:150} INFO - [2024-04-02T09:20:33.866+0000] {dag.py:2742} INFO - Sync 3 DAGs
[2024-04-02T09:20:33.883+0000] {logging_mixin.py:150} INFO - [2024-04-02T09:20:33.883+0000] {dag.py:3504} INFO - Setting next_dagrun for example_branch_datetime_operator to 2024-04-01T00:00:00+00:00, run_after=2024-04-02T00:00:00+00:00
[2024-04-02T09:20:33.889+0000] {logging_mixin.py:150} INFO - [2024-04-02T09:20:33.889+0000] {dag.py:3504} INFO - Setting next_dagrun for example_branch_datetime_operator_2 to 2024-04-01T00:00:00+00:00, run_after=2024-04-02T00:00:00+00:00
[2024-04-02T09:20:33.892+0000] {logging_mixin.py:150} INFO - [2024-04-02T09:20:33.892+0000] {dag.py:3504} INFO - Setting next_dagrun for example_branch_datetime_operator_3 to 2024-04-01T00:00:00+00:00, run_after=2024-04-02T00:00:00+00:00
[2024-04-02T09:20:33.938+0000] {processor.py:179} INFO - Processing /usr/local/python/3.10.13/lib/python3.10/site-packages/airflow/example_dags/example_branch_datetime_operator.py took 0.099 seconds
[2024-04-02T09:21:31.295+0000] {processor.py:157} INFO - Started process (PID=23587) to work on /usr/local/python/3.10.13/lib/python3.10/site-packages/airflow/example_dags/example_branch_datetime_operator.py
[2024-04-02T09:21:31.295+0000] {processor.py:826} INFO - Processing file /usr/local/python/3.10.13/lib/python3.10/site-packages/airflow/example_dags/example_branch_datetime_operator.py for tasks to queue
[2024-04-02T09:21:31.296+0000] {logging_mixin.py:150} INFO - [2024-04-02T09:21:31.296+0000] {dagbag.py:541} INFO - Filling up the DagBag from /usr/local/python/3.10.13/lib/python3.10/site-packages/airflow/example_dags/example_branch_datetime_operator.py
[2024-04-02T09:21:31.304+0000] {processor.py:836} INFO - DAG(s) dict_keys(['example_branch_datetime_operator_2', 'example_branch_datetime_operator_3', 'example_branch_datetime_operator']) retrieved from /usr/local/python/3.10.13/lib/python3.10/site-packages/airflow/example_dags/example_branch_datetime_operator.py
[2024-04-02T09:21:31.321+0000] {logging_mixin.py:150} INFO - [2024-04-02T09:21:31.321+0000] {dag.py:2742} INFO - Sync 3 DAGs
[2024-04-02T09:21:31.341+0000] {logging_mixin.py:150} INFO - [2024-04-02T09:21:31.341+0000] {dag.py:3504} INFO - Setting next_dagrun for example_branch_datetime_operator to 2024-04-01T00:00:00+00:00, run_after=2024-04-02T00:00:00+00:00
[2024-04-02T09:21:31.345+0000] {logging_mixin.py:150} INFO - [2024-04-02T09:21:31.344+0000] {dag.py:3504} INFO - Setting next_dagrun for example_branch_datetime_operator_2 to 2024-04-01T00:00:00+00:00, run_after=2024-04-02T00:00:00+00:00
[2024-04-02T09:21:31.346+0000] {logging_mixin.py:150} INFO - [2024-04-02T09:21:31.346+0000] {dag.py:3504} INFO - Setting next_dagrun for example_branch_datetime_operator_3 to 2024-04-01T00:00:00+00:00, run_after=2024-04-02T00:00:00+00:00
[2024-04-02T09:21:31.383+0000] {processor.py:179} INFO - Processing /usr/local/python/3.10.13/lib/python3.10/site-packages/airflow/example_dags/example_branch_datetime_operator.py took 0.091 seconds
[2024-04-02T09:22:26.579+0000] {processor.py:157} INFO - Started process (PID=23953) to work on /usr/local/python/3.10.13/lib/python3.10/site-packages/airflow/example_dags/example_branch_datetime_operator.py
[2024-04-02T09:22:26.579+0000] {processor.py:826} INFO - Processing file /usr/local/python/3.10.13/lib/python3.10/site-packages/airflow/example_dags/example_branch_datetime_operator.py for tasks to queue
[2024-04-02T09:22:26.580+0000] {logging_mixin.py:150} INFO - [2024-04-02T09:22:26.580+0000] {dagbag.py:541} INFO - Filling up the DagBag from /usr/local/python/3.10.13/lib/python3.10/site-packages/airflow/example_dags/example_branch_datetime_operator.py
[2024-04-02T09:22:26.588+0000] {processor.py:836} INFO - DAG(s) dict_keys(['example_branch_datetime_operator_2', 'example_branch_datetime_operator', 'example_branch_datetime_operator_3']) retrieved from /usr/local/python/3.10.13/lib/python3.10/site-packages/airflow/example_dags/example_branch_datetime_operator.py
[2024-04-02T09:22:26.605+0000] {logging_mixin.py:150} INFO - [2024-04-02T09:22:26.605+0000] {dag.py:2742} INFO - Sync 3 DAGs
[2024-04-02T09:22:26.622+0000] {logging_mixin.py:150} INFO - [2024-04-02T09:22:26.621+0000] {dag.py:3504} INFO - Setting next_dagrun for example_branch_datetime_operator to 2024-04-01T00:00:00+00:00, run_after=2024-04-02T00:00:00+00:00
[2024-04-02T09:22:26.625+0000] {logging_mixin.py:150} INFO - [2024-04-02T09:22:26.625+0000] {dag.py:3504} INFO - Setting next_dagrun for example_branch_datetime_operator_2 to 2024-04-01T00:00:00+00:00, run_after=2024-04-02T00:00:00+00:00
[2024-04-02T09:22:26.627+0000] {logging_mixin.py:150} INFO - [2024-04-02T09:22:26.627+0000] {dag.py:3504} INFO - Setting next_dagrun for example_branch_datetime_operator_3 to 2024-04-01T00:00:00+00:00, run_after=2024-04-02T00:00:00+00:00
[2024-04-02T09:22:26.666+0000] {processor.py:179} INFO - Processing /usr/local/python/3.10.13/lib/python3.10/site-packages/airflow/example_dags/example_branch_datetime_operator.py took 0.090 seconds
[2024-04-02T09:23:25.776+0000] {processor.py:157} INFO - Started process (PID=24364) to work on /usr/local/python/3.10.13/lib/python3.10/site-packages/airflow/example_dags/example_branch_datetime_operator.py
[2024-04-02T09:23:25.776+0000] {processor.py:826} INFO - Processing file /usr/local/python/3.10.13/lib/python3.10/site-packages/airflow/example_dags/example_branch_datetime_operator.py for tasks to queue
[2024-04-02T09:23:25.777+0000] {logging_mixin.py:150} INFO - [2024-04-02T09:23:25.777+0000] {dagbag.py:541} INFO - Filling up the DagBag from /usr/local/python/3.10.13/lib/python3.10/site-packages/airflow/example_dags/example_branch_datetime_operator.py
[2024-04-02T09:23:25.785+0000] {processor.py:836} INFO - DAG(s) dict_keys(['example_branch_datetime_operator_2', 'example_branch_datetime_operator', 'example_branch_datetime_operator_3']) retrieved from /usr/local/python/3.10.13/lib/python3.10/site-packages/airflow/example_dags/example_branch_datetime_operator.py
[2024-04-02T09:23:25.802+0000] {logging_mixin.py:150} INFO - [2024-04-02T09:23:25.802+0000] {dag.py:2742} INFO - Sync 3 DAGs
[2024-04-02T09:23:25.818+0000] {logging_mixin.py:150} INFO - [2024-04-02T09:23:25.818+0000] {dag.py:3504} INFO - Setting next_dagrun for example_branch_datetime_operator to 2024-04-01T00:00:00+00:00, run_after=2024-04-02T00:00:00+00:00
[2024-04-02T09:23:25.822+0000] {logging_mixin.py:150} INFO - [2024-04-02T09:23:25.822+0000] {dag.py:3504} INFO - Setting next_dagrun for example_branch_datetime_operator_2 to 2024-04-01T00:00:00+00:00, run_after=2024-04-02T00:00:00+00:00
[2024-04-02T09:23:25.824+0000] {logging_mixin.py:150} INFO - [2024-04-02T09:23:25.824+0000] {dag.py:3504} INFO - Setting next_dagrun for example_branch_datetime_operator_3 to 2024-04-01T00:00:00+00:00, run_after=2024-04-02T00:00:00+00:00
[2024-04-02T09:23:25.866+0000] {processor.py:179} INFO - Processing /usr/local/python/3.10.13/lib/python3.10/site-packages/airflow/example_dags/example_branch_datetime_operator.py took 0.093 seconds
[2024-04-02T09:24:27.957+0000] {processor.py:157} INFO - Started process (PID=24778) to work on /usr/local/python/3.10.13/lib/python3.10/site-packages/airflow/example_dags/example_branch_datetime_operator.py
[2024-04-02T09:24:27.958+0000] {processor.py:826} INFO - Processing file /usr/local/python/3.10.13/lib/python3.10/site-packages/airflow/example_dags/example_branch_datetime_operator.py for tasks to queue
[2024-04-02T09:24:27.959+0000] {logging_mixin.py:150} INFO - [2024-04-02T09:24:27.959+0000] {dagbag.py:541} INFO - Filling up the DagBag from /usr/local/python/3.10.13/lib/python3.10/site-packages/airflow/example_dags/example_branch_datetime_operator.py
[2024-04-02T09:24:27.971+0000] {processor.py:836} INFO - DAG(s) dict_keys(['example_branch_datetime_operator_2', 'example_branch_datetime_operator_3', 'example_branch_datetime_operator']) retrieved from /usr/local/python/3.10.13/lib/python3.10/site-packages/airflow/example_dags/example_branch_datetime_operator.py
[2024-04-02T09:24:28.003+0000] {logging_mixin.py:150} INFO - [2024-04-02T09:24:28.003+0000] {dag.py:2742} INFO - Sync 3 DAGs
[2024-04-02T09:24:28.056+0000] {logging_mixin.py:150} INFO - [2024-04-02T09:24:28.056+0000] {dag.py:3504} INFO - Setting next_dagrun for example_branch_datetime_operator to 2024-04-01T00:00:00+00:00, run_after=2024-04-02T00:00:00+00:00
[2024-04-02T09:24:28.066+0000] {logging_mixin.py:150} INFO - [2024-04-02T09:24:28.066+0000] {dag.py:3504} INFO - Setting next_dagrun for example_branch_datetime_operator_2 to 2024-04-01T00:00:00+00:00, run_after=2024-04-02T00:00:00+00:00
[2024-04-02T09:24:28.071+0000] {logging_mixin.py:150} INFO - [2024-04-02T09:24:28.070+0000] {dag.py:3504} INFO - Setting next_dagrun for example_branch_datetime_operator_3 to 2024-04-01T00:00:00+00:00, run_after=2024-04-02T00:00:00+00:00
[2024-04-02T09:24:28.139+0000] {processor.py:179} INFO - Processing /usr/local/python/3.10.13/lib/python3.10/site-packages/airflow/example_dags/example_branch_datetime_operator.py took 0.185 seconds
[2024-04-02T09:25:28.875+0000] {processor.py:157} INFO - Started process (PID=25228) to work on /usr/local/python/3.10.13/lib/python3.10/site-packages/airflow/example_dags/example_branch_datetime_operator.py
[2024-04-02T09:25:28.875+0000] {processor.py:826} INFO - Processing file /usr/local/python/3.10.13/lib/python3.10/site-packages/airflow/example_dags/example_branch_datetime_operator.py for tasks to queue
[2024-04-02T09:25:28.876+0000] {logging_mixin.py:150} INFO - [2024-04-02T09:25:28.876+0000] {dagbag.py:541} INFO - Filling up the DagBag from /usr/local/python/3.10.13/lib/python3.10/site-packages/airflow/example_dags/example_branch_datetime_operator.py
[2024-04-02T09:25:28.884+0000] {processor.py:836} INFO - DAG(s) dict_keys(['example_branch_datetime_operator', 'example_branch_datetime_operator_2', 'example_branch_datetime_operator_3']) retrieved from /usr/local/python/3.10.13/lib/python3.10/site-packages/airflow/example_dags/example_branch_datetime_operator.py
[2024-04-02T09:25:28.901+0000] {logging_mixin.py:150} INFO - [2024-04-02T09:25:28.901+0000] {dag.py:2742} INFO - Sync 3 DAGs
[2024-04-02T09:25:28.918+0000] {logging_mixin.py:150} INFO - [2024-04-02T09:25:28.918+0000] {dag.py:3504} INFO - Setting next_dagrun for example_branch_datetime_operator to 2024-04-01T00:00:00+00:00, run_after=2024-04-02T00:00:00+00:00
[2024-04-02T09:25:28.922+0000] {logging_mixin.py:150} INFO - [2024-04-02T09:25:28.922+0000] {dag.py:3504} INFO - Setting next_dagrun for example_branch_datetime_operator_2 to 2024-04-01T00:00:00+00:00, run_after=2024-04-02T00:00:00+00:00
[2024-04-02T09:25:28.924+0000] {logging_mixin.py:150} INFO - [2024-04-02T09:25:28.924+0000] {dag.py:3504} INFO - Setting next_dagrun for example_branch_datetime_operator_3 to 2024-04-01T00:00:00+00:00, run_after=2024-04-02T00:00:00+00:00
[2024-04-02T09:25:28.959+0000] {processor.py:179} INFO - Processing /usr/local/python/3.10.13/lib/python3.10/site-packages/airflow/example_dags/example_branch_datetime_operator.py took 0.087 seconds
[2024-04-02T09:26:34.191+0000] {processor.py:157} INFO - Started process (PID=25678) to work on /usr/local/python/3.10.13/lib/python3.10/site-packages/airflow/example_dags/example_branch_datetime_operator.py
[2024-04-02T09:26:34.192+0000] {processor.py:826} INFO - Processing file /usr/local/python/3.10.13/lib/python3.10/site-packages/airflow/example_dags/example_branch_datetime_operator.py for tasks to queue
[2024-04-02T09:26:34.193+0000] {logging_mixin.py:150} INFO - [2024-04-02T09:26:34.193+0000] {dagbag.py:541} INFO - Filling up the DagBag from /usr/local/python/3.10.13/lib/python3.10/site-packages/airflow/example_dags/example_branch_datetime_operator.py
[2024-04-02T09:26:34.205+0000] {processor.py:836} INFO - DAG(s) dict_keys(['example_branch_datetime_operator', 'example_branch_datetime_operator_3', 'example_branch_datetime_operator_2']) retrieved from /usr/local/python/3.10.13/lib/python3.10/site-packages/airflow/example_dags/example_branch_datetime_operator.py
[2024-04-02T09:26:34.232+0000] {logging_mixin.py:150} INFO - [2024-04-02T09:26:34.232+0000] {dag.py:2742} INFO - Sync 3 DAGs
[2024-04-02T09:26:34.258+0000] {logging_mixin.py:150} INFO - [2024-04-02T09:26:34.258+0000] {dag.py:3504} INFO - Setting next_dagrun for example_branch_datetime_operator to 2024-04-01T00:00:00+00:00, run_after=2024-04-02T00:00:00+00:00
[2024-04-02T09:26:34.265+0000] {logging_mixin.py:150} INFO - [2024-04-02T09:26:34.265+0000] {dag.py:3504} INFO - Setting next_dagrun for example_branch_datetime_operator_2 to 2024-04-01T00:00:00+00:00, run_after=2024-04-02T00:00:00+00:00
[2024-04-02T09:26:34.268+0000] {logging_mixin.py:150} INFO - [2024-04-02T09:26:34.268+0000] {dag.py:3504} INFO - Setting next_dagrun for example_branch_datetime_operator_3 to 2024-04-01T00:00:00+00:00, run_after=2024-04-02T00:00:00+00:00
[2024-04-02T09:26:34.422+0000] {processor.py:179} INFO - Processing /usr/local/python/3.10.13/lib/python3.10/site-packages/airflow/example_dags/example_branch_datetime_operator.py took 0.235 seconds
[2024-04-02T09:27:33.793+0000] {processor.py:157} INFO - Started process (PID=26068) to work on /usr/local/python/3.10.13/lib/python3.10/site-packages/airflow/example_dags/example_branch_datetime_operator.py
[2024-04-02T09:27:33.794+0000] {processor.py:826} INFO - Processing file /usr/local/python/3.10.13/lib/python3.10/site-packages/airflow/example_dags/example_branch_datetime_operator.py for tasks to queue
[2024-04-02T09:27:33.795+0000] {logging_mixin.py:150} INFO - [2024-04-02T09:27:33.795+0000] {dagbag.py:541} INFO - Filling up the DagBag from /usr/local/python/3.10.13/lib/python3.10/site-packages/airflow/example_dags/example_branch_datetime_operator.py
[2024-04-02T09:27:33.803+0000] {processor.py:836} INFO - DAG(s) dict_keys(['example_branch_datetime_operator', 'example_branch_datetime_operator_2', 'example_branch_datetime_operator_3']) retrieved from /usr/local/python/3.10.13/lib/python3.10/site-packages/airflow/example_dags/example_branch_datetime_operator.py
[2024-04-02T09:27:33.820+0000] {logging_mixin.py:150} INFO - [2024-04-02T09:27:33.819+0000] {dag.py:2742} INFO - Sync 3 DAGs
[2024-04-02T09:27:33.958+0000] {logging_mixin.py:150} INFO - [2024-04-02T09:27:33.957+0000] {dag.py:3504} INFO - Setting next_dagrun for example_branch_datetime_operator to 2024-04-01T00:00:00+00:00, run_after=2024-04-02T00:00:00+00:00
[2024-04-02T09:27:33.964+0000] {logging_mixin.py:150} INFO - [2024-04-02T09:27:33.964+0000] {dag.py:3504} INFO - Setting next_dagrun for example_branch_datetime_operator_2 to 2024-04-01T00:00:00+00:00, run_after=2024-04-02T00:00:00+00:00
[2024-04-02T09:27:33.968+0000] {logging_mixin.py:150} INFO - [2024-04-02T09:27:33.967+0000] {dag.py:3504} INFO - Setting next_dagrun for example_branch_datetime_operator_3 to 2024-04-01T00:00:00+00:00, run_after=2024-04-02T00:00:00+00:00
[2024-04-02T09:27:34.011+0000] {processor.py:179} INFO - Processing /usr/local/python/3.10.13/lib/python3.10/site-packages/airflow/example_dags/example_branch_datetime_operator.py took 0.220 seconds
[2024-04-02T09:28:36.502+0000] {processor.py:157} INFO - Started process (PID=26500) to work on /usr/local/python/3.10.13/lib/python3.10/site-packages/airflow/example_dags/example_branch_datetime_operator.py
[2024-04-02T09:28:36.503+0000] {processor.py:826} INFO - Processing file /usr/local/python/3.10.13/lib/python3.10/site-packages/airflow/example_dags/example_branch_datetime_operator.py for tasks to queue
[2024-04-02T09:28:36.504+0000] {logging_mixin.py:150} INFO - [2024-04-02T09:28:36.504+0000] {dagbag.py:541} INFO - Filling up the DagBag from /usr/local/python/3.10.13/lib/python3.10/site-packages/airflow/example_dags/example_branch_datetime_operator.py
[2024-04-02T09:28:36.517+0000] {processor.py:836} INFO - DAG(s) dict_keys(['example_branch_datetime_operator', 'example_branch_datetime_operator_3', 'example_branch_datetime_operator_2']) retrieved from /usr/local/python/3.10.13/lib/python3.10/site-packages/airflow/example_dags/example_branch_datetime_operator.py
[2024-04-02T09:28:36.671+0000] {logging_mixin.py:150} INFO - [2024-04-02T09:28:36.671+0000] {dag.py:2742} INFO - Sync 3 DAGs
[2024-04-02T09:28:36.693+0000] {logging_mixin.py:150} INFO - [2024-04-02T09:28:36.693+0000] {dag.py:3504} INFO - Setting next_dagrun for example_branch_datetime_operator to 2024-04-01T00:00:00+00:00, run_after=2024-04-02T00:00:00+00:00
[2024-04-02T09:28:36.696+0000] {logging_mixin.py:150} INFO - [2024-04-02T09:28:36.696+0000] {dag.py:3504} INFO - Setting next_dagrun for example_branch_datetime_operator_2 to 2024-04-01T00:00:00+00:00, run_after=2024-04-02T00:00:00+00:00
[2024-04-02T09:28:36.698+0000] {logging_mixin.py:150} INFO - [2024-04-02T09:28:36.698+0000] {dag.py:3504} INFO - Setting next_dagrun for example_branch_datetime_operator_3 to 2024-04-01T00:00:00+00:00, run_after=2024-04-02T00:00:00+00:00
[2024-04-02T09:28:36.735+0000] {processor.py:179} INFO - Processing /usr/local/python/3.10.13/lib/python3.10/site-packages/airflow/example_dags/example_branch_datetime_operator.py took 0.237 seconds
[2024-04-02T09:29:36.535+0000] {processor.py:157} INFO - Started process (PID=26949) to work on /usr/local/python/3.10.13/lib/python3.10/site-packages/airflow/example_dags/example_branch_datetime_operator.py
[2024-04-02T09:29:36.536+0000] {processor.py:826} INFO - Processing file /usr/local/python/3.10.13/lib/python3.10/site-packages/airflow/example_dags/example_branch_datetime_operator.py for tasks to queue
[2024-04-02T09:29:36.536+0000] {logging_mixin.py:150} INFO - [2024-04-02T09:29:36.536+0000] {dagbag.py:541} INFO - Filling up the DagBag from /usr/local/python/3.10.13/lib/python3.10/site-packages/airflow/example_dags/example_branch_datetime_operator.py
[2024-04-02T09:29:36.544+0000] {processor.py:836} INFO - DAG(s) dict_keys(['example_branch_datetime_operator_2', 'example_branch_datetime_operator_3', 'example_branch_datetime_operator']) retrieved from /usr/local/python/3.10.13/lib/python3.10/site-packages/airflow/example_dags/example_branch_datetime_operator.py
[2024-04-02T09:29:36.570+0000] {logging_mixin.py:150} INFO - [2024-04-02T09:29:36.569+0000] {dag.py:2742} INFO - Sync 3 DAGs
[2024-04-02T09:29:36.596+0000] {logging_mixin.py:150} INFO - [2024-04-02T09:29:36.596+0000] {dag.py:3504} INFO - Setting next_dagrun for example_branch_datetime_operator to 2024-04-01T00:00:00+00:00, run_after=2024-04-02T00:00:00+00:00
[2024-04-02T09:29:36.602+0000] {logging_mixin.py:150} INFO - [2024-04-02T09:29:36.602+0000] {dag.py:3504} INFO - Setting next_dagrun for example_branch_datetime_operator_2 to 2024-04-01T00:00:00+00:00, run_after=2024-04-02T00:00:00+00:00
[2024-04-02T09:29:36.605+0000] {logging_mixin.py:150} INFO - [2024-04-02T09:29:36.605+0000] {dag.py:3504} INFO - Setting next_dagrun for example_branch_datetime_operator_3 to 2024-04-01T00:00:00+00:00, run_after=2024-04-02T00:00:00+00:00
[2024-04-02T09:29:36.651+0000] {processor.py:179} INFO - Processing /usr/local/python/3.10.13/lib/python3.10/site-packages/airflow/example_dags/example_branch_datetime_operator.py took 0.118 seconds
[2024-04-02T09:30:27.729+0000] {processor.py:157} INFO - Started process (PID=27297) to work on /usr/local/python/3.10.13/lib/python3.10/site-packages/airflow/example_dags/example_branch_datetime_operator.py
[2024-04-02T09:30:27.730+0000] {processor.py:826} INFO - Processing file /usr/local/python/3.10.13/lib/python3.10/site-packages/airflow/example_dags/example_branch_datetime_operator.py for tasks to queue
[2024-04-02T09:30:27.731+0000] {logging_mixin.py:150} INFO - [2024-04-02T09:30:27.730+0000] {dagbag.py:541} INFO - Filling up the DagBag from /usr/local/python/3.10.13/lib/python3.10/site-packages/airflow/example_dags/example_branch_datetime_operator.py
[2024-04-02T09:30:27.738+0000] {processor.py:836} INFO - DAG(s) dict_keys(['example_branch_datetime_operator_3', 'example_branch_datetime_operator', 'example_branch_datetime_operator_2']) retrieved from /usr/local/python/3.10.13/lib/python3.10/site-packages/airflow/example_dags/example_branch_datetime_operator.py
[2024-04-02T09:30:27.757+0000] {logging_mixin.py:150} INFO - [2024-04-02T09:30:27.757+0000] {dag.py:2742} INFO - Sync 3 DAGs
[2024-04-02T09:30:27.782+0000] {logging_mixin.py:150} INFO - [2024-04-02T09:30:27.781+0000] {dag.py:3504} INFO - Setting next_dagrun for example_branch_datetime_operator to 2024-04-01T00:00:00+00:00, run_after=2024-04-02T00:00:00+00:00
[2024-04-02T09:30:27.787+0000] {logging_mixin.py:150} INFO - [2024-04-02T09:30:27.787+0000] {dag.py:3504} INFO - Setting next_dagrun for example_branch_datetime_operator_2 to 2024-04-01T00:00:00+00:00, run_after=2024-04-02T00:00:00+00:00
[2024-04-02T09:30:27.790+0000] {logging_mixin.py:150} INFO - [2024-04-02T09:30:27.790+0000] {dag.py:3504} INFO - Setting next_dagrun for example_branch_datetime_operator_3 to 2024-04-01T00:00:00+00:00, run_after=2024-04-02T00:00:00+00:00
[2024-04-02T09:30:27.836+0000] {processor.py:179} INFO - Processing /usr/local/python/3.10.13/lib/python3.10/site-packages/airflow/example_dags/example_branch_datetime_operator.py took 0.109 seconds
[2024-04-02T09:31:29.567+0000] {processor.py:157} INFO - Started process (PID=27715) to work on /usr/local/python/3.10.13/lib/python3.10/site-packages/airflow/example_dags/example_branch_datetime_operator.py
[2024-04-02T09:31:29.568+0000] {processor.py:826} INFO - Processing file /usr/local/python/3.10.13/lib/python3.10/site-packages/airflow/example_dags/example_branch_datetime_operator.py for tasks to queue
[2024-04-02T09:31:29.569+0000] {logging_mixin.py:150} INFO - [2024-04-02T09:31:29.568+0000] {dagbag.py:541} INFO - Filling up the DagBag from /usr/local/python/3.10.13/lib/python3.10/site-packages/airflow/example_dags/example_branch_datetime_operator.py
[2024-04-02T09:31:29.577+0000] {processor.py:836} INFO - DAG(s) dict_keys(['example_branch_datetime_operator_2', 'example_branch_datetime_operator_3', 'example_branch_datetime_operator']) retrieved from /usr/local/python/3.10.13/lib/python3.10/site-packages/airflow/example_dags/example_branch_datetime_operator.py
[2024-04-02T09:31:29.594+0000] {logging_mixin.py:150} INFO - [2024-04-02T09:31:29.594+0000] {dag.py:2742} INFO - Sync 3 DAGs
[2024-04-02T09:31:29.611+0000] {logging_mixin.py:150} INFO - [2024-04-02T09:31:29.611+0000] {dag.py:3504} INFO - Setting next_dagrun for example_branch_datetime_operator to 2024-04-01T00:00:00+00:00, run_after=2024-04-02T00:00:00+00:00
[2024-04-02T09:31:29.615+0000] {logging_mixin.py:150} INFO - [2024-04-02T09:31:29.615+0000] {dag.py:3504} INFO - Setting next_dagrun for example_branch_datetime_operator_2 to 2024-04-01T00:00:00+00:00, run_after=2024-04-02T00:00:00+00:00
[2024-04-02T09:31:29.617+0000] {logging_mixin.py:150} INFO - [2024-04-02T09:31:29.617+0000] {dag.py:3504} INFO - Setting next_dagrun for example_branch_datetime_operator_3 to 2024-04-01T00:00:00+00:00, run_after=2024-04-02T00:00:00+00:00
[2024-04-02T09:31:29.655+0000] {processor.py:179} INFO - Processing /usr/local/python/3.10.13/lib/python3.10/site-packages/airflow/example_dags/example_branch_datetime_operator.py took 0.090 seconds
[2024-04-02T09:32:26.998+0000] {processor.py:157} INFO - Started process (PID=28113) to work on /usr/local/python/3.10.13/lib/python3.10/site-packages/airflow/example_dags/example_branch_datetime_operator.py
[2024-04-02T09:32:26.999+0000] {processor.py:826} INFO - Processing file /usr/local/python/3.10.13/lib/python3.10/site-packages/airflow/example_dags/example_branch_datetime_operator.py for tasks to queue
[2024-04-02T09:32:27.000+0000] {logging_mixin.py:150} INFO - [2024-04-02T09:32:27.000+0000] {dagbag.py:541} INFO - Filling up the DagBag from /usr/local/python/3.10.13/lib/python3.10/site-packages/airflow/example_dags/example_branch_datetime_operator.py
[2024-04-02T09:32:27.013+0000] {processor.py:836} INFO - DAG(s) dict_keys(['example_branch_datetime_operator_3', 'example_branch_datetime_operator', 'example_branch_datetime_operator_2']) retrieved from /usr/local/python/3.10.13/lib/python3.10/site-packages/airflow/example_dags/example_branch_datetime_operator.py
[2024-04-02T09:32:27.040+0000] {logging_mixin.py:150} INFO - [2024-04-02T09:32:27.040+0000] {dag.py:2742} INFO - Sync 3 DAGs
[2024-04-02T09:32:27.067+0000] {logging_mixin.py:150} INFO - [2024-04-02T09:32:27.066+0000] {dag.py:3504} INFO - Setting next_dagrun for example_branch_datetime_operator to 2024-04-01T00:00:00+00:00, run_after=2024-04-02T00:00:00+00:00
[2024-04-02T09:32:27.075+0000] {logging_mixin.py:150} INFO - [2024-04-02T09:32:27.074+0000] {dag.py:3504} INFO - Setting next_dagrun for example_branch_datetime_operator_2 to 2024-04-01T00:00:00+00:00, run_after=2024-04-02T00:00:00+00:00
[2024-04-02T09:32:27.078+0000] {logging_mixin.py:150} INFO - [2024-04-02T09:32:27.078+0000] {dag.py:3504} INFO - Setting next_dagrun for example_branch_datetime_operator_3 to 2024-04-01T00:00:00+00:00, run_after=2024-04-02T00:00:00+00:00
[2024-04-02T09:32:27.125+0000] {processor.py:179} INFO - Processing /usr/local/python/3.10.13/lib/python3.10/site-packages/airflow/example_dags/example_branch_datetime_operator.py took 0.130 seconds
[2024-04-02T09:33:26.882+0000] {processor.py:157} INFO - Started process (PID=28527) to work on /usr/local/python/3.10.13/lib/python3.10/site-packages/airflow/example_dags/example_branch_datetime_operator.py
[2024-04-02T09:33:26.883+0000] {processor.py:826} INFO - Processing file /usr/local/python/3.10.13/lib/python3.10/site-packages/airflow/example_dags/example_branch_datetime_operator.py for tasks to queue
[2024-04-02T09:33:26.884+0000] {logging_mixin.py:150} INFO - [2024-04-02T09:33:26.883+0000] {dagbag.py:541} INFO - Filling up the DagBag from /usr/local/python/3.10.13/lib/python3.10/site-packages/airflow/example_dags/example_branch_datetime_operator.py
[2024-04-02T09:33:26.891+0000] {processor.py:836} INFO - DAG(s) dict_keys(['example_branch_datetime_operator', 'example_branch_datetime_operator_2', 'example_branch_datetime_operator_3']) retrieved from /usr/local/python/3.10.13/lib/python3.10/site-packages/airflow/example_dags/example_branch_datetime_operator.py
[2024-04-02T09:33:26.908+0000] {logging_mixin.py:150} INFO - [2024-04-02T09:33:26.908+0000] {dag.py:2742} INFO - Sync 3 DAGs
[2024-04-02T09:33:26.925+0000] {logging_mixin.py:150} INFO - [2024-04-02T09:33:26.925+0000] {dag.py:3504} INFO - Setting next_dagrun for example_branch_datetime_operator to 2024-04-01T00:00:00+00:00, run_after=2024-04-02T00:00:00+00:00
[2024-04-02T09:33:26.928+0000] {logging_mixin.py:150} INFO - [2024-04-02T09:33:26.928+0000] {dag.py:3504} INFO - Setting next_dagrun for example_branch_datetime_operator_2 to 2024-04-01T00:00:00+00:00, run_after=2024-04-02T00:00:00+00:00
[2024-04-02T09:33:26.930+0000] {logging_mixin.py:150} INFO - [2024-04-02T09:33:26.930+0000] {dag.py:3504} INFO - Setting next_dagrun for example_branch_datetime_operator_3 to 2024-04-01T00:00:00+00:00, run_after=2024-04-02T00:00:00+00:00
[2024-04-02T09:33:26.974+0000] {processor.py:179} INFO - Processing /usr/local/python/3.10.13/lib/python3.10/site-packages/airflow/example_dags/example_branch_datetime_operator.py took 0.095 seconds
[2024-04-02T09:34:23.037+0000] {processor.py:157} INFO - Started process (PID=28897) to work on /usr/local/python/3.10.13/lib/python3.10/site-packages/airflow/example_dags/example_branch_datetime_operator.py
[2024-04-02T09:34:23.038+0000] {processor.py:826} INFO - Processing file /usr/local/python/3.10.13/lib/python3.10/site-packages/airflow/example_dags/example_branch_datetime_operator.py for tasks to queue
[2024-04-02T09:34:23.039+0000] {logging_mixin.py:150} INFO - [2024-04-02T09:34:23.039+0000] {dagbag.py:541} INFO - Filling up the DagBag from /usr/local/python/3.10.13/lib/python3.10/site-packages/airflow/example_dags/example_branch_datetime_operator.py
[2024-04-02T09:34:23.051+0000] {processor.py:836} INFO - DAG(s) dict_keys(['example_branch_datetime_operator_2', 'example_branch_datetime_operator_3', 'example_branch_datetime_operator']) retrieved from /usr/local/python/3.10.13/lib/python3.10/site-packages/airflow/example_dags/example_branch_datetime_operator.py
[2024-04-02T09:34:23.076+0000] {logging_mixin.py:150} INFO - [2024-04-02T09:34:23.076+0000] {dag.py:2742} INFO - Sync 3 DAGs
[2024-04-02T09:34:23.093+0000] {logging_mixin.py:150} INFO - [2024-04-02T09:34:23.093+0000] {dag.py:3504} INFO - Setting next_dagrun for example_branch_datetime_operator to 2024-04-01T00:00:00+00:00, run_after=2024-04-02T00:00:00+00:00
[2024-04-02T09:34:23.096+0000] {logging_mixin.py:150} INFO - [2024-04-02T09:34:23.096+0000] {dag.py:3504} INFO - Setting next_dagrun for example_branch_datetime_operator_2 to 2024-04-01T00:00:00+00:00, run_after=2024-04-02T00:00:00+00:00
[2024-04-02T09:34:23.098+0000] {logging_mixin.py:150} INFO - [2024-04-02T09:34:23.098+0000] {dag.py:3504} INFO - Setting next_dagrun for example_branch_datetime_operator_3 to 2024-04-01T00:00:00+00:00, run_after=2024-04-02T00:00:00+00:00
[2024-04-02T09:34:23.136+0000] {processor.py:179} INFO - Processing /usr/local/python/3.10.13/lib/python3.10/site-packages/airflow/example_dags/example_branch_datetime_operator.py took 0.102 seconds
[2024-04-02T09:35:21.232+0000] {processor.py:157} INFO - Started process (PID=29331) to work on /usr/local/python/3.10.13/lib/python3.10/site-packages/airflow/example_dags/example_branch_datetime_operator.py
[2024-04-02T09:35:21.233+0000] {processor.py:826} INFO - Processing file /usr/local/python/3.10.13/lib/python3.10/site-packages/airflow/example_dags/example_branch_datetime_operator.py for tasks to queue
[2024-04-02T09:35:21.234+0000] {logging_mixin.py:150} INFO - [2024-04-02T09:35:21.234+0000] {dagbag.py:541} INFO - Filling up the DagBag from /usr/local/python/3.10.13/lib/python3.10/site-packages/airflow/example_dags/example_branch_datetime_operator.py
[2024-04-02T09:35:21.242+0000] {processor.py:836} INFO - DAG(s) dict_keys(['example_branch_datetime_operator_2', 'example_branch_datetime_operator', 'example_branch_datetime_operator_3']) retrieved from /usr/local/python/3.10.13/lib/python3.10/site-packages/airflow/example_dags/example_branch_datetime_operator.py
[2024-04-02T09:35:21.259+0000] {logging_mixin.py:150} INFO - [2024-04-02T09:35:21.259+0000] {dag.py:2742} INFO - Sync 3 DAGs
[2024-04-02T09:35:21.278+0000] {logging_mixin.py:150} INFO - [2024-04-02T09:35:21.277+0000] {dag.py:3504} INFO - Setting next_dagrun for example_branch_datetime_operator to 2024-04-01T00:00:00+00:00, run_after=2024-04-02T00:00:00+00:00
[2024-04-02T09:35:21.283+0000] {logging_mixin.py:150} INFO - [2024-04-02T09:35:21.283+0000] {dag.py:3504} INFO - Setting next_dagrun for example_branch_datetime_operator_2 to 2024-04-01T00:00:00+00:00, run_after=2024-04-02T00:00:00+00:00
[2024-04-02T09:35:21.285+0000] {logging_mixin.py:150} INFO - [2024-04-02T09:35:21.285+0000] {dag.py:3504} INFO - Setting next_dagrun for example_branch_datetime_operator_3 to 2024-04-01T00:00:00+00:00, run_after=2024-04-02T00:00:00+00:00
[2024-04-02T09:35:21.324+0000] {processor.py:179} INFO - Processing /usr/local/python/3.10.13/lib/python3.10/site-packages/airflow/example_dags/example_branch_datetime_operator.py took 0.094 seconds
[2024-04-02T09:36:12.514+0000] {processor.py:157} INFO - Started process (PID=29683) to work on /usr/local/python/3.10.13/lib/python3.10/site-packages/airflow/example_dags/example_branch_datetime_operator.py
[2024-04-02T09:36:12.515+0000] {processor.py:826} INFO - Processing file /usr/local/python/3.10.13/lib/python3.10/site-packages/airflow/example_dags/example_branch_datetime_operator.py for tasks to queue
[2024-04-02T09:36:12.516+0000] {logging_mixin.py:150} INFO - [2024-04-02T09:36:12.516+0000] {dagbag.py:541} INFO - Filling up the DagBag from /usr/local/python/3.10.13/lib/python3.10/site-packages/airflow/example_dags/example_branch_datetime_operator.py
[2024-04-02T09:36:12.524+0000] {processor.py:836} INFO - DAG(s) dict_keys(['example_branch_datetime_operator', 'example_branch_datetime_operator_2', 'example_branch_datetime_operator_3']) retrieved from /usr/local/python/3.10.13/lib/python3.10/site-packages/airflow/example_dags/example_branch_datetime_operator.py
[2024-04-02T09:36:12.551+0000] {logging_mixin.py:150} INFO - [2024-04-02T09:36:12.551+0000] {dag.py:2742} INFO - Sync 3 DAGs
[2024-04-02T09:36:12.573+0000] {logging_mixin.py:150} INFO - [2024-04-02T09:36:12.572+0000] {dag.py:3504} INFO - Setting next_dagrun for example_branch_datetime_operator to 2024-04-01T00:00:00+00:00, run_after=2024-04-02T00:00:00+00:00
[2024-04-02T09:36:12.576+0000] {logging_mixin.py:150} INFO - [2024-04-02T09:36:12.576+0000] {dag.py:3504} INFO - Setting next_dagrun for example_branch_datetime_operator_2 to 2024-04-01T00:00:00+00:00, run_after=2024-04-02T00:00:00+00:00
[2024-04-02T09:36:12.578+0000] {logging_mixin.py:150} INFO - [2024-04-02T09:36:12.578+0000] {dag.py:3504} INFO - Setting next_dagrun for example_branch_datetime_operator_3 to 2024-04-01T00:00:00+00:00, run_after=2024-04-02T00:00:00+00:00
[2024-04-02T09:36:12.617+0000] {processor.py:179} INFO - Processing /usr/local/python/3.10.13/lib/python3.10/site-packages/airflow/example_dags/example_branch_datetime_operator.py took 0.105 seconds
[2024-04-02T09:37:10.928+0000] {processor.py:157} INFO - Started process (PID=30082) to work on /usr/local/python/3.10.13/lib/python3.10/site-packages/airflow/example_dags/example_branch_datetime_operator.py
[2024-04-02T09:37:10.928+0000] {processor.py:826} INFO - Processing file /usr/local/python/3.10.13/lib/python3.10/site-packages/airflow/example_dags/example_branch_datetime_operator.py for tasks to queue
[2024-04-02T09:37:10.929+0000] {logging_mixin.py:150} INFO - [2024-04-02T09:37:10.929+0000] {dagbag.py:541} INFO - Filling up the DagBag from /usr/local/python/3.10.13/lib/python3.10/site-packages/airflow/example_dags/example_branch_datetime_operator.py
[2024-04-02T09:37:10.941+0000] {processor.py:836} INFO - DAG(s) dict_keys(['example_branch_datetime_operator', 'example_branch_datetime_operator_2', 'example_branch_datetime_operator_3']) retrieved from /usr/local/python/3.10.13/lib/python3.10/site-packages/airflow/example_dags/example_branch_datetime_operator.py
[2024-04-02T09:37:10.967+0000] {logging_mixin.py:150} INFO - [2024-04-02T09:37:10.967+0000] {dag.py:2742} INFO - Sync 3 DAGs
[2024-04-02T09:37:10.992+0000] {logging_mixin.py:150} INFO - [2024-04-02T09:37:10.991+0000] {dag.py:3504} INFO - Setting next_dagrun for example_branch_datetime_operator to 2024-04-01T00:00:00+00:00, run_after=2024-04-02T00:00:00+00:00
[2024-04-02T09:37:10.997+0000] {logging_mixin.py:150} INFO - [2024-04-02T09:37:10.997+0000] {dag.py:3504} INFO - Setting next_dagrun for example_branch_datetime_operator_2 to 2024-04-01T00:00:00+00:00, run_after=2024-04-02T00:00:00+00:00
[2024-04-02T09:37:11.000+0000] {logging_mixin.py:150} INFO - [2024-04-02T09:37:11.000+0000] {dag.py:3504} INFO - Setting next_dagrun for example_branch_datetime_operator_3 to 2024-04-01T00:00:00+00:00, run_after=2024-04-02T00:00:00+00:00
[2024-04-02T09:37:11.043+0000] {processor.py:179} INFO - Processing /usr/local/python/3.10.13/lib/python3.10/site-packages/airflow/example_dags/example_branch_datetime_operator.py took 0.118 seconds
[2024-04-02T09:38:05.282+0000] {processor.py:157} INFO - Started process (PID=30448) to work on /usr/local/python/3.10.13/lib/python3.10/site-packages/airflow/example_dags/example_branch_datetime_operator.py
[2024-04-02T09:38:05.283+0000] {processor.py:826} INFO - Processing file /usr/local/python/3.10.13/lib/python3.10/site-packages/airflow/example_dags/example_branch_datetime_operator.py for tasks to queue
[2024-04-02T09:38:05.284+0000] {logging_mixin.py:150} INFO - [2024-04-02T09:38:05.284+0000] {dagbag.py:541} INFO - Filling up the DagBag from /usr/local/python/3.10.13/lib/python3.10/site-packages/airflow/example_dags/example_branch_datetime_operator.py
[2024-04-02T09:38:05.296+0000] {processor.py:836} INFO - DAG(s) dict_keys(['example_branch_datetime_operator', 'example_branch_datetime_operator_3', 'example_branch_datetime_operator_2']) retrieved from /usr/local/python/3.10.13/lib/python3.10/site-packages/airflow/example_dags/example_branch_datetime_operator.py
[2024-04-02T09:38:05.321+0000] {logging_mixin.py:150} INFO - [2024-04-02T09:38:05.321+0000] {dag.py:2742} INFO - Sync 3 DAGs
[2024-04-02T09:38:05.346+0000] {logging_mixin.py:150} INFO - [2024-04-02T09:38:05.346+0000] {dag.py:3504} INFO - Setting next_dagrun for example_branch_datetime_operator to 2024-04-01T00:00:00+00:00, run_after=2024-04-02T00:00:00+00:00
[2024-04-02T09:38:05.351+0000] {logging_mixin.py:150} INFO - [2024-04-02T09:38:05.351+0000] {dag.py:3504} INFO - Setting next_dagrun for example_branch_datetime_operator_2 to 2024-04-01T00:00:00+00:00, run_after=2024-04-02T00:00:00+00:00
[2024-04-02T09:38:05.355+0000] {logging_mixin.py:150} INFO - [2024-04-02T09:38:05.354+0000] {dag.py:3504} INFO - Setting next_dagrun for example_branch_datetime_operator_3 to 2024-04-01T00:00:00+00:00, run_after=2024-04-02T00:00:00+00:00
[2024-04-02T09:38:05.395+0000] {processor.py:179} INFO - Processing /usr/local/python/3.10.13/lib/python3.10/site-packages/airflow/example_dags/example_branch_datetime_operator.py took 0.117 seconds
[2024-04-02T09:39:03.626+0000] {processor.py:157} INFO - Started process (PID=30850) to work on /usr/local/python/3.10.13/lib/python3.10/site-packages/airflow/example_dags/example_branch_datetime_operator.py
[2024-04-02T09:39:03.627+0000] {processor.py:826} INFO - Processing file /usr/local/python/3.10.13/lib/python3.10/site-packages/airflow/example_dags/example_branch_datetime_operator.py for tasks to queue
[2024-04-02T09:39:03.628+0000] {logging_mixin.py:150} INFO - [2024-04-02T09:39:03.627+0000] {dagbag.py:541} INFO - Filling up the DagBag from /usr/local/python/3.10.13/lib/python3.10/site-packages/airflow/example_dags/example_branch_datetime_operator.py
[2024-04-02T09:39:03.639+0000] {processor.py:836} INFO - DAG(s) dict_keys(['example_branch_datetime_operator_2', 'example_branch_datetime_operator_3', 'example_branch_datetime_operator']) retrieved from /usr/local/python/3.10.13/lib/python3.10/site-packages/airflow/example_dags/example_branch_datetime_operator.py
[2024-04-02T09:39:03.668+0000] {logging_mixin.py:150} INFO - [2024-04-02T09:39:03.668+0000] {dag.py:2742} INFO - Sync 3 DAGs
[2024-04-02T09:39:03.693+0000] {logging_mixin.py:150} INFO - [2024-04-02T09:39:03.693+0000] {dag.py:3504} INFO - Setting next_dagrun for example_branch_datetime_operator to 2024-04-01T00:00:00+00:00, run_after=2024-04-02T00:00:00+00:00
[2024-04-02T09:39:03.699+0000] {logging_mixin.py:150} INFO - [2024-04-02T09:39:03.699+0000] {dag.py:3504} INFO - Setting next_dagrun for example_branch_datetime_operator_2 to 2024-04-01T00:00:00+00:00, run_after=2024-04-02T00:00:00+00:00
[2024-04-02T09:39:03.702+0000] {logging_mixin.py:150} INFO - [2024-04-02T09:39:03.702+0000] {dag.py:3504} INFO - Setting next_dagrun for example_branch_datetime_operator_3 to 2024-04-01T00:00:00+00:00, run_after=2024-04-02T00:00:00+00:00
[2024-04-02T09:39:03.744+0000] {processor.py:179} INFO - Processing /usr/local/python/3.10.13/lib/python3.10/site-packages/airflow/example_dags/example_branch_datetime_operator.py took 0.122 seconds
[2024-04-02T09:40:01.407+0000] {processor.py:157} INFO - Started process (PID=31302) to work on /usr/local/python/3.10.13/lib/python3.10/site-packages/airflow/example_dags/example_branch_datetime_operator.py
[2024-04-02T09:40:01.408+0000] {processor.py:826} INFO - Processing file /usr/local/python/3.10.13/lib/python3.10/site-packages/airflow/example_dags/example_branch_datetime_operator.py for tasks to queue
[2024-04-02T09:40:01.409+0000] {logging_mixin.py:150} INFO - [2024-04-02T09:40:01.409+0000] {dagbag.py:541} INFO - Filling up the DagBag from /usr/local/python/3.10.13/lib/python3.10/site-packages/airflow/example_dags/example_branch_datetime_operator.py
[2024-04-02T09:40:01.421+0000] {processor.py:836} INFO - DAG(s) dict_keys(['example_branch_datetime_operator_3', 'example_branch_datetime_operator_2', 'example_branch_datetime_operator']) retrieved from /usr/local/python/3.10.13/lib/python3.10/site-packages/airflow/example_dags/example_branch_datetime_operator.py
[2024-04-02T09:40:01.448+0000] {logging_mixin.py:150} INFO - [2024-04-02T09:40:01.448+0000] {dag.py:2742} INFO - Sync 3 DAGs
[2024-04-02T09:40:01.476+0000] {logging_mixin.py:150} INFO - [2024-04-02T09:40:01.475+0000] {dag.py:3504} INFO - Setting next_dagrun for example_branch_datetime_operator to 2024-04-01T00:00:00+00:00, run_after=2024-04-02T00:00:00+00:00
[2024-04-02T09:40:01.481+0000] {logging_mixin.py:150} INFO - [2024-04-02T09:40:01.481+0000] {dag.py:3504} INFO - Setting next_dagrun for example_branch_datetime_operator_2 to 2024-04-01T00:00:00+00:00, run_after=2024-04-02T00:00:00+00:00
[2024-04-02T09:40:01.485+0000] {logging_mixin.py:150} INFO - [2024-04-02T09:40:01.484+0000] {dag.py:3504} INFO - Setting next_dagrun for example_branch_datetime_operator_3 to 2024-04-01T00:00:00+00:00, run_after=2024-04-02T00:00:00+00:00
[2024-04-02T09:40:01.533+0000] {processor.py:179} INFO - Processing /usr/local/python/3.10.13/lib/python3.10/site-packages/airflow/example_dags/example_branch_datetime_operator.py took 0.129 seconds
[2024-04-02T09:40:57.520+0000] {processor.py:157} INFO - Started process (PID=31679) to work on /usr/local/python/3.10.13/lib/python3.10/site-packages/airflow/example_dags/example_branch_datetime_operator.py
[2024-04-02T09:40:57.520+0000] {processor.py:826} INFO - Processing file /usr/local/python/3.10.13/lib/python3.10/site-packages/airflow/example_dags/example_branch_datetime_operator.py for tasks to queue
[2024-04-02T09:40:57.521+0000] {logging_mixin.py:150} INFO - [2024-04-02T09:40:57.521+0000] {dagbag.py:541} INFO - Filling up the DagBag from /usr/local/python/3.10.13/lib/python3.10/site-packages/airflow/example_dags/example_branch_datetime_operator.py
[2024-04-02T09:40:57.529+0000] {processor.py:836} INFO - DAG(s) dict_keys(['example_branch_datetime_operator_2', 'example_branch_datetime_operator_3', 'example_branch_datetime_operator']) retrieved from /usr/local/python/3.10.13/lib/python3.10/site-packages/airflow/example_dags/example_branch_datetime_operator.py
[2024-04-02T09:40:57.547+0000] {logging_mixin.py:150} INFO - [2024-04-02T09:40:57.547+0000] {dag.py:2742} INFO - Sync 3 DAGs
[2024-04-02T09:40:57.565+0000] {logging_mixin.py:150} INFO - [2024-04-02T09:40:57.564+0000] {dag.py:3504} INFO - Setting next_dagrun for example_branch_datetime_operator to 2024-04-01T00:00:00+00:00, run_after=2024-04-02T00:00:00+00:00
[2024-04-02T09:40:57.568+0000] {logging_mixin.py:150} INFO - [2024-04-02T09:40:57.568+0000] {dag.py:3504} INFO - Setting next_dagrun for example_branch_datetime_operator_2 to 2024-04-01T00:00:00+00:00, run_after=2024-04-02T00:00:00+00:00
[2024-04-02T09:40:57.570+0000] {logging_mixin.py:150} INFO - [2024-04-02T09:40:57.570+0000] {dag.py:3504} INFO - Setting next_dagrun for example_branch_datetime_operator_3 to 2024-04-01T00:00:00+00:00, run_after=2024-04-02T00:00:00+00:00
[2024-04-02T09:40:57.607+0000] {processor.py:179} INFO - Processing /usr/local/python/3.10.13/lib/python3.10/site-packages/airflow/example_dags/example_branch_datetime_operator.py took 0.090 seconds
[2024-04-02T09:41:53.837+0000] {processor.py:157} INFO - Started process (PID=32072) to work on /usr/local/python/3.10.13/lib/python3.10/site-packages/airflow/example_dags/example_branch_datetime_operator.py
[2024-04-02T09:41:53.838+0000] {processor.py:826} INFO - Processing file /usr/local/python/3.10.13/lib/python3.10/site-packages/airflow/example_dags/example_branch_datetime_operator.py for tasks to queue
[2024-04-02T09:41:53.839+0000] {logging_mixin.py:150} INFO - [2024-04-02T09:41:53.838+0000] {dagbag.py:541} INFO - Filling up the DagBag from /usr/local/python/3.10.13/lib/python3.10/site-packages/airflow/example_dags/example_branch_datetime_operator.py
[2024-04-02T09:41:53.851+0000] {processor.py:836} INFO - DAG(s) dict_keys(['example_branch_datetime_operator', 'example_branch_datetime_operator_2', 'example_branch_datetime_operator_3']) retrieved from /usr/local/python/3.10.13/lib/python3.10/site-packages/airflow/example_dags/example_branch_datetime_operator.py
[2024-04-02T09:41:53.878+0000] {logging_mixin.py:150} INFO - [2024-04-02T09:41:53.878+0000] {dag.py:2742} INFO - Sync 3 DAGs
[2024-04-02T09:41:53.905+0000] {logging_mixin.py:150} INFO - [2024-04-02T09:41:53.905+0000] {dag.py:3504} INFO - Setting next_dagrun for example_branch_datetime_operator to 2024-04-01T00:00:00+00:00, run_after=2024-04-02T00:00:00+00:00
[2024-04-02T09:41:53.911+0000] {logging_mixin.py:150} INFO - [2024-04-02T09:41:53.910+0000] {dag.py:3504} INFO - Setting next_dagrun for example_branch_datetime_operator_2 to 2024-04-01T00:00:00+00:00, run_after=2024-04-02T00:00:00+00:00
[2024-04-02T09:41:53.914+0000] {logging_mixin.py:150} INFO - [2024-04-02T09:41:53.914+0000] {dag.py:3504} INFO - Setting next_dagrun for example_branch_datetime_operator_3 to 2024-04-01T00:00:00+00:00, run_after=2024-04-02T00:00:00+00:00
[2024-04-02T09:41:53.958+0000] {processor.py:179} INFO - Processing /usr/local/python/3.10.13/lib/python3.10/site-packages/airflow/example_dags/example_branch_datetime_operator.py took 0.125 seconds
[2024-04-02T09:42:51.499+0000] {processor.py:157} INFO - Started process (PID=32452) to work on /usr/local/python/3.10.13/lib/python3.10/site-packages/airflow/example_dags/example_branch_datetime_operator.py
[2024-04-02T09:42:51.500+0000] {processor.py:826} INFO - Processing file /usr/local/python/3.10.13/lib/python3.10/site-packages/airflow/example_dags/example_branch_datetime_operator.py for tasks to queue
[2024-04-02T09:42:51.501+0000] {logging_mixin.py:150} INFO - [2024-04-02T09:42:51.500+0000] {dagbag.py:541} INFO - Filling up the DagBag from /usr/local/python/3.10.13/lib/python3.10/site-packages/airflow/example_dags/example_branch_datetime_operator.py
[2024-04-02T09:42:51.508+0000] {processor.py:836} INFO - DAG(s) dict_keys(['example_branch_datetime_operator_2', 'example_branch_datetime_operator_3', 'example_branch_datetime_operator']) retrieved from /usr/local/python/3.10.13/lib/python3.10/site-packages/airflow/example_dags/example_branch_datetime_operator.py
[2024-04-02T09:42:51.526+0000] {logging_mixin.py:150} INFO - [2024-04-02T09:42:51.526+0000] {dag.py:2742} INFO - Sync 3 DAGs
[2024-04-02T09:42:51.550+0000] {logging_mixin.py:150} INFO - [2024-04-02T09:42:51.549+0000] {dag.py:3504} INFO - Setting next_dagrun for example_branch_datetime_operator to 2024-04-01T00:00:00+00:00, run_after=2024-04-02T00:00:00+00:00
[2024-04-02T09:42:51.556+0000] {logging_mixin.py:150} INFO - [2024-04-02T09:42:51.556+0000] {dag.py:3504} INFO - Setting next_dagrun for example_branch_datetime_operator_2 to 2024-04-01T00:00:00+00:00, run_after=2024-04-02T00:00:00+00:00
[2024-04-02T09:42:51.559+0000] {logging_mixin.py:150} INFO - [2024-04-02T09:42:51.559+0000] {dag.py:3504} INFO - Setting next_dagrun for example_branch_datetime_operator_3 to 2024-04-01T00:00:00+00:00, run_after=2024-04-02T00:00:00+00:00
[2024-04-02T09:42:51.599+0000] {processor.py:179} INFO - Processing /usr/local/python/3.10.13/lib/python3.10/site-packages/airflow/example_dags/example_branch_datetime_operator.py took 0.102 seconds
