[2024-04-02T08:56:47.314+0000] {processor.py:157} INFO - Started process (PID=11360) to work on /usr/local/python/3.10.13/lib/python3.10/site-packages/airflow/example_dags/example_task_group_decorator.py
[2024-04-02T08:56:47.315+0000] {processor.py:826} INFO - Processing file /usr/local/python/3.10.13/lib/python3.10/site-packages/airflow/example_dags/example_task_group_decorator.py for tasks to queue
[2024-04-02T08:56:47.316+0000] {logging_mixin.py:150} INFO - [2024-04-02T08:56:47.315+0000] {dagbag.py:541} INFO - Filling up the DagBag from /usr/local/python/3.10.13/lib/python3.10/site-packages/airflow/example_dags/example_task_group_decorator.py
[2024-04-02T08:56:47.342+0000] {processor.py:836} INFO - DAG(s) dict_keys(['example_task_group_decorator']) retrieved from /usr/local/python/3.10.13/lib/python3.10/site-packages/airflow/example_dags/example_task_group_decorator.py
[2024-04-02T08:56:47.639+0000] {logging_mixin.py:150} INFO - [2024-04-02T08:56:47.638+0000] {dag.py:2742} INFO - Sync 1 DAGs
[2024-04-02T08:56:47.680+0000] {logging_mixin.py:150} INFO - [2024-04-02T08:56:47.679+0000] {dag.py:3504} INFO - Setting next_dagrun for example_task_group_decorator to 2024-04-01T08:56:47.679493+00:00, run_after=2024-04-02T08:56:47.679493+00:00
[2024-04-02T08:56:47.747+0000] {processor.py:179} INFO - Processing /usr/local/python/3.10.13/lib/python3.10/site-packages/airflow/example_dags/example_task_group_decorator.py took 0.436 seconds
[2024-04-02T08:57:47.920+0000] {processor.py:157} INFO - Started process (PID=12092) to work on /usr/local/python/3.10.13/lib/python3.10/site-packages/airflow/example_dags/example_task_group_decorator.py
[2024-04-02T08:57:47.921+0000] {processor.py:826} INFO - Processing file /usr/local/python/3.10.13/lib/python3.10/site-packages/airflow/example_dags/example_task_group_decorator.py for tasks to queue
[2024-04-02T08:57:47.922+0000] {logging_mixin.py:150} INFO - [2024-04-02T08:57:47.922+0000] {dagbag.py:541} INFO - Filling up the DagBag from /usr/local/python/3.10.13/lib/python3.10/site-packages/airflow/example_dags/example_task_group_decorator.py
[2024-04-02T08:57:47.945+0000] {processor.py:836} INFO - DAG(s) dict_keys(['example_task_group_decorator']) retrieved from /usr/local/python/3.10.13/lib/python3.10/site-packages/airflow/example_dags/example_task_group_decorator.py
[2024-04-02T08:57:47.969+0000] {logging_mixin.py:150} INFO - [2024-04-02T08:57:47.969+0000] {dag.py:2742} INFO - Sync 1 DAGs
[2024-04-02T08:57:48.017+0000] {logging_mixin.py:150} INFO - [2024-04-02T08:57:48.016+0000] {dag.py:3504} INFO - Setting next_dagrun for example_task_group_decorator to 2024-04-01T08:57:48.016412+00:00, run_after=2024-04-02T08:57:48.016412+00:00
[2024-04-02T08:57:48.072+0000] {processor.py:179} INFO - Processing /usr/local/python/3.10.13/lib/python3.10/site-packages/airflow/example_dags/example_task_group_decorator.py took 0.160 seconds
[2024-04-02T08:58:42.265+0000] {processor.py:157} INFO - Started process (PID=12876) to work on /usr/local/python/3.10.13/lib/python3.10/site-packages/airflow/example_dags/example_task_group_decorator.py
[2024-04-02T08:58:42.266+0000] {processor.py:826} INFO - Processing file /usr/local/python/3.10.13/lib/python3.10/site-packages/airflow/example_dags/example_task_group_decorator.py for tasks to queue
[2024-04-02T08:58:42.267+0000] {logging_mixin.py:150} INFO - [2024-04-02T08:58:42.266+0000] {dagbag.py:541} INFO - Filling up the DagBag from /usr/local/python/3.10.13/lib/python3.10/site-packages/airflow/example_dags/example_task_group_decorator.py
[2024-04-02T08:58:42.280+0000] {processor.py:836} INFO - DAG(s) dict_keys(['example_task_group_decorator']) retrieved from /usr/local/python/3.10.13/lib/python3.10/site-packages/airflow/example_dags/example_task_group_decorator.py
[2024-04-02T08:58:42.295+0000] {logging_mixin.py:150} INFO - [2024-04-02T08:58:42.295+0000] {dag.py:2742} INFO - Sync 1 DAGs
[2024-04-02T08:58:42.312+0000] {logging_mixin.py:150} INFO - [2024-04-02T08:58:42.312+0000] {dag.py:3504} INFO - Setting next_dagrun for example_task_group_decorator to 2024-04-01T08:58:42.312353+00:00, run_after=2024-04-02T08:58:42.312353+00:00
[2024-04-02T08:58:42.358+0000] {processor.py:179} INFO - Processing /usr/local/python/3.10.13/lib/python3.10/site-packages/airflow/example_dags/example_task_group_decorator.py took 0.094 seconds
[2024-04-02T08:59:41.022+0000] {processor.py:157} INFO - Started process (PID=13676) to work on /usr/local/python/3.10.13/lib/python3.10/site-packages/airflow/example_dags/example_task_group_decorator.py
[2024-04-02T08:59:41.023+0000] {processor.py:826} INFO - Processing file /usr/local/python/3.10.13/lib/python3.10/site-packages/airflow/example_dags/example_task_group_decorator.py for tasks to queue
[2024-04-02T08:59:41.024+0000] {logging_mixin.py:150} INFO - [2024-04-02T08:59:41.023+0000] {dagbag.py:541} INFO - Filling up the DagBag from /usr/local/python/3.10.13/lib/python3.10/site-packages/airflow/example_dags/example_task_group_decorator.py
[2024-04-02T08:59:41.039+0000] {processor.py:836} INFO - DAG(s) dict_keys(['example_task_group_decorator']) retrieved from /usr/local/python/3.10.13/lib/python3.10/site-packages/airflow/example_dags/example_task_group_decorator.py
[2024-04-02T08:59:41.102+0000] {logging_mixin.py:150} INFO - [2024-04-02T08:59:41.101+0000] {dag.py:2742} INFO - Sync 1 DAGs
[2024-04-02T08:59:41.124+0000] {logging_mixin.py:150} INFO - [2024-04-02T08:59:41.124+0000] {dag.py:3504} INFO - Setting next_dagrun for example_task_group_decorator to 2024-04-01T08:59:41.124039+00:00, run_after=2024-04-02T08:59:41.124039+00:00
[2024-04-02T08:59:41.169+0000] {processor.py:179} INFO - Processing /usr/local/python/3.10.13/lib/python3.10/site-packages/airflow/example_dags/example_task_group_decorator.py took 0.150 seconds
[2024-04-02T09:00:42.146+0000] {processor.py:157} INFO - Started process (PID=14458) to work on /usr/local/python/3.10.13/lib/python3.10/site-packages/airflow/example_dags/example_task_group_decorator.py
[2024-04-02T09:00:42.147+0000] {processor.py:826} INFO - Processing file /usr/local/python/3.10.13/lib/python3.10/site-packages/airflow/example_dags/example_task_group_decorator.py for tasks to queue
[2024-04-02T09:00:42.148+0000] {logging_mixin.py:150} INFO - [2024-04-02T09:00:42.148+0000] {dagbag.py:541} INFO - Filling up the DagBag from /usr/local/python/3.10.13/lib/python3.10/site-packages/airflow/example_dags/example_task_group_decorator.py
[2024-04-02T09:00:42.160+0000] {processor.py:836} INFO - DAG(s) dict_keys(['example_task_group_decorator']) retrieved from /usr/local/python/3.10.13/lib/python3.10/site-packages/airflow/example_dags/example_task_group_decorator.py
[2024-04-02T09:00:42.175+0000] {logging_mixin.py:150} INFO - [2024-04-02T09:00:42.175+0000] {dag.py:2742} INFO - Sync 1 DAGs
[2024-04-02T09:00:42.191+0000] {logging_mixin.py:150} INFO - [2024-04-02T09:00:42.191+0000] {dag.py:3504} INFO - Setting next_dagrun for example_task_group_decorator to 2024-04-01T09:00:42.191582+00:00, run_after=2024-04-02T09:00:42.191582+00:00
[2024-04-02T09:00:42.230+0000] {processor.py:179} INFO - Processing /usr/local/python/3.10.13/lib/python3.10/site-packages/airflow/example_dags/example_task_group_decorator.py took 0.085 seconds
[2024-04-02T09:01:30.840+0000] {processor.py:157} INFO - Started process (PID=14846) to work on /usr/local/python/3.10.13/lib/python3.10/site-packages/airflow/example_dags/example_task_group_decorator.py
[2024-04-02T09:01:30.841+0000] {processor.py:826} INFO - Processing file /usr/local/python/3.10.13/lib/python3.10/site-packages/airflow/example_dags/example_task_group_decorator.py for tasks to queue
[2024-04-02T09:01:30.842+0000] {logging_mixin.py:150} INFO - [2024-04-02T09:01:30.841+0000] {dagbag.py:541} INFO - Filling up the DagBag from /usr/local/python/3.10.13/lib/python3.10/site-packages/airflow/example_dags/example_task_group_decorator.py
[2024-04-02T09:01:30.860+0000] {processor.py:836} INFO - DAG(s) dict_keys(['example_task_group_decorator']) retrieved from /usr/local/python/3.10.13/lib/python3.10/site-packages/airflow/example_dags/example_task_group_decorator.py
[2024-04-02T09:01:30.883+0000] {logging_mixin.py:150} INFO - [2024-04-02T09:01:30.883+0000] {dag.py:2742} INFO - Sync 1 DAGs
[2024-04-02T09:01:30.905+0000] {logging_mixin.py:150} INFO - [2024-04-02T09:01:30.905+0000] {dag.py:3504} INFO - Setting next_dagrun for example_task_group_decorator to 2024-04-01T09:01:30.905461+00:00, run_after=2024-04-02T09:01:30.905461+00:00
[2024-04-02T09:01:30.951+0000] {processor.py:179} INFO - Processing /usr/local/python/3.10.13/lib/python3.10/site-packages/airflow/example_dags/example_task_group_decorator.py took 0.115 seconds
[2024-04-02T09:02:11.008+0000] {processor.py:157} INFO - Started process (PID=15125) to work on /usr/local/python/3.10.13/lib/python3.10/site-packages/airflow/example_dags/example_task_group_decorator.py
[2024-04-02T09:02:11.009+0000] {processor.py:826} INFO - Processing file /usr/local/python/3.10.13/lib/python3.10/site-packages/airflow/example_dags/example_task_group_decorator.py for tasks to queue
[2024-04-02T09:02:11.010+0000] {logging_mixin.py:150} INFO - [2024-04-02T09:02:11.009+0000] {dagbag.py:541} INFO - Filling up the DagBag from /usr/local/python/3.10.13/lib/python3.10/site-packages/airflow/example_dags/example_task_group_decorator.py
[2024-04-02T09:02:11.029+0000] {processor.py:836} INFO - DAG(s) dict_keys(['example_task_group_decorator']) retrieved from /usr/local/python/3.10.13/lib/python3.10/site-packages/airflow/example_dags/example_task_group_decorator.py
[2024-04-02T09:02:11.051+0000] {logging_mixin.py:150} INFO - [2024-04-02T09:02:11.051+0000] {dag.py:2742} INFO - Sync 1 DAGs
[2024-04-02T09:02:11.075+0000] {logging_mixin.py:150} INFO - [2024-04-02T09:02:11.075+0000] {dag.py:3504} INFO - Setting next_dagrun for example_task_group_decorator to 2024-04-01T09:02:11.075452+00:00, run_after=2024-04-02T09:02:11.075452+00:00
[2024-04-02T09:02:11.119+0000] {processor.py:179} INFO - Processing /usr/local/python/3.10.13/lib/python3.10/site-packages/airflow/example_dags/example_task_group_decorator.py took 0.115 seconds
[2024-04-02T09:02:49.214+0000] {processor.py:157} INFO - Started process (PID=15392) to work on /usr/local/python/3.10.13/lib/python3.10/site-packages/airflow/example_dags/example_task_group_decorator.py
[2024-04-02T09:02:49.215+0000] {processor.py:826} INFO - Processing file /usr/local/python/3.10.13/lib/python3.10/site-packages/airflow/example_dags/example_task_group_decorator.py for tasks to queue
[2024-04-02T09:02:49.215+0000] {logging_mixin.py:150} INFO - [2024-04-02T09:02:49.215+0000] {dagbag.py:541} INFO - Filling up the DagBag from /usr/local/python/3.10.13/lib/python3.10/site-packages/airflow/example_dags/example_task_group_decorator.py
[2024-04-02T09:02:49.227+0000] {processor.py:836} INFO - DAG(s) dict_keys(['example_task_group_decorator']) retrieved from /usr/local/python/3.10.13/lib/python3.10/site-packages/airflow/example_dags/example_task_group_decorator.py
[2024-04-02T09:02:49.242+0000] {logging_mixin.py:150} INFO - [2024-04-02T09:02:49.242+0000] {dag.py:2742} INFO - Sync 1 DAGs
[2024-04-02T09:02:49.258+0000] {logging_mixin.py:150} INFO - [2024-04-02T09:02:49.258+0000] {dag.py:3504} INFO - Setting next_dagrun for example_task_group_decorator to 2024-04-01T09:02:49.258153+00:00, run_after=2024-04-02T09:02:49.258153+00:00
[2024-04-02T09:02:49.300+0000] {processor.py:179} INFO - Processing /usr/local/python/3.10.13/lib/python3.10/site-packages/airflow/example_dags/example_task_group_decorator.py took 0.088 seconds
[2024-04-02T09:03:28.212+0000] {processor.py:157} INFO - Started process (PID=15665) to work on /usr/local/python/3.10.13/lib/python3.10/site-packages/airflow/example_dags/example_task_group_decorator.py
[2024-04-02T09:03:28.213+0000] {processor.py:826} INFO - Processing file /usr/local/python/3.10.13/lib/python3.10/site-packages/airflow/example_dags/example_task_group_decorator.py for tasks to queue
[2024-04-02T09:03:28.214+0000] {logging_mixin.py:150} INFO - [2024-04-02T09:03:28.214+0000] {dagbag.py:541} INFO - Filling up the DagBag from /usr/local/python/3.10.13/lib/python3.10/site-packages/airflow/example_dags/example_task_group_decorator.py
[2024-04-02T09:03:28.234+0000] {processor.py:836} INFO - DAG(s) dict_keys(['example_task_group_decorator']) retrieved from /usr/local/python/3.10.13/lib/python3.10/site-packages/airflow/example_dags/example_task_group_decorator.py
[2024-04-02T09:03:28.258+0000] {logging_mixin.py:150} INFO - [2024-04-02T09:03:28.258+0000] {dag.py:2742} INFO - Sync 1 DAGs
[2024-04-02T09:03:28.282+0000] {logging_mixin.py:150} INFO - [2024-04-02T09:03:28.282+0000] {dag.py:3504} INFO - Setting next_dagrun for example_task_group_decorator to 2024-04-01T09:03:28.282467+00:00, run_after=2024-04-02T09:03:28.282467+00:00
[2024-04-02T09:03:28.330+0000] {processor.py:179} INFO - Processing /usr/local/python/3.10.13/lib/python3.10/site-packages/airflow/example_dags/example_task_group_decorator.py took 0.121 seconds
[2024-04-02T09:04:08.295+0000] {processor.py:157} INFO - Started process (PID=15935) to work on /usr/local/python/3.10.13/lib/python3.10/site-packages/airflow/example_dags/example_task_group_decorator.py
[2024-04-02T09:04:08.295+0000] {processor.py:826} INFO - Processing file /usr/local/python/3.10.13/lib/python3.10/site-packages/airflow/example_dags/example_task_group_decorator.py for tasks to queue
[2024-04-02T09:04:08.296+0000] {logging_mixin.py:150} INFO - [2024-04-02T09:04:08.296+0000] {dagbag.py:541} INFO - Filling up the DagBag from /usr/local/python/3.10.13/lib/python3.10/site-packages/airflow/example_dags/example_task_group_decorator.py
[2024-04-02T09:04:08.308+0000] {processor.py:836} INFO - DAG(s) dict_keys(['example_task_group_decorator']) retrieved from /usr/local/python/3.10.13/lib/python3.10/site-packages/airflow/example_dags/example_task_group_decorator.py
[2024-04-02T09:04:08.323+0000] {logging_mixin.py:150} INFO - [2024-04-02T09:04:08.323+0000] {dag.py:2742} INFO - Sync 1 DAGs
[2024-04-02T09:04:08.338+0000] {logging_mixin.py:150} INFO - [2024-04-02T09:04:08.338+0000] {dag.py:3504} INFO - Setting next_dagrun for example_task_group_decorator to 2024-04-01T09:04:08.338485+00:00, run_after=2024-04-02T09:04:08.338485+00:00
[2024-04-02T09:04:08.380+0000] {processor.py:179} INFO - Processing /usr/local/python/3.10.13/lib/python3.10/site-packages/airflow/example_dags/example_task_group_decorator.py took 0.088 seconds
[2024-04-02T09:04:43.992+0000] {processor.py:157} INFO - Started process (PID=16197) to work on /usr/local/python/3.10.13/lib/python3.10/site-packages/airflow/example_dags/example_task_group_decorator.py
[2024-04-02T09:04:43.997+0000] {processor.py:826} INFO - Processing file /usr/local/python/3.10.13/lib/python3.10/site-packages/airflow/example_dags/example_task_group_decorator.py for tasks to queue
[2024-04-02T09:04:43.998+0000] {logging_mixin.py:150} INFO - [2024-04-02T09:04:43.998+0000] {dagbag.py:541} INFO - Filling up the DagBag from /usr/local/python/3.10.13/lib/python3.10/site-packages/airflow/example_dags/example_task_group_decorator.py
[2024-04-02T09:04:44.034+0000] {processor.py:836} INFO - DAG(s) dict_keys(['example_task_group_decorator']) retrieved from /usr/local/python/3.10.13/lib/python3.10/site-packages/airflow/example_dags/example_task_group_decorator.py
[2024-04-02T09:04:44.059+0000] {logging_mixin.py:150} INFO - [2024-04-02T09:04:44.059+0000] {dag.py:2742} INFO - Sync 1 DAGs
[2024-04-02T09:04:44.085+0000] {logging_mixin.py:150} INFO - [2024-04-02T09:04:44.084+0000] {dag.py:3504} INFO - Setting next_dagrun for example_task_group_decorator to 2024-04-01T09:04:44.084639+00:00, run_after=2024-04-02T09:04:44.084639+00:00
[2024-04-02T09:04:44.129+0000] {processor.py:179} INFO - Processing /usr/local/python/3.10.13/lib/python3.10/site-packages/airflow/example_dags/example_task_group_decorator.py took 0.145 seconds
[2024-04-02T09:05:37.643+0000] {processor.py:157} INFO - Started process (PID=16573) to work on /usr/local/python/3.10.13/lib/python3.10/site-packages/airflow/example_dags/example_task_group_decorator.py
[2024-04-02T09:05:37.644+0000] {processor.py:826} INFO - Processing file /usr/local/python/3.10.13/lib/python3.10/site-packages/airflow/example_dags/example_task_group_decorator.py for tasks to queue
[2024-04-02T09:05:37.645+0000] {logging_mixin.py:150} INFO - [2024-04-02T09:05:37.644+0000] {dagbag.py:541} INFO - Filling up the DagBag from /usr/local/python/3.10.13/lib/python3.10/site-packages/airflow/example_dags/example_task_group_decorator.py
[2024-04-02T09:05:37.657+0000] {processor.py:836} INFO - DAG(s) dict_keys(['example_task_group_decorator']) retrieved from /usr/local/python/3.10.13/lib/python3.10/site-packages/airflow/example_dags/example_task_group_decorator.py
[2024-04-02T09:05:37.672+0000] {logging_mixin.py:150} INFO - [2024-04-02T09:05:37.672+0000] {dag.py:2742} INFO - Sync 1 DAGs
[2024-04-02T09:05:37.688+0000] {logging_mixin.py:150} INFO - [2024-04-02T09:05:37.687+0000] {dag.py:3504} INFO - Setting next_dagrun for example_task_group_decorator to 2024-04-01T09:05:37.687608+00:00, run_after=2024-04-02T09:05:37.687608+00:00
[2024-04-02T09:05:37.730+0000] {processor.py:179} INFO - Processing /usr/local/python/3.10.13/lib/python3.10/site-packages/airflow/example_dags/example_task_group_decorator.py took 0.089 seconds
[2024-04-02T09:06:19.400+0000] {processor.py:157} INFO - Started process (PID=16883) to work on /usr/local/python/3.10.13/lib/python3.10/site-packages/airflow/example_dags/example_task_group_decorator.py
[2024-04-02T09:06:19.401+0000] {processor.py:826} INFO - Processing file /usr/local/python/3.10.13/lib/python3.10/site-packages/airflow/example_dags/example_task_group_decorator.py for tasks to queue
[2024-04-02T09:06:19.401+0000] {logging_mixin.py:150} INFO - [2024-04-02T09:06:19.401+0000] {dagbag.py:541} INFO - Filling up the DagBag from /usr/local/python/3.10.13/lib/python3.10/site-packages/airflow/example_dags/example_task_group_decorator.py
[2024-04-02T09:06:19.413+0000] {processor.py:836} INFO - DAG(s) dict_keys(['example_task_group_decorator']) retrieved from /usr/local/python/3.10.13/lib/python3.10/site-packages/airflow/example_dags/example_task_group_decorator.py
[2024-04-02T09:06:19.429+0000] {logging_mixin.py:150} INFO - [2024-04-02T09:06:19.429+0000] {dag.py:2742} INFO - Sync 1 DAGs
[2024-04-02T09:06:19.452+0000] {logging_mixin.py:150} INFO - [2024-04-02T09:06:19.452+0000] {dag.py:3504} INFO - Setting next_dagrun for example_task_group_decorator to 2024-04-01T09:06:19.452418+00:00, run_after=2024-04-02T09:06:19.452418+00:00
[2024-04-02T09:06:19.499+0000] {processor.py:179} INFO - Processing /usr/local/python/3.10.13/lib/python3.10/site-packages/airflow/example_dags/example_task_group_decorator.py took 0.101 seconds
[2024-04-02T09:07:01.219+0000] {processor.py:157} INFO - Started process (PID=17584) to work on /usr/local/python/3.10.13/lib/python3.10/site-packages/airflow/example_dags/example_task_group_decorator.py
[2024-04-02T09:07:01.230+0000] {processor.py:826} INFO - Processing file /usr/local/python/3.10.13/lib/python3.10/site-packages/airflow/example_dags/example_task_group_decorator.py for tasks to queue
[2024-04-02T09:07:01.232+0000] {logging_mixin.py:150} INFO - [2024-04-02T09:07:01.232+0000] {dagbag.py:541} INFO - Filling up the DagBag from /usr/local/python/3.10.13/lib/python3.10/site-packages/airflow/example_dags/example_task_group_decorator.py
[2024-04-02T09:07:01.262+0000] {processor.py:836} INFO - DAG(s) dict_keys(['example_task_group_decorator']) retrieved from /usr/local/python/3.10.13/lib/python3.10/site-packages/airflow/example_dags/example_task_group_decorator.py
[2024-04-02T09:07:01.288+0000] {logging_mixin.py:150} INFO - [2024-04-02T09:07:01.288+0000] {dag.py:2742} INFO - Sync 1 DAGs
[2024-04-02T09:07:01.318+0000] {logging_mixin.py:150} INFO - [2024-04-02T09:07:01.318+0000] {dag.py:3504} INFO - Setting next_dagrun for example_task_group_decorator to 2024-04-01T09:07:01.318376+00:00, run_after=2024-04-02T09:07:01.318376+00:00
[2024-04-02T09:07:01.378+0000] {processor.py:179} INFO - Processing /usr/local/python/3.10.13/lib/python3.10/site-packages/airflow/example_dags/example_task_group_decorator.py took 0.162 seconds
[2024-04-02T09:07:41.852+0000] {processor.py:157} INFO - Started process (PID=17854) to work on /usr/local/python/3.10.13/lib/python3.10/site-packages/airflow/example_dags/example_task_group_decorator.py
[2024-04-02T09:07:41.853+0000] {processor.py:826} INFO - Processing file /usr/local/python/3.10.13/lib/python3.10/site-packages/airflow/example_dags/example_task_group_decorator.py for tasks to queue
[2024-04-02T09:07:41.854+0000] {logging_mixin.py:150} INFO - [2024-04-02T09:07:41.853+0000] {dagbag.py:541} INFO - Filling up the DagBag from /usr/local/python/3.10.13/lib/python3.10/site-packages/airflow/example_dags/example_task_group_decorator.py
[2024-04-02T09:07:41.866+0000] {processor.py:836} INFO - DAG(s) dict_keys(['example_task_group_decorator']) retrieved from /usr/local/python/3.10.13/lib/python3.10/site-packages/airflow/example_dags/example_task_group_decorator.py
[2024-04-02T09:07:41.881+0000] {logging_mixin.py:150} INFO - [2024-04-02T09:07:41.881+0000] {dag.py:2742} INFO - Sync 1 DAGs
[2024-04-02T09:07:41.897+0000] {logging_mixin.py:150} INFO - [2024-04-02T09:07:41.897+0000] {dag.py:3504} INFO - Setting next_dagrun for example_task_group_decorator to 2024-04-01T09:07:41.896792+00:00, run_after=2024-04-02T09:07:41.896792+00:00
[2024-04-02T09:07:41.939+0000] {processor.py:179} INFO - Processing /usr/local/python/3.10.13/lib/python3.10/site-packages/airflow/example_dags/example_task_group_decorator.py took 0.090 seconds
[2024-04-02T09:08:19.417+0000] {processor.py:157} INFO - Started process (PID=18099) to work on /usr/local/python/3.10.13/lib/python3.10/site-packages/airflow/example_dags/example_task_group_decorator.py
[2024-04-02T09:08:19.418+0000] {processor.py:826} INFO - Processing file /usr/local/python/3.10.13/lib/python3.10/site-packages/airflow/example_dags/example_task_group_decorator.py for tasks to queue
[2024-04-02T09:08:19.419+0000] {logging_mixin.py:150} INFO - [2024-04-02T09:08:19.418+0000] {dagbag.py:541} INFO - Filling up the DagBag from /usr/local/python/3.10.13/lib/python3.10/site-packages/airflow/example_dags/example_task_group_decorator.py
[2024-04-02T09:08:19.431+0000] {processor.py:836} INFO - DAG(s) dict_keys(['example_task_group_decorator']) retrieved from /usr/local/python/3.10.13/lib/python3.10/site-packages/airflow/example_dags/example_task_group_decorator.py
[2024-04-02T09:08:19.447+0000] {logging_mixin.py:150} INFO - [2024-04-02T09:08:19.447+0000] {dag.py:2742} INFO - Sync 1 DAGs
[2024-04-02T09:08:19.463+0000] {logging_mixin.py:150} INFO - [2024-04-02T09:08:19.463+0000] {dag.py:3504} INFO - Setting next_dagrun for example_task_group_decorator to 2024-04-01T09:08:19.462924+00:00, run_after=2024-04-02T09:08:19.462924+00:00
[2024-04-02T09:08:19.501+0000] {processor.py:179} INFO - Processing /usr/local/python/3.10.13/lib/python3.10/site-packages/airflow/example_dags/example_task_group_decorator.py took 0.086 seconds
[2024-04-02T09:08:58.960+0000] {processor.py:157} INFO - Started process (PID=18368) to work on /usr/local/python/3.10.13/lib/python3.10/site-packages/airflow/example_dags/example_task_group_decorator.py
[2024-04-02T09:08:58.961+0000] {processor.py:826} INFO - Processing file /usr/local/python/3.10.13/lib/python3.10/site-packages/airflow/example_dags/example_task_group_decorator.py for tasks to queue
[2024-04-02T09:08:58.961+0000] {logging_mixin.py:150} INFO - [2024-04-02T09:08:58.961+0000] {dagbag.py:541} INFO - Filling up the DagBag from /usr/local/python/3.10.13/lib/python3.10/site-packages/airflow/example_dags/example_task_group_decorator.py
[2024-04-02T09:08:58.973+0000] {processor.py:836} INFO - DAG(s) dict_keys(['example_task_group_decorator']) retrieved from /usr/local/python/3.10.13/lib/python3.10/site-packages/airflow/example_dags/example_task_group_decorator.py
[2024-04-02T09:08:58.988+0000] {logging_mixin.py:150} INFO - [2024-04-02T09:08:58.988+0000] {dag.py:2742} INFO - Sync 1 DAGs
[2024-04-02T09:08:59.003+0000] {logging_mixin.py:150} INFO - [2024-04-02T09:08:59.003+0000] {dag.py:3504} INFO - Setting next_dagrun for example_task_group_decorator to 2024-04-01T09:08:59.002911+00:00, run_after=2024-04-02T09:08:59.002911+00:00
[2024-04-02T09:08:59.044+0000] {processor.py:179} INFO - Processing /usr/local/python/3.10.13/lib/python3.10/site-packages/airflow/example_dags/example_task_group_decorator.py took 0.087 seconds
[2024-04-02T09:09:36.843+0000] {processor.py:157} INFO - Started process (PID=18658) to work on /usr/local/python/3.10.13/lib/python3.10/site-packages/airflow/example_dags/example_task_group_decorator.py
[2024-04-02T09:09:36.844+0000] {processor.py:826} INFO - Processing file /usr/local/python/3.10.13/lib/python3.10/site-packages/airflow/example_dags/example_task_group_decorator.py for tasks to queue
[2024-04-02T09:09:36.845+0000] {logging_mixin.py:150} INFO - [2024-04-02T09:09:36.845+0000] {dagbag.py:541} INFO - Filling up the DagBag from /usr/local/python/3.10.13/lib/python3.10/site-packages/airflow/example_dags/example_task_group_decorator.py
[2024-04-02T09:09:36.866+0000] {processor.py:836} INFO - DAG(s) dict_keys(['example_task_group_decorator']) retrieved from /usr/local/python/3.10.13/lib/python3.10/site-packages/airflow/example_dags/example_task_group_decorator.py
[2024-04-02T09:09:36.891+0000] {logging_mixin.py:150} INFO - [2024-04-02T09:09:36.890+0000] {dag.py:2742} INFO - Sync 1 DAGs
[2024-04-02T09:09:36.915+0000] {logging_mixin.py:150} INFO - [2024-04-02T09:09:36.915+0000] {dag.py:3504} INFO - Setting next_dagrun for example_task_group_decorator to 2024-04-01T09:09:36.914856+00:00, run_after=2024-04-02T09:09:36.914856+00:00
[2024-04-02T09:09:36.964+0000] {processor.py:179} INFO - Processing /usr/local/python/3.10.13/lib/python3.10/site-packages/airflow/example_dags/example_task_group_decorator.py took 0.124 seconds
[2024-04-02T09:10:14.609+0000] {processor.py:157} INFO - Started process (PID=18918) to work on /usr/local/python/3.10.13/lib/python3.10/site-packages/airflow/example_dags/example_task_group_decorator.py
[2024-04-02T09:10:14.610+0000] {processor.py:826} INFO - Processing file /usr/local/python/3.10.13/lib/python3.10/site-packages/airflow/example_dags/example_task_group_decorator.py for tasks to queue
[2024-04-02T09:10:14.611+0000] {logging_mixin.py:150} INFO - [2024-04-02T09:10:14.610+0000] {dagbag.py:541} INFO - Filling up the DagBag from /usr/local/python/3.10.13/lib/python3.10/site-packages/airflow/example_dags/example_task_group_decorator.py
[2024-04-02T09:10:14.623+0000] {processor.py:836} INFO - DAG(s) dict_keys(['example_task_group_decorator']) retrieved from /usr/local/python/3.10.13/lib/python3.10/site-packages/airflow/example_dags/example_task_group_decorator.py
[2024-04-02T09:10:14.640+0000] {logging_mixin.py:150} INFO - [2024-04-02T09:10:14.640+0000] {dag.py:2742} INFO - Sync 1 DAGs
[2024-04-02T09:10:14.655+0000] {logging_mixin.py:150} INFO - [2024-04-02T09:10:14.655+0000] {dag.py:3504} INFO - Setting next_dagrun for example_task_group_decorator to 2024-04-01T09:10:14.655137+00:00, run_after=2024-04-02T09:10:14.655137+00:00
[2024-04-02T09:10:14.701+0000] {processor.py:179} INFO - Processing /usr/local/python/3.10.13/lib/python3.10/site-packages/airflow/example_dags/example_task_group_decorator.py took 0.094 seconds
[2024-04-02T09:10:55.185+0000] {processor.py:157} INFO - Started process (PID=19200) to work on /usr/local/python/3.10.13/lib/python3.10/site-packages/airflow/example_dags/example_task_group_decorator.py
[2024-04-02T09:10:55.186+0000] {processor.py:826} INFO - Processing file /usr/local/python/3.10.13/lib/python3.10/site-packages/airflow/example_dags/example_task_group_decorator.py for tasks to queue
[2024-04-02T09:10:55.186+0000] {logging_mixin.py:150} INFO - [2024-04-02T09:10:55.186+0000] {dagbag.py:541} INFO - Filling up the DagBag from /usr/local/python/3.10.13/lib/python3.10/site-packages/airflow/example_dags/example_task_group_decorator.py
[2024-04-02T09:10:55.199+0000] {processor.py:836} INFO - DAG(s) dict_keys(['example_task_group_decorator']) retrieved from /usr/local/python/3.10.13/lib/python3.10/site-packages/airflow/example_dags/example_task_group_decorator.py
[2024-04-02T09:10:55.220+0000] {logging_mixin.py:150} INFO - [2024-04-02T09:10:55.220+0000] {dag.py:2742} INFO - Sync 1 DAGs
[2024-04-02T09:10:55.244+0000] {logging_mixin.py:150} INFO - [2024-04-02T09:10:55.244+0000] {dag.py:3504} INFO - Setting next_dagrun for example_task_group_decorator to 2024-04-01T09:10:55.243847+00:00, run_after=2024-04-02T09:10:55.243847+00:00
[2024-04-02T09:10:55.289+0000] {processor.py:179} INFO - Processing /usr/local/python/3.10.13/lib/python3.10/site-packages/airflow/example_dags/example_task_group_decorator.py took 0.107 seconds
[2024-04-02T09:11:34.528+0000] {processor.py:157} INFO - Started process (PID=19463) to work on /usr/local/python/3.10.13/lib/python3.10/site-packages/airflow/example_dags/example_task_group_decorator.py
[2024-04-02T09:11:34.529+0000] {processor.py:826} INFO - Processing file /usr/local/python/3.10.13/lib/python3.10/site-packages/airflow/example_dags/example_task_group_decorator.py for tasks to queue
[2024-04-02T09:11:34.530+0000] {logging_mixin.py:150} INFO - [2024-04-02T09:11:34.529+0000] {dagbag.py:541} INFO - Filling up the DagBag from /usr/local/python/3.10.13/lib/python3.10/site-packages/airflow/example_dags/example_task_group_decorator.py
[2024-04-02T09:11:34.560+0000] {processor.py:836} INFO - DAG(s) dict_keys(['example_task_group_decorator']) retrieved from /usr/local/python/3.10.13/lib/python3.10/site-packages/airflow/example_dags/example_task_group_decorator.py
[2024-04-02T09:11:34.590+0000] {logging_mixin.py:150} INFO - [2024-04-02T09:11:34.589+0000] {dag.py:2742} INFO - Sync 1 DAGs
[2024-04-02T09:11:34.611+0000] {logging_mixin.py:150} INFO - [2024-04-02T09:11:34.611+0000] {dag.py:3504} INFO - Setting next_dagrun for example_task_group_decorator to 2024-04-01T09:11:34.611320+00:00, run_after=2024-04-02T09:11:34.611320+00:00
[2024-04-02T09:11:34.670+0000] {processor.py:179} INFO - Processing /usr/local/python/3.10.13/lib/python3.10/site-packages/airflow/example_dags/example_task_group_decorator.py took 0.145 seconds
[2024-04-02T09:12:13.888+0000] {processor.py:157} INFO - Started process (PID=19716) to work on /usr/local/python/3.10.13/lib/python3.10/site-packages/airflow/example_dags/example_task_group_decorator.py
[2024-04-02T09:12:13.889+0000] {processor.py:826} INFO - Processing file /usr/local/python/3.10.13/lib/python3.10/site-packages/airflow/example_dags/example_task_group_decorator.py for tasks to queue
[2024-04-02T09:12:13.890+0000] {logging_mixin.py:150} INFO - [2024-04-02T09:12:13.890+0000] {dagbag.py:541} INFO - Filling up the DagBag from /usr/local/python/3.10.13/lib/python3.10/site-packages/airflow/example_dags/example_task_group_decorator.py
[2024-04-02T09:12:13.907+0000] {processor.py:836} INFO - DAG(s) dict_keys(['example_task_group_decorator']) retrieved from /usr/local/python/3.10.13/lib/python3.10/site-packages/airflow/example_dags/example_task_group_decorator.py
[2024-04-02T09:12:13.928+0000] {logging_mixin.py:150} INFO - [2024-04-02T09:12:13.927+0000] {dag.py:2742} INFO - Sync 1 DAGs
[2024-04-02T09:12:13.944+0000] {logging_mixin.py:150} INFO - [2024-04-02T09:12:13.943+0000] {dag.py:3504} INFO - Setting next_dagrun for example_task_group_decorator to 2024-04-01T09:12:13.943713+00:00, run_after=2024-04-02T09:12:13.943713+00:00
[2024-04-02T09:12:13.982+0000] {processor.py:179} INFO - Processing /usr/local/python/3.10.13/lib/python3.10/site-packages/airflow/example_dags/example_task_group_decorator.py took 0.097 seconds
[2024-04-02T09:12:53.984+0000] {processor.py:157} INFO - Started process (PID=19990) to work on /usr/local/python/3.10.13/lib/python3.10/site-packages/airflow/example_dags/example_task_group_decorator.py
[2024-04-02T09:12:53.985+0000] {processor.py:826} INFO - Processing file /usr/local/python/3.10.13/lib/python3.10/site-packages/airflow/example_dags/example_task_group_decorator.py for tasks to queue
[2024-04-02T09:12:53.986+0000] {logging_mixin.py:150} INFO - [2024-04-02T09:12:53.985+0000] {dagbag.py:541} INFO - Filling up the DagBag from /usr/local/python/3.10.13/lib/python3.10/site-packages/airflow/example_dags/example_task_group_decorator.py
[2024-04-02T09:12:53.998+0000] {processor.py:836} INFO - DAG(s) dict_keys(['example_task_group_decorator']) retrieved from /usr/local/python/3.10.13/lib/python3.10/site-packages/airflow/example_dags/example_task_group_decorator.py
[2024-04-02T09:12:54.012+0000] {logging_mixin.py:150} INFO - [2024-04-02T09:12:54.012+0000] {dag.py:2742} INFO - Sync 1 DAGs
[2024-04-02T09:12:54.027+0000] {logging_mixin.py:150} INFO - [2024-04-02T09:12:54.027+0000] {dag.py:3504} INFO - Setting next_dagrun for example_task_group_decorator to 2024-04-01T09:12:54.027564+00:00, run_after=2024-04-02T09:12:54.027564+00:00
[2024-04-02T09:12:54.066+0000] {processor.py:179} INFO - Processing /usr/local/python/3.10.13/lib/python3.10/site-packages/airflow/example_dags/example_task_group_decorator.py took 0.085 seconds
[2024-04-02T09:13:32.857+0000] {processor.py:157} INFO - Started process (PID=20252) to work on /usr/local/python/3.10.13/lib/python3.10/site-packages/airflow/example_dags/example_task_group_decorator.py
[2024-04-02T09:13:32.859+0000] {processor.py:826} INFO - Processing file /usr/local/python/3.10.13/lib/python3.10/site-packages/airflow/example_dags/example_task_group_decorator.py for tasks to queue
[2024-04-02T09:13:32.860+0000] {logging_mixin.py:150} INFO - [2024-04-02T09:13:32.859+0000] {dagbag.py:541} INFO - Filling up the DagBag from /usr/local/python/3.10.13/lib/python3.10/site-packages/airflow/example_dags/example_task_group_decorator.py
[2024-04-02T09:13:32.880+0000] {processor.py:836} INFO - DAG(s) dict_keys(['example_task_group_decorator']) retrieved from /usr/local/python/3.10.13/lib/python3.10/site-packages/airflow/example_dags/example_task_group_decorator.py
[2024-04-02T09:13:32.904+0000] {logging_mixin.py:150} INFO - [2024-04-02T09:13:32.903+0000] {dag.py:2742} INFO - Sync 1 DAGs
[2024-04-02T09:13:32.927+0000] {logging_mixin.py:150} INFO - [2024-04-02T09:13:32.927+0000] {dag.py:3504} INFO - Setting next_dagrun for example_task_group_decorator to 2024-04-01T09:13:32.927163+00:00, run_after=2024-04-02T09:13:32.927163+00:00
[2024-04-02T09:13:32.975+0000] {processor.py:179} INFO - Processing /usr/local/python/3.10.13/lib/python3.10/site-packages/airflow/example_dags/example_task_group_decorator.py took 0.121 seconds
[2024-04-02T09:14:27.548+0000] {processor.py:157} INFO - Started process (PID=20629) to work on /usr/local/python/3.10.13/lib/python3.10/site-packages/airflow/example_dags/example_task_group_decorator.py
[2024-04-02T09:14:27.548+0000] {processor.py:826} INFO - Processing file /usr/local/python/3.10.13/lib/python3.10/site-packages/airflow/example_dags/example_task_group_decorator.py for tasks to queue
[2024-04-02T09:14:27.549+0000] {logging_mixin.py:150} INFO - [2024-04-02T09:14:27.549+0000] {dagbag.py:541} INFO - Filling up the DagBag from /usr/local/python/3.10.13/lib/python3.10/site-packages/airflow/example_dags/example_task_group_decorator.py
[2024-04-02T09:14:27.562+0000] {processor.py:836} INFO - DAG(s) dict_keys(['example_task_group_decorator']) retrieved from /usr/local/python/3.10.13/lib/python3.10/site-packages/airflow/example_dags/example_task_group_decorator.py
[2024-04-02T09:14:27.577+0000] {logging_mixin.py:150} INFO - [2024-04-02T09:14:27.576+0000] {dag.py:2742} INFO - Sync 1 DAGs
[2024-04-02T09:14:27.591+0000] {logging_mixin.py:150} INFO - [2024-04-02T09:14:27.591+0000] {dag.py:3504} INFO - Setting next_dagrun for example_task_group_decorator to 2024-04-01T09:14:27.591654+00:00, run_after=2024-04-02T09:14:27.591654+00:00
[2024-04-02T09:14:27.632+0000] {processor.py:179} INFO - Processing /usr/local/python/3.10.13/lib/python3.10/site-packages/airflow/example_dags/example_task_group_decorator.py took 0.087 seconds
[2024-04-02T09:15:16.102+0000] {processor.py:157} INFO - Started process (PID=20993) to work on /usr/local/python/3.10.13/lib/python3.10/site-packages/airflow/example_dags/example_task_group_decorator.py
[2024-04-02T09:15:16.103+0000] {processor.py:826} INFO - Processing file /usr/local/python/3.10.13/lib/python3.10/site-packages/airflow/example_dags/example_task_group_decorator.py for tasks to queue
[2024-04-02T09:15:16.103+0000] {logging_mixin.py:150} INFO - [2024-04-02T09:15:16.103+0000] {dagbag.py:541} INFO - Filling up the DagBag from /usr/local/python/3.10.13/lib/python3.10/site-packages/airflow/example_dags/example_task_group_decorator.py
[2024-04-02T09:15:16.116+0000] {processor.py:836} INFO - DAG(s) dict_keys(['example_task_group_decorator']) retrieved from /usr/local/python/3.10.13/lib/python3.10/site-packages/airflow/example_dags/example_task_group_decorator.py
[2024-04-02T09:15:16.131+0000] {logging_mixin.py:150} INFO - [2024-04-02T09:15:16.130+0000] {dag.py:2742} INFO - Sync 1 DAGs
[2024-04-02T09:15:16.146+0000] {logging_mixin.py:150} INFO - [2024-04-02T09:15:16.146+0000] {dag.py:3504} INFO - Setting next_dagrun for example_task_group_decorator to 2024-04-01T09:15:16.146390+00:00, run_after=2024-04-02T09:15:16.146390+00:00
[2024-04-02T09:15:16.185+0000] {processor.py:179} INFO - Processing /usr/local/python/3.10.13/lib/python3.10/site-packages/airflow/example_dags/example_task_group_decorator.py took 0.085 seconds
[2024-04-02T09:15:52.339+0000] {processor.py:157} INFO - Started process (PID=21248) to work on /usr/local/python/3.10.13/lib/python3.10/site-packages/airflow/example_dags/example_task_group_decorator.py
[2024-04-02T09:15:52.340+0000] {processor.py:826} INFO - Processing file /usr/local/python/3.10.13/lib/python3.10/site-packages/airflow/example_dags/example_task_group_decorator.py for tasks to queue
[2024-04-02T09:15:52.340+0000] {logging_mixin.py:150} INFO - [2024-04-02T09:15:52.340+0000] {dagbag.py:541} INFO - Filling up the DagBag from /usr/local/python/3.10.13/lib/python3.10/site-packages/airflow/example_dags/example_task_group_decorator.py
[2024-04-02T09:15:52.360+0000] {processor.py:836} INFO - DAG(s) dict_keys(['example_task_group_decorator']) retrieved from /usr/local/python/3.10.13/lib/python3.10/site-packages/airflow/example_dags/example_task_group_decorator.py
[2024-04-02T09:15:52.379+0000] {logging_mixin.py:150} INFO - [2024-04-02T09:15:52.379+0000] {dag.py:2742} INFO - Sync 1 DAGs
[2024-04-02T09:15:52.403+0000] {logging_mixin.py:150} INFO - [2024-04-02T09:15:52.403+0000] {dag.py:3504} INFO - Setting next_dagrun for example_task_group_decorator to 2024-04-01T09:15:52.402838+00:00, run_after=2024-04-02T09:15:52.402838+00:00
[2024-04-02T09:15:52.449+0000] {processor.py:179} INFO - Processing /usr/local/python/3.10.13/lib/python3.10/site-packages/airflow/example_dags/example_task_group_decorator.py took 0.112 seconds
[2024-04-02T09:16:30.396+0000] {processor.py:157} INFO - Started process (PID=21495) to work on /usr/local/python/3.10.13/lib/python3.10/site-packages/airflow/example_dags/example_task_group_decorator.py
[2024-04-02T09:16:30.396+0000] {processor.py:826} INFO - Processing file /usr/local/python/3.10.13/lib/python3.10/site-packages/airflow/example_dags/example_task_group_decorator.py for tasks to queue
[2024-04-02T09:16:30.397+0000] {logging_mixin.py:150} INFO - [2024-04-02T09:16:30.397+0000] {dagbag.py:541} INFO - Filling up the DagBag from /usr/local/python/3.10.13/lib/python3.10/site-packages/airflow/example_dags/example_task_group_decorator.py
[2024-04-02T09:16:30.416+0000] {processor.py:836} INFO - DAG(s) dict_keys(['example_task_group_decorator']) retrieved from /usr/local/python/3.10.13/lib/python3.10/site-packages/airflow/example_dags/example_task_group_decorator.py
[2024-04-02T09:16:30.441+0000] {logging_mixin.py:150} INFO - [2024-04-02T09:16:30.441+0000] {dag.py:2742} INFO - Sync 1 DAGs
[2024-04-02T09:16:30.463+0000] {logging_mixin.py:150} INFO - [2024-04-02T09:16:30.463+0000] {dag.py:3504} INFO - Setting next_dagrun for example_task_group_decorator to 2024-04-01T09:16:30.463367+00:00, run_after=2024-04-02T09:16:30.463367+00:00
[2024-04-02T09:16:30.511+0000] {processor.py:179} INFO - Processing /usr/local/python/3.10.13/lib/python3.10/site-packages/airflow/example_dags/example_task_group_decorator.py took 0.118 seconds
[2024-04-02T09:17:11.357+0000] {processor.py:157} INFO - Started process (PID=21772) to work on /usr/local/python/3.10.13/lib/python3.10/site-packages/airflow/example_dags/example_task_group_decorator.py
[2024-04-02T09:17:11.358+0000] {processor.py:826} INFO - Processing file /usr/local/python/3.10.13/lib/python3.10/site-packages/airflow/example_dags/example_task_group_decorator.py for tasks to queue
[2024-04-02T09:17:11.359+0000] {logging_mixin.py:150} INFO - [2024-04-02T09:17:11.359+0000] {dagbag.py:541} INFO - Filling up the DagBag from /usr/local/python/3.10.13/lib/python3.10/site-packages/airflow/example_dags/example_task_group_decorator.py
[2024-04-02T09:17:11.378+0000] {processor.py:836} INFO - DAG(s) dict_keys(['example_task_group_decorator']) retrieved from /usr/local/python/3.10.13/lib/python3.10/site-packages/airflow/example_dags/example_task_group_decorator.py
[2024-04-02T09:17:11.400+0000] {logging_mixin.py:150} INFO - [2024-04-02T09:17:11.400+0000] {dag.py:2742} INFO - Sync 1 DAGs
[2024-04-02T09:17:11.422+0000] {logging_mixin.py:150} INFO - [2024-04-02T09:17:11.422+0000] {dag.py:3504} INFO - Setting next_dagrun for example_task_group_decorator to 2024-04-01T09:17:11.422396+00:00, run_after=2024-04-02T09:17:11.422396+00:00
[2024-04-02T09:17:11.464+0000] {processor.py:179} INFO - Processing /usr/local/python/3.10.13/lib/python3.10/site-packages/airflow/example_dags/example_task_group_decorator.py took 0.110 seconds
[2024-04-02T09:17:50.524+0000] {processor.py:157} INFO - Started process (PID=22048) to work on /usr/local/python/3.10.13/lib/python3.10/site-packages/airflow/example_dags/example_task_group_decorator.py
[2024-04-02T09:17:50.525+0000] {processor.py:826} INFO - Processing file /usr/local/python/3.10.13/lib/python3.10/site-packages/airflow/example_dags/example_task_group_decorator.py for tasks to queue
[2024-04-02T09:17:50.526+0000] {logging_mixin.py:150} INFO - [2024-04-02T09:17:50.525+0000] {dagbag.py:541} INFO - Filling up the DagBag from /usr/local/python/3.10.13/lib/python3.10/site-packages/airflow/example_dags/example_task_group_decorator.py
[2024-04-02T09:17:50.538+0000] {processor.py:836} INFO - DAG(s) dict_keys(['example_task_group_decorator']) retrieved from /usr/local/python/3.10.13/lib/python3.10/site-packages/airflow/example_dags/example_task_group_decorator.py
[2024-04-02T09:17:50.553+0000] {logging_mixin.py:150} INFO - [2024-04-02T09:17:50.553+0000] {dag.py:2742} INFO - Sync 1 DAGs
[2024-04-02T09:17:50.568+0000] {logging_mixin.py:150} INFO - [2024-04-02T09:17:50.568+0000] {dag.py:3504} INFO - Setting next_dagrun for example_task_group_decorator to 2024-04-01T09:17:50.568196+00:00, run_after=2024-04-02T09:17:50.568196+00:00
[2024-04-02T09:17:50.607+0000] {processor.py:179} INFO - Processing /usr/local/python/3.10.13/lib/python3.10/site-packages/airflow/example_dags/example_task_group_decorator.py took 0.085 seconds
[2024-04-02T09:18:28.557+0000] {processor.py:157} INFO - Started process (PID=22311) to work on /usr/local/python/3.10.13/lib/python3.10/site-packages/airflow/example_dags/example_task_group_decorator.py
[2024-04-02T09:18:28.558+0000] {processor.py:826} INFO - Processing file /usr/local/python/3.10.13/lib/python3.10/site-packages/airflow/example_dags/example_task_group_decorator.py for tasks to queue
[2024-04-02T09:18:28.559+0000] {logging_mixin.py:150} INFO - [2024-04-02T09:18:28.558+0000] {dagbag.py:541} INFO - Filling up the DagBag from /usr/local/python/3.10.13/lib/python3.10/site-packages/airflow/example_dags/example_task_group_decorator.py
[2024-04-02T09:18:28.571+0000] {processor.py:836} INFO - DAG(s) dict_keys(['example_task_group_decorator']) retrieved from /usr/local/python/3.10.13/lib/python3.10/site-packages/airflow/example_dags/example_task_group_decorator.py
[2024-04-02T09:18:28.586+0000] {logging_mixin.py:150} INFO - [2024-04-02T09:18:28.586+0000] {dag.py:2742} INFO - Sync 1 DAGs
[2024-04-02T09:18:28.601+0000] {logging_mixin.py:150} INFO - [2024-04-02T09:18:28.601+0000] {dag.py:3504} INFO - Setting next_dagrun for example_task_group_decorator to 2024-04-01T09:18:28.601371+00:00, run_after=2024-04-02T09:18:28.601371+00:00
[2024-04-02T09:18:28.640+0000] {processor.py:179} INFO - Processing /usr/local/python/3.10.13/lib/python3.10/site-packages/airflow/example_dags/example_task_group_decorator.py took 0.086 seconds
[2024-04-02T09:19:09.068+0000] {processor.py:157} INFO - Started process (PID=22588) to work on /usr/local/python/3.10.13/lib/python3.10/site-packages/airflow/example_dags/example_task_group_decorator.py
[2024-04-02T09:19:09.068+0000] {processor.py:826} INFO - Processing file /usr/local/python/3.10.13/lib/python3.10/site-packages/airflow/example_dags/example_task_group_decorator.py for tasks to queue
[2024-04-02T09:19:09.069+0000] {logging_mixin.py:150} INFO - [2024-04-02T09:19:09.069+0000] {dagbag.py:541} INFO - Filling up the DagBag from /usr/local/python/3.10.13/lib/python3.10/site-packages/airflow/example_dags/example_task_group_decorator.py
[2024-04-02T09:19:09.082+0000] {processor.py:836} INFO - DAG(s) dict_keys(['example_task_group_decorator']) retrieved from /usr/local/python/3.10.13/lib/python3.10/site-packages/airflow/example_dags/example_task_group_decorator.py
[2024-04-02T09:19:09.097+0000] {logging_mixin.py:150} INFO - [2024-04-02T09:19:09.097+0000] {dag.py:2742} INFO - Sync 1 DAGs
[2024-04-02T09:19:09.112+0000] {logging_mixin.py:150} INFO - [2024-04-02T09:19:09.112+0000] {dag.py:3504} INFO - Setting next_dagrun for example_task_group_decorator to 2024-04-01T09:19:09.112423+00:00, run_after=2024-04-02T09:19:09.112423+00:00
[2024-04-02T09:19:09.153+0000] {processor.py:179} INFO - Processing /usr/local/python/3.10.13/lib/python3.10/site-packages/airflow/example_dags/example_task_group_decorator.py took 0.087 seconds
[2024-04-02T09:19:45.836+0000] {processor.py:157} INFO - Started process (PID=22872) to work on /usr/local/python/3.10.13/lib/python3.10/site-packages/airflow/example_dags/example_task_group_decorator.py
[2024-04-02T09:19:45.837+0000] {processor.py:826} INFO - Processing file /usr/local/python/3.10.13/lib/python3.10/site-packages/airflow/example_dags/example_task_group_decorator.py for tasks to queue
[2024-04-02T09:19:45.838+0000] {logging_mixin.py:150} INFO - [2024-04-02T09:19:45.838+0000] {dagbag.py:541} INFO - Filling up the DagBag from /usr/local/python/3.10.13/lib/python3.10/site-packages/airflow/example_dags/example_task_group_decorator.py
[2024-04-02T09:19:45.855+0000] {processor.py:836} INFO - DAG(s) dict_keys(['example_task_group_decorator']) retrieved from /usr/local/python/3.10.13/lib/python3.10/site-packages/airflow/example_dags/example_task_group_decorator.py
[2024-04-02T09:19:45.878+0000] {logging_mixin.py:150} INFO - [2024-04-02T09:19:45.878+0000] {dag.py:2742} INFO - Sync 1 DAGs
[2024-04-02T09:19:45.898+0000] {logging_mixin.py:150} INFO - [2024-04-02T09:19:45.898+0000] {dag.py:3504} INFO - Setting next_dagrun for example_task_group_decorator to 2024-04-01T09:19:45.898432+00:00, run_after=2024-04-02T09:19:45.898432+00:00
[2024-04-02T09:19:45.945+0000] {processor.py:179} INFO - Processing /usr/local/python/3.10.13/lib/python3.10/site-packages/airflow/example_dags/example_task_group_decorator.py took 0.112 seconds
[2024-04-02T09:20:39.046+0000] {processor.py:157} INFO - Started process (PID=23236) to work on /usr/local/python/3.10.13/lib/python3.10/site-packages/airflow/example_dags/example_task_group_decorator.py
[2024-04-02T09:20:39.047+0000] {processor.py:826} INFO - Processing file /usr/local/python/3.10.13/lib/python3.10/site-packages/airflow/example_dags/example_task_group_decorator.py for tasks to queue
[2024-04-02T09:20:39.053+0000] {logging_mixin.py:150} INFO - [2024-04-02T09:20:39.052+0000] {dagbag.py:541} INFO - Filling up the DagBag from /usr/local/python/3.10.13/lib/python3.10/site-packages/airflow/example_dags/example_task_group_decorator.py
[2024-04-02T09:20:39.079+0000] {processor.py:836} INFO - DAG(s) dict_keys(['example_task_group_decorator']) retrieved from /usr/local/python/3.10.13/lib/python3.10/site-packages/airflow/example_dags/example_task_group_decorator.py
[2024-04-02T09:20:39.111+0000] {logging_mixin.py:150} INFO - [2024-04-02T09:20:39.108+0000] {dag.py:2742} INFO - Sync 1 DAGs
[2024-04-02T09:20:39.139+0000] {logging_mixin.py:150} INFO - [2024-04-02T09:20:39.139+0000] {dag.py:3504} INFO - Setting next_dagrun for example_task_group_decorator to 2024-04-01T09:20:39.139252+00:00, run_after=2024-04-02T09:20:39.139252+00:00
[2024-04-02T09:20:39.186+0000] {processor.py:179} INFO - Processing /usr/local/python/3.10.13/lib/python3.10/site-packages/airflow/example_dags/example_task_group_decorator.py took 0.143 seconds
[2024-04-02T09:21:18.950+0000] {processor.py:157} INFO - Started process (PID=23507) to work on /usr/local/python/3.10.13/lib/python3.10/site-packages/airflow/example_dags/example_task_group_decorator.py
[2024-04-02T09:21:18.951+0000] {processor.py:826} INFO - Processing file /usr/local/python/3.10.13/lib/python3.10/site-packages/airflow/example_dags/example_task_group_decorator.py for tasks to queue
[2024-04-02T09:21:18.953+0000] {logging_mixin.py:150} INFO - [2024-04-02T09:21:18.952+0000] {dagbag.py:541} INFO - Filling up the DagBag from /usr/local/python/3.10.13/lib/python3.10/site-packages/airflow/example_dags/example_task_group_decorator.py
[2024-04-02T09:21:18.972+0000] {processor.py:836} INFO - DAG(s) dict_keys(['example_task_group_decorator']) retrieved from /usr/local/python/3.10.13/lib/python3.10/site-packages/airflow/example_dags/example_task_group_decorator.py
[2024-04-02T09:21:18.995+0000] {logging_mixin.py:150} INFO - [2024-04-02T09:21:18.995+0000] {dag.py:2742} INFO - Sync 1 DAGs
[2024-04-02T09:21:19.019+0000] {logging_mixin.py:150} INFO - [2024-04-02T09:21:19.018+0000] {dag.py:3504} INFO - Setting next_dagrun for example_task_group_decorator to 2024-04-01T09:21:19.018658+00:00, run_after=2024-04-02T09:21:19.018658+00:00
[2024-04-02T09:21:19.063+0000] {processor.py:179} INFO - Processing /usr/local/python/3.10.13/lib/python3.10/site-packages/airflow/example_dags/example_task_group_decorator.py took 0.116 seconds
[2024-04-02T09:21:55.866+0000] {processor.py:157} INFO - Started process (PID=23745) to work on /usr/local/python/3.10.13/lib/python3.10/site-packages/airflow/example_dags/example_task_group_decorator.py
[2024-04-02T09:21:55.867+0000] {processor.py:826} INFO - Processing file /usr/local/python/3.10.13/lib/python3.10/site-packages/airflow/example_dags/example_task_group_decorator.py for tasks to queue
[2024-04-02T09:21:55.867+0000] {logging_mixin.py:150} INFO - [2024-04-02T09:21:55.867+0000] {dagbag.py:541} INFO - Filling up the DagBag from /usr/local/python/3.10.13/lib/python3.10/site-packages/airflow/example_dags/example_task_group_decorator.py
[2024-04-02T09:21:55.885+0000] {processor.py:836} INFO - DAG(s) dict_keys(['example_task_group_decorator']) retrieved from /usr/local/python/3.10.13/lib/python3.10/site-packages/airflow/example_dags/example_task_group_decorator.py
[2024-04-02T09:21:55.900+0000] {logging_mixin.py:150} INFO - [2024-04-02T09:21:55.899+0000] {dag.py:2742} INFO - Sync 1 DAGs
[2024-04-02T09:21:55.915+0000] {logging_mixin.py:150} INFO - [2024-04-02T09:21:55.915+0000] {dag.py:3504} INFO - Setting next_dagrun for example_task_group_decorator to 2024-04-01T09:21:55.915412+00:00, run_after=2024-04-02T09:21:55.915412+00:00
[2024-04-02T09:21:55.953+0000] {processor.py:179} INFO - Processing /usr/local/python/3.10.13/lib/python3.10/site-packages/airflow/example_dags/example_task_group_decorator.py took 0.090 seconds
[2024-04-02T09:22:33.269+0000] {processor.py:157} INFO - Started process (PID=24002) to work on /usr/local/python/3.10.13/lib/python3.10/site-packages/airflow/example_dags/example_task_group_decorator.py
[2024-04-02T09:22:33.269+0000] {processor.py:826} INFO - Processing file /usr/local/python/3.10.13/lib/python3.10/site-packages/airflow/example_dags/example_task_group_decorator.py for tasks to queue
[2024-04-02T09:22:33.270+0000] {logging_mixin.py:150} INFO - [2024-04-02T09:22:33.270+0000] {dagbag.py:541} INFO - Filling up the DagBag from /usr/local/python/3.10.13/lib/python3.10/site-packages/airflow/example_dags/example_task_group_decorator.py
[2024-04-02T09:22:33.283+0000] {processor.py:836} INFO - DAG(s) dict_keys(['example_task_group_decorator']) retrieved from /usr/local/python/3.10.13/lib/python3.10/site-packages/airflow/example_dags/example_task_group_decorator.py
[2024-04-02T09:22:33.298+0000] {logging_mixin.py:150} INFO - [2024-04-02T09:22:33.298+0000] {dag.py:2742} INFO - Sync 1 DAGs
[2024-04-02T09:22:33.313+0000] {logging_mixin.py:150} INFO - [2024-04-02T09:22:33.313+0000] {dag.py:3504} INFO - Setting next_dagrun for example_task_group_decorator to 2024-04-01T09:22:33.313148+00:00, run_after=2024-04-02T09:22:33.313148+00:00
[2024-04-02T09:22:33.352+0000] {processor.py:179} INFO - Processing /usr/local/python/3.10.13/lib/python3.10/site-packages/airflow/example_dags/example_task_group_decorator.py took 0.085 seconds
[2024-04-02T09:23:13.759+0000] {processor.py:157} INFO - Started process (PID=24285) to work on /usr/local/python/3.10.13/lib/python3.10/site-packages/airflow/example_dags/example_task_group_decorator.py
[2024-04-02T09:23:13.760+0000] {processor.py:826} INFO - Processing file /usr/local/python/3.10.13/lib/python3.10/site-packages/airflow/example_dags/example_task_group_decorator.py for tasks to queue
[2024-04-02T09:23:13.761+0000] {logging_mixin.py:150} INFO - [2024-04-02T09:23:13.761+0000] {dagbag.py:541} INFO - Filling up the DagBag from /usr/local/python/3.10.13/lib/python3.10/site-packages/airflow/example_dags/example_task_group_decorator.py
[2024-04-02T09:23:13.773+0000] {processor.py:836} INFO - DAG(s) dict_keys(['example_task_group_decorator']) retrieved from /usr/local/python/3.10.13/lib/python3.10/site-packages/airflow/example_dags/example_task_group_decorator.py
[2024-04-02T09:23:13.795+0000] {logging_mixin.py:150} INFO - [2024-04-02T09:23:13.795+0000] {dag.py:2742} INFO - Sync 1 DAGs
[2024-04-02T09:23:13.819+0000] {logging_mixin.py:150} INFO - [2024-04-02T09:23:13.819+0000] {dag.py:3504} INFO - Setting next_dagrun for example_task_group_decorator to 2024-04-01T09:23:13.819054+00:00, run_after=2024-04-02T09:23:13.819054+00:00
[2024-04-02T09:23:13.866+0000] {processor.py:179} INFO - Processing /usr/local/python/3.10.13/lib/python3.10/site-packages/airflow/example_dags/example_task_group_decorator.py took 0.109 seconds
[2024-04-02T09:23:51.913+0000] {processor.py:157} INFO - Started process (PID=24549) to work on /usr/local/python/3.10.13/lib/python3.10/site-packages/airflow/example_dags/example_task_group_decorator.py
[2024-04-02T09:23:51.914+0000] {processor.py:826} INFO - Processing file /usr/local/python/3.10.13/lib/python3.10/site-packages/airflow/example_dags/example_task_group_decorator.py for tasks to queue
[2024-04-02T09:23:51.914+0000] {logging_mixin.py:150} INFO - [2024-04-02T09:23:51.914+0000] {dagbag.py:541} INFO - Filling up the DagBag from /usr/local/python/3.10.13/lib/python3.10/site-packages/airflow/example_dags/example_task_group_decorator.py
[2024-04-02T09:23:51.927+0000] {processor.py:836} INFO - DAG(s) dict_keys(['example_task_group_decorator']) retrieved from /usr/local/python/3.10.13/lib/python3.10/site-packages/airflow/example_dags/example_task_group_decorator.py
[2024-04-02T09:23:51.943+0000] {logging_mixin.py:150} INFO - [2024-04-02T09:23:51.943+0000] {dag.py:2742} INFO - Sync 1 DAGs
[2024-04-02T09:23:51.958+0000] {logging_mixin.py:150} INFO - [2024-04-02T09:23:51.958+0000] {dag.py:3504} INFO - Setting next_dagrun for example_task_group_decorator to 2024-04-01T09:23:51.958411+00:00, run_after=2024-04-02T09:23:51.958411+00:00
[2024-04-02T09:23:51.999+0000] {processor.py:179} INFO - Processing /usr/local/python/3.10.13/lib/python3.10/site-packages/airflow/example_dags/example_task_group_decorator.py took 0.089 seconds
[2024-04-02T09:24:34.441+0000] {processor.py:157} INFO - Started process (PID=24863) to work on /usr/local/python/3.10.13/lib/python3.10/site-packages/airflow/example_dags/example_task_group_decorator.py
[2024-04-02T09:24:34.442+0000] {processor.py:826} INFO - Processing file /usr/local/python/3.10.13/lib/python3.10/site-packages/airflow/example_dags/example_task_group_decorator.py for tasks to queue
[2024-04-02T09:24:34.443+0000] {logging_mixin.py:150} INFO - [2024-04-02T09:24:34.442+0000] {dagbag.py:541} INFO - Filling up the DagBag from /usr/local/python/3.10.13/lib/python3.10/site-packages/airflow/example_dags/example_task_group_decorator.py
[2024-04-02T09:24:34.461+0000] {processor.py:836} INFO - DAG(s) dict_keys(['example_task_group_decorator']) retrieved from /usr/local/python/3.10.13/lib/python3.10/site-packages/airflow/example_dags/example_task_group_decorator.py
[2024-04-02T09:24:34.478+0000] {logging_mixin.py:150} INFO - [2024-04-02T09:24:34.478+0000] {dag.py:2742} INFO - Sync 1 DAGs
[2024-04-02T09:24:34.494+0000] {logging_mixin.py:150} INFO - [2024-04-02T09:24:34.493+0000] {dag.py:3504} INFO - Setting next_dagrun for example_task_group_decorator to 2024-04-01T09:24:34.493757+00:00, run_after=2024-04-02T09:24:34.493757+00:00
[2024-04-02T09:24:34.533+0000] {processor.py:179} INFO - Processing /usr/local/python/3.10.13/lib/python3.10/site-packages/airflow/example_dags/example_task_group_decorator.py took 0.095 seconds
[2024-04-02T09:25:14.894+0000] {processor.py:157} INFO - Started process (PID=25136) to work on /usr/local/python/3.10.13/lib/python3.10/site-packages/airflow/example_dags/example_task_group_decorator.py
[2024-04-02T09:25:14.894+0000] {processor.py:826} INFO - Processing file /usr/local/python/3.10.13/lib/python3.10/site-packages/airflow/example_dags/example_task_group_decorator.py for tasks to queue
[2024-04-02T09:25:14.895+0000] {logging_mixin.py:150} INFO - [2024-04-02T09:25:14.895+0000] {dagbag.py:541} INFO - Filling up the DagBag from /usr/local/python/3.10.13/lib/python3.10/site-packages/airflow/example_dags/example_task_group_decorator.py
[2024-04-02T09:25:14.907+0000] {processor.py:836} INFO - DAG(s) dict_keys(['example_task_group_decorator']) retrieved from /usr/local/python/3.10.13/lib/python3.10/site-packages/airflow/example_dags/example_task_group_decorator.py
[2024-04-02T09:25:14.922+0000] {logging_mixin.py:150} INFO - [2024-04-02T09:25:14.922+0000] {dag.py:2742} INFO - Sync 1 DAGs
[2024-04-02T09:25:14.937+0000] {logging_mixin.py:150} INFO - [2024-04-02T09:25:14.937+0000] {dag.py:3504} INFO - Setting next_dagrun for example_task_group_decorator to 2024-04-01T09:25:14.937203+00:00, run_after=2024-04-02T09:25:14.937203+00:00
[2024-04-02T09:25:14.975+0000] {processor.py:179} INFO - Processing /usr/local/python/3.10.13/lib/python3.10/site-packages/airflow/example_dags/example_task_group_decorator.py took 0.084 seconds
[2024-04-02T09:25:58.675+0000] {processor.py:157} INFO - Started process (PID=25425) to work on /usr/local/python/3.10.13/lib/python3.10/site-packages/airflow/example_dags/example_task_group_decorator.py
[2024-04-02T09:25:58.676+0000] {processor.py:826} INFO - Processing file /usr/local/python/3.10.13/lib/python3.10/site-packages/airflow/example_dags/example_task_group_decorator.py for tasks to queue
[2024-04-02T09:25:58.677+0000] {logging_mixin.py:150} INFO - [2024-04-02T09:25:58.677+0000] {dagbag.py:541} INFO - Filling up the DagBag from /usr/local/python/3.10.13/lib/python3.10/site-packages/airflow/example_dags/example_task_group_decorator.py
[2024-04-02T09:25:58.715+0000] {processor.py:836} INFO - DAG(s) dict_keys(['example_task_group_decorator']) retrieved from /usr/local/python/3.10.13/lib/python3.10/site-packages/airflow/example_dags/example_task_group_decorator.py
[2024-04-02T09:25:58.740+0000] {logging_mixin.py:150} INFO - [2024-04-02T09:25:58.739+0000] {dag.py:2742} INFO - Sync 1 DAGs
[2024-04-02T09:25:58.764+0000] {logging_mixin.py:150} INFO - [2024-04-02T09:25:58.763+0000] {dag.py:3504} INFO - Setting next_dagrun for example_task_group_decorator to 2024-04-01T09:25:58.763713+00:00, run_after=2024-04-02T09:25:58.763713+00:00
[2024-04-02T09:25:58.812+0000] {processor.py:179} INFO - Processing /usr/local/python/3.10.13/lib/python3.10/site-packages/airflow/example_dags/example_task_group_decorator.py took 0.148 seconds
[2024-04-02T09:26:41.088+0000] {processor.py:157} INFO - Started process (PID=25709) to work on /usr/local/python/3.10.13/lib/python3.10/site-packages/airflow/example_dags/example_task_group_decorator.py
[2024-04-02T09:26:41.089+0000] {processor.py:826} INFO - Processing file /usr/local/python/3.10.13/lib/python3.10/site-packages/airflow/example_dags/example_task_group_decorator.py for tasks to queue
[2024-04-02T09:26:41.090+0000] {logging_mixin.py:150} INFO - [2024-04-02T09:26:41.090+0000] {dagbag.py:541} INFO - Filling up the DagBag from /usr/local/python/3.10.13/lib/python3.10/site-packages/airflow/example_dags/example_task_group_decorator.py
[2024-04-02T09:26:41.102+0000] {processor.py:836} INFO - DAG(s) dict_keys(['example_task_group_decorator']) retrieved from /usr/local/python/3.10.13/lib/python3.10/site-packages/airflow/example_dags/example_task_group_decorator.py
[2024-04-02T09:26:41.117+0000] {logging_mixin.py:150} INFO - [2024-04-02T09:26:41.117+0000] {dag.py:2742} INFO - Sync 1 DAGs
[2024-04-02T09:26:41.216+0000] {logging_mixin.py:150} INFO - [2024-04-02T09:26:41.216+0000] {dag.py:3504} INFO - Setting next_dagrun for example_task_group_decorator to 2024-04-01T09:26:41.216097+00:00, run_after=2024-04-02T09:26:41.216097+00:00
[2024-04-02T09:26:41.255+0000] {processor.py:179} INFO - Processing /usr/local/python/3.10.13/lib/python3.10/site-packages/airflow/example_dags/example_task_group_decorator.py took 0.170 seconds
[2024-04-02T09:27:20.377+0000] {processor.py:157} INFO - Started process (PID=25980) to work on /usr/local/python/3.10.13/lib/python3.10/site-packages/airflow/example_dags/example_task_group_decorator.py
[2024-04-02T09:27:20.378+0000] {processor.py:826} INFO - Processing file /usr/local/python/3.10.13/lib/python3.10/site-packages/airflow/example_dags/example_task_group_decorator.py for tasks to queue
[2024-04-02T09:27:20.379+0000] {logging_mixin.py:150} INFO - [2024-04-02T09:27:20.378+0000] {dagbag.py:541} INFO - Filling up the DagBag from /usr/local/python/3.10.13/lib/python3.10/site-packages/airflow/example_dags/example_task_group_decorator.py
[2024-04-02T09:27:20.391+0000] {processor.py:836} INFO - DAG(s) dict_keys(['example_task_group_decorator']) retrieved from /usr/local/python/3.10.13/lib/python3.10/site-packages/airflow/example_dags/example_task_group_decorator.py
[2024-04-02T09:27:20.413+0000] {logging_mixin.py:150} INFO - [2024-04-02T09:27:20.413+0000] {dag.py:2742} INFO - Sync 1 DAGs
[2024-04-02T09:27:20.430+0000] {logging_mixin.py:150} INFO - [2024-04-02T09:27:20.430+0000] {dag.py:3504} INFO - Setting next_dagrun for example_task_group_decorator to 2024-04-01T09:27:20.429904+00:00, run_after=2024-04-02T09:27:20.429904+00:00
[2024-04-02T09:27:20.477+0000] {processor.py:179} INFO - Processing /usr/local/python/3.10.13/lib/python3.10/site-packages/airflow/example_dags/example_task_group_decorator.py took 0.102 seconds
[2024-04-02T09:28:00.935+0000] {processor.py:157} INFO - Started process (PID=26252) to work on /usr/local/python/3.10.13/lib/python3.10/site-packages/airflow/example_dags/example_task_group_decorator.py
[2024-04-02T09:28:00.936+0000] {processor.py:826} INFO - Processing file /usr/local/python/3.10.13/lib/python3.10/site-packages/airflow/example_dags/example_task_group_decorator.py for tasks to queue
[2024-04-02T09:28:00.937+0000] {logging_mixin.py:150} INFO - [2024-04-02T09:28:00.937+0000] {dagbag.py:541} INFO - Filling up the DagBag from /usr/local/python/3.10.13/lib/python3.10/site-packages/airflow/example_dags/example_task_group_decorator.py
[2024-04-02T09:28:00.957+0000] {processor.py:836} INFO - DAG(s) dict_keys(['example_task_group_decorator']) retrieved from /usr/local/python/3.10.13/lib/python3.10/site-packages/airflow/example_dags/example_task_group_decorator.py
[2024-04-02T09:28:00.996+0000] {logging_mixin.py:150} INFO - [2024-04-02T09:28:00.995+0000] {dag.py:2742} INFO - Sync 1 DAGs
[2024-04-02T09:28:01.132+0000] {logging_mixin.py:150} INFO - [2024-04-02T09:28:01.131+0000] {dag.py:3504} INFO - Setting next_dagrun for example_task_group_decorator to 2024-04-01T09:28:01.131672+00:00, run_after=2024-04-02T09:28:01.131672+00:00
[2024-04-02T09:28:01.181+0000] {processor.py:179} INFO - Processing /usr/local/python/3.10.13/lib/python3.10/site-packages/airflow/example_dags/example_task_group_decorator.py took 0.250 seconds
[2024-04-02T09:28:43.369+0000] {processor.py:157} INFO - Started process (PID=26537) to work on /usr/local/python/3.10.13/lib/python3.10/site-packages/airflow/example_dags/example_task_group_decorator.py
[2024-04-02T09:28:43.369+0000] {processor.py:826} INFO - Processing file /usr/local/python/3.10.13/lib/python3.10/site-packages/airflow/example_dags/example_task_group_decorator.py for tasks to queue
[2024-04-02T09:28:43.370+0000] {logging_mixin.py:150} INFO - [2024-04-02T09:28:43.370+0000] {dagbag.py:541} INFO - Filling up the DagBag from /usr/local/python/3.10.13/lib/python3.10/site-packages/airflow/example_dags/example_task_group_decorator.py
[2024-04-02T09:28:43.383+0000] {processor.py:836} INFO - DAG(s) dict_keys(['example_task_group_decorator']) retrieved from /usr/local/python/3.10.13/lib/python3.10/site-packages/airflow/example_dags/example_task_group_decorator.py
[2024-04-02T09:28:43.398+0000] {logging_mixin.py:150} INFO - [2024-04-02T09:28:43.398+0000] {dag.py:2742} INFO - Sync 1 DAGs
[2024-04-02T09:28:43.413+0000] {logging_mixin.py:150} INFO - [2024-04-02T09:28:43.413+0000] {dag.py:3504} INFO - Setting next_dagrun for example_task_group_decorator to 2024-04-01T09:28:43.413143+00:00, run_after=2024-04-02T09:28:43.413143+00:00
[2024-04-02T09:28:43.454+0000] {processor.py:179} INFO - Processing /usr/local/python/3.10.13/lib/python3.10/site-packages/airflow/example_dags/example_task_group_decorator.py took 0.088 seconds
[2024-04-02T09:29:24.506+0000] {processor.py:157} INFO - Started process (PID=26815) to work on /usr/local/python/3.10.13/lib/python3.10/site-packages/airflow/example_dags/example_task_group_decorator.py
[2024-04-02T09:29:24.507+0000] {processor.py:826} INFO - Processing file /usr/local/python/3.10.13/lib/python3.10/site-packages/airflow/example_dags/example_task_group_decorator.py for tasks to queue
[2024-04-02T09:29:24.508+0000] {logging_mixin.py:150} INFO - [2024-04-02T09:29:24.508+0000] {dagbag.py:541} INFO - Filling up the DagBag from /usr/local/python/3.10.13/lib/python3.10/site-packages/airflow/example_dags/example_task_group_decorator.py
[2024-04-02T09:29:24.526+0000] {processor.py:836} INFO - DAG(s) dict_keys(['example_task_group_decorator']) retrieved from /usr/local/python/3.10.13/lib/python3.10/site-packages/airflow/example_dags/example_task_group_decorator.py
[2024-04-02T09:29:24.551+0000] {logging_mixin.py:150} INFO - [2024-04-02T09:29:24.550+0000] {dag.py:2742} INFO - Sync 1 DAGs
[2024-04-02T09:29:24.573+0000] {logging_mixin.py:150} INFO - [2024-04-02T09:29:24.573+0000] {dag.py:3504} INFO - Setting next_dagrun for example_task_group_decorator to 2024-04-01T09:29:24.573531+00:00, run_after=2024-04-02T09:29:24.573531+00:00
[2024-04-02T09:29:24.618+0000] {processor.py:179} INFO - Processing /usr/local/python/3.10.13/lib/python3.10/site-packages/airflow/example_dags/example_task_group_decorator.py took 0.115 seconds
[2024-04-02T09:29:59.837+0000] {processor.py:157} INFO - Started process (PID=27119) to work on /usr/local/python/3.10.13/lib/python3.10/site-packages/airflow/example_dags/example_task_group_decorator.py
[2024-04-02T09:29:59.838+0000] {processor.py:826} INFO - Processing file /usr/local/python/3.10.13/lib/python3.10/site-packages/airflow/example_dags/example_task_group_decorator.py for tasks to queue
[2024-04-02T09:29:59.839+0000] {logging_mixin.py:150} INFO - [2024-04-02T09:29:59.838+0000] {dagbag.py:541} INFO - Filling up the DagBag from /usr/local/python/3.10.13/lib/python3.10/site-packages/airflow/example_dags/example_task_group_decorator.py
[2024-04-02T09:29:59.851+0000] {processor.py:836} INFO - DAG(s) dict_keys(['example_task_group_decorator']) retrieved from /usr/local/python/3.10.13/lib/python3.10/site-packages/airflow/example_dags/example_task_group_decorator.py
[2024-04-02T09:29:59.865+0000] {logging_mixin.py:150} INFO - [2024-04-02T09:29:59.865+0000] {dag.py:2742} INFO - Sync 1 DAGs
[2024-04-02T09:29:59.880+0000] {logging_mixin.py:150} INFO - [2024-04-02T09:29:59.880+0000] {dag.py:3504} INFO - Setting next_dagrun for example_task_group_decorator to 2024-04-01T09:29:59.880528+00:00, run_after=2024-04-02T09:29:59.880528+00:00
[2024-04-02T09:29:59.944+0000] {processor.py:179} INFO - Processing /usr/local/python/3.10.13/lib/python3.10/site-packages/airflow/example_dags/example_task_group_decorator.py took 0.109 seconds
[2024-04-02T09:30:53.690+0000] {processor.py:157} INFO - Started process (PID=27478) to work on /usr/local/python/3.10.13/lib/python3.10/site-packages/airflow/example_dags/example_task_group_decorator.py
[2024-04-02T09:30:53.690+0000] {processor.py:826} INFO - Processing file /usr/local/python/3.10.13/lib/python3.10/site-packages/airflow/example_dags/example_task_group_decorator.py for tasks to queue
[2024-04-02T09:30:53.691+0000] {logging_mixin.py:150} INFO - [2024-04-02T09:30:53.691+0000] {dagbag.py:541} INFO - Filling up the DagBag from /usr/local/python/3.10.13/lib/python3.10/site-packages/airflow/example_dags/example_task_group_decorator.py
[2024-04-02T09:30:53.703+0000] {processor.py:836} INFO - DAG(s) dict_keys(['example_task_group_decorator']) retrieved from /usr/local/python/3.10.13/lib/python3.10/site-packages/airflow/example_dags/example_task_group_decorator.py
[2024-04-02T09:30:53.718+0000] {logging_mixin.py:150} INFO - [2024-04-02T09:30:53.718+0000] {dag.py:2742} INFO - Sync 1 DAGs
[2024-04-02T09:30:53.733+0000] {logging_mixin.py:150} INFO - [2024-04-02T09:30:53.733+0000] {dag.py:3504} INFO - Setting next_dagrun for example_task_group_decorator to 2024-04-01T09:30:53.733611+00:00, run_after=2024-04-02T09:30:53.733611+00:00
[2024-04-02T09:30:53.775+0000] {processor.py:179} INFO - Processing /usr/local/python/3.10.13/lib/python3.10/site-packages/airflow/example_dags/example_task_group_decorator.py took 0.088 seconds
[2024-04-02T09:31:34.443+0000] {processor.py:157} INFO - Started process (PID=27764) to work on /usr/local/python/3.10.13/lib/python3.10/site-packages/airflow/example_dags/example_task_group_decorator.py
[2024-04-02T09:31:34.444+0000] {processor.py:826} INFO - Processing file /usr/local/python/3.10.13/lib/python3.10/site-packages/airflow/example_dags/example_task_group_decorator.py for tasks to queue
[2024-04-02T09:31:34.445+0000] {logging_mixin.py:150} INFO - [2024-04-02T09:31:34.444+0000] {dagbag.py:541} INFO - Filling up the DagBag from /usr/local/python/3.10.13/lib/python3.10/site-packages/airflow/example_dags/example_task_group_decorator.py
[2024-04-02T09:31:34.463+0000] {processor.py:836} INFO - DAG(s) dict_keys(['example_task_group_decorator']) retrieved from /usr/local/python/3.10.13/lib/python3.10/site-packages/airflow/example_dags/example_task_group_decorator.py
[2024-04-02T09:31:34.479+0000] {logging_mixin.py:150} INFO - [2024-04-02T09:31:34.478+0000] {dag.py:2742} INFO - Sync 1 DAGs
[2024-04-02T09:31:34.494+0000] {logging_mixin.py:150} INFO - [2024-04-02T09:31:34.494+0000] {dag.py:3504} INFO - Setting next_dagrun for example_task_group_decorator to 2024-04-01T09:31:34.493857+00:00, run_after=2024-04-02T09:31:34.493857+00:00
[2024-04-02T09:31:34.535+0000] {processor.py:179} INFO - Processing /usr/local/python/3.10.13/lib/python3.10/site-packages/airflow/example_dags/example_task_group_decorator.py took 0.096 seconds
[2024-04-02T09:32:12.872+0000] {processor.py:157} INFO - Started process (PID=28029) to work on /usr/local/python/3.10.13/lib/python3.10/site-packages/airflow/example_dags/example_task_group_decorator.py
[2024-04-02T09:32:12.873+0000] {processor.py:826} INFO - Processing file /usr/local/python/3.10.13/lib/python3.10/site-packages/airflow/example_dags/example_task_group_decorator.py for tasks to queue
[2024-04-02T09:32:12.874+0000] {logging_mixin.py:150} INFO - [2024-04-02T09:32:12.874+0000] {dagbag.py:541} INFO - Filling up the DagBag from /usr/local/python/3.10.13/lib/python3.10/site-packages/airflow/example_dags/example_task_group_decorator.py
[2024-04-02T09:32:12.887+0000] {processor.py:836} INFO - DAG(s) dict_keys(['example_task_group_decorator']) retrieved from /usr/local/python/3.10.13/lib/python3.10/site-packages/airflow/example_dags/example_task_group_decorator.py
[2024-04-02T09:32:12.901+0000] {logging_mixin.py:150} INFO - [2024-04-02T09:32:12.901+0000] {dag.py:2742} INFO - Sync 1 DAGs
[2024-04-02T09:32:12.916+0000] {logging_mixin.py:150} INFO - [2024-04-02T09:32:12.916+0000] {dag.py:3504} INFO - Setting next_dagrun for example_task_group_decorator to 2024-04-01T09:32:12.916580+00:00, run_after=2024-04-02T09:32:12.916580+00:00
[2024-04-02T09:32:12.958+0000] {processor.py:179} INFO - Processing /usr/local/python/3.10.13/lib/python3.10/site-packages/airflow/example_dags/example_task_group_decorator.py took 0.088 seconds
[2024-04-02T09:32:53.247+0000] {processor.py:157} INFO - Started process (PID=28302) to work on /usr/local/python/3.10.13/lib/python3.10/site-packages/airflow/example_dags/example_task_group_decorator.py
[2024-04-02T09:32:53.248+0000] {processor.py:826} INFO - Processing file /usr/local/python/3.10.13/lib/python3.10/site-packages/airflow/example_dags/example_task_group_decorator.py for tasks to queue
[2024-04-02T09:32:53.250+0000] {logging_mixin.py:150} INFO - [2024-04-02T09:32:53.249+0000] {dagbag.py:541} INFO - Filling up the DagBag from /usr/local/python/3.10.13/lib/python3.10/site-packages/airflow/example_dags/example_task_group_decorator.py
[2024-04-02T09:32:53.272+0000] {processor.py:836} INFO - DAG(s) dict_keys(['example_task_group_decorator']) retrieved from /usr/local/python/3.10.13/lib/python3.10/site-packages/airflow/example_dags/example_task_group_decorator.py
[2024-04-02T09:32:53.300+0000] {logging_mixin.py:150} INFO - [2024-04-02T09:32:53.299+0000] {dag.py:2742} INFO - Sync 1 DAGs
[2024-04-02T09:32:53.326+0000] {logging_mixin.py:150} INFO - [2024-04-02T09:32:53.325+0000] {dag.py:3504} INFO - Setting next_dagrun for example_task_group_decorator to 2024-04-01T09:32:53.325535+00:00, run_after=2024-04-02T09:32:53.325535+00:00
[2024-04-02T09:32:53.382+0000] {processor.py:179} INFO - Processing /usr/local/python/3.10.13/lib/python3.10/site-packages/airflow/example_dags/example_task_group_decorator.py took 0.145 seconds
[2024-04-02T09:33:31.602+0000] {processor.py:157} INFO - Started process (PID=28551) to work on /usr/local/python/3.10.13/lib/python3.10/site-packages/airflow/example_dags/example_task_group_decorator.py
[2024-04-02T09:33:31.603+0000] {processor.py:826} INFO - Processing file /usr/local/python/3.10.13/lib/python3.10/site-packages/airflow/example_dags/example_task_group_decorator.py for tasks to queue
[2024-04-02T09:33:31.603+0000] {logging_mixin.py:150} INFO - [2024-04-02T09:33:31.603+0000] {dagbag.py:541} INFO - Filling up the DagBag from /usr/local/python/3.10.13/lib/python3.10/site-packages/airflow/example_dags/example_task_group_decorator.py
[2024-04-02T09:33:31.618+0000] {processor.py:836} INFO - DAG(s) dict_keys(['example_task_group_decorator']) retrieved from /usr/local/python/3.10.13/lib/python3.10/site-packages/airflow/example_dags/example_task_group_decorator.py
[2024-04-02T09:33:31.640+0000] {logging_mixin.py:150} INFO - [2024-04-02T09:33:31.640+0000] {dag.py:2742} INFO - Sync 1 DAGs
[2024-04-02T09:33:31.664+0000] {logging_mixin.py:150} INFO - [2024-04-02T09:33:31.663+0000] {dag.py:3504} INFO - Setting next_dagrun for example_task_group_decorator to 2024-04-01T09:33:31.663651+00:00, run_after=2024-04-02T09:33:31.663651+00:00
[2024-04-02T09:33:31.715+0000] {processor.py:179} INFO - Processing /usr/local/python/3.10.13/lib/python3.10/site-packages/airflow/example_dags/example_task_group_decorator.py took 0.115 seconds
[2024-04-02T09:34:10.026+0000] {processor.py:157} INFO - Started process (PID=28811) to work on /usr/local/python/3.10.13/lib/python3.10/site-packages/airflow/example_dags/example_task_group_decorator.py
[2024-04-02T09:34:10.027+0000] {processor.py:826} INFO - Processing file /usr/local/python/3.10.13/lib/python3.10/site-packages/airflow/example_dags/example_task_group_decorator.py for tasks to queue
[2024-04-02T09:34:10.028+0000] {logging_mixin.py:150} INFO - [2024-04-02T09:34:10.027+0000] {dagbag.py:541} INFO - Filling up the DagBag from /usr/local/python/3.10.13/lib/python3.10/site-packages/airflow/example_dags/example_task_group_decorator.py
[2024-04-02T09:34:10.040+0000] {processor.py:836} INFO - DAG(s) dict_keys(['example_task_group_decorator']) retrieved from /usr/local/python/3.10.13/lib/python3.10/site-packages/airflow/example_dags/example_task_group_decorator.py
[2024-04-02T09:34:10.055+0000] {logging_mixin.py:150} INFO - [2024-04-02T09:34:10.055+0000] {dag.py:2742} INFO - Sync 1 DAGs
[2024-04-02T09:34:10.071+0000] {logging_mixin.py:150} INFO - [2024-04-02T09:34:10.071+0000] {dag.py:3504} INFO - Setting next_dagrun for example_task_group_decorator to 2024-04-01T09:34:10.070978+00:00, run_after=2024-04-02T09:34:10.070978+00:00
[2024-04-02T09:34:10.115+0000] {processor.py:179} INFO - Processing /usr/local/python/3.10.13/lib/python3.10/site-packages/airflow/example_dags/example_task_group_decorator.py took 0.091 seconds
[2024-04-02T09:34:48.882+0000] {processor.py:157} INFO - Started process (PID=29108) to work on /usr/local/python/3.10.13/lib/python3.10/site-packages/airflow/example_dags/example_task_group_decorator.py
[2024-04-02T09:34:48.882+0000] {processor.py:826} INFO - Processing file /usr/local/python/3.10.13/lib/python3.10/site-packages/airflow/example_dags/example_task_group_decorator.py for tasks to queue
[2024-04-02T09:34:48.883+0000] {logging_mixin.py:150} INFO - [2024-04-02T09:34:48.883+0000] {dagbag.py:541} INFO - Filling up the DagBag from /usr/local/python/3.10.13/lib/python3.10/site-packages/airflow/example_dags/example_task_group_decorator.py
[2024-04-02T09:34:48.895+0000] {processor.py:836} INFO - DAG(s) dict_keys(['example_task_group_decorator']) retrieved from /usr/local/python/3.10.13/lib/python3.10/site-packages/airflow/example_dags/example_task_group_decorator.py
[2024-04-02T09:34:48.910+0000] {logging_mixin.py:150} INFO - [2024-04-02T09:34:48.910+0000] {dag.py:2742} INFO - Sync 1 DAGs
[2024-04-02T09:34:48.925+0000] {logging_mixin.py:150} INFO - [2024-04-02T09:34:48.925+0000] {dag.py:3504} INFO - Setting next_dagrun for example_task_group_decorator to 2024-04-01T09:34:48.925442+00:00, run_after=2024-04-02T09:34:48.925442+00:00
[2024-04-02T09:34:48.967+0000] {processor.py:179} INFO - Processing /usr/local/python/3.10.13/lib/python3.10/site-packages/airflow/example_dags/example_task_group_decorator.py took 0.087 seconds
[2024-04-02T09:35:28.184+0000] {processor.py:157} INFO - Started process (PID=29381) to work on /usr/local/python/3.10.13/lib/python3.10/site-packages/airflow/example_dags/example_task_group_decorator.py
[2024-04-02T09:35:28.184+0000] {processor.py:826} INFO - Processing file /usr/local/python/3.10.13/lib/python3.10/site-packages/airflow/example_dags/example_task_group_decorator.py for tasks to queue
[2024-04-02T09:35:28.185+0000] {logging_mixin.py:150} INFO - [2024-04-02T09:35:28.185+0000] {dagbag.py:541} INFO - Filling up the DagBag from /usr/local/python/3.10.13/lib/python3.10/site-packages/airflow/example_dags/example_task_group_decorator.py
[2024-04-02T09:35:28.203+0000] {processor.py:836} INFO - DAG(s) dict_keys(['example_task_group_decorator']) retrieved from /usr/local/python/3.10.13/lib/python3.10/site-packages/airflow/example_dags/example_task_group_decorator.py
[2024-04-02T09:35:28.220+0000] {logging_mixin.py:150} INFO - [2024-04-02T09:35:28.220+0000] {dag.py:2742} INFO - Sync 1 DAGs
[2024-04-02T09:35:28.237+0000] {logging_mixin.py:150} INFO - [2024-04-02T09:35:28.237+0000] {dag.py:3504} INFO - Setting next_dagrun for example_task_group_decorator to 2024-04-01T09:35:28.236824+00:00, run_after=2024-04-02T09:35:28.236824+00:00
[2024-04-02T09:35:28.279+0000] {processor.py:179} INFO - Processing /usr/local/python/3.10.13/lib/python3.10/site-packages/airflow/example_dags/example_task_group_decorator.py took 0.098 seconds
[2024-04-02T09:36:17.714+0000] {processor.py:157} INFO - Started process (PID=29725) to work on /usr/local/python/3.10.13/lib/python3.10/site-packages/airflow/example_dags/example_task_group_decorator.py
[2024-04-02T09:36:17.715+0000] {processor.py:826} INFO - Processing file /usr/local/python/3.10.13/lib/python3.10/site-packages/airflow/example_dags/example_task_group_decorator.py for tasks to queue
[2024-04-02T09:36:17.716+0000] {logging_mixin.py:150} INFO - [2024-04-02T09:36:17.716+0000] {dagbag.py:541} INFO - Filling up the DagBag from /usr/local/python/3.10.13/lib/python3.10/site-packages/airflow/example_dags/example_task_group_decorator.py
[2024-04-02T09:36:17.738+0000] {processor.py:836} INFO - DAG(s) dict_keys(['example_task_group_decorator']) retrieved from /usr/local/python/3.10.13/lib/python3.10/site-packages/airflow/example_dags/example_task_group_decorator.py
[2024-04-02T09:36:17.763+0000] {logging_mixin.py:150} INFO - [2024-04-02T09:36:17.762+0000] {dag.py:2742} INFO - Sync 1 DAGs
[2024-04-02T09:36:17.818+0000] {logging_mixin.py:150} INFO - [2024-04-02T09:36:17.818+0000] {dag.py:3504} INFO - Setting next_dagrun for example_task_group_decorator to 2024-04-01T09:36:17.818309+00:00, run_after=2024-04-02T09:36:17.818309+00:00
[2024-04-02T09:36:17.874+0000] {processor.py:179} INFO - Processing /usr/local/python/3.10.13/lib/python3.10/site-packages/airflow/example_dags/example_task_group_decorator.py took 0.164 seconds
[2024-04-02T09:36:56.587+0000] {processor.py:157} INFO - Started process (PID=29977) to work on /usr/local/python/3.10.13/lib/python3.10/site-packages/airflow/example_dags/example_task_group_decorator.py
[2024-04-02T09:36:56.587+0000] {processor.py:826} INFO - Processing file /usr/local/python/3.10.13/lib/python3.10/site-packages/airflow/example_dags/example_task_group_decorator.py for tasks to queue
[2024-04-02T09:36:56.588+0000] {logging_mixin.py:150} INFO - [2024-04-02T09:36:56.588+0000] {dagbag.py:541} INFO - Filling up the DagBag from /usr/local/python/3.10.13/lib/python3.10/site-packages/airflow/example_dags/example_task_group_decorator.py
[2024-04-02T09:36:56.600+0000] {processor.py:836} INFO - DAG(s) dict_keys(['example_task_group_decorator']) retrieved from /usr/local/python/3.10.13/lib/python3.10/site-packages/airflow/example_dags/example_task_group_decorator.py
[2024-04-02T09:36:56.615+0000] {logging_mixin.py:150} INFO - [2024-04-02T09:36:56.615+0000] {dag.py:2742} INFO - Sync 1 DAGs
[2024-04-02T09:36:56.631+0000] {logging_mixin.py:150} INFO - [2024-04-02T09:36:56.631+0000] {dag.py:3504} INFO - Setting next_dagrun for example_task_group_decorator to 2024-04-01T09:36:56.631405+00:00, run_after=2024-04-02T09:36:56.631405+00:00
[2024-04-02T09:36:56.675+0000] {processor.py:179} INFO - Processing /usr/local/python/3.10.13/lib/python3.10/site-packages/airflow/example_dags/example_task_group_decorator.py took 0.091 seconds
[2024-04-02T09:37:33.813+0000] {processor.py:157} INFO - Started process (PID=30236) to work on /usr/local/python/3.10.13/lib/python3.10/site-packages/airflow/example_dags/example_task_group_decorator.py
[2024-04-02T09:37:33.814+0000] {processor.py:826} INFO - Processing file /usr/local/python/3.10.13/lib/python3.10/site-packages/airflow/example_dags/example_task_group_decorator.py for tasks to queue
[2024-04-02T09:37:33.814+0000] {logging_mixin.py:150} INFO - [2024-04-02T09:37:33.814+0000] {dagbag.py:541} INFO - Filling up the DagBag from /usr/local/python/3.10.13/lib/python3.10/site-packages/airflow/example_dags/example_task_group_decorator.py
[2024-04-02T09:37:33.826+0000] {processor.py:836} INFO - DAG(s) dict_keys(['example_task_group_decorator']) retrieved from /usr/local/python/3.10.13/lib/python3.10/site-packages/airflow/example_dags/example_task_group_decorator.py
[2024-04-02T09:37:33.841+0000] {logging_mixin.py:150} INFO - [2024-04-02T09:37:33.840+0000] {dag.py:2742} INFO - Sync 1 DAGs
[2024-04-02T09:37:33.856+0000] {logging_mixin.py:150} INFO - [2024-04-02T09:37:33.856+0000] {dag.py:3504} INFO - Setting next_dagrun for example_task_group_decorator to 2024-04-01T09:37:33.855881+00:00, run_after=2024-04-02T09:37:33.855881+00:00
[2024-04-02T09:37:33.897+0000] {processor.py:179} INFO - Processing /usr/local/python/3.10.13/lib/python3.10/site-packages/airflow/example_dags/example_task_group_decorator.py took 0.086 seconds
[2024-04-02T09:38:12.184+0000] {processor.py:157} INFO - Started process (PID=30503) to work on /usr/local/python/3.10.13/lib/python3.10/site-packages/airflow/example_dags/example_task_group_decorator.py
[2024-04-02T09:38:12.185+0000] {processor.py:826} INFO - Processing file /usr/local/python/3.10.13/lib/python3.10/site-packages/airflow/example_dags/example_task_group_decorator.py for tasks to queue
[2024-04-02T09:38:12.185+0000] {logging_mixin.py:150} INFO - [2024-04-02T09:38:12.185+0000] {dagbag.py:541} INFO - Filling up the DagBag from /usr/local/python/3.10.13/lib/python3.10/site-packages/airflow/example_dags/example_task_group_decorator.py
[2024-04-02T09:38:12.197+0000] {processor.py:836} INFO - DAG(s) dict_keys(['example_task_group_decorator']) retrieved from /usr/local/python/3.10.13/lib/python3.10/site-packages/airflow/example_dags/example_task_group_decorator.py
[2024-04-02T09:38:12.212+0000] {logging_mixin.py:150} INFO - [2024-04-02T09:38:12.212+0000] {dag.py:2742} INFO - Sync 1 DAGs
[2024-04-02T09:38:12.228+0000] {logging_mixin.py:150} INFO - [2024-04-02T09:38:12.228+0000] {dag.py:3504} INFO - Setting next_dagrun for example_task_group_decorator to 2024-04-01T09:38:12.228019+00:00, run_after=2024-04-02T09:38:12.228019+00:00
[2024-04-02T09:38:12.269+0000] {processor.py:179} INFO - Processing /usr/local/python/3.10.13/lib/python3.10/site-packages/airflow/example_dags/example_task_group_decorator.py took 0.087 seconds
[2024-04-02T09:38:50.021+0000] {processor.py:157} INFO - Started process (PID=30764) to work on /usr/local/python/3.10.13/lib/python3.10/site-packages/airflow/example_dags/example_task_group_decorator.py
[2024-04-02T09:38:50.022+0000] {processor.py:826} INFO - Processing file /usr/local/python/3.10.13/lib/python3.10/site-packages/airflow/example_dags/example_task_group_decorator.py for tasks to queue
[2024-04-02T09:38:50.023+0000] {logging_mixin.py:150} INFO - [2024-04-02T09:38:50.023+0000] {dagbag.py:541} INFO - Filling up the DagBag from /usr/local/python/3.10.13/lib/python3.10/site-packages/airflow/example_dags/example_task_group_decorator.py
[2024-04-02T09:38:50.035+0000] {processor.py:836} INFO - DAG(s) dict_keys(['example_task_group_decorator']) retrieved from /usr/local/python/3.10.13/lib/python3.10/site-packages/airflow/example_dags/example_task_group_decorator.py
[2024-04-02T09:38:50.050+0000] {logging_mixin.py:150} INFO - [2024-04-02T09:38:50.050+0000] {dag.py:2742} INFO - Sync 1 DAGs
[2024-04-02T09:38:50.065+0000] {logging_mixin.py:150} INFO - [2024-04-02T09:38:50.065+0000] {dag.py:3504} INFO - Setting next_dagrun for example_task_group_decorator to 2024-04-01T09:38:50.065533+00:00, run_after=2024-04-02T09:38:50.065533+00:00
[2024-04-02T09:38:50.105+0000] {processor.py:179} INFO - Processing /usr/local/python/3.10.13/lib/python3.10/site-packages/airflow/example_dags/example_task_group_decorator.py took 0.086 seconds
[2024-04-02T09:39:29.438+0000] {processor.py:157} INFO - Started process (PID=31017) to work on /usr/local/python/3.10.13/lib/python3.10/site-packages/airflow/example_dags/example_task_group_decorator.py
[2024-04-02T09:39:29.439+0000] {processor.py:826} INFO - Processing file /usr/local/python/3.10.13/lib/python3.10/site-packages/airflow/example_dags/example_task_group_decorator.py for tasks to queue
[2024-04-02T09:39:29.440+0000] {logging_mixin.py:150} INFO - [2024-04-02T09:39:29.440+0000] {dagbag.py:541} INFO - Filling up the DagBag from /usr/local/python/3.10.13/lib/python3.10/site-packages/airflow/example_dags/example_task_group_decorator.py
[2024-04-02T09:39:29.462+0000] {processor.py:836} INFO - DAG(s) dict_keys(['example_task_group_decorator']) retrieved from /usr/local/python/3.10.13/lib/python3.10/site-packages/airflow/example_dags/example_task_group_decorator.py
[2024-04-02T09:39:29.487+0000] {logging_mixin.py:150} INFO - [2024-04-02T09:39:29.487+0000] {dag.py:2742} INFO - Sync 1 DAGs
[2024-04-02T09:39:29.511+0000] {logging_mixin.py:150} INFO - [2024-04-02T09:39:29.511+0000] {dag.py:3504} INFO - Setting next_dagrun for example_task_group_decorator to 2024-04-01T09:39:29.511503+00:00, run_after=2024-04-02T09:39:29.511503+00:00
[2024-04-02T09:39:29.559+0000] {processor.py:179} INFO - Processing /usr/local/python/3.10.13/lib/python3.10/site-packages/airflow/example_dags/example_task_group_decorator.py took 0.133 seconds
[2024-04-02T09:40:07.307+0000] {processor.py:157} INFO - Started process (PID=31334) to work on /usr/local/python/3.10.13/lib/python3.10/site-packages/airflow/example_dags/example_task_group_decorator.py
[2024-04-02T09:40:07.308+0000] {processor.py:826} INFO - Processing file /usr/local/python/3.10.13/lib/python3.10/site-packages/airflow/example_dags/example_task_group_decorator.py for tasks to queue
[2024-04-02T09:40:07.309+0000] {logging_mixin.py:150} INFO - [2024-04-02T09:40:07.308+0000] {dagbag.py:541} INFO - Filling up the DagBag from /usr/local/python/3.10.13/lib/python3.10/site-packages/airflow/example_dags/example_task_group_decorator.py
[2024-04-02T09:40:07.321+0000] {processor.py:836} INFO - DAG(s) dict_keys(['example_task_group_decorator']) retrieved from /usr/local/python/3.10.13/lib/python3.10/site-packages/airflow/example_dags/example_task_group_decorator.py
[2024-04-02T09:40:07.335+0000] {logging_mixin.py:150} INFO - [2024-04-02T09:40:07.335+0000] {dag.py:2742} INFO - Sync 1 DAGs
[2024-04-02T09:40:07.351+0000] {logging_mixin.py:150} INFO - [2024-04-02T09:40:07.351+0000] {dag.py:3504} INFO - Setting next_dagrun for example_task_group_decorator to 2024-04-01T09:40:07.351345+00:00, run_after=2024-04-02T09:40:07.351345+00:00
[2024-04-02T09:40:07.390+0000] {processor.py:179} INFO - Processing /usr/local/python/3.10.13/lib/python3.10/site-packages/airflow/example_dags/example_task_group_decorator.py took 0.085 seconds
[2024-04-02T09:40:46.097+0000] {processor.py:157} INFO - Started process (PID=31601) to work on /usr/local/python/3.10.13/lib/python3.10/site-packages/airflow/example_dags/example_task_group_decorator.py
[2024-04-02T09:40:46.098+0000] {processor.py:826} INFO - Processing file /usr/local/python/3.10.13/lib/python3.10/site-packages/airflow/example_dags/example_task_group_decorator.py for tasks to queue
[2024-04-02T09:40:46.099+0000] {logging_mixin.py:150} INFO - [2024-04-02T09:40:46.098+0000] {dagbag.py:541} INFO - Filling up the DagBag from /usr/local/python/3.10.13/lib/python3.10/site-packages/airflow/example_dags/example_task_group_decorator.py
[2024-04-02T09:40:46.122+0000] {processor.py:836} INFO - DAG(s) dict_keys(['example_task_group_decorator']) retrieved from /usr/local/python/3.10.13/lib/python3.10/site-packages/airflow/example_dags/example_task_group_decorator.py
[2024-04-02T09:40:46.146+0000] {logging_mixin.py:150} INFO - [2024-04-02T09:40:46.146+0000] {dag.py:2742} INFO - Sync 1 DAGs
[2024-04-02T09:40:46.172+0000] {logging_mixin.py:150} INFO - [2024-04-02T09:40:46.172+0000] {dag.py:3504} INFO - Setting next_dagrun for example_task_group_decorator to 2024-04-01T09:40:46.171868+00:00, run_after=2024-04-02T09:40:46.171868+00:00
[2024-04-02T09:40:46.221+0000] {processor.py:179} INFO - Processing /usr/local/python/3.10.13/lib/python3.10/site-packages/airflow/example_dags/example_task_group_decorator.py took 0.126 seconds
[2024-04-02T09:41:23.907+0000] {processor.py:157} INFO - Started process (PID=31859) to work on /usr/local/python/3.10.13/lib/python3.10/site-packages/airflow/example_dags/example_task_group_decorator.py
[2024-04-02T09:41:23.907+0000] {processor.py:826} INFO - Processing file /usr/local/python/3.10.13/lib/python3.10/site-packages/airflow/example_dags/example_task_group_decorator.py for tasks to queue
[2024-04-02T09:41:23.908+0000] {logging_mixin.py:150} INFO - [2024-04-02T09:41:23.908+0000] {dagbag.py:541} INFO - Filling up the DagBag from /usr/local/python/3.10.13/lib/python3.10/site-packages/airflow/example_dags/example_task_group_decorator.py
[2024-04-02T09:41:23.924+0000] {processor.py:836} INFO - DAG(s) dict_keys(['example_task_group_decorator']) retrieved from /usr/local/python/3.10.13/lib/python3.10/site-packages/airflow/example_dags/example_task_group_decorator.py
[2024-04-02T09:41:23.950+0000] {logging_mixin.py:150} INFO - [2024-04-02T09:41:23.950+0000] {dag.py:2742} INFO - Sync 1 DAGs
[2024-04-02T09:41:23.974+0000] {logging_mixin.py:150} INFO - [2024-04-02T09:41:23.974+0000] {dag.py:3504} INFO - Setting next_dagrun for example_task_group_decorator to 2024-04-01T09:41:23.974183+00:00, run_after=2024-04-02T09:41:23.974183+00:00
[2024-04-02T09:41:24.019+0000] {processor.py:179} INFO - Processing /usr/local/python/3.10.13/lib/python3.10/site-packages/airflow/example_dags/example_task_group_decorator.py took 0.115 seconds
[2024-04-02T09:42:01.156+0000] {processor.py:157} INFO - Started process (PID=32103) to work on /usr/local/python/3.10.13/lib/python3.10/site-packages/airflow/example_dags/example_task_group_decorator.py
[2024-04-02T09:42:01.157+0000] {processor.py:826} INFO - Processing file /usr/local/python/3.10.13/lib/python3.10/site-packages/airflow/example_dags/example_task_group_decorator.py for tasks to queue
[2024-04-02T09:42:01.158+0000] {logging_mixin.py:150} INFO - [2024-04-02T09:42:01.157+0000] {dagbag.py:541} INFO - Filling up the DagBag from /usr/local/python/3.10.13/lib/python3.10/site-packages/airflow/example_dags/example_task_group_decorator.py
[2024-04-02T09:42:01.170+0000] {processor.py:836} INFO - DAG(s) dict_keys(['example_task_group_decorator']) retrieved from /usr/local/python/3.10.13/lib/python3.10/site-packages/airflow/example_dags/example_task_group_decorator.py
[2024-04-02T09:42:01.185+0000] {logging_mixin.py:150} INFO - [2024-04-02T09:42:01.185+0000] {dag.py:2742} INFO - Sync 1 DAGs
[2024-04-02T09:42:01.200+0000] {logging_mixin.py:150} INFO - [2024-04-02T09:42:01.200+0000] {dag.py:3504} INFO - Setting next_dagrun for example_task_group_decorator to 2024-04-01T09:42:01.200204+00:00, run_after=2024-04-02T09:42:01.200204+00:00
[2024-04-02T09:42:01.242+0000] {processor.py:179} INFO - Processing /usr/local/python/3.10.13/lib/python3.10/site-packages/airflow/example_dags/example_task_group_decorator.py took 0.088 seconds
[2024-04-02T09:42:38.155+0000] {processor.py:157} INFO - Started process (PID=32368) to work on /usr/local/python/3.10.13/lib/python3.10/site-packages/airflow/example_dags/example_task_group_decorator.py
[2024-04-02T09:42:38.156+0000] {processor.py:826} INFO - Processing file /usr/local/python/3.10.13/lib/python3.10/site-packages/airflow/example_dags/example_task_group_decorator.py for tasks to queue
[2024-04-02T09:42:38.157+0000] {logging_mixin.py:150} INFO - [2024-04-02T09:42:38.157+0000] {dagbag.py:541} INFO - Filling up the DagBag from /usr/local/python/3.10.13/lib/python3.10/site-packages/airflow/example_dags/example_task_group_decorator.py
[2024-04-02T09:42:38.178+0000] {processor.py:836} INFO - DAG(s) dict_keys(['example_task_group_decorator']) retrieved from /usr/local/python/3.10.13/lib/python3.10/site-packages/airflow/example_dags/example_task_group_decorator.py
[2024-04-02T09:42:38.202+0000] {logging_mixin.py:150} INFO - [2024-04-02T09:42:38.202+0000] {dag.py:2742} INFO - Sync 1 DAGs
[2024-04-02T09:42:38.226+0000] {logging_mixin.py:150} INFO - [2024-04-02T09:42:38.226+0000] {dag.py:3504} INFO - Setting next_dagrun for example_task_group_decorator to 2024-04-01T09:42:38.225927+00:00, run_after=2024-04-02T09:42:38.225927+00:00
[2024-04-02T09:42:38.272+0000] {processor.py:179} INFO - Processing /usr/local/python/3.10.13/lib/python3.10/site-packages/airflow/example_dags/example_task_group_decorator.py took 0.128 seconds
[2024-04-02T09:43:19.520+0000] {processor.py:157} INFO - Started process (PID=32650) to work on /usr/local/python/3.10.13/lib/python3.10/site-packages/airflow/example_dags/example_task_group_decorator.py
[2024-04-02T09:43:19.521+0000] {processor.py:826} INFO - Processing file /usr/local/python/3.10.13/lib/python3.10/site-packages/airflow/example_dags/example_task_group_decorator.py for tasks to queue
[2024-04-02T09:43:19.522+0000] {logging_mixin.py:150} INFO - [2024-04-02T09:43:19.522+0000] {dagbag.py:541} INFO - Filling up the DagBag from /usr/local/python/3.10.13/lib/python3.10/site-packages/airflow/example_dags/example_task_group_decorator.py
[2024-04-02T09:43:19.543+0000] {processor.py:836} INFO - DAG(s) dict_keys(['example_task_group_decorator']) retrieved from /usr/local/python/3.10.13/lib/python3.10/site-packages/airflow/example_dags/example_task_group_decorator.py
[2024-04-02T09:43:19.567+0000] {logging_mixin.py:150} INFO - [2024-04-02T09:43:19.567+0000] {dag.py:2742} INFO - Sync 1 DAGs
[2024-04-02T09:43:19.592+0000] {logging_mixin.py:150} INFO - [2024-04-02T09:43:19.592+0000] {dag.py:3504} INFO - Setting next_dagrun for example_task_group_decorator to 2024-04-01T09:43:19.591831+00:00, run_after=2024-04-02T09:43:19.591831+00:00
[2024-04-02T09:43:19.638+0000] {processor.py:179} INFO - Processing /usr/local/python/3.10.13/lib/python3.10/site-packages/airflow/example_dags/example_task_group_decorator.py took 0.122 seconds
