[2024-04-02T08:57:24.703+0000] {processor.py:157} INFO - Started process (PID=11733) to work on /usr/local/python/3.10.13/lib/python3.10/site-packages/airflow/example_dags/example_branch_operator.py
[2024-04-02T08:57:24.704+0000] {processor.py:826} INFO - Processing file /usr/local/python/3.10.13/lib/python3.10/site-packages/airflow/example_dags/example_branch_operator.py for tasks to queue
[2024-04-02T08:57:24.705+0000] {logging_mixin.py:150} INFO - [2024-04-02T08:57:24.705+0000] {dagbag.py:541} INFO - Filling up the DagBag from /usr/local/python/3.10.13/lib/python3.10/site-packages/airflow/example_dags/example_branch_operator.py
[2024-04-02T08:57:24.717+0000] {processor.py:836} INFO - DAG(s) dict_keys(['example_branch_operator']) retrieved from /usr/local/python/3.10.13/lib/python3.10/site-packages/airflow/example_dags/example_branch_operator.py
[2024-04-02T08:57:24.846+0000] {logging_mixin.py:150} INFO - [2024-04-02T08:57:24.846+0000] {dag.py:2742} INFO - Sync 1 DAGs
[2024-04-02T08:57:24.884+0000] {logging_mixin.py:150} INFO - [2024-04-02T08:57:24.883+0000] {dag.py:3504} INFO - Setting next_dagrun for example_branch_operator to 2024-04-01T00:00:00+00:00, run_after=2024-04-02T00:00:00+00:00
[2024-04-02T08:57:24.938+0000] {processor.py:179} INFO - Processing /usr/local/python/3.10.13/lib/python3.10/site-packages/airflow/example_dags/example_branch_operator.py took 0.238 seconds
[2024-04-02T08:58:29.345+0000] {processor.py:157} INFO - Started process (PID=12720) to work on /usr/local/python/3.10.13/lib/python3.10/site-packages/airflow/example_dags/example_branch_operator.py
[2024-04-02T08:58:29.346+0000] {processor.py:826} INFO - Processing file /usr/local/python/3.10.13/lib/python3.10/site-packages/airflow/example_dags/example_branch_operator.py for tasks to queue
[2024-04-02T08:58:29.347+0000] {logging_mixin.py:150} INFO - [2024-04-02T08:58:29.346+0000] {dagbag.py:541} INFO - Filling up the DagBag from /usr/local/python/3.10.13/lib/python3.10/site-packages/airflow/example_dags/example_branch_operator.py
[2024-04-02T08:58:29.354+0000] {processor.py:836} INFO - DAG(s) dict_keys(['example_branch_operator']) retrieved from /usr/local/python/3.10.13/lib/python3.10/site-packages/airflow/example_dags/example_branch_operator.py
[2024-04-02T08:58:29.374+0000] {logging_mixin.py:150} INFO - [2024-04-02T08:58:29.373+0000] {dag.py:2742} INFO - Sync 1 DAGs
[2024-04-02T08:58:29.400+0000] {logging_mixin.py:150} INFO - [2024-04-02T08:58:29.400+0000] {dag.py:3504} INFO - Setting next_dagrun for example_branch_operator to 2024-04-01T00:00:00+00:00, run_after=2024-04-02T00:00:00+00:00
[2024-04-02T08:58:29.446+0000] {processor.py:179} INFO - Processing /usr/local/python/3.10.13/lib/python3.10/site-packages/airflow/example_dags/example_branch_operator.py took 0.103 seconds
[2024-04-02T09:00:24.841+0000] {processor.py:157} INFO - Started process (PID=14330) to work on /usr/local/python/3.10.13/lib/python3.10/site-packages/airflow/example_dags/example_branch_operator.py
[2024-04-02T09:00:24.842+0000] {processor.py:826} INFO - Processing file /usr/local/python/3.10.13/lib/python3.10/site-packages/airflow/example_dags/example_branch_operator.py for tasks to queue
[2024-04-02T09:00:24.843+0000] {logging_mixin.py:150} INFO - [2024-04-02T09:00:24.842+0000] {dagbag.py:541} INFO - Filling up the DagBag from /usr/local/python/3.10.13/lib/python3.10/site-packages/airflow/example_dags/example_branch_operator.py
[2024-04-02T09:00:24.850+0000] {processor.py:836} INFO - DAG(s) dict_keys(['example_branch_operator']) retrieved from /usr/local/python/3.10.13/lib/python3.10/site-packages/airflow/example_dags/example_branch_operator.py
[2024-04-02T09:00:24.868+0000] {logging_mixin.py:150} INFO - [2024-04-02T09:00:24.868+0000] {dag.py:2742} INFO - Sync 1 DAGs
[2024-04-02T09:00:24.895+0000] {logging_mixin.py:150} INFO - [2024-04-02T09:00:24.895+0000] {dag.py:3504} INFO - Setting next_dagrun for example_branch_operator to 2024-04-01T00:00:00+00:00, run_after=2024-04-02T00:00:00+00:00
[2024-04-02T09:00:24.937+0000] {processor.py:179} INFO - Processing /usr/local/python/3.10.13/lib/python3.10/site-packages/airflow/example_dags/example_branch_operator.py took 0.098 seconds
[2024-04-02T09:01:21.754+0000] {processor.py:157} INFO - Started process (PID=14757) to work on /usr/local/python/3.10.13/lib/python3.10/site-packages/airflow/example_dags/example_branch_operator.py
[2024-04-02T09:01:21.755+0000] {processor.py:826} INFO - Processing file /usr/local/python/3.10.13/lib/python3.10/site-packages/airflow/example_dags/example_branch_operator.py for tasks to queue
[2024-04-02T09:01:21.757+0000] {logging_mixin.py:150} INFO - [2024-04-02T09:01:21.756+0000] {dagbag.py:541} INFO - Filling up the DagBag from /usr/local/python/3.10.13/lib/python3.10/site-packages/airflow/example_dags/example_branch_operator.py
[2024-04-02T09:01:21.769+0000] {processor.py:836} INFO - DAG(s) dict_keys(['example_branch_operator']) retrieved from /usr/local/python/3.10.13/lib/python3.10/site-packages/airflow/example_dags/example_branch_operator.py
[2024-04-02T09:01:21.814+0000] {logging_mixin.py:150} INFO - [2024-04-02T09:01:21.814+0000] {dag.py:2742} INFO - Sync 1 DAGs
[2024-04-02T09:01:21.863+0000] {logging_mixin.py:150} INFO - [2024-04-02T09:01:21.863+0000] {dag.py:3504} INFO - Setting next_dagrun for example_branch_operator to 2024-04-01T00:00:00+00:00, run_after=2024-04-02T00:00:00+00:00
[2024-04-02T09:01:21.984+0000] {processor.py:179} INFO - Processing /usr/local/python/3.10.13/lib/python3.10/site-packages/airflow/example_dags/example_branch_operator.py took 0.233 seconds
[2024-04-02T09:02:19.457+0000] {processor.py:157} INFO - Started process (PID=15186) to work on /usr/local/python/3.10.13/lib/python3.10/site-packages/airflow/example_dags/example_branch_operator.py
[2024-04-02T09:02:19.457+0000] {processor.py:826} INFO - Processing file /usr/local/python/3.10.13/lib/python3.10/site-packages/airflow/example_dags/example_branch_operator.py for tasks to queue
[2024-04-02T09:02:19.458+0000] {logging_mixin.py:150} INFO - [2024-04-02T09:02:19.458+0000] {dagbag.py:541} INFO - Filling up the DagBag from /usr/local/python/3.10.13/lib/python3.10/site-packages/airflow/example_dags/example_branch_operator.py
[2024-04-02T09:02:19.466+0000] {processor.py:836} INFO - DAG(s) dict_keys(['example_branch_operator']) retrieved from /usr/local/python/3.10.13/lib/python3.10/site-packages/airflow/example_dags/example_branch_operator.py
[2024-04-02T09:02:19.479+0000] {logging_mixin.py:150} INFO - [2024-04-02T09:02:19.479+0000] {dag.py:2742} INFO - Sync 1 DAGs
[2024-04-02T09:02:19.496+0000] {logging_mixin.py:150} INFO - [2024-04-02T09:02:19.495+0000] {dag.py:3504} INFO - Setting next_dagrun for example_branch_operator to 2024-04-01T00:00:00+00:00, run_after=2024-04-02T00:00:00+00:00
[2024-04-02T09:02:19.537+0000] {processor.py:179} INFO - Processing /usr/local/python/3.10.13/lib/python3.10/site-packages/airflow/example_dags/example_branch_operator.py took 0.083 seconds
[2024-04-02T09:03:17.958+0000] {processor.py:157} INFO - Started process (PID=15595) to work on /usr/local/python/3.10.13/lib/python3.10/site-packages/airflow/example_dags/example_branch_operator.py
[2024-04-02T09:03:17.959+0000] {processor.py:826} INFO - Processing file /usr/local/python/3.10.13/lib/python3.10/site-packages/airflow/example_dags/example_branch_operator.py for tasks to queue
[2024-04-02T09:03:17.960+0000] {logging_mixin.py:150} INFO - [2024-04-02T09:03:17.960+0000] {dagbag.py:541} INFO - Filling up the DagBag from /usr/local/python/3.10.13/lib/python3.10/site-packages/airflow/example_dags/example_branch_operator.py
[2024-04-02T09:03:17.972+0000] {processor.py:836} INFO - DAG(s) dict_keys(['example_branch_operator']) retrieved from /usr/local/python/3.10.13/lib/python3.10/site-packages/airflow/example_dags/example_branch_operator.py
[2024-04-02T09:03:17.990+0000] {logging_mixin.py:150} INFO - [2024-04-02T09:03:17.990+0000] {dag.py:2742} INFO - Sync 1 DAGs
[2024-04-02T09:03:18.008+0000] {logging_mixin.py:150} INFO - [2024-04-02T09:03:18.008+0000] {dag.py:3504} INFO - Setting next_dagrun for example_branch_operator to 2024-04-01T00:00:00+00:00, run_after=2024-04-02T00:00:00+00:00
[2024-04-02T09:03:18.046+0000] {processor.py:179} INFO - Processing /usr/local/python/3.10.13/lib/python3.10/site-packages/airflow/example_dags/example_branch_operator.py took 0.090 seconds
[2024-04-02T09:04:18.533+0000] {processor.py:157} INFO - Started process (PID=16005) to work on /usr/local/python/3.10.13/lib/python3.10/site-packages/airflow/example_dags/example_branch_operator.py
[2024-04-02T09:04:18.534+0000] {processor.py:826} INFO - Processing file /usr/local/python/3.10.13/lib/python3.10/site-packages/airflow/example_dags/example_branch_operator.py for tasks to queue
[2024-04-02T09:04:18.534+0000] {logging_mixin.py:150} INFO - [2024-04-02T09:04:18.534+0000] {dagbag.py:541} INFO - Filling up the DagBag from /usr/local/python/3.10.13/lib/python3.10/site-packages/airflow/example_dags/example_branch_operator.py
[2024-04-02T09:04:18.542+0000] {processor.py:836} INFO - DAG(s) dict_keys(['example_branch_operator']) retrieved from /usr/local/python/3.10.13/lib/python3.10/site-packages/airflow/example_dags/example_branch_operator.py
[2024-04-02T09:04:18.556+0000] {logging_mixin.py:150} INFO - [2024-04-02T09:04:18.555+0000] {dag.py:2742} INFO - Sync 1 DAGs
[2024-04-02T09:04:18.574+0000] {logging_mixin.py:150} INFO - [2024-04-02T09:04:18.574+0000] {dag.py:3504} INFO - Setting next_dagrun for example_branch_operator to 2024-04-01T00:00:00+00:00, run_after=2024-04-02T00:00:00+00:00
[2024-04-02T09:04:18.616+0000] {processor.py:179} INFO - Processing /usr/local/python/3.10.13/lib/python3.10/site-packages/airflow/example_dags/example_branch_operator.py took 0.086 seconds
[2024-04-02T09:05:08.371+0000] {processor.py:157} INFO - Started process (PID=16373) to work on /usr/local/python/3.10.13/lib/python3.10/site-packages/airflow/example_dags/example_branch_operator.py
[2024-04-02T09:05:08.372+0000] {processor.py:826} INFO - Processing file /usr/local/python/3.10.13/lib/python3.10/site-packages/airflow/example_dags/example_branch_operator.py for tasks to queue
[2024-04-02T09:05:08.373+0000] {logging_mixin.py:150} INFO - [2024-04-02T09:05:08.373+0000] {dagbag.py:541} INFO - Filling up the DagBag from /usr/local/python/3.10.13/lib/python3.10/site-packages/airflow/example_dags/example_branch_operator.py
[2024-04-02T09:05:08.380+0000] {processor.py:836} INFO - DAG(s) dict_keys(['example_branch_operator']) retrieved from /usr/local/python/3.10.13/lib/python3.10/site-packages/airflow/example_dags/example_branch_operator.py
[2024-04-02T09:05:08.394+0000] {logging_mixin.py:150} INFO - [2024-04-02T09:05:08.394+0000] {dag.py:2742} INFO - Sync 1 DAGs
[2024-04-02T09:05:08.411+0000] {logging_mixin.py:150} INFO - [2024-04-02T09:05:08.410+0000] {dag.py:3504} INFO - Setting next_dagrun for example_branch_operator to 2024-04-01T00:00:00+00:00, run_after=2024-04-02T00:00:00+00:00
[2024-04-02T09:05:08.453+0000] {processor.py:179} INFO - Processing /usr/local/python/3.10.13/lib/python3.10/site-packages/airflow/example_dags/example_branch_operator.py took 0.084 seconds
[2024-04-02T09:06:11.646+0000] {processor.py:157} INFO - Started process (PID=16818) to work on /usr/local/python/3.10.13/lib/python3.10/site-packages/airflow/example_dags/example_branch_operator.py
[2024-04-02T09:06:11.647+0000] {processor.py:826} INFO - Processing file /usr/local/python/3.10.13/lib/python3.10/site-packages/airflow/example_dags/example_branch_operator.py for tasks to queue
[2024-04-02T09:06:11.648+0000] {logging_mixin.py:150} INFO - [2024-04-02T09:06:11.647+0000] {dagbag.py:541} INFO - Filling up the DagBag from /usr/local/python/3.10.13/lib/python3.10/site-packages/airflow/example_dags/example_branch_operator.py
[2024-04-02T09:06:11.656+0000] {processor.py:836} INFO - DAG(s) dict_keys(['example_branch_operator']) retrieved from /usr/local/python/3.10.13/lib/python3.10/site-packages/airflow/example_dags/example_branch_operator.py
[2024-04-02T09:06:11.671+0000] {logging_mixin.py:150} INFO - [2024-04-02T09:06:11.671+0000] {dag.py:2742} INFO - Sync 1 DAGs
[2024-04-02T09:06:11.689+0000] {logging_mixin.py:150} INFO - [2024-04-02T09:06:11.688+0000] {dag.py:3504} INFO - Setting next_dagrun for example_branch_operator to 2024-04-01T00:00:00+00:00, run_after=2024-04-02T00:00:00+00:00
[2024-04-02T09:06:11.729+0000] {processor.py:179} INFO - Processing /usr/local/python/3.10.13/lib/python3.10/site-packages/airflow/example_dags/example_branch_operator.py took 0.086 seconds
[2024-04-02T09:07:12.506+0000] {processor.py:157} INFO - Started process (PID=17656) to work on /usr/local/python/3.10.13/lib/python3.10/site-packages/airflow/example_dags/example_branch_operator.py
[2024-04-02T09:07:12.507+0000] {processor.py:826} INFO - Processing file /usr/local/python/3.10.13/lib/python3.10/site-packages/airflow/example_dags/example_branch_operator.py for tasks to queue
[2024-04-02T09:07:12.507+0000] {logging_mixin.py:150} INFO - [2024-04-02T09:07:12.507+0000] {dagbag.py:541} INFO - Filling up the DagBag from /usr/local/python/3.10.13/lib/python3.10/site-packages/airflow/example_dags/example_branch_operator.py
[2024-04-02T09:07:12.515+0000] {processor.py:836} INFO - DAG(s) dict_keys(['example_branch_operator']) retrieved from /usr/local/python/3.10.13/lib/python3.10/site-packages/airflow/example_dags/example_branch_operator.py
[2024-04-02T09:07:12.529+0000] {logging_mixin.py:150} INFO - [2024-04-02T09:07:12.529+0000] {dag.py:2742} INFO - Sync 1 DAGs
[2024-04-02T09:07:12.546+0000] {logging_mixin.py:150} INFO - [2024-04-02T09:07:12.546+0000] {dag.py:3504} INFO - Setting next_dagrun for example_branch_operator to 2024-04-01T00:00:00+00:00, run_after=2024-04-02T00:00:00+00:00
[2024-04-02T09:07:12.585+0000] {processor.py:179} INFO - Processing /usr/local/python/3.10.13/lib/python3.10/site-packages/airflow/example_dags/example_branch_operator.py took 0.082 seconds
[2024-04-02T09:08:10.618+0000] {processor.py:157} INFO - Started process (PID=18054) to work on /usr/local/python/3.10.13/lib/python3.10/site-packages/airflow/example_dags/example_branch_operator.py
[2024-04-02T09:08:10.619+0000] {processor.py:826} INFO - Processing file /usr/local/python/3.10.13/lib/python3.10/site-packages/airflow/example_dags/example_branch_operator.py for tasks to queue
[2024-04-02T09:08:10.621+0000] {logging_mixin.py:150} INFO - [2024-04-02T09:08:10.620+0000] {dagbag.py:541} INFO - Filling up the DagBag from /usr/local/python/3.10.13/lib/python3.10/site-packages/airflow/example_dags/example_branch_operator.py
[2024-04-02T09:08:10.632+0000] {processor.py:836} INFO - DAG(s) dict_keys(['example_branch_operator']) retrieved from /usr/local/python/3.10.13/lib/python3.10/site-packages/airflow/example_dags/example_branch_operator.py
[2024-04-02T09:08:10.653+0000] {logging_mixin.py:150} INFO - [2024-04-02T09:08:10.653+0000] {dag.py:2742} INFO - Sync 1 DAGs
[2024-04-02T09:08:10.679+0000] {logging_mixin.py:150} INFO - [2024-04-02T09:08:10.679+0000] {dag.py:3504} INFO - Setting next_dagrun for example_branch_operator to 2024-04-01T00:00:00+00:00, run_after=2024-04-02T00:00:00+00:00
[2024-04-02T09:08:10.727+0000] {processor.py:179} INFO - Processing /usr/local/python/3.10.13/lib/python3.10/site-packages/airflow/example_dags/example_branch_operator.py took 0.112 seconds
[2024-04-02T09:09:07.037+0000] {processor.py:157} INFO - Started process (PID=18430) to work on /usr/local/python/3.10.13/lib/python3.10/site-packages/airflow/example_dags/example_branch_operator.py
[2024-04-02T09:09:07.038+0000] {processor.py:826} INFO - Processing file /usr/local/python/3.10.13/lib/python3.10/site-packages/airflow/example_dags/example_branch_operator.py for tasks to queue
[2024-04-02T09:09:07.039+0000] {logging_mixin.py:150} INFO - [2024-04-02T09:09:07.038+0000] {dagbag.py:541} INFO - Filling up the DagBag from /usr/local/python/3.10.13/lib/python3.10/site-packages/airflow/example_dags/example_branch_operator.py
[2024-04-02T09:09:07.047+0000] {processor.py:836} INFO - DAG(s) dict_keys(['example_branch_operator']) retrieved from /usr/local/python/3.10.13/lib/python3.10/site-packages/airflow/example_dags/example_branch_operator.py
[2024-04-02T09:09:07.060+0000] {logging_mixin.py:150} INFO - [2024-04-02T09:09:07.060+0000] {dag.py:2742} INFO - Sync 1 DAGs
[2024-04-02T09:09:07.077+0000] {logging_mixin.py:150} INFO - [2024-04-02T09:09:07.077+0000] {dag.py:3504} INFO - Setting next_dagrun for example_branch_operator to 2024-04-01T00:00:00+00:00, run_after=2024-04-02T00:00:00+00:00
[2024-04-02T09:09:07.118+0000] {processor.py:179} INFO - Processing /usr/local/python/3.10.13/lib/python3.10/site-packages/airflow/example_dags/example_branch_operator.py took 0.083 seconds
[2024-04-02T09:10:02.698+0000] {processor.py:157} INFO - Started process (PID=18847) to work on /usr/local/python/3.10.13/lib/python3.10/site-packages/airflow/example_dags/example_branch_operator.py
[2024-04-02T09:10:02.698+0000] {processor.py:826} INFO - Processing file /usr/local/python/3.10.13/lib/python3.10/site-packages/airflow/example_dags/example_branch_operator.py for tasks to queue
[2024-04-02T09:10:02.699+0000] {logging_mixin.py:150} INFO - [2024-04-02T09:10:02.699+0000] {dagbag.py:541} INFO - Filling up the DagBag from /usr/local/python/3.10.13/lib/python3.10/site-packages/airflow/example_dags/example_branch_operator.py
[2024-04-02T09:10:02.706+0000] {processor.py:836} INFO - DAG(s) dict_keys(['example_branch_operator']) retrieved from /usr/local/python/3.10.13/lib/python3.10/site-packages/airflow/example_dags/example_branch_operator.py
[2024-04-02T09:10:02.720+0000] {logging_mixin.py:150} INFO - [2024-04-02T09:10:02.720+0000] {dag.py:2742} INFO - Sync 1 DAGs
[2024-04-02T09:10:02.736+0000] {logging_mixin.py:150} INFO - [2024-04-02T09:10:02.736+0000] {dag.py:3504} INFO - Setting next_dagrun for example_branch_operator to 2024-04-01T00:00:00+00:00, run_after=2024-04-02T00:00:00+00:00
[2024-04-02T09:10:02.783+0000] {processor.py:179} INFO - Processing /usr/local/python/3.10.13/lib/python3.10/site-packages/airflow/example_dags/example_branch_operator.py took 0.088 seconds
[2024-04-02T09:11:03.210+0000] {processor.py:157} INFO - Started process (PID=19237) to work on /usr/local/python/3.10.13/lib/python3.10/site-packages/airflow/example_dags/example_branch_operator.py
[2024-04-02T09:11:03.210+0000] {processor.py:826} INFO - Processing file /usr/local/python/3.10.13/lib/python3.10/site-packages/airflow/example_dags/example_branch_operator.py for tasks to queue
[2024-04-02T09:11:03.211+0000] {logging_mixin.py:150} INFO - [2024-04-02T09:11:03.211+0000] {dagbag.py:541} INFO - Filling up the DagBag from /usr/local/python/3.10.13/lib/python3.10/site-packages/airflow/example_dags/example_branch_operator.py
[2024-04-02T09:11:03.218+0000] {processor.py:836} INFO - DAG(s) dict_keys(['example_branch_operator']) retrieved from /usr/local/python/3.10.13/lib/python3.10/site-packages/airflow/example_dags/example_branch_operator.py
[2024-04-02T09:11:03.232+0000] {logging_mixin.py:150} INFO - [2024-04-02T09:11:03.232+0000] {dag.py:2742} INFO - Sync 1 DAGs
[2024-04-02T09:11:03.248+0000] {logging_mixin.py:150} INFO - [2024-04-02T09:11:03.248+0000] {dag.py:3504} INFO - Setting next_dagrun for example_branch_operator to 2024-04-01T00:00:00+00:00, run_after=2024-04-02T00:00:00+00:00
[2024-04-02T09:11:03.287+0000] {processor.py:179} INFO - Processing /usr/local/python/3.10.13/lib/python3.10/site-packages/airflow/example_dags/example_branch_operator.py took 0.080 seconds
[2024-04-02T09:12:01.290+0000] {processor.py:157} INFO - Started process (PID=19640) to work on /usr/local/python/3.10.13/lib/python3.10/site-packages/airflow/example_dags/example_branch_operator.py
[2024-04-02T09:12:01.290+0000] {processor.py:826} INFO - Processing file /usr/local/python/3.10.13/lib/python3.10/site-packages/airflow/example_dags/example_branch_operator.py for tasks to queue
[2024-04-02T09:12:01.291+0000] {logging_mixin.py:150} INFO - [2024-04-02T09:12:01.291+0000] {dagbag.py:541} INFO - Filling up the DagBag from /usr/local/python/3.10.13/lib/python3.10/site-packages/airflow/example_dags/example_branch_operator.py
[2024-04-02T09:12:01.298+0000] {processor.py:836} INFO - DAG(s) dict_keys(['example_branch_operator']) retrieved from /usr/local/python/3.10.13/lib/python3.10/site-packages/airflow/example_dags/example_branch_operator.py
[2024-04-02T09:12:01.312+0000] {logging_mixin.py:150} INFO - [2024-04-02T09:12:01.312+0000] {dag.py:2742} INFO - Sync 1 DAGs
[2024-04-02T09:12:01.329+0000] {logging_mixin.py:150} INFO - [2024-04-02T09:12:01.329+0000] {dag.py:3504} INFO - Setting next_dagrun for example_branch_operator to 2024-04-01T00:00:00+00:00, run_after=2024-04-02T00:00:00+00:00
[2024-04-02T09:12:01.367+0000] {processor.py:179} INFO - Processing /usr/local/python/3.10.13/lib/python3.10/site-packages/airflow/example_dags/example_branch_operator.py took 0.080 seconds
[2024-04-02T09:13:02.918+0000] {processor.py:157} INFO - Started process (PID=20053) to work on /usr/local/python/3.10.13/lib/python3.10/site-packages/airflow/example_dags/example_branch_operator.py
[2024-04-02T09:13:02.919+0000] {processor.py:826} INFO - Processing file /usr/local/python/3.10.13/lib/python3.10/site-packages/airflow/example_dags/example_branch_operator.py for tasks to queue
[2024-04-02T09:13:02.919+0000] {logging_mixin.py:150} INFO - [2024-04-02T09:13:02.919+0000] {dagbag.py:541} INFO - Filling up the DagBag from /usr/local/python/3.10.13/lib/python3.10/site-packages/airflow/example_dags/example_branch_operator.py
[2024-04-02T09:13:02.927+0000] {processor.py:836} INFO - DAG(s) dict_keys(['example_branch_operator']) retrieved from /usr/local/python/3.10.13/lib/python3.10/site-packages/airflow/example_dags/example_branch_operator.py
[2024-04-02T09:13:02.943+0000] {logging_mixin.py:150} INFO - [2024-04-02T09:13:02.943+0000] {dag.py:2742} INFO - Sync 1 DAGs
[2024-04-02T09:13:02.959+0000] {logging_mixin.py:150} INFO - [2024-04-02T09:13:02.959+0000] {dag.py:3504} INFO - Setting next_dagrun for example_branch_operator to 2024-04-01T00:00:00+00:00, run_after=2024-04-02T00:00:00+00:00
[2024-04-02T09:13:02.997+0000] {processor.py:179} INFO - Processing /usr/local/python/3.10.13/lib/python3.10/site-packages/airflow/example_dags/example_branch_operator.py took 0.082 seconds
[2024-04-02T09:13:57.731+0000] {processor.py:157} INFO - Started process (PID=20422) to work on /usr/local/python/3.10.13/lib/python3.10/site-packages/airflow/example_dags/example_branch_operator.py
[2024-04-02T09:13:57.732+0000] {processor.py:826} INFO - Processing file /usr/local/python/3.10.13/lib/python3.10/site-packages/airflow/example_dags/example_branch_operator.py for tasks to queue
[2024-04-02T09:13:57.733+0000] {logging_mixin.py:150} INFO - [2024-04-02T09:13:57.733+0000] {dagbag.py:541} INFO - Filling up the DagBag from /usr/local/python/3.10.13/lib/python3.10/site-packages/airflow/example_dags/example_branch_operator.py
[2024-04-02T09:13:57.746+0000] {processor.py:836} INFO - DAG(s) dict_keys(['example_branch_operator']) retrieved from /usr/local/python/3.10.13/lib/python3.10/site-packages/airflow/example_dags/example_branch_operator.py
[2024-04-02T09:13:57.767+0000] {logging_mixin.py:150} INFO - [2024-04-02T09:13:57.767+0000] {dag.py:2742} INFO - Sync 1 DAGs
[2024-04-02T09:13:57.797+0000] {logging_mixin.py:150} INFO - [2024-04-02T09:13:57.797+0000] {dag.py:3504} INFO - Setting next_dagrun for example_branch_operator to 2024-04-01T00:00:00+00:00, run_after=2024-04-02T00:00:00+00:00
[2024-04-02T09:13:57.853+0000] {processor.py:179} INFO - Processing /usr/local/python/3.10.13/lib/python3.10/site-packages/airflow/example_dags/example_branch_operator.py took 0.125 seconds
[2024-04-02T09:14:51.211+0000] {processor.py:157} INFO - Started process (PID=20832) to work on /usr/local/python/3.10.13/lib/python3.10/site-packages/airflow/example_dags/example_branch_operator.py
[2024-04-02T09:14:51.212+0000] {processor.py:826} INFO - Processing file /usr/local/python/3.10.13/lib/python3.10/site-packages/airflow/example_dags/example_branch_operator.py for tasks to queue
[2024-04-02T09:14:51.213+0000] {logging_mixin.py:150} INFO - [2024-04-02T09:14:51.212+0000] {dagbag.py:541} INFO - Filling up the DagBag from /usr/local/python/3.10.13/lib/python3.10/site-packages/airflow/example_dags/example_branch_operator.py
[2024-04-02T09:14:51.220+0000] {processor.py:836} INFO - DAG(s) dict_keys(['example_branch_operator']) retrieved from /usr/local/python/3.10.13/lib/python3.10/site-packages/airflow/example_dags/example_branch_operator.py
[2024-04-02T09:14:51.234+0000] {logging_mixin.py:150} INFO - [2024-04-02T09:14:51.234+0000] {dag.py:2742} INFO - Sync 1 DAGs
[2024-04-02T09:14:51.250+0000] {logging_mixin.py:150} INFO - [2024-04-02T09:14:51.250+0000] {dag.py:3504} INFO - Setting next_dagrun for example_branch_operator to 2024-04-01T00:00:00+00:00, run_after=2024-04-02T00:00:00+00:00
[2024-04-02T09:14:51.288+0000] {processor.py:179} INFO - Processing /usr/local/python/3.10.13/lib/python3.10/site-packages/airflow/example_dags/example_branch_operator.py took 0.079 seconds
[2024-04-02T09:15:42.962+0000] {processor.py:157} INFO - Started process (PID=21183) to work on /usr/local/python/3.10.13/lib/python3.10/site-packages/airflow/example_dags/example_branch_operator.py
[2024-04-02T09:15:42.963+0000] {processor.py:826} INFO - Processing file /usr/local/python/3.10.13/lib/python3.10/site-packages/airflow/example_dags/example_branch_operator.py for tasks to queue
[2024-04-02T09:15:42.964+0000] {logging_mixin.py:150} INFO - [2024-04-02T09:15:42.964+0000] {dagbag.py:541} INFO - Filling up the DagBag from /usr/local/python/3.10.13/lib/python3.10/site-packages/airflow/example_dags/example_branch_operator.py
[2024-04-02T09:15:42.976+0000] {processor.py:836} INFO - DAG(s) dict_keys(['example_branch_operator']) retrieved from /usr/local/python/3.10.13/lib/python3.10/site-packages/airflow/example_dags/example_branch_operator.py
[2024-04-02T09:15:42.997+0000] {logging_mixin.py:150} INFO - [2024-04-02T09:15:42.997+0000] {dag.py:2742} INFO - Sync 1 DAGs
[2024-04-02T09:15:43.023+0000] {logging_mixin.py:150} INFO - [2024-04-02T09:15:43.023+0000] {dag.py:3504} INFO - Setting next_dagrun for example_branch_operator to 2024-04-01T00:00:00+00:00, run_after=2024-04-02T00:00:00+00:00
[2024-04-02T09:15:43.067+0000] {processor.py:179} INFO - Processing /usr/local/python/3.10.13/lib/python3.10/site-packages/airflow/example_dags/example_branch_operator.py took 0.108 seconds
[2024-04-02T09:16:40.429+0000] {processor.py:157} INFO - Started process (PID=21566) to work on /usr/local/python/3.10.13/lib/python3.10/site-packages/airflow/example_dags/example_branch_operator.py
[2024-04-02T09:16:40.429+0000] {processor.py:826} INFO - Processing file /usr/local/python/3.10.13/lib/python3.10/site-packages/airflow/example_dags/example_branch_operator.py for tasks to queue
[2024-04-02T09:16:40.430+0000] {logging_mixin.py:150} INFO - [2024-04-02T09:16:40.430+0000] {dagbag.py:541} INFO - Filling up the DagBag from /usr/local/python/3.10.13/lib/python3.10/site-packages/airflow/example_dags/example_branch_operator.py
[2024-04-02T09:16:40.438+0000] {processor.py:836} INFO - DAG(s) dict_keys(['example_branch_operator']) retrieved from /usr/local/python/3.10.13/lib/python3.10/site-packages/airflow/example_dags/example_branch_operator.py
[2024-04-02T09:16:40.451+0000] {logging_mixin.py:150} INFO - [2024-04-02T09:16:40.451+0000] {dag.py:2742} INFO - Sync 1 DAGs
[2024-04-02T09:16:40.468+0000] {logging_mixin.py:150} INFO - [2024-04-02T09:16:40.468+0000] {dag.py:3504} INFO - Setting next_dagrun for example_branch_operator to 2024-04-01T00:00:00+00:00, run_after=2024-04-02T00:00:00+00:00
[2024-04-02T09:16:40.510+0000] {processor.py:179} INFO - Processing /usr/local/python/3.10.13/lib/python3.10/site-packages/airflow/example_dags/example_branch_operator.py took 0.084 seconds
[2024-04-02T09:17:40.398+0000] {processor.py:157} INFO - Started process (PID=21978) to work on /usr/local/python/3.10.13/lib/python3.10/site-packages/airflow/example_dags/example_branch_operator.py
[2024-04-02T09:17:40.399+0000] {processor.py:826} INFO - Processing file /usr/local/python/3.10.13/lib/python3.10/site-packages/airflow/example_dags/example_branch_operator.py for tasks to queue
[2024-04-02T09:17:40.401+0000] {logging_mixin.py:150} INFO - [2024-04-02T09:17:40.400+0000] {dagbag.py:541} INFO - Filling up the DagBag from /usr/local/python/3.10.13/lib/python3.10/site-packages/airflow/example_dags/example_branch_operator.py
[2024-04-02T09:17:40.412+0000] {processor.py:836} INFO - DAG(s) dict_keys(['example_branch_operator']) retrieved from /usr/local/python/3.10.13/lib/python3.10/site-packages/airflow/example_dags/example_branch_operator.py
[2024-04-02T09:17:40.432+0000] {logging_mixin.py:150} INFO - [2024-04-02T09:17:40.432+0000] {dag.py:2742} INFO - Sync 1 DAGs
[2024-04-02T09:17:40.456+0000] {logging_mixin.py:150} INFO - [2024-04-02T09:17:40.456+0000] {dag.py:3504} INFO - Setting next_dagrun for example_branch_operator to 2024-04-01T00:00:00+00:00, run_after=2024-04-02T00:00:00+00:00
[2024-04-02T09:17:40.499+0000] {processor.py:179} INFO - Processing /usr/local/python/3.10.13/lib/python3.10/site-packages/airflow/example_dags/example_branch_operator.py took 0.104 seconds
[2024-04-02T09:18:38.996+0000] {processor.py:157} INFO - Started process (PID=22382) to work on /usr/local/python/3.10.13/lib/python3.10/site-packages/airflow/example_dags/example_branch_operator.py
[2024-04-02T09:18:38.997+0000] {processor.py:826} INFO - Processing file /usr/local/python/3.10.13/lib/python3.10/site-packages/airflow/example_dags/example_branch_operator.py for tasks to queue
[2024-04-02T09:18:38.998+0000] {logging_mixin.py:150} INFO - [2024-04-02T09:18:38.998+0000] {dagbag.py:541} INFO - Filling up the DagBag from /usr/local/python/3.10.13/lib/python3.10/site-packages/airflow/example_dags/example_branch_operator.py
[2024-04-02T09:18:39.012+0000] {processor.py:836} INFO - DAG(s) dict_keys(['example_branch_operator']) retrieved from /usr/local/python/3.10.13/lib/python3.10/site-packages/airflow/example_dags/example_branch_operator.py
[2024-04-02T09:18:39.033+0000] {logging_mixin.py:150} INFO - [2024-04-02T09:18:39.033+0000] {dag.py:2742} INFO - Sync 1 DAGs
[2024-04-02T09:18:39.059+0000] {logging_mixin.py:150} INFO - [2024-04-02T09:18:39.059+0000] {dag.py:3504} INFO - Setting next_dagrun for example_branch_operator to 2024-04-01T00:00:00+00:00, run_after=2024-04-02T00:00:00+00:00
[2024-04-02T09:18:39.105+0000] {processor.py:179} INFO - Processing /usr/local/python/3.10.13/lib/python3.10/site-packages/airflow/example_dags/example_branch_operator.py took 0.119 seconds
[2024-04-02T09:19:36.526+0000] {processor.py:157} INFO - Started process (PID=22808) to work on /usr/local/python/3.10.13/lib/python3.10/site-packages/airflow/example_dags/example_branch_operator.py
[2024-04-02T09:19:36.527+0000] {processor.py:826} INFO - Processing file /usr/local/python/3.10.13/lib/python3.10/site-packages/airflow/example_dags/example_branch_operator.py for tasks to queue
[2024-04-02T09:19:36.527+0000] {logging_mixin.py:150} INFO - [2024-04-02T09:19:36.527+0000] {dagbag.py:541} INFO - Filling up the DagBag from /usr/local/python/3.10.13/lib/python3.10/site-packages/airflow/example_dags/example_branch_operator.py
[2024-04-02T09:19:36.535+0000] {processor.py:836} INFO - DAG(s) dict_keys(['example_branch_operator']) retrieved from /usr/local/python/3.10.13/lib/python3.10/site-packages/airflow/example_dags/example_branch_operator.py
[2024-04-02T09:19:36.549+0000] {logging_mixin.py:150} INFO - [2024-04-02T09:19:36.548+0000] {dag.py:2742} INFO - Sync 1 DAGs
[2024-04-02T09:19:36.565+0000] {logging_mixin.py:150} INFO - [2024-04-02T09:19:36.565+0000] {dag.py:3504} INFO - Setting next_dagrun for example_branch_operator to 2024-04-01T00:00:00+00:00, run_after=2024-04-02T00:00:00+00:00
[2024-04-02T09:19:36.607+0000] {processor.py:179} INFO - Processing /usr/local/python/3.10.13/lib/python3.10/site-packages/airflow/example_dags/example_branch_operator.py took 0.084 seconds
[2024-04-02T09:20:29.703+0000] {processor.py:157} INFO - Started process (PID=23164) to work on /usr/local/python/3.10.13/lib/python3.10/site-packages/airflow/example_dags/example_branch_operator.py
[2024-04-02T09:20:29.704+0000] {processor.py:826} INFO - Processing file /usr/local/python/3.10.13/lib/python3.10/site-packages/airflow/example_dags/example_branch_operator.py for tasks to queue
[2024-04-02T09:20:29.706+0000] {logging_mixin.py:150} INFO - [2024-04-02T09:20:29.705+0000] {dagbag.py:541} INFO - Filling up the DagBag from /usr/local/python/3.10.13/lib/python3.10/site-packages/airflow/example_dags/example_branch_operator.py
[2024-04-02T09:20:29.716+0000] {processor.py:836} INFO - DAG(s) dict_keys(['example_branch_operator']) retrieved from /usr/local/python/3.10.13/lib/python3.10/site-packages/airflow/example_dags/example_branch_operator.py
[2024-04-02T09:20:29.737+0000] {logging_mixin.py:150} INFO - [2024-04-02T09:20:29.737+0000] {dag.py:2742} INFO - Sync 1 DAGs
[2024-04-02T09:20:29.761+0000] {logging_mixin.py:150} INFO - [2024-04-02T09:20:29.761+0000] {dag.py:3504} INFO - Setting next_dagrun for example_branch_operator to 2024-04-01T00:00:00+00:00, run_after=2024-04-02T00:00:00+00:00
[2024-04-02T09:20:29.805+0000] {processor.py:179} INFO - Processing /usr/local/python/3.10.13/lib/python3.10/site-packages/airflow/example_dags/example_branch_operator.py took 0.105 seconds
[2024-04-02T09:21:26.684+0000] {processor.py:157} INFO - Started process (PID=23540) to work on /usr/local/python/3.10.13/lib/python3.10/site-packages/airflow/example_dags/example_branch_operator.py
[2024-04-02T09:21:26.685+0000] {processor.py:826} INFO - Processing file /usr/local/python/3.10.13/lib/python3.10/site-packages/airflow/example_dags/example_branch_operator.py for tasks to queue
[2024-04-02T09:21:26.685+0000] {logging_mixin.py:150} INFO - [2024-04-02T09:21:26.685+0000] {dagbag.py:541} INFO - Filling up the DagBag from /usr/local/python/3.10.13/lib/python3.10/site-packages/airflow/example_dags/example_branch_operator.py
[2024-04-02T09:21:26.693+0000] {processor.py:836} INFO - DAG(s) dict_keys(['example_branch_operator']) retrieved from /usr/local/python/3.10.13/lib/python3.10/site-packages/airflow/example_dags/example_branch_operator.py
[2024-04-02T09:21:26.707+0000] {logging_mixin.py:150} INFO - [2024-04-02T09:21:26.707+0000] {dag.py:2742} INFO - Sync 1 DAGs
[2024-04-02T09:21:26.730+0000] {logging_mixin.py:150} INFO - [2024-04-02T09:21:26.730+0000] {dag.py:3504} INFO - Setting next_dagrun for example_branch_operator to 2024-04-01T00:00:00+00:00, run_after=2024-04-02T00:00:00+00:00
[2024-04-02T09:21:26.774+0000] {processor.py:179} INFO - Processing /usr/local/python/3.10.13/lib/python3.10/site-packages/airflow/example_dags/example_branch_operator.py took 0.093 seconds
[2024-04-02T09:22:22.319+0000] {processor.py:157} INFO - Started process (PID=23931) to work on /usr/local/python/3.10.13/lib/python3.10/site-packages/airflow/example_dags/example_branch_operator.py
[2024-04-02T09:22:22.320+0000] {processor.py:826} INFO - Processing file /usr/local/python/3.10.13/lib/python3.10/site-packages/airflow/example_dags/example_branch_operator.py for tasks to queue
[2024-04-02T09:22:22.320+0000] {logging_mixin.py:150} INFO - [2024-04-02T09:22:22.320+0000] {dagbag.py:541} INFO - Filling up the DagBag from /usr/local/python/3.10.13/lib/python3.10/site-packages/airflow/example_dags/example_branch_operator.py
[2024-04-02T09:22:22.328+0000] {processor.py:836} INFO - DAG(s) dict_keys(['example_branch_operator']) retrieved from /usr/local/python/3.10.13/lib/python3.10/site-packages/airflow/example_dags/example_branch_operator.py
[2024-04-02T09:22:22.342+0000] {logging_mixin.py:150} INFO - [2024-04-02T09:22:22.341+0000] {dag.py:2742} INFO - Sync 1 DAGs
[2024-04-02T09:22:22.358+0000] {logging_mixin.py:150} INFO - [2024-04-02T09:22:22.358+0000] {dag.py:3504} INFO - Setting next_dagrun for example_branch_operator to 2024-04-01T00:00:00+00:00, run_after=2024-04-02T00:00:00+00:00
[2024-04-02T09:22:22.398+0000] {processor.py:179} INFO - Processing /usr/local/python/3.10.13/lib/python3.10/site-packages/airflow/example_dags/example_branch_operator.py took 0.082 seconds
[2024-04-02T09:23:20.885+0000] {processor.py:157} INFO - Started process (PID=24336) to work on /usr/local/python/3.10.13/lib/python3.10/site-packages/airflow/example_dags/example_branch_operator.py
[2024-04-02T09:23:20.885+0000] {processor.py:826} INFO - Processing file /usr/local/python/3.10.13/lib/python3.10/site-packages/airflow/example_dags/example_branch_operator.py for tasks to queue
[2024-04-02T09:23:20.886+0000] {logging_mixin.py:150} INFO - [2024-04-02T09:23:20.886+0000] {dagbag.py:541} INFO - Filling up the DagBag from /usr/local/python/3.10.13/lib/python3.10/site-packages/airflow/example_dags/example_branch_operator.py
[2024-04-02T09:23:20.894+0000] {processor.py:836} INFO - DAG(s) dict_keys(['example_branch_operator']) retrieved from /usr/local/python/3.10.13/lib/python3.10/site-packages/airflow/example_dags/example_branch_operator.py
[2024-04-02T09:23:20.909+0000] {logging_mixin.py:150} INFO - [2024-04-02T09:23:20.909+0000] {dag.py:2742} INFO - Sync 1 DAGs
[2024-04-02T09:23:20.927+0000] {logging_mixin.py:150} INFO - [2024-04-02T09:23:20.927+0000] {dag.py:3504} INFO - Setting next_dagrun for example_branch_operator to 2024-04-01T00:00:00+00:00, run_after=2024-04-02T00:00:00+00:00
[2024-04-02T09:23:20.965+0000] {processor.py:179} INFO - Processing /usr/local/python/3.10.13/lib/python3.10/site-packages/airflow/example_dags/example_branch_operator.py took 0.082 seconds
[2024-04-02T09:24:23.994+0000] {processor.py:157} INFO - Started process (PID=24765) to work on /usr/local/python/3.10.13/lib/python3.10/site-packages/airflow/example_dags/example_branch_operator.py
[2024-04-02T09:24:23.995+0000] {processor.py:826} INFO - Processing file /usr/local/python/3.10.13/lib/python3.10/site-packages/airflow/example_dags/example_branch_operator.py for tasks to queue
[2024-04-02T09:24:23.996+0000] {logging_mixin.py:150} INFO - [2024-04-02T09:24:23.995+0000] {dagbag.py:541} INFO - Filling up the DagBag from /usr/local/python/3.10.13/lib/python3.10/site-packages/airflow/example_dags/example_branch_operator.py
[2024-04-02T09:24:24.006+0000] {processor.py:836} INFO - DAG(s) dict_keys(['example_branch_operator']) retrieved from /usr/local/python/3.10.13/lib/python3.10/site-packages/airflow/example_dags/example_branch_operator.py
[2024-04-02T09:24:24.028+0000] {logging_mixin.py:150} INFO - [2024-04-02T09:24:24.027+0000] {dag.py:2742} INFO - Sync 1 DAGs
[2024-04-02T09:24:24.046+0000] {logging_mixin.py:150} INFO - [2024-04-02T09:24:24.046+0000] {dag.py:3504} INFO - Setting next_dagrun for example_branch_operator to 2024-04-01T00:00:00+00:00, run_after=2024-04-02T00:00:00+00:00
[2024-04-02T09:24:24.086+0000] {processor.py:179} INFO - Processing /usr/local/python/3.10.13/lib/python3.10/site-packages/airflow/example_dags/example_branch_operator.py took 0.095 seconds
[2024-04-02T09:25:24.351+0000] {processor.py:157} INFO - Started process (PID=25199) to work on /usr/local/python/3.10.13/lib/python3.10/site-packages/airflow/example_dags/example_branch_operator.py
[2024-04-02T09:25:24.352+0000] {processor.py:826} INFO - Processing file /usr/local/python/3.10.13/lib/python3.10/site-packages/airflow/example_dags/example_branch_operator.py for tasks to queue
[2024-04-02T09:25:24.353+0000] {logging_mixin.py:150} INFO - [2024-04-02T09:25:24.352+0000] {dagbag.py:541} INFO - Filling up the DagBag from /usr/local/python/3.10.13/lib/python3.10/site-packages/airflow/example_dags/example_branch_operator.py
[2024-04-02T09:25:24.360+0000] {processor.py:836} INFO - DAG(s) dict_keys(['example_branch_operator']) retrieved from /usr/local/python/3.10.13/lib/python3.10/site-packages/airflow/example_dags/example_branch_operator.py
[2024-04-02T09:25:24.374+0000] {logging_mixin.py:150} INFO - [2024-04-02T09:25:24.374+0000] {dag.py:2742} INFO - Sync 1 DAGs
[2024-04-02T09:25:24.390+0000] {logging_mixin.py:150} INFO - [2024-04-02T09:25:24.390+0000] {dag.py:3504} INFO - Setting next_dagrun for example_branch_operator to 2024-04-01T00:00:00+00:00, run_after=2024-04-02T00:00:00+00:00
[2024-04-02T09:25:24.429+0000] {processor.py:179} INFO - Processing /usr/local/python/3.10.13/lib/python3.10/site-packages/airflow/example_dags/example_branch_operator.py took 0.080 seconds
[2024-04-02T09:26:31.111+0000] {processor.py:157} INFO - Started process (PID=25638) to work on /usr/local/python/3.10.13/lib/python3.10/site-packages/airflow/example_dags/example_branch_operator.py
[2024-04-02T09:26:31.112+0000] {processor.py:826} INFO - Processing file /usr/local/python/3.10.13/lib/python3.10/site-packages/airflow/example_dags/example_branch_operator.py for tasks to queue
[2024-04-02T09:26:31.113+0000] {logging_mixin.py:150} INFO - [2024-04-02T09:26:31.113+0000] {dagbag.py:541} INFO - Filling up the DagBag from /usr/local/python/3.10.13/lib/python3.10/site-packages/airflow/example_dags/example_branch_operator.py
[2024-04-02T09:26:31.124+0000] {processor.py:836} INFO - DAG(s) dict_keys(['example_branch_operator']) retrieved from /usr/local/python/3.10.13/lib/python3.10/site-packages/airflow/example_dags/example_branch_operator.py
[2024-04-02T09:26:31.146+0000] {logging_mixin.py:150} INFO - [2024-04-02T09:26:31.146+0000] {dag.py:2742} INFO - Sync 1 DAGs
[2024-04-02T09:26:31.176+0000] {logging_mixin.py:150} INFO - [2024-04-02T09:26:31.176+0000] {dag.py:3504} INFO - Setting next_dagrun for example_branch_operator to 2024-04-01T00:00:00+00:00, run_after=2024-04-02T00:00:00+00:00
[2024-04-02T09:26:31.227+0000] {processor.py:179} INFO - Processing /usr/local/python/3.10.13/lib/python3.10/site-packages/airflow/example_dags/example_branch_operator.py took 0.119 seconds
[2024-04-02T09:27:29.588+0000] {processor.py:157} INFO - Started process (PID=26046) to work on /usr/local/python/3.10.13/lib/python3.10/site-packages/airflow/example_dags/example_branch_operator.py
[2024-04-02T09:27:29.589+0000] {processor.py:826} INFO - Processing file /usr/local/python/3.10.13/lib/python3.10/site-packages/airflow/example_dags/example_branch_operator.py for tasks to queue
[2024-04-02T09:27:29.590+0000] {logging_mixin.py:150} INFO - [2024-04-02T09:27:29.590+0000] {dagbag.py:541} INFO - Filling up the DagBag from /usr/local/python/3.10.13/lib/python3.10/site-packages/airflow/example_dags/example_branch_operator.py
[2024-04-02T09:27:29.613+0000] {processor.py:836} INFO - DAG(s) dict_keys(['example_branch_operator']) retrieved from /usr/local/python/3.10.13/lib/python3.10/site-packages/airflow/example_dags/example_branch_operator.py
[2024-04-02T09:27:29.637+0000] {logging_mixin.py:150} INFO - [2024-04-02T09:27:29.636+0000] {dag.py:2742} INFO - Sync 1 DAGs
[2024-04-02T09:27:29.665+0000] {logging_mixin.py:150} INFO - [2024-04-02T09:27:29.665+0000] {dag.py:3504} INFO - Setting next_dagrun for example_branch_operator to 2024-04-01T00:00:00+00:00, run_after=2024-04-02T00:00:00+00:00
[2024-04-02T09:27:29.903+0000] {processor.py:179} INFO - Processing /usr/local/python/3.10.13/lib/python3.10/site-packages/airflow/example_dags/example_branch_operator.py took 0.318 seconds
[2024-04-02T09:28:32.794+0000] {processor.py:157} INFO - Started process (PID=26463) to work on /usr/local/python/3.10.13/lib/python3.10/site-packages/airflow/example_dags/example_branch_operator.py
[2024-04-02T09:28:32.797+0000] {processor.py:826} INFO - Processing file /usr/local/python/3.10.13/lib/python3.10/site-packages/airflow/example_dags/example_branch_operator.py for tasks to queue
[2024-04-02T09:28:32.798+0000] {logging_mixin.py:150} INFO - [2024-04-02T09:28:32.797+0000] {dagbag.py:541} INFO - Filling up the DagBag from /usr/local/python/3.10.13/lib/python3.10/site-packages/airflow/example_dags/example_branch_operator.py
[2024-04-02T09:28:32.808+0000] {processor.py:836} INFO - DAG(s) dict_keys(['example_branch_operator']) retrieved from /usr/local/python/3.10.13/lib/python3.10/site-packages/airflow/example_dags/example_branch_operator.py
[2024-04-02T09:28:32.825+0000] {logging_mixin.py:150} INFO - [2024-04-02T09:28:32.825+0000] {dag.py:2742} INFO - Sync 1 DAGs
[2024-04-02T09:28:32.925+0000] {logging_mixin.py:150} INFO - [2024-04-02T09:28:32.925+0000] {dag.py:3504} INFO - Setting next_dagrun for example_branch_operator to 2024-04-01T00:00:00+00:00, run_after=2024-04-02T00:00:00+00:00
[2024-04-02T09:28:32.963+0000] {processor.py:179} INFO - Processing /usr/local/python/3.10.13/lib/python3.10/site-packages/airflow/example_dags/example_branch_operator.py took 0.173 seconds
[2024-04-02T09:29:33.024+0000] {processor.py:157} INFO - Started process (PID=26900) to work on /usr/local/python/3.10.13/lib/python3.10/site-packages/airflow/example_dags/example_branch_operator.py
[2024-04-02T09:29:33.025+0000] {processor.py:826} INFO - Processing file /usr/local/python/3.10.13/lib/python3.10/site-packages/airflow/example_dags/example_branch_operator.py for tasks to queue
[2024-04-02T09:29:33.026+0000] {logging_mixin.py:150} INFO - [2024-04-02T09:29:33.026+0000] {dagbag.py:541} INFO - Filling up the DagBag from /usr/local/python/3.10.13/lib/python3.10/site-packages/airflow/example_dags/example_branch_operator.py
[2024-04-02T09:29:33.033+0000] {processor.py:836} INFO - DAG(s) dict_keys(['example_branch_operator']) retrieved from /usr/local/python/3.10.13/lib/python3.10/site-packages/airflow/example_dags/example_branch_operator.py
[2024-04-02T09:29:33.047+0000] {logging_mixin.py:150} INFO - [2024-04-02T09:29:33.047+0000] {dag.py:2742} INFO - Sync 1 DAGs
[2024-04-02T09:29:33.064+0000] {logging_mixin.py:150} INFO - [2024-04-02T09:29:33.064+0000] {dag.py:3504} INFO - Setting next_dagrun for example_branch_operator to 2024-04-01T00:00:00+00:00, run_after=2024-04-02T00:00:00+00:00
[2024-04-02T09:29:33.102+0000] {processor.py:179} INFO - Processing /usr/local/python/3.10.13/lib/python3.10/site-packages/airflow/example_dags/example_branch_operator.py took 0.080 seconds
[2024-04-02T09:30:23.414+0000] {processor.py:157} INFO - Started process (PID=27281) to work on /usr/local/python/3.10.13/lib/python3.10/site-packages/airflow/example_dags/example_branch_operator.py
[2024-04-02T09:30:23.415+0000] {processor.py:826} INFO - Processing file /usr/local/python/3.10.13/lib/python3.10/site-packages/airflow/example_dags/example_branch_operator.py for tasks to queue
[2024-04-02T09:30:23.417+0000] {logging_mixin.py:150} INFO - [2024-04-02T09:30:23.416+0000] {dagbag.py:541} INFO - Filling up the DagBag from /usr/local/python/3.10.13/lib/python3.10/site-packages/airflow/example_dags/example_branch_operator.py
[2024-04-02T09:30:23.448+0000] {processor.py:836} INFO - DAG(s) dict_keys(['example_branch_operator']) retrieved from /usr/local/python/3.10.13/lib/python3.10/site-packages/airflow/example_dags/example_branch_operator.py
[2024-04-02T09:30:23.470+0000] {logging_mixin.py:150} INFO - [2024-04-02T09:30:23.470+0000] {dag.py:2742} INFO - Sync 1 DAGs
[2024-04-02T09:30:23.498+0000] {logging_mixin.py:150} INFO - [2024-04-02T09:30:23.497+0000] {dag.py:3504} INFO - Setting next_dagrun for example_branch_operator to 2024-04-01T00:00:00+00:00, run_after=2024-04-02T00:00:00+00:00
[2024-04-02T09:30:23.552+0000] {processor.py:179} INFO - Processing /usr/local/python/3.10.13/lib/python3.10/site-packages/airflow/example_dags/example_branch_operator.py took 0.140 seconds
[2024-04-02T09:31:25.843+0000] {processor.py:157} INFO - Started process (PID=27699) to work on /usr/local/python/3.10.13/lib/python3.10/site-packages/airflow/example_dags/example_branch_operator.py
[2024-04-02T09:31:25.845+0000] {processor.py:826} INFO - Processing file /usr/local/python/3.10.13/lib/python3.10/site-packages/airflow/example_dags/example_branch_operator.py for tasks to queue
[2024-04-02T09:31:25.846+0000] {logging_mixin.py:150} INFO - [2024-04-02T09:31:25.846+0000] {dagbag.py:541} INFO - Filling up the DagBag from /usr/local/python/3.10.13/lib/python3.10/site-packages/airflow/example_dags/example_branch_operator.py
[2024-04-02T09:31:25.858+0000] {processor.py:836} INFO - DAG(s) dict_keys(['example_branch_operator']) retrieved from /usr/local/python/3.10.13/lib/python3.10/site-packages/airflow/example_dags/example_branch_operator.py
[2024-04-02T09:31:25.880+0000] {logging_mixin.py:150} INFO - [2024-04-02T09:31:25.880+0000] {dag.py:2742} INFO - Sync 1 DAGs
[2024-04-02T09:31:25.906+0000] {logging_mixin.py:150} INFO - [2024-04-02T09:31:25.906+0000] {dag.py:3504} INFO - Setting next_dagrun for example_branch_operator to 2024-04-01T00:00:00+00:00, run_after=2024-04-02T00:00:00+00:00
[2024-04-02T09:31:25.954+0000] {processor.py:179} INFO - Processing /usr/local/python/3.10.13/lib/python3.10/site-packages/airflow/example_dags/example_branch_operator.py took 0.114 seconds
[2024-04-02T09:32:22.731+0000] {processor.py:157} INFO - Started process (PID=28091) to work on /usr/local/python/3.10.13/lib/python3.10/site-packages/airflow/example_dags/example_branch_operator.py
[2024-04-02T09:32:22.732+0000] {processor.py:826} INFO - Processing file /usr/local/python/3.10.13/lib/python3.10/site-packages/airflow/example_dags/example_branch_operator.py for tasks to queue
[2024-04-02T09:32:22.733+0000] {logging_mixin.py:150} INFO - [2024-04-02T09:32:22.733+0000] {dagbag.py:541} INFO - Filling up the DagBag from /usr/local/python/3.10.13/lib/python3.10/site-packages/airflow/example_dags/example_branch_operator.py
[2024-04-02T09:32:22.745+0000] {processor.py:836} INFO - DAG(s) dict_keys(['example_branch_operator']) retrieved from /usr/local/python/3.10.13/lib/python3.10/site-packages/airflow/example_dags/example_branch_operator.py
[2024-04-02T09:32:22.766+0000] {logging_mixin.py:150} INFO - [2024-04-02T09:32:22.766+0000] {dag.py:2742} INFO - Sync 1 DAGs
[2024-04-02T09:32:22.791+0000] {logging_mixin.py:150} INFO - [2024-04-02T09:32:22.791+0000] {dag.py:3504} INFO - Setting next_dagrun for example_branch_operator to 2024-04-01T00:00:00+00:00, run_after=2024-04-02T00:00:00+00:00
[2024-04-02T09:32:22.838+0000] {processor.py:179} INFO - Processing /usr/local/python/3.10.13/lib/python3.10/site-packages/airflow/example_dags/example_branch_operator.py took 0.110 seconds
[2024-04-02T09:33:22.788+0000] {processor.py:157} INFO - Started process (PID=28485) to work on /usr/local/python/3.10.13/lib/python3.10/site-packages/airflow/example_dags/example_branch_operator.py
[2024-04-02T09:33:22.789+0000] {processor.py:826} INFO - Processing file /usr/local/python/3.10.13/lib/python3.10/site-packages/airflow/example_dags/example_branch_operator.py for tasks to queue
[2024-04-02T09:33:22.790+0000] {logging_mixin.py:150} INFO - [2024-04-02T09:33:22.790+0000] {dagbag.py:541} INFO - Filling up the DagBag from /usr/local/python/3.10.13/lib/python3.10/site-packages/airflow/example_dags/example_branch_operator.py
[2024-04-02T09:33:22.801+0000] {processor.py:836} INFO - DAG(s) dict_keys(['example_branch_operator']) retrieved from /usr/local/python/3.10.13/lib/python3.10/site-packages/airflow/example_dags/example_branch_operator.py
[2024-04-02T09:33:22.822+0000] {logging_mixin.py:150} INFO - [2024-04-02T09:33:22.822+0000] {dag.py:2742} INFO - Sync 1 DAGs
[2024-04-02T09:33:22.846+0000] {logging_mixin.py:150} INFO - [2024-04-02T09:33:22.846+0000] {dag.py:3504} INFO - Setting next_dagrun for example_branch_operator to 2024-04-01T00:00:00+00:00, run_after=2024-04-02T00:00:00+00:00
[2024-04-02T09:33:22.893+0000] {processor.py:179} INFO - Processing /usr/local/python/3.10.13/lib/python3.10/site-packages/airflow/example_dags/example_branch_operator.py took 0.108 seconds
[2024-04-02T09:34:19.056+0000] {processor.py:157} INFO - Started process (PID=28881) to work on /usr/local/python/3.10.13/lib/python3.10/site-packages/airflow/example_dags/example_branch_operator.py
[2024-04-02T09:34:19.056+0000] {processor.py:826} INFO - Processing file /usr/local/python/3.10.13/lib/python3.10/site-packages/airflow/example_dags/example_branch_operator.py for tasks to queue
[2024-04-02T09:34:19.057+0000] {logging_mixin.py:150} INFO - [2024-04-02T09:34:19.057+0000] {dagbag.py:541} INFO - Filling up the DagBag from /usr/local/python/3.10.13/lib/python3.10/site-packages/airflow/example_dags/example_branch_operator.py
[2024-04-02T09:34:19.065+0000] {processor.py:836} INFO - DAG(s) dict_keys(['example_branch_operator']) retrieved from /usr/local/python/3.10.13/lib/python3.10/site-packages/airflow/example_dags/example_branch_operator.py
[2024-04-02T09:34:19.079+0000] {logging_mixin.py:150} INFO - [2024-04-02T09:34:19.079+0000] {dag.py:2742} INFO - Sync 1 DAGs
[2024-04-02T09:34:19.096+0000] {logging_mixin.py:150} INFO - [2024-04-02T09:34:19.095+0000] {dag.py:3504} INFO - Setting next_dagrun for example_branch_operator to 2024-04-01T00:00:00+00:00, run_after=2024-04-02T00:00:00+00:00
[2024-04-02T09:34:19.137+0000] {processor.py:179} INFO - Processing /usr/local/python/3.10.13/lib/python3.10/site-packages/airflow/example_dags/example_branch_operator.py took 0.084 seconds
[2024-04-02T09:35:17.157+0000] {processor.py:157} INFO - Started process (PID=29309) to work on /usr/local/python/3.10.13/lib/python3.10/site-packages/airflow/example_dags/example_branch_operator.py
[2024-04-02T09:35:17.158+0000] {processor.py:826} INFO - Processing file /usr/local/python/3.10.13/lib/python3.10/site-packages/airflow/example_dags/example_branch_operator.py for tasks to queue
[2024-04-02T09:35:17.159+0000] {logging_mixin.py:150} INFO - [2024-04-02T09:35:17.158+0000] {dagbag.py:541} INFO - Filling up the DagBag from /usr/local/python/3.10.13/lib/python3.10/site-packages/airflow/example_dags/example_branch_operator.py
[2024-04-02T09:35:17.166+0000] {processor.py:836} INFO - DAG(s) dict_keys(['example_branch_operator']) retrieved from /usr/local/python/3.10.13/lib/python3.10/site-packages/airflow/example_dags/example_branch_operator.py
[2024-04-02T09:35:17.180+0000] {logging_mixin.py:150} INFO - [2024-04-02T09:35:17.180+0000] {dag.py:2742} INFO - Sync 1 DAGs
[2024-04-02T09:35:17.197+0000] {logging_mixin.py:150} INFO - [2024-04-02T09:35:17.197+0000] {dag.py:3504} INFO - Setting next_dagrun for example_branch_operator to 2024-04-01T00:00:00+00:00, run_after=2024-04-02T00:00:00+00:00
[2024-04-02T09:35:17.239+0000] {processor.py:179} INFO - Processing /usr/local/python/3.10.13/lib/python3.10/site-packages/airflow/example_dags/example_branch_operator.py took 0.084 seconds
[2024-04-02T09:36:08.571+0000] {processor.py:157} INFO - Started process (PID=29661) to work on /usr/local/python/3.10.13/lib/python3.10/site-packages/airflow/example_dags/example_branch_operator.py
[2024-04-02T09:36:08.572+0000] {processor.py:826} INFO - Processing file /usr/local/python/3.10.13/lib/python3.10/site-packages/airflow/example_dags/example_branch_operator.py for tasks to queue
[2024-04-02T09:36:08.574+0000] {logging_mixin.py:150} INFO - [2024-04-02T09:36:08.573+0000] {dagbag.py:541} INFO - Filling up the DagBag from /usr/local/python/3.10.13/lib/python3.10/site-packages/airflow/example_dags/example_branch_operator.py
[2024-04-02T09:36:08.586+0000] {processor.py:836} INFO - DAG(s) dict_keys(['example_branch_operator']) retrieved from /usr/local/python/3.10.13/lib/python3.10/site-packages/airflow/example_dags/example_branch_operator.py
[2024-04-02T09:36:08.610+0000] {logging_mixin.py:150} INFO - [2024-04-02T09:36:08.609+0000] {dag.py:2742} INFO - Sync 1 DAGs
[2024-04-02T09:36:08.639+0000] {logging_mixin.py:150} INFO - [2024-04-02T09:36:08.638+0000] {dag.py:3504} INFO - Setting next_dagrun for example_branch_operator to 2024-04-01T00:00:00+00:00, run_after=2024-04-02T00:00:00+00:00
[2024-04-02T09:36:08.685+0000] {processor.py:179} INFO - Processing /usr/local/python/3.10.13/lib/python3.10/site-packages/airflow/example_dags/example_branch_operator.py took 0.118 seconds
[2024-04-02T09:37:06.829+0000] {processor.py:157} INFO - Started process (PID=30041) to work on /usr/local/python/3.10.13/lib/python3.10/site-packages/airflow/example_dags/example_branch_operator.py
[2024-04-02T09:37:06.830+0000] {processor.py:826} INFO - Processing file /usr/local/python/3.10.13/lib/python3.10/site-packages/airflow/example_dags/example_branch_operator.py for tasks to queue
[2024-04-02T09:37:06.831+0000] {logging_mixin.py:150} INFO - [2024-04-02T09:37:06.831+0000] {dagbag.py:541} INFO - Filling up the DagBag from /usr/local/python/3.10.13/lib/python3.10/site-packages/airflow/example_dags/example_branch_operator.py
[2024-04-02T09:37:06.843+0000] {processor.py:836} INFO - DAG(s) dict_keys(['example_branch_operator']) retrieved from /usr/local/python/3.10.13/lib/python3.10/site-packages/airflow/example_dags/example_branch_operator.py
[2024-04-02T09:37:06.866+0000] {logging_mixin.py:150} INFO - [2024-04-02T09:37:06.866+0000] {dag.py:2742} INFO - Sync 1 DAGs
[2024-04-02T09:37:06.904+0000] {logging_mixin.py:150} INFO - [2024-04-02T09:37:06.904+0000] {dag.py:3504} INFO - Setting next_dagrun for example_branch_operator to 2024-04-01T00:00:00+00:00, run_after=2024-04-02T00:00:00+00:00
[2024-04-02T09:37:06.965+0000] {processor.py:179} INFO - Processing /usr/local/python/3.10.13/lib/python3.10/site-packages/airflow/example_dags/example_branch_operator.py took 0.140 seconds
[2024-04-02T09:38:01.560+0000] {processor.py:157} INFO - Started process (PID=30427) to work on /usr/local/python/3.10.13/lib/python3.10/site-packages/airflow/example_dags/example_branch_operator.py
[2024-04-02T09:38:01.560+0000] {processor.py:826} INFO - Processing file /usr/local/python/3.10.13/lib/python3.10/site-packages/airflow/example_dags/example_branch_operator.py for tasks to queue
[2024-04-02T09:38:01.561+0000] {logging_mixin.py:150} INFO - [2024-04-02T09:38:01.561+0000] {dagbag.py:541} INFO - Filling up the DagBag from /usr/local/python/3.10.13/lib/python3.10/site-packages/airflow/example_dags/example_branch_operator.py
[2024-04-02T09:38:01.569+0000] {processor.py:836} INFO - DAG(s) dict_keys(['example_branch_operator']) retrieved from /usr/local/python/3.10.13/lib/python3.10/site-packages/airflow/example_dags/example_branch_operator.py
[2024-04-02T09:38:01.598+0000] {logging_mixin.py:150} INFO - [2024-04-02T09:38:01.598+0000] {dag.py:2742} INFO - Sync 1 DAGs
[2024-04-02T09:38:01.626+0000] {logging_mixin.py:150} INFO - [2024-04-02T09:38:01.626+0000] {dag.py:3504} INFO - Setting next_dagrun for example_branch_operator to 2024-04-01T00:00:00+00:00, run_after=2024-04-02T00:00:00+00:00
[2024-04-02T09:38:01.670+0000] {processor.py:179} INFO - Processing /usr/local/python/3.10.13/lib/python3.10/site-packages/airflow/example_dags/example_branch_operator.py took 0.113 seconds
[2024-04-02T09:38:59.174+0000] {processor.py:157} INFO - Started process (PID=30809) to work on /usr/local/python/3.10.13/lib/python3.10/site-packages/airflow/example_dags/example_branch_operator.py
[2024-04-02T09:38:59.175+0000] {processor.py:826} INFO - Processing file /usr/local/python/3.10.13/lib/python3.10/site-packages/airflow/example_dags/example_branch_operator.py for tasks to queue
[2024-04-02T09:38:59.176+0000] {logging_mixin.py:150} INFO - [2024-04-02T09:38:59.175+0000] {dagbag.py:541} INFO - Filling up the DagBag from /usr/local/python/3.10.13/lib/python3.10/site-packages/airflow/example_dags/example_branch_operator.py
[2024-04-02T09:38:59.183+0000] {processor.py:836} INFO - DAG(s) dict_keys(['example_branch_operator']) retrieved from /usr/local/python/3.10.13/lib/python3.10/site-packages/airflow/example_dags/example_branch_operator.py
[2024-04-02T09:38:59.197+0000] {logging_mixin.py:150} INFO - [2024-04-02T09:38:59.197+0000] {dag.py:2742} INFO - Sync 1 DAGs
[2024-04-02T09:38:59.214+0000] {logging_mixin.py:150} INFO - [2024-04-02T09:38:59.214+0000] {dag.py:3504} INFO - Setting next_dagrun for example_branch_operator to 2024-04-01T00:00:00+00:00, run_after=2024-04-02T00:00:00+00:00
[2024-04-02T09:38:59.251+0000] {processor.py:179} INFO - Processing /usr/local/python/3.10.13/lib/python3.10/site-packages/airflow/example_dags/example_branch_operator.py took 0.079 seconds
[2024-04-02T09:39:56.476+0000] {processor.py:157} INFO - Started process (PID=31261) to work on /usr/local/python/3.10.13/lib/python3.10/site-packages/airflow/example_dags/example_branch_operator.py
[2024-04-02T09:39:56.477+0000] {processor.py:826} INFO - Processing file /usr/local/python/3.10.13/lib/python3.10/site-packages/airflow/example_dags/example_branch_operator.py for tasks to queue
[2024-04-02T09:39:56.477+0000] {logging_mixin.py:150} INFO - [2024-04-02T09:39:56.477+0000] {dagbag.py:541} INFO - Filling up the DagBag from /usr/local/python/3.10.13/lib/python3.10/site-packages/airflow/example_dags/example_branch_operator.py
[2024-04-02T09:39:56.487+0000] {processor.py:836} INFO - DAG(s) dict_keys(['example_branch_operator']) retrieved from /usr/local/python/3.10.13/lib/python3.10/site-packages/airflow/example_dags/example_branch_operator.py
[2024-04-02T09:39:56.513+0000] {logging_mixin.py:150} INFO - [2024-04-02T09:39:56.513+0000] {dag.py:2742} INFO - Sync 1 DAGs
[2024-04-02T09:39:56.539+0000] {logging_mixin.py:150} INFO - [2024-04-02T09:39:56.539+0000] {dag.py:3504} INFO - Setting next_dagrun for example_branch_operator to 2024-04-01T00:00:00+00:00, run_after=2024-04-02T00:00:00+00:00
[2024-04-02T09:39:56.580+0000] {processor.py:179} INFO - Processing /usr/local/python/3.10.13/lib/python3.10/site-packages/airflow/example_dags/example_branch_operator.py took 0.107 seconds
[2024-04-02T09:40:53.624+0000] {processor.py:157} INFO - Started process (PID=31657) to work on /usr/local/python/3.10.13/lib/python3.10/site-packages/airflow/example_dags/example_branch_operator.py
[2024-04-02T09:40:53.625+0000] {processor.py:826} INFO - Processing file /usr/local/python/3.10.13/lib/python3.10/site-packages/airflow/example_dags/example_branch_operator.py for tasks to queue
[2024-04-02T09:40:53.625+0000] {logging_mixin.py:150} INFO - [2024-04-02T09:40:53.625+0000] {dagbag.py:541} INFO - Filling up the DagBag from /usr/local/python/3.10.13/lib/python3.10/site-packages/airflow/example_dags/example_branch_operator.py
[2024-04-02T09:40:53.633+0000] {processor.py:836} INFO - DAG(s) dict_keys(['example_branch_operator']) retrieved from /usr/local/python/3.10.13/lib/python3.10/site-packages/airflow/example_dags/example_branch_operator.py
[2024-04-02T09:40:53.647+0000] {logging_mixin.py:150} INFO - [2024-04-02T09:40:53.647+0000] {dag.py:2742} INFO - Sync 1 DAGs
[2024-04-02T09:40:53.667+0000] {logging_mixin.py:150} INFO - [2024-04-02T09:40:53.667+0000] {dag.py:3504} INFO - Setting next_dagrun for example_branch_operator to 2024-04-01T00:00:00+00:00, run_after=2024-04-02T00:00:00+00:00
[2024-04-02T09:40:53.708+0000] {processor.py:179} INFO - Processing /usr/local/python/3.10.13/lib/python3.10/site-packages/airflow/example_dags/example_branch_operator.py took 0.086 seconds
[2024-04-02T09:41:49.646+0000] {processor.py:157} INFO - Started process (PID=32031) to work on /usr/local/python/3.10.13/lib/python3.10/site-packages/airflow/example_dags/example_branch_operator.py
[2024-04-02T09:41:49.647+0000] {processor.py:826} INFO - Processing file /usr/local/python/3.10.13/lib/python3.10/site-packages/airflow/example_dags/example_branch_operator.py for tasks to queue
[2024-04-02T09:41:49.647+0000] {logging_mixin.py:150} INFO - [2024-04-02T09:41:49.647+0000] {dagbag.py:541} INFO - Filling up the DagBag from /usr/local/python/3.10.13/lib/python3.10/site-packages/airflow/example_dags/example_branch_operator.py
[2024-04-02T09:41:49.655+0000] {processor.py:836} INFO - DAG(s) dict_keys(['example_branch_operator']) retrieved from /usr/local/python/3.10.13/lib/python3.10/site-packages/airflow/example_dags/example_branch_operator.py
[2024-04-02T09:41:49.670+0000] {logging_mixin.py:150} INFO - [2024-04-02T09:41:49.669+0000] {dag.py:2742} INFO - Sync 1 DAGs
[2024-04-02T09:41:49.686+0000] {logging_mixin.py:150} INFO - [2024-04-02T09:41:49.686+0000] {dag.py:3504} INFO - Setting next_dagrun for example_branch_operator to 2024-04-01T00:00:00+00:00, run_after=2024-04-02T00:00:00+00:00
[2024-04-02T09:41:49.730+0000] {processor.py:179} INFO - Processing /usr/local/python/3.10.13/lib/python3.10/site-packages/airflow/example_dags/example_branch_operator.py took 0.086 seconds
[2024-04-02T09:42:47.165+0000] {processor.py:157} INFO - Started process (PID=32430) to work on /usr/local/python/3.10.13/lib/python3.10/site-packages/airflow/example_dags/example_branch_operator.py
[2024-04-02T09:42:47.165+0000] {processor.py:826} INFO - Processing file /usr/local/python/3.10.13/lib/python3.10/site-packages/airflow/example_dags/example_branch_operator.py for tasks to queue
[2024-04-02T09:42:47.166+0000] {logging_mixin.py:150} INFO - [2024-04-02T09:42:47.166+0000] {dagbag.py:541} INFO - Filling up the DagBag from /usr/local/python/3.10.13/lib/python3.10/site-packages/airflow/example_dags/example_branch_operator.py
[2024-04-02T09:42:47.173+0000] {processor.py:836} INFO - DAG(s) dict_keys(['example_branch_operator']) retrieved from /usr/local/python/3.10.13/lib/python3.10/site-packages/airflow/example_dags/example_branch_operator.py
[2024-04-02T09:42:47.188+0000] {logging_mixin.py:150} INFO - [2024-04-02T09:42:47.188+0000] {dag.py:2742} INFO - Sync 1 DAGs
[2024-04-02T09:42:47.204+0000] {logging_mixin.py:150} INFO - [2024-04-02T09:42:47.204+0000] {dag.py:3504} INFO - Setting next_dagrun for example_branch_operator to 2024-04-01T00:00:00+00:00, run_after=2024-04-02T00:00:00+00:00
[2024-04-02T09:42:47.243+0000] {processor.py:179} INFO - Processing /usr/local/python/3.10.13/lib/python3.10/site-packages/airflow/example_dags/example_branch_operator.py took 0.081 seconds
