[2024-04-02T08:57:04.475+0000] {processor.py:157} INFO - Started process (PID=11520) to work on /usr/local/python/3.10.13/lib/python3.10/site-packages/airflow/example_dags/example_nested_branch_dag.py
[2024-04-02T08:57:04.475+0000] {processor.py:826} INFO - Processing file /usr/local/python/3.10.13/lib/python3.10/site-packages/airflow/example_dags/example_nested_branch_dag.py for tasks to queue
[2024-04-02T08:57:04.476+0000] {logging_mixin.py:150} INFO - [2024-04-02T08:57:04.476+0000] {dagbag.py:541} INFO - Filling up the DagBag from /usr/local/python/3.10.13/lib/python3.10/site-packages/airflow/example_dags/example_nested_branch_dag.py
[2024-04-02T08:57:04.490+0000] {processor.py:836} INFO - DAG(s) dict_keys(['example_nested_branch_dag']) retrieved from /usr/local/python/3.10.13/lib/python3.10/site-packages/airflow/example_dags/example_nested_branch_dag.py
[2024-04-02T08:57:04.649+0000] {logging_mixin.py:150} INFO - [2024-04-02T08:57:04.649+0000] {dag.py:2742} INFO - Sync 1 DAGs
[2024-04-02T08:57:04.674+0000] {logging_mixin.py:150} INFO - [2024-04-02T08:57:04.674+0000] {dag.py:3504} INFO - Setting next_dagrun for example_nested_branch_dag to 2024-04-01T00:00:00+00:00, run_after=2024-04-02T00:00:00+00:00
[2024-04-02T08:57:04.743+0000] {processor.py:179} INFO - Processing /usr/local/python/3.10.13/lib/python3.10/site-packages/airflow/example_dags/example_nested_branch_dag.py took 0.271 seconds
[2024-04-02T08:58:12.574+0000] {processor.py:157} INFO - Started process (PID=12525) to work on /usr/local/python/3.10.13/lib/python3.10/site-packages/airflow/example_dags/example_nested_branch_dag.py
[2024-04-02T08:58:12.576+0000] {processor.py:826} INFO - Processing file /usr/local/python/3.10.13/lib/python3.10/site-packages/airflow/example_dags/example_nested_branch_dag.py for tasks to queue
[2024-04-02T08:58:12.577+0000] {logging_mixin.py:150} INFO - [2024-04-02T08:58:12.576+0000] {dagbag.py:541} INFO - Filling up the DagBag from /usr/local/python/3.10.13/lib/python3.10/site-packages/airflow/example_dags/example_nested_branch_dag.py
[2024-04-02T08:58:12.587+0000] {processor.py:836} INFO - DAG(s) dict_keys(['example_nested_branch_dag']) retrieved from /usr/local/python/3.10.13/lib/python3.10/site-packages/airflow/example_dags/example_nested_branch_dag.py
[2024-04-02T08:58:12.605+0000] {logging_mixin.py:150} INFO - [2024-04-02T08:58:12.605+0000] {dag.py:2742} INFO - Sync 1 DAGs
[2024-04-02T08:58:12.621+0000] {logging_mixin.py:150} INFO - [2024-04-02T08:58:12.621+0000] {dag.py:3504} INFO - Setting next_dagrun for example_nested_branch_dag to 2024-04-01T00:00:00+00:00, run_after=2024-04-02T00:00:00+00:00
[2024-04-02T08:58:12.659+0000] {processor.py:179} INFO - Processing /usr/local/python/3.10.13/lib/python3.10/site-packages/airflow/example_dags/example_nested_branch_dag.py took 0.088 seconds
[2024-04-02T09:00:07.871+0000] {processor.py:157} INFO - Started process (PID=14135) to work on /usr/local/python/3.10.13/lib/python3.10/site-packages/airflow/example_dags/example_nested_branch_dag.py
[2024-04-02T09:00:07.871+0000] {processor.py:826} INFO - Processing file /usr/local/python/3.10.13/lib/python3.10/site-packages/airflow/example_dags/example_nested_branch_dag.py for tasks to queue
[2024-04-02T09:00:07.872+0000] {logging_mixin.py:150} INFO - [2024-04-02T09:00:07.872+0000] {dagbag.py:541} INFO - Filling up the DagBag from /usr/local/python/3.10.13/lib/python3.10/site-packages/airflow/example_dags/example_nested_branch_dag.py
[2024-04-02T09:00:07.882+0000] {processor.py:836} INFO - DAG(s) dict_keys(['example_nested_branch_dag']) retrieved from /usr/local/python/3.10.13/lib/python3.10/site-packages/airflow/example_dags/example_nested_branch_dag.py
[2024-04-02T09:00:07.897+0000] {logging_mixin.py:150} INFO - [2024-04-02T09:00:07.896+0000] {dag.py:2742} INFO - Sync 1 DAGs
[2024-04-02T09:00:07.913+0000] {logging_mixin.py:150} INFO - [2024-04-02T09:00:07.913+0000] {dag.py:3504} INFO - Setting next_dagrun for example_nested_branch_dag to 2024-04-01T00:00:00+00:00, run_after=2024-04-02T00:00:00+00:00
[2024-04-02T09:00:07.951+0000] {processor.py:179} INFO - Processing /usr/local/python/3.10.13/lib/python3.10/site-packages/airflow/example_dags/example_nested_branch_dag.py took 0.083 seconds
[2024-04-02T09:00:56.587+0000] {processor.py:157} INFO - Started process (PID=14553) to work on /usr/local/python/3.10.13/lib/python3.10/site-packages/airflow/example_dags/example_nested_branch_dag.py
[2024-04-02T09:00:56.588+0000] {processor.py:826} INFO - Processing file /usr/local/python/3.10.13/lib/python3.10/site-packages/airflow/example_dags/example_nested_branch_dag.py for tasks to queue
[2024-04-02T09:00:56.590+0000] {logging_mixin.py:150} INFO - [2024-04-02T09:00:56.589+0000] {dagbag.py:541} INFO - Filling up the DagBag from /usr/local/python/3.10.13/lib/python3.10/site-packages/airflow/example_dags/example_nested_branch_dag.py
[2024-04-02T09:00:56.601+0000] {processor.py:836} INFO - DAG(s) dict_keys(['example_nested_branch_dag']) retrieved from /usr/local/python/3.10.13/lib/python3.10/site-packages/airflow/example_dags/example_nested_branch_dag.py
[2024-04-02T09:00:56.621+0000] {logging_mixin.py:150} INFO - [2024-04-02T09:00:56.621+0000] {dag.py:2742} INFO - Sync 1 DAGs
[2024-04-02T09:00:56.646+0000] {logging_mixin.py:150} INFO - [2024-04-02T09:00:56.646+0000] {dag.py:3504} INFO - Setting next_dagrun for example_nested_branch_dag to 2024-04-01T00:00:00+00:00, run_after=2024-04-02T00:00:00+00:00
[2024-04-02T09:00:56.696+0000] {processor.py:179} INFO - Processing /usr/local/python/3.10.13/lib/python3.10/site-packages/airflow/example_dags/example_nested_branch_dag.py took 0.112 seconds
[2024-04-02T09:01:46.384+0000] {processor.py:157} INFO - Started process (PID=14958) to work on /usr/local/python/3.10.13/lib/python3.10/site-packages/airflow/example_dags/example_nested_branch_dag.py
[2024-04-02T09:01:46.385+0000] {processor.py:826} INFO - Processing file /usr/local/python/3.10.13/lib/python3.10/site-packages/airflow/example_dags/example_nested_branch_dag.py for tasks to queue
[2024-04-02T09:01:46.385+0000] {logging_mixin.py:150} INFO - [2024-04-02T09:01:46.385+0000] {dagbag.py:541} INFO - Filling up the DagBag from /usr/local/python/3.10.13/lib/python3.10/site-packages/airflow/example_dags/example_nested_branch_dag.py
[2024-04-02T09:01:46.393+0000] {processor.py:836} INFO - DAG(s) dict_keys(['example_nested_branch_dag']) retrieved from /usr/local/python/3.10.13/lib/python3.10/site-packages/airflow/example_dags/example_nested_branch_dag.py
[2024-04-02T09:01:46.407+0000] {logging_mixin.py:150} INFO - [2024-04-02T09:01:46.407+0000] {dag.py:2742} INFO - Sync 1 DAGs
[2024-04-02T09:01:46.424+0000] {logging_mixin.py:150} INFO - [2024-04-02T09:01:46.424+0000] {dag.py:3504} INFO - Setting next_dagrun for example_nested_branch_dag to 2024-04-01T00:00:00+00:00, run_after=2024-04-02T00:00:00+00:00
[2024-04-02T09:01:46.473+0000] {processor.py:179} INFO - Processing /usr/local/python/3.10.13/lib/python3.10/site-packages/airflow/example_dags/example_nested_branch_dag.py took 0.091 seconds
[2024-04-02T09:02:42.745+0000] {processor.py:157} INFO - Started process (PID=15338) to work on /usr/local/python/3.10.13/lib/python3.10/site-packages/airflow/example_dags/example_nested_branch_dag.py
[2024-04-02T09:02:42.746+0000] {processor.py:826} INFO - Processing file /usr/local/python/3.10.13/lib/python3.10/site-packages/airflow/example_dags/example_nested_branch_dag.py for tasks to queue
[2024-04-02T09:02:42.746+0000] {logging_mixin.py:150} INFO - [2024-04-02T09:02:42.746+0000] {dagbag.py:541} INFO - Filling up the DagBag from /usr/local/python/3.10.13/lib/python3.10/site-packages/airflow/example_dags/example_nested_branch_dag.py
[2024-04-02T09:02:42.754+0000] {processor.py:836} INFO - DAG(s) dict_keys(['example_nested_branch_dag']) retrieved from /usr/local/python/3.10.13/lib/python3.10/site-packages/airflow/example_dags/example_nested_branch_dag.py
[2024-04-02T09:02:42.767+0000] {logging_mixin.py:150} INFO - [2024-04-02T09:02:42.767+0000] {dag.py:2742} INFO - Sync 1 DAGs
[2024-04-02T09:02:42.784+0000] {logging_mixin.py:150} INFO - [2024-04-02T09:02:42.783+0000] {dag.py:3504} INFO - Setting next_dagrun for example_nested_branch_dag to 2024-04-01T00:00:00+00:00, run_after=2024-04-02T00:00:00+00:00
[2024-04-02T09:02:42.825+0000] {processor.py:179} INFO - Processing /usr/local/python/3.10.13/lib/python3.10/site-packages/airflow/example_dags/example_nested_branch_dag.py took 0.082 seconds
[2024-04-02T09:03:41.466+0000] {processor.py:157} INFO - Started process (PID=15744) to work on /usr/local/python/3.10.13/lib/python3.10/site-packages/airflow/example_dags/example_nested_branch_dag.py
[2024-04-02T09:03:41.467+0000] {processor.py:826} INFO - Processing file /usr/local/python/3.10.13/lib/python3.10/site-packages/airflow/example_dags/example_nested_branch_dag.py for tasks to queue
[2024-04-02T09:03:41.468+0000] {logging_mixin.py:150} INFO - [2024-04-02T09:03:41.467+0000] {dagbag.py:541} INFO - Filling up the DagBag from /usr/local/python/3.10.13/lib/python3.10/site-packages/airflow/example_dags/example_nested_branch_dag.py
[2024-04-02T09:03:41.476+0000] {processor.py:836} INFO - DAG(s) dict_keys(['example_nested_branch_dag']) retrieved from /usr/local/python/3.10.13/lib/python3.10/site-packages/airflow/example_dags/example_nested_branch_dag.py
[2024-04-02T09:03:41.489+0000] {logging_mixin.py:150} INFO - [2024-04-02T09:03:41.489+0000] {dag.py:2742} INFO - Sync 1 DAGs
[2024-04-02T09:03:41.507+0000] {logging_mixin.py:150} INFO - [2024-04-02T09:03:41.507+0000] {dag.py:3504} INFO - Setting next_dagrun for example_nested_branch_dag to 2024-04-01T00:00:00+00:00, run_after=2024-04-02T00:00:00+00:00
[2024-04-02T09:03:41.546+0000] {processor.py:179} INFO - Processing /usr/local/python/3.10.13/lib/python3.10/site-packages/airflow/example_dags/example_nested_branch_dag.py took 0.083 seconds
[2024-04-02T09:04:37.462+0000] {processor.py:157} INFO - Started process (PID=16161) to work on /usr/local/python/3.10.13/lib/python3.10/site-packages/airflow/example_dags/example_nested_branch_dag.py
[2024-04-02T09:04:37.462+0000] {processor.py:826} INFO - Processing file /usr/local/python/3.10.13/lib/python3.10/site-packages/airflow/example_dags/example_nested_branch_dag.py for tasks to queue
[2024-04-02T09:04:37.463+0000] {logging_mixin.py:150} INFO - [2024-04-02T09:04:37.463+0000] {dagbag.py:541} INFO - Filling up the DagBag from /usr/local/python/3.10.13/lib/python3.10/site-packages/airflow/example_dags/example_nested_branch_dag.py
[2024-04-02T09:04:37.471+0000] {processor.py:836} INFO - DAG(s) dict_keys(['example_nested_branch_dag']) retrieved from /usr/local/python/3.10.13/lib/python3.10/site-packages/airflow/example_dags/example_nested_branch_dag.py
[2024-04-02T09:04:37.484+0000] {logging_mixin.py:150} INFO - [2024-04-02T09:04:37.484+0000] {dag.py:2742} INFO - Sync 1 DAGs
[2024-04-02T09:04:37.501+0000] {logging_mixin.py:150} INFO - [2024-04-02T09:04:37.501+0000] {dag.py:3504} INFO - Setting next_dagrun for example_nested_branch_dag to 2024-04-01T00:00:00+00:00, run_after=2024-04-02T00:00:00+00:00
[2024-04-02T09:04:37.541+0000] {processor.py:179} INFO - Processing /usr/local/python/3.10.13/lib/python3.10/site-packages/airflow/example_dags/example_nested_branch_dag.py took 0.082 seconds
[2024-04-02T09:05:32.241+0000] {processor.py:157} INFO - Started process (PID=16523) to work on /usr/local/python/3.10.13/lib/python3.10/site-packages/airflow/example_dags/example_nested_branch_dag.py
[2024-04-02T09:05:32.241+0000] {processor.py:826} INFO - Processing file /usr/local/python/3.10.13/lib/python3.10/site-packages/airflow/example_dags/example_nested_branch_dag.py for tasks to queue
[2024-04-02T09:05:32.242+0000] {logging_mixin.py:150} INFO - [2024-04-02T09:05:32.242+0000] {dagbag.py:541} INFO - Filling up the DagBag from /usr/local/python/3.10.13/lib/python3.10/site-packages/airflow/example_dags/example_nested_branch_dag.py
[2024-04-02T09:05:32.252+0000] {processor.py:836} INFO - DAG(s) dict_keys(['example_nested_branch_dag']) retrieved from /usr/local/python/3.10.13/lib/python3.10/site-packages/airflow/example_dags/example_nested_branch_dag.py
[2024-04-02T09:05:32.265+0000] {logging_mixin.py:150} INFO - [2024-04-02T09:05:32.265+0000] {dag.py:2742} INFO - Sync 1 DAGs
[2024-04-02T09:05:32.283+0000] {logging_mixin.py:150} INFO - [2024-04-02T09:05:32.282+0000] {dag.py:3504} INFO - Setting next_dagrun for example_nested_branch_dag to 2024-04-01T00:00:00+00:00, run_after=2024-04-02T00:00:00+00:00
[2024-04-02T09:05:32.325+0000] {processor.py:179} INFO - Processing /usr/local/python/3.10.13/lib/python3.10/site-packages/airflow/example_dags/example_nested_branch_dag.py took 0.087 seconds
[2024-04-02T09:06:31.959+0000] {processor.py:157} INFO - Started process (PID=16967) to work on /usr/local/python/3.10.13/lib/python3.10/site-packages/airflow/example_dags/example_nested_branch_dag.py
[2024-04-02T09:06:31.960+0000] {processor.py:826} INFO - Processing file /usr/local/python/3.10.13/lib/python3.10/site-packages/airflow/example_dags/example_nested_branch_dag.py for tasks to queue
[2024-04-02T09:06:31.962+0000] {logging_mixin.py:150} INFO - [2024-04-02T09:06:31.961+0000] {dagbag.py:541} INFO - Filling up the DagBag from /usr/local/python/3.10.13/lib/python3.10/site-packages/airflow/example_dags/example_nested_branch_dag.py
[2024-04-02T09:06:31.974+0000] {processor.py:836} INFO - DAG(s) dict_keys(['example_nested_branch_dag']) retrieved from /usr/local/python/3.10.13/lib/python3.10/site-packages/airflow/example_dags/example_nested_branch_dag.py
[2024-04-02T09:06:31.996+0000] {logging_mixin.py:150} INFO - [2024-04-02T09:06:31.996+0000] {dag.py:2742} INFO - Sync 1 DAGs
[2024-04-02T09:06:32.033+0000] {logging_mixin.py:150} INFO - [2024-04-02T09:06:32.033+0000] {dag.py:3504} INFO - Setting next_dagrun for example_nested_branch_dag to 2024-04-01T00:00:00+00:00, run_after=2024-04-02T00:00:00+00:00
[2024-04-02T09:06:32.079+0000] {processor.py:179} INFO - Processing /usr/local/python/3.10.13/lib/python3.10/site-packages/airflow/example_dags/example_nested_branch_dag.py took 0.123 seconds
[2024-04-02T09:07:32.840+0000] {processor.py:157} INFO - Started process (PID=17796) to work on /usr/local/python/3.10.13/lib/python3.10/site-packages/airflow/example_dags/example_nested_branch_dag.py
[2024-04-02T09:07:32.841+0000] {processor.py:826} INFO - Processing file /usr/local/python/3.10.13/lib/python3.10/site-packages/airflow/example_dags/example_nested_branch_dag.py for tasks to queue
[2024-04-02T09:07:32.841+0000] {logging_mixin.py:150} INFO - [2024-04-02T09:07:32.841+0000] {dagbag.py:541} INFO - Filling up the DagBag from /usr/local/python/3.10.13/lib/python3.10/site-packages/airflow/example_dags/example_nested_branch_dag.py
[2024-04-02T09:07:32.849+0000] {processor.py:836} INFO - DAG(s) dict_keys(['example_nested_branch_dag']) retrieved from /usr/local/python/3.10.13/lib/python3.10/site-packages/airflow/example_dags/example_nested_branch_dag.py
[2024-04-02T09:07:32.862+0000] {logging_mixin.py:150} INFO - [2024-04-02T09:07:32.862+0000] {dag.py:2742} INFO - Sync 1 DAGs
[2024-04-02T09:07:32.879+0000] {logging_mixin.py:150} INFO - [2024-04-02T09:07:32.878+0000] {dag.py:3504} INFO - Setting next_dagrun for example_nested_branch_dag to 2024-04-01T00:00:00+00:00, run_after=2024-04-02T00:00:00+00:00
[2024-04-02T09:07:32.917+0000] {processor.py:179} INFO - Processing /usr/local/python/3.10.13/lib/python3.10/site-packages/airflow/example_dags/example_nested_branch_dag.py took 0.079 seconds
[2024-04-02T09:08:27.410+0000] {processor.py:157} INFO - Started process (PID=18162) to work on /usr/local/python/3.10.13/lib/python3.10/site-packages/airflow/example_dags/example_nested_branch_dag.py
[2024-04-02T09:08:27.411+0000] {processor.py:826} INFO - Processing file /usr/local/python/3.10.13/lib/python3.10/site-packages/airflow/example_dags/example_nested_branch_dag.py for tasks to queue
[2024-04-02T09:08:27.412+0000] {logging_mixin.py:150} INFO - [2024-04-02T09:08:27.412+0000] {dagbag.py:541} INFO - Filling up the DagBag from /usr/local/python/3.10.13/lib/python3.10/site-packages/airflow/example_dags/example_nested_branch_dag.py
[2024-04-02T09:08:27.424+0000] {processor.py:836} INFO - DAG(s) dict_keys(['example_nested_branch_dag']) retrieved from /usr/local/python/3.10.13/lib/python3.10/site-packages/airflow/example_dags/example_nested_branch_dag.py
[2024-04-02T09:08:27.444+0000] {logging_mixin.py:150} INFO - [2024-04-02T09:08:27.444+0000] {dag.py:2742} INFO - Sync 1 DAGs
[2024-04-02T09:08:27.472+0000] {logging_mixin.py:150} INFO - [2024-04-02T09:08:27.472+0000] {dag.py:3504} INFO - Setting next_dagrun for example_nested_branch_dag to 2024-04-01T00:00:00+00:00, run_after=2024-04-02T00:00:00+00:00
[2024-04-02T09:08:27.532+0000] {processor.py:179} INFO - Processing /usr/local/python/3.10.13/lib/python3.10/site-packages/airflow/example_dags/example_nested_branch_dag.py took 0.117 seconds
[2024-04-02T09:09:26.479+0000] {processor.py:157} INFO - Started process (PID=18559) to work on /usr/local/python/3.10.13/lib/python3.10/site-packages/airflow/example_dags/example_nested_branch_dag.py
[2024-04-02T09:09:26.480+0000] {processor.py:826} INFO - Processing file /usr/local/python/3.10.13/lib/python3.10/site-packages/airflow/example_dags/example_nested_branch_dag.py for tasks to queue
[2024-04-02T09:09:26.481+0000] {logging_mixin.py:150} INFO - [2024-04-02T09:09:26.480+0000] {dagbag.py:541} INFO - Filling up the DagBag from /usr/local/python/3.10.13/lib/python3.10/site-packages/airflow/example_dags/example_nested_branch_dag.py
[2024-04-02T09:09:26.489+0000] {processor.py:836} INFO - DAG(s) dict_keys(['example_nested_branch_dag']) retrieved from /usr/local/python/3.10.13/lib/python3.10/site-packages/airflow/example_dags/example_nested_branch_dag.py
[2024-04-02T09:09:26.503+0000] {logging_mixin.py:150} INFO - [2024-04-02T09:09:26.503+0000] {dag.py:2742} INFO - Sync 1 DAGs
[2024-04-02T09:09:26.521+0000] {logging_mixin.py:150} INFO - [2024-04-02T09:09:26.520+0000] {dag.py:3504} INFO - Setting next_dagrun for example_nested_branch_dag to 2024-04-01T00:00:00+00:00, run_after=2024-04-02T00:00:00+00:00
[2024-04-02T09:09:26.564+0000] {processor.py:179} INFO - Processing /usr/local/python/3.10.13/lib/python3.10/site-packages/airflow/example_dags/example_nested_branch_dag.py took 0.087 seconds
[2024-04-02T09:10:23.303+0000] {processor.py:157} INFO - Started process (PID=18987) to work on /usr/local/python/3.10.13/lib/python3.10/site-packages/airflow/example_dags/example_nested_branch_dag.py
[2024-04-02T09:10:23.304+0000] {processor.py:826} INFO - Processing file /usr/local/python/3.10.13/lib/python3.10/site-packages/airflow/example_dags/example_nested_branch_dag.py for tasks to queue
[2024-04-02T09:10:23.306+0000] {logging_mixin.py:150} INFO - [2024-04-02T09:10:23.305+0000] {dagbag.py:541} INFO - Filling up the DagBag from /usr/local/python/3.10.13/lib/python3.10/site-packages/airflow/example_dags/example_nested_branch_dag.py
[2024-04-02T09:10:23.318+0000] {processor.py:836} INFO - DAG(s) dict_keys(['example_nested_branch_dag']) retrieved from /usr/local/python/3.10.13/lib/python3.10/site-packages/airflow/example_dags/example_nested_branch_dag.py
[2024-04-02T09:10:23.342+0000] {logging_mixin.py:150} INFO - [2024-04-02T09:10:23.341+0000] {dag.py:2742} INFO - Sync 1 DAGs
[2024-04-02T09:10:23.368+0000] {logging_mixin.py:150} INFO - [2024-04-02T09:10:23.367+0000] {dag.py:3504} INFO - Setting next_dagrun for example_nested_branch_dag to 2024-04-01T00:00:00+00:00, run_after=2024-04-02T00:00:00+00:00
[2024-04-02T09:10:23.416+0000] {processor.py:179} INFO - Processing /usr/local/python/3.10.13/lib/python3.10/site-packages/airflow/example_dags/example_nested_branch_dag.py took 0.117 seconds
[2024-04-02T09:11:23.112+0000] {processor.py:157} INFO - Started process (PID=19371) to work on /usr/local/python/3.10.13/lib/python3.10/site-packages/airflow/example_dags/example_nested_branch_dag.py
[2024-04-02T09:11:23.112+0000] {processor.py:826} INFO - Processing file /usr/local/python/3.10.13/lib/python3.10/site-packages/airflow/example_dags/example_nested_branch_dag.py for tasks to queue
[2024-04-02T09:11:23.113+0000] {logging_mixin.py:150} INFO - [2024-04-02T09:11:23.113+0000] {dagbag.py:541} INFO - Filling up the DagBag from /usr/local/python/3.10.13/lib/python3.10/site-packages/airflow/example_dags/example_nested_branch_dag.py
[2024-04-02T09:11:23.121+0000] {processor.py:836} INFO - DAG(s) dict_keys(['example_nested_branch_dag']) retrieved from /usr/local/python/3.10.13/lib/python3.10/site-packages/airflow/example_dags/example_nested_branch_dag.py
[2024-04-02T09:11:23.133+0000] {logging_mixin.py:150} INFO - [2024-04-02T09:11:23.133+0000] {dag.py:2742} INFO - Sync 1 DAGs
[2024-04-02T09:11:23.150+0000] {logging_mixin.py:150} INFO - [2024-04-02T09:11:23.150+0000] {dag.py:3504} INFO - Setting next_dagrun for example_nested_branch_dag to 2024-04-01T00:00:00+00:00, run_after=2024-04-02T00:00:00+00:00
[2024-04-02T09:11:23.191+0000] {processor.py:179} INFO - Processing /usr/local/python/3.10.13/lib/python3.10/site-packages/airflow/example_dags/example_nested_branch_dag.py took 0.082 seconds
[2024-04-02T09:12:22.000+0000] {processor.py:157} INFO - Started process (PID=19775) to work on /usr/local/python/3.10.13/lib/python3.10/site-packages/airflow/example_dags/example_nested_branch_dag.py
[2024-04-02T09:12:22.001+0000] {processor.py:826} INFO - Processing file /usr/local/python/3.10.13/lib/python3.10/site-packages/airflow/example_dags/example_nested_branch_dag.py for tasks to queue
[2024-04-02T09:12:22.002+0000] {logging_mixin.py:150} INFO - [2024-04-02T09:12:22.002+0000] {dagbag.py:541} INFO - Filling up the DagBag from /usr/local/python/3.10.13/lib/python3.10/site-packages/airflow/example_dags/example_nested_branch_dag.py
[2024-04-02T09:12:22.014+0000] {processor.py:836} INFO - DAG(s) dict_keys(['example_nested_branch_dag']) retrieved from /usr/local/python/3.10.13/lib/python3.10/site-packages/airflow/example_dags/example_nested_branch_dag.py
[2024-04-02T09:12:22.036+0000] {logging_mixin.py:150} INFO - [2024-04-02T09:12:22.036+0000] {dag.py:2742} INFO - Sync 1 DAGs
[2024-04-02T09:12:22.062+0000] {logging_mixin.py:150} INFO - [2024-04-02T09:12:22.062+0000] {dag.py:3504} INFO - Setting next_dagrun for example_nested_branch_dag to 2024-04-01T00:00:00+00:00, run_after=2024-04-02T00:00:00+00:00
[2024-04-02T09:12:22.112+0000] {processor.py:179} INFO - Processing /usr/local/python/3.10.13/lib/python3.10/site-packages/airflow/example_dags/example_nested_branch_dag.py took 0.115 seconds
[2024-04-02T09:13:23.479+0000] {processor.py:157} INFO - Started process (PID=20191) to work on /usr/local/python/3.10.13/lib/python3.10/site-packages/airflow/example_dags/example_nested_branch_dag.py
[2024-04-02T09:13:23.480+0000] {processor.py:826} INFO - Processing file /usr/local/python/3.10.13/lib/python3.10/site-packages/airflow/example_dags/example_nested_branch_dag.py for tasks to queue
[2024-04-02T09:13:23.481+0000] {logging_mixin.py:150} INFO - [2024-04-02T09:13:23.481+0000] {dagbag.py:541} INFO - Filling up the DagBag from /usr/local/python/3.10.13/lib/python3.10/site-packages/airflow/example_dags/example_nested_branch_dag.py
[2024-04-02T09:13:23.493+0000] {processor.py:836} INFO - DAG(s) dict_keys(['example_nested_branch_dag']) retrieved from /usr/local/python/3.10.13/lib/python3.10/site-packages/airflow/example_dags/example_nested_branch_dag.py
[2024-04-02T09:13:23.516+0000] {logging_mixin.py:150} INFO - [2024-04-02T09:13:23.516+0000] {dag.py:2742} INFO - Sync 1 DAGs
[2024-04-02T09:13:23.543+0000] {logging_mixin.py:150} INFO - [2024-04-02T09:13:23.543+0000] {dag.py:3504} INFO - Setting next_dagrun for example_nested_branch_dag to 2024-04-01T00:00:00+00:00, run_after=2024-04-02T00:00:00+00:00
[2024-04-02T09:13:23.591+0000] {processor.py:179} INFO - Processing /usr/local/python/3.10.13/lib/python3.10/site-packages/airflow/example_dags/example_nested_branch_dag.py took 0.115 seconds
[2024-04-02T09:14:16.985+0000] {processor.py:157} INFO - Started process (PID=20556) to work on /usr/local/python/3.10.13/lib/python3.10/site-packages/airflow/example_dags/example_nested_branch_dag.py
[2024-04-02T09:14:16.986+0000] {processor.py:826} INFO - Processing file /usr/local/python/3.10.13/lib/python3.10/site-packages/airflow/example_dags/example_nested_branch_dag.py for tasks to queue
[2024-04-02T09:14:16.987+0000] {logging_mixin.py:150} INFO - [2024-04-02T09:14:16.987+0000] {dagbag.py:541} INFO - Filling up the DagBag from /usr/local/python/3.10.13/lib/python3.10/site-packages/airflow/example_dags/example_nested_branch_dag.py
[2024-04-02T09:14:17.007+0000] {processor.py:836} INFO - DAG(s) dict_keys(['example_nested_branch_dag']) retrieved from /usr/local/python/3.10.13/lib/python3.10/site-packages/airflow/example_dags/example_nested_branch_dag.py
[2024-04-02T09:14:17.030+0000] {logging_mixin.py:150} INFO - [2024-04-02T09:14:17.029+0000] {dag.py:2742} INFO - Sync 1 DAGs
[2024-04-02T09:14:17.055+0000] {logging_mixin.py:150} INFO - [2024-04-02T09:14:17.055+0000] {dag.py:3504} INFO - Setting next_dagrun for example_nested_branch_dag to 2024-04-01T00:00:00+00:00, run_after=2024-04-02T00:00:00+00:00
[2024-04-02T09:14:17.103+0000] {processor.py:179} INFO - Processing /usr/local/python/3.10.13/lib/python3.10/site-packages/airflow/example_dags/example_nested_branch_dag.py took 0.121 seconds
[2024-04-02T09:15:06.914+0000] {processor.py:157} INFO - Started process (PID=20929) to work on /usr/local/python/3.10.13/lib/python3.10/site-packages/airflow/example_dags/example_nested_branch_dag.py
[2024-04-02T09:15:06.915+0000] {processor.py:826} INFO - Processing file /usr/local/python/3.10.13/lib/python3.10/site-packages/airflow/example_dags/example_nested_branch_dag.py for tasks to queue
[2024-04-02T09:15:06.916+0000] {logging_mixin.py:150} INFO - [2024-04-02T09:15:06.916+0000] {dagbag.py:541} INFO - Filling up the DagBag from /usr/local/python/3.10.13/lib/python3.10/site-packages/airflow/example_dags/example_nested_branch_dag.py
[2024-04-02T09:15:06.924+0000] {processor.py:836} INFO - DAG(s) dict_keys(['example_nested_branch_dag']) retrieved from /usr/local/python/3.10.13/lib/python3.10/site-packages/airflow/example_dags/example_nested_branch_dag.py
[2024-04-02T09:15:06.936+0000] {logging_mixin.py:150} INFO - [2024-04-02T09:15:06.936+0000] {dag.py:2742} INFO - Sync 1 DAGs
[2024-04-02T09:15:06.953+0000] {logging_mixin.py:150} INFO - [2024-04-02T09:15:06.953+0000] {dag.py:3504} INFO - Setting next_dagrun for example_nested_branch_dag to 2024-04-01T00:00:00+00:00, run_after=2024-04-02T00:00:00+00:00
[2024-04-02T09:15:06.991+0000] {processor.py:179} INFO - Processing /usr/local/python/3.10.13/lib/python3.10/site-packages/airflow/example_dags/example_nested_branch_dag.py took 0.079 seconds
[2024-04-02T09:16:01.412+0000] {processor.py:157} INFO - Started process (PID=21318) to work on /usr/local/python/3.10.13/lib/python3.10/site-packages/airflow/example_dags/example_nested_branch_dag.py
[2024-04-02T09:16:01.413+0000] {processor.py:826} INFO - Processing file /usr/local/python/3.10.13/lib/python3.10/site-packages/airflow/example_dags/example_nested_branch_dag.py for tasks to queue
[2024-04-02T09:16:01.413+0000] {logging_mixin.py:150} INFO - [2024-04-02T09:16:01.413+0000] {dagbag.py:541} INFO - Filling up the DagBag from /usr/local/python/3.10.13/lib/python3.10/site-packages/airflow/example_dags/example_nested_branch_dag.py
[2024-04-02T09:16:01.421+0000] {processor.py:836} INFO - DAG(s) dict_keys(['example_nested_branch_dag']) retrieved from /usr/local/python/3.10.13/lib/python3.10/site-packages/airflow/example_dags/example_nested_branch_dag.py
[2024-04-02T09:16:01.434+0000] {logging_mixin.py:150} INFO - [2024-04-02T09:16:01.434+0000] {dag.py:2742} INFO - Sync 1 DAGs
[2024-04-02T09:16:01.451+0000] {logging_mixin.py:150} INFO - [2024-04-02T09:16:01.451+0000] {dag.py:3504} INFO - Setting next_dagrun for example_nested_branch_dag to 2024-04-01T00:00:00+00:00, run_after=2024-04-02T00:00:00+00:00
[2024-04-02T09:16:01.489+0000] {processor.py:179} INFO - Processing /usr/local/python/3.10.13/lib/python3.10/site-packages/airflow/example_dags/example_nested_branch_dag.py took 0.080 seconds
[2024-04-02T09:17:01.215+0000] {processor.py:157} INFO - Started process (PID=21708) to work on /usr/local/python/3.10.13/lib/python3.10/site-packages/airflow/example_dags/example_nested_branch_dag.py
[2024-04-02T09:17:01.216+0000] {processor.py:826} INFO - Processing file /usr/local/python/3.10.13/lib/python3.10/site-packages/airflow/example_dags/example_nested_branch_dag.py for tasks to queue
[2024-04-02T09:17:01.217+0000] {logging_mixin.py:150} INFO - [2024-04-02T09:17:01.217+0000] {dagbag.py:541} INFO - Filling up the DagBag from /usr/local/python/3.10.13/lib/python3.10/site-packages/airflow/example_dags/example_nested_branch_dag.py
[2024-04-02T09:17:01.225+0000] {processor.py:836} INFO - DAG(s) dict_keys(['example_nested_branch_dag']) retrieved from /usr/local/python/3.10.13/lib/python3.10/site-packages/airflow/example_dags/example_nested_branch_dag.py
[2024-04-02T09:17:01.238+0000] {logging_mixin.py:150} INFO - [2024-04-02T09:17:01.238+0000] {dag.py:2742} INFO - Sync 1 DAGs
[2024-04-02T09:17:01.254+0000] {logging_mixin.py:150} INFO - [2024-04-02T09:17:01.254+0000] {dag.py:3504} INFO - Setting next_dagrun for example_nested_branch_dag to 2024-04-01T00:00:00+00:00, run_after=2024-04-02T00:00:00+00:00
[2024-04-02T09:17:01.296+0000] {processor.py:179} INFO - Processing /usr/local/python/3.10.13/lib/python3.10/site-packages/airflow/example_dags/example_nested_branch_dag.py took 0.083 seconds
[2024-04-02T09:17:58.449+0000] {processor.py:157} INFO - Started process (PID=22104) to work on /usr/local/python/3.10.13/lib/python3.10/site-packages/airflow/example_dags/example_nested_branch_dag.py
[2024-04-02T09:17:58.450+0000] {processor.py:826} INFO - Processing file /usr/local/python/3.10.13/lib/python3.10/site-packages/airflow/example_dags/example_nested_branch_dag.py for tasks to queue
[2024-04-02T09:17:58.450+0000] {logging_mixin.py:150} INFO - [2024-04-02T09:17:58.450+0000] {dagbag.py:541} INFO - Filling up the DagBag from /usr/local/python/3.10.13/lib/python3.10/site-packages/airflow/example_dags/example_nested_branch_dag.py
[2024-04-02T09:17:58.458+0000] {processor.py:836} INFO - DAG(s) dict_keys(['example_nested_branch_dag']) retrieved from /usr/local/python/3.10.13/lib/python3.10/site-packages/airflow/example_dags/example_nested_branch_dag.py
[2024-04-02T09:17:58.471+0000] {logging_mixin.py:150} INFO - [2024-04-02T09:17:58.471+0000] {dag.py:2742} INFO - Sync 1 DAGs
[2024-04-02T09:17:58.496+0000] {logging_mixin.py:150} INFO - [2024-04-02T09:17:58.495+0000] {dag.py:3504} INFO - Setting next_dagrun for example_nested_branch_dag to 2024-04-01T00:00:00+00:00, run_after=2024-04-02T00:00:00+00:00
[2024-04-02T09:17:58.534+0000] {processor.py:179} INFO - Processing /usr/local/python/3.10.13/lib/python3.10/site-packages/airflow/example_dags/example_nested_branch_dag.py took 0.087 seconds
[2024-04-02T09:18:58.593+0000] {processor.py:157} INFO - Started process (PID=22511) to work on /usr/local/python/3.10.13/lib/python3.10/site-packages/airflow/example_dags/example_nested_branch_dag.py
[2024-04-02T09:18:58.594+0000] {processor.py:826} INFO - Processing file /usr/local/python/3.10.13/lib/python3.10/site-packages/airflow/example_dags/example_nested_branch_dag.py for tasks to queue
[2024-04-02T09:18:58.595+0000] {logging_mixin.py:150} INFO - [2024-04-02T09:18:58.595+0000] {dagbag.py:541} INFO - Filling up the DagBag from /usr/local/python/3.10.13/lib/python3.10/site-packages/airflow/example_dags/example_nested_branch_dag.py
[2024-04-02T09:18:58.606+0000] {processor.py:836} INFO - DAG(s) dict_keys(['example_nested_branch_dag']) retrieved from /usr/local/python/3.10.13/lib/python3.10/site-packages/airflow/example_dags/example_nested_branch_dag.py
[2024-04-02T09:18:58.629+0000] {logging_mixin.py:150} INFO - [2024-04-02T09:18:58.629+0000] {dag.py:2742} INFO - Sync 1 DAGs
[2024-04-02T09:18:58.655+0000] {logging_mixin.py:150} INFO - [2024-04-02T09:18:58.655+0000] {dag.py:3504} INFO - Setting next_dagrun for example_nested_branch_dag to 2024-04-01T00:00:00+00:00, run_after=2024-04-02T00:00:00+00:00
[2024-04-02T09:18:58.699+0000] {processor.py:179} INFO - Processing /usr/local/python/3.10.13/lib/python3.10/site-packages/airflow/example_dags/example_nested_branch_dag.py took 0.109 seconds
[2024-04-02T09:19:53.537+0000] {processor.py:157} INFO - Started process (PID=22909) to work on /usr/local/python/3.10.13/lib/python3.10/site-packages/airflow/example_dags/example_nested_branch_dag.py
[2024-04-02T09:19:53.538+0000] {processor.py:826} INFO - Processing file /usr/local/python/3.10.13/lib/python3.10/site-packages/airflow/example_dags/example_nested_branch_dag.py for tasks to queue
[2024-04-02T09:19:53.539+0000] {logging_mixin.py:150} INFO - [2024-04-02T09:19:53.539+0000] {dagbag.py:541} INFO - Filling up the DagBag from /usr/local/python/3.10.13/lib/python3.10/site-packages/airflow/example_dags/example_nested_branch_dag.py
[2024-04-02T09:19:53.547+0000] {processor.py:836} INFO - DAG(s) dict_keys(['example_nested_branch_dag']) retrieved from /usr/local/python/3.10.13/lib/python3.10/site-packages/airflow/example_dags/example_nested_branch_dag.py
[2024-04-02T09:19:53.560+0000] {logging_mixin.py:150} INFO - [2024-04-02T09:19:53.559+0000] {dag.py:2742} INFO - Sync 1 DAGs
[2024-04-02T09:19:53.576+0000] {logging_mixin.py:150} INFO - [2024-04-02T09:19:53.576+0000] {dag.py:3504} INFO - Setting next_dagrun for example_nested_branch_dag to 2024-04-01T00:00:00+00:00, run_after=2024-04-02T00:00:00+00:00
[2024-04-02T09:19:53.620+0000] {processor.py:179} INFO - Processing /usr/local/python/3.10.13/lib/python3.10/site-packages/airflow/example_dags/example_nested_branch_dag.py took 0.085 seconds
[2024-04-02T09:20:50.281+0000] {processor.py:157} INFO - Started process (PID=23308) to work on /usr/local/python/3.10.13/lib/python3.10/site-packages/airflow/example_dags/example_nested_branch_dag.py
[2024-04-02T09:20:50.282+0000] {processor.py:826} INFO - Processing file /usr/local/python/3.10.13/lib/python3.10/site-packages/airflow/example_dags/example_nested_branch_dag.py for tasks to queue
[2024-04-02T09:20:50.283+0000] {logging_mixin.py:150} INFO - [2024-04-02T09:20:50.282+0000] {dagbag.py:541} INFO - Filling up the DagBag from /usr/local/python/3.10.13/lib/python3.10/site-packages/airflow/example_dags/example_nested_branch_dag.py
[2024-04-02T09:20:50.290+0000] {processor.py:836} INFO - DAG(s) dict_keys(['example_nested_branch_dag']) retrieved from /usr/local/python/3.10.13/lib/python3.10/site-packages/airflow/example_dags/example_nested_branch_dag.py
[2024-04-02T09:20:50.304+0000] {logging_mixin.py:150} INFO - [2024-04-02T09:20:50.304+0000] {dag.py:2742} INFO - Sync 1 DAGs
[2024-04-02T09:20:50.320+0000] {logging_mixin.py:150} INFO - [2024-04-02T09:20:50.320+0000] {dag.py:3504} INFO - Setting next_dagrun for example_nested_branch_dag to 2024-04-01T00:00:00+00:00, run_after=2024-04-02T00:00:00+00:00
[2024-04-02T09:20:50.359+0000] {processor.py:179} INFO - Processing /usr/local/python/3.10.13/lib/python3.10/site-packages/airflow/example_dags/example_nested_branch_dag.py took 0.080 seconds
[2024-04-02T09:21:44.208+0000] {processor.py:157} INFO - Started process (PID=23667) to work on /usr/local/python/3.10.13/lib/python3.10/site-packages/airflow/example_dags/example_nested_branch_dag.py
[2024-04-02T09:21:44.208+0000] {processor.py:826} INFO - Processing file /usr/local/python/3.10.13/lib/python3.10/site-packages/airflow/example_dags/example_nested_branch_dag.py for tasks to queue
[2024-04-02T09:21:44.209+0000] {logging_mixin.py:150} INFO - [2024-04-02T09:21:44.209+0000] {dagbag.py:541} INFO - Filling up the DagBag from /usr/local/python/3.10.13/lib/python3.10/site-packages/airflow/example_dags/example_nested_branch_dag.py
[2024-04-02T09:21:44.217+0000] {processor.py:836} INFO - DAG(s) dict_keys(['example_nested_branch_dag']) retrieved from /usr/local/python/3.10.13/lib/python3.10/site-packages/airflow/example_dags/example_nested_branch_dag.py
[2024-04-02T09:21:44.239+0000] {logging_mixin.py:150} INFO - [2024-04-02T09:21:44.239+0000] {dag.py:2742} INFO - Sync 1 DAGs
[2024-04-02T09:21:44.266+0000] {logging_mixin.py:150} INFO - [2024-04-02T09:21:44.266+0000] {dag.py:3504} INFO - Setting next_dagrun for example_nested_branch_dag to 2024-04-01T00:00:00+00:00, run_after=2024-04-02T00:00:00+00:00
[2024-04-02T09:21:44.311+0000] {processor.py:179} INFO - Processing /usr/local/python/3.10.13/lib/python3.10/site-packages/airflow/example_dags/example_nested_branch_dag.py took 0.105 seconds
[2024-04-02T09:22:43.290+0000] {processor.py:157} INFO - Started process (PID=24073) to work on /usr/local/python/3.10.13/lib/python3.10/site-packages/airflow/example_dags/example_nested_branch_dag.py
[2024-04-02T09:22:43.291+0000] {processor.py:826} INFO - Processing file /usr/local/python/3.10.13/lib/python3.10/site-packages/airflow/example_dags/example_nested_branch_dag.py for tasks to queue
[2024-04-02T09:22:43.292+0000] {logging_mixin.py:150} INFO - [2024-04-02T09:22:43.292+0000] {dagbag.py:541} INFO - Filling up the DagBag from /usr/local/python/3.10.13/lib/python3.10/site-packages/airflow/example_dags/example_nested_branch_dag.py
[2024-04-02T09:22:43.300+0000] {processor.py:836} INFO - DAG(s) dict_keys(['example_nested_branch_dag']) retrieved from /usr/local/python/3.10.13/lib/python3.10/site-packages/airflow/example_dags/example_nested_branch_dag.py
[2024-04-02T09:22:43.314+0000] {logging_mixin.py:150} INFO - [2024-04-02T09:22:43.314+0000] {dag.py:2742} INFO - Sync 1 DAGs
[2024-04-02T09:22:43.330+0000] {logging_mixin.py:150} INFO - [2024-04-02T09:22:43.330+0000] {dag.py:3504} INFO - Setting next_dagrun for example_nested_branch_dag to 2024-04-01T00:00:00+00:00, run_after=2024-04-02T00:00:00+00:00
[2024-04-02T09:22:43.372+0000] {processor.py:179} INFO - Processing /usr/local/python/3.10.13/lib/python3.10/site-packages/airflow/example_dags/example_nested_branch_dag.py took 0.086 seconds
[2024-04-02T09:23:40.863+0000] {processor.py:157} INFO - Started process (PID=24476) to work on /usr/local/python/3.10.13/lib/python3.10/site-packages/airflow/example_dags/example_nested_branch_dag.py
[2024-04-02T09:23:40.864+0000] {processor.py:826} INFO - Processing file /usr/local/python/3.10.13/lib/python3.10/site-packages/airflow/example_dags/example_nested_branch_dag.py for tasks to queue
[2024-04-02T09:23:40.865+0000] {logging_mixin.py:150} INFO - [2024-04-02T09:23:40.865+0000] {dagbag.py:541} INFO - Filling up the DagBag from /usr/local/python/3.10.13/lib/python3.10/site-packages/airflow/example_dags/example_nested_branch_dag.py
[2024-04-02T09:23:40.873+0000] {processor.py:836} INFO - DAG(s) dict_keys(['example_nested_branch_dag']) retrieved from /usr/local/python/3.10.13/lib/python3.10/site-packages/airflow/example_dags/example_nested_branch_dag.py
[2024-04-02T09:23:40.886+0000] {logging_mixin.py:150} INFO - [2024-04-02T09:23:40.886+0000] {dag.py:2742} INFO - Sync 1 DAGs
[2024-04-02T09:23:40.903+0000] {logging_mixin.py:150} INFO - [2024-04-02T09:23:40.903+0000] {dag.py:3504} INFO - Setting next_dagrun for example_nested_branch_dag to 2024-04-01T00:00:00+00:00, run_after=2024-04-02T00:00:00+00:00
[2024-04-02T09:23:40.943+0000] {processor.py:179} INFO - Processing /usr/local/python/3.10.13/lib/python3.10/site-packages/airflow/example_dags/example_nested_branch_dag.py took 0.081 seconds
[2024-04-02T09:24:43.572+0000] {processor.py:157} INFO - Started process (PID=24925) to work on /usr/local/python/3.10.13/lib/python3.10/site-packages/airflow/example_dags/example_nested_branch_dag.py
[2024-04-02T09:24:43.573+0000] {processor.py:826} INFO - Processing file /usr/local/python/3.10.13/lib/python3.10/site-packages/airflow/example_dags/example_nested_branch_dag.py for tasks to queue
[2024-04-02T09:24:43.573+0000] {logging_mixin.py:150} INFO - [2024-04-02T09:24:43.573+0000] {dagbag.py:541} INFO - Filling up the DagBag from /usr/local/python/3.10.13/lib/python3.10/site-packages/airflow/example_dags/example_nested_branch_dag.py
[2024-04-02T09:24:43.581+0000] {processor.py:836} INFO - DAG(s) dict_keys(['example_nested_branch_dag']) retrieved from /usr/local/python/3.10.13/lib/python3.10/site-packages/airflow/example_dags/example_nested_branch_dag.py
[2024-04-02T09:24:43.594+0000] {logging_mixin.py:150} INFO - [2024-04-02T09:24:43.594+0000] {dag.py:2742} INFO - Sync 1 DAGs
[2024-04-02T09:24:43.610+0000] {logging_mixin.py:150} INFO - [2024-04-02T09:24:43.610+0000] {dag.py:3504} INFO - Setting next_dagrun for example_nested_branch_dag to 2024-04-01T00:00:00+00:00, run_after=2024-04-02T00:00:00+00:00
[2024-04-02T09:24:43.647+0000] {processor.py:179} INFO - Processing /usr/local/python/3.10.13/lib/python3.10/site-packages/airflow/example_dags/example_nested_branch_dag.py took 0.077 seconds
[2024-04-02T09:25:45.977+0000] {processor.py:157} INFO - Started process (PID=25349) to work on /usr/local/python/3.10.13/lib/python3.10/site-packages/airflow/example_dags/example_nested_branch_dag.py
[2024-04-02T09:25:45.977+0000] {processor.py:826} INFO - Processing file /usr/local/python/3.10.13/lib/python3.10/site-packages/airflow/example_dags/example_nested_branch_dag.py for tasks to queue
[2024-04-02T09:25:45.978+0000] {logging_mixin.py:150} INFO - [2024-04-02T09:25:45.978+0000] {dagbag.py:541} INFO - Filling up the DagBag from /usr/local/python/3.10.13/lib/python3.10/site-packages/airflow/example_dags/example_nested_branch_dag.py
[2024-04-02T09:25:45.986+0000] {processor.py:836} INFO - DAG(s) dict_keys(['example_nested_branch_dag']) retrieved from /usr/local/python/3.10.13/lib/python3.10/site-packages/airflow/example_dags/example_nested_branch_dag.py
[2024-04-02T09:25:45.999+0000] {logging_mixin.py:150} INFO - [2024-04-02T09:25:45.999+0000] {dag.py:2742} INFO - Sync 1 DAGs
[2024-04-02T09:25:46.015+0000] {logging_mixin.py:150} INFO - [2024-04-02T09:25:46.015+0000] {dag.py:3504} INFO - Setting next_dagrun for example_nested_branch_dag to 2024-04-01T00:00:00+00:00, run_after=2024-04-02T00:00:00+00:00
[2024-04-02T09:25:46.053+0000] {processor.py:179} INFO - Processing /usr/local/python/3.10.13/lib/python3.10/site-packages/airflow/example_dags/example_nested_branch_dag.py took 0.079 seconds
[2024-04-02T09:26:48.317+0000] {processor.py:157} INFO - Started process (PID=25765) to work on /usr/local/python/3.10.13/lib/python3.10/site-packages/airflow/example_dags/example_nested_branch_dag.py
[2024-04-02T09:26:48.318+0000] {processor.py:826} INFO - Processing file /usr/local/python/3.10.13/lib/python3.10/site-packages/airflow/example_dags/example_nested_branch_dag.py for tasks to queue
[2024-04-02T09:26:48.319+0000] {logging_mixin.py:150} INFO - [2024-04-02T09:26:48.319+0000] {dagbag.py:541} INFO - Filling up the DagBag from /usr/local/python/3.10.13/lib/python3.10/site-packages/airflow/example_dags/example_nested_branch_dag.py
[2024-04-02T09:26:48.331+0000] {processor.py:836} INFO - DAG(s) dict_keys(['example_nested_branch_dag']) retrieved from /usr/local/python/3.10.13/lib/python3.10/site-packages/airflow/example_dags/example_nested_branch_dag.py
[2024-04-02T09:26:48.351+0000] {logging_mixin.py:150} INFO - [2024-04-02T09:26:48.351+0000] {dag.py:2742} INFO - Sync 1 DAGs
[2024-04-02T09:26:48.378+0000] {logging_mixin.py:150} INFO - [2024-04-02T09:26:48.377+0000] {dag.py:3504} INFO - Setting next_dagrun for example_nested_branch_dag to 2024-04-01T00:00:00+00:00, run_after=2024-04-02T00:00:00+00:00
[2024-04-02T09:26:48.428+0000] {processor.py:179} INFO - Processing /usr/local/python/3.10.13/lib/python3.10/site-packages/airflow/example_dags/example_nested_branch_dag.py took 0.113 seconds
[2024-04-02T09:27:47.934+0000] {processor.py:157} INFO - Started process (PID=26172) to work on /usr/local/python/3.10.13/lib/python3.10/site-packages/airflow/example_dags/example_nested_branch_dag.py
[2024-04-02T09:27:47.935+0000] {processor.py:826} INFO - Processing file /usr/local/python/3.10.13/lib/python3.10/site-packages/airflow/example_dags/example_nested_branch_dag.py for tasks to queue
[2024-04-02T09:27:47.936+0000] {logging_mixin.py:150} INFO - [2024-04-02T09:27:47.935+0000] {dagbag.py:541} INFO - Filling up the DagBag from /usr/local/python/3.10.13/lib/python3.10/site-packages/airflow/example_dags/example_nested_branch_dag.py
[2024-04-02T09:27:47.943+0000] {processor.py:836} INFO - DAG(s) dict_keys(['example_nested_branch_dag']) retrieved from /usr/local/python/3.10.13/lib/python3.10/site-packages/airflow/example_dags/example_nested_branch_dag.py
[2024-04-02T09:27:47.956+0000] {logging_mixin.py:150} INFO - [2024-04-02T09:27:47.956+0000] {dag.py:2742} INFO - Sync 1 DAGs
[2024-04-02T09:27:47.973+0000] {logging_mixin.py:150} INFO - [2024-04-02T09:27:47.973+0000] {dag.py:3504} INFO - Setting next_dagrun for example_nested_branch_dag to 2024-04-01T00:00:00+00:00, run_after=2024-04-02T00:00:00+00:00
[2024-04-02T09:27:48.013+0000] {processor.py:179} INFO - Processing /usr/local/python/3.10.13/lib/python3.10/site-packages/airflow/example_dags/example_nested_branch_dag.py took 0.081 seconds
[2024-04-02T09:28:50.788+0000] {processor.py:157} INFO - Started process (PID=26594) to work on /usr/local/python/3.10.13/lib/python3.10/site-packages/airflow/example_dags/example_nested_branch_dag.py
[2024-04-02T09:28:50.789+0000] {processor.py:826} INFO - Processing file /usr/local/python/3.10.13/lib/python3.10/site-packages/airflow/example_dags/example_nested_branch_dag.py for tasks to queue
[2024-04-02T09:28:50.790+0000] {logging_mixin.py:150} INFO - [2024-04-02T09:28:50.790+0000] {dagbag.py:541} INFO - Filling up the DagBag from /usr/local/python/3.10.13/lib/python3.10/site-packages/airflow/example_dags/example_nested_branch_dag.py
[2024-04-02T09:28:50.798+0000] {processor.py:836} INFO - DAG(s) dict_keys(['example_nested_branch_dag']) retrieved from /usr/local/python/3.10.13/lib/python3.10/site-packages/airflow/example_dags/example_nested_branch_dag.py
[2024-04-02T09:28:50.813+0000] {logging_mixin.py:150} INFO - [2024-04-02T09:28:50.812+0000] {dag.py:2742} INFO - Sync 1 DAGs
[2024-04-02T09:28:50.829+0000] {logging_mixin.py:150} INFO - [2024-04-02T09:28:50.829+0000] {dag.py:3504} INFO - Setting next_dagrun for example_nested_branch_dag to 2024-04-01T00:00:00+00:00, run_after=2024-04-02T00:00:00+00:00
[2024-04-02T09:28:50.871+0000] {processor.py:179} INFO - Processing /usr/local/python/3.10.13/lib/python3.10/site-packages/airflow/example_dags/example_nested_branch_dag.py took 0.085 seconds
[2024-04-02T09:29:48.124+0000] {processor.py:157} INFO - Started process (PID=27027) to work on /usr/local/python/3.10.13/lib/python3.10/site-packages/airflow/example_dags/example_nested_branch_dag.py
[2024-04-02T09:29:48.125+0000] {processor.py:826} INFO - Processing file /usr/local/python/3.10.13/lib/python3.10/site-packages/airflow/example_dags/example_nested_branch_dag.py for tasks to queue
[2024-04-02T09:29:48.126+0000] {logging_mixin.py:150} INFO - [2024-04-02T09:29:48.125+0000] {dagbag.py:541} INFO - Filling up the DagBag from /usr/local/python/3.10.13/lib/python3.10/site-packages/airflow/example_dags/example_nested_branch_dag.py
[2024-04-02T09:29:48.138+0000] {processor.py:836} INFO - DAG(s) dict_keys(['example_nested_branch_dag']) retrieved from /usr/local/python/3.10.13/lib/python3.10/site-packages/airflow/example_dags/example_nested_branch_dag.py
[2024-04-02T09:29:48.157+0000] {logging_mixin.py:150} INFO - [2024-04-02T09:29:48.157+0000] {dag.py:2742} INFO - Sync 1 DAGs
[2024-04-02T09:29:48.185+0000] {logging_mixin.py:150} INFO - [2024-04-02T09:29:48.185+0000] {dag.py:3504} INFO - Setting next_dagrun for example_nested_branch_dag to 2024-04-01T00:00:00+00:00, run_after=2024-04-02T00:00:00+00:00
[2024-04-02T09:29:48.228+0000] {processor.py:179} INFO - Processing /usr/local/python/3.10.13/lib/python3.10/site-packages/airflow/example_dags/example_nested_branch_dag.py took 0.107 seconds
[2024-04-02T09:30:40.786+0000] {processor.py:157} INFO - Started process (PID=27401) to work on /usr/local/python/3.10.13/lib/python3.10/site-packages/airflow/example_dags/example_nested_branch_dag.py
[2024-04-02T09:30:40.786+0000] {processor.py:826} INFO - Processing file /usr/local/python/3.10.13/lib/python3.10/site-packages/airflow/example_dags/example_nested_branch_dag.py for tasks to queue
[2024-04-02T09:30:40.787+0000] {logging_mixin.py:150} INFO - [2024-04-02T09:30:40.787+0000] {dagbag.py:541} INFO - Filling up the DagBag from /usr/local/python/3.10.13/lib/python3.10/site-packages/airflow/example_dags/example_nested_branch_dag.py
[2024-04-02T09:30:40.795+0000] {processor.py:836} INFO - DAG(s) dict_keys(['example_nested_branch_dag']) retrieved from /usr/local/python/3.10.13/lib/python3.10/site-packages/airflow/example_dags/example_nested_branch_dag.py
[2024-04-02T09:30:40.808+0000] {logging_mixin.py:150} INFO - [2024-04-02T09:30:40.808+0000] {dag.py:2742} INFO - Sync 1 DAGs
[2024-04-02T09:30:40.826+0000] {logging_mixin.py:150} INFO - [2024-04-02T09:30:40.825+0000] {dag.py:3504} INFO - Setting next_dagrun for example_nested_branch_dag to 2024-04-01T00:00:00+00:00, run_after=2024-04-02T00:00:00+00:00
[2024-04-02T09:30:40.869+0000] {processor.py:179} INFO - Processing /usr/local/python/3.10.13/lib/python3.10/site-packages/airflow/example_dags/example_nested_branch_dag.py took 0.085 seconds
[2024-04-02T09:31:42.993+0000] {processor.py:157} INFO - Started process (PID=27820) to work on /usr/local/python/3.10.13/lib/python3.10/site-packages/airflow/example_dags/example_nested_branch_dag.py
[2024-04-02T09:31:42.994+0000] {processor.py:826} INFO - Processing file /usr/local/python/3.10.13/lib/python3.10/site-packages/airflow/example_dags/example_nested_branch_dag.py for tasks to queue
[2024-04-02T09:31:42.995+0000] {logging_mixin.py:150} INFO - [2024-04-02T09:31:42.994+0000] {dagbag.py:541} INFO - Filling up the DagBag from /usr/local/python/3.10.13/lib/python3.10/site-packages/airflow/example_dags/example_nested_branch_dag.py
[2024-04-02T09:31:43.002+0000] {processor.py:836} INFO - DAG(s) dict_keys(['example_nested_branch_dag']) retrieved from /usr/local/python/3.10.13/lib/python3.10/site-packages/airflow/example_dags/example_nested_branch_dag.py
[2024-04-02T09:31:43.016+0000] {logging_mixin.py:150} INFO - [2024-04-02T09:31:43.016+0000] {dag.py:2742} INFO - Sync 1 DAGs
[2024-04-02T09:31:43.034+0000] {logging_mixin.py:150} INFO - [2024-04-02T09:31:43.034+0000] {dag.py:3504} INFO - Setting next_dagrun for example_nested_branch_dag to 2024-04-01T00:00:00+00:00, run_after=2024-04-02T00:00:00+00:00
[2024-04-02T09:31:43.072+0000] {processor.py:179} INFO - Processing /usr/local/python/3.10.13/lib/python3.10/site-packages/airflow/example_dags/example_nested_branch_dag.py took 0.083 seconds
[2024-04-02T09:32:41.348+0000] {processor.py:157} INFO - Started process (PID=28207) to work on /usr/local/python/3.10.13/lib/python3.10/site-packages/airflow/example_dags/example_nested_branch_dag.py
[2024-04-02T09:32:41.349+0000] {processor.py:826} INFO - Processing file /usr/local/python/3.10.13/lib/python3.10/site-packages/airflow/example_dags/example_nested_branch_dag.py for tasks to queue
[2024-04-02T09:32:41.350+0000] {logging_mixin.py:150} INFO - [2024-04-02T09:32:41.350+0000] {dagbag.py:541} INFO - Filling up the DagBag from /usr/local/python/3.10.13/lib/python3.10/site-packages/airflow/example_dags/example_nested_branch_dag.py
[2024-04-02T09:32:41.363+0000] {processor.py:836} INFO - DAG(s) dict_keys(['example_nested_branch_dag']) retrieved from /usr/local/python/3.10.13/lib/python3.10/site-packages/airflow/example_dags/example_nested_branch_dag.py
[2024-04-02T09:32:41.383+0000] {logging_mixin.py:150} INFO - [2024-04-02T09:32:41.383+0000] {dag.py:2742} INFO - Sync 1 DAGs
[2024-04-02T09:32:41.426+0000] {logging_mixin.py:150} INFO - [2024-04-02T09:32:41.426+0000] {dag.py:3504} INFO - Setting next_dagrun for example_nested_branch_dag to 2024-04-01T00:00:00+00:00, run_after=2024-04-02T00:00:00+00:00
[2024-04-02T09:32:41.484+0000] {processor.py:179} INFO - Processing /usr/local/python/3.10.13/lib/python3.10/site-packages/airflow/example_dags/example_nested_branch_dag.py took 0.139 seconds
[2024-04-02T09:33:40.789+0000] {processor.py:157} INFO - Started process (PID=28613) to work on /usr/local/python/3.10.13/lib/python3.10/site-packages/airflow/example_dags/example_nested_branch_dag.py
[2024-04-02T09:33:40.790+0000] {processor.py:826} INFO - Processing file /usr/local/python/3.10.13/lib/python3.10/site-packages/airflow/example_dags/example_nested_branch_dag.py for tasks to queue
[2024-04-02T09:33:40.791+0000] {logging_mixin.py:150} INFO - [2024-04-02T09:33:40.791+0000] {dagbag.py:541} INFO - Filling up the DagBag from /usr/local/python/3.10.13/lib/python3.10/site-packages/airflow/example_dags/example_nested_branch_dag.py
[2024-04-02T09:33:40.802+0000] {processor.py:836} INFO - DAG(s) dict_keys(['example_nested_branch_dag']) retrieved from /usr/local/python/3.10.13/lib/python3.10/site-packages/airflow/example_dags/example_nested_branch_dag.py
[2024-04-02T09:33:40.822+0000] {logging_mixin.py:150} INFO - [2024-04-02T09:33:40.822+0000] {dag.py:2742} INFO - Sync 1 DAGs
[2024-04-02T09:33:40.848+0000] {logging_mixin.py:150} INFO - [2024-04-02T09:33:40.848+0000] {dag.py:3504} INFO - Setting next_dagrun for example_nested_branch_dag to 2024-04-01T00:00:00+00:00, run_after=2024-04-02T00:00:00+00:00
[2024-04-02T09:33:40.894+0000] {processor.py:179} INFO - Processing /usr/local/python/3.10.13/lib/python3.10/site-packages/airflow/example_dags/example_nested_branch_dag.py took 0.108 seconds
[2024-04-02T09:34:35.020+0000] {processor.py:157} INFO - Started process (PID=29023) to work on /usr/local/python/3.10.13/lib/python3.10/site-packages/airflow/example_dags/example_nested_branch_dag.py
[2024-04-02T09:34:35.021+0000] {processor.py:826} INFO - Processing file /usr/local/python/3.10.13/lib/python3.10/site-packages/airflow/example_dags/example_nested_branch_dag.py for tasks to queue
[2024-04-02T09:34:35.021+0000] {logging_mixin.py:150} INFO - [2024-04-02T09:34:35.021+0000] {dagbag.py:541} INFO - Filling up the DagBag from /usr/local/python/3.10.13/lib/python3.10/site-packages/airflow/example_dags/example_nested_branch_dag.py
[2024-04-02T09:34:35.029+0000] {processor.py:836} INFO - DAG(s) dict_keys(['example_nested_branch_dag']) retrieved from /usr/local/python/3.10.13/lib/python3.10/site-packages/airflow/example_dags/example_nested_branch_dag.py
[2024-04-02T09:34:35.043+0000] {logging_mixin.py:150} INFO - [2024-04-02T09:34:35.043+0000] {dag.py:2742} INFO - Sync 1 DAGs
[2024-04-02T09:34:35.060+0000] {logging_mixin.py:150} INFO - [2024-04-02T09:34:35.060+0000] {dag.py:3504} INFO - Setting next_dagrun for example_nested_branch_dag to 2024-04-01T00:00:00+00:00, run_after=2024-04-02T00:00:00+00:00
[2024-04-02T09:34:35.101+0000] {processor.py:179} INFO - Processing /usr/local/python/3.10.13/lib/python3.10/site-packages/airflow/example_dags/example_nested_branch_dag.py took 0.084 seconds
[2024-04-02T09:35:33.127+0000] {processor.py:157} INFO - Started process (PID=29407) to work on /usr/local/python/3.10.13/lib/python3.10/site-packages/airflow/example_dags/example_nested_branch_dag.py
[2024-04-02T09:35:33.128+0000] {processor.py:826} INFO - Processing file /usr/local/python/3.10.13/lib/python3.10/site-packages/airflow/example_dags/example_nested_branch_dag.py for tasks to queue
[2024-04-02T09:35:33.129+0000] {logging_mixin.py:150} INFO - [2024-04-02T09:35:33.129+0000] {dagbag.py:541} INFO - Filling up the DagBag from /usr/local/python/3.10.13/lib/python3.10/site-packages/airflow/example_dags/example_nested_branch_dag.py
[2024-04-02T09:35:33.142+0000] {processor.py:836} INFO - DAG(s) dict_keys(['example_nested_branch_dag']) retrieved from /usr/local/python/3.10.13/lib/python3.10/site-packages/airflow/example_dags/example_nested_branch_dag.py
[2024-04-02T09:35:33.163+0000] {logging_mixin.py:150} INFO - [2024-04-02T09:35:33.163+0000] {dag.py:2742} INFO - Sync 1 DAGs
[2024-04-02T09:35:33.189+0000] {logging_mixin.py:150} INFO - [2024-04-02T09:35:33.188+0000] {dag.py:3504} INFO - Setting next_dagrun for example_nested_branch_dag to 2024-04-01T00:00:00+00:00, run_after=2024-04-02T00:00:00+00:00
[2024-04-02T09:35:33.236+0000] {processor.py:179} INFO - Processing /usr/local/python/3.10.13/lib/python3.10/site-packages/airflow/example_dags/example_nested_branch_dag.py took 0.113 seconds
[2024-04-02T09:36:25.336+0000] {processor.py:157} INFO - Started process (PID=29762) to work on /usr/local/python/3.10.13/lib/python3.10/site-packages/airflow/example_dags/example_nested_branch_dag.py
[2024-04-02T09:36:25.337+0000] {processor.py:826} INFO - Processing file /usr/local/python/3.10.13/lib/python3.10/site-packages/airflow/example_dags/example_nested_branch_dag.py for tasks to queue
[2024-04-02T09:36:25.339+0000] {logging_mixin.py:150} INFO - [2024-04-02T09:36:25.338+0000] {dagbag.py:541} INFO - Filling up the DagBag from /usr/local/python/3.10.13/lib/python3.10/site-packages/airflow/example_dags/example_nested_branch_dag.py
[2024-04-02T09:36:25.352+0000] {processor.py:836} INFO - DAG(s) dict_keys(['example_nested_branch_dag']) retrieved from /usr/local/python/3.10.13/lib/python3.10/site-packages/airflow/example_dags/example_nested_branch_dag.py
[2024-04-02T09:36:25.377+0000] {logging_mixin.py:150} INFO - [2024-04-02T09:36:25.377+0000] {dag.py:2742} INFO - Sync 1 DAGs
[2024-04-02T09:36:25.404+0000] {logging_mixin.py:150} INFO - [2024-04-02T09:36:25.404+0000] {dag.py:3504} INFO - Setting next_dagrun for example_nested_branch_dag to 2024-04-01T00:00:00+00:00, run_after=2024-04-02T00:00:00+00:00
[2024-04-02T09:36:25.453+0000] {processor.py:179} INFO - Processing /usr/local/python/3.10.13/lib/python3.10/site-packages/airflow/example_dags/example_nested_branch_dag.py took 0.120 seconds
[2024-04-02T09:37:23.574+0000] {processor.py:157} INFO - Started process (PID=30168) to work on /usr/local/python/3.10.13/lib/python3.10/site-packages/airflow/example_dags/example_nested_branch_dag.py
[2024-04-02T09:37:23.575+0000] {processor.py:826} INFO - Processing file /usr/local/python/3.10.13/lib/python3.10/site-packages/airflow/example_dags/example_nested_branch_dag.py for tasks to queue
[2024-04-02T09:37:23.576+0000] {logging_mixin.py:150} INFO - [2024-04-02T09:37:23.575+0000] {dagbag.py:541} INFO - Filling up the DagBag from /usr/local/python/3.10.13/lib/python3.10/site-packages/airflow/example_dags/example_nested_branch_dag.py
[2024-04-02T09:37:23.596+0000] {processor.py:836} INFO - DAG(s) dict_keys(['example_nested_branch_dag']) retrieved from /usr/local/python/3.10.13/lib/python3.10/site-packages/airflow/example_dags/example_nested_branch_dag.py
[2024-04-02T09:37:23.634+0000] {logging_mixin.py:150} INFO - [2024-04-02T09:37:23.634+0000] {dag.py:2742} INFO - Sync 1 DAGs
[2024-04-02T09:37:23.689+0000] {logging_mixin.py:150} INFO - [2024-04-02T09:37:23.688+0000] {dag.py:3504} INFO - Setting next_dagrun for example_nested_branch_dag to 2024-04-01T00:00:00+00:00, run_after=2024-04-02T00:00:00+00:00
[2024-04-02T09:37:23.739+0000] {processor.py:179} INFO - Processing /usr/local/python/3.10.13/lib/python3.10/site-packages/airflow/example_dags/example_nested_branch_dag.py took 0.168 seconds
[2024-04-02T09:38:18.176+0000] {processor.py:157} INFO - Started process (PID=30534) to work on /usr/local/python/3.10.13/lib/python3.10/site-packages/airflow/example_dags/example_nested_branch_dag.py
[2024-04-02T09:38:18.177+0000] {processor.py:826} INFO - Processing file /usr/local/python/3.10.13/lib/python3.10/site-packages/airflow/example_dags/example_nested_branch_dag.py for tasks to queue
[2024-04-02T09:38:18.178+0000] {logging_mixin.py:150} INFO - [2024-04-02T09:38:18.177+0000] {dagbag.py:541} INFO - Filling up the DagBag from /usr/local/python/3.10.13/lib/python3.10/site-packages/airflow/example_dags/example_nested_branch_dag.py
[2024-04-02T09:38:18.186+0000] {processor.py:836} INFO - DAG(s) dict_keys(['example_nested_branch_dag']) retrieved from /usr/local/python/3.10.13/lib/python3.10/site-packages/airflow/example_dags/example_nested_branch_dag.py
[2024-04-02T09:38:18.199+0000] {logging_mixin.py:150} INFO - [2024-04-02T09:38:18.199+0000] {dag.py:2742} INFO - Sync 1 DAGs
[2024-04-02T09:38:18.216+0000] {logging_mixin.py:150} INFO - [2024-04-02T09:38:18.216+0000] {dag.py:3504} INFO - Setting next_dagrun for example_nested_branch_dag to 2024-04-01T00:00:00+00:00, run_after=2024-04-02T00:00:00+00:00
[2024-04-02T09:38:18.252+0000] {processor.py:179} INFO - Processing /usr/local/python/3.10.13/lib/python3.10/site-packages/airflow/example_dags/example_nested_branch_dag.py took 0.078 seconds
[2024-04-02T09:39:15.735+0000] {processor.py:157} INFO - Started process (PID=30928) to work on /usr/local/python/3.10.13/lib/python3.10/site-packages/airflow/example_dags/example_nested_branch_dag.py
[2024-04-02T09:39:15.736+0000] {processor.py:826} INFO - Processing file /usr/local/python/3.10.13/lib/python3.10/site-packages/airflow/example_dags/example_nested_branch_dag.py for tasks to queue
[2024-04-02T09:39:15.737+0000] {logging_mixin.py:150} INFO - [2024-04-02T09:39:15.737+0000] {dagbag.py:541} INFO - Filling up the DagBag from /usr/local/python/3.10.13/lib/python3.10/site-packages/airflow/example_dags/example_nested_branch_dag.py
[2024-04-02T09:39:15.749+0000] {processor.py:836} INFO - DAG(s) dict_keys(['example_nested_branch_dag']) retrieved from /usr/local/python/3.10.13/lib/python3.10/site-packages/airflow/example_dags/example_nested_branch_dag.py
[2024-04-02T09:39:15.786+0000] {logging_mixin.py:150} INFO - [2024-04-02T09:39:15.785+0000] {dag.py:2742} INFO - Sync 1 DAGs
[2024-04-02T09:39:15.810+0000] {logging_mixin.py:150} INFO - [2024-04-02T09:39:15.810+0000] {dag.py:3504} INFO - Setting next_dagrun for example_nested_branch_dag to 2024-04-01T00:00:00+00:00, run_after=2024-04-02T00:00:00+00:00
[2024-04-02T09:39:15.854+0000] {processor.py:179} INFO - Processing /usr/local/python/3.10.13/lib/python3.10/site-packages/airflow/example_dags/example_nested_branch_dag.py took 0.122 seconds
[2024-04-02T09:40:13.753+0000] {processor.py:157} INFO - Started process (PID=31387) to work on /usr/local/python/3.10.13/lib/python3.10/site-packages/airflow/example_dags/example_nested_branch_dag.py
[2024-04-02T09:40:13.754+0000] {processor.py:826} INFO - Processing file /usr/local/python/3.10.13/lib/python3.10/site-packages/airflow/example_dags/example_nested_branch_dag.py for tasks to queue
[2024-04-02T09:40:13.755+0000] {logging_mixin.py:150} INFO - [2024-04-02T09:40:13.754+0000] {dagbag.py:541} INFO - Filling up the DagBag from /usr/local/python/3.10.13/lib/python3.10/site-packages/airflow/example_dags/example_nested_branch_dag.py
[2024-04-02T09:40:13.763+0000] {processor.py:836} INFO - DAG(s) dict_keys(['example_nested_branch_dag']) retrieved from /usr/local/python/3.10.13/lib/python3.10/site-packages/airflow/example_dags/example_nested_branch_dag.py
[2024-04-02T09:40:13.776+0000] {logging_mixin.py:150} INFO - [2024-04-02T09:40:13.776+0000] {dag.py:2742} INFO - Sync 1 DAGs
[2024-04-02T09:40:13.793+0000] {logging_mixin.py:150} INFO - [2024-04-02T09:40:13.793+0000] {dag.py:3504} INFO - Setting next_dagrun for example_nested_branch_dag to 2024-04-01T00:00:00+00:00, run_after=2024-04-02T00:00:00+00:00
[2024-04-02T09:40:13.832+0000] {processor.py:179} INFO - Processing /usr/local/python/3.10.13/lib/python3.10/site-packages/airflow/example_dags/example_nested_branch_dag.py took 0.081 seconds
[2024-04-02T09:41:11.048+0000] {processor.py:157} INFO - Started process (PID=31761) to work on /usr/local/python/3.10.13/lib/python3.10/site-packages/airflow/example_dags/example_nested_branch_dag.py
[2024-04-02T09:41:11.049+0000] {processor.py:826} INFO - Processing file /usr/local/python/3.10.13/lib/python3.10/site-packages/airflow/example_dags/example_nested_branch_dag.py for tasks to queue
[2024-04-02T09:41:11.050+0000] {logging_mixin.py:150} INFO - [2024-04-02T09:41:11.049+0000] {dagbag.py:541} INFO - Filling up the DagBag from /usr/local/python/3.10.13/lib/python3.10/site-packages/airflow/example_dags/example_nested_branch_dag.py
[2024-04-02T09:41:11.058+0000] {processor.py:836} INFO - DAG(s) dict_keys(['example_nested_branch_dag']) retrieved from /usr/local/python/3.10.13/lib/python3.10/site-packages/airflow/example_dags/example_nested_branch_dag.py
[2024-04-02T09:41:11.071+0000] {logging_mixin.py:150} INFO - [2024-04-02T09:41:11.071+0000] {dag.py:2742} INFO - Sync 1 DAGs
[2024-04-02T09:41:11.087+0000] {logging_mixin.py:150} INFO - [2024-04-02T09:41:11.087+0000] {dag.py:3504} INFO - Setting next_dagrun for example_nested_branch_dag to 2024-04-01T00:00:00+00:00, run_after=2024-04-02T00:00:00+00:00
[2024-04-02T09:41:11.127+0000] {processor.py:179} INFO - Processing /usr/local/python/3.10.13/lib/python3.10/site-packages/airflow/example_dags/example_nested_branch_dag.py took 0.081 seconds
[2024-04-02T09:42:06.025+0000] {processor.py:157} INFO - Started process (PID=32150) to work on /usr/local/python/3.10.13/lib/python3.10/site-packages/airflow/example_dags/example_nested_branch_dag.py
[2024-04-02T09:42:06.025+0000] {processor.py:826} INFO - Processing file /usr/local/python/3.10.13/lib/python3.10/site-packages/airflow/example_dags/example_nested_branch_dag.py for tasks to queue
[2024-04-02T09:42:06.026+0000] {logging_mixin.py:150} INFO - [2024-04-02T09:42:06.026+0000] {dagbag.py:541} INFO - Filling up the DagBag from /usr/local/python/3.10.13/lib/python3.10/site-packages/airflow/example_dags/example_nested_branch_dag.py
[2024-04-02T09:42:06.034+0000] {processor.py:836} INFO - DAG(s) dict_keys(['example_nested_branch_dag']) retrieved from /usr/local/python/3.10.13/lib/python3.10/site-packages/airflow/example_dags/example_nested_branch_dag.py
[2024-04-02T09:42:06.048+0000] {logging_mixin.py:150} INFO - [2024-04-02T09:42:06.048+0000] {dag.py:2742} INFO - Sync 1 DAGs
[2024-04-02T09:42:06.064+0000] {logging_mixin.py:150} INFO - [2024-04-02T09:42:06.064+0000] {dag.py:3504} INFO - Setting next_dagrun for example_nested_branch_dag to 2024-04-01T00:00:00+00:00, run_after=2024-04-02T00:00:00+00:00
[2024-04-02T09:42:06.102+0000] {processor.py:179} INFO - Processing /usr/local/python/3.10.13/lib/python3.10/site-packages/airflow/example_dags/example_nested_branch_dag.py took 0.080 seconds
[2024-04-02T09:43:06.766+0000] {processor.py:157} INFO - Started process (PID=32565) to work on /usr/local/python/3.10.13/lib/python3.10/site-packages/airflow/example_dags/example_nested_branch_dag.py
[2024-04-02T09:43:06.767+0000] {processor.py:826} INFO - Processing file /usr/local/python/3.10.13/lib/python3.10/site-packages/airflow/example_dags/example_nested_branch_dag.py for tasks to queue
[2024-04-02T09:43:06.767+0000] {logging_mixin.py:150} INFO - [2024-04-02T09:43:06.767+0000] {dagbag.py:541} INFO - Filling up the DagBag from /usr/local/python/3.10.13/lib/python3.10/site-packages/airflow/example_dags/example_nested_branch_dag.py
[2024-04-02T09:43:06.775+0000] {processor.py:836} INFO - DAG(s) dict_keys(['example_nested_branch_dag']) retrieved from /usr/local/python/3.10.13/lib/python3.10/site-packages/airflow/example_dags/example_nested_branch_dag.py
[2024-04-02T09:43:06.790+0000] {logging_mixin.py:150} INFO - [2024-04-02T09:43:06.790+0000] {dag.py:2742} INFO - Sync 1 DAGs
[2024-04-02T09:43:06.807+0000] {logging_mixin.py:150} INFO - [2024-04-02T09:43:06.806+0000] {dag.py:3504} INFO - Setting next_dagrun for example_nested_branch_dag to 2024-04-01T00:00:00+00:00, run_after=2024-04-02T00:00:00+00:00
[2024-04-02T09:43:06.845+0000] {processor.py:179} INFO - Processing /usr/local/python/3.10.13/lib/python3.10/site-packages/airflow/example_dags/example_nested_branch_dag.py took 0.081 seconds
