[2024-04-02T08:56:37.308+0000] {processor.py:157} INFO - Started process (PID=11248) to work on /usr/local/python/3.10.13/lib/python3.10/site-packages/airflow/example_dags/example_trigger_target_dag.py
[2024-04-02T08:56:37.309+0000] {processor.py:826} INFO - Processing file /usr/local/python/3.10.13/lib/python3.10/site-packages/airflow/example_dags/example_trigger_target_dag.py for tasks to queue
[2024-04-02T08:56:37.310+0000] {logging_mixin.py:150} INFO - [2024-04-02T08:56:37.310+0000] {dagbag.py:541} INFO - Filling up the DagBag from /usr/local/python/3.10.13/lib/python3.10/site-packages/airflow/example_dags/example_trigger_target_dag.py
[2024-04-02T08:56:37.319+0000] {processor.py:836} INFO - DAG(s) dict_keys(['example_trigger_target_dag']) retrieved from /usr/local/python/3.10.13/lib/python3.10/site-packages/airflow/example_dags/example_trigger_target_dag.py
[2024-04-02T08:56:37.450+0000] {logging_mixin.py:150} INFO - [2024-04-02T08:56:37.450+0000] {dag.py:2742} INFO - Sync 1 DAGs
[2024-04-02T08:56:37.473+0000] {logging_mixin.py:150} INFO - [2024-04-02T08:56:37.473+0000] {dag.py:3504} INFO - Setting next_dagrun for example_trigger_target_dag to None, run_after=None
[2024-04-02T08:56:37.544+0000] {processor.py:179} INFO - Processing /usr/local/python/3.10.13/lib/python3.10/site-packages/airflow/example_dags/example_trigger_target_dag.py took 0.239 seconds
[2024-04-02T08:57:39.317+0000] {processor.py:157} INFO - Started process (PID=11960) to work on /usr/local/python/3.10.13/lib/python3.10/site-packages/airflow/example_dags/example_trigger_target_dag.py
[2024-04-02T08:57:39.317+0000] {processor.py:826} INFO - Processing file /usr/local/python/3.10.13/lib/python3.10/site-packages/airflow/example_dags/example_trigger_target_dag.py for tasks to queue
[2024-04-02T08:57:39.318+0000] {logging_mixin.py:150} INFO - [2024-04-02T08:57:39.318+0000] {dagbag.py:541} INFO - Filling up the DagBag from /usr/local/python/3.10.13/lib/python3.10/site-packages/airflow/example_dags/example_trigger_target_dag.py
[2024-04-02T08:57:39.323+0000] {processor.py:836} INFO - DAG(s) dict_keys(['example_trigger_target_dag']) retrieved from /usr/local/python/3.10.13/lib/python3.10/site-packages/airflow/example_dags/example_trigger_target_dag.py
[2024-04-02T08:57:39.335+0000] {logging_mixin.py:150} INFO - [2024-04-02T08:57:39.334+0000] {dag.py:2742} INFO - Sync 1 DAGs
[2024-04-02T08:57:39.351+0000] {logging_mixin.py:150} INFO - [2024-04-02T08:57:39.351+0000] {dag.py:3504} INFO - Setting next_dagrun for example_trigger_target_dag to None, run_after=None
[2024-04-02T08:57:39.394+0000] {processor.py:179} INFO - Processing /usr/local/python/3.10.13/lib/python3.10/site-packages/airflow/example_dags/example_trigger_target_dag.py took 0.079 seconds
[2024-04-02T08:58:34.631+0000] {processor.py:157} INFO - Started process (PID=12768) to work on /usr/local/python/3.10.13/lib/python3.10/site-packages/airflow/example_dags/example_trigger_target_dag.py
[2024-04-02T08:58:34.645+0000] {processor.py:826} INFO - Processing file /usr/local/python/3.10.13/lib/python3.10/site-packages/airflow/example_dags/example_trigger_target_dag.py for tasks to queue
[2024-04-02T08:58:34.646+0000] {logging_mixin.py:150} INFO - [2024-04-02T08:58:34.645+0000] {dagbag.py:541} INFO - Filling up the DagBag from /usr/local/python/3.10.13/lib/python3.10/site-packages/airflow/example_dags/example_trigger_target_dag.py
[2024-04-02T08:58:34.660+0000] {processor.py:836} INFO - DAG(s) dict_keys(['example_trigger_target_dag']) retrieved from /usr/local/python/3.10.13/lib/python3.10/site-packages/airflow/example_dags/example_trigger_target_dag.py
[2024-04-02T08:58:34.706+0000] {logging_mixin.py:150} INFO - [2024-04-02T08:58:34.706+0000] {dag.py:2742} INFO - Sync 1 DAGs
[2024-04-02T08:58:34.731+0000] {logging_mixin.py:150} INFO - [2024-04-02T08:58:34.731+0000] {dag.py:3504} INFO - Setting next_dagrun for example_trigger_target_dag to None, run_after=None
[2024-04-02T08:58:34.773+0000] {processor.py:179} INFO - Processing /usr/local/python/3.10.13/lib/python3.10/site-packages/airflow/example_dags/example_trigger_target_dag.py took 0.145 seconds
[2024-04-02T08:59:33.068+0000] {processor.py:157} INFO - Started process (PID=13559) to work on /usr/local/python/3.10.13/lib/python3.10/site-packages/airflow/example_dags/example_trigger_target_dag.py
[2024-04-02T08:59:33.068+0000] {processor.py:826} INFO - Processing file /usr/local/python/3.10.13/lib/python3.10/site-packages/airflow/example_dags/example_trigger_target_dag.py for tasks to queue
[2024-04-02T08:59:33.069+0000] {logging_mixin.py:150} INFO - [2024-04-02T08:59:33.069+0000] {dagbag.py:541} INFO - Filling up the DagBag from /usr/local/python/3.10.13/lib/python3.10/site-packages/airflow/example_dags/example_trigger_target_dag.py
[2024-04-02T08:59:33.076+0000] {processor.py:836} INFO - DAG(s) dict_keys(['example_trigger_target_dag']) retrieved from /usr/local/python/3.10.13/lib/python3.10/site-packages/airflow/example_dags/example_trigger_target_dag.py
[2024-04-02T08:59:33.092+0000] {logging_mixin.py:150} INFO - [2024-04-02T08:59:33.092+0000] {dag.py:2742} INFO - Sync 1 DAGs
[2024-04-02T08:59:33.108+0000] {logging_mixin.py:150} INFO - [2024-04-02T08:59:33.108+0000] {dag.py:3504} INFO - Setting next_dagrun for example_trigger_target_dag to None, run_after=None
[2024-04-02T08:59:33.182+0000] {processor.py:179} INFO - Processing /usr/local/python/3.10.13/lib/python3.10/site-packages/airflow/example_dags/example_trigger_target_dag.py took 0.116 seconds
[2024-04-02T09:00:33.843+0000] {processor.py:157} INFO - Started process (PID=14402) to work on /usr/local/python/3.10.13/lib/python3.10/site-packages/airflow/example_dags/example_trigger_target_dag.py
[2024-04-02T09:00:33.844+0000] {processor.py:826} INFO - Processing file /usr/local/python/3.10.13/lib/python3.10/site-packages/airflow/example_dags/example_trigger_target_dag.py for tasks to queue
[2024-04-02T09:00:33.844+0000] {logging_mixin.py:150} INFO - [2024-04-02T09:00:33.844+0000] {dagbag.py:541} INFO - Filling up the DagBag from /usr/local/python/3.10.13/lib/python3.10/site-packages/airflow/example_dags/example_trigger_target_dag.py
[2024-04-02T09:00:33.849+0000] {processor.py:836} INFO - DAG(s) dict_keys(['example_trigger_target_dag']) retrieved from /usr/local/python/3.10.13/lib/python3.10/site-packages/airflow/example_dags/example_trigger_target_dag.py
[2024-04-02T09:00:33.861+0000] {logging_mixin.py:150} INFO - [2024-04-02T09:00:33.861+0000] {dag.py:2742} INFO - Sync 1 DAGs
[2024-04-02T09:00:33.876+0000] {logging_mixin.py:150} INFO - [2024-04-02T09:00:33.876+0000] {dag.py:3504} INFO - Setting next_dagrun for example_trigger_target_dag to None, run_after=None
[2024-04-02T09:00:33.916+0000] {processor.py:179} INFO - Processing /usr/local/python/3.10.13/lib/python3.10/site-packages/airflow/example_dags/example_trigger_target_dag.py took 0.075 seconds
[2024-04-02T09:01:13.370+0000] {processor.py:157} INFO - Started process (PID=14681) to work on /usr/local/python/3.10.13/lib/python3.10/site-packages/airflow/example_dags/example_trigger_target_dag.py
[2024-04-02T09:01:13.371+0000] {processor.py:826} INFO - Processing file /usr/local/python/3.10.13/lib/python3.10/site-packages/airflow/example_dags/example_trigger_target_dag.py for tasks to queue
[2024-04-02T09:01:13.372+0000] {logging_mixin.py:150} INFO - [2024-04-02T09:01:13.372+0000] {dagbag.py:541} INFO - Filling up the DagBag from /usr/local/python/3.10.13/lib/python3.10/site-packages/airflow/example_dags/example_trigger_target_dag.py
[2024-04-02T09:01:13.379+0000] {processor.py:836} INFO - DAG(s) dict_keys(['example_trigger_target_dag']) retrieved from /usr/local/python/3.10.13/lib/python3.10/site-packages/airflow/example_dags/example_trigger_target_dag.py
[2024-04-02T09:01:13.396+0000] {logging_mixin.py:150} INFO - [2024-04-02T09:01:13.396+0000] {dag.py:2742} INFO - Sync 1 DAGs
[2024-04-02T09:01:13.422+0000] {logging_mixin.py:150} INFO - [2024-04-02T09:01:13.422+0000] {dag.py:3504} INFO - Setting next_dagrun for example_trigger_target_dag to None, run_after=None
[2024-04-02T09:01:13.468+0000] {processor.py:179} INFO - Processing /usr/local/python/3.10.13/lib/python3.10/site-packages/airflow/example_dags/example_trigger_target_dag.py took 0.101 seconds
[2024-04-02T09:01:50.344+0000] {processor.py:157} INFO - Started process (PID=14981) to work on /usr/local/python/3.10.13/lib/python3.10/site-packages/airflow/example_dags/example_trigger_target_dag.py
[2024-04-02T09:01:50.345+0000] {processor.py:826} INFO - Processing file /usr/local/python/3.10.13/lib/python3.10/site-packages/airflow/example_dags/example_trigger_target_dag.py for tasks to queue
[2024-04-02T09:01:50.346+0000] {logging_mixin.py:150} INFO - [2024-04-02T09:01:50.345+0000] {dagbag.py:541} INFO - Filling up the DagBag from /usr/local/python/3.10.13/lib/python3.10/site-packages/airflow/example_dags/example_trigger_target_dag.py
[2024-04-02T09:01:50.350+0000] {processor.py:836} INFO - DAG(s) dict_keys(['example_trigger_target_dag']) retrieved from /usr/local/python/3.10.13/lib/python3.10/site-packages/airflow/example_dags/example_trigger_target_dag.py
[2024-04-02T09:01:50.362+0000] {logging_mixin.py:150} INFO - [2024-04-02T09:01:50.362+0000] {dag.py:2742} INFO - Sync 1 DAGs
[2024-04-02T09:01:50.377+0000] {logging_mixin.py:150} INFO - [2024-04-02T09:01:50.377+0000] {dag.py:3504} INFO - Setting next_dagrun for example_trigger_target_dag to None, run_after=None
[2024-04-02T09:01:50.419+0000] {processor.py:179} INFO - Processing /usr/local/python/3.10.13/lib/python3.10/site-packages/airflow/example_dags/example_trigger_target_dag.py took 0.078 seconds
[2024-04-02T09:02:28.190+0000] {processor.py:157} INFO - Started process (PID=15249) to work on /usr/local/python/3.10.13/lib/python3.10/site-packages/airflow/example_dags/example_trigger_target_dag.py
[2024-04-02T09:02:28.191+0000] {processor.py:826} INFO - Processing file /usr/local/python/3.10.13/lib/python3.10/site-packages/airflow/example_dags/example_trigger_target_dag.py for tasks to queue
[2024-04-02T09:02:28.193+0000] {logging_mixin.py:150} INFO - [2024-04-02T09:02:28.192+0000] {dagbag.py:541} INFO - Filling up the DagBag from /usr/local/python/3.10.13/lib/python3.10/site-packages/airflow/example_dags/example_trigger_target_dag.py
[2024-04-02T09:02:28.199+0000] {processor.py:836} INFO - DAG(s) dict_keys(['example_trigger_target_dag']) retrieved from /usr/local/python/3.10.13/lib/python3.10/site-packages/airflow/example_dags/example_trigger_target_dag.py
[2024-04-02T09:02:28.217+0000] {logging_mixin.py:150} INFO - [2024-04-02T09:02:28.217+0000] {dag.py:2742} INFO - Sync 1 DAGs
[2024-04-02T09:02:28.241+0000] {logging_mixin.py:150} INFO - [2024-04-02T09:02:28.241+0000] {dag.py:3504} INFO - Setting next_dagrun for example_trigger_target_dag to None, run_after=None
[2024-04-02T09:02:28.283+0000] {processor.py:179} INFO - Processing /usr/local/python/3.10.13/lib/python3.10/site-packages/airflow/example_dags/example_trigger_target_dag.py took 0.096 seconds
[2024-04-02T09:03:08.264+0000] {processor.py:157} INFO - Started process (PID=15525) to work on /usr/local/python/3.10.13/lib/python3.10/site-packages/airflow/example_dags/example_trigger_target_dag.py
[2024-04-02T09:03:08.265+0000] {processor.py:826} INFO - Processing file /usr/local/python/3.10.13/lib/python3.10/site-packages/airflow/example_dags/example_trigger_target_dag.py for tasks to queue
[2024-04-02T09:03:08.266+0000] {logging_mixin.py:150} INFO - [2024-04-02T09:03:08.266+0000] {dagbag.py:541} INFO - Filling up the DagBag from /usr/local/python/3.10.13/lib/python3.10/site-packages/airflow/example_dags/example_trigger_target_dag.py
[2024-04-02T09:03:08.273+0000] {processor.py:836} INFO - DAG(s) dict_keys(['example_trigger_target_dag']) retrieved from /usr/local/python/3.10.13/lib/python3.10/site-packages/airflow/example_dags/example_trigger_target_dag.py
[2024-04-02T09:03:08.290+0000] {logging_mixin.py:150} INFO - [2024-04-02T09:03:08.289+0000] {dag.py:2742} INFO - Sync 1 DAGs
[2024-04-02T09:03:08.312+0000] {logging_mixin.py:150} INFO - [2024-04-02T09:03:08.312+0000] {dag.py:3504} INFO - Setting next_dagrun for example_trigger_target_dag to None, run_after=None
[2024-04-02T09:03:08.358+0000] {processor.py:179} INFO - Processing /usr/local/python/3.10.13/lib/python3.10/site-packages/airflow/example_dags/example_trigger_target_dag.py took 0.097 seconds
[2024-04-02T09:03:46.747+0000] {processor.py:157} INFO - Started process (PID=15792) to work on /usr/local/python/3.10.13/lib/python3.10/site-packages/airflow/example_dags/example_trigger_target_dag.py
[2024-04-02T09:03:46.748+0000] {processor.py:826} INFO - Processing file /usr/local/python/3.10.13/lib/python3.10/site-packages/airflow/example_dags/example_trigger_target_dag.py for tasks to queue
[2024-04-02T09:03:46.749+0000] {logging_mixin.py:150} INFO - [2024-04-02T09:03:46.749+0000] {dagbag.py:541} INFO - Filling up the DagBag from /usr/local/python/3.10.13/lib/python3.10/site-packages/airflow/example_dags/example_trigger_target_dag.py
[2024-04-02T09:03:46.756+0000] {processor.py:836} INFO - DAG(s) dict_keys(['example_trigger_target_dag']) retrieved from /usr/local/python/3.10.13/lib/python3.10/site-packages/airflow/example_dags/example_trigger_target_dag.py
[2024-04-02T09:03:46.774+0000] {logging_mixin.py:150} INFO - [2024-04-02T09:03:46.774+0000] {dag.py:2742} INFO - Sync 1 DAGs
[2024-04-02T09:03:46.798+0000] {logging_mixin.py:150} INFO - [2024-04-02T09:03:46.798+0000] {dag.py:3504} INFO - Setting next_dagrun for example_trigger_target_dag to None, run_after=None
[2024-04-02T09:03:46.846+0000] {processor.py:179} INFO - Processing /usr/local/python/3.10.13/lib/python3.10/site-packages/airflow/example_dags/example_trigger_target_dag.py took 0.102 seconds
[2024-04-02T09:04:26.734+0000] {processor.py:157} INFO - Started process (PID=16061) to work on /usr/local/python/3.10.13/lib/python3.10/site-packages/airflow/example_dags/example_trigger_target_dag.py
[2024-04-02T09:04:26.735+0000] {processor.py:826} INFO - Processing file /usr/local/python/3.10.13/lib/python3.10/site-packages/airflow/example_dags/example_trigger_target_dag.py for tasks to queue
[2024-04-02T09:04:26.735+0000] {logging_mixin.py:150} INFO - [2024-04-02T09:04:26.735+0000] {dagbag.py:541} INFO - Filling up the DagBag from /usr/local/python/3.10.13/lib/python3.10/site-packages/airflow/example_dags/example_trigger_target_dag.py
[2024-04-02T09:04:26.740+0000] {processor.py:836} INFO - DAG(s) dict_keys(['example_trigger_target_dag']) retrieved from /usr/local/python/3.10.13/lib/python3.10/site-packages/airflow/example_dags/example_trigger_target_dag.py
[2024-04-02T09:04:26.752+0000] {logging_mixin.py:150} INFO - [2024-04-02T09:04:26.751+0000] {dag.py:2742} INFO - Sync 1 DAGs
[2024-04-02T09:04:26.767+0000] {logging_mixin.py:150} INFO - [2024-04-02T09:04:26.767+0000] {dag.py:3504} INFO - Setting next_dagrun for example_trigger_target_dag to None, run_after=None
[2024-04-02T09:04:26.807+0000] {processor.py:179} INFO - Processing /usr/local/python/3.10.13/lib/python3.10/site-packages/airflow/example_dags/example_trigger_target_dag.py took 0.075 seconds
[2024-04-02T09:05:15.685+0000] {processor.py:157} INFO - Started process (PID=16407) to work on /usr/local/python/3.10.13/lib/python3.10/site-packages/airflow/example_dags/example_trigger_target_dag.py
[2024-04-02T09:05:15.686+0000] {processor.py:826} INFO - Processing file /usr/local/python/3.10.13/lib/python3.10/site-packages/airflow/example_dags/example_trigger_target_dag.py for tasks to queue
[2024-04-02T09:05:15.688+0000] {logging_mixin.py:150} INFO - [2024-04-02T09:05:15.687+0000] {dagbag.py:541} INFO - Filling up the DagBag from /usr/local/python/3.10.13/lib/python3.10/site-packages/airflow/example_dags/example_trigger_target_dag.py
[2024-04-02T09:05:15.694+0000] {processor.py:836} INFO - DAG(s) dict_keys(['example_trigger_target_dag']) retrieved from /usr/local/python/3.10.13/lib/python3.10/site-packages/airflow/example_dags/example_trigger_target_dag.py
[2024-04-02T09:05:15.709+0000] {logging_mixin.py:150} INFO - [2024-04-02T09:05:15.709+0000] {dag.py:2742} INFO - Sync 1 DAGs
[2024-04-02T09:05:15.731+0000] {logging_mixin.py:150} INFO - [2024-04-02T09:05:15.731+0000] {dag.py:3504} INFO - Setting next_dagrun for example_trigger_target_dag to None, run_after=None
[2024-04-02T09:05:15.772+0000] {processor.py:179} INFO - Processing /usr/local/python/3.10.13/lib/python3.10/site-packages/airflow/example_dags/example_trigger_target_dag.py took 0.090 seconds
[2024-04-02T09:05:57.455+0000] {processor.py:157} INFO - Started process (PID=16702) to work on /usr/local/python/3.10.13/lib/python3.10/site-packages/airflow/example_dags/example_trigger_target_dag.py
[2024-04-02T09:05:57.456+0000] {processor.py:826} INFO - Processing file /usr/local/python/3.10.13/lib/python3.10/site-packages/airflow/example_dags/example_trigger_target_dag.py for tasks to queue
[2024-04-02T09:05:57.457+0000] {logging_mixin.py:150} INFO - [2024-04-02T09:05:57.457+0000] {dagbag.py:541} INFO - Filling up the DagBag from /usr/local/python/3.10.13/lib/python3.10/site-packages/airflow/example_dags/example_trigger_target_dag.py
[2024-04-02T09:05:57.473+0000] {processor.py:836} INFO - DAG(s) dict_keys(['example_trigger_target_dag']) retrieved from /usr/local/python/3.10.13/lib/python3.10/site-packages/airflow/example_dags/example_trigger_target_dag.py
[2024-04-02T09:05:57.525+0000] {logging_mixin.py:150} INFO - [2024-04-02T09:05:57.525+0000] {dag.py:2742} INFO - Sync 1 DAGs
[2024-04-02T09:05:57.562+0000] {logging_mixin.py:150} INFO - [2024-04-02T09:05:57.562+0000] {dag.py:3504} INFO - Setting next_dagrun for example_trigger_target_dag to None, run_after=None
[2024-04-02T09:05:57.611+0000] {processor.py:179} INFO - Processing /usr/local/python/3.10.13/lib/python3.10/site-packages/airflow/example_dags/example_trigger_target_dag.py took 0.159 seconds
[2024-04-02T09:06:38.306+0000] {processor.py:157} INFO - Started process (PID=17013) to work on /usr/local/python/3.10.13/lib/python3.10/site-packages/airflow/example_dags/example_trigger_target_dag.py
[2024-04-02T09:06:38.307+0000] {processor.py:826} INFO - Processing file /usr/local/python/3.10.13/lib/python3.10/site-packages/airflow/example_dags/example_trigger_target_dag.py for tasks to queue
[2024-04-02T09:06:38.308+0000] {logging_mixin.py:150} INFO - [2024-04-02T09:06:38.308+0000] {dagbag.py:541} INFO - Filling up the DagBag from /usr/local/python/3.10.13/lib/python3.10/site-packages/airflow/example_dags/example_trigger_target_dag.py
[2024-04-02T09:06:38.317+0000] {processor.py:836} INFO - DAG(s) dict_keys(['example_trigger_target_dag']) retrieved from /usr/local/python/3.10.13/lib/python3.10/site-packages/airflow/example_dags/example_trigger_target_dag.py
[2024-04-02T09:06:38.338+0000] {logging_mixin.py:150} INFO - [2024-04-02T09:06:38.338+0000] {dag.py:2742} INFO - Sync 1 DAGs
[2024-04-02T09:06:38.359+0000] {logging_mixin.py:150} INFO - [2024-04-02T09:06:38.359+0000] {dag.py:3504} INFO - Setting next_dagrun for example_trigger_target_dag to None, run_after=None
[2024-04-02T09:06:38.404+0000] {processor.py:179} INFO - Processing /usr/local/python/3.10.13/lib/python3.10/site-packages/airflow/example_dags/example_trigger_target_dag.py took 0.101 seconds
[2024-04-02T09:07:19.913+0000] {processor.py:157} INFO - Started process (PID=17711) to work on /usr/local/python/3.10.13/lib/python3.10/site-packages/airflow/example_dags/example_trigger_target_dag.py
[2024-04-02T09:07:19.914+0000] {processor.py:826} INFO - Processing file /usr/local/python/3.10.13/lib/python3.10/site-packages/airflow/example_dags/example_trigger_target_dag.py for tasks to queue
[2024-04-02T09:07:19.915+0000] {logging_mixin.py:150} INFO - [2024-04-02T09:07:19.915+0000] {dagbag.py:541} INFO - Filling up the DagBag from /usr/local/python/3.10.13/lib/python3.10/site-packages/airflow/example_dags/example_trigger_target_dag.py
[2024-04-02T09:07:19.922+0000] {processor.py:836} INFO - DAG(s) dict_keys(['example_trigger_target_dag']) retrieved from /usr/local/python/3.10.13/lib/python3.10/site-packages/airflow/example_dags/example_trigger_target_dag.py
[2024-04-02T09:07:19.938+0000] {logging_mixin.py:150} INFO - [2024-04-02T09:07:19.938+0000] {dag.py:2742} INFO - Sync 1 DAGs
[2024-04-02T09:07:19.962+0000] {logging_mixin.py:150} INFO - [2024-04-02T09:07:19.962+0000] {dag.py:3504} INFO - Setting next_dagrun for example_trigger_target_dag to None, run_after=None
[2024-04-02T09:07:20.007+0000] {processor.py:179} INFO - Processing /usr/local/python/3.10.13/lib/python3.10/site-packages/airflow/example_dags/example_trigger_target_dag.py took 0.097 seconds
[2024-04-02T09:07:58.959+0000] {processor.py:157} INFO - Started process (PID=17959) to work on /usr/local/python/3.10.13/lib/python3.10/site-packages/airflow/example_dags/example_trigger_target_dag.py
[2024-04-02T09:07:58.960+0000] {processor.py:826} INFO - Processing file /usr/local/python/3.10.13/lib/python3.10/site-packages/airflow/example_dags/example_trigger_target_dag.py for tasks to queue
[2024-04-02T09:07:58.961+0000] {logging_mixin.py:150} INFO - [2024-04-02T09:07:58.961+0000] {dagbag.py:541} INFO - Filling up the DagBag from /usr/local/python/3.10.13/lib/python3.10/site-packages/airflow/example_dags/example_trigger_target_dag.py
[2024-04-02T09:07:58.967+0000] {processor.py:836} INFO - DAG(s) dict_keys(['example_trigger_target_dag']) retrieved from /usr/local/python/3.10.13/lib/python3.10/site-packages/airflow/example_dags/example_trigger_target_dag.py
[2024-04-02T09:07:58.986+0000] {logging_mixin.py:150} INFO - [2024-04-02T09:07:58.986+0000] {dag.py:2742} INFO - Sync 1 DAGs
[2024-04-02T09:07:59.021+0000] {logging_mixin.py:150} INFO - [2024-04-02T09:07:59.021+0000] {dag.py:3504} INFO - Setting next_dagrun for example_trigger_target_dag to None, run_after=None
[2024-04-02T09:07:59.061+0000] {processor.py:179} INFO - Processing /usr/local/python/3.10.13/lib/python3.10/site-packages/airflow/example_dags/example_trigger_target_dag.py took 0.106 seconds
[2024-04-02T09:08:34.282+0000] {processor.py:157} INFO - Started process (PID=18211) to work on /usr/local/python/3.10.13/lib/python3.10/site-packages/airflow/example_dags/example_trigger_target_dag.py
[2024-04-02T09:08:34.283+0000] {processor.py:826} INFO - Processing file /usr/local/python/3.10.13/lib/python3.10/site-packages/airflow/example_dags/example_trigger_target_dag.py for tasks to queue
[2024-04-02T09:08:34.283+0000] {logging_mixin.py:150} INFO - [2024-04-02T09:08:34.283+0000] {dagbag.py:541} INFO - Filling up the DagBag from /usr/local/python/3.10.13/lib/python3.10/site-packages/airflow/example_dags/example_trigger_target_dag.py
[2024-04-02T09:08:34.288+0000] {processor.py:836} INFO - DAG(s) dict_keys(['example_trigger_target_dag']) retrieved from /usr/local/python/3.10.13/lib/python3.10/site-packages/airflow/example_dags/example_trigger_target_dag.py
[2024-04-02T09:08:34.300+0000] {logging_mixin.py:150} INFO - [2024-04-02T09:08:34.300+0000] {dag.py:2742} INFO - Sync 1 DAGs
[2024-04-02T09:08:34.317+0000] {logging_mixin.py:150} INFO - [2024-04-02T09:08:34.317+0000] {dag.py:3504} INFO - Setting next_dagrun for example_trigger_target_dag to None, run_after=None
[2024-04-02T09:08:34.362+0000] {processor.py:179} INFO - Processing /usr/local/python/3.10.13/lib/python3.10/site-packages/airflow/example_dags/example_trigger_target_dag.py took 0.083 seconds
[2024-04-02T09:09:13.616+0000] {processor.py:157} INFO - Started process (PID=18480) to work on /usr/local/python/3.10.13/lib/python3.10/site-packages/airflow/example_dags/example_trigger_target_dag.py
[2024-04-02T09:09:13.617+0000] {processor.py:826} INFO - Processing file /usr/local/python/3.10.13/lib/python3.10/site-packages/airflow/example_dags/example_trigger_target_dag.py for tasks to queue
[2024-04-02T09:09:13.618+0000] {logging_mixin.py:150} INFO - [2024-04-02T09:09:13.618+0000] {dagbag.py:541} INFO - Filling up the DagBag from /usr/local/python/3.10.13/lib/python3.10/site-packages/airflow/example_dags/example_trigger_target_dag.py
[2024-04-02T09:09:13.625+0000] {processor.py:836} INFO - DAG(s) dict_keys(['example_trigger_target_dag']) retrieved from /usr/local/python/3.10.13/lib/python3.10/site-packages/airflow/example_dags/example_trigger_target_dag.py
[2024-04-02T09:09:13.645+0000] {logging_mixin.py:150} INFO - [2024-04-02T09:09:13.645+0000] {dag.py:2742} INFO - Sync 1 DAGs
[2024-04-02T09:09:13.668+0000] {logging_mixin.py:150} INFO - [2024-04-02T09:09:13.667+0000] {dag.py:3504} INFO - Setting next_dagrun for example_trigger_target_dag to None, run_after=None
[2024-04-02T09:09:13.713+0000] {processor.py:179} INFO - Processing /usr/local/python/3.10.13/lib/python3.10/site-packages/airflow/example_dags/example_trigger_target_dag.py took 0.100 seconds
[2024-04-02T09:09:51.183+0000] {processor.py:157} INFO - Started process (PID=18750) to work on /usr/local/python/3.10.13/lib/python3.10/site-packages/airflow/example_dags/example_trigger_target_dag.py
[2024-04-02T09:09:51.184+0000] {processor.py:826} INFO - Processing file /usr/local/python/3.10.13/lib/python3.10/site-packages/airflow/example_dags/example_trigger_target_dag.py for tasks to queue
[2024-04-02T09:09:51.185+0000] {logging_mixin.py:150} INFO - [2024-04-02T09:09:51.184+0000] {dagbag.py:541} INFO - Filling up the DagBag from /usr/local/python/3.10.13/lib/python3.10/site-packages/airflow/example_dags/example_trigger_target_dag.py
[2024-04-02T09:09:51.189+0000] {processor.py:836} INFO - DAG(s) dict_keys(['example_trigger_target_dag']) retrieved from /usr/local/python/3.10.13/lib/python3.10/site-packages/airflow/example_dags/example_trigger_target_dag.py
[2024-04-02T09:09:51.202+0000] {logging_mixin.py:150} INFO - [2024-04-02T09:09:51.202+0000] {dag.py:2742} INFO - Sync 1 DAGs
[2024-04-02T09:09:51.218+0000] {logging_mixin.py:150} INFO - [2024-04-02T09:09:51.218+0000] {dag.py:3504} INFO - Setting next_dagrun for example_trigger_target_dag to None, run_after=None
[2024-04-02T09:09:51.259+0000] {processor.py:179} INFO - Processing /usr/local/python/3.10.13/lib/python3.10/site-packages/airflow/example_dags/example_trigger_target_dag.py took 0.078 seconds
[2024-04-02T09:10:29.798+0000] {processor.py:157} INFO - Started process (PID=19019) to work on /usr/local/python/3.10.13/lib/python3.10/site-packages/airflow/example_dags/example_trigger_target_dag.py
[2024-04-02T09:10:29.800+0000] {processor.py:826} INFO - Processing file /usr/local/python/3.10.13/lib/python3.10/site-packages/airflow/example_dags/example_trigger_target_dag.py for tasks to queue
[2024-04-02T09:10:29.801+0000] {logging_mixin.py:150} INFO - [2024-04-02T09:10:29.800+0000] {dagbag.py:541} INFO - Filling up the DagBag from /usr/local/python/3.10.13/lib/python3.10/site-packages/airflow/example_dags/example_trigger_target_dag.py
[2024-04-02T09:10:29.807+0000] {processor.py:836} INFO - DAG(s) dict_keys(['example_trigger_target_dag']) retrieved from /usr/local/python/3.10.13/lib/python3.10/site-packages/airflow/example_dags/example_trigger_target_dag.py
[2024-04-02T09:10:29.824+0000] {logging_mixin.py:150} INFO - [2024-04-02T09:10:29.824+0000] {dag.py:2742} INFO - Sync 1 DAGs
[2024-04-02T09:10:29.846+0000] {logging_mixin.py:150} INFO - [2024-04-02T09:10:29.846+0000] {dag.py:3504} INFO - Setting next_dagrun for example_trigger_target_dag to None, run_after=None
[2024-04-02T09:10:29.892+0000] {processor.py:179} INFO - Processing /usr/local/python/3.10.13/lib/python3.10/site-packages/airflow/example_dags/example_trigger_target_dag.py took 0.097 seconds
[2024-04-02T09:11:08.970+0000] {processor.py:157} INFO - Started process (PID=19281) to work on /usr/local/python/3.10.13/lib/python3.10/site-packages/airflow/example_dags/example_trigger_target_dag.py
[2024-04-02T09:11:08.971+0000] {processor.py:826} INFO - Processing file /usr/local/python/3.10.13/lib/python3.10/site-packages/airflow/example_dags/example_trigger_target_dag.py for tasks to queue
[2024-04-02T09:11:08.972+0000] {logging_mixin.py:150} INFO - [2024-04-02T09:11:08.971+0000] {dagbag.py:541} INFO - Filling up the DagBag from /usr/local/python/3.10.13/lib/python3.10/site-packages/airflow/example_dags/example_trigger_target_dag.py
[2024-04-02T09:11:08.979+0000] {processor.py:836} INFO - DAG(s) dict_keys(['example_trigger_target_dag']) retrieved from /usr/local/python/3.10.13/lib/python3.10/site-packages/airflow/example_dags/example_trigger_target_dag.py
[2024-04-02T09:11:08.999+0000] {logging_mixin.py:150} INFO - [2024-04-02T09:11:08.999+0000] {dag.py:2742} INFO - Sync 1 DAGs
[2024-04-02T09:11:09.022+0000] {logging_mixin.py:150} INFO - [2024-04-02T09:11:09.022+0000] {dag.py:3504} INFO - Setting next_dagrun for example_trigger_target_dag to None, run_after=None
[2024-04-02T09:11:09.064+0000] {processor.py:179} INFO - Processing /usr/local/python/3.10.13/lib/python3.10/site-packages/airflow/example_dags/example_trigger_target_dag.py took 0.097 seconds
[2024-04-02T09:11:48.367+0000] {processor.py:157} INFO - Started process (PID=19550) to work on /usr/local/python/3.10.13/lib/python3.10/site-packages/airflow/example_dags/example_trigger_target_dag.py
[2024-04-02T09:11:48.368+0000] {processor.py:826} INFO - Processing file /usr/local/python/3.10.13/lib/python3.10/site-packages/airflow/example_dags/example_trigger_target_dag.py for tasks to queue
[2024-04-02T09:11:48.369+0000] {logging_mixin.py:150} INFO - [2024-04-02T09:11:48.369+0000] {dagbag.py:541} INFO - Filling up the DagBag from /usr/local/python/3.10.13/lib/python3.10/site-packages/airflow/example_dags/example_trigger_target_dag.py
[2024-04-02T09:11:48.375+0000] {processor.py:836} INFO - DAG(s) dict_keys(['example_trigger_target_dag']) retrieved from /usr/local/python/3.10.13/lib/python3.10/site-packages/airflow/example_dags/example_trigger_target_dag.py
[2024-04-02T09:11:48.392+0000] {logging_mixin.py:150} INFO - [2024-04-02T09:11:48.392+0000] {dag.py:2742} INFO - Sync 1 DAGs
[2024-04-02T09:11:48.417+0000] {logging_mixin.py:150} INFO - [2024-04-02T09:11:48.417+0000] {dag.py:3504} INFO - Setting next_dagrun for example_trigger_target_dag to None, run_after=None
[2024-04-02T09:11:48.462+0000] {processor.py:179} INFO - Processing /usr/local/python/3.10.13/lib/python3.10/site-packages/airflow/example_dags/example_trigger_target_dag.py took 0.098 seconds
[2024-04-02T09:12:28.864+0000] {processor.py:157} INFO - Started process (PID=19831) to work on /usr/local/python/3.10.13/lib/python3.10/site-packages/airflow/example_dags/example_trigger_target_dag.py
[2024-04-02T09:12:28.865+0000] {processor.py:826} INFO - Processing file /usr/local/python/3.10.13/lib/python3.10/site-packages/airflow/example_dags/example_trigger_target_dag.py for tasks to queue
[2024-04-02T09:12:28.866+0000] {logging_mixin.py:150} INFO - [2024-04-02T09:12:28.866+0000] {dagbag.py:541} INFO - Filling up the DagBag from /usr/local/python/3.10.13/lib/python3.10/site-packages/airflow/example_dags/example_trigger_target_dag.py
[2024-04-02T09:12:28.871+0000] {processor.py:836} INFO - DAG(s) dict_keys(['example_trigger_target_dag']) retrieved from /usr/local/python/3.10.13/lib/python3.10/site-packages/airflow/example_dags/example_trigger_target_dag.py
[2024-04-02T09:12:28.882+0000] {logging_mixin.py:150} INFO - [2024-04-02T09:12:28.882+0000] {dag.py:2742} INFO - Sync 1 DAGs
[2024-04-02T09:12:28.898+0000] {logging_mixin.py:150} INFO - [2024-04-02T09:12:28.898+0000] {dag.py:3504} INFO - Setting next_dagrun for example_trigger_target_dag to None, run_after=None
[2024-04-02T09:12:28.935+0000] {processor.py:179} INFO - Processing /usr/local/python/3.10.13/lib/python3.10/site-packages/airflow/example_dags/example_trigger_target_dag.py took 0.073 seconds
[2024-04-02T09:13:09.444+0000] {processor.py:157} INFO - Started process (PID=20102) to work on /usr/local/python/3.10.13/lib/python3.10/site-packages/airflow/example_dags/example_trigger_target_dag.py
[2024-04-02T09:13:09.445+0000] {processor.py:826} INFO - Processing file /usr/local/python/3.10.13/lib/python3.10/site-packages/airflow/example_dags/example_trigger_target_dag.py for tasks to queue
[2024-04-02T09:13:09.446+0000] {logging_mixin.py:150} INFO - [2024-04-02T09:13:09.445+0000] {dagbag.py:541} INFO - Filling up the DagBag from /usr/local/python/3.10.13/lib/python3.10/site-packages/airflow/example_dags/example_trigger_target_dag.py
[2024-04-02T09:13:09.450+0000] {processor.py:836} INFO - DAG(s) dict_keys(['example_trigger_target_dag']) retrieved from /usr/local/python/3.10.13/lib/python3.10/site-packages/airflow/example_dags/example_trigger_target_dag.py
[2024-04-02T09:13:09.462+0000] {logging_mixin.py:150} INFO - [2024-04-02T09:13:09.462+0000] {dag.py:2742} INFO - Sync 1 DAGs
[2024-04-02T09:13:09.478+0000] {logging_mixin.py:150} INFO - [2024-04-02T09:13:09.477+0000] {dag.py:3504} INFO - Setting next_dagrun for example_trigger_target_dag to None, run_after=None
[2024-04-02T09:13:09.519+0000] {processor.py:179} INFO - Processing /usr/local/python/3.10.13/lib/python3.10/site-packages/airflow/example_dags/example_trigger_target_dag.py took 0.077 seconds
[2024-04-02T09:13:47.539+0000] {processor.py:157} INFO - Started process (PID=20351) to work on /usr/local/python/3.10.13/lib/python3.10/site-packages/airflow/example_dags/example_trigger_target_dag.py
[2024-04-02T09:13:47.539+0000] {processor.py:826} INFO - Processing file /usr/local/python/3.10.13/lib/python3.10/site-packages/airflow/example_dags/example_trigger_target_dag.py for tasks to queue
[2024-04-02T09:13:47.540+0000] {logging_mixin.py:150} INFO - [2024-04-02T09:13:47.540+0000] {dagbag.py:541} INFO - Filling up the DagBag from /usr/local/python/3.10.13/lib/python3.10/site-packages/airflow/example_dags/example_trigger_target_dag.py
[2024-04-02T09:13:47.545+0000] {processor.py:836} INFO - DAG(s) dict_keys(['example_trigger_target_dag']) retrieved from /usr/local/python/3.10.13/lib/python3.10/site-packages/airflow/example_dags/example_trigger_target_dag.py
[2024-04-02T09:13:47.556+0000] {logging_mixin.py:150} INFO - [2024-04-02T09:13:47.556+0000] {dag.py:2742} INFO - Sync 1 DAGs
[2024-04-02T09:13:47.572+0000] {logging_mixin.py:150} INFO - [2024-04-02T09:13:47.572+0000] {dag.py:3504} INFO - Setting next_dagrun for example_trigger_target_dag to None, run_after=None
[2024-04-02T09:13:47.618+0000] {processor.py:179} INFO - Processing /usr/local/python/3.10.13/lib/python3.10/site-packages/airflow/example_dags/example_trigger_target_dag.py took 0.082 seconds
[2024-04-02T09:14:22.710+0000] {processor.py:157} INFO - Started process (PID=20607) to work on /usr/local/python/3.10.13/lib/python3.10/site-packages/airflow/example_dags/example_trigger_target_dag.py
[2024-04-02T09:14:22.720+0000] {processor.py:826} INFO - Processing file /usr/local/python/3.10.13/lib/python3.10/site-packages/airflow/example_dags/example_trigger_target_dag.py for tasks to queue
[2024-04-02T09:14:22.721+0000] {logging_mixin.py:150} INFO - [2024-04-02T09:14:22.720+0000] {dagbag.py:541} INFO - Filling up the DagBag from /usr/local/python/3.10.13/lib/python3.10/site-packages/airflow/example_dags/example_trigger_target_dag.py
[2024-04-02T09:14:22.738+0000] {processor.py:836} INFO - DAG(s) dict_keys(['example_trigger_target_dag']) retrieved from /usr/local/python/3.10.13/lib/python3.10/site-packages/airflow/example_dags/example_trigger_target_dag.py
[2024-04-02T09:14:22.773+0000] {logging_mixin.py:150} INFO - [2024-04-02T09:14:22.773+0000] {dag.py:2742} INFO - Sync 1 DAGs
[2024-04-02T09:14:22.796+0000] {logging_mixin.py:150} INFO - [2024-04-02T09:14:22.795+0000] {dag.py:3504} INFO - Setting next_dagrun for example_trigger_target_dag to None, run_after=None
[2024-04-02T09:14:22.848+0000] {processor.py:179} INFO - Processing /usr/local/python/3.10.13/lib/python3.10/site-packages/airflow/example_dags/example_trigger_target_dag.py took 0.141 seconds
[2024-04-02T09:14:58.279+0000] {processor.py:157} INFO - Started process (PID=20863) to work on /usr/local/python/3.10.13/lib/python3.10/site-packages/airflow/example_dags/example_trigger_target_dag.py
[2024-04-02T09:14:58.280+0000] {processor.py:826} INFO - Processing file /usr/local/python/3.10.13/lib/python3.10/site-packages/airflow/example_dags/example_trigger_target_dag.py for tasks to queue
[2024-04-02T09:14:58.281+0000] {logging_mixin.py:150} INFO - [2024-04-02T09:14:58.280+0000] {dagbag.py:541} INFO - Filling up the DagBag from /usr/local/python/3.10.13/lib/python3.10/site-packages/airflow/example_dags/example_trigger_target_dag.py
[2024-04-02T09:14:58.287+0000] {processor.py:836} INFO - DAG(s) dict_keys(['example_trigger_target_dag']) retrieved from /usr/local/python/3.10.13/lib/python3.10/site-packages/airflow/example_dags/example_trigger_target_dag.py
[2024-04-02T09:14:58.304+0000] {logging_mixin.py:150} INFO - [2024-04-02T09:14:58.303+0000] {dag.py:2742} INFO - Sync 1 DAGs
[2024-04-02T09:14:58.327+0000] {logging_mixin.py:150} INFO - [2024-04-02T09:14:58.326+0000] {dag.py:3504} INFO - Setting next_dagrun for example_trigger_target_dag to None, run_after=None
[2024-04-02T09:14:58.370+0000] {processor.py:179} INFO - Processing /usr/local/python/3.10.13/lib/python3.10/site-packages/airflow/example_dags/example_trigger_target_dag.py took 0.094 seconds
[2024-04-02T09:15:30.415+0000] {processor.py:157} INFO - Started process (PID=21105) to work on /usr/local/python/3.10.13/lib/python3.10/site-packages/airflow/example_dags/example_trigger_target_dag.py
[2024-04-02T09:15:30.415+0000] {processor.py:826} INFO - Processing file /usr/local/python/3.10.13/lib/python3.10/site-packages/airflow/example_dags/example_trigger_target_dag.py for tasks to queue
[2024-04-02T09:15:30.416+0000] {logging_mixin.py:150} INFO - [2024-04-02T09:15:30.416+0000] {dagbag.py:541} INFO - Filling up the DagBag from /usr/local/python/3.10.13/lib/python3.10/site-packages/airflow/example_dags/example_trigger_target_dag.py
[2024-04-02T09:15:30.421+0000] {processor.py:836} INFO - DAG(s) dict_keys(['example_trigger_target_dag']) retrieved from /usr/local/python/3.10.13/lib/python3.10/site-packages/airflow/example_dags/example_trigger_target_dag.py
[2024-04-02T09:15:30.432+0000] {logging_mixin.py:150} INFO - [2024-04-02T09:15:30.432+0000] {dag.py:2742} INFO - Sync 1 DAGs
[2024-04-02T09:15:30.448+0000] {logging_mixin.py:150} INFO - [2024-04-02T09:15:30.447+0000] {dag.py:3504} INFO - Setting next_dagrun for example_trigger_target_dag to None, run_after=None
[2024-04-02T09:15:30.489+0000] {processor.py:179} INFO - Processing /usr/local/python/3.10.13/lib/python3.10/site-packages/airflow/example_dags/example_trigger_target_dag.py took 0.076 seconds
[2024-04-02T09:16:08.193+0000] {processor.py:157} INFO - Started process (PID=21349) to work on /usr/local/python/3.10.13/lib/python3.10/site-packages/airflow/example_dags/example_trigger_target_dag.py
[2024-04-02T09:16:08.193+0000] {processor.py:826} INFO - Processing file /usr/local/python/3.10.13/lib/python3.10/site-packages/airflow/example_dags/example_trigger_target_dag.py for tasks to queue
[2024-04-02T09:16:08.194+0000] {logging_mixin.py:150} INFO - [2024-04-02T09:16:08.194+0000] {dagbag.py:541} INFO - Filling up the DagBag from /usr/local/python/3.10.13/lib/python3.10/site-packages/airflow/example_dags/example_trigger_target_dag.py
[2024-04-02T09:16:08.200+0000] {processor.py:836} INFO - DAG(s) dict_keys(['example_trigger_target_dag']) retrieved from /usr/local/python/3.10.13/lib/python3.10/site-packages/airflow/example_dags/example_trigger_target_dag.py
[2024-04-02T09:16:08.219+0000] {logging_mixin.py:150} INFO - [2024-04-02T09:16:08.219+0000] {dag.py:2742} INFO - Sync 1 DAGs
[2024-04-02T09:16:08.241+0000] {logging_mixin.py:150} INFO - [2024-04-02T09:16:08.241+0000] {dag.py:3504} INFO - Setting next_dagrun for example_trigger_target_dag to None, run_after=None
[2024-04-02T09:16:08.284+0000] {processor.py:179} INFO - Processing /usr/local/python/3.10.13/lib/python3.10/site-packages/airflow/example_dags/example_trigger_target_dag.py took 0.095 seconds
[2024-04-02T09:16:47.309+0000] {processor.py:157} INFO - Started process (PID=21621) to work on /usr/local/python/3.10.13/lib/python3.10/site-packages/airflow/example_dags/example_trigger_target_dag.py
[2024-04-02T09:16:47.309+0000] {processor.py:826} INFO - Processing file /usr/local/python/3.10.13/lib/python3.10/site-packages/airflow/example_dags/example_trigger_target_dag.py for tasks to queue
[2024-04-02T09:16:47.310+0000] {logging_mixin.py:150} INFO - [2024-04-02T09:16:47.310+0000] {dagbag.py:541} INFO - Filling up the DagBag from /usr/local/python/3.10.13/lib/python3.10/site-packages/airflow/example_dags/example_trigger_target_dag.py
[2024-04-02T09:16:47.314+0000] {processor.py:836} INFO - DAG(s) dict_keys(['example_trigger_target_dag']) retrieved from /usr/local/python/3.10.13/lib/python3.10/site-packages/airflow/example_dags/example_trigger_target_dag.py
[2024-04-02T09:16:47.326+0000] {logging_mixin.py:150} INFO - [2024-04-02T09:16:47.326+0000] {dag.py:2742} INFO - Sync 1 DAGs
[2024-04-02T09:16:47.341+0000] {logging_mixin.py:150} INFO - [2024-04-02T09:16:47.341+0000] {dag.py:3504} INFO - Setting next_dagrun for example_trigger_target_dag to None, run_after=None
[2024-04-02T09:16:47.382+0000] {processor.py:179} INFO - Processing /usr/local/python/3.10.13/lib/python3.10/site-packages/airflow/example_dags/example_trigger_target_dag.py took 0.076 seconds
[2024-04-02T09:17:28.784+0000] {processor.py:157} INFO - Started process (PID=21899) to work on /usr/local/python/3.10.13/lib/python3.10/site-packages/airflow/example_dags/example_trigger_target_dag.py
[2024-04-02T09:17:28.785+0000] {processor.py:826} INFO - Processing file /usr/local/python/3.10.13/lib/python3.10/site-packages/airflow/example_dags/example_trigger_target_dag.py for tasks to queue
[2024-04-02T09:17:28.785+0000] {logging_mixin.py:150} INFO - [2024-04-02T09:17:28.785+0000] {dagbag.py:541} INFO - Filling up the DagBag from /usr/local/python/3.10.13/lib/python3.10/site-packages/airflow/example_dags/example_trigger_target_dag.py
[2024-04-02T09:17:28.790+0000] {processor.py:836} INFO - DAG(s) dict_keys(['example_trigger_target_dag']) retrieved from /usr/local/python/3.10.13/lib/python3.10/site-packages/airflow/example_dags/example_trigger_target_dag.py
[2024-04-02T09:17:28.804+0000] {logging_mixin.py:150} INFO - [2024-04-02T09:17:28.804+0000] {dag.py:2742} INFO - Sync 1 DAGs
[2024-04-02T09:17:28.825+0000] {logging_mixin.py:150} INFO - [2024-04-02T09:17:28.824+0000] {dag.py:3504} INFO - Setting next_dagrun for example_trigger_target_dag to None, run_after=None
[2024-04-02T09:17:28.870+0000] {processor.py:179} INFO - Processing /usr/local/python/3.10.13/lib/python3.10/site-packages/airflow/example_dags/example_trigger_target_dag.py took 0.089 seconds
[2024-04-02T09:18:05.162+0000] {processor.py:157} INFO - Started process (PID=22154) to work on /usr/local/python/3.10.13/lib/python3.10/site-packages/airflow/example_dags/example_trigger_target_dag.py
[2024-04-02T09:18:05.163+0000] {processor.py:826} INFO - Processing file /usr/local/python/3.10.13/lib/python3.10/site-packages/airflow/example_dags/example_trigger_target_dag.py for tasks to queue
[2024-04-02T09:18:05.165+0000] {logging_mixin.py:150} INFO - [2024-04-02T09:18:05.164+0000] {dagbag.py:541} INFO - Filling up the DagBag from /usr/local/python/3.10.13/lib/python3.10/site-packages/airflow/example_dags/example_trigger_target_dag.py
[2024-04-02T09:18:05.171+0000] {processor.py:836} INFO - DAG(s) dict_keys(['example_trigger_target_dag']) retrieved from /usr/local/python/3.10.13/lib/python3.10/site-packages/airflow/example_dags/example_trigger_target_dag.py
[2024-04-02T09:18:05.188+0000] {logging_mixin.py:150} INFO - [2024-04-02T09:18:05.188+0000] {dag.py:2742} INFO - Sync 1 DAGs
[2024-04-02T09:18:05.210+0000] {logging_mixin.py:150} INFO - [2024-04-02T09:18:05.210+0000] {dag.py:3504} INFO - Setting next_dagrun for example_trigger_target_dag to None, run_after=None
[2024-04-02T09:18:05.259+0000] {processor.py:179} INFO - Processing /usr/local/python/3.10.13/lib/python3.10/site-packages/airflow/example_dags/example_trigger_target_dag.py took 0.100 seconds
[2024-04-02T09:18:45.702+0000] {processor.py:157} INFO - Started process (PID=22431) to work on /usr/local/python/3.10.13/lib/python3.10/site-packages/airflow/example_dags/example_trigger_target_dag.py
[2024-04-02T09:18:45.703+0000] {processor.py:826} INFO - Processing file /usr/local/python/3.10.13/lib/python3.10/site-packages/airflow/example_dags/example_trigger_target_dag.py for tasks to queue
[2024-04-02T09:18:45.704+0000] {logging_mixin.py:150} INFO - [2024-04-02T09:18:45.704+0000] {dagbag.py:541} INFO - Filling up the DagBag from /usr/local/python/3.10.13/lib/python3.10/site-packages/airflow/example_dags/example_trigger_target_dag.py
[2024-04-02T09:18:45.708+0000] {processor.py:836} INFO - DAG(s) dict_keys(['example_trigger_target_dag']) retrieved from /usr/local/python/3.10.13/lib/python3.10/site-packages/airflow/example_dags/example_trigger_target_dag.py
[2024-04-02T09:18:45.721+0000] {logging_mixin.py:150} INFO - [2024-04-02T09:18:45.720+0000] {dag.py:2742} INFO - Sync 1 DAGs
[2024-04-02T09:18:45.736+0000] {logging_mixin.py:150} INFO - [2024-04-02T09:18:45.736+0000] {dag.py:3504} INFO - Setting next_dagrun for example_trigger_target_dag to None, run_after=None
[2024-04-02T09:18:45.779+0000] {processor.py:179} INFO - Processing /usr/local/python/3.10.13/lib/python3.10/site-packages/airflow/example_dags/example_trigger_target_dag.py took 0.079 seconds
[2024-04-02T09:19:26.169+0000] {processor.py:157} INFO - Started process (PID=22707) to work on /usr/local/python/3.10.13/lib/python3.10/site-packages/airflow/example_dags/example_trigger_target_dag.py
[2024-04-02T09:19:26.170+0000] {processor.py:826} INFO - Processing file /usr/local/python/3.10.13/lib/python3.10/site-packages/airflow/example_dags/example_trigger_target_dag.py for tasks to queue
[2024-04-02T09:19:26.171+0000] {logging_mixin.py:150} INFO - [2024-04-02T09:19:26.170+0000] {dagbag.py:541} INFO - Filling up the DagBag from /usr/local/python/3.10.13/lib/python3.10/site-packages/airflow/example_dags/example_trigger_target_dag.py
[2024-04-02T09:19:26.177+0000] {processor.py:836} INFO - DAG(s) dict_keys(['example_trigger_target_dag']) retrieved from /usr/local/python/3.10.13/lib/python3.10/site-packages/airflow/example_dags/example_trigger_target_dag.py
[2024-04-02T09:19:26.188+0000] {logging_mixin.py:150} INFO - [2024-04-02T09:19:26.188+0000] {dag.py:2742} INFO - Sync 1 DAGs
[2024-04-02T09:19:26.203+0000] {logging_mixin.py:150} INFO - [2024-04-02T09:19:26.203+0000] {dag.py:3504} INFO - Setting next_dagrun for example_trigger_target_dag to None, run_after=None
[2024-04-02T09:19:26.242+0000] {processor.py:179} INFO - Processing /usr/local/python/3.10.13/lib/python3.10/site-packages/airflow/example_dags/example_trigger_target_dag.py took 0.075 seconds
[2024-04-02T09:19:59.204+0000] {processor.py:157} INFO - Started process (PID=22958) to work on /usr/local/python/3.10.13/lib/python3.10/site-packages/airflow/example_dags/example_trigger_target_dag.py
[2024-04-02T09:19:59.205+0000] {processor.py:826} INFO - Processing file /usr/local/python/3.10.13/lib/python3.10/site-packages/airflow/example_dags/example_trigger_target_dag.py for tasks to queue
[2024-04-02T09:19:59.205+0000] {logging_mixin.py:150} INFO - [2024-04-02T09:19:59.205+0000] {dagbag.py:541} INFO - Filling up the DagBag from /usr/local/python/3.10.13/lib/python3.10/site-packages/airflow/example_dags/example_trigger_target_dag.py
[2024-04-02T09:19:59.210+0000] {processor.py:836} INFO - DAG(s) dict_keys(['example_trigger_target_dag']) retrieved from /usr/local/python/3.10.13/lib/python3.10/site-packages/airflow/example_dags/example_trigger_target_dag.py
[2024-04-02T09:19:59.223+0000] {logging_mixin.py:150} INFO - [2024-04-02T09:19:59.222+0000] {dag.py:2742} INFO - Sync 1 DAGs
[2024-04-02T09:19:59.237+0000] {logging_mixin.py:150} INFO - [2024-04-02T09:19:59.237+0000] {dag.py:3504} INFO - Setting next_dagrun for example_trigger_target_dag to None, run_after=None
[2024-04-02T09:19:59.278+0000] {processor.py:179} INFO - Processing /usr/local/python/3.10.13/lib/python3.10/site-packages/airflow/example_dags/example_trigger_target_dag.py took 0.077 seconds
[2024-04-02T09:20:35.997+0000] {processor.py:157} INFO - Started process (PID=23215) to work on /usr/local/python/3.10.13/lib/python3.10/site-packages/airflow/example_dags/example_trigger_target_dag.py
[2024-04-02T09:20:35.998+0000] {processor.py:826} INFO - Processing file /usr/local/python/3.10.13/lib/python3.10/site-packages/airflow/example_dags/example_trigger_target_dag.py for tasks to queue
[2024-04-02T09:20:35.999+0000] {logging_mixin.py:150} INFO - [2024-04-02T09:20:35.999+0000] {dagbag.py:541} INFO - Filling up the DagBag from /usr/local/python/3.10.13/lib/python3.10/site-packages/airflow/example_dags/example_trigger_target_dag.py
[2024-04-02T09:20:36.006+0000] {processor.py:836} INFO - DAG(s) dict_keys(['example_trigger_target_dag']) retrieved from /usr/local/python/3.10.13/lib/python3.10/site-packages/airflow/example_dags/example_trigger_target_dag.py
[2024-04-02T09:20:36.022+0000] {logging_mixin.py:150} INFO - [2024-04-02T09:20:36.022+0000] {dag.py:2742} INFO - Sync 1 DAGs
[2024-04-02T09:20:36.044+0000] {logging_mixin.py:150} INFO - [2024-04-02T09:20:36.044+0000] {dag.py:3504} INFO - Setting next_dagrun for example_trigger_target_dag to None, run_after=None
[2024-04-02T09:20:36.088+0000] {processor.py:179} INFO - Processing /usr/local/python/3.10.13/lib/python3.10/site-packages/airflow/example_dags/example_trigger_target_dag.py took 0.094 seconds
[2024-04-02T09:21:15.372+0000] {processor.py:157} INFO - Started process (PID=23467) to work on /usr/local/python/3.10.13/lib/python3.10/site-packages/airflow/example_dags/example_trigger_target_dag.py
[2024-04-02T09:21:15.373+0000] {processor.py:826} INFO - Processing file /usr/local/python/3.10.13/lib/python3.10/site-packages/airflow/example_dags/example_trigger_target_dag.py for tasks to queue
[2024-04-02T09:21:15.373+0000] {logging_mixin.py:150} INFO - [2024-04-02T09:21:15.373+0000] {dagbag.py:541} INFO - Filling up the DagBag from /usr/local/python/3.10.13/lib/python3.10/site-packages/airflow/example_dags/example_trigger_target_dag.py
[2024-04-02T09:21:15.378+0000] {processor.py:836} INFO - DAG(s) dict_keys(['example_trigger_target_dag']) retrieved from /usr/local/python/3.10.13/lib/python3.10/site-packages/airflow/example_dags/example_trigger_target_dag.py
[2024-04-02T09:21:15.390+0000] {logging_mixin.py:150} INFO - [2024-04-02T09:21:15.390+0000] {dag.py:2742} INFO - Sync 1 DAGs
[2024-04-02T09:21:15.406+0000] {logging_mixin.py:150} INFO - [2024-04-02T09:21:15.405+0000] {dag.py:3504} INFO - Setting next_dagrun for example_trigger_target_dag to None, run_after=None
[2024-04-02T09:21:15.448+0000] {processor.py:179} INFO - Processing /usr/local/python/3.10.13/lib/python3.10/site-packages/airflow/example_dags/example_trigger_target_dag.py took 0.079 seconds
[2024-04-02T09:21:51.034+0000] {processor.py:157} INFO - Started process (PID=23723) to work on /usr/local/python/3.10.13/lib/python3.10/site-packages/airflow/example_dags/example_trigger_target_dag.py
[2024-04-02T09:21:51.036+0000] {processor.py:826} INFO - Processing file /usr/local/python/3.10.13/lib/python3.10/site-packages/airflow/example_dags/example_trigger_target_dag.py for tasks to queue
[2024-04-02T09:21:51.037+0000] {logging_mixin.py:150} INFO - [2024-04-02T09:21:51.036+0000] {dagbag.py:541} INFO - Filling up the DagBag from /usr/local/python/3.10.13/lib/python3.10/site-packages/airflow/example_dags/example_trigger_target_dag.py
[2024-04-02T09:21:51.043+0000] {processor.py:836} INFO - DAG(s) dict_keys(['example_trigger_target_dag']) retrieved from /usr/local/python/3.10.13/lib/python3.10/site-packages/airflow/example_dags/example_trigger_target_dag.py
[2024-04-02T09:21:51.060+0000] {logging_mixin.py:150} INFO - [2024-04-02T09:21:51.060+0000] {dag.py:2742} INFO - Sync 1 DAGs
[2024-04-02T09:21:51.082+0000] {logging_mixin.py:150} INFO - [2024-04-02T09:21:51.082+0000] {dag.py:3504} INFO - Setting next_dagrun for example_trigger_target_dag to None, run_after=None
[2024-04-02T09:21:51.131+0000] {processor.py:179} INFO - Processing /usr/local/python/3.10.13/lib/python3.10/site-packages/airflow/example_dags/example_trigger_target_dag.py took 0.100 seconds
[2024-04-02T09:22:29.347+0000] {processor.py:157} INFO - Started process (PID=23989) to work on /usr/local/python/3.10.13/lib/python3.10/site-packages/airflow/example_dags/example_trigger_target_dag.py
[2024-04-02T09:22:29.348+0000] {processor.py:826} INFO - Processing file /usr/local/python/3.10.13/lib/python3.10/site-packages/airflow/example_dags/example_trigger_target_dag.py for tasks to queue
[2024-04-02T09:22:29.350+0000] {logging_mixin.py:150} INFO - [2024-04-02T09:22:29.349+0000] {dagbag.py:541} INFO - Filling up the DagBag from /usr/local/python/3.10.13/lib/python3.10/site-packages/airflow/example_dags/example_trigger_target_dag.py
[2024-04-02T09:22:29.356+0000] {processor.py:836} INFO - DAG(s) dict_keys(['example_trigger_target_dag']) retrieved from /usr/local/python/3.10.13/lib/python3.10/site-packages/airflow/example_dags/example_trigger_target_dag.py
[2024-04-02T09:22:29.388+0000] {logging_mixin.py:150} INFO - [2024-04-02T09:22:29.388+0000] {dag.py:2742} INFO - Sync 1 DAGs
[2024-04-02T09:22:29.422+0000] {logging_mixin.py:150} INFO - [2024-04-02T09:22:29.422+0000] {dag.py:3504} INFO - Setting next_dagrun for example_trigger_target_dag to None, run_after=None
[2024-04-02T09:22:29.471+0000] {processor.py:179} INFO - Processing /usr/local/python/3.10.13/lib/python3.10/site-packages/airflow/example_dags/example_trigger_target_dag.py took 0.128 seconds
[2024-04-02T09:23:08.944+0000] {processor.py:157} INFO - Started process (PID=24246) to work on /usr/local/python/3.10.13/lib/python3.10/site-packages/airflow/example_dags/example_trigger_target_dag.py
[2024-04-02T09:23:08.947+0000] {processor.py:826} INFO - Processing file /usr/local/python/3.10.13/lib/python3.10/site-packages/airflow/example_dags/example_trigger_target_dag.py for tasks to queue
[2024-04-02T09:23:08.948+0000] {logging_mixin.py:150} INFO - [2024-04-02T09:23:08.948+0000] {dagbag.py:541} INFO - Filling up the DagBag from /usr/local/python/3.10.13/lib/python3.10/site-packages/airflow/example_dags/example_trigger_target_dag.py
[2024-04-02T09:23:08.959+0000] {processor.py:836} INFO - DAG(s) dict_keys(['example_trigger_target_dag']) retrieved from /usr/local/python/3.10.13/lib/python3.10/site-packages/airflow/example_dags/example_trigger_target_dag.py
[2024-04-02T09:23:08.983+0000] {logging_mixin.py:150} INFO - [2024-04-02T09:23:08.983+0000] {dag.py:2742} INFO - Sync 1 DAGs
[2024-04-02T09:23:09.029+0000] {logging_mixin.py:150} INFO - [2024-04-02T09:23:09.028+0000] {dag.py:3504} INFO - Setting next_dagrun for example_trigger_target_dag to None, run_after=None
[2024-04-02T09:23:09.088+0000] {processor.py:179} INFO - Processing /usr/local/python/3.10.13/lib/python3.10/site-packages/airflow/example_dags/example_trigger_target_dag.py took 0.147 seconds
[2024-04-02T09:23:47.976+0000] {processor.py:157} INFO - Started process (PID=24508) to work on /usr/local/python/3.10.13/lib/python3.10/site-packages/airflow/example_dags/example_trigger_target_dag.py
[2024-04-02T09:23:47.977+0000] {processor.py:826} INFO - Processing file /usr/local/python/3.10.13/lib/python3.10/site-packages/airflow/example_dags/example_trigger_target_dag.py for tasks to queue
[2024-04-02T09:23:47.978+0000] {logging_mixin.py:150} INFO - [2024-04-02T09:23:47.978+0000] {dagbag.py:541} INFO - Filling up the DagBag from /usr/local/python/3.10.13/lib/python3.10/site-packages/airflow/example_dags/example_trigger_target_dag.py
[2024-04-02T09:23:47.985+0000] {processor.py:836} INFO - DAG(s) dict_keys(['example_trigger_target_dag']) retrieved from /usr/local/python/3.10.13/lib/python3.10/site-packages/airflow/example_dags/example_trigger_target_dag.py
[2024-04-02T09:23:48.002+0000] {logging_mixin.py:150} INFO - [2024-04-02T09:23:48.002+0000] {dag.py:2742} INFO - Sync 1 DAGs
[2024-04-02T09:23:48.026+0000] {logging_mixin.py:150} INFO - [2024-04-02T09:23:48.025+0000] {dag.py:3504} INFO - Setting next_dagrun for example_trigger_target_dag to None, run_after=None
[2024-04-02T09:23:48.070+0000] {processor.py:179} INFO - Processing /usr/local/python/3.10.13/lib/python3.10/site-packages/airflow/example_dags/example_trigger_target_dag.py took 0.097 seconds
[2024-04-02T09:24:30.119+0000] {processor.py:157} INFO - Started process (PID=24796) to work on /usr/local/python/3.10.13/lib/python3.10/site-packages/airflow/example_dags/example_trigger_target_dag.py
[2024-04-02T09:24:30.120+0000] {processor.py:826} INFO - Processing file /usr/local/python/3.10.13/lib/python3.10/site-packages/airflow/example_dags/example_trigger_target_dag.py for tasks to queue
[2024-04-02T09:24:30.121+0000] {logging_mixin.py:150} INFO - [2024-04-02T09:24:30.121+0000] {dagbag.py:541} INFO - Filling up the DagBag from /usr/local/python/3.10.13/lib/python3.10/site-packages/airflow/example_dags/example_trigger_target_dag.py
[2024-04-02T09:24:30.128+0000] {processor.py:836} INFO - DAG(s) dict_keys(['example_trigger_target_dag']) retrieved from /usr/local/python/3.10.13/lib/python3.10/site-packages/airflow/example_dags/example_trigger_target_dag.py
[2024-04-02T09:24:30.142+0000] {logging_mixin.py:150} INFO - [2024-04-02T09:24:30.142+0000] {dag.py:2742} INFO - Sync 1 DAGs
[2024-04-02T09:24:30.159+0000] {logging_mixin.py:150} INFO - [2024-04-02T09:24:30.159+0000] {dag.py:3504} INFO - Setting next_dagrun for example_trigger_target_dag to None, run_after=None
[2024-04-02T09:24:30.200+0000] {processor.py:179} INFO - Processing /usr/local/python/3.10.13/lib/python3.10/site-packages/airflow/example_dags/example_trigger_target_dag.py took 0.084 seconds
[2024-04-02T09:25:10.920+0000] {processor.py:157} INFO - Started process (PID=25096) to work on /usr/local/python/3.10.13/lib/python3.10/site-packages/airflow/example_dags/example_trigger_target_dag.py
[2024-04-02T09:25:10.920+0000] {processor.py:826} INFO - Processing file /usr/local/python/3.10.13/lib/python3.10/site-packages/airflow/example_dags/example_trigger_target_dag.py for tasks to queue
[2024-04-02T09:25:10.921+0000] {logging_mixin.py:150} INFO - [2024-04-02T09:25:10.921+0000] {dagbag.py:541} INFO - Filling up the DagBag from /usr/local/python/3.10.13/lib/python3.10/site-packages/airflow/example_dags/example_trigger_target_dag.py
[2024-04-02T09:25:10.925+0000] {processor.py:836} INFO - DAG(s) dict_keys(['example_trigger_target_dag']) retrieved from /usr/local/python/3.10.13/lib/python3.10/site-packages/airflow/example_dags/example_trigger_target_dag.py
[2024-04-02T09:25:10.937+0000] {logging_mixin.py:150} INFO - [2024-04-02T09:25:10.937+0000] {dag.py:2742} INFO - Sync 1 DAGs
[2024-04-02T09:25:10.952+0000] {logging_mixin.py:150} INFO - [2024-04-02T09:25:10.952+0000] {dag.py:3504} INFO - Setting next_dagrun for example_trigger_target_dag to None, run_after=None
[2024-04-02T09:25:10.994+0000] {processor.py:179} INFO - Processing /usr/local/python/3.10.13/lib/python3.10/site-packages/airflow/example_dags/example_trigger_target_dag.py took 0.076 seconds
[2024-04-02T09:25:54.167+0000] {processor.py:157} INFO - Started process (PID=25403) to work on /usr/local/python/3.10.13/lib/python3.10/site-packages/airflow/example_dags/example_trigger_target_dag.py
[2024-04-02T09:25:54.169+0000] {processor.py:826} INFO - Processing file /usr/local/python/3.10.13/lib/python3.10/site-packages/airflow/example_dags/example_trigger_target_dag.py for tasks to queue
[2024-04-02T09:25:54.170+0000] {logging_mixin.py:150} INFO - [2024-04-02T09:25:54.169+0000] {dagbag.py:541} INFO - Filling up the DagBag from /usr/local/python/3.10.13/lib/python3.10/site-packages/airflow/example_dags/example_trigger_target_dag.py
[2024-04-02T09:25:54.176+0000] {processor.py:836} INFO - DAG(s) dict_keys(['example_trigger_target_dag']) retrieved from /usr/local/python/3.10.13/lib/python3.10/site-packages/airflow/example_dags/example_trigger_target_dag.py
[2024-04-02T09:25:54.194+0000] {logging_mixin.py:150} INFO - [2024-04-02T09:25:54.194+0000] {dag.py:2742} INFO - Sync 1 DAGs
[2024-04-02T09:25:54.218+0000] {logging_mixin.py:150} INFO - [2024-04-02T09:25:54.218+0000] {dag.py:3504} INFO - Setting next_dagrun for example_trigger_target_dag to None, run_after=None
[2024-04-02T09:25:54.265+0000] {processor.py:179} INFO - Processing /usr/local/python/3.10.13/lib/python3.10/site-packages/airflow/example_dags/example_trigger_target_dag.py took 0.101 seconds
[2024-04-02T09:26:37.196+0000] {processor.py:157} INFO - Started process (PID=25687) to work on /usr/local/python/3.10.13/lib/python3.10/site-packages/airflow/example_dags/example_trigger_target_dag.py
[2024-04-02T09:26:37.196+0000] {processor.py:826} INFO - Processing file /usr/local/python/3.10.13/lib/python3.10/site-packages/airflow/example_dags/example_trigger_target_dag.py for tasks to queue
[2024-04-02T09:26:37.197+0000] {logging_mixin.py:150} INFO - [2024-04-02T09:26:37.197+0000] {dagbag.py:541} INFO - Filling up the DagBag from /usr/local/python/3.10.13/lib/python3.10/site-packages/airflow/example_dags/example_trigger_target_dag.py
[2024-04-02T09:26:37.201+0000] {processor.py:836} INFO - DAG(s) dict_keys(['example_trigger_target_dag']) retrieved from /usr/local/python/3.10.13/lib/python3.10/site-packages/airflow/example_dags/example_trigger_target_dag.py
[2024-04-02T09:26:37.213+0000] {logging_mixin.py:150} INFO - [2024-04-02T09:26:37.213+0000] {dag.py:2742} INFO - Sync 1 DAGs
[2024-04-02T09:26:37.228+0000] {logging_mixin.py:150} INFO - [2024-04-02T09:26:37.228+0000] {dag.py:3504} INFO - Setting next_dagrun for example_trigger_target_dag to None, run_after=None
[2024-04-02T09:26:37.351+0000] {processor.py:179} INFO - Processing /usr/local/python/3.10.13/lib/python3.10/site-packages/airflow/example_dags/example_trigger_target_dag.py took 0.158 seconds
[2024-04-02T09:27:16.402+0000] {processor.py:157} INFO - Started process (PID=25958) to work on /usr/local/python/3.10.13/lib/python3.10/site-packages/airflow/example_dags/example_trigger_target_dag.py
[2024-04-02T09:27:16.403+0000] {processor.py:826} INFO - Processing file /usr/local/python/3.10.13/lib/python3.10/site-packages/airflow/example_dags/example_trigger_target_dag.py for tasks to queue
[2024-04-02T09:27:16.404+0000] {logging_mixin.py:150} INFO - [2024-04-02T09:27:16.404+0000] {dagbag.py:541} INFO - Filling up the DagBag from /usr/local/python/3.10.13/lib/python3.10/site-packages/airflow/example_dags/example_trigger_target_dag.py
[2024-04-02T09:27:16.408+0000] {processor.py:836} INFO - DAG(s) dict_keys(['example_trigger_target_dag']) retrieved from /usr/local/python/3.10.13/lib/python3.10/site-packages/airflow/example_dags/example_trigger_target_dag.py
[2024-04-02T09:27:16.420+0000] {logging_mixin.py:150} INFO - [2024-04-02T09:27:16.420+0000] {dag.py:2742} INFO - Sync 1 DAGs
[2024-04-02T09:27:16.435+0000] {logging_mixin.py:150} INFO - [2024-04-02T09:27:16.435+0000] {dag.py:3504} INFO - Setting next_dagrun for example_trigger_target_dag to None, run_after=None
[2024-04-02T09:27:16.476+0000] {processor.py:179} INFO - Processing /usr/local/python/3.10.13/lib/python3.10/site-packages/airflow/example_dags/example_trigger_target_dag.py took 0.076 seconds
[2024-04-02T09:27:56.496+0000] {processor.py:157} INFO - Started process (PID=26236) to work on /usr/local/python/3.10.13/lib/python3.10/site-packages/airflow/example_dags/example_trigger_target_dag.py
[2024-04-02T09:27:56.497+0000] {processor.py:826} INFO - Processing file /usr/local/python/3.10.13/lib/python3.10/site-packages/airflow/example_dags/example_trigger_target_dag.py for tasks to queue
[2024-04-02T09:27:56.498+0000] {logging_mixin.py:150} INFO - [2024-04-02T09:27:56.497+0000] {dagbag.py:541} INFO - Filling up the DagBag from /usr/local/python/3.10.13/lib/python3.10/site-packages/airflow/example_dags/example_trigger_target_dag.py
[2024-04-02T09:27:56.502+0000] {processor.py:836} INFO - DAG(s) dict_keys(['example_trigger_target_dag']) retrieved from /usr/local/python/3.10.13/lib/python3.10/site-packages/airflow/example_dags/example_trigger_target_dag.py
[2024-04-02T09:27:56.514+0000] {logging_mixin.py:150} INFO - [2024-04-02T09:27:56.514+0000] {dag.py:2742} INFO - Sync 1 DAGs
[2024-04-02T09:27:56.530+0000] {logging_mixin.py:150} INFO - [2024-04-02T09:27:56.530+0000] {dag.py:3504} INFO - Setting next_dagrun for example_trigger_target_dag to None, run_after=None
[2024-04-02T09:27:56.651+0000] {processor.py:179} INFO - Processing /usr/local/python/3.10.13/lib/python3.10/site-packages/airflow/example_dags/example_trigger_target_dag.py took 0.157 seconds
[2024-04-02T09:28:39.224+0000] {processor.py:157} INFO - Started process (PID=26515) to work on /usr/local/python/3.10.13/lib/python3.10/site-packages/airflow/example_dags/example_trigger_target_dag.py
[2024-04-02T09:28:39.224+0000] {processor.py:826} INFO - Processing file /usr/local/python/3.10.13/lib/python3.10/site-packages/airflow/example_dags/example_trigger_target_dag.py for tasks to queue
[2024-04-02T09:28:39.225+0000] {logging_mixin.py:150} INFO - [2024-04-02T09:28:39.225+0000] {dagbag.py:541} INFO - Filling up the DagBag from /usr/local/python/3.10.13/lib/python3.10/site-packages/airflow/example_dags/example_trigger_target_dag.py
[2024-04-02T09:28:39.230+0000] {processor.py:836} INFO - DAG(s) dict_keys(['example_trigger_target_dag']) retrieved from /usr/local/python/3.10.13/lib/python3.10/site-packages/airflow/example_dags/example_trigger_target_dag.py
[2024-04-02T09:28:39.241+0000] {logging_mixin.py:150} INFO - [2024-04-02T09:28:39.241+0000] {dag.py:2742} INFO - Sync 1 DAGs
[2024-04-02T09:28:39.256+0000] {logging_mixin.py:150} INFO - [2024-04-02T09:28:39.256+0000] {dag.py:3504} INFO - Setting next_dagrun for example_trigger_target_dag to None, run_after=None
[2024-04-02T09:28:39.309+0000] {processor.py:179} INFO - Processing /usr/local/python/3.10.13/lib/python3.10/site-packages/airflow/example_dags/example_trigger_target_dag.py took 0.088 seconds
[2024-04-02T09:29:19.854+0000] {processor.py:157} INFO - Started process (PID=26793) to work on /usr/local/python/3.10.13/lib/python3.10/site-packages/airflow/example_dags/example_trigger_target_dag.py
[2024-04-02T09:29:19.856+0000] {processor.py:826} INFO - Processing file /usr/local/python/3.10.13/lib/python3.10/site-packages/airflow/example_dags/example_trigger_target_dag.py for tasks to queue
[2024-04-02T09:29:19.857+0000] {logging_mixin.py:150} INFO - [2024-04-02T09:29:19.856+0000] {dagbag.py:541} INFO - Filling up the DagBag from /usr/local/python/3.10.13/lib/python3.10/site-packages/airflow/example_dags/example_trigger_target_dag.py
[2024-04-02T09:29:19.863+0000] {processor.py:836} INFO - DAG(s) dict_keys(['example_trigger_target_dag']) retrieved from /usr/local/python/3.10.13/lib/python3.10/site-packages/airflow/example_dags/example_trigger_target_dag.py
[2024-04-02T09:29:19.882+0000] {logging_mixin.py:150} INFO - [2024-04-02T09:29:19.882+0000] {dag.py:2742} INFO - Sync 1 DAGs
[2024-04-02T09:29:19.914+0000] {logging_mixin.py:150} INFO - [2024-04-02T09:29:19.914+0000] {dag.py:3504} INFO - Setting next_dagrun for example_trigger_target_dag to None, run_after=None
[2024-04-02T09:29:19.961+0000] {processor.py:179} INFO - Processing /usr/local/python/3.10.13/lib/python3.10/site-packages/airflow/example_dags/example_trigger_target_dag.py took 0.111 seconds
[2024-04-02T09:29:56.614+0000] {processor.py:157} INFO - Started process (PID=27091) to work on /usr/local/python/3.10.13/lib/python3.10/site-packages/airflow/example_dags/example_trigger_target_dag.py
[2024-04-02T09:29:56.615+0000] {processor.py:826} INFO - Processing file /usr/local/python/3.10.13/lib/python3.10/site-packages/airflow/example_dags/example_trigger_target_dag.py for tasks to queue
[2024-04-02T09:29:56.615+0000] {logging_mixin.py:150} INFO - [2024-04-02T09:29:56.615+0000] {dagbag.py:541} INFO - Filling up the DagBag from /usr/local/python/3.10.13/lib/python3.10/site-packages/airflow/example_dags/example_trigger_target_dag.py
[2024-04-02T09:29:56.620+0000] {processor.py:836} INFO - DAG(s) dict_keys(['example_trigger_target_dag']) retrieved from /usr/local/python/3.10.13/lib/python3.10/site-packages/airflow/example_dags/example_trigger_target_dag.py
[2024-04-02T09:29:56.631+0000] {logging_mixin.py:150} INFO - [2024-04-02T09:29:56.631+0000] {dag.py:2742} INFO - Sync 1 DAGs
[2024-04-02T09:29:56.646+0000] {logging_mixin.py:150} INFO - [2024-04-02T09:29:56.646+0000] {dag.py:3504} INFO - Setting next_dagrun for example_trigger_target_dag to None, run_after=None
[2024-04-02T09:29:56.684+0000] {processor.py:179} INFO - Processing /usr/local/python/3.10.13/lib/python3.10/site-packages/airflow/example_dags/example_trigger_target_dag.py took 0.073 seconds
[2024-04-02T09:30:30.187+0000] {processor.py:157} INFO - Started process (PID=27330) to work on /usr/local/python/3.10.13/lib/python3.10/site-packages/airflow/example_dags/example_trigger_target_dag.py
[2024-04-02T09:30:30.188+0000] {processor.py:826} INFO - Processing file /usr/local/python/3.10.13/lib/python3.10/site-packages/airflow/example_dags/example_trigger_target_dag.py for tasks to queue
[2024-04-02T09:30:30.189+0000] {logging_mixin.py:150} INFO - [2024-04-02T09:30:30.189+0000] {dagbag.py:541} INFO - Filling up the DagBag from /usr/local/python/3.10.13/lib/python3.10/site-packages/airflow/example_dags/example_trigger_target_dag.py
[2024-04-02T09:30:30.194+0000] {processor.py:836} INFO - DAG(s) dict_keys(['example_trigger_target_dag']) retrieved from /usr/local/python/3.10.13/lib/python3.10/site-packages/airflow/example_dags/example_trigger_target_dag.py
[2024-04-02T09:30:30.205+0000] {logging_mixin.py:150} INFO - [2024-04-02T09:30:30.205+0000] {dag.py:2742} INFO - Sync 1 DAGs
[2024-04-02T09:30:30.220+0000] {logging_mixin.py:150} INFO - [2024-04-02T09:30:30.220+0000] {dag.py:3504} INFO - Setting next_dagrun for example_trigger_target_dag to None, run_after=None
[2024-04-02T09:30:30.262+0000] {processor.py:179} INFO - Processing /usr/local/python/3.10.13/lib/python3.10/site-packages/airflow/example_dags/example_trigger_target_dag.py took 0.077 seconds
[2024-04-02T09:31:11.861+0000] {processor.py:157} INFO - Started process (PID=27603) to work on /usr/local/python/3.10.13/lib/python3.10/site-packages/airflow/example_dags/example_trigger_target_dag.py
[2024-04-02T09:31:11.862+0000] {processor.py:826} INFO - Processing file /usr/local/python/3.10.13/lib/python3.10/site-packages/airflow/example_dags/example_trigger_target_dag.py for tasks to queue
[2024-04-02T09:31:11.863+0000] {logging_mixin.py:150} INFO - [2024-04-02T09:31:11.862+0000] {dagbag.py:541} INFO - Filling up the DagBag from /usr/local/python/3.10.13/lib/python3.10/site-packages/airflow/example_dags/example_trigger_target_dag.py
[2024-04-02T09:31:11.867+0000] {processor.py:836} INFO - DAG(s) dict_keys(['example_trigger_target_dag']) retrieved from /usr/local/python/3.10.13/lib/python3.10/site-packages/airflow/example_dags/example_trigger_target_dag.py
[2024-04-02T09:31:11.880+0000] {logging_mixin.py:150} INFO - [2024-04-02T09:31:11.880+0000] {dag.py:2742} INFO - Sync 1 DAGs
[2024-04-02T09:31:11.895+0000] {logging_mixin.py:150} INFO - [2024-04-02T09:31:11.895+0000] {dag.py:3504} INFO - Setting next_dagrun for example_trigger_target_dag to None, run_after=None
[2024-04-02T09:31:11.934+0000] {processor.py:179} INFO - Processing /usr/local/python/3.10.13/lib/python3.10/site-packages/airflow/example_dags/example_trigger_target_dag.py took 0.075 seconds
[2024-04-02T09:31:51.327+0000] {processor.py:157} INFO - Started process (PID=27884) to work on /usr/local/python/3.10.13/lib/python3.10/site-packages/airflow/example_dags/example_trigger_target_dag.py
[2024-04-02T09:31:51.328+0000] {processor.py:826} INFO - Processing file /usr/local/python/3.10.13/lib/python3.10/site-packages/airflow/example_dags/example_trigger_target_dag.py for tasks to queue
[2024-04-02T09:31:51.328+0000] {logging_mixin.py:150} INFO - [2024-04-02T09:31:51.328+0000] {dagbag.py:541} INFO - Filling up the DagBag from /usr/local/python/3.10.13/lib/python3.10/site-packages/airflow/example_dags/example_trigger_target_dag.py
[2024-04-02T09:31:51.333+0000] {processor.py:836} INFO - DAG(s) dict_keys(['example_trigger_target_dag']) retrieved from /usr/local/python/3.10.13/lib/python3.10/site-packages/airflow/example_dags/example_trigger_target_dag.py
[2024-04-02T09:31:51.344+0000] {logging_mixin.py:150} INFO - [2024-04-02T09:31:51.344+0000] {dag.py:2742} INFO - Sync 1 DAGs
[2024-04-02T09:31:51.360+0000] {logging_mixin.py:150} INFO - [2024-04-02T09:31:51.360+0000] {dag.py:3504} INFO - Setting next_dagrun for example_trigger_target_dag to None, run_after=None
[2024-04-02T09:31:51.401+0000] {processor.py:179} INFO - Processing /usr/local/python/3.10.13/lib/python3.10/site-packages/airflow/example_dags/example_trigger_target_dag.py took 0.076 seconds
[2024-04-02T09:32:29.041+0000] {processor.py:157} INFO - Started process (PID=28128) to work on /usr/local/python/3.10.13/lib/python3.10/site-packages/airflow/example_dags/example_trigger_target_dag.py
[2024-04-02T09:32:29.042+0000] {processor.py:826} INFO - Processing file /usr/local/python/3.10.13/lib/python3.10/site-packages/airflow/example_dags/example_trigger_target_dag.py for tasks to queue
[2024-04-02T09:32:29.043+0000] {logging_mixin.py:150} INFO - [2024-04-02T09:32:29.043+0000] {dagbag.py:541} INFO - Filling up the DagBag from /usr/local/python/3.10.13/lib/python3.10/site-packages/airflow/example_dags/example_trigger_target_dag.py
[2024-04-02T09:32:29.049+0000] {processor.py:836} INFO - DAG(s) dict_keys(['example_trigger_target_dag']) retrieved from /usr/local/python/3.10.13/lib/python3.10/site-packages/airflow/example_dags/example_trigger_target_dag.py
[2024-04-02T09:32:29.065+0000] {logging_mixin.py:150} INFO - [2024-04-02T09:32:29.065+0000] {dag.py:2742} INFO - Sync 1 DAGs
[2024-04-02T09:32:29.087+0000] {logging_mixin.py:150} INFO - [2024-04-02T09:32:29.087+0000] {dag.py:3504} INFO - Setting next_dagrun for example_trigger_target_dag to None, run_after=None
[2024-04-02T09:32:29.134+0000] {processor.py:179} INFO - Processing /usr/local/python/3.10.13/lib/python3.10/site-packages/airflow/example_dags/example_trigger_target_dag.py took 0.096 seconds
[2024-04-02T09:33:10.240+0000] {processor.py:157} INFO - Started process (PID=28406) to work on /usr/local/python/3.10.13/lib/python3.10/site-packages/airflow/example_dags/example_trigger_target_dag.py
[2024-04-02T09:33:10.241+0000] {processor.py:826} INFO - Processing file /usr/local/python/3.10.13/lib/python3.10/site-packages/airflow/example_dags/example_trigger_target_dag.py for tasks to queue
[2024-04-02T09:33:10.242+0000] {logging_mixin.py:150} INFO - [2024-04-02T09:33:10.241+0000] {dagbag.py:541} INFO - Filling up the DagBag from /usr/local/python/3.10.13/lib/python3.10/site-packages/airflow/example_dags/example_trigger_target_dag.py
[2024-04-02T09:33:10.246+0000] {processor.py:836} INFO - DAG(s) dict_keys(['example_trigger_target_dag']) retrieved from /usr/local/python/3.10.13/lib/python3.10/site-packages/airflow/example_dags/example_trigger_target_dag.py
[2024-04-02T09:33:10.258+0000] {logging_mixin.py:150} INFO - [2024-04-02T09:33:10.258+0000] {dag.py:2742} INFO - Sync 1 DAGs
[2024-04-02T09:33:10.276+0000] {logging_mixin.py:150} INFO - [2024-04-02T09:33:10.275+0000] {dag.py:3504} INFO - Setting next_dagrun for example_trigger_target_dag to None, run_after=None
[2024-04-02T09:33:10.315+0000] {processor.py:179} INFO - Processing /usr/local/python/3.10.13/lib/python3.10/site-packages/airflow/example_dags/example_trigger_target_dag.py took 0.077 seconds
[2024-04-02T09:33:49.148+0000] {processor.py:157} INFO - Started process (PID=28670) to work on /usr/local/python/3.10.13/lib/python3.10/site-packages/airflow/example_dags/example_trigger_target_dag.py
[2024-04-02T09:33:49.149+0000] {processor.py:826} INFO - Processing file /usr/local/python/3.10.13/lib/python3.10/site-packages/airflow/example_dags/example_trigger_target_dag.py for tasks to queue
[2024-04-02T09:33:49.149+0000] {logging_mixin.py:150} INFO - [2024-04-02T09:33:49.149+0000] {dagbag.py:541} INFO - Filling up the DagBag from /usr/local/python/3.10.13/lib/python3.10/site-packages/airflow/example_dags/example_trigger_target_dag.py
[2024-04-02T09:33:49.154+0000] {processor.py:836} INFO - DAG(s) dict_keys(['example_trigger_target_dag']) retrieved from /usr/local/python/3.10.13/lib/python3.10/site-packages/airflow/example_dags/example_trigger_target_dag.py
[2024-04-02T09:33:49.165+0000] {logging_mixin.py:150} INFO - [2024-04-02T09:33:49.165+0000] {dag.py:2742} INFO - Sync 1 DAGs
[2024-04-02T09:33:49.181+0000] {logging_mixin.py:150} INFO - [2024-04-02T09:33:49.181+0000] {dag.py:3504} INFO - Setting next_dagrun for example_trigger_target_dag to None, run_after=None
[2024-04-02T09:33:49.219+0000] {processor.py:179} INFO - Processing /usr/local/python/3.10.13/lib/python3.10/site-packages/airflow/example_dags/example_trigger_target_dag.py took 0.074 seconds
[2024-04-02T09:34:25.777+0000] {processor.py:157} INFO - Started process (PID=28931) to work on /usr/local/python/3.10.13/lib/python3.10/site-packages/airflow/example_dags/example_trigger_target_dag.py
[2024-04-02T09:34:25.778+0000] {processor.py:826} INFO - Processing file /usr/local/python/3.10.13/lib/python3.10/site-packages/airflow/example_dags/example_trigger_target_dag.py for tasks to queue
[2024-04-02T09:34:25.779+0000] {logging_mixin.py:150} INFO - [2024-04-02T09:34:25.779+0000] {dagbag.py:541} INFO - Filling up the DagBag from /usr/local/python/3.10.13/lib/python3.10/site-packages/airflow/example_dags/example_trigger_target_dag.py
[2024-04-02T09:34:25.784+0000] {processor.py:836} INFO - DAG(s) dict_keys(['example_trigger_target_dag']) retrieved from /usr/local/python/3.10.13/lib/python3.10/site-packages/airflow/example_dags/example_trigger_target_dag.py
[2024-04-02T09:34:25.796+0000] {logging_mixin.py:150} INFO - [2024-04-02T09:34:25.796+0000] {dag.py:2742} INFO - Sync 1 DAGs
[2024-04-02T09:34:25.812+0000] {logging_mixin.py:150} INFO - [2024-04-02T09:34:25.811+0000] {dag.py:3504} INFO - Setting next_dagrun for example_trigger_target_dag to None, run_after=None
[2024-04-02T09:34:25.850+0000] {processor.py:179} INFO - Processing /usr/local/python/3.10.13/lib/python3.10/site-packages/airflow/example_dags/example_trigger_target_dag.py took 0.075 seconds
[2024-04-02T09:35:04.787+0000] {processor.py:157} INFO - Started process (PID=29210) to work on /usr/local/python/3.10.13/lib/python3.10/site-packages/airflow/example_dags/example_trigger_target_dag.py
[2024-04-02T09:35:04.788+0000] {processor.py:826} INFO - Processing file /usr/local/python/3.10.13/lib/python3.10/site-packages/airflow/example_dags/example_trigger_target_dag.py for tasks to queue
[2024-04-02T09:35:04.789+0000] {logging_mixin.py:150} INFO - [2024-04-02T09:35:04.789+0000] {dagbag.py:541} INFO - Filling up the DagBag from /usr/local/python/3.10.13/lib/python3.10/site-packages/airflow/example_dags/example_trigger_target_dag.py
[2024-04-02T09:35:04.793+0000] {processor.py:836} INFO - DAG(s) dict_keys(['example_trigger_target_dag']) retrieved from /usr/local/python/3.10.13/lib/python3.10/site-packages/airflow/example_dags/example_trigger_target_dag.py
[2024-04-02T09:35:04.805+0000] {logging_mixin.py:150} INFO - [2024-04-02T09:35:04.805+0000] {dag.py:2742} INFO - Sync 1 DAGs
[2024-04-02T09:35:04.820+0000] {logging_mixin.py:150} INFO - [2024-04-02T09:35:04.820+0000] {dag.py:3504} INFO - Setting next_dagrun for example_trigger_target_dag to None, run_after=None
[2024-04-02T09:35:04.869+0000] {processor.py:179} INFO - Processing /usr/local/python/3.10.13/lib/python3.10/site-packages/airflow/example_dags/example_trigger_target_dag.py took 0.084 seconds
[2024-04-02T09:35:41.512+0000] {processor.py:157} INFO - Started process (PID=29470) to work on /usr/local/python/3.10.13/lib/python3.10/site-packages/airflow/example_dags/example_trigger_target_dag.py
[2024-04-02T09:35:41.513+0000] {processor.py:826} INFO - Processing file /usr/local/python/3.10.13/lib/python3.10/site-packages/airflow/example_dags/example_trigger_target_dag.py for tasks to queue
[2024-04-02T09:35:41.514+0000] {logging_mixin.py:150} INFO - [2024-04-02T09:35:41.514+0000] {dagbag.py:541} INFO - Filling up the DagBag from /usr/local/python/3.10.13/lib/python3.10/site-packages/airflow/example_dags/example_trigger_target_dag.py
[2024-04-02T09:35:41.518+0000] {processor.py:836} INFO - DAG(s) dict_keys(['example_trigger_target_dag']) retrieved from /usr/local/python/3.10.13/lib/python3.10/site-packages/airflow/example_dags/example_trigger_target_dag.py
[2024-04-02T09:35:41.530+0000] {logging_mixin.py:150} INFO - [2024-04-02T09:35:41.530+0000] {dag.py:2742} INFO - Sync 1 DAGs
[2024-04-02T09:35:41.546+0000] {logging_mixin.py:150} INFO - [2024-04-02T09:35:41.546+0000] {dag.py:3504} INFO - Setting next_dagrun for example_trigger_target_dag to None, run_after=None
[2024-04-02T09:35:41.586+0000] {processor.py:179} INFO - Processing /usr/local/python/3.10.13/lib/python3.10/site-packages/airflow/example_dags/example_trigger_target_dag.py took 0.077 seconds
[2024-04-02T09:36:15.246+0000] {processor.py:157} INFO - Started process (PID=29692) to work on /usr/local/python/3.10.13/lib/python3.10/site-packages/airflow/example_dags/example_trigger_target_dag.py
[2024-04-02T09:36:15.247+0000] {processor.py:826} INFO - Processing file /usr/local/python/3.10.13/lib/python3.10/site-packages/airflow/example_dags/example_trigger_target_dag.py for tasks to queue
[2024-04-02T09:36:15.248+0000] {logging_mixin.py:150} INFO - [2024-04-02T09:36:15.247+0000] {dagbag.py:541} INFO - Filling up the DagBag from /usr/local/python/3.10.13/lib/python3.10/site-packages/airflow/example_dags/example_trigger_target_dag.py
[2024-04-02T09:36:15.253+0000] {processor.py:836} INFO - DAG(s) dict_keys(['example_trigger_target_dag']) retrieved from /usr/local/python/3.10.13/lib/python3.10/site-packages/airflow/example_dags/example_trigger_target_dag.py
[2024-04-02T09:36:15.264+0000] {logging_mixin.py:150} INFO - [2024-04-02T09:36:15.264+0000] {dag.py:2742} INFO - Sync 1 DAGs
[2024-04-02T09:36:15.285+0000] {logging_mixin.py:150} INFO - [2024-04-02T09:36:15.285+0000] {dag.py:3504} INFO - Setting next_dagrun for example_trigger_target_dag to None, run_after=None
[2024-04-02T09:36:15.333+0000] {processor.py:179} INFO - Processing /usr/local/python/3.10.13/lib/python3.10/site-packages/airflow/example_dags/example_trigger_target_dag.py took 0.089 seconds
[2024-04-02T09:36:54.255+0000] {processor.py:157} INFO - Started process (PID=29963) to work on /usr/local/python/3.10.13/lib/python3.10/site-packages/airflow/example_dags/example_trigger_target_dag.py
[2024-04-02T09:36:54.255+0000] {processor.py:826} INFO - Processing file /usr/local/python/3.10.13/lib/python3.10/site-packages/airflow/example_dags/example_trigger_target_dag.py for tasks to queue
[2024-04-02T09:36:54.256+0000] {logging_mixin.py:150} INFO - [2024-04-02T09:36:54.256+0000] {dagbag.py:541} INFO - Filling up the DagBag from /usr/local/python/3.10.13/lib/python3.10/site-packages/airflow/example_dags/example_trigger_target_dag.py
[2024-04-02T09:36:54.260+0000] {processor.py:836} INFO - DAG(s) dict_keys(['example_trigger_target_dag']) retrieved from /usr/local/python/3.10.13/lib/python3.10/site-packages/airflow/example_dags/example_trigger_target_dag.py
[2024-04-02T09:36:54.273+0000] {logging_mixin.py:150} INFO - [2024-04-02T09:36:54.272+0000] {dag.py:2742} INFO - Sync 1 DAGs
[2024-04-02T09:36:54.288+0000] {logging_mixin.py:150} INFO - [2024-04-02T09:36:54.288+0000] {dag.py:3504} INFO - Setting next_dagrun for example_trigger_target_dag to None, run_after=None
[2024-04-02T09:36:54.331+0000] {processor.py:179} INFO - Processing /usr/local/python/3.10.13/lib/python3.10/site-packages/airflow/example_dags/example_trigger_target_dag.py took 0.079 seconds
[2024-04-02T09:37:32.012+0000] {processor.py:157} INFO - Started process (PID=30228) to work on /usr/local/python/3.10.13/lib/python3.10/site-packages/airflow/example_dags/example_trigger_target_dag.py
[2024-04-02T09:37:32.013+0000] {processor.py:826} INFO - Processing file /usr/local/python/3.10.13/lib/python3.10/site-packages/airflow/example_dags/example_trigger_target_dag.py for tasks to queue
[2024-04-02T09:37:32.014+0000] {logging_mixin.py:150} INFO - [2024-04-02T09:37:32.013+0000] {dagbag.py:541} INFO - Filling up the DagBag from /usr/local/python/3.10.13/lib/python3.10/site-packages/airflow/example_dags/example_trigger_target_dag.py
[2024-04-02T09:37:32.018+0000] {processor.py:836} INFO - DAG(s) dict_keys(['example_trigger_target_dag']) retrieved from /usr/local/python/3.10.13/lib/python3.10/site-packages/airflow/example_dags/example_trigger_target_dag.py
[2024-04-02T09:37:32.030+0000] {logging_mixin.py:150} INFO - [2024-04-02T09:37:32.030+0000] {dag.py:2742} INFO - Sync 1 DAGs
[2024-04-02T09:37:32.045+0000] {logging_mixin.py:150} INFO - [2024-04-02T09:37:32.045+0000] {dag.py:3504} INFO - Setting next_dagrun for example_trigger_target_dag to None, run_after=None
[2024-04-02T09:37:32.085+0000] {processor.py:179} INFO - Processing /usr/local/python/3.10.13/lib/python3.10/site-packages/airflow/example_dags/example_trigger_target_dag.py took 0.075 seconds
[2024-04-02T09:38:07.312+0000] {processor.py:157} INFO - Started process (PID=30463) to work on /usr/local/python/3.10.13/lib/python3.10/site-packages/airflow/example_dags/example_trigger_target_dag.py
[2024-04-02T09:38:07.313+0000] {processor.py:826} INFO - Processing file /usr/local/python/3.10.13/lib/python3.10/site-packages/airflow/example_dags/example_trigger_target_dag.py for tasks to queue
[2024-04-02T09:38:07.314+0000] {logging_mixin.py:150} INFO - [2024-04-02T09:38:07.313+0000] {dagbag.py:541} INFO - Filling up the DagBag from /usr/local/python/3.10.13/lib/python3.10/site-packages/airflow/example_dags/example_trigger_target_dag.py
[2024-04-02T09:38:07.320+0000] {processor.py:836} INFO - DAG(s) dict_keys(['example_trigger_target_dag']) retrieved from /usr/local/python/3.10.13/lib/python3.10/site-packages/airflow/example_dags/example_trigger_target_dag.py
[2024-04-02T09:38:07.342+0000] {logging_mixin.py:150} INFO - [2024-04-02T09:38:07.342+0000] {dag.py:2742} INFO - Sync 1 DAGs
[2024-04-02T09:38:07.370+0000] {logging_mixin.py:150} INFO - [2024-04-02T09:38:07.370+0000] {dag.py:3504} INFO - Setting next_dagrun for example_trigger_target_dag to None, run_after=None
[2024-04-02T09:38:07.419+0000] {processor.py:179} INFO - Processing /usr/local/python/3.10.13/lib/python3.10/site-packages/airflow/example_dags/example_trigger_target_dag.py took 0.110 seconds
[2024-04-02T09:38:46.255+0000] {processor.py:157} INFO - Started process (PID=30731) to work on /usr/local/python/3.10.13/lib/python3.10/site-packages/airflow/example_dags/example_trigger_target_dag.py
[2024-04-02T09:38:46.256+0000] {processor.py:826} INFO - Processing file /usr/local/python/3.10.13/lib/python3.10/site-packages/airflow/example_dags/example_trigger_target_dag.py for tasks to queue
[2024-04-02T09:38:46.257+0000] {logging_mixin.py:150} INFO - [2024-04-02T09:38:46.256+0000] {dagbag.py:541} INFO - Filling up the DagBag from /usr/local/python/3.10.13/lib/python3.10/site-packages/airflow/example_dags/example_trigger_target_dag.py
[2024-04-02T09:38:46.261+0000] {processor.py:836} INFO - DAG(s) dict_keys(['example_trigger_target_dag']) retrieved from /usr/local/python/3.10.13/lib/python3.10/site-packages/airflow/example_dags/example_trigger_target_dag.py
[2024-04-02T09:38:46.277+0000] {logging_mixin.py:150} INFO - [2024-04-02T09:38:46.277+0000] {dag.py:2742} INFO - Sync 1 DAGs
[2024-04-02T09:38:46.300+0000] {logging_mixin.py:150} INFO - [2024-04-02T09:38:46.300+0000] {dag.py:3504} INFO - Setting next_dagrun for example_trigger_target_dag to None, run_after=None
[2024-04-02T09:38:46.347+0000] {processor.py:179} INFO - Processing /usr/local/python/3.10.13/lib/python3.10/site-packages/airflow/example_dags/example_trigger_target_dag.py took 0.094 seconds
[2024-04-02T09:39:25.231+0000] {processor.py:157} INFO - Started process (PID=30995) to work on /usr/local/python/3.10.13/lib/python3.10/site-packages/airflow/example_dags/example_trigger_target_dag.py
[2024-04-02T09:39:25.232+0000] {processor.py:826} INFO - Processing file /usr/local/python/3.10.13/lib/python3.10/site-packages/airflow/example_dags/example_trigger_target_dag.py for tasks to queue
[2024-04-02T09:39:25.232+0000] {logging_mixin.py:150} INFO - [2024-04-02T09:39:25.232+0000] {dagbag.py:541} INFO - Filling up the DagBag from /usr/local/python/3.10.13/lib/python3.10/site-packages/airflow/example_dags/example_trigger_target_dag.py
[2024-04-02T09:39:25.237+0000] {processor.py:836} INFO - DAG(s) dict_keys(['example_trigger_target_dag']) retrieved from /usr/local/python/3.10.13/lib/python3.10/site-packages/airflow/example_dags/example_trigger_target_dag.py
[2024-04-02T09:39:25.248+0000] {logging_mixin.py:150} INFO - [2024-04-02T09:39:25.248+0000] {dag.py:2742} INFO - Sync 1 DAGs
[2024-04-02T09:39:25.263+0000] {logging_mixin.py:150} INFO - [2024-04-02T09:39:25.263+0000] {dag.py:3504} INFO - Setting next_dagrun for example_trigger_target_dag to None, run_after=None
[2024-04-02T09:39:25.303+0000] {processor.py:179} INFO - Processing /usr/local/python/3.10.13/lib/python3.10/site-packages/airflow/example_dags/example_trigger_target_dag.py took 0.074 seconds
[2024-04-02T09:40:03.315+0000] {processor.py:157} INFO - Started process (PID=31318) to work on /usr/local/python/3.10.13/lib/python3.10/site-packages/airflow/example_dags/example_trigger_target_dag.py
[2024-04-02T09:40:03.316+0000] {processor.py:826} INFO - Processing file /usr/local/python/3.10.13/lib/python3.10/site-packages/airflow/example_dags/example_trigger_target_dag.py for tasks to queue
[2024-04-02T09:40:03.317+0000] {logging_mixin.py:150} INFO - [2024-04-02T09:40:03.317+0000] {dagbag.py:541} INFO - Filling up the DagBag from /usr/local/python/3.10.13/lib/python3.10/site-packages/airflow/example_dags/example_trigger_target_dag.py
[2024-04-02T09:40:03.324+0000] {processor.py:836} INFO - DAG(s) dict_keys(['example_trigger_target_dag']) retrieved from /usr/local/python/3.10.13/lib/python3.10/site-packages/airflow/example_dags/example_trigger_target_dag.py
[2024-04-02T09:40:03.343+0000] {logging_mixin.py:150} INFO - [2024-04-02T09:40:03.343+0000] {dag.py:2742} INFO - Sync 1 DAGs
[2024-04-02T09:40:03.370+0000] {logging_mixin.py:150} INFO - [2024-04-02T09:40:03.370+0000] {dag.py:3504} INFO - Setting next_dagrun for example_trigger_target_dag to None, run_after=None
[2024-04-02T09:40:03.418+0000] {processor.py:179} INFO - Processing /usr/local/python/3.10.13/lib/python3.10/site-packages/airflow/example_dags/example_trigger_target_dag.py took 0.107 seconds
[2024-04-02T09:40:41.638+0000] {processor.py:157} INFO - Started process (PID=31561) to work on /usr/local/python/3.10.13/lib/python3.10/site-packages/airflow/example_dags/example_trigger_target_dag.py
[2024-04-02T09:40:41.640+0000] {processor.py:826} INFO - Processing file /usr/local/python/3.10.13/lib/python3.10/site-packages/airflow/example_dags/example_trigger_target_dag.py for tasks to queue
[2024-04-02T09:40:41.642+0000] {logging_mixin.py:150} INFO - [2024-04-02T09:40:41.641+0000] {dagbag.py:541} INFO - Filling up the DagBag from /usr/local/python/3.10.13/lib/python3.10/site-packages/airflow/example_dags/example_trigger_target_dag.py
[2024-04-02T09:40:41.650+0000] {processor.py:836} INFO - DAG(s) dict_keys(['example_trigger_target_dag']) retrieved from /usr/local/python/3.10.13/lib/python3.10/site-packages/airflow/example_dags/example_trigger_target_dag.py
[2024-04-02T09:40:41.679+0000] {logging_mixin.py:150} INFO - [2024-04-02T09:40:41.678+0000] {dag.py:2742} INFO - Sync 1 DAGs
[2024-04-02T09:40:41.706+0000] {logging_mixin.py:150} INFO - [2024-04-02T09:40:41.705+0000] {dag.py:3504} INFO - Setting next_dagrun for example_trigger_target_dag to None, run_after=None
[2024-04-02T09:40:41.769+0000] {processor.py:179} INFO - Processing /usr/local/python/3.10.13/lib/python3.10/site-packages/airflow/example_dags/example_trigger_target_dag.py took 0.135 seconds
[2024-04-02T09:41:19.160+0000] {processor.py:157} INFO - Started process (PID=31825) to work on /usr/local/python/3.10.13/lib/python3.10/site-packages/airflow/example_dags/example_trigger_target_dag.py
[2024-04-02T09:41:19.161+0000] {processor.py:826} INFO - Processing file /usr/local/python/3.10.13/lib/python3.10/site-packages/airflow/example_dags/example_trigger_target_dag.py for tasks to queue
[2024-04-02T09:41:19.162+0000] {logging_mixin.py:150} INFO - [2024-04-02T09:41:19.161+0000] {dagbag.py:541} INFO - Filling up the DagBag from /usr/local/python/3.10.13/lib/python3.10/site-packages/airflow/example_dags/example_trigger_target_dag.py
[2024-04-02T09:41:19.166+0000] {processor.py:836} INFO - DAG(s) dict_keys(['example_trigger_target_dag']) retrieved from /usr/local/python/3.10.13/lib/python3.10/site-packages/airflow/example_dags/example_trigger_target_dag.py
[2024-04-02T09:41:19.179+0000] {logging_mixin.py:150} INFO - [2024-04-02T09:41:19.178+0000] {dag.py:2742} INFO - Sync 1 DAGs
[2024-04-02T09:41:19.193+0000] {logging_mixin.py:150} INFO - [2024-04-02T09:41:19.193+0000] {dag.py:3504} INFO - Setting next_dagrun for example_trigger_target_dag to None, run_after=None
[2024-04-02T09:41:19.232+0000] {processor.py:179} INFO - Processing /usr/local/python/3.10.13/lib/python3.10/site-packages/airflow/example_dags/example_trigger_target_dag.py took 0.074 seconds
[2024-04-02T09:41:56.703+0000] {processor.py:157} INFO - Started process (PID=32087) to work on /usr/local/python/3.10.13/lib/python3.10/site-packages/airflow/example_dags/example_trigger_target_dag.py
[2024-04-02T09:41:56.704+0000] {processor.py:826} INFO - Processing file /usr/local/python/3.10.13/lib/python3.10/site-packages/airflow/example_dags/example_trigger_target_dag.py for tasks to queue
[2024-04-02T09:41:56.704+0000] {logging_mixin.py:150} INFO - [2024-04-02T09:41:56.704+0000] {dagbag.py:541} INFO - Filling up the DagBag from /usr/local/python/3.10.13/lib/python3.10/site-packages/airflow/example_dags/example_trigger_target_dag.py
[2024-04-02T09:41:56.709+0000] {processor.py:836} INFO - DAG(s) dict_keys(['example_trigger_target_dag']) retrieved from /usr/local/python/3.10.13/lib/python3.10/site-packages/airflow/example_dags/example_trigger_target_dag.py
[2024-04-02T09:41:56.722+0000] {logging_mixin.py:150} INFO - [2024-04-02T09:41:56.722+0000] {dag.py:2742} INFO - Sync 1 DAGs
[2024-04-02T09:41:56.738+0000] {logging_mixin.py:150} INFO - [2024-04-02T09:41:56.738+0000] {dag.py:3504} INFO - Setting next_dagrun for example_trigger_target_dag to None, run_after=None
[2024-04-02T09:41:56.778+0000] {processor.py:179} INFO - Processing /usr/local/python/3.10.13/lib/python3.10/site-packages/airflow/example_dags/example_trigger_target_dag.py took 0.078 seconds
[2024-04-02T09:42:34.153+0000] {processor.py:157} INFO - Started process (PID=32345) to work on /usr/local/python/3.10.13/lib/python3.10/site-packages/airflow/example_dags/example_trigger_target_dag.py
[2024-04-02T09:42:34.154+0000] {processor.py:826} INFO - Processing file /usr/local/python/3.10.13/lib/python3.10/site-packages/airflow/example_dags/example_trigger_target_dag.py for tasks to queue
[2024-04-02T09:42:34.155+0000] {logging_mixin.py:150} INFO - [2024-04-02T09:42:34.155+0000] {dagbag.py:541} INFO - Filling up the DagBag from /usr/local/python/3.10.13/lib/python3.10/site-packages/airflow/example_dags/example_trigger_target_dag.py
[2024-04-02T09:42:34.159+0000] {processor.py:836} INFO - DAG(s) dict_keys(['example_trigger_target_dag']) retrieved from /usr/local/python/3.10.13/lib/python3.10/site-packages/airflow/example_dags/example_trigger_target_dag.py
[2024-04-02T09:42:34.171+0000] {logging_mixin.py:150} INFO - [2024-04-02T09:42:34.171+0000] {dag.py:2742} INFO - Sync 1 DAGs
[2024-04-02T09:42:34.186+0000] {logging_mixin.py:150} INFO - [2024-04-02T09:42:34.186+0000] {dag.py:3504} INFO - Setting next_dagrun for example_trigger_target_dag to None, run_after=None
[2024-04-02T09:42:34.226+0000] {processor.py:179} INFO - Processing /usr/local/python/3.10.13/lib/python3.10/site-packages/airflow/example_dags/example_trigger_target_dag.py took 0.074 seconds
[2024-04-02T09:43:14.783+0000] {processor.py:157} INFO - Started process (PID=32622) to work on /usr/local/python/3.10.13/lib/python3.10/site-packages/airflow/example_dags/example_trigger_target_dag.py
[2024-04-02T09:43:14.784+0000] {processor.py:826} INFO - Processing file /usr/local/python/3.10.13/lib/python3.10/site-packages/airflow/example_dags/example_trigger_target_dag.py for tasks to queue
[2024-04-02T09:43:14.785+0000] {logging_mixin.py:150} INFO - [2024-04-02T09:43:14.784+0000] {dagbag.py:541} INFO - Filling up the DagBag from /usr/local/python/3.10.13/lib/python3.10/site-packages/airflow/example_dags/example_trigger_target_dag.py
[2024-04-02T09:43:14.792+0000] {processor.py:836} INFO - DAG(s) dict_keys(['example_trigger_target_dag']) retrieved from /usr/local/python/3.10.13/lib/python3.10/site-packages/airflow/example_dags/example_trigger_target_dag.py
[2024-04-02T09:43:14.811+0000] {logging_mixin.py:150} INFO - [2024-04-02T09:43:14.811+0000] {dag.py:2742} INFO - Sync 1 DAGs
[2024-04-02T09:43:14.837+0000] {logging_mixin.py:150} INFO - [2024-04-02T09:43:14.837+0000] {dag.py:3504} INFO - Setting next_dagrun for example_trigger_target_dag to None, run_after=None
[2024-04-02T09:43:14.875+0000] {processor.py:179} INFO - Processing /usr/local/python/3.10.13/lib/python3.10/site-packages/airflow/example_dags/example_trigger_target_dag.py took 0.095 seconds
