[2024-04-02T08:56:56.734+0000] {processor.py:157} INFO - Started process (PID=11464) to work on /usr/local/python/3.10.13/lib/python3.10/site-packages/airflow/example_dags/example_short_circuit_decorator.py
[2024-04-02T08:56:56.734+0000] {processor.py:826} INFO - Processing file /usr/local/python/3.10.13/lib/python3.10/site-packages/airflow/example_dags/example_short_circuit_decorator.py for tasks to queue
[2024-04-02T08:56:56.735+0000] {logging_mixin.py:150} INFO - [2024-04-02T08:56:56.735+0000] {dagbag.py:541} INFO - Filling up the DagBag from /usr/local/python/3.10.13/lib/python3.10/site-packages/airflow/example_dags/example_short_circuit_decorator.py
[2024-04-02T08:56:56.749+0000] {processor.py:836} INFO - DAG(s) dict_keys(['example_short_circuit_decorator']) retrieved from /usr/local/python/3.10.13/lib/python3.10/site-packages/airflow/example_dags/example_short_circuit_decorator.py
[2024-04-02T08:56:56.885+0000] {logging_mixin.py:150} INFO - [2024-04-02T08:56:56.885+0000] {dag.py:2742} INFO - Sync 1 DAGs
[2024-04-02T08:56:56.908+0000] {logging_mixin.py:150} INFO - [2024-04-02T08:56:56.908+0000] {dag.py:3504} INFO - Setting next_dagrun for example_short_circuit_decorator to 2024-04-01T08:56:56.907956+00:00, run_after=2024-04-02T08:56:56.907956+00:00
[2024-04-02T08:56:56.969+0000] {processor.py:179} INFO - Processing /usr/local/python/3.10.13/lib/python3.10/site-packages/airflow/example_dags/example_short_circuit_decorator.py took 0.238 seconds
[2024-04-02T08:57:57.611+0000] {processor.py:157} INFO - Started process (PID=12222) to work on /usr/local/python/3.10.13/lib/python3.10/site-packages/airflow/example_dags/example_short_circuit_decorator.py
[2024-04-02T08:57:57.612+0000] {processor.py:826} INFO - Processing file /usr/local/python/3.10.13/lib/python3.10/site-packages/airflow/example_dags/example_short_circuit_decorator.py for tasks to queue
[2024-04-02T08:57:57.613+0000] {logging_mixin.py:150} INFO - [2024-04-02T08:57:57.613+0000] {dagbag.py:541} INFO - Filling up the DagBag from /usr/local/python/3.10.13/lib/python3.10/site-packages/airflow/example_dags/example_short_circuit_decorator.py
[2024-04-02T08:57:57.620+0000] {processor.py:836} INFO - DAG(s) dict_keys(['example_short_circuit_decorator']) retrieved from /usr/local/python/3.10.13/lib/python3.10/site-packages/airflow/example_dags/example_short_circuit_decorator.py
[2024-04-02T08:57:57.634+0000] {logging_mixin.py:150} INFO - [2024-04-02T08:57:57.634+0000] {dag.py:2742} INFO - Sync 1 DAGs
[2024-04-02T08:57:57.652+0000] {logging_mixin.py:150} INFO - [2024-04-02T08:57:57.651+0000] {dag.py:3504} INFO - Setting next_dagrun for example_short_circuit_decorator to 2024-04-01T08:57:57.651731+00:00, run_after=2024-04-02T08:57:57.651731+00:00
[2024-04-02T08:57:57.700+0000] {processor.py:179} INFO - Processing /usr/local/python/3.10.13/lib/python3.10/site-packages/airflow/example_dags/example_short_circuit_decorator.py took 0.091 seconds
[2024-04-02T08:59:55.883+0000] {processor.py:157} INFO - Started process (PID=13924) to work on /usr/local/python/3.10.13/lib/python3.10/site-packages/airflow/example_dags/example_short_circuit_decorator.py
[2024-04-02T08:59:55.883+0000] {processor.py:826} INFO - Processing file /usr/local/python/3.10.13/lib/python3.10/site-packages/airflow/example_dags/example_short_circuit_decorator.py for tasks to queue
[2024-04-02T08:59:55.884+0000] {logging_mixin.py:150} INFO - [2024-04-02T08:59:55.884+0000] {dagbag.py:541} INFO - Filling up the DagBag from /usr/local/python/3.10.13/lib/python3.10/site-packages/airflow/example_dags/example_short_circuit_decorator.py
[2024-04-02T08:59:55.894+0000] {processor.py:836} INFO - DAG(s) dict_keys(['example_short_circuit_decorator']) retrieved from /usr/local/python/3.10.13/lib/python3.10/site-packages/airflow/example_dags/example_short_circuit_decorator.py
[2024-04-02T08:59:55.909+0000] {logging_mixin.py:150} INFO - [2024-04-02T08:59:55.909+0000] {dag.py:2742} INFO - Sync 1 DAGs
[2024-04-02T08:59:55.924+0000] {logging_mixin.py:150} INFO - [2024-04-02T08:59:55.924+0000] {dag.py:3504} INFO - Setting next_dagrun for example_short_circuit_decorator to 2024-04-01T08:59:55.924208+00:00, run_after=2024-04-02T08:59:55.924208+00:00
[2024-04-02T08:59:55.963+0000] {processor.py:179} INFO - Processing /usr/local/python/3.10.13/lib/python3.10/site-packages/airflow/example_dags/example_short_circuit_decorator.py took 0.083 seconds
[2024-04-02T09:00:48.923+0000] {processor.py:157} INFO - Started process (PID=14497) to work on /usr/local/python/3.10.13/lib/python3.10/site-packages/airflow/example_dags/example_short_circuit_decorator.py
[2024-04-02T09:00:48.924+0000] {processor.py:826} INFO - Processing file /usr/local/python/3.10.13/lib/python3.10/site-packages/airflow/example_dags/example_short_circuit_decorator.py for tasks to queue
[2024-04-02T09:00:48.925+0000] {logging_mixin.py:150} INFO - [2024-04-02T09:00:48.925+0000] {dagbag.py:541} INFO - Filling up the DagBag from /usr/local/python/3.10.13/lib/python3.10/site-packages/airflow/example_dags/example_short_circuit_decorator.py
[2024-04-02T09:00:48.937+0000] {processor.py:836} INFO - DAG(s) dict_keys(['example_short_circuit_decorator']) retrieved from /usr/local/python/3.10.13/lib/python3.10/site-packages/airflow/example_dags/example_short_circuit_decorator.py
[2024-04-02T09:00:48.959+0000] {logging_mixin.py:150} INFO - [2024-04-02T09:00:48.959+0000] {dag.py:2742} INFO - Sync 1 DAGs
[2024-04-02T09:00:48.983+0000] {logging_mixin.py:150} INFO - [2024-04-02T09:00:48.983+0000] {dag.py:3504} INFO - Setting next_dagrun for example_short_circuit_decorator to 2024-04-01T09:00:48.982889+00:00, run_after=2024-04-02T09:00:48.982889+00:00
[2024-04-02T09:00:49.030+0000] {processor.py:179} INFO - Processing /usr/local/python/3.10.13/lib/python3.10/site-packages/airflow/example_dags/example_short_circuit_decorator.py took 0.111 seconds
[2024-04-02T09:01:39.595+0000] {processor.py:157} INFO - Started process (PID=14909) to work on /usr/local/python/3.10.13/lib/python3.10/site-packages/airflow/example_dags/example_short_circuit_decorator.py
[2024-04-02T09:01:39.595+0000] {processor.py:826} INFO - Processing file /usr/local/python/3.10.13/lib/python3.10/site-packages/airflow/example_dags/example_short_circuit_decorator.py for tasks to queue
[2024-04-02T09:01:39.596+0000] {logging_mixin.py:150} INFO - [2024-04-02T09:01:39.596+0000] {dagbag.py:541} INFO - Filling up the DagBag from /usr/local/python/3.10.13/lib/python3.10/site-packages/airflow/example_dags/example_short_circuit_decorator.py
[2024-04-02T09:01:39.604+0000] {processor.py:836} INFO - DAG(s) dict_keys(['example_short_circuit_decorator']) retrieved from /usr/local/python/3.10.13/lib/python3.10/site-packages/airflow/example_dags/example_short_circuit_decorator.py
[2024-04-02T09:01:39.617+0000] {logging_mixin.py:150} INFO - [2024-04-02T09:01:39.617+0000] {dag.py:2742} INFO - Sync 1 DAGs
[2024-04-02T09:01:39.633+0000] {logging_mixin.py:150} INFO - [2024-04-02T09:01:39.632+0000] {dag.py:3504} INFO - Setting next_dagrun for example_short_circuit_decorator to 2024-04-01T09:01:39.632727+00:00, run_after=2024-04-02T09:01:39.632727+00:00
[2024-04-02T09:01:39.671+0000] {processor.py:179} INFO - Processing /usr/local/python/3.10.13/lib/python3.10/site-packages/airflow/example_dags/example_short_circuit_decorator.py took 0.078 seconds
[2024-04-02T09:02:35.926+0000] {processor.py:157} INFO - Started process (PID=15307) to work on /usr/local/python/3.10.13/lib/python3.10/site-packages/airflow/example_dags/example_short_circuit_decorator.py
[2024-04-02T09:02:35.927+0000] {processor.py:826} INFO - Processing file /usr/local/python/3.10.13/lib/python3.10/site-packages/airflow/example_dags/example_short_circuit_decorator.py for tasks to queue
[2024-04-02T09:02:35.928+0000] {logging_mixin.py:150} INFO - [2024-04-02T09:02:35.927+0000] {dagbag.py:541} INFO - Filling up the DagBag from /usr/local/python/3.10.13/lib/python3.10/site-packages/airflow/example_dags/example_short_circuit_decorator.py
[2024-04-02T09:02:35.939+0000] {processor.py:836} INFO - DAG(s) dict_keys(['example_short_circuit_decorator']) retrieved from /usr/local/python/3.10.13/lib/python3.10/site-packages/airflow/example_dags/example_short_circuit_decorator.py
[2024-04-02T09:02:35.956+0000] {logging_mixin.py:150} INFO - [2024-04-02T09:02:35.956+0000] {dag.py:2742} INFO - Sync 1 DAGs
[2024-04-02T09:02:35.973+0000] {logging_mixin.py:150} INFO - [2024-04-02T09:02:35.972+0000] {dag.py:3504} INFO - Setting next_dagrun for example_short_circuit_decorator to 2024-04-01T09:02:35.972697+00:00, run_after=2024-04-02T09:02:35.972697+00:00
[2024-04-02T09:02:36.012+0000] {processor.py:179} INFO - Processing /usr/local/python/3.10.13/lib/python3.10/site-packages/airflow/example_dags/example_short_circuit_decorator.py took 0.090 seconds
[2024-04-02T09:03:34.381+0000] {processor.py:157} INFO - Started process (PID=15695) to work on /usr/local/python/3.10.13/lib/python3.10/site-packages/airflow/example_dags/example_short_circuit_decorator.py
[2024-04-02T09:03:34.382+0000] {processor.py:826} INFO - Processing file /usr/local/python/3.10.13/lib/python3.10/site-packages/airflow/example_dags/example_short_circuit_decorator.py for tasks to queue
[2024-04-02T09:03:34.383+0000] {logging_mixin.py:150} INFO - [2024-04-02T09:03:34.383+0000] {dagbag.py:541} INFO - Filling up the DagBag from /usr/local/python/3.10.13/lib/python3.10/site-packages/airflow/example_dags/example_short_circuit_decorator.py
[2024-04-02T09:03:34.395+0000] {processor.py:836} INFO - DAG(s) dict_keys(['example_short_circuit_decorator']) retrieved from /usr/local/python/3.10.13/lib/python3.10/site-packages/airflow/example_dags/example_short_circuit_decorator.py
[2024-04-02T09:03:34.418+0000] {logging_mixin.py:150} INFO - [2024-04-02T09:03:34.418+0000] {dag.py:2742} INFO - Sync 1 DAGs
[2024-04-02T09:03:34.443+0000] {logging_mixin.py:150} INFO - [2024-04-02T09:03:34.443+0000] {dag.py:3504} INFO - Setting next_dagrun for example_short_circuit_decorator to 2024-04-01T09:03:34.443325+00:00, run_after=2024-04-02T09:03:34.443325+00:00
[2024-04-02T09:03:34.493+0000] {processor.py:179} INFO - Processing /usr/local/python/3.10.13/lib/python3.10/site-packages/airflow/example_dags/example_short_circuit_decorator.py took 0.115 seconds
[2024-04-02T09:04:30.857+0000] {processor.py:157} INFO - Started process (PID=16112) to work on /usr/local/python/3.10.13/lib/python3.10/site-packages/airflow/example_dags/example_short_circuit_decorator.py
[2024-04-02T09:04:30.858+0000] {processor.py:826} INFO - Processing file /usr/local/python/3.10.13/lib/python3.10/site-packages/airflow/example_dags/example_short_circuit_decorator.py for tasks to queue
[2024-04-02T09:04:30.859+0000] {logging_mixin.py:150} INFO - [2024-04-02T09:04:30.858+0000] {dagbag.py:541} INFO - Filling up the DagBag from /usr/local/python/3.10.13/lib/python3.10/site-packages/airflow/example_dags/example_short_circuit_decorator.py
[2024-04-02T09:04:30.866+0000] {processor.py:836} INFO - DAG(s) dict_keys(['example_short_circuit_decorator']) retrieved from /usr/local/python/3.10.13/lib/python3.10/site-packages/airflow/example_dags/example_short_circuit_decorator.py
[2024-04-02T09:04:30.880+0000] {logging_mixin.py:150} INFO - [2024-04-02T09:04:30.880+0000] {dag.py:2742} INFO - Sync 1 DAGs
[2024-04-02T09:04:30.895+0000] {logging_mixin.py:150} INFO - [2024-04-02T09:04:30.895+0000] {dag.py:3504} INFO - Setting next_dagrun for example_short_circuit_decorator to 2024-04-01T09:04:30.895353+00:00, run_after=2024-04-02T09:04:30.895353+00:00
[2024-04-02T09:04:30.933+0000] {processor.py:179} INFO - Processing /usr/local/python/3.10.13/lib/python3.10/site-packages/airflow/example_dags/example_short_circuit_decorator.py took 0.078 seconds
[2024-04-02T09:05:24.819+0000] {processor.py:157} INFO - Started process (PID=16474) to work on /usr/local/python/3.10.13/lib/python3.10/site-packages/airflow/example_dags/example_short_circuit_decorator.py
[2024-04-02T09:05:24.820+0000] {processor.py:826} INFO - Processing file /usr/local/python/3.10.13/lib/python3.10/site-packages/airflow/example_dags/example_short_circuit_decorator.py for tasks to queue
[2024-04-02T09:05:24.821+0000] {logging_mixin.py:150} INFO - [2024-04-02T09:05:24.821+0000] {dagbag.py:541} INFO - Filling up the DagBag from /usr/local/python/3.10.13/lib/python3.10/site-packages/airflow/example_dags/example_short_circuit_decorator.py
[2024-04-02T09:05:24.830+0000] {processor.py:836} INFO - DAG(s) dict_keys(['example_short_circuit_decorator']) retrieved from /usr/local/python/3.10.13/lib/python3.10/site-packages/airflow/example_dags/example_short_circuit_decorator.py
[2024-04-02T09:05:24.844+0000] {logging_mixin.py:150} INFO - [2024-04-02T09:05:24.844+0000] {dag.py:2742} INFO - Sync 1 DAGs
[2024-04-02T09:05:24.861+0000] {logging_mixin.py:150} INFO - [2024-04-02T09:05:24.861+0000] {dag.py:3504} INFO - Setting next_dagrun for example_short_circuit_decorator to 2024-04-01T09:05:24.860785+00:00, run_after=2024-04-02T09:05:24.860785+00:00
[2024-04-02T09:05:24.913+0000] {processor.py:179} INFO - Processing /usr/local/python/3.10.13/lib/python3.10/site-packages/airflow/example_dags/example_short_circuit_decorator.py took 0.096 seconds
[2024-04-02T09:06:06.755+0000] {processor.py:157} INFO - Started process (PID=16775) to work on /usr/local/python/3.10.13/lib/python3.10/site-packages/airflow/example_dags/example_short_circuit_decorator.py
[2024-04-02T09:06:06.756+0000] {processor.py:826} INFO - Processing file /usr/local/python/3.10.13/lib/python3.10/site-packages/airflow/example_dags/example_short_circuit_decorator.py for tasks to queue
[2024-04-02T09:06:06.756+0000] {logging_mixin.py:150} INFO - [2024-04-02T09:06:06.756+0000] {dagbag.py:541} INFO - Filling up the DagBag from /usr/local/python/3.10.13/lib/python3.10/site-packages/airflow/example_dags/example_short_circuit_decorator.py
[2024-04-02T09:06:06.764+0000] {processor.py:836} INFO - DAG(s) dict_keys(['example_short_circuit_decorator']) retrieved from /usr/local/python/3.10.13/lib/python3.10/site-packages/airflow/example_dags/example_short_circuit_decorator.py
[2024-04-02T09:06:06.778+0000] {logging_mixin.py:150} INFO - [2024-04-02T09:06:06.778+0000] {dag.py:2742} INFO - Sync 1 DAGs
[2024-04-02T09:06:06.794+0000] {logging_mixin.py:150} INFO - [2024-04-02T09:06:06.793+0000] {dag.py:3504} INFO - Setting next_dagrun for example_short_circuit_decorator to 2024-04-01T09:06:06.793740+00:00, run_after=2024-04-02T09:06:06.793740+00:00
[2024-04-02T09:06:06.833+0000] {processor.py:179} INFO - Processing /usr/local/python/3.10.13/lib/python3.10/site-packages/airflow/example_dags/example_short_circuit_decorator.py took 0.080 seconds
[2024-04-02T09:06:48.345+0000] {processor.py:157} INFO - Started process (PID=17480) to work on /usr/local/python/3.10.13/lib/python3.10/site-packages/airflow/example_dags/example_short_circuit_decorator.py
[2024-04-02T09:06:48.345+0000] {processor.py:826} INFO - Processing file /usr/local/python/3.10.13/lib/python3.10/site-packages/airflow/example_dags/example_short_circuit_decorator.py for tasks to queue
[2024-04-02T09:06:48.346+0000] {logging_mixin.py:150} INFO - [2024-04-02T09:06:48.346+0000] {dagbag.py:541} INFO - Filling up the DagBag from /usr/local/python/3.10.13/lib/python3.10/site-packages/airflow/example_dags/example_short_circuit_decorator.py
[2024-04-02T09:06:48.354+0000] {processor.py:836} INFO - DAG(s) dict_keys(['example_short_circuit_decorator']) retrieved from /usr/local/python/3.10.13/lib/python3.10/site-packages/airflow/example_dags/example_short_circuit_decorator.py
[2024-04-02T09:06:48.368+0000] {logging_mixin.py:150} INFO - [2024-04-02T09:06:48.368+0000] {dag.py:2742} INFO - Sync 1 DAGs
[2024-04-02T09:06:48.383+0000] {logging_mixin.py:150} INFO - [2024-04-02T09:06:48.383+0000] {dag.py:3504} INFO - Setting next_dagrun for example_short_circuit_decorator to 2024-04-01T09:06:48.383372+00:00, run_after=2024-04-02T09:06:48.383372+00:00
[2024-04-02T09:06:48.421+0000] {processor.py:179} INFO - Processing /usr/local/python/3.10.13/lib/python3.10/site-packages/airflow/example_dags/example_short_circuit_decorator.py took 0.079 seconds
[2024-04-02T09:07:48.222+0000] {processor.py:157} INFO - Started process (PID=17884) to work on /usr/local/python/3.10.13/lib/python3.10/site-packages/airflow/example_dags/example_short_circuit_decorator.py
[2024-04-02T09:07:48.222+0000] {processor.py:826} INFO - Processing file /usr/local/python/3.10.13/lib/python3.10/site-packages/airflow/example_dags/example_short_circuit_decorator.py for tasks to queue
[2024-04-02T09:07:48.223+0000] {logging_mixin.py:150} INFO - [2024-04-02T09:07:48.223+0000] {dagbag.py:541} INFO - Filling up the DagBag from /usr/local/python/3.10.13/lib/python3.10/site-packages/airflow/example_dags/example_short_circuit_decorator.py
[2024-04-02T09:07:48.230+0000] {processor.py:836} INFO - DAG(s) dict_keys(['example_short_circuit_decorator']) retrieved from /usr/local/python/3.10.13/lib/python3.10/site-packages/airflow/example_dags/example_short_circuit_decorator.py
[2024-04-02T09:07:48.244+0000] {logging_mixin.py:150} INFO - [2024-04-02T09:07:48.243+0000] {dag.py:2742} INFO - Sync 1 DAGs
[2024-04-02T09:07:48.259+0000] {logging_mixin.py:150} INFO - [2024-04-02T09:07:48.259+0000] {dag.py:3504} INFO - Setting next_dagrun for example_short_circuit_decorator to 2024-04-01T09:07:48.258922+00:00, run_after=2024-04-02T09:07:48.258922+00:00
[2024-04-02T09:07:48.298+0000] {processor.py:179} INFO - Processing /usr/local/python/3.10.13/lib/python3.10/site-packages/airflow/example_dags/example_short_circuit_decorator.py took 0.079 seconds
[2024-04-02T09:08:41.972+0000] {processor.py:157} INFO - Started process (PID=18266) to work on /usr/local/python/3.10.13/lib/python3.10/site-packages/airflow/example_dags/example_short_circuit_decorator.py
[2024-04-02T09:08:41.972+0000] {processor.py:826} INFO - Processing file /usr/local/python/3.10.13/lib/python3.10/site-packages/airflow/example_dags/example_short_circuit_decorator.py for tasks to queue
[2024-04-02T09:08:41.973+0000] {logging_mixin.py:150} INFO - [2024-04-02T09:08:41.973+0000] {dagbag.py:541} INFO - Filling up the DagBag from /usr/local/python/3.10.13/lib/python3.10/site-packages/airflow/example_dags/example_short_circuit_decorator.py
[2024-04-02T09:08:41.980+0000] {processor.py:836} INFO - DAG(s) dict_keys(['example_short_circuit_decorator']) retrieved from /usr/local/python/3.10.13/lib/python3.10/site-packages/airflow/example_dags/example_short_circuit_decorator.py
[2024-04-02T09:08:41.994+0000] {logging_mixin.py:150} INFO - [2024-04-02T09:08:41.994+0000] {dag.py:2742} INFO - Sync 1 DAGs
[2024-04-02T09:08:42.010+0000] {logging_mixin.py:150} INFO - [2024-04-02T09:08:42.010+0000] {dag.py:3504} INFO - Setting next_dagrun for example_short_circuit_decorator to 2024-04-01T09:08:42.009971+00:00, run_after=2024-04-02T09:08:42.009971+00:00
[2024-04-02T09:08:42.055+0000] {processor.py:179} INFO - Processing /usr/local/python/3.10.13/lib/python3.10/site-packages/airflow/example_dags/example_short_circuit_decorator.py took 0.085 seconds
[2024-04-02T09:09:38.706+0000] {processor.py:157} INFO - Started process (PID=18672) to work on /usr/local/python/3.10.13/lib/python3.10/site-packages/airflow/example_dags/example_short_circuit_decorator.py
[2024-04-02T09:09:38.707+0000] {processor.py:826} INFO - Processing file /usr/local/python/3.10.13/lib/python3.10/site-packages/airflow/example_dags/example_short_circuit_decorator.py for tasks to queue
[2024-04-02T09:09:38.708+0000] {logging_mixin.py:150} INFO - [2024-04-02T09:09:38.708+0000] {dagbag.py:541} INFO - Filling up the DagBag from /usr/local/python/3.10.13/lib/python3.10/site-packages/airflow/example_dags/example_short_circuit_decorator.py
[2024-04-02T09:09:38.720+0000] {processor.py:836} INFO - DAG(s) dict_keys(['example_short_circuit_decorator']) retrieved from /usr/local/python/3.10.13/lib/python3.10/site-packages/airflow/example_dags/example_short_circuit_decorator.py
[2024-04-02T09:09:38.742+0000] {logging_mixin.py:150} INFO - [2024-04-02T09:09:38.741+0000] {dag.py:2742} INFO - Sync 1 DAGs
[2024-04-02T09:09:38.766+0000] {logging_mixin.py:150} INFO - [2024-04-02T09:09:38.766+0000] {dag.py:3504} INFO - Setting next_dagrun for example_short_circuit_decorator to 2024-04-01T09:09:38.765865+00:00, run_after=2024-04-02T09:09:38.765865+00:00
[2024-04-02T09:09:38.812+0000] {processor.py:179} INFO - Processing /usr/local/python/3.10.13/lib/python3.10/site-packages/airflow/example_dags/example_short_circuit_decorator.py took 0.110 seconds
[2024-04-02T09:10:37.718+0000] {processor.py:157} INFO - Started process (PID=19068) to work on /usr/local/python/3.10.13/lib/python3.10/site-packages/airflow/example_dags/example_short_circuit_decorator.py
[2024-04-02T09:10:37.719+0000] {processor.py:826} INFO - Processing file /usr/local/python/3.10.13/lib/python3.10/site-packages/airflow/example_dags/example_short_circuit_decorator.py for tasks to queue
[2024-04-02T09:10:37.720+0000] {logging_mixin.py:150} INFO - [2024-04-02T09:10:37.719+0000] {dagbag.py:541} INFO - Filling up the DagBag from /usr/local/python/3.10.13/lib/python3.10/site-packages/airflow/example_dags/example_short_circuit_decorator.py
[2024-04-02T09:10:37.727+0000] {processor.py:836} INFO - DAG(s) dict_keys(['example_short_circuit_decorator']) retrieved from /usr/local/python/3.10.13/lib/python3.10/site-packages/airflow/example_dags/example_short_circuit_decorator.py
[2024-04-02T09:10:37.742+0000] {logging_mixin.py:150} INFO - [2024-04-02T09:10:37.742+0000] {dag.py:2742} INFO - Sync 1 DAGs
[2024-04-02T09:10:37.759+0000] {logging_mixin.py:150} INFO - [2024-04-02T09:10:37.759+0000] {dag.py:3504} INFO - Setting next_dagrun for example_short_circuit_decorator to 2024-04-01T09:10:37.759235+00:00, run_after=2024-04-02T09:10:37.759235+00:00
[2024-04-02T09:10:37.813+0000] {processor.py:179} INFO - Processing /usr/local/python/3.10.13/lib/python3.10/site-packages/airflow/example_dags/example_short_circuit_decorator.py took 0.098 seconds
[2024-04-02T09:11:37.379+0000] {processor.py:157} INFO - Started process (PID=19478) to work on /usr/local/python/3.10.13/lib/python3.10/site-packages/airflow/example_dags/example_short_circuit_decorator.py
[2024-04-02T09:11:37.384+0000] {processor.py:826} INFO - Processing file /usr/local/python/3.10.13/lib/python3.10/site-packages/airflow/example_dags/example_short_circuit_decorator.py for tasks to queue
[2024-04-02T09:11:37.385+0000] {logging_mixin.py:150} INFO - [2024-04-02T09:11:37.385+0000] {dagbag.py:541} INFO - Filling up the DagBag from /usr/local/python/3.10.13/lib/python3.10/site-packages/airflow/example_dags/example_short_circuit_decorator.py
[2024-04-02T09:11:37.397+0000] {processor.py:836} INFO - DAG(s) dict_keys(['example_short_circuit_decorator']) retrieved from /usr/local/python/3.10.13/lib/python3.10/site-packages/airflow/example_dags/example_short_circuit_decorator.py
[2024-04-02T09:11:37.419+0000] {logging_mixin.py:150} INFO - [2024-04-02T09:11:37.419+0000] {dag.py:2742} INFO - Sync 1 DAGs
[2024-04-02T09:11:37.444+0000] {logging_mixin.py:150} INFO - [2024-04-02T09:11:37.443+0000] {dag.py:3504} INFO - Setting next_dagrun for example_short_circuit_decorator to 2024-04-01T09:11:37.443604+00:00, run_after=2024-04-02T09:11:37.443604+00:00
[2024-04-02T09:11:37.491+0000] {processor.py:179} INFO - Processing /usr/local/python/3.10.13/lib/python3.10/site-packages/airflow/example_dags/example_short_circuit_decorator.py took 0.116 seconds
[2024-04-02T09:12:37.075+0000] {processor.py:157} INFO - Started process (PID=19888) to work on /usr/local/python/3.10.13/lib/python3.10/site-packages/airflow/example_dags/example_short_circuit_decorator.py
[2024-04-02T09:12:37.076+0000] {processor.py:826} INFO - Processing file /usr/local/python/3.10.13/lib/python3.10/site-packages/airflow/example_dags/example_short_circuit_decorator.py for tasks to queue
[2024-04-02T09:12:37.077+0000] {logging_mixin.py:150} INFO - [2024-04-02T09:12:37.077+0000] {dagbag.py:541} INFO - Filling up the DagBag from /usr/local/python/3.10.13/lib/python3.10/site-packages/airflow/example_dags/example_short_circuit_decorator.py
[2024-04-02T09:12:37.084+0000] {processor.py:836} INFO - DAG(s) dict_keys(['example_short_circuit_decorator']) retrieved from /usr/local/python/3.10.13/lib/python3.10/site-packages/airflow/example_dags/example_short_circuit_decorator.py
[2024-04-02T09:12:37.099+0000] {logging_mixin.py:150} INFO - [2024-04-02T09:12:37.098+0000] {dag.py:2742} INFO - Sync 1 DAGs
[2024-04-02T09:12:37.114+0000] {logging_mixin.py:150} INFO - [2024-04-02T09:12:37.114+0000] {dag.py:3504} INFO - Setting next_dagrun for example_short_circuit_decorator to 2024-04-01T09:12:37.114244+00:00, run_after=2024-04-02T09:12:37.114244+00:00
[2024-04-02T09:12:37.152+0000] {processor.py:179} INFO - Processing /usr/local/python/3.10.13/lib/python3.10/site-packages/airflow/example_dags/example_short_circuit_decorator.py took 0.079 seconds
[2024-04-02T09:13:17.836+0000] {processor.py:157} INFO - Started process (PID=20163) to work on /usr/local/python/3.10.13/lib/python3.10/site-packages/airflow/example_dags/example_short_circuit_decorator.py
[2024-04-02T09:13:17.837+0000] {processor.py:826} INFO - Processing file /usr/local/python/3.10.13/lib/python3.10/site-packages/airflow/example_dags/example_short_circuit_decorator.py for tasks to queue
[2024-04-02T09:13:17.837+0000] {logging_mixin.py:150} INFO - [2024-04-02T09:13:17.837+0000] {dagbag.py:541} INFO - Filling up the DagBag from /usr/local/python/3.10.13/lib/python3.10/site-packages/airflow/example_dags/example_short_circuit_decorator.py
[2024-04-02T09:13:17.845+0000] {processor.py:836} INFO - DAG(s) dict_keys(['example_short_circuit_decorator']) retrieved from /usr/local/python/3.10.13/lib/python3.10/site-packages/airflow/example_dags/example_short_circuit_decorator.py
[2024-04-02T09:13:17.859+0000] {logging_mixin.py:150} INFO - [2024-04-02T09:13:17.859+0000] {dag.py:2742} INFO - Sync 1 DAGs
[2024-04-02T09:13:17.874+0000] {logging_mixin.py:150} INFO - [2024-04-02T09:13:17.874+0000] {dag.py:3504} INFO - Setting next_dagrun for example_short_circuit_decorator to 2024-04-01T09:13:17.874680+00:00, run_after=2024-04-02T09:13:17.874680+00:00
[2024-04-02T09:13:17.912+0000] {processor.py:179} INFO - Processing /usr/local/python/3.10.13/lib/python3.10/site-packages/airflow/example_dags/example_short_circuit_decorator.py took 0.079 seconds
[2024-04-02T09:14:11.452+0000] {processor.py:157} INFO - Started process (PID=20532) to work on /usr/local/python/3.10.13/lib/python3.10/site-packages/airflow/example_dags/example_short_circuit_decorator.py
[2024-04-02T09:14:11.453+0000] {processor.py:826} INFO - Processing file /usr/local/python/3.10.13/lib/python3.10/site-packages/airflow/example_dags/example_short_circuit_decorator.py for tasks to queue
[2024-04-02T09:14:11.454+0000] {logging_mixin.py:150} INFO - [2024-04-02T09:14:11.454+0000] {dagbag.py:541} INFO - Filling up the DagBag from /usr/local/python/3.10.13/lib/python3.10/site-packages/airflow/example_dags/example_short_circuit_decorator.py
[2024-04-02T09:14:11.466+0000] {processor.py:836} INFO - DAG(s) dict_keys(['example_short_circuit_decorator']) retrieved from /usr/local/python/3.10.13/lib/python3.10/site-packages/airflow/example_dags/example_short_circuit_decorator.py
[2024-04-02T09:14:11.488+0000] {logging_mixin.py:150} INFO - [2024-04-02T09:14:11.488+0000] {dag.py:2742} INFO - Sync 1 DAGs
[2024-04-02T09:14:11.512+0000] {logging_mixin.py:150} INFO - [2024-04-02T09:14:11.512+0000] {dag.py:3504} INFO - Setting next_dagrun for example_short_circuit_decorator to 2024-04-01T09:14:11.512073+00:00, run_after=2024-04-02T09:14:11.512073+00:00
[2024-04-02T09:14:11.557+0000] {processor.py:179} INFO - Processing /usr/local/python/3.10.13/lib/python3.10/site-packages/airflow/example_dags/example_short_circuit_decorator.py took 0.108 seconds
[2024-04-02T09:15:01.644+0000] {processor.py:157} INFO - Started process (PID=20906) to work on /usr/local/python/3.10.13/lib/python3.10/site-packages/airflow/example_dags/example_short_circuit_decorator.py
[2024-04-02T09:15:01.645+0000] {processor.py:826} INFO - Processing file /usr/local/python/3.10.13/lib/python3.10/site-packages/airflow/example_dags/example_short_circuit_decorator.py for tasks to queue
[2024-04-02T09:15:01.646+0000] {logging_mixin.py:150} INFO - [2024-04-02T09:15:01.646+0000] {dagbag.py:541} INFO - Filling up the DagBag from /usr/local/python/3.10.13/lib/python3.10/site-packages/airflow/example_dags/example_short_circuit_decorator.py
[2024-04-02T09:15:01.658+0000] {processor.py:836} INFO - DAG(s) dict_keys(['example_short_circuit_decorator']) retrieved from /usr/local/python/3.10.13/lib/python3.10/site-packages/airflow/example_dags/example_short_circuit_decorator.py
[2024-04-02T09:15:01.679+0000] {logging_mixin.py:150} INFO - [2024-04-02T09:15:01.678+0000] {dag.py:2742} INFO - Sync 1 DAGs
[2024-04-02T09:15:01.705+0000] {logging_mixin.py:150} INFO - [2024-04-02T09:15:01.705+0000] {dag.py:3504} INFO - Setting next_dagrun for example_short_circuit_decorator to 2024-04-01T09:15:01.704915+00:00, run_after=2024-04-02T09:15:01.704915+00:00
[2024-04-02T09:15:01.748+0000] {processor.py:179} INFO - Processing /usr/local/python/3.10.13/lib/python3.10/site-packages/airflow/example_dags/example_short_circuit_decorator.py took 0.107 seconds
[2024-04-02T09:15:56.314+0000] {processor.py:157} INFO - Started process (PID=21269) to work on /usr/local/python/3.10.13/lib/python3.10/site-packages/airflow/example_dags/example_short_circuit_decorator.py
[2024-04-02T09:15:56.315+0000] {processor.py:826} INFO - Processing file /usr/local/python/3.10.13/lib/python3.10/site-packages/airflow/example_dags/example_short_circuit_decorator.py for tasks to queue
[2024-04-02T09:15:56.316+0000] {logging_mixin.py:150} INFO - [2024-04-02T09:15:56.315+0000] {dagbag.py:541} INFO - Filling up the DagBag from /usr/local/python/3.10.13/lib/python3.10/site-packages/airflow/example_dags/example_short_circuit_decorator.py
[2024-04-02T09:15:56.323+0000] {processor.py:836} INFO - DAG(s) dict_keys(['example_short_circuit_decorator']) retrieved from /usr/local/python/3.10.13/lib/python3.10/site-packages/airflow/example_dags/example_short_circuit_decorator.py
[2024-04-02T09:15:56.337+0000] {logging_mixin.py:150} INFO - [2024-04-02T09:15:56.337+0000] {dag.py:2742} INFO - Sync 1 DAGs
[2024-04-02T09:15:56.352+0000] {logging_mixin.py:150} INFO - [2024-04-02T09:15:56.352+0000] {dag.py:3504} INFO - Setting next_dagrun for example_short_circuit_decorator to 2024-04-01T09:15:56.352365+00:00, run_after=2024-04-02T09:15:56.352365+00:00
[2024-04-02T09:15:56.395+0000] {processor.py:179} INFO - Processing /usr/local/python/3.10.13/lib/python3.10/site-packages/airflow/example_dags/example_short_circuit_decorator.py took 0.083 seconds
[2024-04-02T09:16:55.923+0000] {processor.py:157} INFO - Started process (PID=21685) to work on /usr/local/python/3.10.13/lib/python3.10/site-packages/airflow/example_dags/example_short_circuit_decorator.py
[2024-04-02T09:16:55.924+0000] {processor.py:826} INFO - Processing file /usr/local/python/3.10.13/lib/python3.10/site-packages/airflow/example_dags/example_short_circuit_decorator.py for tasks to queue
[2024-04-02T09:16:55.925+0000] {logging_mixin.py:150} INFO - [2024-04-02T09:16:55.925+0000] {dagbag.py:541} INFO - Filling up the DagBag from /usr/local/python/3.10.13/lib/python3.10/site-packages/airflow/example_dags/example_short_circuit_decorator.py
[2024-04-02T09:16:55.933+0000] {processor.py:836} INFO - DAG(s) dict_keys(['example_short_circuit_decorator']) retrieved from /usr/local/python/3.10.13/lib/python3.10/site-packages/airflow/example_dags/example_short_circuit_decorator.py
[2024-04-02T09:16:55.947+0000] {logging_mixin.py:150} INFO - [2024-04-02T09:16:55.947+0000] {dag.py:2742} INFO - Sync 1 DAGs
[2024-04-02T09:16:55.963+0000] {logging_mixin.py:150} INFO - [2024-04-02T09:16:55.963+0000] {dag.py:3504} INFO - Setting next_dagrun for example_short_circuit_decorator to 2024-04-01T09:16:55.963005+00:00, run_after=2024-04-02T09:16:55.963005+00:00
[2024-04-02T09:16:56.004+0000] {processor.py:179} INFO - Processing /usr/local/python/3.10.13/lib/python3.10/site-packages/airflow/example_dags/example_short_circuit_decorator.py took 0.083 seconds
[2024-04-02T09:17:35.230+0000] {processor.py:157} INFO - Started process (PID=21955) to work on /usr/local/python/3.10.13/lib/python3.10/site-packages/airflow/example_dags/example_short_circuit_decorator.py
[2024-04-02T09:17:35.230+0000] {processor.py:826} INFO - Processing file /usr/local/python/3.10.13/lib/python3.10/site-packages/airflow/example_dags/example_short_circuit_decorator.py for tasks to queue
[2024-04-02T09:17:35.231+0000] {logging_mixin.py:150} INFO - [2024-04-02T09:17:35.231+0000] {dagbag.py:541} INFO - Filling up the DagBag from /usr/local/python/3.10.13/lib/python3.10/site-packages/airflow/example_dags/example_short_circuit_decorator.py
[2024-04-02T09:17:35.238+0000] {processor.py:836} INFO - DAG(s) dict_keys(['example_short_circuit_decorator']) retrieved from /usr/local/python/3.10.13/lib/python3.10/site-packages/airflow/example_dags/example_short_circuit_decorator.py
[2024-04-02T09:17:35.252+0000] {logging_mixin.py:150} INFO - [2024-04-02T09:17:35.252+0000] {dag.py:2742} INFO - Sync 1 DAGs
[2024-04-02T09:17:35.267+0000] {logging_mixin.py:150} INFO - [2024-04-02T09:17:35.267+0000] {dag.py:3504} INFO - Setting next_dagrun for example_short_circuit_decorator to 2024-04-01T09:17:35.266850+00:00, run_after=2024-04-02T09:17:35.266850+00:00
[2024-04-02T09:17:35.305+0000] {processor.py:179} INFO - Processing /usr/local/python/3.10.13/lib/python3.10/site-packages/airflow/example_dags/example_short_circuit_decorator.py took 0.078 seconds
[2024-04-02T09:18:33.722+0000] {processor.py:157} INFO - Started process (PID=22359) to work on /usr/local/python/3.10.13/lib/python3.10/site-packages/airflow/example_dags/example_short_circuit_decorator.py
[2024-04-02T09:18:33.723+0000] {processor.py:826} INFO - Processing file /usr/local/python/3.10.13/lib/python3.10/site-packages/airflow/example_dags/example_short_circuit_decorator.py for tasks to queue
[2024-04-02T09:18:33.724+0000] {logging_mixin.py:150} INFO - [2024-04-02T09:18:33.723+0000] {dagbag.py:541} INFO - Filling up the DagBag from /usr/local/python/3.10.13/lib/python3.10/site-packages/airflow/example_dags/example_short_circuit_decorator.py
[2024-04-02T09:18:33.735+0000] {processor.py:836} INFO - DAG(s) dict_keys(['example_short_circuit_decorator']) retrieved from /usr/local/python/3.10.13/lib/python3.10/site-packages/airflow/example_dags/example_short_circuit_decorator.py
[2024-04-02T09:18:33.751+0000] {logging_mixin.py:150} INFO - [2024-04-02T09:18:33.750+0000] {dag.py:2742} INFO - Sync 1 DAGs
[2024-04-02T09:18:33.766+0000] {logging_mixin.py:150} INFO - [2024-04-02T09:18:33.766+0000] {dag.py:3504} INFO - Setting next_dagrun for example_short_circuit_decorator to 2024-04-01T09:18:33.766474+00:00, run_after=2024-04-02T09:18:33.766474+00:00
[2024-04-02T09:18:33.804+0000] {processor.py:179} INFO - Processing /usr/local/python/3.10.13/lib/python3.10/site-packages/airflow/example_dags/example_short_circuit_decorator.py took 0.086 seconds
[2024-04-02T09:19:14.298+0000] {processor.py:157} INFO - Started process (PID=22629) to work on /usr/local/python/3.10.13/lib/python3.10/site-packages/airflow/example_dags/example_short_circuit_decorator.py
[2024-04-02T09:19:14.299+0000] {processor.py:826} INFO - Processing file /usr/local/python/3.10.13/lib/python3.10/site-packages/airflow/example_dags/example_short_circuit_decorator.py for tasks to queue
[2024-04-02T09:19:14.301+0000] {logging_mixin.py:150} INFO - [2024-04-02T09:19:14.300+0000] {dagbag.py:541} INFO - Filling up the DagBag from /usr/local/python/3.10.13/lib/python3.10/site-packages/airflow/example_dags/example_short_circuit_decorator.py
[2024-04-02T09:19:14.313+0000] {processor.py:836} INFO - DAG(s) dict_keys(['example_short_circuit_decorator']) retrieved from /usr/local/python/3.10.13/lib/python3.10/site-packages/airflow/example_dags/example_short_circuit_decorator.py
[2024-04-02T09:19:14.336+0000] {logging_mixin.py:150} INFO - [2024-04-02T09:19:14.336+0000] {dag.py:2742} INFO - Sync 1 DAGs
[2024-04-02T09:19:14.359+0000] {logging_mixin.py:150} INFO - [2024-04-02T09:19:14.359+0000] {dag.py:3504} INFO - Setting next_dagrun for example_short_circuit_decorator to 2024-04-01T09:19:14.359145+00:00, run_after=2024-04-02T09:19:14.359145+00:00
[2024-04-02T09:19:14.404+0000] {processor.py:179} INFO - Processing /usr/local/python/3.10.13/lib/python3.10/site-packages/airflow/example_dags/example_short_circuit_decorator.py took 0.108 seconds
[2024-04-02T09:20:03.431+0000] {processor.py:157} INFO - Started process (PID=22980) to work on /usr/local/python/3.10.13/lib/python3.10/site-packages/airflow/example_dags/example_short_circuit_decorator.py
[2024-04-02T09:20:03.432+0000] {processor.py:826} INFO - Processing file /usr/local/python/3.10.13/lib/python3.10/site-packages/airflow/example_dags/example_short_circuit_decorator.py for tasks to queue
[2024-04-02T09:20:03.433+0000] {logging_mixin.py:150} INFO - [2024-04-02T09:20:03.433+0000] {dagbag.py:541} INFO - Filling up the DagBag from /usr/local/python/3.10.13/lib/python3.10/site-packages/airflow/example_dags/example_short_circuit_decorator.py
[2024-04-02T09:20:03.445+0000] {processor.py:836} INFO - DAG(s) dict_keys(['example_short_circuit_decorator']) retrieved from /usr/local/python/3.10.13/lib/python3.10/site-packages/airflow/example_dags/example_short_circuit_decorator.py
[2024-04-02T09:20:03.465+0000] {logging_mixin.py:150} INFO - [2024-04-02T09:20:03.465+0000] {dag.py:2742} INFO - Sync 1 DAGs
[2024-04-02T09:20:03.488+0000] {logging_mixin.py:150} INFO - [2024-04-02T09:20:03.487+0000] {dag.py:3504} INFO - Setting next_dagrun for example_short_circuit_decorator to 2024-04-01T09:20:03.487688+00:00, run_after=2024-04-02T09:20:03.487688+00:00
[2024-04-02T09:20:03.534+0000] {processor.py:179} INFO - Processing /usr/local/python/3.10.13/lib/python3.10/site-packages/airflow/example_dags/example_short_circuit_decorator.py took 0.106 seconds
[2024-04-02T09:20:44.179+0000] {processor.py:157} INFO - Started process (PID=23253) to work on /usr/local/python/3.10.13/lib/python3.10/site-packages/airflow/example_dags/example_short_circuit_decorator.py
[2024-04-02T09:20:44.180+0000] {processor.py:826} INFO - Processing file /usr/local/python/3.10.13/lib/python3.10/site-packages/airflow/example_dags/example_short_circuit_decorator.py for tasks to queue
[2024-04-02T09:20:44.181+0000] {logging_mixin.py:150} INFO - [2024-04-02T09:20:44.180+0000] {dagbag.py:541} INFO - Filling up the DagBag from /usr/local/python/3.10.13/lib/python3.10/site-packages/airflow/example_dags/example_short_circuit_decorator.py
[2024-04-02T09:20:44.191+0000] {processor.py:836} INFO - DAG(s) dict_keys(['example_short_circuit_decorator']) retrieved from /usr/local/python/3.10.13/lib/python3.10/site-packages/airflow/example_dags/example_short_circuit_decorator.py
[2024-04-02T09:20:44.216+0000] {logging_mixin.py:150} INFO - [2024-04-02T09:20:44.215+0000] {dag.py:2742} INFO - Sync 1 DAGs
[2024-04-02T09:20:44.240+0000] {logging_mixin.py:150} INFO - [2024-04-02T09:20:44.240+0000] {dag.py:3504} INFO - Setting next_dagrun for example_short_circuit_decorator to 2024-04-01T09:20:44.240112+00:00, run_after=2024-04-02T09:20:44.240112+00:00
[2024-04-02T09:20:44.286+0000] {processor.py:179} INFO - Processing /usr/local/python/3.10.13/lib/python3.10/site-packages/airflow/example_dags/example_short_circuit_decorator.py took 0.109 seconds
[2024-04-02T09:21:36.950+0000] {processor.py:157} INFO - Started process (PID=23613) to work on /usr/local/python/3.10.13/lib/python3.10/site-packages/airflow/example_dags/example_short_circuit_decorator.py
[2024-04-02T09:21:36.951+0000] {processor.py:826} INFO - Processing file /usr/local/python/3.10.13/lib/python3.10/site-packages/airflow/example_dags/example_short_circuit_decorator.py for tasks to queue
[2024-04-02T09:21:36.952+0000] {logging_mixin.py:150} INFO - [2024-04-02T09:21:36.952+0000] {dagbag.py:541} INFO - Filling up the DagBag from /usr/local/python/3.10.13/lib/python3.10/site-packages/airflow/example_dags/example_short_circuit_decorator.py
[2024-04-02T09:21:36.976+0000] {processor.py:836} INFO - DAG(s) dict_keys(['example_short_circuit_decorator']) retrieved from /usr/local/python/3.10.13/lib/python3.10/site-packages/airflow/example_dags/example_short_circuit_decorator.py
[2024-04-02T09:21:37.012+0000] {logging_mixin.py:150} INFO - [2024-04-02T09:21:37.008+0000] {dag.py:2742} INFO - Sync 1 DAGs
[2024-04-02T09:21:37.059+0000] {logging_mixin.py:150} INFO - [2024-04-02T09:21:37.058+0000] {dag.py:3504} INFO - Setting next_dagrun for example_short_circuit_decorator to 2024-04-01T09:21:37.058176+00:00, run_after=2024-04-02T09:21:37.058176+00:00
[2024-04-02T09:21:37.124+0000] {processor.py:179} INFO - Processing /usr/local/python/3.10.13/lib/python3.10/site-packages/airflow/example_dags/example_short_circuit_decorator.py took 0.178 seconds
[2024-04-02T09:22:36.704+0000] {processor.py:157} INFO - Started process (PID=24024) to work on /usr/local/python/3.10.13/lib/python3.10/site-packages/airflow/example_dags/example_short_circuit_decorator.py
[2024-04-02T09:22:36.705+0000] {processor.py:826} INFO - Processing file /usr/local/python/3.10.13/lib/python3.10/site-packages/airflow/example_dags/example_short_circuit_decorator.py for tasks to queue
[2024-04-02T09:22:36.706+0000] {logging_mixin.py:150} INFO - [2024-04-02T09:22:36.705+0000] {dagbag.py:541} INFO - Filling up the DagBag from /usr/local/python/3.10.13/lib/python3.10/site-packages/airflow/example_dags/example_short_circuit_decorator.py
[2024-04-02T09:22:36.713+0000] {processor.py:836} INFO - DAG(s) dict_keys(['example_short_circuit_decorator']) retrieved from /usr/local/python/3.10.13/lib/python3.10/site-packages/airflow/example_dags/example_short_circuit_decorator.py
[2024-04-02T09:22:36.731+0000] {logging_mixin.py:150} INFO - [2024-04-02T09:22:36.731+0000] {dag.py:2742} INFO - Sync 1 DAGs
[2024-04-02T09:22:36.755+0000] {logging_mixin.py:150} INFO - [2024-04-02T09:22:36.755+0000] {dag.py:3504} INFO - Setting next_dagrun for example_short_circuit_decorator to 2024-04-01T09:22:36.754912+00:00, run_after=2024-04-02T09:22:36.754912+00:00
[2024-04-02T09:22:36.801+0000] {processor.py:179} INFO - Processing /usr/local/python/3.10.13/lib/python3.10/site-packages/airflow/example_dags/example_short_circuit_decorator.py took 0.099 seconds
[2024-04-02T09:23:16.633+0000] {processor.py:157} INFO - Started process (PID=24294) to work on /usr/local/python/3.10.13/lib/python3.10/site-packages/airflow/example_dags/example_short_circuit_decorator.py
[2024-04-02T09:23:16.634+0000] {processor.py:826} INFO - Processing file /usr/local/python/3.10.13/lib/python3.10/site-packages/airflow/example_dags/example_short_circuit_decorator.py for tasks to queue
[2024-04-02T09:23:16.634+0000] {logging_mixin.py:150} INFO - [2024-04-02T09:23:16.634+0000] {dagbag.py:541} INFO - Filling up the DagBag from /usr/local/python/3.10.13/lib/python3.10/site-packages/airflow/example_dags/example_short_circuit_decorator.py
[2024-04-02T09:23:16.642+0000] {processor.py:836} INFO - DAG(s) dict_keys(['example_short_circuit_decorator']) retrieved from /usr/local/python/3.10.13/lib/python3.10/site-packages/airflow/example_dags/example_short_circuit_decorator.py
[2024-04-02T09:23:16.655+0000] {logging_mixin.py:150} INFO - [2024-04-02T09:23:16.655+0000] {dag.py:2742} INFO - Sync 1 DAGs
[2024-04-02T09:23:16.670+0000] {logging_mixin.py:150} INFO - [2024-04-02T09:23:16.670+0000] {dag.py:3504} INFO - Setting next_dagrun for example_short_circuit_decorator to 2024-04-01T09:23:16.670517+00:00, run_after=2024-04-02T09:23:16.670517+00:00
[2024-04-02T09:23:16.709+0000] {processor.py:179} INFO - Processing /usr/local/python/3.10.13/lib/python3.10/site-packages/airflow/example_dags/example_short_circuit_decorator.py took 0.078 seconds
[2024-04-02T09:24:17.088+0000] {processor.py:157} INFO - Started process (PID=24703) to work on /usr/local/python/3.10.13/lib/python3.10/site-packages/airflow/example_dags/example_short_circuit_decorator.py
[2024-04-02T09:24:17.091+0000] {processor.py:826} INFO - Processing file /usr/local/python/3.10.13/lib/python3.10/site-packages/airflow/example_dags/example_short_circuit_decorator.py for tasks to queue
[2024-04-02T09:24:17.093+0000] {logging_mixin.py:150} INFO - [2024-04-02T09:24:17.092+0000] {dagbag.py:541} INFO - Filling up the DagBag from /usr/local/python/3.10.13/lib/python3.10/site-packages/airflow/example_dags/example_short_circuit_decorator.py
[2024-04-02T09:24:17.119+0000] {processor.py:836} INFO - DAG(s) dict_keys(['example_short_circuit_decorator']) retrieved from /usr/local/python/3.10.13/lib/python3.10/site-packages/airflow/example_dags/example_short_circuit_decorator.py
[2024-04-02T09:24:17.197+0000] {logging_mixin.py:150} INFO - [2024-04-02T09:24:17.196+0000] {dag.py:2742} INFO - Sync 1 DAGs
[2024-04-02T09:24:17.227+0000] {logging_mixin.py:150} INFO - [2024-04-02T09:24:17.227+0000] {dag.py:3504} INFO - Setting next_dagrun for example_short_circuit_decorator to 2024-04-01T09:24:17.227116+00:00, run_after=2024-04-02T09:24:17.227116+00:00
[2024-04-02T09:24:17.274+0000] {processor.py:179} INFO - Processing /usr/local/python/3.10.13/lib/python3.10/site-packages/airflow/example_dags/example_short_circuit_decorator.py took 0.194 seconds
[2024-04-02T09:24:58.671+0000] {processor.py:157} INFO - Started process (PID=25017) to work on /usr/local/python/3.10.13/lib/python3.10/site-packages/airflow/example_dags/example_short_circuit_decorator.py
[2024-04-02T09:24:58.672+0000] {processor.py:826} INFO - Processing file /usr/local/python/3.10.13/lib/python3.10/site-packages/airflow/example_dags/example_short_circuit_decorator.py for tasks to queue
[2024-04-02T09:24:58.673+0000] {logging_mixin.py:150} INFO - [2024-04-02T09:24:58.673+0000] {dagbag.py:541} INFO - Filling up the DagBag from /usr/local/python/3.10.13/lib/python3.10/site-packages/airflow/example_dags/example_short_circuit_decorator.py
[2024-04-02T09:24:58.685+0000] {processor.py:836} INFO - DAG(s) dict_keys(['example_short_circuit_decorator']) retrieved from /usr/local/python/3.10.13/lib/python3.10/site-packages/airflow/example_dags/example_short_circuit_decorator.py
[2024-04-02T09:24:58.708+0000] {logging_mixin.py:150} INFO - [2024-04-02T09:24:58.708+0000] {dag.py:2742} INFO - Sync 1 DAGs
[2024-04-02T09:24:58.732+0000] {logging_mixin.py:150} INFO - [2024-04-02T09:24:58.732+0000] {dag.py:3504} INFO - Setting next_dagrun for example_short_circuit_decorator to 2024-04-01T09:24:58.731867+00:00, run_after=2024-04-02T09:24:58.731867+00:00
[2024-04-02T09:24:58.777+0000] {processor.py:179} INFO - Processing /usr/local/python/3.10.13/lib/python3.10/site-packages/airflow/example_dags/example_short_circuit_decorator.py took 0.109 seconds
[2024-04-02T09:25:39.539+0000] {processor.py:157} INFO - Started process (PID=25301) to work on /usr/local/python/3.10.13/lib/python3.10/site-packages/airflow/example_dags/example_short_circuit_decorator.py
[2024-04-02T09:25:39.540+0000] {processor.py:826} INFO - Processing file /usr/local/python/3.10.13/lib/python3.10/site-packages/airflow/example_dags/example_short_circuit_decorator.py for tasks to queue
[2024-04-02T09:25:39.541+0000] {logging_mixin.py:150} INFO - [2024-04-02T09:25:39.541+0000] {dagbag.py:541} INFO - Filling up the DagBag from /usr/local/python/3.10.13/lib/python3.10/site-packages/airflow/example_dags/example_short_circuit_decorator.py
[2024-04-02T09:25:39.549+0000] {processor.py:836} INFO - DAG(s) dict_keys(['example_short_circuit_decorator']) retrieved from /usr/local/python/3.10.13/lib/python3.10/site-packages/airflow/example_dags/example_short_circuit_decorator.py
[2024-04-02T09:25:39.563+0000] {logging_mixin.py:150} INFO - [2024-04-02T09:25:39.563+0000] {dag.py:2742} INFO - Sync 1 DAGs
[2024-04-02T09:25:39.578+0000] {logging_mixin.py:150} INFO - [2024-04-02T09:25:39.578+0000] {dag.py:3504} INFO - Setting next_dagrun for example_short_circuit_decorator to 2024-04-01T09:25:39.578317+00:00, run_after=2024-04-02T09:25:39.578317+00:00
[2024-04-02T09:25:39.619+0000] {processor.py:179} INFO - Processing /usr/local/python/3.10.13/lib/python3.10/site-packages/airflow/example_dags/example_short_circuit_decorator.py took 0.083 seconds
[2024-04-02T09:26:24.595+0000] {processor.py:157} INFO - Started process (PID=25608) to work on /usr/local/python/3.10.13/lib/python3.10/site-packages/airflow/example_dags/example_short_circuit_decorator.py
[2024-04-02T09:26:24.596+0000] {processor.py:826} INFO - Processing file /usr/local/python/3.10.13/lib/python3.10/site-packages/airflow/example_dags/example_short_circuit_decorator.py for tasks to queue
[2024-04-02T09:26:24.596+0000] {logging_mixin.py:150} INFO - [2024-04-02T09:26:24.596+0000] {dagbag.py:541} INFO - Filling up the DagBag from /usr/local/python/3.10.13/lib/python3.10/site-packages/airflow/example_dags/example_short_circuit_decorator.py
[2024-04-02T09:26:24.604+0000] {processor.py:836} INFO - DAG(s) dict_keys(['example_short_circuit_decorator']) retrieved from /usr/local/python/3.10.13/lib/python3.10/site-packages/airflow/example_dags/example_short_circuit_decorator.py
[2024-04-02T09:26:24.618+0000] {logging_mixin.py:150} INFO - [2024-04-02T09:26:24.618+0000] {dag.py:2742} INFO - Sync 1 DAGs
[2024-04-02T09:26:24.633+0000] {logging_mixin.py:150} INFO - [2024-04-02T09:26:24.633+0000] {dag.py:3504} INFO - Setting next_dagrun for example_short_circuit_decorator to 2024-04-01T09:26:24.633204+00:00, run_after=2024-04-02T09:26:24.633204+00:00
[2024-04-02T09:26:24.672+0000] {processor.py:179} INFO - Processing /usr/local/python/3.10.13/lib/python3.10/site-packages/airflow/example_dags/example_short_circuit_decorator.py took 0.079 seconds
[2024-04-02T09:27:05.563+0000] {processor.py:157} INFO - Started process (PID=25887) to work on /usr/local/python/3.10.13/lib/python3.10/site-packages/airflow/example_dags/example_short_circuit_decorator.py
[2024-04-02T09:27:05.564+0000] {processor.py:826} INFO - Processing file /usr/local/python/3.10.13/lib/python3.10/site-packages/airflow/example_dags/example_short_circuit_decorator.py for tasks to queue
[2024-04-02T09:27:05.564+0000] {logging_mixin.py:150} INFO - [2024-04-02T09:27:05.564+0000] {dagbag.py:541} INFO - Filling up the DagBag from /usr/local/python/3.10.13/lib/python3.10/site-packages/airflow/example_dags/example_short_circuit_decorator.py
[2024-04-02T09:27:05.572+0000] {processor.py:836} INFO - DAG(s) dict_keys(['example_short_circuit_decorator']) retrieved from /usr/local/python/3.10.13/lib/python3.10/site-packages/airflow/example_dags/example_short_circuit_decorator.py
[2024-04-02T09:27:05.585+0000] {logging_mixin.py:150} INFO - [2024-04-02T09:27:05.585+0000] {dag.py:2742} INFO - Sync 1 DAGs
[2024-04-02T09:27:05.685+0000] {logging_mixin.py:150} INFO - [2024-04-02T09:27:05.684+0000] {dag.py:3504} INFO - Setting next_dagrun for example_short_circuit_decorator to 2024-04-01T09:27:05.684724+00:00, run_after=2024-04-02T09:27:05.684724+00:00
[2024-04-02T09:27:05.722+0000] {processor.py:179} INFO - Processing /usr/local/python/3.10.13/lib/python3.10/site-packages/airflow/example_dags/example_short_circuit_decorator.py took 0.161 seconds
[2024-04-02T09:28:05.602+0000] {processor.py:157} INFO - Started process (PID=26286) to work on /usr/local/python/3.10.13/lib/python3.10/site-packages/airflow/example_dags/example_short_circuit_decorator.py
[2024-04-02T09:28:05.604+0000] {processor.py:826} INFO - Processing file /usr/local/python/3.10.13/lib/python3.10/site-packages/airflow/example_dags/example_short_circuit_decorator.py for tasks to queue
[2024-04-02T09:28:05.605+0000] {logging_mixin.py:150} INFO - [2024-04-02T09:28:05.604+0000] {dagbag.py:541} INFO - Filling up the DagBag from /usr/local/python/3.10.13/lib/python3.10/site-packages/airflow/example_dags/example_short_circuit_decorator.py
[2024-04-02T09:28:05.626+0000] {processor.py:836} INFO - DAG(s) dict_keys(['example_short_circuit_decorator']) retrieved from /usr/local/python/3.10.13/lib/python3.10/site-packages/airflow/example_dags/example_short_circuit_decorator.py
[2024-04-02T09:28:05.651+0000] {logging_mixin.py:150} INFO - [2024-04-02T09:28:05.650+0000] {dag.py:2742} INFO - Sync 1 DAGs
[2024-04-02T09:28:05.850+0000] {logging_mixin.py:150} INFO - [2024-04-02T09:28:05.850+0000] {dag.py:3504} INFO - Setting next_dagrun for example_short_circuit_decorator to 2024-04-01T09:28:05.850401+00:00, run_after=2024-04-02T09:28:05.850401+00:00
[2024-04-02T09:28:05.889+0000] {processor.py:179} INFO - Processing /usr/local/python/3.10.13/lib/python3.10/site-packages/airflow/example_dags/example_short_circuit_decorator.py took 0.290 seconds
[2024-04-02T09:28:46.896+0000] {processor.py:157} INFO - Started process (PID=26572) to work on /usr/local/python/3.10.13/lib/python3.10/site-packages/airflow/example_dags/example_short_circuit_decorator.py
[2024-04-02T09:28:46.897+0000] {processor.py:826} INFO - Processing file /usr/local/python/3.10.13/lib/python3.10/site-packages/airflow/example_dags/example_short_circuit_decorator.py for tasks to queue
[2024-04-02T09:28:46.898+0000] {logging_mixin.py:150} INFO - [2024-04-02T09:28:46.897+0000] {dagbag.py:541} INFO - Filling up the DagBag from /usr/local/python/3.10.13/lib/python3.10/site-packages/airflow/example_dags/example_short_circuit_decorator.py
[2024-04-02T09:28:46.905+0000] {processor.py:836} INFO - DAG(s) dict_keys(['example_short_circuit_decorator']) retrieved from /usr/local/python/3.10.13/lib/python3.10/site-packages/airflow/example_dags/example_short_circuit_decorator.py
[2024-04-02T09:28:46.919+0000] {logging_mixin.py:150} INFO - [2024-04-02T09:28:46.919+0000] {dag.py:2742} INFO - Sync 1 DAGs
[2024-04-02T09:28:46.934+0000] {logging_mixin.py:150} INFO - [2024-04-02T09:28:46.934+0000] {dag.py:3504} INFO - Setting next_dagrun for example_short_circuit_decorator to 2024-04-01T09:28:46.934071+00:00, run_after=2024-04-02T09:28:46.934071+00:00
[2024-04-02T09:28:46.973+0000] {processor.py:179} INFO - Processing /usr/local/python/3.10.13/lib/python3.10/site-packages/airflow/example_dags/example_short_circuit_decorator.py took 0.079 seconds
[2024-04-02T09:29:27.884+0000] {processor.py:157} INFO - Started process (PID=26843) to work on /usr/local/python/3.10.13/lib/python3.10/site-packages/airflow/example_dags/example_short_circuit_decorator.py
[2024-04-02T09:29:27.894+0000] {processor.py:826} INFO - Processing file /usr/local/python/3.10.13/lib/python3.10/site-packages/airflow/example_dags/example_short_circuit_decorator.py for tasks to queue
[2024-04-02T09:29:27.895+0000] {logging_mixin.py:150} INFO - [2024-04-02T09:29:27.894+0000] {dagbag.py:541} INFO - Filling up the DagBag from /usr/local/python/3.10.13/lib/python3.10/site-packages/airflow/example_dags/example_short_circuit_decorator.py
[2024-04-02T09:29:27.930+0000] {processor.py:836} INFO - DAG(s) dict_keys(['example_short_circuit_decorator']) retrieved from /usr/local/python/3.10.13/lib/python3.10/site-packages/airflow/example_dags/example_short_circuit_decorator.py
[2024-04-02T09:29:27.959+0000] {logging_mixin.py:150} INFO - [2024-04-02T09:29:27.959+0000] {dag.py:2742} INFO - Sync 1 DAGs
[2024-04-02T09:29:27.982+0000] {logging_mixin.py:150} INFO - [2024-04-02T09:29:27.982+0000] {dag.py:3504} INFO - Setting next_dagrun for example_short_circuit_decorator to 2024-04-01T09:29:27.982371+00:00, run_after=2024-04-02T09:29:27.982371+00:00
[2024-04-02T09:29:28.038+0000] {processor.py:179} INFO - Processing /usr/local/python/3.10.13/lib/python3.10/site-packages/airflow/example_dags/example_short_circuit_decorator.py took 0.157 seconds
[2024-04-02T09:30:17.066+0000] {processor.py:157} INFO - Started process (PID=27227) to work on /usr/local/python/3.10.13/lib/python3.10/site-packages/airflow/example_dags/example_short_circuit_decorator.py
[2024-04-02T09:30:17.067+0000] {processor.py:826} INFO - Processing file /usr/local/python/3.10.13/lib/python3.10/site-packages/airflow/example_dags/example_short_circuit_decorator.py for tasks to queue
[2024-04-02T09:30:17.068+0000] {logging_mixin.py:150} INFO - [2024-04-02T09:30:17.068+0000] {dagbag.py:541} INFO - Filling up the DagBag from /usr/local/python/3.10.13/lib/python3.10/site-packages/airflow/example_dags/example_short_circuit_decorator.py
[2024-04-02T09:30:17.081+0000] {processor.py:836} INFO - DAG(s) dict_keys(['example_short_circuit_decorator']) retrieved from /usr/local/python/3.10.13/lib/python3.10/site-packages/airflow/example_dags/example_short_circuit_decorator.py
[2024-04-02T09:30:17.103+0000] {logging_mixin.py:150} INFO - [2024-04-02T09:30:17.103+0000] {dag.py:2742} INFO - Sync 1 DAGs
[2024-04-02T09:30:17.127+0000] {logging_mixin.py:150} INFO - [2024-04-02T09:30:17.127+0000] {dag.py:3504} INFO - Setting next_dagrun for example_short_circuit_decorator to 2024-04-01T09:30:17.127523+00:00, run_after=2024-04-02T09:30:17.127523+00:00
[2024-04-02T09:30:17.174+0000] {processor.py:179} INFO - Processing /usr/local/python/3.10.13/lib/python3.10/site-packages/airflow/example_dags/example_short_circuit_decorator.py took 0.112 seconds
[2024-04-02T09:30:59.271+0000] {processor.py:157} INFO - Started process (PID=27508) to work on /usr/local/python/3.10.13/lib/python3.10/site-packages/airflow/example_dags/example_short_circuit_decorator.py
[2024-04-02T09:30:59.272+0000] {processor.py:826} INFO - Processing file /usr/local/python/3.10.13/lib/python3.10/site-packages/airflow/example_dags/example_short_circuit_decorator.py for tasks to queue
[2024-04-02T09:30:59.273+0000] {logging_mixin.py:150} INFO - [2024-04-02T09:30:59.272+0000] {dagbag.py:541} INFO - Filling up the DagBag from /usr/local/python/3.10.13/lib/python3.10/site-packages/airflow/example_dags/example_short_circuit_decorator.py
[2024-04-02T09:30:59.281+0000] {processor.py:836} INFO - DAG(s) dict_keys(['example_short_circuit_decorator']) retrieved from /usr/local/python/3.10.13/lib/python3.10/site-packages/airflow/example_dags/example_short_circuit_decorator.py
[2024-04-02T09:30:59.297+0000] {logging_mixin.py:150} INFO - [2024-04-02T09:30:59.297+0000] {dag.py:2742} INFO - Sync 1 DAGs
[2024-04-02T09:30:59.312+0000] {logging_mixin.py:150} INFO - [2024-04-02T09:30:59.312+0000] {dag.py:3504} INFO - Setting next_dagrun for example_short_circuit_decorator to 2024-04-01T09:30:59.312355+00:00, run_after=2024-04-02T09:30:59.312355+00:00
[2024-04-02T09:30:59.354+0000] {processor.py:179} INFO - Processing /usr/local/python/3.10.13/lib/python3.10/site-packages/airflow/example_dags/example_short_circuit_decorator.py took 0.086 seconds
[2024-04-02T09:31:40.870+0000] {processor.py:157} INFO - Started process (PID=27794) to work on /usr/local/python/3.10.13/lib/python3.10/site-packages/airflow/example_dags/example_short_circuit_decorator.py
[2024-04-02T09:31:40.871+0000] {processor.py:826} INFO - Processing file /usr/local/python/3.10.13/lib/python3.10/site-packages/airflow/example_dags/example_short_circuit_decorator.py for tasks to queue
[2024-04-02T09:31:40.871+0000] {logging_mixin.py:150} INFO - [2024-04-02T09:31:40.871+0000] {dagbag.py:541} INFO - Filling up the DagBag from /usr/local/python/3.10.13/lib/python3.10/site-packages/airflow/example_dags/example_short_circuit_decorator.py
[2024-04-02T09:31:40.879+0000] {processor.py:836} INFO - DAG(s) dict_keys(['example_short_circuit_decorator']) retrieved from /usr/local/python/3.10.13/lib/python3.10/site-packages/airflow/example_dags/example_short_circuit_decorator.py
[2024-04-02T09:31:40.892+0000] {logging_mixin.py:150} INFO - [2024-04-02T09:31:40.892+0000] {dag.py:2742} INFO - Sync 1 DAGs
[2024-04-02T09:31:40.908+0000] {logging_mixin.py:150} INFO - [2024-04-02T09:31:40.907+0000] {dag.py:3504} INFO - Setting next_dagrun for example_short_circuit_decorator to 2024-04-01T09:31:40.907712+00:00, run_after=2024-04-02T09:31:40.907712+00:00
[2024-04-02T09:31:40.954+0000] {processor.py:179} INFO - Processing /usr/local/python/3.10.13/lib/python3.10/site-packages/airflow/example_dags/example_short_circuit_decorator.py took 0.086 seconds
[2024-04-02T09:32:39.012+0000] {processor.py:157} INFO - Started process (PID=28193) to work on /usr/local/python/3.10.13/lib/python3.10/site-packages/airflow/example_dags/example_short_circuit_decorator.py
[2024-04-02T09:32:39.012+0000] {processor.py:826} INFO - Processing file /usr/local/python/3.10.13/lib/python3.10/site-packages/airflow/example_dags/example_short_circuit_decorator.py for tasks to queue
[2024-04-02T09:32:39.013+0000] {logging_mixin.py:150} INFO - [2024-04-02T09:32:39.013+0000] {dagbag.py:541} INFO - Filling up the DagBag from /usr/local/python/3.10.13/lib/python3.10/site-packages/airflow/example_dags/example_short_circuit_decorator.py
[2024-04-02T09:32:39.021+0000] {processor.py:836} INFO - DAG(s) dict_keys(['example_short_circuit_decorator']) retrieved from /usr/local/python/3.10.13/lib/python3.10/site-packages/airflow/example_dags/example_short_circuit_decorator.py
[2024-04-02T09:32:39.035+0000] {logging_mixin.py:150} INFO - [2024-04-02T09:32:39.035+0000] {dag.py:2742} INFO - Sync 1 DAGs
[2024-04-02T09:32:39.050+0000] {logging_mixin.py:150} INFO - [2024-04-02T09:32:39.050+0000] {dag.py:3504} INFO - Setting next_dagrun for example_short_circuit_decorator to 2024-04-01T09:32:39.049966+00:00, run_after=2024-04-02T09:32:39.049966+00:00
[2024-04-02T09:32:39.087+0000] {processor.py:179} INFO - Processing /usr/local/python/3.10.13/lib/python3.10/site-packages/airflow/example_dags/example_short_circuit_decorator.py took 0.078 seconds
[2024-04-02T09:33:37.263+0000] {processor.py:157} INFO - Started process (PID=28598) to work on /usr/local/python/3.10.13/lib/python3.10/site-packages/airflow/example_dags/example_short_circuit_decorator.py
[2024-04-02T09:33:37.265+0000] {processor.py:826} INFO - Processing file /usr/local/python/3.10.13/lib/python3.10/site-packages/airflow/example_dags/example_short_circuit_decorator.py for tasks to queue
[2024-04-02T09:33:37.266+0000] {logging_mixin.py:150} INFO - [2024-04-02T09:33:37.265+0000] {dagbag.py:541} INFO - Filling up the DagBag from /usr/local/python/3.10.13/lib/python3.10/site-packages/airflow/example_dags/example_short_circuit_decorator.py
[2024-04-02T09:33:37.277+0000] {processor.py:836} INFO - DAG(s) dict_keys(['example_short_circuit_decorator']) retrieved from /usr/local/python/3.10.13/lib/python3.10/site-packages/airflow/example_dags/example_short_circuit_decorator.py
[2024-04-02T09:33:37.294+0000] {logging_mixin.py:150} INFO - [2024-04-02T09:33:37.294+0000] {dag.py:2742} INFO - Sync 1 DAGs
[2024-04-02T09:33:37.309+0000] {logging_mixin.py:150} INFO - [2024-04-02T09:33:37.309+0000] {dag.py:3504} INFO - Setting next_dagrun for example_short_circuit_decorator to 2024-04-01T09:33:37.309469+00:00, run_after=2024-04-02T09:33:37.309469+00:00
[2024-04-02T09:33:37.350+0000] {processor.py:179} INFO - Processing /usr/local/python/3.10.13/lib/python3.10/site-packages/airflow/example_dags/example_short_circuit_decorator.py took 0.089 seconds
[2024-04-02T09:34:32.843+0000] {processor.py:157} INFO - Started process (PID=28990) to work on /usr/local/python/3.10.13/lib/python3.10/site-packages/airflow/example_dags/example_short_circuit_decorator.py
[2024-04-02T09:34:32.844+0000] {processor.py:826} INFO - Processing file /usr/local/python/3.10.13/lib/python3.10/site-packages/airflow/example_dags/example_short_circuit_decorator.py for tasks to queue
[2024-04-02T09:34:32.845+0000] {logging_mixin.py:150} INFO - [2024-04-02T09:34:32.845+0000] {dagbag.py:541} INFO - Filling up the DagBag from /usr/local/python/3.10.13/lib/python3.10/site-packages/airflow/example_dags/example_short_circuit_decorator.py
[2024-04-02T09:34:32.857+0000] {processor.py:836} INFO - DAG(s) dict_keys(['example_short_circuit_decorator']) retrieved from /usr/local/python/3.10.13/lib/python3.10/site-packages/airflow/example_dags/example_short_circuit_decorator.py
[2024-04-02T09:34:32.884+0000] {logging_mixin.py:150} INFO - [2024-04-02T09:34:32.883+0000] {dag.py:2742} INFO - Sync 1 DAGs
[2024-04-02T09:34:32.908+0000] {logging_mixin.py:150} INFO - [2024-04-02T09:34:32.908+0000] {dag.py:3504} INFO - Setting next_dagrun for example_short_circuit_decorator to 2024-04-01T09:34:32.908506+00:00, run_after=2024-04-02T09:34:32.908506+00:00
[2024-04-02T09:34:32.965+0000] {processor.py:179} INFO - Processing /usr/local/python/3.10.13/lib/python3.10/site-packages/airflow/example_dags/example_short_circuit_decorator.py took 0.126 seconds
[2024-04-02T09:35:13.391+0000] {processor.py:157} INFO - Started process (PID=29274) to work on /usr/local/python/3.10.13/lib/python3.10/site-packages/airflow/example_dags/example_short_circuit_decorator.py
[2024-04-02T09:35:13.392+0000] {processor.py:826} INFO - Processing file /usr/local/python/3.10.13/lib/python3.10/site-packages/airflow/example_dags/example_short_circuit_decorator.py for tasks to queue
[2024-04-02T09:35:13.393+0000] {logging_mixin.py:150} INFO - [2024-04-02T09:35:13.392+0000] {dagbag.py:541} INFO - Filling up the DagBag from /usr/local/python/3.10.13/lib/python3.10/site-packages/airflow/example_dags/example_short_circuit_decorator.py
[2024-04-02T09:35:13.400+0000] {processor.py:836} INFO - DAG(s) dict_keys(['example_short_circuit_decorator']) retrieved from /usr/local/python/3.10.13/lib/python3.10/site-packages/airflow/example_dags/example_short_circuit_decorator.py
[2024-04-02T09:35:13.414+0000] {logging_mixin.py:150} INFO - [2024-04-02T09:35:13.414+0000] {dag.py:2742} INFO - Sync 1 DAGs
[2024-04-02T09:35:13.429+0000] {logging_mixin.py:150} INFO - [2024-04-02T09:35:13.429+0000] {dag.py:3504} INFO - Setting next_dagrun for example_short_circuit_decorator to 2024-04-01T09:35:13.429217+00:00, run_after=2024-04-02T09:35:13.429217+00:00
[2024-04-02T09:35:13.468+0000] {processor.py:179} INFO - Processing /usr/local/python/3.10.13/lib/python3.10/site-packages/airflow/example_dags/example_short_circuit_decorator.py took 0.079 seconds
[2024-04-02T09:36:04.394+0000] {processor.py:157} INFO - Started process (PID=29620) to work on /usr/local/python/3.10.13/lib/python3.10/site-packages/airflow/example_dags/example_short_circuit_decorator.py
[2024-04-02T09:36:04.395+0000] {processor.py:826} INFO - Processing file /usr/local/python/3.10.13/lib/python3.10/site-packages/airflow/example_dags/example_short_circuit_decorator.py for tasks to queue
[2024-04-02T09:36:04.396+0000] {logging_mixin.py:150} INFO - [2024-04-02T09:36:04.395+0000] {dagbag.py:541} INFO - Filling up the DagBag from /usr/local/python/3.10.13/lib/python3.10/site-packages/airflow/example_dags/example_short_circuit_decorator.py
[2024-04-02T09:36:04.404+0000] {processor.py:836} INFO - DAG(s) dict_keys(['example_short_circuit_decorator']) retrieved from /usr/local/python/3.10.13/lib/python3.10/site-packages/airflow/example_dags/example_short_circuit_decorator.py
[2024-04-02T09:36:04.418+0000] {logging_mixin.py:150} INFO - [2024-04-02T09:36:04.418+0000] {dag.py:2742} INFO - Sync 1 DAGs
[2024-04-02T09:36:04.434+0000] {logging_mixin.py:150} INFO - [2024-04-02T09:36:04.434+0000] {dag.py:3504} INFO - Setting next_dagrun for example_short_circuit_decorator to 2024-04-01T09:36:04.433910+00:00, run_after=2024-04-02T09:36:04.433910+00:00
[2024-04-02T09:36:04.472+0000] {processor.py:179} INFO - Processing /usr/local/python/3.10.13/lib/python3.10/site-packages/airflow/example_dags/example_short_circuit_decorator.py took 0.080 seconds
[2024-04-02T09:37:02.230+0000] {processor.py:157} INFO - Started process (PID=30025) to work on /usr/local/python/3.10.13/lib/python3.10/site-packages/airflow/example_dags/example_short_circuit_decorator.py
[2024-04-02T09:37:02.231+0000] {processor.py:826} INFO - Processing file /usr/local/python/3.10.13/lib/python3.10/site-packages/airflow/example_dags/example_short_circuit_decorator.py for tasks to queue
[2024-04-02T09:37:02.232+0000] {logging_mixin.py:150} INFO - [2024-04-02T09:37:02.231+0000] {dagbag.py:541} INFO - Filling up the DagBag from /usr/local/python/3.10.13/lib/python3.10/site-packages/airflow/example_dags/example_short_circuit_decorator.py
[2024-04-02T09:37:02.244+0000] {processor.py:836} INFO - DAG(s) dict_keys(['example_short_circuit_decorator']) retrieved from /usr/local/python/3.10.13/lib/python3.10/site-packages/airflow/example_dags/example_short_circuit_decorator.py
[2024-04-02T09:37:02.266+0000] {logging_mixin.py:150} INFO - [2024-04-02T09:37:02.266+0000] {dag.py:2742} INFO - Sync 1 DAGs
[2024-04-02T09:37:02.291+0000] {logging_mixin.py:150} INFO - [2024-04-02T09:37:02.291+0000] {dag.py:3504} INFO - Setting next_dagrun for example_short_circuit_decorator to 2024-04-01T09:37:02.291033+00:00, run_after=2024-04-02T09:37:02.291033+00:00
[2024-04-02T09:37:02.340+0000] {processor.py:179} INFO - Processing /usr/local/python/3.10.13/lib/python3.10/site-packages/airflow/example_dags/example_short_circuit_decorator.py took 0.113 seconds
[2024-04-02T09:37:56.817+0000] {processor.py:157} INFO - Started process (PID=30393) to work on /usr/local/python/3.10.13/lib/python3.10/site-packages/airflow/example_dags/example_short_circuit_decorator.py
[2024-04-02T09:37:56.818+0000] {processor.py:826} INFO - Processing file /usr/local/python/3.10.13/lib/python3.10/site-packages/airflow/example_dags/example_short_circuit_decorator.py for tasks to queue
[2024-04-02T09:37:56.819+0000] {logging_mixin.py:150} INFO - [2024-04-02T09:37:56.818+0000] {dagbag.py:541} INFO - Filling up the DagBag from /usr/local/python/3.10.13/lib/python3.10/site-packages/airflow/example_dags/example_short_circuit_decorator.py
[2024-04-02T09:37:56.826+0000] {processor.py:836} INFO - DAG(s) dict_keys(['example_short_circuit_decorator']) retrieved from /usr/local/python/3.10.13/lib/python3.10/site-packages/airflow/example_dags/example_short_circuit_decorator.py
[2024-04-02T09:37:56.840+0000] {logging_mixin.py:150} INFO - [2024-04-02T09:37:56.840+0000] {dag.py:2742} INFO - Sync 1 DAGs
[2024-04-02T09:37:56.856+0000] {logging_mixin.py:150} INFO - [2024-04-02T09:37:56.856+0000] {dag.py:3504} INFO - Setting next_dagrun for example_short_circuit_decorator to 2024-04-01T09:37:56.855854+00:00, run_after=2024-04-02T09:37:56.855854+00:00
[2024-04-02T09:37:56.897+0000] {processor.py:179} INFO - Processing /usr/local/python/3.10.13/lib/python3.10/site-packages/airflow/example_dags/example_short_circuit_decorator.py took 0.083 seconds
[2024-04-02T09:38:55.199+0000] {processor.py:157} INFO - Started process (PID=30787) to work on /usr/local/python/3.10.13/lib/python3.10/site-packages/airflow/example_dags/example_short_circuit_decorator.py
[2024-04-02T09:38:55.200+0000] {processor.py:826} INFO - Processing file /usr/local/python/3.10.13/lib/python3.10/site-packages/airflow/example_dags/example_short_circuit_decorator.py for tasks to queue
[2024-04-02T09:38:55.201+0000] {logging_mixin.py:150} INFO - [2024-04-02T09:38:55.200+0000] {dagbag.py:541} INFO - Filling up the DagBag from /usr/local/python/3.10.13/lib/python3.10/site-packages/airflow/example_dags/example_short_circuit_decorator.py
[2024-04-02T09:38:55.208+0000] {processor.py:836} INFO - DAG(s) dict_keys(['example_short_circuit_decorator']) retrieved from /usr/local/python/3.10.13/lib/python3.10/site-packages/airflow/example_dags/example_short_circuit_decorator.py
[2024-04-02T09:38:55.222+0000] {logging_mixin.py:150} INFO - [2024-04-02T09:38:55.222+0000] {dag.py:2742} INFO - Sync 1 DAGs
[2024-04-02T09:38:55.237+0000] {logging_mixin.py:150} INFO - [2024-04-02T09:38:55.237+0000] {dag.py:3504} INFO - Setting next_dagrun for example_short_circuit_decorator to 2024-04-01T09:38:55.237565+00:00, run_after=2024-04-02T09:38:55.237565+00:00
[2024-04-02T09:38:55.277+0000] {processor.py:179} INFO - Processing /usr/local/python/3.10.13/lib/python3.10/site-packages/airflow/example_dags/example_short_circuit_decorator.py took 0.080 seconds
[2024-04-02T09:39:52.512+0000] {processor.py:157} INFO - Started process (PID=31245) to work on /usr/local/python/3.10.13/lib/python3.10/site-packages/airflow/example_dags/example_short_circuit_decorator.py
[2024-04-02T09:39:52.513+0000] {processor.py:826} INFO - Processing file /usr/local/python/3.10.13/lib/python3.10/site-packages/airflow/example_dags/example_short_circuit_decorator.py for tasks to queue
[2024-04-02T09:39:52.514+0000] {logging_mixin.py:150} INFO - [2024-04-02T09:39:52.514+0000] {dagbag.py:541} INFO - Filling up the DagBag from /usr/local/python/3.10.13/lib/python3.10/site-packages/airflow/example_dags/example_short_circuit_decorator.py
[2024-04-02T09:39:52.532+0000] {processor.py:836} INFO - DAG(s) dict_keys(['example_short_circuit_decorator']) retrieved from /usr/local/python/3.10.13/lib/python3.10/site-packages/airflow/example_dags/example_short_circuit_decorator.py
[2024-04-02T09:39:52.575+0000] {logging_mixin.py:150} INFO - [2024-04-02T09:39:52.575+0000] {dag.py:2742} INFO - Sync 1 DAGs
[2024-04-02T09:39:52.605+0000] {logging_mixin.py:150} INFO - [2024-04-02T09:39:52.604+0000] {dag.py:3504} INFO - Setting next_dagrun for example_short_circuit_decorator to 2024-04-01T09:39:52.604573+00:00, run_after=2024-04-02T09:39:52.604573+00:00
[2024-04-02T09:39:52.650+0000] {processor.py:179} INFO - Processing /usr/local/python/3.10.13/lib/python3.10/site-packages/airflow/example_dags/example_short_circuit_decorator.py took 0.142 seconds
[2024-04-02T09:40:48.898+0000] {processor.py:157} INFO - Started process (PID=31616) to work on /usr/local/python/3.10.13/lib/python3.10/site-packages/airflow/example_dags/example_short_circuit_decorator.py
[2024-04-02T09:40:48.899+0000] {processor.py:826} INFO - Processing file /usr/local/python/3.10.13/lib/python3.10/site-packages/airflow/example_dags/example_short_circuit_decorator.py for tasks to queue
[2024-04-02T09:40:48.899+0000] {logging_mixin.py:150} INFO - [2024-04-02T09:40:48.899+0000] {dagbag.py:541} INFO - Filling up the DagBag from /usr/local/python/3.10.13/lib/python3.10/site-packages/airflow/example_dags/example_short_circuit_decorator.py
[2024-04-02T09:40:48.907+0000] {processor.py:836} INFO - DAG(s) dict_keys(['example_short_circuit_decorator']) retrieved from /usr/local/python/3.10.13/lib/python3.10/site-packages/airflow/example_dags/example_short_circuit_decorator.py
[2024-04-02T09:40:48.920+0000] {logging_mixin.py:150} INFO - [2024-04-02T09:40:48.920+0000] {dag.py:2742} INFO - Sync 1 DAGs
[2024-04-02T09:40:48.938+0000] {logging_mixin.py:150} INFO - [2024-04-02T09:40:48.938+0000] {dag.py:3504} INFO - Setting next_dagrun for example_short_circuit_decorator to 2024-04-01T09:40:48.938579+00:00, run_after=2024-04-02T09:40:48.938579+00:00
[2024-04-02T09:40:48.978+0000] {processor.py:179} INFO - Processing /usr/local/python/3.10.13/lib/python3.10/site-packages/airflow/example_dags/example_short_circuit_decorator.py took 0.082 seconds
[2024-04-02T09:41:45.748+0000] {processor.py:157} INFO - Started process (PID=32009) to work on /usr/local/python/3.10.13/lib/python3.10/site-packages/airflow/example_dags/example_short_circuit_decorator.py
[2024-04-02T09:41:45.749+0000] {processor.py:826} INFO - Processing file /usr/local/python/3.10.13/lib/python3.10/site-packages/airflow/example_dags/example_short_circuit_decorator.py for tasks to queue
[2024-04-02T09:41:45.750+0000] {logging_mixin.py:150} INFO - [2024-04-02T09:41:45.750+0000] {dagbag.py:541} INFO - Filling up the DagBag from /usr/local/python/3.10.13/lib/python3.10/site-packages/airflow/example_dags/example_short_circuit_decorator.py
[2024-04-02T09:41:45.774+0000] {processor.py:836} INFO - DAG(s) dict_keys(['example_short_circuit_decorator']) retrieved from /usr/local/python/3.10.13/lib/python3.10/site-packages/airflow/example_dags/example_short_circuit_decorator.py
[2024-04-02T09:41:45.805+0000] {logging_mixin.py:150} INFO - [2024-04-02T09:41:45.804+0000] {dag.py:2742} INFO - Sync 1 DAGs
[2024-04-02T09:41:45.827+0000] {logging_mixin.py:150} INFO - [2024-04-02T09:41:45.827+0000] {dag.py:3504} INFO - Setting next_dagrun for example_short_circuit_decorator to 2024-04-01T09:41:45.827375+00:00, run_after=2024-04-02T09:41:45.827375+00:00
[2024-04-02T09:41:45.879+0000] {processor.py:179} INFO - Processing /usr/local/python/3.10.13/lib/python3.10/site-packages/airflow/example_dags/example_short_circuit_decorator.py took 0.136 seconds
[2024-04-02T09:42:42.733+0000] {processor.py:157} INFO - Started process (PID=32390) to work on /usr/local/python/3.10.13/lib/python3.10/site-packages/airflow/example_dags/example_short_circuit_decorator.py
[2024-04-02T09:42:42.734+0000] {processor.py:826} INFO - Processing file /usr/local/python/3.10.13/lib/python3.10/site-packages/airflow/example_dags/example_short_circuit_decorator.py for tasks to queue
[2024-04-02T09:42:42.735+0000] {logging_mixin.py:150} INFO - [2024-04-02T09:42:42.734+0000] {dagbag.py:541} INFO - Filling up the DagBag from /usr/local/python/3.10.13/lib/python3.10/site-packages/airflow/example_dags/example_short_circuit_decorator.py
[2024-04-02T09:42:42.748+0000] {processor.py:836} INFO - DAG(s) dict_keys(['example_short_circuit_decorator']) retrieved from /usr/local/python/3.10.13/lib/python3.10/site-packages/airflow/example_dags/example_short_circuit_decorator.py
[2024-04-02T09:42:42.770+0000] {logging_mixin.py:150} INFO - [2024-04-02T09:42:42.770+0000] {dag.py:2742} INFO - Sync 1 DAGs
[2024-04-02T09:42:42.797+0000] {logging_mixin.py:150} INFO - [2024-04-02T09:42:42.797+0000] {dag.py:3504} INFO - Setting next_dagrun for example_short_circuit_decorator to 2024-04-01T09:42:42.797516+00:00, run_after=2024-04-02T09:42:42.797516+00:00
[2024-04-02T09:42:42.843+0000] {processor.py:179} INFO - Processing /usr/local/python/3.10.13/lib/python3.10/site-packages/airflow/example_dags/example_short_circuit_decorator.py took 0.114 seconds
[2024-04-02T09:43:23.043+0000] {processor.py:157} INFO - Started process (PID=32666) to work on /usr/local/python/3.10.13/lib/python3.10/site-packages/airflow/example_dags/example_short_circuit_decorator.py
[2024-04-02T09:43:23.044+0000] {processor.py:826} INFO - Processing file /usr/local/python/3.10.13/lib/python3.10/site-packages/airflow/example_dags/example_short_circuit_decorator.py for tasks to queue
[2024-04-02T09:43:23.045+0000] {logging_mixin.py:150} INFO - [2024-04-02T09:43:23.044+0000] {dagbag.py:541} INFO - Filling up the DagBag from /usr/local/python/3.10.13/lib/python3.10/site-packages/airflow/example_dags/example_short_circuit_decorator.py
[2024-04-02T09:43:23.056+0000] {processor.py:836} INFO - DAG(s) dict_keys(['example_short_circuit_decorator']) retrieved from /usr/local/python/3.10.13/lib/python3.10/site-packages/airflow/example_dags/example_short_circuit_decorator.py
[2024-04-02T09:43:23.078+0000] {logging_mixin.py:150} INFO - [2024-04-02T09:43:23.077+0000] {dag.py:2742} INFO - Sync 1 DAGs
[2024-04-02T09:43:23.101+0000] {logging_mixin.py:150} INFO - [2024-04-02T09:43:23.101+0000] {dag.py:3504} INFO - Setting next_dagrun for example_short_circuit_decorator to 2024-04-01T09:43:23.101119+00:00, run_after=2024-04-02T09:43:23.101119+00:00
[2024-04-02T09:43:23.150+0000] {processor.py:179} INFO - Processing /usr/local/python/3.10.13/lib/python3.10/site-packages/airflow/example_dags/example_short_circuit_decorator.py took 0.109 seconds
