[2024-04-02T08:56:39.923+0000] {processor.py:157} INFO - Started process (PID=11256) to work on /usr/local/python/3.10.13/lib/python3.10/site-packages/airflow/example_dags/example_time_delta_sensor_async.py
[2024-04-02T08:56:39.924+0000] {processor.py:826} INFO - Processing file /usr/local/python/3.10.13/lib/python3.10/site-packages/airflow/example_dags/example_time_delta_sensor_async.py for tasks to queue
[2024-04-02T08:56:39.925+0000] {logging_mixin.py:150} INFO - [2024-04-02T08:56:39.924+0000] {dagbag.py:541} INFO - Filling up the DagBag from /usr/local/python/3.10.13/lib/python3.10/site-packages/airflow/example_dags/example_time_delta_sensor_async.py
[2024-04-02T08:56:39.930+0000] {processor.py:836} INFO - DAG(s) dict_keys(['example_time_delta_sensor_async']) retrieved from /usr/local/python/3.10.13/lib/python3.10/site-packages/airflow/example_dags/example_time_delta_sensor_async.py
[2024-04-02T08:56:40.022+0000] {logging_mixin.py:150} INFO - [2024-04-02T08:56:40.022+0000] {dag.py:2742} INFO - Sync 1 DAGs
[2024-04-02T08:56:40.037+0000] {logging_mixin.py:150} INFO - [2024-04-02T08:56:40.037+0000] {dag.py:3504} INFO - Setting next_dagrun for example_time_delta_sensor_async to None, run_after=None
[2024-04-02T08:56:40.080+0000] {processor.py:179} INFO - Processing /usr/local/python/3.10.13/lib/python3.10/site-packages/airflow/example_dags/example_time_delta_sensor_async.py took 0.159 seconds
[2024-04-02T08:57:41.969+0000] {processor.py:157} INFO - Started process (PID=12016) to work on /usr/local/python/3.10.13/lib/python3.10/site-packages/airflow/example_dags/example_time_delta_sensor_async.py
[2024-04-02T08:57:41.970+0000] {processor.py:826} INFO - Processing file /usr/local/python/3.10.13/lib/python3.10/site-packages/airflow/example_dags/example_time_delta_sensor_async.py for tasks to queue
[2024-04-02T08:57:41.971+0000] {logging_mixin.py:150} INFO - [2024-04-02T08:57:41.971+0000] {dagbag.py:541} INFO - Filling up the DagBag from /usr/local/python/3.10.13/lib/python3.10/site-packages/airflow/example_dags/example_time_delta_sensor_async.py
[2024-04-02T08:57:41.977+0000] {processor.py:836} INFO - DAG(s) dict_keys(['example_time_delta_sensor_async']) retrieved from /usr/local/python/3.10.13/lib/python3.10/site-packages/airflow/example_dags/example_time_delta_sensor_async.py
[2024-04-02T08:57:42.188+0000] {logging_mixin.py:150} INFO - [2024-04-02T08:57:42.188+0000] {dag.py:2742} INFO - Sync 1 DAGs
[2024-04-02T08:57:42.205+0000] {logging_mixin.py:150} INFO - [2024-04-02T08:57:42.205+0000] {dag.py:3504} INFO - Setting next_dagrun for example_time_delta_sensor_async to None, run_after=None
[2024-04-02T08:57:42.242+0000] {processor.py:179} INFO - Processing /usr/local/python/3.10.13/lib/python3.10/site-packages/airflow/example_dags/example_time_delta_sensor_async.py took 0.276 seconds
[2024-04-02T08:58:36.717+0000] {processor.py:157} INFO - Started process (PID=12803) to work on /usr/local/python/3.10.13/lib/python3.10/site-packages/airflow/example_dags/example_time_delta_sensor_async.py
[2024-04-02T08:58:36.718+0000] {processor.py:826} INFO - Processing file /usr/local/python/3.10.13/lib/python3.10/site-packages/airflow/example_dags/example_time_delta_sensor_async.py for tasks to queue
[2024-04-02T08:58:36.718+0000] {logging_mixin.py:150} INFO - [2024-04-02T08:58:36.718+0000] {dagbag.py:541} INFO - Filling up the DagBag from /usr/local/python/3.10.13/lib/python3.10/site-packages/airflow/example_dags/example_time_delta_sensor_async.py
[2024-04-02T08:58:36.722+0000] {processor.py:836} INFO - DAG(s) dict_keys(['example_time_delta_sensor_async']) retrieved from /usr/local/python/3.10.13/lib/python3.10/site-packages/airflow/example_dags/example_time_delta_sensor_async.py
[2024-04-02T08:58:36.733+0000] {logging_mixin.py:150} INFO - [2024-04-02T08:58:36.733+0000] {dag.py:2742} INFO - Sync 1 DAGs
[2024-04-02T08:58:36.749+0000] {logging_mixin.py:150} INFO - [2024-04-02T08:58:36.749+0000] {dag.py:3504} INFO - Setting next_dagrun for example_time_delta_sensor_async to None, run_after=None
[2024-04-02T08:58:36.795+0000] {processor.py:179} INFO - Processing /usr/local/python/3.10.13/lib/python3.10/site-packages/airflow/example_dags/example_time_delta_sensor_async.py took 0.081 seconds
[2024-04-02T08:59:35.616+0000] {processor.py:157} INFO - Started process (PID=13579) to work on /usr/local/python/3.10.13/lib/python3.10/site-packages/airflow/example_dags/example_time_delta_sensor_async.py
[2024-04-02T08:59:35.616+0000] {processor.py:826} INFO - Processing file /usr/local/python/3.10.13/lib/python3.10/site-packages/airflow/example_dags/example_time_delta_sensor_async.py for tasks to queue
[2024-04-02T08:59:35.617+0000] {logging_mixin.py:150} INFO - [2024-04-02T08:59:35.617+0000] {dagbag.py:541} INFO - Filling up the DagBag from /usr/local/python/3.10.13/lib/python3.10/site-packages/airflow/example_dags/example_time_delta_sensor_async.py
[2024-04-02T08:59:35.625+0000] {processor.py:836} INFO - DAG(s) dict_keys(['example_time_delta_sensor_async']) retrieved from /usr/local/python/3.10.13/lib/python3.10/site-packages/airflow/example_dags/example_time_delta_sensor_async.py
[2024-04-02T08:59:35.651+0000] {logging_mixin.py:150} INFO - [2024-04-02T08:59:35.651+0000] {dag.py:2742} INFO - Sync 1 DAGs
[2024-04-02T08:59:35.676+0000] {logging_mixin.py:150} INFO - [2024-04-02T08:59:35.676+0000] {dag.py:3504} INFO - Setting next_dagrun for example_time_delta_sensor_async to None, run_after=None
[2024-04-02T08:59:35.724+0000] {processor.py:179} INFO - Processing /usr/local/python/3.10.13/lib/python3.10/site-packages/airflow/example_dags/example_time_delta_sensor_async.py took 0.112 seconds
[2024-04-02T09:00:36.253+0000] {processor.py:157} INFO - Started process (PID=14410) to work on /usr/local/python/3.10.13/lib/python3.10/site-packages/airflow/example_dags/example_time_delta_sensor_async.py
[2024-04-02T09:00:36.254+0000] {processor.py:826} INFO - Processing file /usr/local/python/3.10.13/lib/python3.10/site-packages/airflow/example_dags/example_time_delta_sensor_async.py for tasks to queue
[2024-04-02T09:00:36.255+0000] {logging_mixin.py:150} INFO - [2024-04-02T09:00:36.255+0000] {dagbag.py:541} INFO - Filling up the DagBag from /usr/local/python/3.10.13/lib/python3.10/site-packages/airflow/example_dags/example_time_delta_sensor_async.py
[2024-04-02T09:00:36.260+0000] {processor.py:836} INFO - DAG(s) dict_keys(['example_time_delta_sensor_async']) retrieved from /usr/local/python/3.10.13/lib/python3.10/site-packages/airflow/example_dags/example_time_delta_sensor_async.py
[2024-04-02T09:00:36.281+0000] {logging_mixin.py:150} INFO - [2024-04-02T09:00:36.281+0000] {dag.py:2742} INFO - Sync 1 DAGs
[2024-04-02T09:00:36.305+0000] {logging_mixin.py:150} INFO - [2024-04-02T09:00:36.305+0000] {dag.py:3504} INFO - Setting next_dagrun for example_time_delta_sensor_async to None, run_after=None
[2024-04-02T09:00:36.353+0000] {processor.py:179} INFO - Processing /usr/local/python/3.10.13/lib/python3.10/site-packages/airflow/example_dags/example_time_delta_sensor_async.py took 0.103 seconds
[2024-04-02T09:01:15.070+0000] {processor.py:157} INFO - Started process (PID=14686) to work on /usr/local/python/3.10.13/lib/python3.10/site-packages/airflow/example_dags/example_time_delta_sensor_async.py
[2024-04-02T09:01:15.071+0000] {processor.py:826} INFO - Processing file /usr/local/python/3.10.13/lib/python3.10/site-packages/airflow/example_dags/example_time_delta_sensor_async.py for tasks to queue
[2024-04-02T09:01:15.073+0000] {logging_mixin.py:150} INFO - [2024-04-02T09:01:15.072+0000] {dagbag.py:541} INFO - Filling up the DagBag from /usr/local/python/3.10.13/lib/python3.10/site-packages/airflow/example_dags/example_time_delta_sensor_async.py
[2024-04-02T09:01:15.078+0000] {processor.py:836} INFO - DAG(s) dict_keys(['example_time_delta_sensor_async']) retrieved from /usr/local/python/3.10.13/lib/python3.10/site-packages/airflow/example_dags/example_time_delta_sensor_async.py
[2024-04-02T09:01:15.098+0000] {logging_mixin.py:150} INFO - [2024-04-02T09:01:15.097+0000] {dag.py:2742} INFO - Sync 1 DAGs
[2024-04-02T09:01:15.121+0000] {logging_mixin.py:150} INFO - [2024-04-02T09:01:15.121+0000] {dag.py:3504} INFO - Setting next_dagrun for example_time_delta_sensor_async to None, run_after=None
[2024-04-02T09:01:15.172+0000] {processor.py:179} INFO - Processing /usr/local/python/3.10.13/lib/python3.10/site-packages/airflow/example_dags/example_time_delta_sensor_async.py took 0.105 seconds
[2024-04-02T09:01:52.675+0000] {processor.py:157} INFO - Started process (PID=15008) to work on /usr/local/python/3.10.13/lib/python3.10/site-packages/airflow/example_dags/example_time_delta_sensor_async.py
[2024-04-02T09:01:52.675+0000] {processor.py:826} INFO - Processing file /usr/local/python/3.10.13/lib/python3.10/site-packages/airflow/example_dags/example_time_delta_sensor_async.py for tasks to queue
[2024-04-02T09:01:52.676+0000] {logging_mixin.py:150} INFO - [2024-04-02T09:01:52.676+0000] {dagbag.py:541} INFO - Filling up the DagBag from /usr/local/python/3.10.13/lib/python3.10/site-packages/airflow/example_dags/example_time_delta_sensor_async.py
[2024-04-02T09:01:52.680+0000] {processor.py:836} INFO - DAG(s) dict_keys(['example_time_delta_sensor_async']) retrieved from /usr/local/python/3.10.13/lib/python3.10/site-packages/airflow/example_dags/example_time_delta_sensor_async.py
[2024-04-02T09:01:52.693+0000] {logging_mixin.py:150} INFO - [2024-04-02T09:01:52.692+0000] {dag.py:2742} INFO - Sync 1 DAGs
[2024-04-02T09:01:52.708+0000] {logging_mixin.py:150} INFO - [2024-04-02T09:01:52.708+0000] {dag.py:3504} INFO - Setting next_dagrun for example_time_delta_sensor_async to None, run_after=None
[2024-04-02T09:01:52.745+0000] {processor.py:179} INFO - Processing /usr/local/python/3.10.13/lib/python3.10/site-packages/airflow/example_dags/example_time_delta_sensor_async.py took 0.073 seconds
[2024-04-02T09:02:30.600+0000] {processor.py:157} INFO - Started process (PID=15257) to work on /usr/local/python/3.10.13/lib/python3.10/site-packages/airflow/example_dags/example_time_delta_sensor_async.py
[2024-04-02T09:02:30.605+0000] {processor.py:826} INFO - Processing file /usr/local/python/3.10.13/lib/python3.10/site-packages/airflow/example_dags/example_time_delta_sensor_async.py for tasks to queue
[2024-04-02T09:02:30.606+0000] {logging_mixin.py:150} INFO - [2024-04-02T09:02:30.606+0000] {dagbag.py:541} INFO - Filling up the DagBag from /usr/local/python/3.10.13/lib/python3.10/site-packages/airflow/example_dags/example_time_delta_sensor_async.py
[2024-04-02T09:02:30.615+0000] {processor.py:836} INFO - DAG(s) dict_keys(['example_time_delta_sensor_async']) retrieved from /usr/local/python/3.10.13/lib/python3.10/site-packages/airflow/example_dags/example_time_delta_sensor_async.py
[2024-04-02T09:02:30.633+0000] {logging_mixin.py:150} INFO - [2024-04-02T09:02:30.632+0000] {dag.py:2742} INFO - Sync 1 DAGs
[2024-04-02T09:02:30.663+0000] {logging_mixin.py:150} INFO - [2024-04-02T09:02:30.662+0000] {dag.py:3504} INFO - Setting next_dagrun for example_time_delta_sensor_async to None, run_after=None
[2024-04-02T09:02:30.705+0000] {processor.py:179} INFO - Processing /usr/local/python/3.10.13/lib/python3.10/site-packages/airflow/example_dags/example_time_delta_sensor_async.py took 0.108 seconds
[2024-04-02T09:03:09.980+0000] {processor.py:157} INFO - Started process (PID=15533) to work on /usr/local/python/3.10.13/lib/python3.10/site-packages/airflow/example_dags/example_time_delta_sensor_async.py
[2024-04-02T09:03:09.981+0000] {processor.py:826} INFO - Processing file /usr/local/python/3.10.13/lib/python3.10/site-packages/airflow/example_dags/example_time_delta_sensor_async.py for tasks to queue
[2024-04-02T09:03:09.981+0000] {logging_mixin.py:150} INFO - [2024-04-02T09:03:09.981+0000] {dagbag.py:541} INFO - Filling up the DagBag from /usr/local/python/3.10.13/lib/python3.10/site-packages/airflow/example_dags/example_time_delta_sensor_async.py
[2024-04-02T09:03:09.985+0000] {processor.py:836} INFO - DAG(s) dict_keys(['example_time_delta_sensor_async']) retrieved from /usr/local/python/3.10.13/lib/python3.10/site-packages/airflow/example_dags/example_time_delta_sensor_async.py
[2024-04-02T09:03:09.997+0000] {logging_mixin.py:150} INFO - [2024-04-02T09:03:09.997+0000] {dag.py:2742} INFO - Sync 1 DAGs
[2024-04-02T09:03:10.013+0000] {logging_mixin.py:150} INFO - [2024-04-02T09:03:10.013+0000] {dag.py:3504} INFO - Setting next_dagrun for example_time_delta_sensor_async to None, run_after=None
[2024-04-02T09:03:10.053+0000] {processor.py:179} INFO - Processing /usr/local/python/3.10.13/lib/python3.10/site-packages/airflow/example_dags/example_time_delta_sensor_async.py took 0.075 seconds
[2024-04-02T09:03:48.347+0000] {processor.py:157} INFO - Started process (PID=15800) to work on /usr/local/python/3.10.13/lib/python3.10/site-packages/airflow/example_dags/example_time_delta_sensor_async.py
[2024-04-02T09:03:48.353+0000] {processor.py:826} INFO - Processing file /usr/local/python/3.10.13/lib/python3.10/site-packages/airflow/example_dags/example_time_delta_sensor_async.py for tasks to queue
[2024-04-02T09:03:48.354+0000] {logging_mixin.py:150} INFO - [2024-04-02T09:03:48.353+0000] {dagbag.py:541} INFO - Filling up the DagBag from /usr/local/python/3.10.13/lib/python3.10/site-packages/airflow/example_dags/example_time_delta_sensor_async.py
[2024-04-02T09:03:48.361+0000] {processor.py:836} INFO - DAG(s) dict_keys(['example_time_delta_sensor_async']) retrieved from /usr/local/python/3.10.13/lib/python3.10/site-packages/airflow/example_dags/example_time_delta_sensor_async.py
[2024-04-02T09:03:48.398+0000] {logging_mixin.py:150} INFO - [2024-04-02T09:03:48.397+0000] {dag.py:2742} INFO - Sync 1 DAGs
[2024-04-02T09:03:48.438+0000] {logging_mixin.py:150} INFO - [2024-04-02T09:03:48.438+0000] {dag.py:3504} INFO - Setting next_dagrun for example_time_delta_sensor_async to None, run_after=None
[2024-04-02T09:03:48.494+0000] {processor.py:179} INFO - Processing /usr/local/python/3.10.13/lib/python3.10/site-packages/airflow/example_dags/example_time_delta_sensor_async.py took 0.152 seconds
[2024-04-02T09:04:27.562+0000] {processor.py:157} INFO - Started process (PID=16069) to work on /usr/local/python/3.10.13/lib/python3.10/site-packages/airflow/example_dags/example_time_delta_sensor_async.py
[2024-04-02T09:04:27.563+0000] {processor.py:826} INFO - Processing file /usr/local/python/3.10.13/lib/python3.10/site-packages/airflow/example_dags/example_time_delta_sensor_async.py for tasks to queue
[2024-04-02T09:04:27.564+0000] {logging_mixin.py:150} INFO - [2024-04-02T09:04:27.564+0000] {dagbag.py:541} INFO - Filling up the DagBag from /usr/local/python/3.10.13/lib/python3.10/site-packages/airflow/example_dags/example_time_delta_sensor_async.py
[2024-04-02T09:04:27.569+0000] {processor.py:836} INFO - DAG(s) dict_keys(['example_time_delta_sensor_async']) retrieved from /usr/local/python/3.10.13/lib/python3.10/site-packages/airflow/example_dags/example_time_delta_sensor_async.py
[2024-04-02T09:04:27.592+0000] {logging_mixin.py:150} INFO - [2024-04-02T09:04:27.592+0000] {dag.py:2742} INFO - Sync 1 DAGs
[2024-04-02T09:04:27.614+0000] {logging_mixin.py:150} INFO - [2024-04-02T09:04:27.614+0000] {dag.py:3504} INFO - Setting next_dagrun for example_time_delta_sensor_async to None, run_after=None
[2024-04-02T09:04:27.655+0000] {processor.py:179} INFO - Processing /usr/local/python/3.10.13/lib/python3.10/site-packages/airflow/example_dags/example_time_delta_sensor_async.py took 0.096 seconds
[2024-04-02T09:05:17.990+0000] {processor.py:157} INFO - Started process (PID=16443) to work on /usr/local/python/3.10.13/lib/python3.10/site-packages/airflow/example_dags/example_time_delta_sensor_async.py
[2024-04-02T09:05:17.991+0000] {processor.py:826} INFO - Processing file /usr/local/python/3.10.13/lib/python3.10/site-packages/airflow/example_dags/example_time_delta_sensor_async.py for tasks to queue
[2024-04-02T09:05:17.992+0000] {logging_mixin.py:150} INFO - [2024-04-02T09:05:17.992+0000] {dagbag.py:541} INFO - Filling up the DagBag from /usr/local/python/3.10.13/lib/python3.10/site-packages/airflow/example_dags/example_time_delta_sensor_async.py
[2024-04-02T09:05:17.997+0000] {processor.py:836} INFO - DAG(s) dict_keys(['example_time_delta_sensor_async']) retrieved from /usr/local/python/3.10.13/lib/python3.10/site-packages/airflow/example_dags/example_time_delta_sensor_async.py
[2024-04-02T09:05:18.016+0000] {logging_mixin.py:150} INFO - [2024-04-02T09:05:18.016+0000] {dag.py:2742} INFO - Sync 1 DAGs
[2024-04-02T09:05:18.040+0000] {logging_mixin.py:150} INFO - [2024-04-02T09:05:18.040+0000] {dag.py:3504} INFO - Setting next_dagrun for example_time_delta_sensor_async to None, run_after=None
[2024-04-02T09:05:18.086+0000] {processor.py:179} INFO - Processing /usr/local/python/3.10.13/lib/python3.10/site-packages/airflow/example_dags/example_time_delta_sensor_async.py took 0.100 seconds
[2024-04-02T09:05:59.198+0000] {processor.py:157} INFO - Started process (PID=16729) to work on /usr/local/python/3.10.13/lib/python3.10/site-packages/airflow/example_dags/example_time_delta_sensor_async.py
[2024-04-02T09:05:59.199+0000] {processor.py:826} INFO - Processing file /usr/local/python/3.10.13/lib/python3.10/site-packages/airflow/example_dags/example_time_delta_sensor_async.py for tasks to queue
[2024-04-02T09:05:59.200+0000] {logging_mixin.py:150} INFO - [2024-04-02T09:05:59.199+0000] {dagbag.py:541} INFO - Filling up the DagBag from /usr/local/python/3.10.13/lib/python3.10/site-packages/airflow/example_dags/example_time_delta_sensor_async.py
[2024-04-02T09:05:59.203+0000] {processor.py:836} INFO - DAG(s) dict_keys(['example_time_delta_sensor_async']) retrieved from /usr/local/python/3.10.13/lib/python3.10/site-packages/airflow/example_dags/example_time_delta_sensor_async.py
[2024-04-02T09:05:59.216+0000] {logging_mixin.py:150} INFO - [2024-04-02T09:05:59.216+0000] {dag.py:2742} INFO - Sync 1 DAGs
[2024-04-02T09:05:59.231+0000] {logging_mixin.py:150} INFO - [2024-04-02T09:05:59.231+0000] {dag.py:3504} INFO - Setting next_dagrun for example_time_delta_sensor_async to None, run_after=None
[2024-04-02T09:05:59.270+0000] {processor.py:179} INFO - Processing /usr/local/python/3.10.13/lib/python3.10/site-packages/airflow/example_dags/example_time_delta_sensor_async.py took 0.074 seconds
[2024-04-02T09:06:40.884+0000] {processor.py:157} INFO - Started process (PID=17416) to work on /usr/local/python/3.10.13/lib/python3.10/site-packages/airflow/example_dags/example_time_delta_sensor_async.py
[2024-04-02T09:06:40.885+0000] {processor.py:826} INFO - Processing file /usr/local/python/3.10.13/lib/python3.10/site-packages/airflow/example_dags/example_time_delta_sensor_async.py for tasks to queue
[2024-04-02T09:06:40.885+0000] {logging_mixin.py:150} INFO - [2024-04-02T09:06:40.885+0000] {dagbag.py:541} INFO - Filling up the DagBag from /usr/local/python/3.10.13/lib/python3.10/site-packages/airflow/example_dags/example_time_delta_sensor_async.py
[2024-04-02T09:06:40.891+0000] {processor.py:836} INFO - DAG(s) dict_keys(['example_time_delta_sensor_async']) retrieved from /usr/local/python/3.10.13/lib/python3.10/site-packages/airflow/example_dags/example_time_delta_sensor_async.py
[2024-04-02T09:06:40.910+0000] {logging_mixin.py:150} INFO - [2024-04-02T09:06:40.909+0000] {dag.py:2742} INFO - Sync 1 DAGs
[2024-04-02T09:06:40.931+0000] {logging_mixin.py:150} INFO - [2024-04-02T09:06:40.931+0000] {dag.py:3504} INFO - Setting next_dagrun for example_time_delta_sensor_async to None, run_after=None
[2024-04-02T09:06:40.971+0000] {processor.py:179} INFO - Processing /usr/local/python/3.10.13/lib/python3.10/site-packages/airflow/example_dags/example_time_delta_sensor_async.py took 0.091 seconds
[2024-04-02T09:07:21.340+0000] {processor.py:157} INFO - Started process (PID=17713) to work on /usr/local/python/3.10.13/lib/python3.10/site-packages/airflow/example_dags/example_time_delta_sensor_async.py
[2024-04-02T09:07:21.349+0000] {processor.py:826} INFO - Processing file /usr/local/python/3.10.13/lib/python3.10/site-packages/airflow/example_dags/example_time_delta_sensor_async.py for tasks to queue
[2024-04-02T09:07:21.350+0000] {logging_mixin.py:150} INFO - [2024-04-02T09:07:21.349+0000] {dagbag.py:541} INFO - Filling up the DagBag from /usr/local/python/3.10.13/lib/python3.10/site-packages/airflow/example_dags/example_time_delta_sensor_async.py
[2024-04-02T09:07:21.355+0000] {processor.py:836} INFO - DAG(s) dict_keys(['example_time_delta_sensor_async']) retrieved from /usr/local/python/3.10.13/lib/python3.10/site-packages/airflow/example_dags/example_time_delta_sensor_async.py
[2024-04-02T09:07:21.390+0000] {logging_mixin.py:150} INFO - [2024-04-02T09:07:21.390+0000] {dag.py:2742} INFO - Sync 1 DAGs
[2024-04-02T09:07:21.418+0000] {logging_mixin.py:150} INFO - [2024-04-02T09:07:21.418+0000] {dag.py:3504} INFO - Setting next_dagrun for example_time_delta_sensor_async to None, run_after=None
[2024-04-02T09:07:21.475+0000] {processor.py:179} INFO - Processing /usr/local/python/3.10.13/lib/python3.10/site-packages/airflow/example_dags/example_time_delta_sensor_async.py took 0.140 seconds
[2024-04-02T09:08:01.011+0000] {processor.py:157} INFO - Started process (PID=17990) to work on /usr/local/python/3.10.13/lib/python3.10/site-packages/airflow/example_dags/example_time_delta_sensor_async.py
[2024-04-02T09:08:01.012+0000] {processor.py:826} INFO - Processing file /usr/local/python/3.10.13/lib/python3.10/site-packages/airflow/example_dags/example_time_delta_sensor_async.py for tasks to queue
[2024-04-02T09:08:01.013+0000] {logging_mixin.py:150} INFO - [2024-04-02T09:08:01.012+0000] {dagbag.py:541} INFO - Filling up the DagBag from /usr/local/python/3.10.13/lib/python3.10/site-packages/airflow/example_dags/example_time_delta_sensor_async.py
[2024-04-02T09:08:01.016+0000] {processor.py:836} INFO - DAG(s) dict_keys(['example_time_delta_sensor_async']) retrieved from /usr/local/python/3.10.13/lib/python3.10/site-packages/airflow/example_dags/example_time_delta_sensor_async.py
[2024-04-02T09:08:01.032+0000] {logging_mixin.py:150} INFO - [2024-04-02T09:08:01.032+0000] {dag.py:2742} INFO - Sync 1 DAGs
[2024-04-02T09:08:01.055+0000] {logging_mixin.py:150} INFO - [2024-04-02T09:08:01.055+0000] {dag.py:3504} INFO - Setting next_dagrun for example_time_delta_sensor_async to None, run_after=None
[2024-04-02T09:08:01.110+0000] {processor.py:179} INFO - Processing /usr/local/python/3.10.13/lib/python3.10/site-packages/airflow/example_dags/example_time_delta_sensor_async.py took 0.101 seconds
[2024-04-02T09:08:36.596+0000] {processor.py:157} INFO - Started process (PID=18225) to work on /usr/local/python/3.10.13/lib/python3.10/site-packages/airflow/example_dags/example_time_delta_sensor_async.py
[2024-04-02T09:08:36.597+0000] {processor.py:826} INFO - Processing file /usr/local/python/3.10.13/lib/python3.10/site-packages/airflow/example_dags/example_time_delta_sensor_async.py for tasks to queue
[2024-04-02T09:08:36.599+0000] {logging_mixin.py:150} INFO - [2024-04-02T09:08:36.598+0000] {dagbag.py:541} INFO - Filling up the DagBag from /usr/local/python/3.10.13/lib/python3.10/site-packages/airflow/example_dags/example_time_delta_sensor_async.py
[2024-04-02T09:08:36.604+0000] {processor.py:836} INFO - DAG(s) dict_keys(['example_time_delta_sensor_async']) retrieved from /usr/local/python/3.10.13/lib/python3.10/site-packages/airflow/example_dags/example_time_delta_sensor_async.py
[2024-04-02T09:08:36.621+0000] {logging_mixin.py:150} INFO - [2024-04-02T09:08:36.621+0000] {dag.py:2742} INFO - Sync 1 DAGs
[2024-04-02T09:08:36.647+0000] {logging_mixin.py:150} INFO - [2024-04-02T09:08:36.647+0000] {dag.py:3504} INFO - Setting next_dagrun for example_time_delta_sensor_async to None, run_after=None
[2024-04-02T09:08:36.691+0000] {processor.py:179} INFO - Processing /usr/local/python/3.10.13/lib/python3.10/site-packages/airflow/example_dags/example_time_delta_sensor_async.py took 0.098 seconds
[2024-04-02T09:09:16.148+0000] {processor.py:157} INFO - Started process (PID=18488) to work on /usr/local/python/3.10.13/lib/python3.10/site-packages/airflow/example_dags/example_time_delta_sensor_async.py
[2024-04-02T09:09:16.148+0000] {processor.py:826} INFO - Processing file /usr/local/python/3.10.13/lib/python3.10/site-packages/airflow/example_dags/example_time_delta_sensor_async.py for tasks to queue
[2024-04-02T09:09:16.149+0000] {logging_mixin.py:150} INFO - [2024-04-02T09:09:16.149+0000] {dagbag.py:541} INFO - Filling up the DagBag from /usr/local/python/3.10.13/lib/python3.10/site-packages/airflow/example_dags/example_time_delta_sensor_async.py
[2024-04-02T09:09:16.153+0000] {processor.py:836} INFO - DAG(s) dict_keys(['example_time_delta_sensor_async']) retrieved from /usr/local/python/3.10.13/lib/python3.10/site-packages/airflow/example_dags/example_time_delta_sensor_async.py
[2024-04-02T09:09:16.164+0000] {logging_mixin.py:150} INFO - [2024-04-02T09:09:16.164+0000] {dag.py:2742} INFO - Sync 1 DAGs
[2024-04-02T09:09:16.179+0000] {logging_mixin.py:150} INFO - [2024-04-02T09:09:16.179+0000] {dag.py:3504} INFO - Setting next_dagrun for example_time_delta_sensor_async to None, run_after=None
[2024-04-02T09:09:16.220+0000] {processor.py:179} INFO - Processing /usr/local/python/3.10.13/lib/python3.10/site-packages/airflow/example_dags/example_time_delta_sensor_async.py took 0.074 seconds
[2024-04-02T09:09:53.096+0000] {processor.py:157} INFO - Started process (PID=18775) to work on /usr/local/python/3.10.13/lib/python3.10/site-packages/airflow/example_dags/example_time_delta_sensor_async.py
[2024-04-02T09:09:53.097+0000] {processor.py:826} INFO - Processing file /usr/local/python/3.10.13/lib/python3.10/site-packages/airflow/example_dags/example_time_delta_sensor_async.py for tasks to queue
[2024-04-02T09:09:53.098+0000] {logging_mixin.py:150} INFO - [2024-04-02T09:09:53.098+0000] {dagbag.py:541} INFO - Filling up the DagBag from /usr/local/python/3.10.13/lib/python3.10/site-packages/airflow/example_dags/example_time_delta_sensor_async.py
[2024-04-02T09:09:53.101+0000] {processor.py:836} INFO - DAG(s) dict_keys(['example_time_delta_sensor_async']) retrieved from /usr/local/python/3.10.13/lib/python3.10/site-packages/airflow/example_dags/example_time_delta_sensor_async.py
[2024-04-02T09:09:53.113+0000] {logging_mixin.py:150} INFO - [2024-04-02T09:09:53.113+0000] {dag.py:2742} INFO - Sync 1 DAGs
[2024-04-02T09:09:53.128+0000] {logging_mixin.py:150} INFO - [2024-04-02T09:09:53.128+0000] {dag.py:3504} INFO - Setting next_dagrun for example_time_delta_sensor_async to None, run_after=None
[2024-04-02T09:09:53.166+0000] {processor.py:179} INFO - Processing /usr/local/python/3.10.13/lib/python3.10/site-packages/airflow/example_dags/example_time_delta_sensor_async.py took 0.072 seconds
[2024-04-02T09:10:32.314+0000] {processor.py:157} INFO - Started process (PID=19027) to work on /usr/local/python/3.10.13/lib/python3.10/site-packages/airflow/example_dags/example_time_delta_sensor_async.py
[2024-04-02T09:10:32.315+0000] {processor.py:826} INFO - Processing file /usr/local/python/3.10.13/lib/python3.10/site-packages/airflow/example_dags/example_time_delta_sensor_async.py for tasks to queue
[2024-04-02T09:10:32.315+0000] {logging_mixin.py:150} INFO - [2024-04-02T09:10:32.315+0000] {dagbag.py:541} INFO - Filling up the DagBag from /usr/local/python/3.10.13/lib/python3.10/site-packages/airflow/example_dags/example_time_delta_sensor_async.py
[2024-04-02T09:10:32.319+0000] {processor.py:836} INFO - DAG(s) dict_keys(['example_time_delta_sensor_async']) retrieved from /usr/local/python/3.10.13/lib/python3.10/site-packages/airflow/example_dags/example_time_delta_sensor_async.py
[2024-04-02T09:10:32.335+0000] {logging_mixin.py:150} INFO - [2024-04-02T09:10:32.335+0000] {dag.py:2742} INFO - Sync 1 DAGs
[2024-04-02T09:10:32.352+0000] {logging_mixin.py:150} INFO - [2024-04-02T09:10:32.351+0000] {dag.py:3504} INFO - Setting next_dagrun for example_time_delta_sensor_async to None, run_after=None
[2024-04-02T09:10:32.394+0000] {processor.py:179} INFO - Processing /usr/local/python/3.10.13/lib/python3.10/site-packages/airflow/example_dags/example_time_delta_sensor_async.py took 0.083 seconds
[2024-04-02T09:11:10.418+0000] {processor.py:157} INFO - Started process (PID=19288) to work on /usr/local/python/3.10.13/lib/python3.10/site-packages/airflow/example_dags/example_time_delta_sensor_async.py
[2024-04-02T09:11:10.419+0000] {processor.py:826} INFO - Processing file /usr/local/python/3.10.13/lib/python3.10/site-packages/airflow/example_dags/example_time_delta_sensor_async.py for tasks to queue
[2024-04-02T09:11:10.420+0000] {logging_mixin.py:150} INFO - [2024-04-02T09:11:10.419+0000] {dagbag.py:541} INFO - Filling up the DagBag from /usr/local/python/3.10.13/lib/python3.10/site-packages/airflow/example_dags/example_time_delta_sensor_async.py
[2024-04-02T09:11:10.423+0000] {processor.py:836} INFO - DAG(s) dict_keys(['example_time_delta_sensor_async']) retrieved from /usr/local/python/3.10.13/lib/python3.10/site-packages/airflow/example_dags/example_time_delta_sensor_async.py
[2024-04-02T09:11:10.436+0000] {logging_mixin.py:150} INFO - [2024-04-02T09:11:10.436+0000] {dag.py:2742} INFO - Sync 1 DAGs
[2024-04-02T09:11:10.451+0000] {logging_mixin.py:150} INFO - [2024-04-02T09:11:10.451+0000] {dag.py:3504} INFO - Setting next_dagrun for example_time_delta_sensor_async to None, run_after=None
[2024-04-02T09:11:10.491+0000] {processor.py:179} INFO - Processing /usr/local/python/3.10.13/lib/python3.10/site-packages/airflow/example_dags/example_time_delta_sensor_async.py took 0.076 seconds
[2024-04-02T09:11:50.720+0000] {processor.py:157} INFO - Started process (PID=19564) to work on /usr/local/python/3.10.13/lib/python3.10/site-packages/airflow/example_dags/example_time_delta_sensor_async.py
[2024-04-02T09:11:50.721+0000] {processor.py:826} INFO - Processing file /usr/local/python/3.10.13/lib/python3.10/site-packages/airflow/example_dags/example_time_delta_sensor_async.py for tasks to queue
[2024-04-02T09:11:50.721+0000] {logging_mixin.py:150} INFO - [2024-04-02T09:11:50.721+0000] {dagbag.py:541} INFO - Filling up the DagBag from /usr/local/python/3.10.13/lib/python3.10/site-packages/airflow/example_dags/example_time_delta_sensor_async.py
[2024-04-02T09:11:50.726+0000] {processor.py:836} INFO - DAG(s) dict_keys(['example_time_delta_sensor_async']) retrieved from /usr/local/python/3.10.13/lib/python3.10/site-packages/airflow/example_dags/example_time_delta_sensor_async.py
[2024-04-02T09:11:50.760+0000] {logging_mixin.py:150} INFO - [2024-04-02T09:11:50.759+0000] {dag.py:2742} INFO - Sync 1 DAGs
[2024-04-02T09:11:50.789+0000] {logging_mixin.py:150} INFO - [2024-04-02T09:11:50.788+0000] {dag.py:3504} INFO - Setting next_dagrun for example_time_delta_sensor_async to None, run_after=None
[2024-04-02T09:11:50.832+0000] {processor.py:179} INFO - Processing /usr/local/python/3.10.13/lib/python3.10/site-packages/airflow/example_dags/example_time_delta_sensor_async.py took 0.116 seconds
[2024-04-02T09:12:31.286+0000] {processor.py:157} INFO - Started process (PID=19839) to work on /usr/local/python/3.10.13/lib/python3.10/site-packages/airflow/example_dags/example_time_delta_sensor_async.py
[2024-04-02T09:12:31.287+0000] {processor.py:826} INFO - Processing file /usr/local/python/3.10.13/lib/python3.10/site-packages/airflow/example_dags/example_time_delta_sensor_async.py for tasks to queue
[2024-04-02T09:12:31.288+0000] {logging_mixin.py:150} INFO - [2024-04-02T09:12:31.287+0000] {dagbag.py:541} INFO - Filling up the DagBag from /usr/local/python/3.10.13/lib/python3.10/site-packages/airflow/example_dags/example_time_delta_sensor_async.py
[2024-04-02T09:12:31.293+0000] {processor.py:836} INFO - DAG(s) dict_keys(['example_time_delta_sensor_async']) retrieved from /usr/local/python/3.10.13/lib/python3.10/site-packages/airflow/example_dags/example_time_delta_sensor_async.py
[2024-04-02T09:12:31.316+0000] {logging_mixin.py:150} INFO - [2024-04-02T09:12:31.316+0000] {dag.py:2742} INFO - Sync 1 DAGs
[2024-04-02T09:12:31.344+0000] {logging_mixin.py:150} INFO - [2024-04-02T09:12:31.344+0000] {dag.py:3504} INFO - Setting next_dagrun for example_time_delta_sensor_async to None, run_after=None
[2024-04-02T09:12:31.391+0000] {processor.py:179} INFO - Processing /usr/local/python/3.10.13/lib/python3.10/site-packages/airflow/example_dags/example_time_delta_sensor_async.py took 0.108 seconds
[2024-04-02T09:13:11.771+0000] {processor.py:157} INFO - Started process (PID=20116) to work on /usr/local/python/3.10.13/lib/python3.10/site-packages/airflow/example_dags/example_time_delta_sensor_async.py
[2024-04-02T09:13:11.772+0000] {processor.py:826} INFO - Processing file /usr/local/python/3.10.13/lib/python3.10/site-packages/airflow/example_dags/example_time_delta_sensor_async.py for tasks to queue
[2024-04-02T09:13:11.773+0000] {logging_mixin.py:150} INFO - [2024-04-02T09:13:11.773+0000] {dagbag.py:541} INFO - Filling up the DagBag from /usr/local/python/3.10.13/lib/python3.10/site-packages/airflow/example_dags/example_time_delta_sensor_async.py
[2024-04-02T09:13:11.777+0000] {processor.py:836} INFO - DAG(s) dict_keys(['example_time_delta_sensor_async']) retrieved from /usr/local/python/3.10.13/lib/python3.10/site-packages/airflow/example_dags/example_time_delta_sensor_async.py
[2024-04-02T09:13:11.790+0000] {logging_mixin.py:150} INFO - [2024-04-02T09:13:11.790+0000] {dag.py:2742} INFO - Sync 1 DAGs
[2024-04-02T09:13:11.806+0000] {logging_mixin.py:150} INFO - [2024-04-02T09:13:11.806+0000] {dag.py:3504} INFO - Setting next_dagrun for example_time_delta_sensor_async to None, run_after=None
[2024-04-02T09:13:11.846+0000] {processor.py:179} INFO - Processing /usr/local/python/3.10.13/lib/python3.10/site-packages/airflow/example_dags/example_time_delta_sensor_async.py took 0.077 seconds
[2024-04-02T09:13:49.865+0000] {processor.py:157} INFO - Started process (PID=20384) to work on /usr/local/python/3.10.13/lib/python3.10/site-packages/airflow/example_dags/example_time_delta_sensor_async.py
[2024-04-02T09:13:49.866+0000] {processor.py:826} INFO - Processing file /usr/local/python/3.10.13/lib/python3.10/site-packages/airflow/example_dags/example_time_delta_sensor_async.py for tasks to queue
[2024-04-02T09:13:49.867+0000] {logging_mixin.py:150} INFO - [2024-04-02T09:13:49.866+0000] {dagbag.py:541} INFO - Filling up the DagBag from /usr/local/python/3.10.13/lib/python3.10/site-packages/airflow/example_dags/example_time_delta_sensor_async.py
[2024-04-02T09:13:49.870+0000] {processor.py:836} INFO - DAG(s) dict_keys(['example_time_delta_sensor_async']) retrieved from /usr/local/python/3.10.13/lib/python3.10/site-packages/airflow/example_dags/example_time_delta_sensor_async.py
[2024-04-02T09:13:49.882+0000] {logging_mixin.py:150} INFO - [2024-04-02T09:13:49.882+0000] {dag.py:2742} INFO - Sync 1 DAGs
[2024-04-02T09:13:49.917+0000] {logging_mixin.py:150} INFO - [2024-04-02T09:13:49.917+0000] {dag.py:3504} INFO - Setting next_dagrun for example_time_delta_sensor_async to None, run_after=None
[2024-04-02T09:13:49.982+0000] {processor.py:179} INFO - Processing /usr/local/python/3.10.13/lib/python3.10/site-packages/airflow/example_dags/example_time_delta_sensor_async.py took 0.119 seconds
[2024-04-02T09:14:25.251+0000] {processor.py:157} INFO - Started process (PID=20615) to work on /usr/local/python/3.10.13/lib/python3.10/site-packages/airflow/example_dags/example_time_delta_sensor_async.py
[2024-04-02T09:14:25.251+0000] {processor.py:826} INFO - Processing file /usr/local/python/3.10.13/lib/python3.10/site-packages/airflow/example_dags/example_time_delta_sensor_async.py for tasks to queue
[2024-04-02T09:14:25.252+0000] {logging_mixin.py:150} INFO - [2024-04-02T09:14:25.252+0000] {dagbag.py:541} INFO - Filling up the DagBag from /usr/local/python/3.10.13/lib/python3.10/site-packages/airflow/example_dags/example_time_delta_sensor_async.py
[2024-04-02T09:14:25.255+0000] {processor.py:836} INFO - DAG(s) dict_keys(['example_time_delta_sensor_async']) retrieved from /usr/local/python/3.10.13/lib/python3.10/site-packages/airflow/example_dags/example_time_delta_sensor_async.py
[2024-04-02T09:14:25.267+0000] {logging_mixin.py:150} INFO - [2024-04-02T09:14:25.267+0000] {dag.py:2742} INFO - Sync 1 DAGs
[2024-04-02T09:14:25.282+0000] {logging_mixin.py:150} INFO - [2024-04-02T09:14:25.282+0000] {dag.py:3504} INFO - Setting next_dagrun for example_time_delta_sensor_async to None, run_after=None
[2024-04-02T09:14:25.323+0000] {processor.py:179} INFO - Processing /usr/local/python/3.10.13/lib/python3.10/site-packages/airflow/example_dags/example_time_delta_sensor_async.py took 0.075 seconds
[2024-04-02T09:14:58.976+0000] {processor.py:157} INFO - Started process (PID=20871) to work on /usr/local/python/3.10.13/lib/python3.10/site-packages/airflow/example_dags/example_time_delta_sensor_async.py
[2024-04-02T09:14:58.977+0000] {processor.py:826} INFO - Processing file /usr/local/python/3.10.13/lib/python3.10/site-packages/airflow/example_dags/example_time_delta_sensor_async.py for tasks to queue
[2024-04-02T09:14:58.978+0000] {logging_mixin.py:150} INFO - [2024-04-02T09:14:58.978+0000] {dagbag.py:541} INFO - Filling up the DagBag from /usr/local/python/3.10.13/lib/python3.10/site-packages/airflow/example_dags/example_time_delta_sensor_async.py
[2024-04-02T09:14:58.981+0000] {processor.py:836} INFO - DAG(s) dict_keys(['example_time_delta_sensor_async']) retrieved from /usr/local/python/3.10.13/lib/python3.10/site-packages/airflow/example_dags/example_time_delta_sensor_async.py
[2024-04-02T09:14:58.993+0000] {logging_mixin.py:150} INFO - [2024-04-02T09:14:58.993+0000] {dag.py:2742} INFO - Sync 1 DAGs
[2024-04-02T09:14:59.008+0000] {logging_mixin.py:150} INFO - [2024-04-02T09:14:59.008+0000] {dag.py:3504} INFO - Setting next_dagrun for example_time_delta_sensor_async to None, run_after=None
[2024-04-02T09:14:59.047+0000] {processor.py:179} INFO - Processing /usr/local/python/3.10.13/lib/python3.10/site-packages/airflow/example_dags/example_time_delta_sensor_async.py took 0.073 seconds
[2024-04-02T09:15:31.791+0000] {processor.py:157} INFO - Started process (PID=21107) to work on /usr/local/python/3.10.13/lib/python3.10/site-packages/airflow/example_dags/example_time_delta_sensor_async.py
[2024-04-02T09:15:31.792+0000] {processor.py:826} INFO - Processing file /usr/local/python/3.10.13/lib/python3.10/site-packages/airflow/example_dags/example_time_delta_sensor_async.py for tasks to queue
[2024-04-02T09:15:31.792+0000] {logging_mixin.py:150} INFO - [2024-04-02T09:15:31.792+0000] {dagbag.py:541} INFO - Filling up the DagBag from /usr/local/python/3.10.13/lib/python3.10/site-packages/airflow/example_dags/example_time_delta_sensor_async.py
[2024-04-02T09:15:31.796+0000] {processor.py:836} INFO - DAG(s) dict_keys(['example_time_delta_sensor_async']) retrieved from /usr/local/python/3.10.13/lib/python3.10/site-packages/airflow/example_dags/example_time_delta_sensor_async.py
[2024-04-02T09:15:31.808+0000] {logging_mixin.py:150} INFO - [2024-04-02T09:15:31.808+0000] {dag.py:2742} INFO - Sync 1 DAGs
[2024-04-02T09:15:31.824+0000] {logging_mixin.py:150} INFO - [2024-04-02T09:15:31.824+0000] {dag.py:3504} INFO - Setting next_dagrun for example_time_delta_sensor_async to None, run_after=None
[2024-04-02T09:15:31.861+0000] {processor.py:179} INFO - Processing /usr/local/python/3.10.13/lib/python3.10/site-packages/airflow/example_dags/example_time_delta_sensor_async.py took 0.073 seconds
[2024-04-02T09:16:10.435+0000] {processor.py:157} INFO - Started process (PID=21357) to work on /usr/local/python/3.10.13/lib/python3.10/site-packages/airflow/example_dags/example_time_delta_sensor_async.py
[2024-04-02T09:16:10.436+0000] {processor.py:826} INFO - Processing file /usr/local/python/3.10.13/lib/python3.10/site-packages/airflow/example_dags/example_time_delta_sensor_async.py for tasks to queue
[2024-04-02T09:16:10.437+0000] {logging_mixin.py:150} INFO - [2024-04-02T09:16:10.436+0000] {dagbag.py:541} INFO - Filling up the DagBag from /usr/local/python/3.10.13/lib/python3.10/site-packages/airflow/example_dags/example_time_delta_sensor_async.py
[2024-04-02T09:16:10.440+0000] {processor.py:836} INFO - DAG(s) dict_keys(['example_time_delta_sensor_async']) retrieved from /usr/local/python/3.10.13/lib/python3.10/site-packages/airflow/example_dags/example_time_delta_sensor_async.py
[2024-04-02T09:16:10.452+0000] {logging_mixin.py:150} INFO - [2024-04-02T09:16:10.452+0000] {dag.py:2742} INFO - Sync 1 DAGs
[2024-04-02T09:16:10.467+0000] {logging_mixin.py:150} INFO - [2024-04-02T09:16:10.466+0000] {dag.py:3504} INFO - Setting next_dagrun for example_time_delta_sensor_async to None, run_after=None
[2024-04-02T09:16:10.505+0000] {processor.py:179} INFO - Processing /usr/local/python/3.10.13/lib/python3.10/site-packages/airflow/example_dags/example_time_delta_sensor_async.py took 0.072 seconds
[2024-04-02T09:16:49.625+0000] {processor.py:157} INFO - Started process (PID=21629) to work on /usr/local/python/3.10.13/lib/python3.10/site-packages/airflow/example_dags/example_time_delta_sensor_async.py
[2024-04-02T09:16:49.626+0000] {processor.py:826} INFO - Processing file /usr/local/python/3.10.13/lib/python3.10/site-packages/airflow/example_dags/example_time_delta_sensor_async.py for tasks to queue
[2024-04-02T09:16:49.627+0000] {logging_mixin.py:150} INFO - [2024-04-02T09:16:49.626+0000] {dagbag.py:541} INFO - Filling up the DagBag from /usr/local/python/3.10.13/lib/python3.10/site-packages/airflow/example_dags/example_time_delta_sensor_async.py
[2024-04-02T09:16:49.631+0000] {processor.py:836} INFO - DAG(s) dict_keys(['example_time_delta_sensor_async']) retrieved from /usr/local/python/3.10.13/lib/python3.10/site-packages/airflow/example_dags/example_time_delta_sensor_async.py
[2024-04-02T09:16:49.645+0000] {logging_mixin.py:150} INFO - [2024-04-02T09:16:49.645+0000] {dag.py:2742} INFO - Sync 1 DAGs
[2024-04-02T09:16:49.670+0000] {logging_mixin.py:150} INFO - [2024-04-02T09:16:49.669+0000] {dag.py:3504} INFO - Setting next_dagrun for example_time_delta_sensor_async to None, run_after=None
[2024-04-02T09:16:49.715+0000] {processor.py:179} INFO - Processing /usr/local/python/3.10.13/lib/python3.10/site-packages/airflow/example_dags/example_time_delta_sensor_async.py took 0.092 seconds
[2024-04-02T09:17:30.067+0000] {processor.py:157} INFO - Started process (PID=21907) to work on /usr/local/python/3.10.13/lib/python3.10/site-packages/airflow/example_dags/example_time_delta_sensor_async.py
[2024-04-02T09:17:30.068+0000] {processor.py:826} INFO - Processing file /usr/local/python/3.10.13/lib/python3.10/site-packages/airflow/example_dags/example_time_delta_sensor_async.py for tasks to queue
[2024-04-02T09:17:30.069+0000] {logging_mixin.py:150} INFO - [2024-04-02T09:17:30.069+0000] {dagbag.py:541} INFO - Filling up the DagBag from /usr/local/python/3.10.13/lib/python3.10/site-packages/airflow/example_dags/example_time_delta_sensor_async.py
[2024-04-02T09:17:30.072+0000] {processor.py:836} INFO - DAG(s) dict_keys(['example_time_delta_sensor_async']) retrieved from /usr/local/python/3.10.13/lib/python3.10/site-packages/airflow/example_dags/example_time_delta_sensor_async.py
[2024-04-02T09:17:30.085+0000] {logging_mixin.py:150} INFO - [2024-04-02T09:17:30.085+0000] {dag.py:2742} INFO - Sync 1 DAGs
[2024-04-02T09:17:30.100+0000] {logging_mixin.py:150} INFO - [2024-04-02T09:17:30.100+0000] {dag.py:3504} INFO - Setting next_dagrun for example_time_delta_sensor_async to None, run_after=None
[2024-04-02T09:17:30.137+0000] {processor.py:179} INFO - Processing /usr/local/python/3.10.13/lib/python3.10/site-packages/airflow/example_dags/example_time_delta_sensor_async.py took 0.072 seconds
[2024-04-02T09:18:07.723+0000] {processor.py:157} INFO - Started process (PID=22168) to work on /usr/local/python/3.10.13/lib/python3.10/site-packages/airflow/example_dags/example_time_delta_sensor_async.py
[2024-04-02T09:18:07.723+0000] {processor.py:826} INFO - Processing file /usr/local/python/3.10.13/lib/python3.10/site-packages/airflow/example_dags/example_time_delta_sensor_async.py for tasks to queue
[2024-04-02T09:18:07.724+0000] {logging_mixin.py:150} INFO - [2024-04-02T09:18:07.724+0000] {dagbag.py:541} INFO - Filling up the DagBag from /usr/local/python/3.10.13/lib/python3.10/site-packages/airflow/example_dags/example_time_delta_sensor_async.py
[2024-04-02T09:18:07.728+0000] {processor.py:836} INFO - DAG(s) dict_keys(['example_time_delta_sensor_async']) retrieved from /usr/local/python/3.10.13/lib/python3.10/site-packages/airflow/example_dags/example_time_delta_sensor_async.py
[2024-04-02T09:18:07.740+0000] {logging_mixin.py:150} INFO - [2024-04-02T09:18:07.740+0000] {dag.py:2742} INFO - Sync 1 DAGs
[2024-04-02T09:18:07.756+0000] {logging_mixin.py:150} INFO - [2024-04-02T09:18:07.755+0000] {dag.py:3504} INFO - Setting next_dagrun for example_time_delta_sensor_async to None, run_after=None
[2024-04-02T09:18:07.792+0000] {processor.py:179} INFO - Processing /usr/local/python/3.10.13/lib/python3.10/site-packages/airflow/example_dags/example_time_delta_sensor_async.py took 0.072 seconds
[2024-04-02T09:18:47.735+0000] {processor.py:157} INFO - Started process (PID=22439) to work on /usr/local/python/3.10.13/lib/python3.10/site-packages/airflow/example_dags/example_time_delta_sensor_async.py
[2024-04-02T09:18:47.735+0000] {processor.py:826} INFO - Processing file /usr/local/python/3.10.13/lib/python3.10/site-packages/airflow/example_dags/example_time_delta_sensor_async.py for tasks to queue
[2024-04-02T09:18:47.736+0000] {logging_mixin.py:150} INFO - [2024-04-02T09:18:47.736+0000] {dagbag.py:541} INFO - Filling up the DagBag from /usr/local/python/3.10.13/lib/python3.10/site-packages/airflow/example_dags/example_time_delta_sensor_async.py
[2024-04-02T09:18:47.740+0000] {processor.py:836} INFO - DAG(s) dict_keys(['example_time_delta_sensor_async']) retrieved from /usr/local/python/3.10.13/lib/python3.10/site-packages/airflow/example_dags/example_time_delta_sensor_async.py
[2024-04-02T09:18:47.752+0000] {logging_mixin.py:150} INFO - [2024-04-02T09:18:47.751+0000] {dag.py:2742} INFO - Sync 1 DAGs
[2024-04-02T09:18:47.767+0000] {logging_mixin.py:150} INFO - [2024-04-02T09:18:47.767+0000] {dag.py:3504} INFO - Setting next_dagrun for example_time_delta_sensor_async to None, run_after=None
[2024-04-02T09:18:47.805+0000] {processor.py:179} INFO - Processing /usr/local/python/3.10.13/lib/python3.10/site-packages/airflow/example_dags/example_time_delta_sensor_async.py took 0.073 seconds
[2024-04-02T09:19:28.416+0000] {processor.py:157} INFO - Started process (PID=22721) to work on /usr/local/python/3.10.13/lib/python3.10/site-packages/airflow/example_dags/example_time_delta_sensor_async.py
[2024-04-02T09:19:28.417+0000] {processor.py:826} INFO - Processing file /usr/local/python/3.10.13/lib/python3.10/site-packages/airflow/example_dags/example_time_delta_sensor_async.py for tasks to queue
[2024-04-02T09:19:28.418+0000] {logging_mixin.py:150} INFO - [2024-04-02T09:19:28.418+0000] {dagbag.py:541} INFO - Filling up the DagBag from /usr/local/python/3.10.13/lib/python3.10/site-packages/airflow/example_dags/example_time_delta_sensor_async.py
[2024-04-02T09:19:28.421+0000] {processor.py:836} INFO - DAG(s) dict_keys(['example_time_delta_sensor_async']) retrieved from /usr/local/python/3.10.13/lib/python3.10/site-packages/airflow/example_dags/example_time_delta_sensor_async.py
[2024-04-02T09:19:28.433+0000] {logging_mixin.py:150} INFO - [2024-04-02T09:19:28.433+0000] {dag.py:2742} INFO - Sync 1 DAGs
[2024-04-02T09:19:28.449+0000] {logging_mixin.py:150} INFO - [2024-04-02T09:19:28.449+0000] {dag.py:3504} INFO - Setting next_dagrun for example_time_delta_sensor_async to None, run_after=None
[2024-04-02T09:19:28.497+0000] {processor.py:179} INFO - Processing /usr/local/python/3.10.13/lib/python3.10/site-packages/airflow/example_dags/example_time_delta_sensor_async.py took 0.083 seconds
[2024-04-02T09:20:18.181+0000] {processor.py:157} INFO - Started process (PID=23092) to work on /usr/local/python/3.10.13/lib/python3.10/site-packages/airflow/example_dags/example_time_delta_sensor_async.py
[2024-04-02T09:20:18.181+0000] {processor.py:826} INFO - Processing file /usr/local/python/3.10.13/lib/python3.10/site-packages/airflow/example_dags/example_time_delta_sensor_async.py for tasks to queue
[2024-04-02T09:20:18.182+0000] {logging_mixin.py:150} INFO - [2024-04-02T09:20:18.182+0000] {dagbag.py:541} INFO - Filling up the DagBag from /usr/local/python/3.10.13/lib/python3.10/site-packages/airflow/example_dags/example_time_delta_sensor_async.py
[2024-04-02T09:20:18.186+0000] {processor.py:836} INFO - DAG(s) dict_keys(['example_time_delta_sensor_async']) retrieved from /usr/local/python/3.10.13/lib/python3.10/site-packages/airflow/example_dags/example_time_delta_sensor_async.py
[2024-04-02T09:20:18.198+0000] {logging_mixin.py:150} INFO - [2024-04-02T09:20:18.198+0000] {dag.py:2742} INFO - Sync 1 DAGs
[2024-04-02T09:20:18.213+0000] {logging_mixin.py:150} INFO - [2024-04-02T09:20:18.213+0000] {dag.py:3504} INFO - Setting next_dagrun for example_time_delta_sensor_async to None, run_after=None
[2024-04-02T09:20:18.254+0000] {processor.py:179} INFO - Processing /usr/local/python/3.10.13/lib/python3.10/site-packages/airflow/example_dags/example_time_delta_sensor_async.py took 0.076 seconds
[2024-04-02T09:20:58.583+0000] {processor.py:157} INFO - Started process (PID=23365) to work on /usr/local/python/3.10.13/lib/python3.10/site-packages/airflow/example_dags/example_time_delta_sensor_async.py
[2024-04-02T09:20:58.585+0000] {processor.py:826} INFO - Processing file /usr/local/python/3.10.13/lib/python3.10/site-packages/airflow/example_dags/example_time_delta_sensor_async.py for tasks to queue
[2024-04-02T09:20:58.586+0000] {logging_mixin.py:150} INFO - [2024-04-02T09:20:58.585+0000] {dagbag.py:541} INFO - Filling up the DagBag from /usr/local/python/3.10.13/lib/python3.10/site-packages/airflow/example_dags/example_time_delta_sensor_async.py
[2024-04-02T09:20:58.591+0000] {processor.py:836} INFO - DAG(s) dict_keys(['example_time_delta_sensor_async']) retrieved from /usr/local/python/3.10.13/lib/python3.10/site-packages/airflow/example_dags/example_time_delta_sensor_async.py
[2024-04-02T09:20:58.609+0000] {logging_mixin.py:150} INFO - [2024-04-02T09:20:58.609+0000] {dag.py:2742} INFO - Sync 1 DAGs
[2024-04-02T09:20:58.636+0000] {logging_mixin.py:150} INFO - [2024-04-02T09:20:58.636+0000] {dag.py:3504} INFO - Setting next_dagrun for example_time_delta_sensor_async to None, run_after=None
[2024-04-02T09:20:58.685+0000] {processor.py:179} INFO - Processing /usr/local/python/3.10.13/lib/python3.10/site-packages/airflow/example_dags/example_time_delta_sensor_async.py took 0.105 seconds
[2024-04-02T09:21:34.551+0000] {processor.py:157} INFO - Started process (PID=23604) to work on /usr/local/python/3.10.13/lib/python3.10/site-packages/airflow/example_dags/example_time_delta_sensor_async.py
[2024-04-02T09:21:34.551+0000] {processor.py:826} INFO - Processing file /usr/local/python/3.10.13/lib/python3.10/site-packages/airflow/example_dags/example_time_delta_sensor_async.py for tasks to queue
[2024-04-02T09:21:34.552+0000] {logging_mixin.py:150} INFO - [2024-04-02T09:21:34.552+0000] {dagbag.py:541} INFO - Filling up the DagBag from /usr/local/python/3.10.13/lib/python3.10/site-packages/airflow/example_dags/example_time_delta_sensor_async.py
[2024-04-02T09:21:34.555+0000] {processor.py:836} INFO - DAG(s) dict_keys(['example_time_delta_sensor_async']) retrieved from /usr/local/python/3.10.13/lib/python3.10/site-packages/airflow/example_dags/example_time_delta_sensor_async.py
[2024-04-02T09:21:34.568+0000] {logging_mixin.py:150} INFO - [2024-04-02T09:21:34.568+0000] {dag.py:2742} INFO - Sync 1 DAGs
[2024-04-02T09:21:34.583+0000] {logging_mixin.py:150} INFO - [2024-04-02T09:21:34.583+0000] {dag.py:3504} INFO - Setting next_dagrun for example_time_delta_sensor_async to None, run_after=None
[2024-04-02T09:21:34.623+0000] {processor.py:179} INFO - Processing /usr/local/python/3.10.13/lib/python3.10/site-packages/airflow/example_dags/example_time_delta_sensor_async.py took 0.075 seconds
[2024-04-02T09:22:10.655+0000] {processor.py:157} INFO - Started process (PID=23855) to work on /usr/local/python/3.10.13/lib/python3.10/site-packages/airflow/example_dags/example_time_delta_sensor_async.py
[2024-04-02T09:22:10.657+0000] {processor.py:826} INFO - Processing file /usr/local/python/3.10.13/lib/python3.10/site-packages/airflow/example_dags/example_time_delta_sensor_async.py for tasks to queue
[2024-04-02T09:22:10.660+0000] {logging_mixin.py:150} INFO - [2024-04-02T09:22:10.659+0000] {dagbag.py:541} INFO - Filling up the DagBag from /usr/local/python/3.10.13/lib/python3.10/site-packages/airflow/example_dags/example_time_delta_sensor_async.py
[2024-04-02T09:22:10.665+0000] {processor.py:836} INFO - DAG(s) dict_keys(['example_time_delta_sensor_async']) retrieved from /usr/local/python/3.10.13/lib/python3.10/site-packages/airflow/example_dags/example_time_delta_sensor_async.py
[2024-04-02T09:22:10.693+0000] {logging_mixin.py:150} INFO - [2024-04-02T09:22:10.693+0000] {dag.py:2742} INFO - Sync 1 DAGs
[2024-04-02T09:22:10.716+0000] {logging_mixin.py:150} INFO - [2024-04-02T09:22:10.716+0000] {dag.py:3504} INFO - Setting next_dagrun for example_time_delta_sensor_async to None, run_after=None
[2024-04-02T09:22:10.765+0000] {processor.py:179} INFO - Processing /usr/local/python/3.10.13/lib/python3.10/site-packages/airflow/example_dags/example_time_delta_sensor_async.py took 0.113 seconds
[2024-04-02T09:22:51.728+0000] {processor.py:157} INFO - Started process (PID=24138) to work on /usr/local/python/3.10.13/lib/python3.10/site-packages/airflow/example_dags/example_time_delta_sensor_async.py
[2024-04-02T09:22:51.729+0000] {processor.py:826} INFO - Processing file /usr/local/python/3.10.13/lib/python3.10/site-packages/airflow/example_dags/example_time_delta_sensor_async.py for tasks to queue
[2024-04-02T09:22:51.730+0000] {logging_mixin.py:150} INFO - [2024-04-02T09:22:51.729+0000] {dagbag.py:541} INFO - Filling up the DagBag from /usr/local/python/3.10.13/lib/python3.10/site-packages/airflow/example_dags/example_time_delta_sensor_async.py
[2024-04-02T09:22:51.733+0000] {processor.py:836} INFO - DAG(s) dict_keys(['example_time_delta_sensor_async']) retrieved from /usr/local/python/3.10.13/lib/python3.10/site-packages/airflow/example_dags/example_time_delta_sensor_async.py
[2024-04-02T09:22:51.745+0000] {logging_mixin.py:150} INFO - [2024-04-02T09:22:51.745+0000] {dag.py:2742} INFO - Sync 1 DAGs
[2024-04-02T09:22:51.760+0000] {logging_mixin.py:150} INFO - [2024-04-02T09:22:51.760+0000] {dag.py:3504} INFO - Setting next_dagrun for example_time_delta_sensor_async to None, run_after=None
[2024-04-02T09:22:51.801+0000] {processor.py:179} INFO - Processing /usr/local/python/3.10.13/lib/python3.10/site-packages/airflow/example_dags/example_time_delta_sensor_async.py took 0.075 seconds
[2024-04-02T09:23:30.263+0000] {processor.py:157} INFO - Started process (PID=24406) to work on /usr/local/python/3.10.13/lib/python3.10/site-packages/airflow/example_dags/example_time_delta_sensor_async.py
[2024-04-02T09:23:30.263+0000] {processor.py:826} INFO - Processing file /usr/local/python/3.10.13/lib/python3.10/site-packages/airflow/example_dags/example_time_delta_sensor_async.py for tasks to queue
[2024-04-02T09:23:30.264+0000] {logging_mixin.py:150} INFO - [2024-04-02T09:23:30.264+0000] {dagbag.py:541} INFO - Filling up the DagBag from /usr/local/python/3.10.13/lib/python3.10/site-packages/airflow/example_dags/example_time_delta_sensor_async.py
[2024-04-02T09:23:30.267+0000] {processor.py:836} INFO - DAG(s) dict_keys(['example_time_delta_sensor_async']) retrieved from /usr/local/python/3.10.13/lib/python3.10/site-packages/airflow/example_dags/example_time_delta_sensor_async.py
[2024-04-02T09:23:30.280+0000] {logging_mixin.py:150} INFO - [2024-04-02T09:23:30.280+0000] {dag.py:2742} INFO - Sync 1 DAGs
[2024-04-02T09:23:30.295+0000] {logging_mixin.py:150} INFO - [2024-04-02T09:23:30.295+0000] {dag.py:3504} INFO - Setting next_dagrun for example_time_delta_sensor_async to None, run_after=None
[2024-04-02T09:23:30.339+0000] {processor.py:179} INFO - Processing /usr/local/python/3.10.13/lib/python3.10/site-packages/airflow/example_dags/example_time_delta_sensor_async.py took 0.078 seconds
[2024-04-02T09:24:11.200+0000] {processor.py:157} INFO - Started process (PID=24674) to work on /usr/local/python/3.10.13/lib/python3.10/site-packages/airflow/example_dags/example_time_delta_sensor_async.py
[2024-04-02T09:24:11.201+0000] {processor.py:826} INFO - Processing file /usr/local/python/3.10.13/lib/python3.10/site-packages/airflow/example_dags/example_time_delta_sensor_async.py for tasks to queue
[2024-04-02T09:24:11.203+0000] {logging_mixin.py:150} INFO - [2024-04-02T09:24:11.202+0000] {dagbag.py:541} INFO - Filling up the DagBag from /usr/local/python/3.10.13/lib/python3.10/site-packages/airflow/example_dags/example_time_delta_sensor_async.py
[2024-04-02T09:24:11.207+0000] {processor.py:836} INFO - DAG(s) dict_keys(['example_time_delta_sensor_async']) retrieved from /usr/local/python/3.10.13/lib/python3.10/site-packages/airflow/example_dags/example_time_delta_sensor_async.py
[2024-04-02T09:24:11.225+0000] {logging_mixin.py:150} INFO - [2024-04-02T09:24:11.224+0000] {dag.py:2742} INFO - Sync 1 DAGs
[2024-04-02T09:24:11.247+0000] {logging_mixin.py:150} INFO - [2024-04-02T09:24:11.247+0000] {dag.py:3504} INFO - Setting next_dagrun for example_time_delta_sensor_async to None, run_after=None
[2024-04-02T09:24:11.293+0000] {processor.py:179} INFO - Processing /usr/local/python/3.10.13/lib/python3.10/site-packages/airflow/example_dags/example_time_delta_sensor_async.py took 0.095 seconds
[2024-04-02T09:24:52.807+0000] {processor.py:157} INFO - Started process (PID=24988) to work on /usr/local/python/3.10.13/lib/python3.10/site-packages/airflow/example_dags/example_time_delta_sensor_async.py
[2024-04-02T09:24:52.808+0000] {processor.py:826} INFO - Processing file /usr/local/python/3.10.13/lib/python3.10/site-packages/airflow/example_dags/example_time_delta_sensor_async.py for tasks to queue
[2024-04-02T09:24:52.809+0000] {logging_mixin.py:150} INFO - [2024-04-02T09:24:52.809+0000] {dagbag.py:541} INFO - Filling up the DagBag from /usr/local/python/3.10.13/lib/python3.10/site-packages/airflow/example_dags/example_time_delta_sensor_async.py
[2024-04-02T09:24:52.814+0000] {processor.py:836} INFO - DAG(s) dict_keys(['example_time_delta_sensor_async']) retrieved from /usr/local/python/3.10.13/lib/python3.10/site-packages/airflow/example_dags/example_time_delta_sensor_async.py
[2024-04-02T09:24:52.832+0000] {logging_mixin.py:150} INFO - [2024-04-02T09:24:52.831+0000] {dag.py:2742} INFO - Sync 1 DAGs
[2024-04-02T09:24:52.854+0000] {logging_mixin.py:150} INFO - [2024-04-02T09:24:52.854+0000] {dag.py:3504} INFO - Setting next_dagrun for example_time_delta_sensor_async to None, run_after=None
[2024-04-02T09:24:52.900+0000] {processor.py:179} INFO - Processing /usr/local/python/3.10.13/lib/python3.10/site-packages/airflow/example_dags/example_time_delta_sensor_async.py took 0.096 seconds
[2024-04-02T09:25:32.273+0000] {processor.py:157} INFO - Started process (PID=25258) to work on /usr/local/python/3.10.13/lib/python3.10/site-packages/airflow/example_dags/example_time_delta_sensor_async.py
[2024-04-02T09:25:32.274+0000] {processor.py:826} INFO - Processing file /usr/local/python/3.10.13/lib/python3.10/site-packages/airflow/example_dags/example_time_delta_sensor_async.py for tasks to queue
[2024-04-02T09:25:32.275+0000] {logging_mixin.py:150} INFO - [2024-04-02T09:25:32.274+0000] {dagbag.py:541} INFO - Filling up the DagBag from /usr/local/python/3.10.13/lib/python3.10/site-packages/airflow/example_dags/example_time_delta_sensor_async.py
[2024-04-02T09:25:32.278+0000] {processor.py:836} INFO - DAG(s) dict_keys(['example_time_delta_sensor_async']) retrieved from /usr/local/python/3.10.13/lib/python3.10/site-packages/airflow/example_dags/example_time_delta_sensor_async.py
[2024-04-02T09:25:32.290+0000] {logging_mixin.py:150} INFO - [2024-04-02T09:25:32.290+0000] {dag.py:2742} INFO - Sync 1 DAGs
[2024-04-02T09:25:32.305+0000] {logging_mixin.py:150} INFO - [2024-04-02T09:25:32.305+0000] {dag.py:3504} INFO - Setting next_dagrun for example_time_delta_sensor_async to None, run_after=None
[2024-04-02T09:25:32.344+0000] {processor.py:179} INFO - Processing /usr/local/python/3.10.13/lib/python3.10/site-packages/airflow/example_dags/example_time_delta_sensor_async.py took 0.073 seconds
[2024-04-02T09:26:18.371+0000] {processor.py:157} INFO - Started process (PID=25559) to work on /usr/local/python/3.10.13/lib/python3.10/site-packages/airflow/example_dags/example_time_delta_sensor_async.py
[2024-04-02T09:26:18.371+0000] {processor.py:826} INFO - Processing file /usr/local/python/3.10.13/lib/python3.10/site-packages/airflow/example_dags/example_time_delta_sensor_async.py for tasks to queue
[2024-04-02T09:26:18.372+0000] {logging_mixin.py:150} INFO - [2024-04-02T09:26:18.372+0000] {dagbag.py:541} INFO - Filling up the DagBag from /usr/local/python/3.10.13/lib/python3.10/site-packages/airflow/example_dags/example_time_delta_sensor_async.py
[2024-04-02T09:26:18.375+0000] {processor.py:836} INFO - DAG(s) dict_keys(['example_time_delta_sensor_async']) retrieved from /usr/local/python/3.10.13/lib/python3.10/site-packages/airflow/example_dags/example_time_delta_sensor_async.py
[2024-04-02T09:26:18.393+0000] {logging_mixin.py:150} INFO - [2024-04-02T09:26:18.393+0000] {dag.py:2742} INFO - Sync 1 DAGs
[2024-04-02T09:26:18.409+0000] {logging_mixin.py:150} INFO - [2024-04-02T09:26:18.409+0000] {dag.py:3504} INFO - Setting next_dagrun for example_time_delta_sensor_async to None, run_after=None
[2024-04-02T09:26:18.447+0000] {processor.py:179} INFO - Processing /usr/local/python/3.10.13/lib/python3.10/site-packages/airflow/example_dags/example_time_delta_sensor_async.py took 0.079 seconds
[2024-04-02T09:26:58.896+0000] {processor.py:157} INFO - Started process (PID=25839) to work on /usr/local/python/3.10.13/lib/python3.10/site-packages/airflow/example_dags/example_time_delta_sensor_async.py
[2024-04-02T09:26:58.897+0000] {processor.py:826} INFO - Processing file /usr/local/python/3.10.13/lib/python3.10/site-packages/airflow/example_dags/example_time_delta_sensor_async.py for tasks to queue
[2024-04-02T09:26:58.898+0000] {logging_mixin.py:150} INFO - [2024-04-02T09:26:58.897+0000] {dagbag.py:541} INFO - Filling up the DagBag from /usr/local/python/3.10.13/lib/python3.10/site-packages/airflow/example_dags/example_time_delta_sensor_async.py
[2024-04-02T09:26:58.903+0000] {processor.py:836} INFO - DAG(s) dict_keys(['example_time_delta_sensor_async']) retrieved from /usr/local/python/3.10.13/lib/python3.10/site-packages/airflow/example_dags/example_time_delta_sensor_async.py
[2024-04-02T09:26:58.921+0000] {logging_mixin.py:150} INFO - [2024-04-02T09:26:58.921+0000] {dag.py:2742} INFO - Sync 1 DAGs
[2024-04-02T09:26:58.947+0000] {logging_mixin.py:150} INFO - [2024-04-02T09:26:58.946+0000] {dag.py:3504} INFO - Setting next_dagrun for example_time_delta_sensor_async to None, run_after=None
[2024-04-02T09:26:58.996+0000] {processor.py:179} INFO - Processing /usr/local/python/3.10.13/lib/python3.10/site-packages/airflow/example_dags/example_time_delta_sensor_async.py took 0.104 seconds
[2024-04-02T09:27:38.753+0000] {processor.py:157} INFO - Started process (PID=26109) to work on /usr/local/python/3.10.13/lib/python3.10/site-packages/airflow/example_dags/example_time_delta_sensor_async.py
[2024-04-02T09:27:38.753+0000] {processor.py:826} INFO - Processing file /usr/local/python/3.10.13/lib/python3.10/site-packages/airflow/example_dags/example_time_delta_sensor_async.py for tasks to queue
[2024-04-02T09:27:38.754+0000] {logging_mixin.py:150} INFO - [2024-04-02T09:27:38.754+0000] {dagbag.py:541} INFO - Filling up the DagBag from /usr/local/python/3.10.13/lib/python3.10/site-packages/airflow/example_dags/example_time_delta_sensor_async.py
[2024-04-02T09:27:38.758+0000] {processor.py:836} INFO - DAG(s) dict_keys(['example_time_delta_sensor_async']) retrieved from /usr/local/python/3.10.13/lib/python3.10/site-packages/airflow/example_dags/example_time_delta_sensor_async.py
[2024-04-02T09:27:38.769+0000] {logging_mixin.py:150} INFO - [2024-04-02T09:27:38.769+0000] {dag.py:2742} INFO - Sync 1 DAGs
[2024-04-02T09:27:38.866+0000] {logging_mixin.py:150} INFO - [2024-04-02T09:27:38.866+0000] {dag.py:3504} INFO - Setting next_dagrun for example_time_delta_sensor_async to None, run_after=None
[2024-04-02T09:27:38.910+0000] {processor.py:179} INFO - Processing /usr/local/python/3.10.13/lib/python3.10/site-packages/airflow/example_dags/example_time_delta_sensor_async.py took 0.159 seconds
[2024-04-02T09:28:19.438+0000] {processor.py:157} INFO - Started process (PID=26383) to work on /usr/local/python/3.10.13/lib/python3.10/site-packages/airflow/example_dags/example_time_delta_sensor_async.py
[2024-04-02T09:28:19.439+0000] {processor.py:826} INFO - Processing file /usr/local/python/3.10.13/lib/python3.10/site-packages/airflow/example_dags/example_time_delta_sensor_async.py for tasks to queue
[2024-04-02T09:28:19.440+0000] {logging_mixin.py:150} INFO - [2024-04-02T09:28:19.440+0000] {dagbag.py:541} INFO - Filling up the DagBag from /usr/local/python/3.10.13/lib/python3.10/site-packages/airflow/example_dags/example_time_delta_sensor_async.py
[2024-04-02T09:28:19.445+0000] {processor.py:836} INFO - DAG(s) dict_keys(['example_time_delta_sensor_async']) retrieved from /usr/local/python/3.10.13/lib/python3.10/site-packages/airflow/example_dags/example_time_delta_sensor_async.py
[2024-04-02T09:28:19.462+0000] {logging_mixin.py:150} INFO - [2024-04-02T09:28:19.462+0000] {dag.py:2742} INFO - Sync 1 DAGs
[2024-04-02T09:28:19.480+0000] {logging_mixin.py:150} INFO - [2024-04-02T09:28:19.480+0000] {dag.py:3504} INFO - Setting next_dagrun for example_time_delta_sensor_async to None, run_after=None
[2024-04-02T09:28:19.532+0000] {processor.py:179} INFO - Processing /usr/local/python/3.10.13/lib/python3.10/site-packages/airflow/example_dags/example_time_delta_sensor_async.py took 0.097 seconds
[2024-04-02T09:29:02.619+0000] {processor.py:157} INFO - Started process (PID=26672) to work on /usr/local/python/3.10.13/lib/python3.10/site-packages/airflow/example_dags/example_time_delta_sensor_async.py
[2024-04-02T09:29:02.619+0000] {processor.py:826} INFO - Processing file /usr/local/python/3.10.13/lib/python3.10/site-packages/airflow/example_dags/example_time_delta_sensor_async.py for tasks to queue
[2024-04-02T09:29:02.620+0000] {logging_mixin.py:150} INFO - [2024-04-02T09:29:02.620+0000] {dagbag.py:541} INFO - Filling up the DagBag from /usr/local/python/3.10.13/lib/python3.10/site-packages/airflow/example_dags/example_time_delta_sensor_async.py
[2024-04-02T09:29:02.623+0000] {processor.py:836} INFO - DAG(s) dict_keys(['example_time_delta_sensor_async']) retrieved from /usr/local/python/3.10.13/lib/python3.10/site-packages/airflow/example_dags/example_time_delta_sensor_async.py
[2024-04-02T09:29:02.716+0000] {logging_mixin.py:150} INFO - [2024-04-02T09:29:02.716+0000] {dag.py:2742} INFO - Sync 1 DAGs
[2024-04-02T09:29:02.730+0000] {logging_mixin.py:150} INFO - [2024-04-02T09:29:02.730+0000] {dag.py:3504} INFO - Setting next_dagrun for example_time_delta_sensor_async to None, run_after=None
[2024-04-02T09:29:02.770+0000] {processor.py:179} INFO - Processing /usr/local/python/3.10.13/lib/python3.10/site-packages/airflow/example_dags/example_time_delta_sensor_async.py took 0.154 seconds
[2024-04-02T09:29:41.474+0000] {processor.py:157} INFO - Started process (PID=26990) to work on /usr/local/python/3.10.13/lib/python3.10/site-packages/airflow/example_dags/example_time_delta_sensor_async.py
[2024-04-02T09:29:41.475+0000] {processor.py:826} INFO - Processing file /usr/local/python/3.10.13/lib/python3.10/site-packages/airflow/example_dags/example_time_delta_sensor_async.py for tasks to queue
[2024-04-02T09:29:41.477+0000] {logging_mixin.py:150} INFO - [2024-04-02T09:29:41.476+0000] {dagbag.py:541} INFO - Filling up the DagBag from /usr/local/python/3.10.13/lib/python3.10/site-packages/airflow/example_dags/example_time_delta_sensor_async.py
[2024-04-02T09:29:41.482+0000] {processor.py:836} INFO - DAG(s) dict_keys(['example_time_delta_sensor_async']) retrieved from /usr/local/python/3.10.13/lib/python3.10/site-packages/airflow/example_dags/example_time_delta_sensor_async.py
[2024-04-02T09:29:41.499+0000] {logging_mixin.py:150} INFO - [2024-04-02T09:29:41.499+0000] {dag.py:2742} INFO - Sync 1 DAGs
[2024-04-02T09:29:41.521+0000] {logging_mixin.py:150} INFO - [2024-04-02T09:29:41.520+0000] {dag.py:3504} INFO - Setting next_dagrun for example_time_delta_sensor_async to None, run_after=None
[2024-04-02T09:29:41.571+0000] {processor.py:179} INFO - Processing /usr/local/python/3.10.13/lib/python3.10/site-packages/airflow/example_dags/example_time_delta_sensor_async.py took 0.100 seconds
[2024-04-02T09:30:32.620+0000] {processor.py:157} INFO - Started process (PID=27338) to work on /usr/local/python/3.10.13/lib/python3.10/site-packages/airflow/example_dags/example_time_delta_sensor_async.py
[2024-04-02T09:30:32.621+0000] {processor.py:826} INFO - Processing file /usr/local/python/3.10.13/lib/python3.10/site-packages/airflow/example_dags/example_time_delta_sensor_async.py for tasks to queue
[2024-04-02T09:30:32.622+0000] {logging_mixin.py:150} INFO - [2024-04-02T09:30:32.622+0000] {dagbag.py:541} INFO - Filling up the DagBag from /usr/local/python/3.10.13/lib/python3.10/site-packages/airflow/example_dags/example_time_delta_sensor_async.py
[2024-04-02T09:30:32.627+0000] {processor.py:836} INFO - DAG(s) dict_keys(['example_time_delta_sensor_async']) retrieved from /usr/local/python/3.10.13/lib/python3.10/site-packages/airflow/example_dags/example_time_delta_sensor_async.py
[2024-04-02T09:30:32.644+0000] {logging_mixin.py:150} INFO - [2024-04-02T09:30:32.644+0000] {dag.py:2742} INFO - Sync 1 DAGs
[2024-04-02T09:30:32.667+0000] {logging_mixin.py:150} INFO - [2024-04-02T09:30:32.666+0000] {dag.py:3504} INFO - Setting next_dagrun for example_time_delta_sensor_async to None, run_after=None
[2024-04-02T09:30:32.712+0000] {processor.py:179} INFO - Processing /usr/local/python/3.10.13/lib/python3.10/site-packages/airflow/example_dags/example_time_delta_sensor_async.py took 0.095 seconds
[2024-04-02T09:31:13.260+0000] {processor.py:157} INFO - Started process (PID=27614) to work on /usr/local/python/3.10.13/lib/python3.10/site-packages/airflow/example_dags/example_time_delta_sensor_async.py
[2024-04-02T09:31:13.261+0000] {processor.py:826} INFO - Processing file /usr/local/python/3.10.13/lib/python3.10/site-packages/airflow/example_dags/example_time_delta_sensor_async.py for tasks to queue
[2024-04-02T09:31:13.262+0000] {logging_mixin.py:150} INFO - [2024-04-02T09:31:13.262+0000] {dagbag.py:541} INFO - Filling up the DagBag from /usr/local/python/3.10.13/lib/python3.10/site-packages/airflow/example_dags/example_time_delta_sensor_async.py
[2024-04-02T09:31:13.268+0000] {processor.py:836} INFO - DAG(s) dict_keys(['example_time_delta_sensor_async']) retrieved from /usr/local/python/3.10.13/lib/python3.10/site-packages/airflow/example_dags/example_time_delta_sensor_async.py
[2024-04-02T09:31:13.287+0000] {logging_mixin.py:150} INFO - [2024-04-02T09:31:13.287+0000] {dag.py:2742} INFO - Sync 1 DAGs
[2024-04-02T09:31:13.312+0000] {logging_mixin.py:150} INFO - [2024-04-02T09:31:13.312+0000] {dag.py:3504} INFO - Setting next_dagrun for example_time_delta_sensor_async to None, run_after=None
[2024-04-02T09:31:13.358+0000] {processor.py:179} INFO - Processing /usr/local/python/3.10.13/lib/python3.10/site-packages/airflow/example_dags/example_time_delta_sensor_async.py took 0.101 seconds
[2024-04-02T09:31:53.438+0000] {processor.py:157} INFO - Started process (PID=27892) to work on /usr/local/python/3.10.13/lib/python3.10/site-packages/airflow/example_dags/example_time_delta_sensor_async.py
[2024-04-02T09:31:53.438+0000] {processor.py:826} INFO - Processing file /usr/local/python/3.10.13/lib/python3.10/site-packages/airflow/example_dags/example_time_delta_sensor_async.py for tasks to queue
[2024-04-02T09:31:53.439+0000] {logging_mixin.py:150} INFO - [2024-04-02T09:31:53.439+0000] {dagbag.py:541} INFO - Filling up the DagBag from /usr/local/python/3.10.13/lib/python3.10/site-packages/airflow/example_dags/example_time_delta_sensor_async.py
[2024-04-02T09:31:53.444+0000] {processor.py:836} INFO - DAG(s) dict_keys(['example_time_delta_sensor_async']) retrieved from /usr/local/python/3.10.13/lib/python3.10/site-packages/airflow/example_dags/example_time_delta_sensor_async.py
[2024-04-02T09:31:53.462+0000] {logging_mixin.py:150} INFO - [2024-04-02T09:31:53.462+0000] {dag.py:2742} INFO - Sync 1 DAGs
[2024-04-02T09:31:53.487+0000] {logging_mixin.py:150} INFO - [2024-04-02T09:31:53.486+0000] {dag.py:3504} INFO - Setting next_dagrun for example_time_delta_sensor_async to None, run_after=None
[2024-04-02T09:31:53.539+0000] {processor.py:179} INFO - Processing /usr/local/python/3.10.13/lib/python3.10/site-packages/airflow/example_dags/example_time_delta_sensor_async.py took 0.105 seconds
[2024-04-02T09:32:31.474+0000] {processor.py:157} INFO - Started process (PID=28136) to work on /usr/local/python/3.10.13/lib/python3.10/site-packages/airflow/example_dags/example_time_delta_sensor_async.py
[2024-04-02T09:32:31.475+0000] {processor.py:826} INFO - Processing file /usr/local/python/3.10.13/lib/python3.10/site-packages/airflow/example_dags/example_time_delta_sensor_async.py for tasks to queue
[2024-04-02T09:32:31.476+0000] {logging_mixin.py:150} INFO - [2024-04-02T09:32:31.476+0000] {dagbag.py:541} INFO - Filling up the DagBag from /usr/local/python/3.10.13/lib/python3.10/site-packages/airflow/example_dags/example_time_delta_sensor_async.py
[2024-04-02T09:32:31.481+0000] {processor.py:836} INFO - DAG(s) dict_keys(['example_time_delta_sensor_async']) retrieved from /usr/local/python/3.10.13/lib/python3.10/site-packages/airflow/example_dags/example_time_delta_sensor_async.py
[2024-04-02T09:32:31.496+0000] {logging_mixin.py:150} INFO - [2024-04-02T09:32:31.495+0000] {dag.py:2742} INFO - Sync 1 DAGs
[2024-04-02T09:32:31.511+0000] {logging_mixin.py:150} INFO - [2024-04-02T09:32:31.511+0000] {dag.py:3504} INFO - Setting next_dagrun for example_time_delta_sensor_async to None, run_after=None
[2024-04-02T09:32:31.566+0000] {processor.py:179} INFO - Processing /usr/local/python/3.10.13/lib/python3.10/site-packages/airflow/example_dags/example_time_delta_sensor_async.py took 0.096 seconds
[2024-04-02T09:33:12.576+0000] {processor.py:157} INFO - Started process (PID=28420) to work on /usr/local/python/3.10.13/lib/python3.10/site-packages/airflow/example_dags/example_time_delta_sensor_async.py
[2024-04-02T09:33:12.577+0000] {processor.py:826} INFO - Processing file /usr/local/python/3.10.13/lib/python3.10/site-packages/airflow/example_dags/example_time_delta_sensor_async.py for tasks to queue
[2024-04-02T09:33:12.578+0000] {logging_mixin.py:150} INFO - [2024-04-02T09:33:12.577+0000] {dagbag.py:541} INFO - Filling up the DagBag from /usr/local/python/3.10.13/lib/python3.10/site-packages/airflow/example_dags/example_time_delta_sensor_async.py
[2024-04-02T09:33:12.581+0000] {processor.py:836} INFO - DAG(s) dict_keys(['example_time_delta_sensor_async']) retrieved from /usr/local/python/3.10.13/lib/python3.10/site-packages/airflow/example_dags/example_time_delta_sensor_async.py
[2024-04-02T09:33:12.593+0000] {logging_mixin.py:150} INFO - [2024-04-02T09:33:12.593+0000] {dag.py:2742} INFO - Sync 1 DAGs
[2024-04-02T09:33:12.609+0000] {logging_mixin.py:150} INFO - [2024-04-02T09:33:12.608+0000] {dag.py:3504} INFO - Setting next_dagrun for example_time_delta_sensor_async to None, run_after=None
[2024-04-02T09:33:12.648+0000] {processor.py:179} INFO - Processing /usr/local/python/3.10.13/lib/python3.10/site-packages/airflow/example_dags/example_time_delta_sensor_async.py took 0.074 seconds
[2024-04-02T09:33:50.900+0000] {processor.py:157} INFO - Started process (PID=28684) to work on /usr/local/python/3.10.13/lib/python3.10/site-packages/airflow/example_dags/example_time_delta_sensor_async.py
[2024-04-02T09:33:50.901+0000] {processor.py:826} INFO - Processing file /usr/local/python/3.10.13/lib/python3.10/site-packages/airflow/example_dags/example_time_delta_sensor_async.py for tasks to queue
[2024-04-02T09:33:50.902+0000] {logging_mixin.py:150} INFO - [2024-04-02T09:33:50.902+0000] {dagbag.py:541} INFO - Filling up the DagBag from /usr/local/python/3.10.13/lib/python3.10/site-packages/airflow/example_dags/example_time_delta_sensor_async.py
[2024-04-02T09:33:50.907+0000] {processor.py:836} INFO - DAG(s) dict_keys(['example_time_delta_sensor_async']) retrieved from /usr/local/python/3.10.13/lib/python3.10/site-packages/airflow/example_dags/example_time_delta_sensor_async.py
[2024-04-02T09:33:50.925+0000] {logging_mixin.py:150} INFO - [2024-04-02T09:33:50.924+0000] {dag.py:2742} INFO - Sync 1 DAGs
[2024-04-02T09:33:50.943+0000] {logging_mixin.py:150} INFO - [2024-04-02T09:33:50.943+0000] {dag.py:3504} INFO - Setting next_dagrun for example_time_delta_sensor_async to None, run_after=None
[2024-04-02T09:33:50.982+0000] {processor.py:179} INFO - Processing /usr/local/python/3.10.13/lib/python3.10/site-packages/airflow/example_dags/example_time_delta_sensor_async.py took 0.085 seconds
[2024-04-02T09:34:28.190+0000] {processor.py:157} INFO - Started process (PID=28939) to work on /usr/local/python/3.10.13/lib/python3.10/site-packages/airflow/example_dags/example_time_delta_sensor_async.py
[2024-04-02T09:34:28.192+0000] {processor.py:826} INFO - Processing file /usr/local/python/3.10.13/lib/python3.10/site-packages/airflow/example_dags/example_time_delta_sensor_async.py for tasks to queue
[2024-04-02T09:34:28.193+0000] {logging_mixin.py:150} INFO - [2024-04-02T09:34:28.192+0000] {dagbag.py:541} INFO - Filling up the DagBag from /usr/local/python/3.10.13/lib/python3.10/site-packages/airflow/example_dags/example_time_delta_sensor_async.py
[2024-04-02T09:34:28.198+0000] {processor.py:836} INFO - DAG(s) dict_keys(['example_time_delta_sensor_async']) retrieved from /usr/local/python/3.10.13/lib/python3.10/site-packages/airflow/example_dags/example_time_delta_sensor_async.py
[2024-04-02T09:34:28.216+0000] {logging_mixin.py:150} INFO - [2024-04-02T09:34:28.216+0000] {dag.py:2742} INFO - Sync 1 DAGs
[2024-04-02T09:34:28.249+0000] {logging_mixin.py:150} INFO - [2024-04-02T09:34:28.249+0000] {dag.py:3504} INFO - Setting next_dagrun for example_time_delta_sensor_async to None, run_after=None
[2024-04-02T09:34:28.302+0000] {processor.py:179} INFO - Processing /usr/local/python/3.10.13/lib/python3.10/site-packages/airflow/example_dags/example_time_delta_sensor_async.py took 0.114 seconds
[2024-04-02T09:35:07.121+0000] {processor.py:157} INFO - Started process (PID=29244) to work on /usr/local/python/3.10.13/lib/python3.10/site-packages/airflow/example_dags/example_time_delta_sensor_async.py
[2024-04-02T09:35:07.122+0000] {processor.py:826} INFO - Processing file /usr/local/python/3.10.13/lib/python3.10/site-packages/airflow/example_dags/example_time_delta_sensor_async.py for tasks to queue
[2024-04-02T09:35:07.123+0000] {logging_mixin.py:150} INFO - [2024-04-02T09:35:07.123+0000] {dagbag.py:541} INFO - Filling up the DagBag from /usr/local/python/3.10.13/lib/python3.10/site-packages/airflow/example_dags/example_time_delta_sensor_async.py
[2024-04-02T09:35:07.135+0000] {processor.py:836} INFO - DAG(s) dict_keys(['example_time_delta_sensor_async']) retrieved from /usr/local/python/3.10.13/lib/python3.10/site-packages/airflow/example_dags/example_time_delta_sensor_async.py
[2024-04-02T09:35:07.163+0000] {logging_mixin.py:150} INFO - [2024-04-02T09:35:07.163+0000] {dag.py:2742} INFO - Sync 1 DAGs
[2024-04-02T09:35:07.178+0000] {logging_mixin.py:150} INFO - [2024-04-02T09:35:07.178+0000] {dag.py:3504} INFO - Setting next_dagrun for example_time_delta_sensor_async to None, run_after=None
[2024-04-02T09:35:07.215+0000] {processor.py:179} INFO - Processing /usr/local/python/3.10.13/lib/python3.10/site-packages/airflow/example_dags/example_time_delta_sensor_async.py took 0.098 seconds
[2024-04-02T09:35:43.826+0000] {processor.py:157} INFO - Started process (PID=29478) to work on /usr/local/python/3.10.13/lib/python3.10/site-packages/airflow/example_dags/example_time_delta_sensor_async.py
[2024-04-02T09:35:43.827+0000] {processor.py:826} INFO - Processing file /usr/local/python/3.10.13/lib/python3.10/site-packages/airflow/example_dags/example_time_delta_sensor_async.py for tasks to queue
[2024-04-02T09:35:43.828+0000] {logging_mixin.py:150} INFO - [2024-04-02T09:35:43.828+0000] {dagbag.py:541} INFO - Filling up the DagBag from /usr/local/python/3.10.13/lib/python3.10/site-packages/airflow/example_dags/example_time_delta_sensor_async.py
[2024-04-02T09:35:43.833+0000] {processor.py:836} INFO - DAG(s) dict_keys(['example_time_delta_sensor_async']) retrieved from /usr/local/python/3.10.13/lib/python3.10/site-packages/airflow/example_dags/example_time_delta_sensor_async.py
[2024-04-02T09:35:43.852+0000] {logging_mixin.py:150} INFO - [2024-04-02T09:35:43.851+0000] {dag.py:2742} INFO - Sync 1 DAGs
[2024-04-02T09:35:43.876+0000] {logging_mixin.py:150} INFO - [2024-04-02T09:35:43.875+0000] {dag.py:3504} INFO - Setting next_dagrun for example_time_delta_sensor_async to None, run_after=None
[2024-04-02T09:35:43.920+0000] {processor.py:179} INFO - Processing /usr/local/python/3.10.13/lib/python3.10/site-packages/airflow/example_dags/example_time_delta_sensor_async.py took 0.098 seconds
[2024-04-02T09:36:35.351+0000] {processor.py:157} INFO - Started process (PID=29834) to work on /usr/local/python/3.10.13/lib/python3.10/site-packages/airflow/example_dags/example_time_delta_sensor_async.py
[2024-04-02T09:36:35.351+0000] {processor.py:826} INFO - Processing file /usr/local/python/3.10.13/lib/python3.10/site-packages/airflow/example_dags/example_time_delta_sensor_async.py for tasks to queue
[2024-04-02T09:36:35.352+0000] {logging_mixin.py:150} INFO - [2024-04-02T09:36:35.352+0000] {dagbag.py:541} INFO - Filling up the DagBag from /usr/local/python/3.10.13/lib/python3.10/site-packages/airflow/example_dags/example_time_delta_sensor_async.py
[2024-04-02T09:36:35.356+0000] {processor.py:836} INFO - DAG(s) dict_keys(['example_time_delta_sensor_async']) retrieved from /usr/local/python/3.10.13/lib/python3.10/site-packages/airflow/example_dags/example_time_delta_sensor_async.py
[2024-04-02T09:36:35.368+0000] {logging_mixin.py:150} INFO - [2024-04-02T09:36:35.367+0000] {dag.py:2742} INFO - Sync 1 DAGs
[2024-04-02T09:36:35.384+0000] {logging_mixin.py:150} INFO - [2024-04-02T09:36:35.384+0000] {dag.py:3504} INFO - Setting next_dagrun for example_time_delta_sensor_async to None, run_after=None
[2024-04-02T09:36:35.429+0000] {processor.py:179} INFO - Processing /usr/local/python/3.10.13/lib/python3.10/site-packages/airflow/example_dags/example_time_delta_sensor_async.py took 0.081 seconds
[2024-04-02T09:37:14.927+0000] {processor.py:157} INFO - Started process (PID=30106) to work on /usr/local/python/3.10.13/lib/python3.10/site-packages/airflow/example_dags/example_time_delta_sensor_async.py
[2024-04-02T09:37:14.927+0000] {processor.py:826} INFO - Processing file /usr/local/python/3.10.13/lib/python3.10/site-packages/airflow/example_dags/example_time_delta_sensor_async.py for tasks to queue
[2024-04-02T09:37:14.928+0000] {logging_mixin.py:150} INFO - [2024-04-02T09:37:14.928+0000] {dagbag.py:541} INFO - Filling up the DagBag from /usr/local/python/3.10.13/lib/python3.10/site-packages/airflow/example_dags/example_time_delta_sensor_async.py
[2024-04-02T09:37:14.932+0000] {processor.py:836} INFO - DAG(s) dict_keys(['example_time_delta_sensor_async']) retrieved from /usr/local/python/3.10.13/lib/python3.10/site-packages/airflow/example_dags/example_time_delta_sensor_async.py
[2024-04-02T09:37:14.945+0000] {logging_mixin.py:150} INFO - [2024-04-02T09:37:14.945+0000] {dag.py:2742} INFO - Sync 1 DAGs
[2024-04-02T09:37:14.961+0000] {logging_mixin.py:150} INFO - [2024-04-02T09:37:14.960+0000] {dag.py:3504} INFO - Setting next_dagrun for example_time_delta_sensor_async to None, run_after=None
[2024-04-02T09:37:15.002+0000] {processor.py:179} INFO - Processing /usr/local/python/3.10.13/lib/python3.10/site-packages/airflow/example_dags/example_time_delta_sensor_async.py took 0.078 seconds
[2024-04-02T09:37:51.653+0000] {processor.py:157} INFO - Started process (PID=30370) to work on /usr/local/python/3.10.13/lib/python3.10/site-packages/airflow/example_dags/example_time_delta_sensor_async.py
[2024-04-02T09:37:51.654+0000] {processor.py:826} INFO - Processing file /usr/local/python/3.10.13/lib/python3.10/site-packages/airflow/example_dags/example_time_delta_sensor_async.py for tasks to queue
[2024-04-02T09:37:51.655+0000] {logging_mixin.py:150} INFO - [2024-04-02T09:37:51.655+0000] {dagbag.py:541} INFO - Filling up the DagBag from /usr/local/python/3.10.13/lib/python3.10/site-packages/airflow/example_dags/example_time_delta_sensor_async.py
[2024-04-02T09:37:51.658+0000] {processor.py:836} INFO - DAG(s) dict_keys(['example_time_delta_sensor_async']) retrieved from /usr/local/python/3.10.13/lib/python3.10/site-packages/airflow/example_dags/example_time_delta_sensor_async.py
[2024-04-02T09:37:51.671+0000] {logging_mixin.py:150} INFO - [2024-04-02T09:37:51.670+0000] {dag.py:2742} INFO - Sync 1 DAGs
[2024-04-02T09:37:51.686+0000] {logging_mixin.py:150} INFO - [2024-04-02T09:37:51.686+0000] {dag.py:3504} INFO - Setting next_dagrun for example_time_delta_sensor_async to None, run_after=None
[2024-04-02T09:37:51.731+0000] {processor.py:179} INFO - Processing /usr/local/python/3.10.13/lib/python3.10/site-packages/airflow/example_dags/example_time_delta_sensor_async.py took 0.080 seconds
[2024-04-02T09:38:29.347+0000] {processor.py:157} INFO - Started process (PID=30629) to work on /usr/local/python/3.10.13/lib/python3.10/site-packages/airflow/example_dags/example_time_delta_sensor_async.py
[2024-04-02T09:38:29.347+0000] {processor.py:826} INFO - Processing file /usr/local/python/3.10.13/lib/python3.10/site-packages/airflow/example_dags/example_time_delta_sensor_async.py for tasks to queue
[2024-04-02T09:38:29.348+0000] {logging_mixin.py:150} INFO - [2024-04-02T09:38:29.348+0000] {dagbag.py:541} INFO - Filling up the DagBag from /usr/local/python/3.10.13/lib/python3.10/site-packages/airflow/example_dags/example_time_delta_sensor_async.py
[2024-04-02T09:38:29.352+0000] {processor.py:836} INFO - DAG(s) dict_keys(['example_time_delta_sensor_async']) retrieved from /usr/local/python/3.10.13/lib/python3.10/site-packages/airflow/example_dags/example_time_delta_sensor_async.py
[2024-04-02T09:38:29.369+0000] {logging_mixin.py:150} INFO - [2024-04-02T09:38:29.368+0000] {dag.py:2742} INFO - Sync 1 DAGs
[2024-04-02T09:38:29.412+0000] {logging_mixin.py:150} INFO - [2024-04-02T09:38:29.412+0000] {dag.py:3504} INFO - Setting next_dagrun for example_time_delta_sensor_async to None, run_after=None
[2024-04-02T09:38:29.474+0000] {processor.py:179} INFO - Processing /usr/local/python/3.10.13/lib/python3.10/site-packages/airflow/example_dags/example_time_delta_sensor_async.py took 0.129 seconds
[2024-04-02T09:39:07.880+0000] {processor.py:157} INFO - Started process (PID=30873) to work on /usr/local/python/3.10.13/lib/python3.10/site-packages/airflow/example_dags/example_time_delta_sensor_async.py
[2024-04-02T09:39:07.881+0000] {processor.py:826} INFO - Processing file /usr/local/python/3.10.13/lib/python3.10/site-packages/airflow/example_dags/example_time_delta_sensor_async.py for tasks to queue
[2024-04-02T09:39:07.882+0000] {logging_mixin.py:150} INFO - [2024-04-02T09:39:07.882+0000] {dagbag.py:541} INFO - Filling up the DagBag from /usr/local/python/3.10.13/lib/python3.10/site-packages/airflow/example_dags/example_time_delta_sensor_async.py
[2024-04-02T09:39:07.888+0000] {processor.py:836} INFO - DAG(s) dict_keys(['example_time_delta_sensor_async']) retrieved from /usr/local/python/3.10.13/lib/python3.10/site-packages/airflow/example_dags/example_time_delta_sensor_async.py
[2024-04-02T09:39:07.907+0000] {logging_mixin.py:150} INFO - [2024-04-02T09:39:07.906+0000] {dag.py:2742} INFO - Sync 1 DAGs
[2024-04-02T09:39:07.931+0000] {logging_mixin.py:150} INFO - [2024-04-02T09:39:07.931+0000] {dag.py:3504} INFO - Setting next_dagrun for example_time_delta_sensor_async to None, run_after=None
[2024-04-02T09:39:07.977+0000] {processor.py:179} INFO - Processing /usr/local/python/3.10.13/lib/python3.10/site-packages/airflow/example_dags/example_time_delta_sensor_async.py took 0.101 seconds
[2024-04-02T09:39:45.898+0000] {processor.py:157} INFO - Started process (PID=31192) to work on /usr/local/python/3.10.13/lib/python3.10/site-packages/airflow/example_dags/example_time_delta_sensor_async.py
[2024-04-02T09:39:45.899+0000] {processor.py:826} INFO - Processing file /usr/local/python/3.10.13/lib/python3.10/site-packages/airflow/example_dags/example_time_delta_sensor_async.py for tasks to queue
[2024-04-02T09:39:45.900+0000] {logging_mixin.py:150} INFO - [2024-04-02T09:39:45.900+0000] {dagbag.py:541} INFO - Filling up the DagBag from /usr/local/python/3.10.13/lib/python3.10/site-packages/airflow/example_dags/example_time_delta_sensor_async.py
[2024-04-02T09:39:45.905+0000] {processor.py:836} INFO - DAG(s) dict_keys(['example_time_delta_sensor_async']) retrieved from /usr/local/python/3.10.13/lib/python3.10/site-packages/airflow/example_dags/example_time_delta_sensor_async.py
[2024-04-02T09:39:45.923+0000] {logging_mixin.py:150} INFO - [2024-04-02T09:39:45.923+0000] {dag.py:2742} INFO - Sync 1 DAGs
[2024-04-02T09:39:45.947+0000] {logging_mixin.py:150} INFO - [2024-04-02T09:39:45.946+0000] {dag.py:3504} INFO - Setting next_dagrun for example_time_delta_sensor_async to None, run_after=None
[2024-04-02T09:39:46.007+0000] {processor.py:179} INFO - Processing /usr/local/python/3.10.13/lib/python3.10/site-packages/airflow/example_dags/example_time_delta_sensor_async.py took 0.112 seconds
[2024-04-02T09:40:24.235+0000] {processor.py:157} INFO - Started process (PID=31458) to work on /usr/local/python/3.10.13/lib/python3.10/site-packages/airflow/example_dags/example_time_delta_sensor_async.py
[2024-04-02T09:40:24.236+0000] {processor.py:826} INFO - Processing file /usr/local/python/3.10.13/lib/python3.10/site-packages/airflow/example_dags/example_time_delta_sensor_async.py for tasks to queue
[2024-04-02T09:40:24.237+0000] {logging_mixin.py:150} INFO - [2024-04-02T09:40:24.237+0000] {dagbag.py:541} INFO - Filling up the DagBag from /usr/local/python/3.10.13/lib/python3.10/site-packages/airflow/example_dags/example_time_delta_sensor_async.py
[2024-04-02T09:40:24.242+0000] {processor.py:836} INFO - DAG(s) dict_keys(['example_time_delta_sensor_async']) retrieved from /usr/local/python/3.10.13/lib/python3.10/site-packages/airflow/example_dags/example_time_delta_sensor_async.py
[2024-04-02T09:40:24.258+0000] {logging_mixin.py:150} INFO - [2024-04-02T09:40:24.258+0000] {dag.py:2742} INFO - Sync 1 DAGs
[2024-04-02T09:40:24.274+0000] {logging_mixin.py:150} INFO - [2024-04-02T09:40:24.274+0000] {dag.py:3504} INFO - Setting next_dagrun for example_time_delta_sensor_async to None, run_after=None
[2024-04-02T09:40:24.313+0000] {processor.py:179} INFO - Processing /usr/local/python/3.10.13/lib/python3.10/site-packages/airflow/example_dags/example_time_delta_sensor_async.py took 0.081 seconds
[2024-04-02T09:41:01.850+0000] {processor.py:157} INFO - Started process (PID=31696) to work on /usr/local/python/3.10.13/lib/python3.10/site-packages/airflow/example_dags/example_time_delta_sensor_async.py
[2024-04-02T09:41:01.852+0000] {processor.py:826} INFO - Processing file /usr/local/python/3.10.13/lib/python3.10/site-packages/airflow/example_dags/example_time_delta_sensor_async.py for tasks to queue
[2024-04-02T09:41:01.853+0000] {logging_mixin.py:150} INFO - [2024-04-02T09:41:01.852+0000] {dagbag.py:541} INFO - Filling up the DagBag from /usr/local/python/3.10.13/lib/python3.10/site-packages/airflow/example_dags/example_time_delta_sensor_async.py
[2024-04-02T09:41:01.858+0000] {processor.py:836} INFO - DAG(s) dict_keys(['example_time_delta_sensor_async']) retrieved from /usr/local/python/3.10.13/lib/python3.10/site-packages/airflow/example_dags/example_time_delta_sensor_async.py
[2024-04-02T09:41:01.872+0000] {logging_mixin.py:150} INFO - [2024-04-02T09:41:01.872+0000] {dag.py:2742} INFO - Sync 1 DAGs
[2024-04-02T09:41:01.888+0000] {logging_mixin.py:150} INFO - [2024-04-02T09:41:01.888+0000] {dag.py:3504} INFO - Setting next_dagrun for example_time_delta_sensor_async to None, run_after=None
[2024-04-02T09:41:01.933+0000] {processor.py:179} INFO - Processing /usr/local/python/3.10.13/lib/python3.10/site-packages/airflow/example_dags/example_time_delta_sensor_async.py took 0.086 seconds
[2024-04-02T09:41:39.486+0000] {processor.py:157} INFO - Started process (PID=31961) to work on /usr/local/python/3.10.13/lib/python3.10/site-packages/airflow/example_dags/example_time_delta_sensor_async.py
[2024-04-02T09:41:39.487+0000] {processor.py:826} INFO - Processing file /usr/local/python/3.10.13/lib/python3.10/site-packages/airflow/example_dags/example_time_delta_sensor_async.py for tasks to queue
[2024-04-02T09:41:39.488+0000] {logging_mixin.py:150} INFO - [2024-04-02T09:41:39.487+0000] {dagbag.py:541} INFO - Filling up the DagBag from /usr/local/python/3.10.13/lib/python3.10/site-packages/airflow/example_dags/example_time_delta_sensor_async.py
[2024-04-02T09:41:39.491+0000] {processor.py:836} INFO - DAG(s) dict_keys(['example_time_delta_sensor_async']) retrieved from /usr/local/python/3.10.13/lib/python3.10/site-packages/airflow/example_dags/example_time_delta_sensor_async.py
[2024-04-02T09:41:39.503+0000] {logging_mixin.py:150} INFO - [2024-04-02T09:41:39.503+0000] {dag.py:2742} INFO - Sync 1 DAGs
[2024-04-02T09:41:39.518+0000] {logging_mixin.py:150} INFO - [2024-04-02T09:41:39.518+0000] {dag.py:3504} INFO - Setting next_dagrun for example_time_delta_sensor_async to None, run_after=None
[2024-04-02T09:41:39.556+0000] {processor.py:179} INFO - Processing /usr/local/python/3.10.13/lib/python3.10/site-packages/airflow/example_dags/example_time_delta_sensor_async.py took 0.072 seconds
[2024-04-02T09:42:17.144+0000] {processor.py:157} INFO - Started process (PID=32222) to work on /usr/local/python/3.10.13/lib/python3.10/site-packages/airflow/example_dags/example_time_delta_sensor_async.py
[2024-04-02T09:42:17.145+0000] {processor.py:826} INFO - Processing file /usr/local/python/3.10.13/lib/python3.10/site-packages/airflow/example_dags/example_time_delta_sensor_async.py for tasks to queue
[2024-04-02T09:42:17.146+0000] {logging_mixin.py:150} INFO - [2024-04-02T09:42:17.146+0000] {dagbag.py:541} INFO - Filling up the DagBag from /usr/local/python/3.10.13/lib/python3.10/site-packages/airflow/example_dags/example_time_delta_sensor_async.py
[2024-04-02T09:42:17.150+0000] {processor.py:836} INFO - DAG(s) dict_keys(['example_time_delta_sensor_async']) retrieved from /usr/local/python/3.10.13/lib/python3.10/site-packages/airflow/example_dags/example_time_delta_sensor_async.py
[2024-04-02T09:42:17.162+0000] {logging_mixin.py:150} INFO - [2024-04-02T09:42:17.162+0000] {dag.py:2742} INFO - Sync 1 DAGs
[2024-04-02T09:42:17.177+0000] {logging_mixin.py:150} INFO - [2024-04-02T09:42:17.177+0000] {dag.py:3504} INFO - Setting next_dagrun for example_time_delta_sensor_async to None, run_after=None
[2024-04-02T09:42:17.217+0000] {processor.py:179} INFO - Processing /usr/local/python/3.10.13/lib/python3.10/site-packages/airflow/example_dags/example_time_delta_sensor_async.py took 0.075 seconds
[2024-04-02T09:42:56.521+0000] {processor.py:157} INFO - Started process (PID=32494) to work on /usr/local/python/3.10.13/lib/python3.10/site-packages/airflow/example_dags/example_time_delta_sensor_async.py
[2024-04-02T09:42:56.523+0000] {processor.py:826} INFO - Processing file /usr/local/python/3.10.13/lib/python3.10/site-packages/airflow/example_dags/example_time_delta_sensor_async.py for tasks to queue
[2024-04-02T09:42:56.524+0000] {logging_mixin.py:150} INFO - [2024-04-02T09:42:56.523+0000] {dagbag.py:541} INFO - Filling up the DagBag from /usr/local/python/3.10.13/lib/python3.10/site-packages/airflow/example_dags/example_time_delta_sensor_async.py
[2024-04-02T09:42:56.529+0000] {processor.py:836} INFO - DAG(s) dict_keys(['example_time_delta_sensor_async']) retrieved from /usr/local/python/3.10.13/lib/python3.10/site-packages/airflow/example_dags/example_time_delta_sensor_async.py
[2024-04-02T09:42:56.548+0000] {logging_mixin.py:150} INFO - [2024-04-02T09:42:56.547+0000] {dag.py:2742} INFO - Sync 1 DAGs
[2024-04-02T09:42:56.572+0000] {logging_mixin.py:150} INFO - [2024-04-02T09:42:56.572+0000] {dag.py:3504} INFO - Setting next_dagrun for example_time_delta_sensor_async to None, run_after=None
[2024-04-02T09:42:56.620+0000] {processor.py:179} INFO - Processing /usr/local/python/3.10.13/lib/python3.10/site-packages/airflow/example_dags/example_time_delta_sensor_async.py took 0.102 seconds
[2024-04-02T09:43:37.066+0000] {processor.py:157} INFO - Started process (PID=32768) to work on /usr/local/python/3.10.13/lib/python3.10/site-packages/airflow/example_dags/example_time_delta_sensor_async.py
[2024-04-02T09:43:37.067+0000] {processor.py:826} INFO - Processing file /usr/local/python/3.10.13/lib/python3.10/site-packages/airflow/example_dags/example_time_delta_sensor_async.py for tasks to queue
[2024-04-02T09:43:37.068+0000] {logging_mixin.py:150} INFO - [2024-04-02T09:43:37.068+0000] {dagbag.py:541} INFO - Filling up the DagBag from /usr/local/python/3.10.13/lib/python3.10/site-packages/airflow/example_dags/example_time_delta_sensor_async.py
[2024-04-02T09:43:37.074+0000] {processor.py:836} INFO - DAG(s) dict_keys(['example_time_delta_sensor_async']) retrieved from /usr/local/python/3.10.13/lib/python3.10/site-packages/airflow/example_dags/example_time_delta_sensor_async.py
[2024-04-02T09:43:37.093+0000] {logging_mixin.py:150} INFO - [2024-04-02T09:43:37.092+0000] {dag.py:2742} INFO - Sync 1 DAGs
[2024-04-02T09:43:37.116+0000] {logging_mixin.py:150} INFO - [2024-04-02T09:43:37.116+0000] {dag.py:3504} INFO - Setting next_dagrun for example_time_delta_sensor_async to None, run_after=None
[2024-04-02T09:43:37.159+0000] {processor.py:179} INFO - Processing /usr/local/python/3.10.13/lib/python3.10/site-packages/airflow/example_dags/example_time_delta_sensor_async.py took 0.096 seconds
