[2024-04-02T08:56:38.646+0000] {processor.py:157} INFO - Started process (PID=11255) to work on /usr/local/python/3.10.13/lib/python3.10/site-packages/airflow/example_dags/tutorial_taskflow_api.py
[2024-04-02T08:56:38.647+0000] {processor.py:826} INFO - Processing file /usr/local/python/3.10.13/lib/python3.10/site-packages/airflow/example_dags/tutorial_taskflow_api.py for tasks to queue
[2024-04-02T08:56:38.648+0000] {logging_mixin.py:150} INFO - [2024-04-02T08:56:38.647+0000] {dagbag.py:541} INFO - Filling up the DagBag from /usr/local/python/3.10.13/lib/python3.10/site-packages/airflow/example_dags/tutorial_taskflow_api.py
[2024-04-02T08:56:38.654+0000] {processor.py:836} INFO - DAG(s) dict_keys(['tutorial_taskflow_api']) retrieved from /usr/local/python/3.10.13/lib/python3.10/site-packages/airflow/example_dags/tutorial_taskflow_api.py
[2024-04-02T08:56:38.745+0000] {logging_mixin.py:150} INFO - [2024-04-02T08:56:38.745+0000] {dag.py:2742} INFO - Sync 1 DAGs
[2024-04-02T08:56:38.768+0000] {logging_mixin.py:150} INFO - [2024-04-02T08:56:38.768+0000] {dag.py:3504} INFO - Setting next_dagrun for tutorial_taskflow_api to None, run_after=None
[2024-04-02T08:56:38.818+0000] {processor.py:179} INFO - Processing /usr/local/python/3.10.13/lib/python3.10/site-packages/airflow/example_dags/tutorial_taskflow_api.py took 0.174 seconds
[2024-04-02T08:57:40.449+0000] {processor.py:157} INFO - Started process (PID=11961) to work on /usr/local/python/3.10.13/lib/python3.10/site-packages/airflow/example_dags/tutorial_taskflow_api.py
[2024-04-02T08:57:40.450+0000] {processor.py:826} INFO - Processing file /usr/local/python/3.10.13/lib/python3.10/site-packages/airflow/example_dags/tutorial_taskflow_api.py for tasks to queue
[2024-04-02T08:57:40.451+0000] {logging_mixin.py:150} INFO - [2024-04-02T08:57:40.450+0000] {dagbag.py:541} INFO - Filling up the DagBag from /usr/local/python/3.10.13/lib/python3.10/site-packages/airflow/example_dags/tutorial_taskflow_api.py
[2024-04-02T08:57:40.456+0000] {processor.py:836} INFO - DAG(s) dict_keys(['tutorial_taskflow_api']) retrieved from /usr/local/python/3.10.13/lib/python3.10/site-packages/airflow/example_dags/tutorial_taskflow_api.py
[2024-04-02T08:57:40.468+0000] {logging_mixin.py:150} INFO - [2024-04-02T08:57:40.468+0000] {dag.py:2742} INFO - Sync 1 DAGs
[2024-04-02T08:57:40.484+0000] {logging_mixin.py:150} INFO - [2024-04-02T08:57:40.483+0000] {dag.py:3504} INFO - Setting next_dagrun for tutorial_taskflow_api to None, run_after=None
[2024-04-02T08:57:40.522+0000] {processor.py:179} INFO - Processing /usr/local/python/3.10.13/lib/python3.10/site-packages/airflow/example_dags/tutorial_taskflow_api.py took 0.075 seconds
[2024-04-02T08:58:35.480+0000] {processor.py:157} INFO - Started process (PID=12783) to work on /usr/local/python/3.10.13/lib/python3.10/site-packages/airflow/example_dags/tutorial_taskflow_api.py
[2024-04-02T08:58:35.501+0000] {processor.py:826} INFO - Processing file /usr/local/python/3.10.13/lib/python3.10/site-packages/airflow/example_dags/tutorial_taskflow_api.py for tasks to queue
[2024-04-02T08:58:35.503+0000] {logging_mixin.py:150} INFO - [2024-04-02T08:58:35.503+0000] {dagbag.py:541} INFO - Filling up the DagBag from /usr/local/python/3.10.13/lib/python3.10/site-packages/airflow/example_dags/tutorial_taskflow_api.py
[2024-04-02T08:58:35.510+0000] {processor.py:836} INFO - DAG(s) dict_keys(['tutorial_taskflow_api']) retrieved from /usr/local/python/3.10.13/lib/python3.10/site-packages/airflow/example_dags/tutorial_taskflow_api.py
[2024-04-02T08:58:35.528+0000] {logging_mixin.py:150} INFO - [2024-04-02T08:58:35.527+0000] {dag.py:2742} INFO - Sync 1 DAGs
[2024-04-02T08:58:35.559+0000] {logging_mixin.py:150} INFO - [2024-04-02T08:58:35.559+0000] {dag.py:3504} INFO - Setting next_dagrun for tutorial_taskflow_api to None, run_after=None
[2024-04-02T08:58:35.628+0000] {processor.py:179} INFO - Processing /usr/local/python/3.10.13/lib/python3.10/site-packages/airflow/example_dags/tutorial_taskflow_api.py took 0.151 seconds
[2024-04-02T08:59:34.310+0000] {processor.py:157} INFO - Started process (PID=13572) to work on /usr/local/python/3.10.13/lib/python3.10/site-packages/airflow/example_dags/tutorial_taskflow_api.py
[2024-04-02T08:59:34.311+0000] {processor.py:826} INFO - Processing file /usr/local/python/3.10.13/lib/python3.10/site-packages/airflow/example_dags/tutorial_taskflow_api.py for tasks to queue
[2024-04-02T08:59:34.313+0000] {logging_mixin.py:150} INFO - [2024-04-02T08:59:34.312+0000] {dagbag.py:541} INFO - Filling up the DagBag from /usr/local/python/3.10.13/lib/python3.10/site-packages/airflow/example_dags/tutorial_taskflow_api.py
[2024-04-02T08:59:34.323+0000] {processor.py:836} INFO - DAG(s) dict_keys(['tutorial_taskflow_api']) retrieved from /usr/local/python/3.10.13/lib/python3.10/site-packages/airflow/example_dags/tutorial_taskflow_api.py
[2024-04-02T08:59:34.348+0000] {logging_mixin.py:150} INFO - [2024-04-02T08:59:34.347+0000] {dag.py:2742} INFO - Sync 1 DAGs
[2024-04-02T08:59:34.370+0000] {logging_mixin.py:150} INFO - [2024-04-02T08:59:34.370+0000] {dag.py:3504} INFO - Setting next_dagrun for tutorial_taskflow_api to None, run_after=None
[2024-04-02T08:59:34.419+0000] {processor.py:179} INFO - Processing /usr/local/python/3.10.13/lib/python3.10/site-packages/airflow/example_dags/tutorial_taskflow_api.py took 0.112 seconds
[2024-04-02T09:00:35.017+0000] {processor.py:157} INFO - Started process (PID=14403) to work on /usr/local/python/3.10.13/lib/python3.10/site-packages/airflow/example_dags/tutorial_taskflow_api.py
[2024-04-02T09:00:35.018+0000] {processor.py:826} INFO - Processing file /usr/local/python/3.10.13/lib/python3.10/site-packages/airflow/example_dags/tutorial_taskflow_api.py for tasks to queue
[2024-04-02T09:00:35.019+0000] {logging_mixin.py:150} INFO - [2024-04-02T09:00:35.018+0000] {dagbag.py:541} INFO - Filling up the DagBag from /usr/local/python/3.10.13/lib/python3.10/site-packages/airflow/example_dags/tutorial_taskflow_api.py
[2024-04-02T09:00:35.025+0000] {processor.py:836} INFO - DAG(s) dict_keys(['tutorial_taskflow_api']) retrieved from /usr/local/python/3.10.13/lib/python3.10/site-packages/airflow/example_dags/tutorial_taskflow_api.py
[2024-04-02T09:00:35.042+0000] {logging_mixin.py:150} INFO - [2024-04-02T09:00:35.042+0000] {dag.py:2742} INFO - Sync 1 DAGs
[2024-04-02T09:00:35.066+0000] {logging_mixin.py:150} INFO - [2024-04-02T09:00:35.066+0000] {dag.py:3504} INFO - Setting next_dagrun for tutorial_taskflow_api to None, run_after=None
[2024-04-02T09:00:35.123+0000] {processor.py:179} INFO - Processing /usr/local/python/3.10.13/lib/python3.10/site-packages/airflow/example_dags/tutorial_taskflow_api.py took 0.109 seconds
[2024-04-02T09:01:13.895+0000] {processor.py:157} INFO - Started process (PID=14685) to work on /usr/local/python/3.10.13/lib/python3.10/site-packages/airflow/example_dags/tutorial_taskflow_api.py
[2024-04-02T09:01:13.896+0000] {processor.py:826} INFO - Processing file /usr/local/python/3.10.13/lib/python3.10/site-packages/airflow/example_dags/tutorial_taskflow_api.py for tasks to queue
[2024-04-02T09:01:13.897+0000] {logging_mixin.py:150} INFO - [2024-04-02T09:01:13.896+0000] {dagbag.py:541} INFO - Filling up the DagBag from /usr/local/python/3.10.13/lib/python3.10/site-packages/airflow/example_dags/tutorial_taskflow_api.py
[2024-04-02T09:01:13.904+0000] {processor.py:836} INFO - DAG(s) dict_keys(['tutorial_taskflow_api']) retrieved from /usr/local/python/3.10.13/lib/python3.10/site-packages/airflow/example_dags/tutorial_taskflow_api.py
[2024-04-02T09:01:13.921+0000] {logging_mixin.py:150} INFO - [2024-04-02T09:01:13.921+0000] {dag.py:2742} INFO - Sync 1 DAGs
[2024-04-02T09:01:13.944+0000] {logging_mixin.py:150} INFO - [2024-04-02T09:01:13.944+0000] {dag.py:3504} INFO - Setting next_dagrun for tutorial_taskflow_api to None, run_after=None
[2024-04-02T09:01:13.986+0000] {processor.py:179} INFO - Processing /usr/local/python/3.10.13/lib/python3.10/site-packages/airflow/example_dags/tutorial_taskflow_api.py took 0.094 seconds
[2024-04-02T09:01:51.535+0000] {processor.py:157} INFO - Started process (PID=14988) to work on /usr/local/python/3.10.13/lib/python3.10/site-packages/airflow/example_dags/tutorial_taskflow_api.py
[2024-04-02T09:01:51.535+0000] {processor.py:826} INFO - Processing file /usr/local/python/3.10.13/lib/python3.10/site-packages/airflow/example_dags/tutorial_taskflow_api.py for tasks to queue
[2024-04-02T09:01:51.536+0000] {logging_mixin.py:150} INFO - [2024-04-02T09:01:51.536+0000] {dagbag.py:541} INFO - Filling up the DagBag from /usr/local/python/3.10.13/lib/python3.10/site-packages/airflow/example_dags/tutorial_taskflow_api.py
[2024-04-02T09:01:51.544+0000] {processor.py:836} INFO - DAG(s) dict_keys(['tutorial_taskflow_api']) retrieved from /usr/local/python/3.10.13/lib/python3.10/site-packages/airflow/example_dags/tutorial_taskflow_api.py
[2024-04-02T09:01:51.556+0000] {logging_mixin.py:150} INFO - [2024-04-02T09:01:51.556+0000] {dag.py:2742} INFO - Sync 1 DAGs
[2024-04-02T09:01:51.571+0000] {logging_mixin.py:150} INFO - [2024-04-02T09:01:51.571+0000] {dag.py:3504} INFO - Setting next_dagrun for tutorial_taskflow_api to None, run_after=None
[2024-04-02T09:01:51.610+0000] {processor.py:179} INFO - Processing /usr/local/python/3.10.13/lib/python3.10/site-packages/airflow/example_dags/tutorial_taskflow_api.py took 0.079 seconds
[2024-04-02T09:02:29.336+0000] {processor.py:157} INFO - Started process (PID=15256) to work on /usr/local/python/3.10.13/lib/python3.10/site-packages/airflow/example_dags/tutorial_taskflow_api.py
[2024-04-02T09:02:29.337+0000] {processor.py:826} INFO - Processing file /usr/local/python/3.10.13/lib/python3.10/site-packages/airflow/example_dags/tutorial_taskflow_api.py for tasks to queue
[2024-04-02T09:02:29.339+0000] {logging_mixin.py:150} INFO - [2024-04-02T09:02:29.339+0000] {dagbag.py:541} INFO - Filling up the DagBag from /usr/local/python/3.10.13/lib/python3.10/site-packages/airflow/example_dags/tutorial_taskflow_api.py
[2024-04-02T09:02:29.347+0000] {processor.py:836} INFO - DAG(s) dict_keys(['tutorial_taskflow_api']) retrieved from /usr/local/python/3.10.13/lib/python3.10/site-packages/airflow/example_dags/tutorial_taskflow_api.py
[2024-04-02T09:02:29.366+0000] {logging_mixin.py:150} INFO - [2024-04-02T09:02:29.365+0000] {dag.py:2742} INFO - Sync 1 DAGs
[2024-04-02T09:02:29.390+0000] {logging_mixin.py:150} INFO - [2024-04-02T09:02:29.390+0000] {dag.py:3504} INFO - Setting next_dagrun for tutorial_taskflow_api to None, run_after=None
[2024-04-02T09:02:29.437+0000] {processor.py:179} INFO - Processing /usr/local/python/3.10.13/lib/python3.10/site-packages/airflow/example_dags/tutorial_taskflow_api.py took 0.104 seconds
[2024-04-02T09:03:08.792+0000] {processor.py:157} INFO - Started process (PID=15532) to work on /usr/local/python/3.10.13/lib/python3.10/site-packages/airflow/example_dags/tutorial_taskflow_api.py
[2024-04-02T09:03:08.793+0000] {processor.py:826} INFO - Processing file /usr/local/python/3.10.13/lib/python3.10/site-packages/airflow/example_dags/tutorial_taskflow_api.py for tasks to queue
[2024-04-02T09:03:08.794+0000] {logging_mixin.py:150} INFO - [2024-04-02T09:03:08.793+0000] {dagbag.py:541} INFO - Filling up the DagBag from /usr/local/python/3.10.13/lib/python3.10/site-packages/airflow/example_dags/tutorial_taskflow_api.py
[2024-04-02T09:03:08.799+0000] {processor.py:836} INFO - DAG(s) dict_keys(['tutorial_taskflow_api']) retrieved from /usr/local/python/3.10.13/lib/python3.10/site-packages/airflow/example_dags/tutorial_taskflow_api.py
[2024-04-02T09:03:08.812+0000] {logging_mixin.py:150} INFO - [2024-04-02T09:03:08.812+0000] {dag.py:2742} INFO - Sync 1 DAGs
[2024-04-02T09:03:08.828+0000] {logging_mixin.py:150} INFO - [2024-04-02T09:03:08.828+0000] {dag.py:3504} INFO - Setting next_dagrun for tutorial_taskflow_api to None, run_after=None
[2024-04-02T09:03:08.873+0000] {processor.py:179} INFO - Processing /usr/local/python/3.10.13/lib/python3.10/site-packages/airflow/example_dags/tutorial_taskflow_api.py took 0.083 seconds
[2024-04-02T09:03:48.009+0000] {processor.py:157} INFO - Started process (PID=15793) to work on /usr/local/python/3.10.13/lib/python3.10/site-packages/airflow/example_dags/tutorial_taskflow_api.py
[2024-04-02T09:03:48.009+0000] {processor.py:826} INFO - Processing file /usr/local/python/3.10.13/lib/python3.10/site-packages/airflow/example_dags/tutorial_taskflow_api.py for tasks to queue
[2024-04-02T09:03:48.010+0000] {logging_mixin.py:150} INFO - [2024-04-02T09:03:48.010+0000] {dagbag.py:541} INFO - Filling up the DagBag from /usr/local/python/3.10.13/lib/python3.10/site-packages/airflow/example_dags/tutorial_taskflow_api.py
[2024-04-02T09:03:48.015+0000] {processor.py:836} INFO - DAG(s) dict_keys(['tutorial_taskflow_api']) retrieved from /usr/local/python/3.10.13/lib/python3.10/site-packages/airflow/example_dags/tutorial_taskflow_api.py
[2024-04-02T09:03:48.026+0000] {logging_mixin.py:150} INFO - [2024-04-02T09:03:48.026+0000] {dag.py:2742} INFO - Sync 1 DAGs
[2024-04-02T09:03:48.041+0000] {logging_mixin.py:150} INFO - [2024-04-02T09:03:48.041+0000] {dag.py:3504} INFO - Setting next_dagrun for tutorial_taskflow_api to None, run_after=None
[2024-04-02T09:03:48.085+0000] {processor.py:179} INFO - Processing /usr/local/python/3.10.13/lib/python3.10/site-packages/airflow/example_dags/tutorial_taskflow_api.py took 0.079 seconds
[2024-04-02T09:04:27.036+0000] {processor.py:157} INFO - Started process (PID=16062) to work on /usr/local/python/3.10.13/lib/python3.10/site-packages/airflow/example_dags/tutorial_taskflow_api.py
[2024-04-02T09:04:27.038+0000] {processor.py:826} INFO - Processing file /usr/local/python/3.10.13/lib/python3.10/site-packages/airflow/example_dags/tutorial_taskflow_api.py for tasks to queue
[2024-04-02T09:04:27.039+0000] {logging_mixin.py:150} INFO - [2024-04-02T09:04:27.039+0000] {dagbag.py:541} INFO - Filling up the DagBag from /usr/local/python/3.10.13/lib/python3.10/site-packages/airflow/example_dags/tutorial_taskflow_api.py
[2024-04-02T09:04:27.047+0000] {processor.py:836} INFO - DAG(s) dict_keys(['tutorial_taskflow_api']) retrieved from /usr/local/python/3.10.13/lib/python3.10/site-packages/airflow/example_dags/tutorial_taskflow_api.py
[2024-04-02T09:04:27.065+0000] {logging_mixin.py:150} INFO - [2024-04-02T09:04:27.065+0000] {dag.py:2742} INFO - Sync 1 DAGs
[2024-04-02T09:04:27.087+0000] {logging_mixin.py:150} INFO - [2024-04-02T09:04:27.087+0000] {dag.py:3504} INFO - Setting next_dagrun for tutorial_taskflow_api to None, run_after=None
[2024-04-02T09:04:27.133+0000] {processor.py:179} INFO - Processing /usr/local/python/3.10.13/lib/python3.10/site-packages/airflow/example_dags/tutorial_taskflow_api.py took 0.100 seconds
[2024-04-02T09:05:16.813+0000] {processor.py:157} INFO - Started process (PID=16436) to work on /usr/local/python/3.10.13/lib/python3.10/site-packages/airflow/example_dags/tutorial_taskflow_api.py
[2024-04-02T09:05:16.814+0000] {processor.py:826} INFO - Processing file /usr/local/python/3.10.13/lib/python3.10/site-packages/airflow/example_dags/tutorial_taskflow_api.py for tasks to queue
[2024-04-02T09:05:16.815+0000] {logging_mixin.py:150} INFO - [2024-04-02T09:05:16.815+0000] {dagbag.py:541} INFO - Filling up the DagBag from /usr/local/python/3.10.13/lib/python3.10/site-packages/airflow/example_dags/tutorial_taskflow_api.py
[2024-04-02T09:05:16.820+0000] {processor.py:836} INFO - DAG(s) dict_keys(['tutorial_taskflow_api']) retrieved from /usr/local/python/3.10.13/lib/python3.10/site-packages/airflow/example_dags/tutorial_taskflow_api.py
[2024-04-02T09:05:16.831+0000] {logging_mixin.py:150} INFO - [2024-04-02T09:05:16.831+0000] {dag.py:2742} INFO - Sync 1 DAGs
[2024-04-02T09:05:16.847+0000] {logging_mixin.py:150} INFO - [2024-04-02T09:05:16.847+0000] {dag.py:3504} INFO - Setting next_dagrun for tutorial_taskflow_api to None, run_after=None
[2024-04-02T09:05:16.889+0000] {processor.py:179} INFO - Processing /usr/local/python/3.10.13/lib/python3.10/site-packages/airflow/example_dags/tutorial_taskflow_api.py took 0.078 seconds
[2024-04-02T09:05:58.714+0000] {processor.py:157} INFO - Started process (PID=16725) to work on /usr/local/python/3.10.13/lib/python3.10/site-packages/airflow/example_dags/tutorial_taskflow_api.py
[2024-04-02T09:05:58.715+0000] {processor.py:826} INFO - Processing file /usr/local/python/3.10.13/lib/python3.10/site-packages/airflow/example_dags/tutorial_taskflow_api.py for tasks to queue
[2024-04-02T09:05:58.716+0000] {logging_mixin.py:150} INFO - [2024-04-02T09:05:58.715+0000] {dagbag.py:541} INFO - Filling up the DagBag from /usr/local/python/3.10.13/lib/python3.10/site-packages/airflow/example_dags/tutorial_taskflow_api.py
[2024-04-02T09:05:58.720+0000] {processor.py:836} INFO - DAG(s) dict_keys(['tutorial_taskflow_api']) retrieved from /usr/local/python/3.10.13/lib/python3.10/site-packages/airflow/example_dags/tutorial_taskflow_api.py
[2024-04-02T09:05:58.736+0000] {logging_mixin.py:150} INFO - [2024-04-02T09:05:58.736+0000] {dag.py:2742} INFO - Sync 1 DAGs
[2024-04-02T09:05:58.760+0000] {logging_mixin.py:150} INFO - [2024-04-02T09:05:58.760+0000] {dag.py:3504} INFO - Setting next_dagrun for tutorial_taskflow_api to None, run_after=None
[2024-04-02T09:05:58.818+0000] {processor.py:179} INFO - Processing /usr/local/python/3.10.13/lib/python3.10/site-packages/airflow/example_dags/tutorial_taskflow_api.py took 0.106 seconds
[2024-04-02T09:06:39.647+0000] {processor.py:157} INFO - Started process (PID=17033) to work on /usr/local/python/3.10.13/lib/python3.10/site-packages/airflow/example_dags/tutorial_taskflow_api.py
[2024-04-02T09:06:39.660+0000] {processor.py:826} INFO - Processing file /usr/local/python/3.10.13/lib/python3.10/site-packages/airflow/example_dags/tutorial_taskflow_api.py for tasks to queue
[2024-04-02T09:06:39.662+0000] {logging_mixin.py:150} INFO - [2024-04-02T09:06:39.661+0000] {dagbag.py:541} INFO - Filling up the DagBag from /usr/local/python/3.10.13/lib/python3.10/site-packages/airflow/example_dags/tutorial_taskflow_api.py
[2024-04-02T09:06:39.670+0000] {processor.py:836} INFO - DAG(s) dict_keys(['tutorial_taskflow_api']) retrieved from /usr/local/python/3.10.13/lib/python3.10/site-packages/airflow/example_dags/tutorial_taskflow_api.py
[2024-04-02T09:06:39.692+0000] {logging_mixin.py:150} INFO - [2024-04-02T09:06:39.692+0000] {dag.py:2742} INFO - Sync 1 DAGs
[2024-04-02T09:06:39.719+0000] {logging_mixin.py:150} INFO - [2024-04-02T09:06:39.718+0000] {dag.py:3504} INFO - Setting next_dagrun for tutorial_taskflow_api to None, run_after=None
[2024-04-02T09:06:39.769+0000] {processor.py:179} INFO - Processing /usr/local/python/3.10.13/lib/python3.10/site-packages/airflow/example_dags/tutorial_taskflow_api.py took 0.125 seconds
[2024-04-02T09:07:20.373+0000] {processor.py:157} INFO - Started process (PID=17712) to work on /usr/local/python/3.10.13/lib/python3.10/site-packages/airflow/example_dags/tutorial_taskflow_api.py
[2024-04-02T09:07:20.373+0000] {processor.py:826} INFO - Processing file /usr/local/python/3.10.13/lib/python3.10/site-packages/airflow/example_dags/tutorial_taskflow_api.py for tasks to queue
[2024-04-02T09:07:20.374+0000] {logging_mixin.py:150} INFO - [2024-04-02T09:07:20.374+0000] {dagbag.py:541} INFO - Filling up the DagBag from /usr/local/python/3.10.13/lib/python3.10/site-packages/airflow/example_dags/tutorial_taskflow_api.py
[2024-04-02T09:07:20.379+0000] {processor.py:836} INFO - DAG(s) dict_keys(['tutorial_taskflow_api']) retrieved from /usr/local/python/3.10.13/lib/python3.10/site-packages/airflow/example_dags/tutorial_taskflow_api.py
[2024-04-02T09:07:20.392+0000] {logging_mixin.py:150} INFO - [2024-04-02T09:07:20.392+0000] {dag.py:2742} INFO - Sync 1 DAGs
[2024-04-02T09:07:20.407+0000] {logging_mixin.py:150} INFO - [2024-04-02T09:07:20.407+0000] {dag.py:3504} INFO - Setting next_dagrun for tutorial_taskflow_api to None, run_after=None
[2024-04-02T09:07:20.446+0000] {processor.py:179} INFO - Processing /usr/local/python/3.10.13/lib/python3.10/site-packages/airflow/example_dags/tutorial_taskflow_api.py took 0.077 seconds
[2024-04-02T09:08:00.189+0000] {processor.py:157} INFO - Started process (PID=17989) to work on /usr/local/python/3.10.13/lib/python3.10/site-packages/airflow/example_dags/tutorial_taskflow_api.py
[2024-04-02T09:08:00.189+0000] {processor.py:826} INFO - Processing file /usr/local/python/3.10.13/lib/python3.10/site-packages/airflow/example_dags/tutorial_taskflow_api.py for tasks to queue
[2024-04-02T09:08:00.190+0000] {logging_mixin.py:150} INFO - [2024-04-02T09:08:00.190+0000] {dagbag.py:541} INFO - Filling up the DagBag from /usr/local/python/3.10.13/lib/python3.10/site-packages/airflow/example_dags/tutorial_taskflow_api.py
[2024-04-02T09:08:00.195+0000] {processor.py:836} INFO - DAG(s) dict_keys(['tutorial_taskflow_api']) retrieved from /usr/local/python/3.10.13/lib/python3.10/site-packages/airflow/example_dags/tutorial_taskflow_api.py
[2024-04-02T09:08:00.211+0000] {logging_mixin.py:150} INFO - [2024-04-02T09:08:00.211+0000] {dag.py:2742} INFO - Sync 1 DAGs
[2024-04-02T09:08:00.240+0000] {logging_mixin.py:150} INFO - [2024-04-02T09:08:00.239+0000] {dag.py:3504} INFO - Setting next_dagrun for tutorial_taskflow_api to None, run_after=None
[2024-04-02T09:08:00.284+0000] {processor.py:179} INFO - Processing /usr/local/python/3.10.13/lib/python3.10/site-packages/airflow/example_dags/tutorial_taskflow_api.py took 0.098 seconds
[2024-04-02T09:08:35.421+0000] {processor.py:157} INFO - Started process (PID=18218) to work on /usr/local/python/3.10.13/lib/python3.10/site-packages/airflow/example_dags/tutorial_taskflow_api.py
[2024-04-02T09:08:35.422+0000] {processor.py:826} INFO - Processing file /usr/local/python/3.10.13/lib/python3.10/site-packages/airflow/example_dags/tutorial_taskflow_api.py for tasks to queue
[2024-04-02T09:08:35.423+0000] {logging_mixin.py:150} INFO - [2024-04-02T09:08:35.422+0000] {dagbag.py:541} INFO - Filling up the DagBag from /usr/local/python/3.10.13/lib/python3.10/site-packages/airflow/example_dags/tutorial_taskflow_api.py
[2024-04-02T09:08:35.428+0000] {processor.py:836} INFO - DAG(s) dict_keys(['tutorial_taskflow_api']) retrieved from /usr/local/python/3.10.13/lib/python3.10/site-packages/airflow/example_dags/tutorial_taskflow_api.py
[2024-04-02T09:08:35.440+0000] {logging_mixin.py:150} INFO - [2024-04-02T09:08:35.440+0000] {dag.py:2742} INFO - Sync 1 DAGs
[2024-04-02T09:08:35.455+0000] {logging_mixin.py:150} INFO - [2024-04-02T09:08:35.455+0000] {dag.py:3504} INFO - Setting next_dagrun for tutorial_taskflow_api to None, run_after=None
[2024-04-02T09:08:35.496+0000] {processor.py:179} INFO - Processing /usr/local/python/3.10.13/lib/python3.10/site-packages/airflow/example_dags/tutorial_taskflow_api.py took 0.077 seconds
[2024-04-02T09:09:14.855+0000] {processor.py:157} INFO - Started process (PID=18487) to work on /usr/local/python/3.10.13/lib/python3.10/site-packages/airflow/example_dags/tutorial_taskflow_api.py
[2024-04-02T09:09:14.856+0000] {processor.py:826} INFO - Processing file /usr/local/python/3.10.13/lib/python3.10/site-packages/airflow/example_dags/tutorial_taskflow_api.py for tasks to queue
[2024-04-02T09:09:14.857+0000] {logging_mixin.py:150} INFO - [2024-04-02T09:09:14.857+0000] {dagbag.py:541} INFO - Filling up the DagBag from /usr/local/python/3.10.13/lib/python3.10/site-packages/airflow/example_dags/tutorial_taskflow_api.py
[2024-04-02T09:09:14.865+0000] {processor.py:836} INFO - DAG(s) dict_keys(['tutorial_taskflow_api']) retrieved from /usr/local/python/3.10.13/lib/python3.10/site-packages/airflow/example_dags/tutorial_taskflow_api.py
[2024-04-02T09:09:14.884+0000] {logging_mixin.py:150} INFO - [2024-04-02T09:09:14.883+0000] {dag.py:2742} INFO - Sync 1 DAGs
[2024-04-02T09:09:14.907+0000] {logging_mixin.py:150} INFO - [2024-04-02T09:09:14.907+0000] {dag.py:3504} INFO - Setting next_dagrun for tutorial_taskflow_api to None, run_after=None
[2024-04-02T09:09:14.952+0000] {processor.py:179} INFO - Processing /usr/local/python/3.10.13/lib/python3.10/site-packages/airflow/example_dags/tutorial_taskflow_api.py took 0.101 seconds
[2024-04-02T09:09:52.405+0000] {processor.py:157} INFO - Started process (PID=18768) to work on /usr/local/python/3.10.13/lib/python3.10/site-packages/airflow/example_dags/tutorial_taskflow_api.py
[2024-04-02T09:09:52.408+0000] {processor.py:826} INFO - Processing file /usr/local/python/3.10.13/lib/python3.10/site-packages/airflow/example_dags/tutorial_taskflow_api.py for tasks to queue
[2024-04-02T09:09:52.410+0000] {logging_mixin.py:150} INFO - [2024-04-02T09:09:52.409+0000] {dagbag.py:541} INFO - Filling up the DagBag from /usr/local/python/3.10.13/lib/python3.10/site-packages/airflow/example_dags/tutorial_taskflow_api.py
[2024-04-02T09:09:52.420+0000] {processor.py:836} INFO - DAG(s) dict_keys(['tutorial_taskflow_api']) retrieved from /usr/local/python/3.10.13/lib/python3.10/site-packages/airflow/example_dags/tutorial_taskflow_api.py
[2024-04-02T09:09:52.447+0000] {logging_mixin.py:150} INFO - [2024-04-02T09:09:52.447+0000] {dag.py:2742} INFO - Sync 1 DAGs
[2024-04-02T09:09:52.492+0000] {logging_mixin.py:150} INFO - [2024-04-02T09:09:52.492+0000] {dag.py:3504} INFO - Setting next_dagrun for tutorial_taskflow_api to None, run_after=None
[2024-04-02T09:09:52.541+0000] {processor.py:179} INFO - Processing /usr/local/python/3.10.13/lib/python3.10/site-packages/airflow/example_dags/tutorial_taskflow_api.py took 0.139 seconds
[2024-04-02T09:10:31.077+0000] {processor.py:157} INFO - Started process (PID=19020) to work on /usr/local/python/3.10.13/lib/python3.10/site-packages/airflow/example_dags/tutorial_taskflow_api.py
[2024-04-02T09:10:31.078+0000] {processor.py:826} INFO - Processing file /usr/local/python/3.10.13/lib/python3.10/site-packages/airflow/example_dags/tutorial_taskflow_api.py for tasks to queue
[2024-04-02T09:10:31.079+0000] {logging_mixin.py:150} INFO - [2024-04-02T09:10:31.079+0000] {dagbag.py:541} INFO - Filling up the DagBag from /usr/local/python/3.10.13/lib/python3.10/site-packages/airflow/example_dags/tutorial_taskflow_api.py
[2024-04-02T09:10:31.087+0000] {processor.py:836} INFO - DAG(s) dict_keys(['tutorial_taskflow_api']) retrieved from /usr/local/python/3.10.13/lib/python3.10/site-packages/airflow/example_dags/tutorial_taskflow_api.py
[2024-04-02T09:10:31.112+0000] {logging_mixin.py:150} INFO - [2024-04-02T09:10:31.112+0000] {dag.py:2742} INFO - Sync 1 DAGs
[2024-04-02T09:10:31.152+0000] {logging_mixin.py:150} INFO - [2024-04-02T09:10:31.152+0000] {dag.py:3504} INFO - Setting next_dagrun for tutorial_taskflow_api to None, run_after=None
[2024-04-02T09:10:31.198+0000] {processor.py:179} INFO - Processing /usr/local/python/3.10.13/lib/python3.10/site-packages/airflow/example_dags/tutorial_taskflow_api.py took 0.125 seconds
[2024-04-02T09:11:10.233+0000] {processor.py:157} INFO - Started process (PID=19287) to work on /usr/local/python/3.10.13/lib/python3.10/site-packages/airflow/example_dags/tutorial_taskflow_api.py
[2024-04-02T09:11:10.233+0000] {processor.py:826} INFO - Processing file /usr/local/python/3.10.13/lib/python3.10/site-packages/airflow/example_dags/tutorial_taskflow_api.py for tasks to queue
[2024-04-02T09:11:10.234+0000] {logging_mixin.py:150} INFO - [2024-04-02T09:11:10.234+0000] {dagbag.py:541} INFO - Filling up the DagBag from /usr/local/python/3.10.13/lib/python3.10/site-packages/airflow/example_dags/tutorial_taskflow_api.py
[2024-04-02T09:11:10.239+0000] {processor.py:836} INFO - DAG(s) dict_keys(['tutorial_taskflow_api']) retrieved from /usr/local/python/3.10.13/lib/python3.10/site-packages/airflow/example_dags/tutorial_taskflow_api.py
[2024-04-02T09:11:10.252+0000] {logging_mixin.py:150} INFO - [2024-04-02T09:11:10.251+0000] {dag.py:2742} INFO - Sync 1 DAGs
[2024-04-02T09:11:10.267+0000] {logging_mixin.py:150} INFO - [2024-04-02T09:11:10.266+0000] {dag.py:3504} INFO - Setting next_dagrun for tutorial_taskflow_api to None, run_after=None
[2024-04-02T09:11:10.307+0000] {processor.py:179} INFO - Processing /usr/local/python/3.10.13/lib/python3.10/site-packages/airflow/example_dags/tutorial_taskflow_api.py took 0.076 seconds
[2024-04-02T09:11:49.603+0000] {processor.py:157} INFO - Started process (PID=19563) to work on /usr/local/python/3.10.13/lib/python3.10/site-packages/airflow/example_dags/tutorial_taskflow_api.py
[2024-04-02T09:11:49.603+0000] {processor.py:826} INFO - Processing file /usr/local/python/3.10.13/lib/python3.10/site-packages/airflow/example_dags/tutorial_taskflow_api.py for tasks to queue
[2024-04-02T09:11:49.604+0000] {logging_mixin.py:150} INFO - [2024-04-02T09:11:49.604+0000] {dagbag.py:541} INFO - Filling up the DagBag from /usr/local/python/3.10.13/lib/python3.10/site-packages/airflow/example_dags/tutorial_taskflow_api.py
[2024-04-02T09:11:49.609+0000] {processor.py:836} INFO - DAG(s) dict_keys(['tutorial_taskflow_api']) retrieved from /usr/local/python/3.10.13/lib/python3.10/site-packages/airflow/example_dags/tutorial_taskflow_api.py
[2024-04-02T09:11:49.621+0000] {logging_mixin.py:150} INFO - [2024-04-02T09:11:49.621+0000] {dag.py:2742} INFO - Sync 1 DAGs
[2024-04-02T09:11:49.636+0000] {logging_mixin.py:150} INFO - [2024-04-02T09:11:49.636+0000] {dag.py:3504} INFO - Setting next_dagrun for tutorial_taskflow_api to None, run_after=None
[2024-04-02T09:11:49.674+0000] {processor.py:179} INFO - Processing /usr/local/python/3.10.13/lib/python3.10/site-packages/airflow/example_dags/tutorial_taskflow_api.py took 0.074 seconds
[2024-04-02T09:12:30.037+0000] {processor.py:157} INFO - Started process (PID=19832) to work on /usr/local/python/3.10.13/lib/python3.10/site-packages/airflow/example_dags/tutorial_taskflow_api.py
[2024-04-02T09:12:30.040+0000] {processor.py:826} INFO - Processing file /usr/local/python/3.10.13/lib/python3.10/site-packages/airflow/example_dags/tutorial_taskflow_api.py for tasks to queue
[2024-04-02T09:12:30.047+0000] {logging_mixin.py:150} INFO - [2024-04-02T09:12:30.046+0000] {dagbag.py:541} INFO - Filling up the DagBag from /usr/local/python/3.10.13/lib/python3.10/site-packages/airflow/example_dags/tutorial_taskflow_api.py
[2024-04-02T09:12:30.057+0000] {processor.py:836} INFO - DAG(s) dict_keys(['tutorial_taskflow_api']) retrieved from /usr/local/python/3.10.13/lib/python3.10/site-packages/airflow/example_dags/tutorial_taskflow_api.py
[2024-04-02T09:12:30.075+0000] {logging_mixin.py:150} INFO - [2024-04-02T09:12:30.075+0000] {dag.py:2742} INFO - Sync 1 DAGs
[2024-04-02T09:12:30.098+0000] {logging_mixin.py:150} INFO - [2024-04-02T09:12:30.098+0000] {dag.py:3504} INFO - Setting next_dagrun for tutorial_taskflow_api to None, run_after=None
[2024-04-02T09:12:30.155+0000] {processor.py:179} INFO - Processing /usr/local/python/3.10.13/lib/python3.10/site-packages/airflow/example_dags/tutorial_taskflow_api.py took 0.129 seconds
[2024-04-02T09:13:10.637+0000] {processor.py:157} INFO - Started process (PID=20109) to work on /usr/local/python/3.10.13/lib/python3.10/site-packages/airflow/example_dags/tutorial_taskflow_api.py
[2024-04-02T09:13:10.637+0000] {processor.py:826} INFO - Processing file /usr/local/python/3.10.13/lib/python3.10/site-packages/airflow/example_dags/tutorial_taskflow_api.py for tasks to queue
[2024-04-02T09:13:10.638+0000] {logging_mixin.py:150} INFO - [2024-04-02T09:13:10.638+0000] {dagbag.py:541} INFO - Filling up the DagBag from /usr/local/python/3.10.13/lib/python3.10/site-packages/airflow/example_dags/tutorial_taskflow_api.py
[2024-04-02T09:13:10.643+0000] {processor.py:836} INFO - DAG(s) dict_keys(['tutorial_taskflow_api']) retrieved from /usr/local/python/3.10.13/lib/python3.10/site-packages/airflow/example_dags/tutorial_taskflow_api.py
[2024-04-02T09:13:10.655+0000] {logging_mixin.py:150} INFO - [2024-04-02T09:13:10.655+0000] {dag.py:2742} INFO - Sync 1 DAGs
[2024-04-02T09:13:10.679+0000] {logging_mixin.py:150} INFO - [2024-04-02T09:13:10.679+0000] {dag.py:3504} INFO - Setting next_dagrun for tutorial_taskflow_api to None, run_after=None
[2024-04-02T09:13:10.718+0000] {processor.py:179} INFO - Processing /usr/local/python/3.10.13/lib/python3.10/site-packages/airflow/example_dags/tutorial_taskflow_api.py took 0.084 seconds
[2024-04-02T09:13:48.694+0000] {processor.py:157} INFO - Started process (PID=20377) to work on /usr/local/python/3.10.13/lib/python3.10/site-packages/airflow/example_dags/tutorial_taskflow_api.py
[2024-04-02T09:13:48.696+0000] {processor.py:826} INFO - Processing file /usr/local/python/3.10.13/lib/python3.10/site-packages/airflow/example_dags/tutorial_taskflow_api.py for tasks to queue
[2024-04-02T09:13:48.697+0000] {logging_mixin.py:150} INFO - [2024-04-02T09:13:48.696+0000] {dagbag.py:541} INFO - Filling up the DagBag from /usr/local/python/3.10.13/lib/python3.10/site-packages/airflow/example_dags/tutorial_taskflow_api.py
[2024-04-02T09:13:48.704+0000] {processor.py:836} INFO - DAG(s) dict_keys(['tutorial_taskflow_api']) retrieved from /usr/local/python/3.10.13/lib/python3.10/site-packages/airflow/example_dags/tutorial_taskflow_api.py
[2024-04-02T09:13:48.722+0000] {logging_mixin.py:150} INFO - [2024-04-02T09:13:48.721+0000] {dag.py:2742} INFO - Sync 1 DAGs
[2024-04-02T09:13:48.744+0000] {logging_mixin.py:150} INFO - [2024-04-02T09:13:48.744+0000] {dag.py:3504} INFO - Setting next_dagrun for tutorial_taskflow_api to None, run_after=None
[2024-04-02T09:13:48.787+0000] {processor.py:179} INFO - Processing /usr/local/python/3.10.13/lib/python3.10/site-packages/airflow/example_dags/tutorial_taskflow_api.py took 0.096 seconds
[2024-04-02T09:14:24.016+0000] {processor.py:157} INFO - Started process (PID=20614) to work on /usr/local/python/3.10.13/lib/python3.10/site-packages/airflow/example_dags/tutorial_taskflow_api.py
[2024-04-02T09:14:24.017+0000] {processor.py:826} INFO - Processing file /usr/local/python/3.10.13/lib/python3.10/site-packages/airflow/example_dags/tutorial_taskflow_api.py for tasks to queue
[2024-04-02T09:14:24.018+0000] {logging_mixin.py:150} INFO - [2024-04-02T09:14:24.017+0000] {dagbag.py:541} INFO - Filling up the DagBag from /usr/local/python/3.10.13/lib/python3.10/site-packages/airflow/example_dags/tutorial_taskflow_api.py
[2024-04-02T09:14:24.024+0000] {processor.py:836} INFO - DAG(s) dict_keys(['tutorial_taskflow_api']) retrieved from /usr/local/python/3.10.13/lib/python3.10/site-packages/airflow/example_dags/tutorial_taskflow_api.py
[2024-04-02T09:14:24.042+0000] {logging_mixin.py:150} INFO - [2024-04-02T09:14:24.042+0000] {dag.py:2742} INFO - Sync 1 DAGs
[2024-04-02T09:14:24.066+0000] {logging_mixin.py:150} INFO - [2024-04-02T09:14:24.066+0000] {dag.py:3504} INFO - Setting next_dagrun for tutorial_taskflow_api to None, run_after=None
[2024-04-02T09:14:24.113+0000] {processor.py:179} INFO - Processing /usr/local/python/3.10.13/lib/python3.10/site-packages/airflow/example_dags/tutorial_taskflow_api.py took 0.100 seconds
[2024-04-02T09:14:58.713+0000] {processor.py:157} INFO - Started process (PID=20864) to work on /usr/local/python/3.10.13/lib/python3.10/site-packages/airflow/example_dags/tutorial_taskflow_api.py
[2024-04-02T09:14:58.714+0000] {processor.py:826} INFO - Processing file /usr/local/python/3.10.13/lib/python3.10/site-packages/airflow/example_dags/tutorial_taskflow_api.py for tasks to queue
[2024-04-02T09:14:58.715+0000] {logging_mixin.py:150} INFO - [2024-04-02T09:14:58.715+0000] {dagbag.py:541} INFO - Filling up the DagBag from /usr/local/python/3.10.13/lib/python3.10/site-packages/airflow/example_dags/tutorial_taskflow_api.py
[2024-04-02T09:14:58.722+0000] {processor.py:836} INFO - DAG(s) dict_keys(['tutorial_taskflow_api']) retrieved from /usr/local/python/3.10.13/lib/python3.10/site-packages/airflow/example_dags/tutorial_taskflow_api.py
[2024-04-02T09:14:58.740+0000] {logging_mixin.py:150} INFO - [2024-04-02T09:14:58.740+0000] {dag.py:2742} INFO - Sync 1 DAGs
[2024-04-02T09:14:58.762+0000] {logging_mixin.py:150} INFO - [2024-04-02T09:14:58.762+0000] {dag.py:3504} INFO - Setting next_dagrun for tutorial_taskflow_api to None, run_after=None
[2024-04-02T09:14:58.802+0000] {processor.py:179} INFO - Processing /usr/local/python/3.10.13/lib/python3.10/site-packages/airflow/example_dags/tutorial_taskflow_api.py took 0.092 seconds
[2024-04-02T09:15:30.624+0000] {processor.py:157} INFO - Started process (PID=21106) to work on /usr/local/python/3.10.13/lib/python3.10/site-packages/airflow/example_dags/tutorial_taskflow_api.py
[2024-04-02T09:15:30.625+0000] {processor.py:826} INFO - Processing file /usr/local/python/3.10.13/lib/python3.10/site-packages/airflow/example_dags/tutorial_taskflow_api.py for tasks to queue
[2024-04-02T09:15:30.626+0000] {logging_mixin.py:150} INFO - [2024-04-02T09:15:30.625+0000] {dagbag.py:541} INFO - Filling up the DagBag from /usr/local/python/3.10.13/lib/python3.10/site-packages/airflow/example_dags/tutorial_taskflow_api.py
[2024-04-02T09:15:30.631+0000] {processor.py:836} INFO - DAG(s) dict_keys(['tutorial_taskflow_api']) retrieved from /usr/local/python/3.10.13/lib/python3.10/site-packages/airflow/example_dags/tutorial_taskflow_api.py
[2024-04-02T09:15:30.643+0000] {logging_mixin.py:150} INFO - [2024-04-02T09:15:30.643+0000] {dag.py:2742} INFO - Sync 1 DAGs
[2024-04-02T09:15:30.659+0000] {logging_mixin.py:150} INFO - [2024-04-02T09:15:30.659+0000] {dag.py:3504} INFO - Setting next_dagrun for tutorial_taskflow_api to None, run_after=None
[2024-04-02T09:15:30.696+0000] {processor.py:179} INFO - Processing /usr/local/python/3.10.13/lib/python3.10/site-packages/airflow/example_dags/tutorial_taskflow_api.py took 0.075 seconds
[2024-04-02T09:16:09.334+0000] {processor.py:157} INFO - Started process (PID=21350) to work on /usr/local/python/3.10.13/lib/python3.10/site-packages/airflow/example_dags/tutorial_taskflow_api.py
[2024-04-02T09:16:09.334+0000] {processor.py:826} INFO - Processing file /usr/local/python/3.10.13/lib/python3.10/site-packages/airflow/example_dags/tutorial_taskflow_api.py for tasks to queue
[2024-04-02T09:16:09.335+0000] {logging_mixin.py:150} INFO - [2024-04-02T09:16:09.335+0000] {dagbag.py:541} INFO - Filling up the DagBag from /usr/local/python/3.10.13/lib/python3.10/site-packages/airflow/example_dags/tutorial_taskflow_api.py
[2024-04-02T09:16:09.341+0000] {processor.py:836} INFO - DAG(s) dict_keys(['tutorial_taskflow_api']) retrieved from /usr/local/python/3.10.13/lib/python3.10/site-packages/airflow/example_dags/tutorial_taskflow_api.py
[2024-04-02T09:16:09.357+0000] {logging_mixin.py:150} INFO - [2024-04-02T09:16:09.357+0000] {dag.py:2742} INFO - Sync 1 DAGs
[2024-04-02T09:16:09.381+0000] {logging_mixin.py:150} INFO - [2024-04-02T09:16:09.381+0000] {dag.py:3504} INFO - Setting next_dagrun for tutorial_taskflow_api to None, run_after=None
[2024-04-02T09:16:09.428+0000] {processor.py:179} INFO - Processing /usr/local/python/3.10.13/lib/python3.10/site-packages/airflow/example_dags/tutorial_taskflow_api.py took 0.097 seconds
[2024-04-02T09:16:48.441+0000] {processor.py:157} INFO - Started process (PID=21622) to work on /usr/local/python/3.10.13/lib/python3.10/site-packages/airflow/example_dags/tutorial_taskflow_api.py
[2024-04-02T09:16:48.441+0000] {processor.py:826} INFO - Processing file /usr/local/python/3.10.13/lib/python3.10/site-packages/airflow/example_dags/tutorial_taskflow_api.py for tasks to queue
[2024-04-02T09:16:48.442+0000] {logging_mixin.py:150} INFO - [2024-04-02T09:16:48.442+0000] {dagbag.py:541} INFO - Filling up the DagBag from /usr/local/python/3.10.13/lib/python3.10/site-packages/airflow/example_dags/tutorial_taskflow_api.py
[2024-04-02T09:16:48.447+0000] {processor.py:836} INFO - DAG(s) dict_keys(['tutorial_taskflow_api']) retrieved from /usr/local/python/3.10.13/lib/python3.10/site-packages/airflow/example_dags/tutorial_taskflow_api.py
[2024-04-02T09:16:48.459+0000] {logging_mixin.py:150} INFO - [2024-04-02T09:16:48.459+0000] {dag.py:2742} INFO - Sync 1 DAGs
[2024-04-02T09:16:48.474+0000] {logging_mixin.py:150} INFO - [2024-04-02T09:16:48.474+0000] {dag.py:3504} INFO - Setting next_dagrun for tutorial_taskflow_api to None, run_after=None
[2024-04-02T09:16:48.513+0000] {processor.py:179} INFO - Processing /usr/local/python/3.10.13/lib/python3.10/site-packages/airflow/example_dags/tutorial_taskflow_api.py took 0.075 seconds
[2024-04-02T09:17:29.869+0000] {processor.py:157} INFO - Started process (PID=21906) to work on /usr/local/python/3.10.13/lib/python3.10/site-packages/airflow/example_dags/tutorial_taskflow_api.py
[2024-04-02T09:17:29.870+0000] {processor.py:826} INFO - Processing file /usr/local/python/3.10.13/lib/python3.10/site-packages/airflow/example_dags/tutorial_taskflow_api.py for tasks to queue
[2024-04-02T09:17:29.870+0000] {logging_mixin.py:150} INFO - [2024-04-02T09:17:29.870+0000] {dagbag.py:541} INFO - Filling up the DagBag from /usr/local/python/3.10.13/lib/python3.10/site-packages/airflow/example_dags/tutorial_taskflow_api.py
[2024-04-02T09:17:29.876+0000] {processor.py:836} INFO - DAG(s) dict_keys(['tutorial_taskflow_api']) retrieved from /usr/local/python/3.10.13/lib/python3.10/site-packages/airflow/example_dags/tutorial_taskflow_api.py
[2024-04-02T09:17:29.888+0000] {logging_mixin.py:150} INFO - [2024-04-02T09:17:29.887+0000] {dag.py:2742} INFO - Sync 1 DAGs
[2024-04-02T09:17:29.902+0000] {logging_mixin.py:150} INFO - [2024-04-02T09:17:29.902+0000] {dag.py:3504} INFO - Setting next_dagrun for tutorial_taskflow_api to None, run_after=None
[2024-04-02T09:17:29.955+0000] {processor.py:179} INFO - Processing /usr/local/python/3.10.13/lib/python3.10/site-packages/airflow/example_dags/tutorial_taskflow_api.py took 0.089 seconds
[2024-04-02T09:18:06.416+0000] {processor.py:157} INFO - Started process (PID=22164) to work on /usr/local/python/3.10.13/lib/python3.10/site-packages/airflow/example_dags/tutorial_taskflow_api.py
[2024-04-02T09:18:06.420+0000] {processor.py:826} INFO - Processing file /usr/local/python/3.10.13/lib/python3.10/site-packages/airflow/example_dags/tutorial_taskflow_api.py for tasks to queue
[2024-04-02T09:18:06.421+0000] {logging_mixin.py:150} INFO - [2024-04-02T09:18:06.421+0000] {dagbag.py:541} INFO - Filling up the DagBag from /usr/local/python/3.10.13/lib/python3.10/site-packages/airflow/example_dags/tutorial_taskflow_api.py
[2024-04-02T09:18:06.429+0000] {processor.py:836} INFO - DAG(s) dict_keys(['tutorial_taskflow_api']) retrieved from /usr/local/python/3.10.13/lib/python3.10/site-packages/airflow/example_dags/tutorial_taskflow_api.py
[2024-04-02T09:18:06.474+0000] {logging_mixin.py:150} INFO - [2024-04-02T09:18:06.473+0000] {dag.py:2742} INFO - Sync 1 DAGs
[2024-04-02T09:18:06.497+0000] {logging_mixin.py:150} INFO - [2024-04-02T09:18:06.497+0000] {dag.py:3504} INFO - Setting next_dagrun for tutorial_taskflow_api to None, run_after=None
[2024-04-02T09:18:06.545+0000] {processor.py:179} INFO - Processing /usr/local/python/3.10.13/lib/python3.10/site-packages/airflow/example_dags/tutorial_taskflow_api.py took 0.133 seconds
[2024-04-02T09:18:46.845+0000] {processor.py:157} INFO - Started process (PID=22438) to work on /usr/local/python/3.10.13/lib/python3.10/site-packages/airflow/example_dags/tutorial_taskflow_api.py
[2024-04-02T09:18:46.846+0000] {processor.py:826} INFO - Processing file /usr/local/python/3.10.13/lib/python3.10/site-packages/airflow/example_dags/tutorial_taskflow_api.py for tasks to queue
[2024-04-02T09:18:46.847+0000] {logging_mixin.py:150} INFO - [2024-04-02T09:18:46.847+0000] {dagbag.py:541} INFO - Filling up the DagBag from /usr/local/python/3.10.13/lib/python3.10/site-packages/airflow/example_dags/tutorial_taskflow_api.py
[2024-04-02T09:18:46.854+0000] {processor.py:836} INFO - DAG(s) dict_keys(['tutorial_taskflow_api']) retrieved from /usr/local/python/3.10.13/lib/python3.10/site-packages/airflow/example_dags/tutorial_taskflow_api.py
[2024-04-02T09:18:46.871+0000] {logging_mixin.py:150} INFO - [2024-04-02T09:18:46.871+0000] {dag.py:2742} INFO - Sync 1 DAGs
[2024-04-02T09:18:46.893+0000] {logging_mixin.py:150} INFO - [2024-04-02T09:18:46.893+0000] {dag.py:3504} INFO - Setting next_dagrun for tutorial_taskflow_api to None, run_after=None
[2024-04-02T09:18:46.936+0000] {processor.py:179} INFO - Processing /usr/local/python/3.10.13/lib/python3.10/site-packages/airflow/example_dags/tutorial_taskflow_api.py took 0.095 seconds
[2024-04-02T09:19:27.329+0000] {processor.py:157} INFO - Started process (PID=22708) to work on /usr/local/python/3.10.13/lib/python3.10/site-packages/airflow/example_dags/tutorial_taskflow_api.py
[2024-04-02T09:19:27.330+0000] {processor.py:826} INFO - Processing file /usr/local/python/3.10.13/lib/python3.10/site-packages/airflow/example_dags/tutorial_taskflow_api.py for tasks to queue
[2024-04-02T09:19:27.330+0000] {logging_mixin.py:150} INFO - [2024-04-02T09:19:27.330+0000] {dagbag.py:541} INFO - Filling up the DagBag from /usr/local/python/3.10.13/lib/python3.10/site-packages/airflow/example_dags/tutorial_taskflow_api.py
[2024-04-02T09:19:27.335+0000] {processor.py:836} INFO - DAG(s) dict_keys(['tutorial_taskflow_api']) retrieved from /usr/local/python/3.10.13/lib/python3.10/site-packages/airflow/example_dags/tutorial_taskflow_api.py
[2024-04-02T09:19:27.347+0000] {logging_mixin.py:150} INFO - [2024-04-02T09:19:27.347+0000] {dag.py:2742} INFO - Sync 1 DAGs
[2024-04-02T09:19:27.362+0000] {logging_mixin.py:150} INFO - [2024-04-02T09:19:27.362+0000] {dag.py:3504} INFO - Setting next_dagrun for tutorial_taskflow_api to None, run_after=None
[2024-04-02T09:19:27.402+0000] {processor.py:179} INFO - Processing /usr/local/python/3.10.13/lib/python3.10/site-packages/airflow/example_dags/tutorial_taskflow_api.py took 0.075 seconds
[2024-04-02T09:20:00.343+0000] {processor.py:157} INFO - Started process (PID=22959) to work on /usr/local/python/3.10.13/lib/python3.10/site-packages/airflow/example_dags/tutorial_taskflow_api.py
[2024-04-02T09:20:00.344+0000] {processor.py:826} INFO - Processing file /usr/local/python/3.10.13/lib/python3.10/site-packages/airflow/example_dags/tutorial_taskflow_api.py for tasks to queue
[2024-04-02T09:20:00.345+0000] {logging_mixin.py:150} INFO - [2024-04-02T09:20:00.345+0000] {dagbag.py:541} INFO - Filling up the DagBag from /usr/local/python/3.10.13/lib/python3.10/site-packages/airflow/example_dags/tutorial_taskflow_api.py
[2024-04-02T09:20:00.371+0000] {processor.py:836} INFO - DAG(s) dict_keys(['tutorial_taskflow_api']) retrieved from /usr/local/python/3.10.13/lib/python3.10/site-packages/airflow/example_dags/tutorial_taskflow_api.py
[2024-04-02T09:20:00.390+0000] {logging_mixin.py:150} INFO - [2024-04-02T09:20:00.390+0000] {dag.py:2742} INFO - Sync 1 DAGs
[2024-04-02T09:20:00.413+0000] {logging_mixin.py:150} INFO - [2024-04-02T09:20:00.413+0000] {dag.py:3504} INFO - Setting next_dagrun for tutorial_taskflow_api to None, run_after=None
[2024-04-02T09:20:00.470+0000] {processor.py:179} INFO - Processing /usr/local/python/3.10.13/lib/python3.10/site-packages/airflow/example_dags/tutorial_taskflow_api.py took 0.131 seconds
[2024-04-02T09:20:37.137+0000] {processor.py:157} INFO - Started process (PID=23222) to work on /usr/local/python/3.10.13/lib/python3.10/site-packages/airflow/example_dags/tutorial_taskflow_api.py
[2024-04-02T09:20:37.138+0000] {processor.py:826} INFO - Processing file /usr/local/python/3.10.13/lib/python3.10/site-packages/airflow/example_dags/tutorial_taskflow_api.py for tasks to queue
[2024-04-02T09:20:37.139+0000] {logging_mixin.py:150} INFO - [2024-04-02T09:20:37.139+0000] {dagbag.py:541} INFO - Filling up the DagBag from /usr/local/python/3.10.13/lib/python3.10/site-packages/airflow/example_dags/tutorial_taskflow_api.py
[2024-04-02T09:20:37.147+0000] {processor.py:836} INFO - DAG(s) dict_keys(['tutorial_taskflow_api']) retrieved from /usr/local/python/3.10.13/lib/python3.10/site-packages/airflow/example_dags/tutorial_taskflow_api.py
[2024-04-02T09:20:37.165+0000] {logging_mixin.py:150} INFO - [2024-04-02T09:20:37.164+0000] {dag.py:2742} INFO - Sync 1 DAGs
[2024-04-02T09:20:37.188+0000] {logging_mixin.py:150} INFO - [2024-04-02T09:20:37.188+0000] {dag.py:3504} INFO - Setting next_dagrun for tutorial_taskflow_api to None, run_after=None
[2024-04-02T09:20:37.237+0000] {processor.py:179} INFO - Processing /usr/local/python/3.10.13/lib/python3.10/site-packages/airflow/example_dags/tutorial_taskflow_api.py took 0.103 seconds
[2024-04-02T09:21:16.543+0000] {processor.py:157} INFO - Started process (PID=23474) to work on /usr/local/python/3.10.13/lib/python3.10/site-packages/airflow/example_dags/tutorial_taskflow_api.py
[2024-04-02T09:21:16.548+0000] {processor.py:826} INFO - Processing file /usr/local/python/3.10.13/lib/python3.10/site-packages/airflow/example_dags/tutorial_taskflow_api.py for tasks to queue
[2024-04-02T09:21:16.549+0000] {logging_mixin.py:150} INFO - [2024-04-02T09:21:16.549+0000] {dagbag.py:541} INFO - Filling up the DagBag from /usr/local/python/3.10.13/lib/python3.10/site-packages/airflow/example_dags/tutorial_taskflow_api.py
[2024-04-02T09:21:16.559+0000] {processor.py:836} INFO - DAG(s) dict_keys(['tutorial_taskflow_api']) retrieved from /usr/local/python/3.10.13/lib/python3.10/site-packages/airflow/example_dags/tutorial_taskflow_api.py
[2024-04-02T09:21:16.576+0000] {logging_mixin.py:150} INFO - [2024-04-02T09:21:16.576+0000] {dag.py:2742} INFO - Sync 1 DAGs
[2024-04-02T09:21:16.603+0000] {logging_mixin.py:150} INFO - [2024-04-02T09:21:16.602+0000] {dag.py:3504} INFO - Setting next_dagrun for tutorial_taskflow_api to None, run_after=None
[2024-04-02T09:21:16.651+0000] {processor.py:179} INFO - Processing /usr/local/python/3.10.13/lib/python3.10/site-packages/airflow/example_dags/tutorial_taskflow_api.py took 0.110 seconds
[2024-04-02T09:21:52.336+0000] {processor.py:157} INFO - Started process (PID=23730) to work on /usr/local/python/3.10.13/lib/python3.10/site-packages/airflow/example_dags/tutorial_taskflow_api.py
[2024-04-02T09:21:52.339+0000] {processor.py:826} INFO - Processing file /usr/local/python/3.10.13/lib/python3.10/site-packages/airflow/example_dags/tutorial_taskflow_api.py for tasks to queue
[2024-04-02T09:21:52.340+0000] {logging_mixin.py:150} INFO - [2024-04-02T09:21:52.339+0000] {dagbag.py:541} INFO - Filling up the DagBag from /usr/local/python/3.10.13/lib/python3.10/site-packages/airflow/example_dags/tutorial_taskflow_api.py
[2024-04-02T09:21:52.347+0000] {processor.py:836} INFO - DAG(s) dict_keys(['tutorial_taskflow_api']) retrieved from /usr/local/python/3.10.13/lib/python3.10/site-packages/airflow/example_dags/tutorial_taskflow_api.py
[2024-04-02T09:21:52.369+0000] {logging_mixin.py:150} INFO - [2024-04-02T09:21:52.368+0000] {dag.py:2742} INFO - Sync 1 DAGs
[2024-04-02T09:21:52.392+0000] {logging_mixin.py:150} INFO - [2024-04-02T09:21:52.392+0000] {dag.py:3504} INFO - Setting next_dagrun for tutorial_taskflow_api to None, run_after=None
[2024-04-02T09:21:52.437+0000] {processor.py:179} INFO - Processing /usr/local/python/3.10.13/lib/python3.10/site-packages/airflow/example_dags/tutorial_taskflow_api.py took 0.104 seconds
[2024-04-02T09:22:30.581+0000] {processor.py:157} INFO - Started process (PID=23993) to work on /usr/local/python/3.10.13/lib/python3.10/site-packages/airflow/example_dags/tutorial_taskflow_api.py
[2024-04-02T09:22:30.582+0000] {processor.py:826} INFO - Processing file /usr/local/python/3.10.13/lib/python3.10/site-packages/airflow/example_dags/tutorial_taskflow_api.py for tasks to queue
[2024-04-02T09:22:30.583+0000] {logging_mixin.py:150} INFO - [2024-04-02T09:22:30.582+0000] {dagbag.py:541} INFO - Filling up the DagBag from /usr/local/python/3.10.13/lib/python3.10/site-packages/airflow/example_dags/tutorial_taskflow_api.py
[2024-04-02T09:22:30.590+0000] {processor.py:836} INFO - DAG(s) dict_keys(['tutorial_taskflow_api']) retrieved from /usr/local/python/3.10.13/lib/python3.10/site-packages/airflow/example_dags/tutorial_taskflow_api.py
[2024-04-02T09:22:30.613+0000] {logging_mixin.py:150} INFO - [2024-04-02T09:22:30.613+0000] {dag.py:2742} INFO - Sync 1 DAGs
[2024-04-02T09:22:30.641+0000] {logging_mixin.py:150} INFO - [2024-04-02T09:22:30.641+0000] {dag.py:3504} INFO - Setting next_dagrun for tutorial_taskflow_api to None, run_after=None
[2024-04-02T09:22:30.687+0000] {processor.py:179} INFO - Processing /usr/local/python/3.10.13/lib/python3.10/site-packages/airflow/example_dags/tutorial_taskflow_api.py took 0.109 seconds
[2024-04-02T09:23:10.174+0000] {processor.py:157} INFO - Started process (PID=24264) to work on /usr/local/python/3.10.13/lib/python3.10/site-packages/airflow/example_dags/tutorial_taskflow_api.py
[2024-04-02T09:23:10.175+0000] {processor.py:826} INFO - Processing file /usr/local/python/3.10.13/lib/python3.10/site-packages/airflow/example_dags/tutorial_taskflow_api.py for tasks to queue
[2024-04-02T09:23:10.176+0000] {logging_mixin.py:150} INFO - [2024-04-02T09:23:10.176+0000] {dagbag.py:541} INFO - Filling up the DagBag from /usr/local/python/3.10.13/lib/python3.10/site-packages/airflow/example_dags/tutorial_taskflow_api.py
[2024-04-02T09:23:10.181+0000] {processor.py:836} INFO - DAG(s) dict_keys(['tutorial_taskflow_api']) retrieved from /usr/local/python/3.10.13/lib/python3.10/site-packages/airflow/example_dags/tutorial_taskflow_api.py
[2024-04-02T09:23:10.192+0000] {logging_mixin.py:150} INFO - [2024-04-02T09:23:10.192+0000] {dag.py:2742} INFO - Sync 1 DAGs
[2024-04-02T09:23:10.210+0000] {logging_mixin.py:150} INFO - [2024-04-02T09:23:10.210+0000] {dag.py:3504} INFO - Setting next_dagrun for tutorial_taskflow_api to None, run_after=None
[2024-04-02T09:23:10.251+0000] {processor.py:179} INFO - Processing /usr/local/python/3.10.13/lib/python3.10/site-packages/airflow/example_dags/tutorial_taskflow_api.py took 0.079 seconds
[2024-04-02T09:23:48.692+0000] {processor.py:157} INFO - Started process (PID=24512) to work on /usr/local/python/3.10.13/lib/python3.10/site-packages/airflow/example_dags/tutorial_taskflow_api.py
[2024-04-02T09:23:48.694+0000] {processor.py:826} INFO - Processing file /usr/local/python/3.10.13/lib/python3.10/site-packages/airflow/example_dags/tutorial_taskflow_api.py for tasks to queue
[2024-04-02T09:23:48.695+0000] {logging_mixin.py:150} INFO - [2024-04-02T09:23:48.694+0000] {dagbag.py:541} INFO - Filling up the DagBag from /usr/local/python/3.10.13/lib/python3.10/site-packages/airflow/example_dags/tutorial_taskflow_api.py
[2024-04-02T09:23:48.701+0000] {processor.py:836} INFO - DAG(s) dict_keys(['tutorial_taskflow_api']) retrieved from /usr/local/python/3.10.13/lib/python3.10/site-packages/airflow/example_dags/tutorial_taskflow_api.py
[2024-04-02T09:23:48.720+0000] {logging_mixin.py:150} INFO - [2024-04-02T09:23:48.719+0000] {dag.py:2742} INFO - Sync 1 DAGs
[2024-04-02T09:23:48.736+0000] {logging_mixin.py:150} INFO - [2024-04-02T09:23:48.736+0000] {dag.py:3504} INFO - Setting next_dagrun for tutorial_taskflow_api to None, run_after=None
[2024-04-02T09:23:48.776+0000] {processor.py:179} INFO - Processing /usr/local/python/3.10.13/lib/python3.10/site-packages/airflow/example_dags/tutorial_taskflow_api.py took 0.087 seconds
[2024-04-02T09:24:31.293+0000] {processor.py:157} INFO - Started process (PID=24845) to work on /usr/local/python/3.10.13/lib/python3.10/site-packages/airflow/example_dags/tutorial_taskflow_api.py
[2024-04-02T09:24:31.294+0000] {processor.py:826} INFO - Processing file /usr/local/python/3.10.13/lib/python3.10/site-packages/airflow/example_dags/tutorial_taskflow_api.py for tasks to queue
[2024-04-02T09:24:31.296+0000] {logging_mixin.py:150} INFO - [2024-04-02T09:24:31.295+0000] {dagbag.py:541} INFO - Filling up the DagBag from /usr/local/python/3.10.13/lib/python3.10/site-packages/airflow/example_dags/tutorial_taskflow_api.py
[2024-04-02T09:24:31.303+0000] {processor.py:836} INFO - DAG(s) dict_keys(['tutorial_taskflow_api']) retrieved from /usr/local/python/3.10.13/lib/python3.10/site-packages/airflow/example_dags/tutorial_taskflow_api.py
[2024-04-02T09:24:31.315+0000] {logging_mixin.py:150} INFO - [2024-04-02T09:24:31.315+0000] {dag.py:2742} INFO - Sync 1 DAGs
[2024-04-02T09:24:31.331+0000] {logging_mixin.py:150} INFO - [2024-04-02T09:24:31.331+0000] {dag.py:3504} INFO - Setting next_dagrun for tutorial_taskflow_api to None, run_after=None
[2024-04-02T09:24:31.370+0000] {processor.py:179} INFO - Processing /usr/local/python/3.10.13/lib/python3.10/site-packages/airflow/example_dags/tutorial_taskflow_api.py took 0.080 seconds
[2024-04-02T09:25:12.093+0000] {processor.py:157} INFO - Started process (PID=25124) to work on /usr/local/python/3.10.13/lib/python3.10/site-packages/airflow/example_dags/tutorial_taskflow_api.py
[2024-04-02T09:25:12.097+0000] {processor.py:826} INFO - Processing file /usr/local/python/3.10.13/lib/python3.10/site-packages/airflow/example_dags/tutorial_taskflow_api.py for tasks to queue
[2024-04-02T09:25:12.098+0000] {logging_mixin.py:150} INFO - [2024-04-02T09:25:12.098+0000] {dagbag.py:541} INFO - Filling up the DagBag from /usr/local/python/3.10.13/lib/python3.10/site-packages/airflow/example_dags/tutorial_taskflow_api.py
[2024-04-02T09:25:12.105+0000] {processor.py:836} INFO - DAG(s) dict_keys(['tutorial_taskflow_api']) retrieved from /usr/local/python/3.10.13/lib/python3.10/site-packages/airflow/example_dags/tutorial_taskflow_api.py
[2024-04-02T09:25:12.135+0000] {logging_mixin.py:150} INFO - [2024-04-02T09:25:12.135+0000] {dag.py:2742} INFO - Sync 1 DAGs
[2024-04-02T09:25:12.158+0000] {logging_mixin.py:150} INFO - [2024-04-02T09:25:12.158+0000] {dag.py:3504} INFO - Setting next_dagrun for tutorial_taskflow_api to None, run_after=None
[2024-04-02T09:25:12.202+0000] {processor.py:179} INFO - Processing /usr/local/python/3.10.13/lib/python3.10/site-packages/airflow/example_dags/tutorial_taskflow_api.py took 0.119 seconds
[2024-04-02T09:25:55.428+0000] {processor.py:157} INFO - Started process (PID=25410) to work on /usr/local/python/3.10.13/lib/python3.10/site-packages/airflow/example_dags/tutorial_taskflow_api.py
[2024-04-02T09:25:55.429+0000] {processor.py:826} INFO - Processing file /usr/local/python/3.10.13/lib/python3.10/site-packages/airflow/example_dags/tutorial_taskflow_api.py for tasks to queue
[2024-04-02T09:25:55.429+0000] {logging_mixin.py:150} INFO - [2024-04-02T09:25:55.429+0000] {dagbag.py:541} INFO - Filling up the DagBag from /usr/local/python/3.10.13/lib/python3.10/site-packages/airflow/example_dags/tutorial_taskflow_api.py
[2024-04-02T09:25:55.434+0000] {processor.py:836} INFO - DAG(s) dict_keys(['tutorial_taskflow_api']) retrieved from /usr/local/python/3.10.13/lib/python3.10/site-packages/airflow/example_dags/tutorial_taskflow_api.py
[2024-04-02T09:25:55.446+0000] {logging_mixin.py:150} INFO - [2024-04-02T09:25:55.446+0000] {dag.py:2742} INFO - Sync 1 DAGs
[2024-04-02T09:25:55.461+0000] {logging_mixin.py:150} INFO - [2024-04-02T09:25:55.461+0000] {dag.py:3504} INFO - Setting next_dagrun for tutorial_taskflow_api to None, run_after=None
[2024-04-02T09:25:55.498+0000] {processor.py:179} INFO - Processing /usr/local/python/3.10.13/lib/python3.10/site-packages/airflow/example_dags/tutorial_taskflow_api.py took 0.073 seconds
[2024-04-02T09:26:38.146+0000] {processor.py:157} INFO - Started process (PID=25694) to work on /usr/local/python/3.10.13/lib/python3.10/site-packages/airflow/example_dags/tutorial_taskflow_api.py
[2024-04-02T09:26:38.146+0000] {processor.py:826} INFO - Processing file /usr/local/python/3.10.13/lib/python3.10/site-packages/airflow/example_dags/tutorial_taskflow_api.py for tasks to queue
[2024-04-02T09:26:38.147+0000] {logging_mixin.py:150} INFO - [2024-04-02T09:26:38.147+0000] {dagbag.py:541} INFO - Filling up the DagBag from /usr/local/python/3.10.13/lib/python3.10/site-packages/airflow/example_dags/tutorial_taskflow_api.py
[2024-04-02T09:26:38.152+0000] {processor.py:836} INFO - DAG(s) dict_keys(['tutorial_taskflow_api']) retrieved from /usr/local/python/3.10.13/lib/python3.10/site-packages/airflow/example_dags/tutorial_taskflow_api.py
[2024-04-02T09:26:38.164+0000] {logging_mixin.py:150} INFO - [2024-04-02T09:26:38.164+0000] {dag.py:2742} INFO - Sync 1 DAGs
[2024-04-02T09:26:38.181+0000] {logging_mixin.py:150} INFO - [2024-04-02T09:26:38.181+0000] {dag.py:3504} INFO - Setting next_dagrun for tutorial_taskflow_api to None, run_after=None
[2024-04-02T09:26:38.305+0000] {processor.py:179} INFO - Processing /usr/local/python/3.10.13/lib/python3.10/site-packages/airflow/example_dags/tutorial_taskflow_api.py took 0.161 seconds
[2024-04-02T09:27:17.541+0000] {processor.py:157} INFO - Started process (PID=25971) to work on /usr/local/python/3.10.13/lib/python3.10/site-packages/airflow/example_dags/tutorial_taskflow_api.py
[2024-04-02T09:27:17.542+0000] {processor.py:826} INFO - Processing file /usr/local/python/3.10.13/lib/python3.10/site-packages/airflow/example_dags/tutorial_taskflow_api.py for tasks to queue
[2024-04-02T09:27:17.543+0000] {logging_mixin.py:150} INFO - [2024-04-02T09:27:17.543+0000] {dagbag.py:541} INFO - Filling up the DagBag from /usr/local/python/3.10.13/lib/python3.10/site-packages/airflow/example_dags/tutorial_taskflow_api.py
[2024-04-02T09:27:17.552+0000] {processor.py:836} INFO - DAG(s) dict_keys(['tutorial_taskflow_api']) retrieved from /usr/local/python/3.10.13/lib/python3.10/site-packages/airflow/example_dags/tutorial_taskflow_api.py
[2024-04-02T09:27:17.569+0000] {logging_mixin.py:150} INFO - [2024-04-02T09:27:17.569+0000] {dag.py:2742} INFO - Sync 1 DAGs
[2024-04-02T09:27:17.592+0000] {logging_mixin.py:150} INFO - [2024-04-02T09:27:17.592+0000] {dag.py:3504} INFO - Setting next_dagrun for tutorial_taskflow_api to None, run_after=None
[2024-04-02T09:27:17.642+0000] {processor.py:179} INFO - Processing /usr/local/python/3.10.13/lib/python3.10/site-packages/airflow/example_dags/tutorial_taskflow_api.py took 0.104 seconds
[2024-04-02T09:27:57.175+0000] {processor.py:157} INFO - Started process (PID=26243) to work on /usr/local/python/3.10.13/lib/python3.10/site-packages/airflow/example_dags/tutorial_taskflow_api.py
[2024-04-02T09:27:57.176+0000] {processor.py:826} INFO - Processing file /usr/local/python/3.10.13/lib/python3.10/site-packages/airflow/example_dags/tutorial_taskflow_api.py for tasks to queue
[2024-04-02T09:27:57.176+0000] {logging_mixin.py:150} INFO - [2024-04-02T09:27:57.176+0000] {dagbag.py:541} INFO - Filling up the DagBag from /usr/local/python/3.10.13/lib/python3.10/site-packages/airflow/example_dags/tutorial_taskflow_api.py
[2024-04-02T09:27:57.181+0000] {processor.py:836} INFO - DAG(s) dict_keys(['tutorial_taskflow_api']) retrieved from /usr/local/python/3.10.13/lib/python3.10/site-packages/airflow/example_dags/tutorial_taskflow_api.py
[2024-04-02T09:27:57.193+0000] {logging_mixin.py:150} INFO - [2024-04-02T09:27:57.193+0000] {dag.py:2742} INFO - Sync 1 DAGs
[2024-04-02T09:27:57.208+0000] {logging_mixin.py:150} INFO - [2024-04-02T09:27:57.208+0000] {dag.py:3504} INFO - Setting next_dagrun for tutorial_taskflow_api to None, run_after=None
[2024-04-02T09:27:57.337+0000] {processor.py:179} INFO - Processing /usr/local/python/3.10.13/lib/python3.10/site-packages/airflow/example_dags/tutorial_taskflow_api.py took 0.164 seconds
[2024-04-02T09:28:40.420+0000] {processor.py:157} INFO - Started process (PID=26522) to work on /usr/local/python/3.10.13/lib/python3.10/site-packages/airflow/example_dags/tutorial_taskflow_api.py
[2024-04-02T09:28:40.420+0000] {processor.py:826} INFO - Processing file /usr/local/python/3.10.13/lib/python3.10/site-packages/airflow/example_dags/tutorial_taskflow_api.py for tasks to queue
[2024-04-02T09:28:40.421+0000] {logging_mixin.py:150} INFO - [2024-04-02T09:28:40.421+0000] {dagbag.py:541} INFO - Filling up the DagBag from /usr/local/python/3.10.13/lib/python3.10/site-packages/airflow/example_dags/tutorial_taskflow_api.py
[2024-04-02T09:28:40.426+0000] {processor.py:836} INFO - DAG(s) dict_keys(['tutorial_taskflow_api']) retrieved from /usr/local/python/3.10.13/lib/python3.10/site-packages/airflow/example_dags/tutorial_taskflow_api.py
[2024-04-02T09:28:40.438+0000] {logging_mixin.py:150} INFO - [2024-04-02T09:28:40.437+0000] {dag.py:2742} INFO - Sync 1 DAGs
[2024-04-02T09:28:40.452+0000] {logging_mixin.py:150} INFO - [2024-04-02T09:28:40.452+0000] {dag.py:3504} INFO - Setting next_dagrun for tutorial_taskflow_api to None, run_after=None
[2024-04-02T09:28:40.493+0000] {processor.py:179} INFO - Processing /usr/local/python/3.10.13/lib/python3.10/site-packages/airflow/example_dags/tutorial_taskflow_api.py took 0.075 seconds
[2024-04-02T09:29:21.042+0000] {processor.py:157} INFO - Started process (PID=26800) to work on /usr/local/python/3.10.13/lib/python3.10/site-packages/airflow/example_dags/tutorial_taskflow_api.py
[2024-04-02T09:29:21.042+0000] {processor.py:826} INFO - Processing file /usr/local/python/3.10.13/lib/python3.10/site-packages/airflow/example_dags/tutorial_taskflow_api.py for tasks to queue
[2024-04-02T09:29:21.043+0000] {logging_mixin.py:150} INFO - [2024-04-02T09:29:21.043+0000] {dagbag.py:541} INFO - Filling up the DagBag from /usr/local/python/3.10.13/lib/python3.10/site-packages/airflow/example_dags/tutorial_taskflow_api.py
[2024-04-02T09:29:21.048+0000] {processor.py:836} INFO - DAG(s) dict_keys(['tutorial_taskflow_api']) retrieved from /usr/local/python/3.10.13/lib/python3.10/site-packages/airflow/example_dags/tutorial_taskflow_api.py
[2024-04-02T09:29:21.060+0000] {logging_mixin.py:150} INFO - [2024-04-02T09:29:21.060+0000] {dag.py:2742} INFO - Sync 1 DAGs
[2024-04-02T09:29:21.075+0000] {logging_mixin.py:150} INFO - [2024-04-02T09:29:21.075+0000] {dag.py:3504} INFO - Setting next_dagrun for tutorial_taskflow_api to None, run_after=None
[2024-04-02T09:29:21.115+0000] {processor.py:179} INFO - Processing /usr/local/python/3.10.13/lib/python3.10/site-packages/airflow/example_dags/tutorial_taskflow_api.py took 0.075 seconds
[2024-04-02T09:29:56.941+0000] {processor.py:157} INFO - Started process (PID=27092) to work on /usr/local/python/3.10.13/lib/python3.10/site-packages/airflow/example_dags/tutorial_taskflow_api.py
[2024-04-02T09:29:56.942+0000] {processor.py:826} INFO - Processing file /usr/local/python/3.10.13/lib/python3.10/site-packages/airflow/example_dags/tutorial_taskflow_api.py for tasks to queue
[2024-04-02T09:29:56.943+0000] {logging_mixin.py:150} INFO - [2024-04-02T09:29:56.943+0000] {dagbag.py:541} INFO - Filling up the DagBag from /usr/local/python/3.10.13/lib/python3.10/site-packages/airflow/example_dags/tutorial_taskflow_api.py
[2024-04-02T09:29:56.950+0000] {processor.py:836} INFO - DAG(s) dict_keys(['tutorial_taskflow_api']) retrieved from /usr/local/python/3.10.13/lib/python3.10/site-packages/airflow/example_dags/tutorial_taskflow_api.py
[2024-04-02T09:29:56.968+0000] {logging_mixin.py:150} INFO - [2024-04-02T09:29:56.968+0000] {dag.py:2742} INFO - Sync 1 DAGs
[2024-04-02T09:29:56.991+0000] {logging_mixin.py:150} INFO - [2024-04-02T09:29:56.991+0000] {dag.py:3504} INFO - Setting next_dagrun for tutorial_taskflow_api to None, run_after=None
[2024-04-02T09:29:57.044+0000] {processor.py:179} INFO - Processing /usr/local/python/3.10.13/lib/python3.10/site-packages/airflow/example_dags/tutorial_taskflow_api.py took 0.107 seconds
[2024-04-02T09:30:31.361+0000] {processor.py:157} INFO - Started process (PID=27331) to work on /usr/local/python/3.10.13/lib/python3.10/site-packages/airflow/example_dags/tutorial_taskflow_api.py
[2024-04-02T09:30:31.362+0000] {processor.py:826} INFO - Processing file /usr/local/python/3.10.13/lib/python3.10/site-packages/airflow/example_dags/tutorial_taskflow_api.py for tasks to queue
[2024-04-02T09:30:31.363+0000] {logging_mixin.py:150} INFO - [2024-04-02T09:30:31.363+0000] {dagbag.py:541} INFO - Filling up the DagBag from /usr/local/python/3.10.13/lib/python3.10/site-packages/airflow/example_dags/tutorial_taskflow_api.py
[2024-04-02T09:30:31.370+0000] {processor.py:836} INFO - DAG(s) dict_keys(['tutorial_taskflow_api']) retrieved from /usr/local/python/3.10.13/lib/python3.10/site-packages/airflow/example_dags/tutorial_taskflow_api.py
[2024-04-02T09:30:31.388+0000] {logging_mixin.py:150} INFO - [2024-04-02T09:30:31.388+0000] {dag.py:2742} INFO - Sync 1 DAGs
[2024-04-02T09:30:31.404+0000] {logging_mixin.py:150} INFO - [2024-04-02T09:30:31.404+0000] {dag.py:3504} INFO - Setting next_dagrun for tutorial_taskflow_api to None, run_after=None
[2024-04-02T09:30:31.457+0000] {processor.py:179} INFO - Processing /usr/local/python/3.10.13/lib/python3.10/site-packages/airflow/example_dags/tutorial_taskflow_api.py took 0.099 seconds
[2024-04-02T09:31:12.995+0000] {processor.py:157} INFO - Started process (PID=27610) to work on /usr/local/python/3.10.13/lib/python3.10/site-packages/airflow/example_dags/tutorial_taskflow_api.py
[2024-04-02T09:31:12.996+0000] {processor.py:826} INFO - Processing file /usr/local/python/3.10.13/lib/python3.10/site-packages/airflow/example_dags/tutorial_taskflow_api.py for tasks to queue
[2024-04-02T09:31:12.996+0000] {logging_mixin.py:150} INFO - [2024-04-02T09:31:12.996+0000] {dagbag.py:541} INFO - Filling up the DagBag from /usr/local/python/3.10.13/lib/python3.10/site-packages/airflow/example_dags/tutorial_taskflow_api.py
[2024-04-02T09:31:13.001+0000] {processor.py:836} INFO - DAG(s) dict_keys(['tutorial_taskflow_api']) retrieved from /usr/local/python/3.10.13/lib/python3.10/site-packages/airflow/example_dags/tutorial_taskflow_api.py
[2024-04-02T09:31:13.014+0000] {logging_mixin.py:150} INFO - [2024-04-02T09:31:13.013+0000] {dag.py:2742} INFO - Sync 1 DAGs
[2024-04-02T09:31:13.029+0000] {logging_mixin.py:150} INFO - [2024-04-02T09:31:13.029+0000] {dag.py:3504} INFO - Setting next_dagrun for tutorial_taskflow_api to None, run_after=None
[2024-04-02T09:31:13.071+0000] {processor.py:179} INFO - Processing /usr/local/python/3.10.13/lib/python3.10/site-packages/airflow/example_dags/tutorial_taskflow_api.py took 0.078 seconds
[2024-04-02T09:31:52.232+0000] {processor.py:157} INFO - Started process (PID=27885) to work on /usr/local/python/3.10.13/lib/python3.10/site-packages/airflow/example_dags/tutorial_taskflow_api.py
[2024-04-02T09:31:52.233+0000] {processor.py:826} INFO - Processing file /usr/local/python/3.10.13/lib/python3.10/site-packages/airflow/example_dags/tutorial_taskflow_api.py for tasks to queue
[2024-04-02T09:31:52.234+0000] {logging_mixin.py:150} INFO - [2024-04-02T09:31:52.234+0000] {dagbag.py:541} INFO - Filling up the DagBag from /usr/local/python/3.10.13/lib/python3.10/site-packages/airflow/example_dags/tutorial_taskflow_api.py
[2024-04-02T09:31:52.241+0000] {processor.py:836} INFO - DAG(s) dict_keys(['tutorial_taskflow_api']) retrieved from /usr/local/python/3.10.13/lib/python3.10/site-packages/airflow/example_dags/tutorial_taskflow_api.py
[2024-04-02T09:31:52.258+0000] {logging_mixin.py:150} INFO - [2024-04-02T09:31:52.258+0000] {dag.py:2742} INFO - Sync 1 DAGs
[2024-04-02T09:31:52.280+0000] {logging_mixin.py:150} INFO - [2024-04-02T09:31:52.280+0000] {dag.py:3504} INFO - Setting next_dagrun for tutorial_taskflow_api to None, run_after=None
[2024-04-02T09:31:52.322+0000] {processor.py:179} INFO - Processing /usr/local/python/3.10.13/lib/python3.10/site-packages/airflow/example_dags/tutorial_taskflow_api.py took 0.093 seconds
[2024-04-02T09:32:30.212+0000] {processor.py:157} INFO - Started process (PID=28129) to work on /usr/local/python/3.10.13/lib/python3.10/site-packages/airflow/example_dags/tutorial_taskflow_api.py
[2024-04-02T09:32:30.213+0000] {processor.py:826} INFO - Processing file /usr/local/python/3.10.13/lib/python3.10/site-packages/airflow/example_dags/tutorial_taskflow_api.py for tasks to queue
[2024-04-02T09:32:30.214+0000] {logging_mixin.py:150} INFO - [2024-04-02T09:32:30.214+0000] {dagbag.py:541} INFO - Filling up the DagBag from /usr/local/python/3.10.13/lib/python3.10/site-packages/airflow/example_dags/tutorial_taskflow_api.py
[2024-04-02T09:32:30.221+0000] {processor.py:836} INFO - DAG(s) dict_keys(['tutorial_taskflow_api']) retrieved from /usr/local/python/3.10.13/lib/python3.10/site-packages/airflow/example_dags/tutorial_taskflow_api.py
[2024-04-02T09:32:30.240+0000] {logging_mixin.py:150} INFO - [2024-04-02T09:32:30.239+0000] {dag.py:2742} INFO - Sync 1 DAGs
[2024-04-02T09:32:30.264+0000] {logging_mixin.py:150} INFO - [2024-04-02T09:32:30.263+0000] {dag.py:3504} INFO - Setting next_dagrun for tutorial_taskflow_api to None, run_after=None
[2024-04-02T09:32:30.321+0000] {processor.py:179} INFO - Processing /usr/local/python/3.10.13/lib/python3.10/site-packages/airflow/example_dags/tutorial_taskflow_api.py took 0.113 seconds
[2024-04-02T09:33:11.416+0000] {processor.py:157} INFO - Started process (PID=28407) to work on /usr/local/python/3.10.13/lib/python3.10/site-packages/airflow/example_dags/tutorial_taskflow_api.py
[2024-04-02T09:33:11.416+0000] {processor.py:826} INFO - Processing file /usr/local/python/3.10.13/lib/python3.10/site-packages/airflow/example_dags/tutorial_taskflow_api.py for tasks to queue
[2024-04-02T09:33:11.417+0000] {logging_mixin.py:150} INFO - [2024-04-02T09:33:11.417+0000] {dagbag.py:541} INFO - Filling up the DagBag from /usr/local/python/3.10.13/lib/python3.10/site-packages/airflow/example_dags/tutorial_taskflow_api.py
[2024-04-02T09:33:11.422+0000] {processor.py:836} INFO - DAG(s) dict_keys(['tutorial_taskflow_api']) retrieved from /usr/local/python/3.10.13/lib/python3.10/site-packages/airflow/example_dags/tutorial_taskflow_api.py
[2024-04-02T09:33:11.433+0000] {logging_mixin.py:150} INFO - [2024-04-02T09:33:11.433+0000] {dag.py:2742} INFO - Sync 1 DAGs
[2024-04-02T09:33:11.448+0000] {logging_mixin.py:150} INFO - [2024-04-02T09:33:11.448+0000] {dag.py:3504} INFO - Setting next_dagrun for tutorial_taskflow_api to None, run_after=None
[2024-04-02T09:33:11.486+0000] {processor.py:179} INFO - Processing /usr/local/python/3.10.13/lib/python3.10/site-packages/airflow/example_dags/tutorial_taskflow_api.py took 0.073 seconds
[2024-04-02T09:33:49.761+0000] {processor.py:157} INFO - Started process (PID=28677) to work on /usr/local/python/3.10.13/lib/python3.10/site-packages/airflow/example_dags/tutorial_taskflow_api.py
[2024-04-02T09:33:49.762+0000] {processor.py:826} INFO - Processing file /usr/local/python/3.10.13/lib/python3.10/site-packages/airflow/example_dags/tutorial_taskflow_api.py for tasks to queue
[2024-04-02T09:33:49.762+0000] {logging_mixin.py:150} INFO - [2024-04-02T09:33:49.762+0000] {dagbag.py:541} INFO - Filling up the DagBag from /usr/local/python/3.10.13/lib/python3.10/site-packages/airflow/example_dags/tutorial_taskflow_api.py
[2024-04-02T09:33:49.767+0000] {processor.py:836} INFO - DAG(s) dict_keys(['tutorial_taskflow_api']) retrieved from /usr/local/python/3.10.13/lib/python3.10/site-packages/airflow/example_dags/tutorial_taskflow_api.py
[2024-04-02T09:33:49.779+0000] {logging_mixin.py:150} INFO - [2024-04-02T09:33:49.778+0000] {dag.py:2742} INFO - Sync 1 DAGs
[2024-04-02T09:33:49.793+0000] {logging_mixin.py:150} INFO - [2024-04-02T09:33:49.793+0000] {dag.py:3504} INFO - Setting next_dagrun for tutorial_taskflow_api to None, run_after=None
[2024-04-02T09:33:49.831+0000] {processor.py:179} INFO - Processing /usr/local/python/3.10.13/lib/python3.10/site-packages/airflow/example_dags/tutorial_taskflow_api.py took 0.073 seconds
[2024-04-02T09:34:26.954+0000] {processor.py:157} INFO - Started process (PID=28938) to work on /usr/local/python/3.10.13/lib/python3.10/site-packages/airflow/example_dags/tutorial_taskflow_api.py
[2024-04-02T09:34:26.955+0000] {processor.py:826} INFO - Processing file /usr/local/python/3.10.13/lib/python3.10/site-packages/airflow/example_dags/tutorial_taskflow_api.py for tasks to queue
[2024-04-02T09:34:26.956+0000] {logging_mixin.py:150} INFO - [2024-04-02T09:34:26.956+0000] {dagbag.py:541} INFO - Filling up the DagBag from /usr/local/python/3.10.13/lib/python3.10/site-packages/airflow/example_dags/tutorial_taskflow_api.py
[2024-04-02T09:34:26.964+0000] {processor.py:836} INFO - DAG(s) dict_keys(['tutorial_taskflow_api']) retrieved from /usr/local/python/3.10.13/lib/python3.10/site-packages/airflow/example_dags/tutorial_taskflow_api.py
[2024-04-02T09:34:26.983+0000] {logging_mixin.py:150} INFO - [2024-04-02T09:34:26.982+0000] {dag.py:2742} INFO - Sync 1 DAGs
[2024-04-02T09:34:27.007+0000] {logging_mixin.py:150} INFO - [2024-04-02T09:34:27.007+0000] {dag.py:3504} INFO - Setting next_dagrun for tutorial_taskflow_api to None, run_after=None
[2024-04-02T09:34:27.054+0000] {processor.py:179} INFO - Processing /usr/local/python/3.10.13/lib/python3.10/site-packages/airflow/example_dags/tutorial_taskflow_api.py took 0.103 seconds
[2024-04-02T09:35:05.985+0000] {processor.py:157} INFO - Started process (PID=29231) to work on /usr/local/python/3.10.13/lib/python3.10/site-packages/airflow/example_dags/tutorial_taskflow_api.py
[2024-04-02T09:35:05.985+0000] {processor.py:826} INFO - Processing file /usr/local/python/3.10.13/lib/python3.10/site-packages/airflow/example_dags/tutorial_taskflow_api.py for tasks to queue
[2024-04-02T09:35:05.986+0000] {logging_mixin.py:150} INFO - [2024-04-02T09:35:05.986+0000] {dagbag.py:541} INFO - Filling up the DagBag from /usr/local/python/3.10.13/lib/python3.10/site-packages/airflow/example_dags/tutorial_taskflow_api.py
[2024-04-02T09:35:05.991+0000] {processor.py:836} INFO - DAG(s) dict_keys(['tutorial_taskflow_api']) retrieved from /usr/local/python/3.10.13/lib/python3.10/site-packages/airflow/example_dags/tutorial_taskflow_api.py
[2024-04-02T09:35:06.003+0000] {logging_mixin.py:150} INFO - [2024-04-02T09:35:06.003+0000] {dag.py:2742} INFO - Sync 1 DAGs
[2024-04-02T09:35:06.018+0000] {logging_mixin.py:150} INFO - [2024-04-02T09:35:06.018+0000] {dag.py:3504} INFO - Setting next_dagrun for tutorial_taskflow_api to None, run_after=None
[2024-04-02T09:35:06.057+0000] {processor.py:179} INFO - Processing /usr/local/python/3.10.13/lib/python3.10/site-packages/airflow/example_dags/tutorial_taskflow_api.py took 0.075 seconds
[2024-04-02T09:35:42.688+0000] {processor.py:157} INFO - Started process (PID=29477) to work on /usr/local/python/3.10.13/lib/python3.10/site-packages/airflow/example_dags/tutorial_taskflow_api.py
[2024-04-02T09:35:42.689+0000] {processor.py:826} INFO - Processing file /usr/local/python/3.10.13/lib/python3.10/site-packages/airflow/example_dags/tutorial_taskflow_api.py for tasks to queue
[2024-04-02T09:35:42.690+0000] {logging_mixin.py:150} INFO - [2024-04-02T09:35:42.689+0000] {dagbag.py:541} INFO - Filling up the DagBag from /usr/local/python/3.10.13/lib/python3.10/site-packages/airflow/example_dags/tutorial_taskflow_api.py
[2024-04-02T09:35:42.694+0000] {processor.py:836} INFO - DAG(s) dict_keys(['tutorial_taskflow_api']) retrieved from /usr/local/python/3.10.13/lib/python3.10/site-packages/airflow/example_dags/tutorial_taskflow_api.py
[2024-04-02T09:35:42.706+0000] {logging_mixin.py:150} INFO - [2024-04-02T09:35:42.706+0000] {dag.py:2742} INFO - Sync 1 DAGs
[2024-04-02T09:35:42.722+0000] {logging_mixin.py:150} INFO - [2024-04-02T09:35:42.722+0000] {dag.py:3504} INFO - Setting next_dagrun for tutorial_taskflow_api to None, run_after=None
[2024-04-02T09:35:42.761+0000] {processor.py:179} INFO - Processing /usr/local/python/3.10.13/lib/python3.10/site-packages/airflow/example_dags/tutorial_taskflow_api.py took 0.075 seconds
[2024-04-02T09:36:16.473+0000] {processor.py:157} INFO - Started process (PID=29705) to work on /usr/local/python/3.10.13/lib/python3.10/site-packages/airflow/example_dags/tutorial_taskflow_api.py
[2024-04-02T09:36:16.474+0000] {processor.py:826} INFO - Processing file /usr/local/python/3.10.13/lib/python3.10/site-packages/airflow/example_dags/tutorial_taskflow_api.py for tasks to queue
[2024-04-02T09:36:16.475+0000] {logging_mixin.py:150} INFO - [2024-04-02T09:36:16.475+0000] {dagbag.py:541} INFO - Filling up the DagBag from /usr/local/python/3.10.13/lib/python3.10/site-packages/airflow/example_dags/tutorial_taskflow_api.py
[2024-04-02T09:36:16.482+0000] {processor.py:836} INFO - DAG(s) dict_keys(['tutorial_taskflow_api']) retrieved from /usr/local/python/3.10.13/lib/python3.10/site-packages/airflow/example_dags/tutorial_taskflow_api.py
[2024-04-02T09:36:16.507+0000] {logging_mixin.py:150} INFO - [2024-04-02T09:36:16.507+0000] {dag.py:2742} INFO - Sync 1 DAGs
[2024-04-02T09:36:16.546+0000] {logging_mixin.py:150} INFO - [2024-04-02T09:36:16.546+0000] {dag.py:3504} INFO - Setting next_dagrun for tutorial_taskflow_api to None, run_after=None
[2024-04-02T09:36:16.600+0000] {processor.py:179} INFO - Processing /usr/local/python/3.10.13/lib/python3.10/site-packages/airflow/example_dags/tutorial_taskflow_api.py took 0.131 seconds
[2024-04-02T09:36:55.425+0000] {processor.py:157} INFO - Started process (PID=29970) to work on /usr/local/python/3.10.13/lib/python3.10/site-packages/airflow/example_dags/tutorial_taskflow_api.py
[2024-04-02T09:36:55.426+0000] {processor.py:826} INFO - Processing file /usr/local/python/3.10.13/lib/python3.10/site-packages/airflow/example_dags/tutorial_taskflow_api.py for tasks to queue
[2024-04-02T09:36:55.427+0000] {logging_mixin.py:150} INFO - [2024-04-02T09:36:55.427+0000] {dagbag.py:541} INFO - Filling up the DagBag from /usr/local/python/3.10.13/lib/python3.10/site-packages/airflow/example_dags/tutorial_taskflow_api.py
[2024-04-02T09:36:55.432+0000] {processor.py:836} INFO - DAG(s) dict_keys(['tutorial_taskflow_api']) retrieved from /usr/local/python/3.10.13/lib/python3.10/site-packages/airflow/example_dags/tutorial_taskflow_api.py
[2024-04-02T09:36:55.443+0000] {logging_mixin.py:150} INFO - [2024-04-02T09:36:55.443+0000] {dag.py:2742} INFO - Sync 1 DAGs
[2024-04-02T09:36:55.458+0000] {logging_mixin.py:150} INFO - [2024-04-02T09:36:55.458+0000] {dag.py:3504} INFO - Setting next_dagrun for tutorial_taskflow_api to None, run_after=None
[2024-04-02T09:36:55.499+0000] {processor.py:179} INFO - Processing /usr/local/python/3.10.13/lib/python3.10/site-packages/airflow/example_dags/tutorial_taskflow_api.py took 0.076 seconds
[2024-04-02T09:37:32.668+0000] {processor.py:157} INFO - Started process (PID=30235) to work on /usr/local/python/3.10.13/lib/python3.10/site-packages/airflow/example_dags/tutorial_taskflow_api.py
[2024-04-02T09:37:32.669+0000] {processor.py:826} INFO - Processing file /usr/local/python/3.10.13/lib/python3.10/site-packages/airflow/example_dags/tutorial_taskflow_api.py for tasks to queue
[2024-04-02T09:37:32.671+0000] {logging_mixin.py:150} INFO - [2024-04-02T09:37:32.670+0000] {dagbag.py:541} INFO - Filling up the DagBag from /usr/local/python/3.10.13/lib/python3.10/site-packages/airflow/example_dags/tutorial_taskflow_api.py
[2024-04-02T09:37:32.678+0000] {processor.py:836} INFO - DAG(s) dict_keys(['tutorial_taskflow_api']) retrieved from /usr/local/python/3.10.13/lib/python3.10/site-packages/airflow/example_dags/tutorial_taskflow_api.py
[2024-04-02T09:37:32.696+0000] {logging_mixin.py:150} INFO - [2024-04-02T09:37:32.696+0000] {dag.py:2742} INFO - Sync 1 DAGs
[2024-04-02T09:37:32.720+0000] {logging_mixin.py:150} INFO - [2024-04-02T09:37:32.720+0000] {dag.py:3504} INFO - Setting next_dagrun for tutorial_taskflow_api to None, run_after=None
[2024-04-02T09:37:32.767+0000] {processor.py:179} INFO - Processing /usr/local/python/3.10.13/lib/python3.10/site-packages/airflow/example_dags/tutorial_taskflow_api.py took 0.102 seconds
[2024-04-02T09:38:08.602+0000] {processor.py:157} INFO - Started process (PID=30470) to work on /usr/local/python/3.10.13/lib/python3.10/site-packages/airflow/example_dags/tutorial_taskflow_api.py
[2024-04-02T09:38:08.603+0000] {processor.py:826} INFO - Processing file /usr/local/python/3.10.13/lib/python3.10/site-packages/airflow/example_dags/tutorial_taskflow_api.py for tasks to queue
[2024-04-02T09:38:08.603+0000] {logging_mixin.py:150} INFO - [2024-04-02T09:38:08.603+0000] {dagbag.py:541} INFO - Filling up the DagBag from /usr/local/python/3.10.13/lib/python3.10/site-packages/airflow/example_dags/tutorial_taskflow_api.py
[2024-04-02T09:38:08.608+0000] {processor.py:836} INFO - DAG(s) dict_keys(['tutorial_taskflow_api']) retrieved from /usr/local/python/3.10.13/lib/python3.10/site-packages/airflow/example_dags/tutorial_taskflow_api.py
[2024-04-02T09:38:08.623+0000] {logging_mixin.py:150} INFO - [2024-04-02T09:38:08.623+0000] {dag.py:2742} INFO - Sync 1 DAGs
[2024-04-02T09:38:08.642+0000] {logging_mixin.py:150} INFO - [2024-04-02T09:38:08.641+0000] {dag.py:3504} INFO - Setting next_dagrun for tutorial_taskflow_api to None, run_after=None
[2024-04-02T09:38:08.681+0000] {processor.py:179} INFO - Processing /usr/local/python/3.10.13/lib/python3.10/site-packages/airflow/example_dags/tutorial_taskflow_api.py took 0.081 seconds
[2024-04-02T09:38:47.422+0000] {processor.py:157} INFO - Started process (PID=30732) to work on /usr/local/python/3.10.13/lib/python3.10/site-packages/airflow/example_dags/tutorial_taskflow_api.py
[2024-04-02T09:38:47.422+0000] {processor.py:826} INFO - Processing file /usr/local/python/3.10.13/lib/python3.10/site-packages/airflow/example_dags/tutorial_taskflow_api.py for tasks to queue
[2024-04-02T09:38:47.423+0000] {logging_mixin.py:150} INFO - [2024-04-02T09:38:47.423+0000] {dagbag.py:541} INFO - Filling up the DagBag from /usr/local/python/3.10.13/lib/python3.10/site-packages/airflow/example_dags/tutorial_taskflow_api.py
[2024-04-02T09:38:47.428+0000] {processor.py:836} INFO - DAG(s) dict_keys(['tutorial_taskflow_api']) retrieved from /usr/local/python/3.10.13/lib/python3.10/site-packages/airflow/example_dags/tutorial_taskflow_api.py
[2024-04-02T09:38:47.440+0000] {logging_mixin.py:150} INFO - [2024-04-02T09:38:47.440+0000] {dag.py:2742} INFO - Sync 1 DAGs
[2024-04-02T09:38:47.455+0000] {logging_mixin.py:150} INFO - [2024-04-02T09:38:47.455+0000] {dag.py:3504} INFO - Setting next_dagrun for tutorial_taskflow_api to None, run_after=None
[2024-04-02T09:38:47.497+0000] {processor.py:179} INFO - Processing /usr/local/python/3.10.13/lib/python3.10/site-packages/airflow/example_dags/tutorial_taskflow_api.py took 0.078 seconds
[2024-04-02T09:39:25.991+0000] {processor.py:157} INFO - Started process (PID=30996) to work on /usr/local/python/3.10.13/lib/python3.10/site-packages/airflow/example_dags/tutorial_taskflow_api.py
[2024-04-02T09:39:25.992+0000] {processor.py:826} INFO - Processing file /usr/local/python/3.10.13/lib/python3.10/site-packages/airflow/example_dags/tutorial_taskflow_api.py for tasks to queue
[2024-04-02T09:39:25.993+0000] {logging_mixin.py:150} INFO - [2024-04-02T09:39:25.993+0000] {dagbag.py:541} INFO - Filling up the DagBag from /usr/local/python/3.10.13/lib/python3.10/site-packages/airflow/example_dags/tutorial_taskflow_api.py
[2024-04-02T09:39:25.998+0000] {processor.py:836} INFO - DAG(s) dict_keys(['tutorial_taskflow_api']) retrieved from /usr/local/python/3.10.13/lib/python3.10/site-packages/airflow/example_dags/tutorial_taskflow_api.py
[2024-04-02T09:39:26.009+0000] {logging_mixin.py:150} INFO - [2024-04-02T09:39:26.009+0000] {dag.py:2742} INFO - Sync 1 DAGs
[2024-04-02T09:39:26.024+0000] {logging_mixin.py:150} INFO - [2024-04-02T09:39:26.024+0000] {dag.py:3504} INFO - Setting next_dagrun for tutorial_taskflow_api to None, run_after=None
[2024-04-02T09:39:26.063+0000] {processor.py:179} INFO - Processing /usr/local/python/3.10.13/lib/python3.10/site-packages/airflow/example_dags/tutorial_taskflow_api.py took 0.074 seconds
[2024-04-02T09:40:04.517+0000] {processor.py:157} INFO - Started process (PID=31319) to work on /usr/local/python/3.10.13/lib/python3.10/site-packages/airflow/example_dags/tutorial_taskflow_api.py
[2024-04-02T09:40:04.518+0000] {processor.py:826} INFO - Processing file /usr/local/python/3.10.13/lib/python3.10/site-packages/airflow/example_dags/tutorial_taskflow_api.py for tasks to queue
[2024-04-02T09:40:04.518+0000] {logging_mixin.py:150} INFO - [2024-04-02T09:40:04.518+0000] {dagbag.py:541} INFO - Filling up the DagBag from /usr/local/python/3.10.13/lib/python3.10/site-packages/airflow/example_dags/tutorial_taskflow_api.py
[2024-04-02T09:40:04.523+0000] {processor.py:836} INFO - DAG(s) dict_keys(['tutorial_taskflow_api']) retrieved from /usr/local/python/3.10.13/lib/python3.10/site-packages/airflow/example_dags/tutorial_taskflow_api.py
[2024-04-02T09:40:04.535+0000] {logging_mixin.py:150} INFO - [2024-04-02T09:40:04.535+0000] {dag.py:2742} INFO - Sync 1 DAGs
[2024-04-02T09:40:04.551+0000] {logging_mixin.py:150} INFO - [2024-04-02T09:40:04.551+0000] {dag.py:3504} INFO - Setting next_dagrun for tutorial_taskflow_api to None, run_after=None
[2024-04-02T09:40:04.590+0000] {processor.py:179} INFO - Processing /usr/local/python/3.10.13/lib/python3.10/site-packages/airflow/example_dags/tutorial_taskflow_api.py took 0.076 seconds
[2024-04-02T09:40:42.899+0000] {processor.py:157} INFO - Started process (PID=31586) to work on /usr/local/python/3.10.13/lib/python3.10/site-packages/airflow/example_dags/tutorial_taskflow_api.py
[2024-04-02T09:40:42.900+0000] {processor.py:826} INFO - Processing file /usr/local/python/3.10.13/lib/python3.10/site-packages/airflow/example_dags/tutorial_taskflow_api.py for tasks to queue
[2024-04-02T09:40:42.901+0000] {logging_mixin.py:150} INFO - [2024-04-02T09:40:42.900+0000] {dagbag.py:541} INFO - Filling up the DagBag from /usr/local/python/3.10.13/lib/python3.10/site-packages/airflow/example_dags/tutorial_taskflow_api.py
[2024-04-02T09:40:42.905+0000] {processor.py:836} INFO - DAG(s) dict_keys(['tutorial_taskflow_api']) retrieved from /usr/local/python/3.10.13/lib/python3.10/site-packages/airflow/example_dags/tutorial_taskflow_api.py
[2024-04-02T09:40:42.918+0000] {logging_mixin.py:150} INFO - [2024-04-02T09:40:42.917+0000] {dag.py:2742} INFO - Sync 1 DAGs
[2024-04-02T09:40:42.935+0000] {logging_mixin.py:150} INFO - [2024-04-02T09:40:42.935+0000] {dag.py:3504} INFO - Setting next_dagrun for tutorial_taskflow_api to None, run_after=None
[2024-04-02T09:40:42.975+0000] {processor.py:179} INFO - Processing /usr/local/python/3.10.13/lib/python3.10/site-packages/airflow/example_dags/tutorial_taskflow_api.py took 0.079 seconds
[2024-04-02T09:41:20.324+0000] {processor.py:157} INFO - Started process (PID=31832) to work on /usr/local/python/3.10.13/lib/python3.10/site-packages/airflow/example_dags/tutorial_taskflow_api.py
[2024-04-02T09:41:20.325+0000] {processor.py:826} INFO - Processing file /usr/local/python/3.10.13/lib/python3.10/site-packages/airflow/example_dags/tutorial_taskflow_api.py for tasks to queue
[2024-04-02T09:41:20.325+0000] {logging_mixin.py:150} INFO - [2024-04-02T09:41:20.325+0000] {dagbag.py:541} INFO - Filling up the DagBag from /usr/local/python/3.10.13/lib/python3.10/site-packages/airflow/example_dags/tutorial_taskflow_api.py
[2024-04-02T09:41:20.330+0000] {processor.py:836} INFO - DAG(s) dict_keys(['tutorial_taskflow_api']) retrieved from /usr/local/python/3.10.13/lib/python3.10/site-packages/airflow/example_dags/tutorial_taskflow_api.py
[2024-04-02T09:41:20.343+0000] {logging_mixin.py:150} INFO - [2024-04-02T09:41:20.343+0000] {dag.py:2742} INFO - Sync 1 DAGs
[2024-04-02T09:41:20.359+0000] {logging_mixin.py:150} INFO - [2024-04-02T09:41:20.359+0000] {dag.py:3504} INFO - Setting next_dagrun for tutorial_taskflow_api to None, run_after=None
[2024-04-02T09:41:20.400+0000] {processor.py:179} INFO - Processing /usr/local/python/3.10.13/lib/python3.10/site-packages/airflow/example_dags/tutorial_taskflow_api.py took 0.078 seconds
[2024-04-02T09:41:57.861+0000] {processor.py:157} INFO - Started process (PID=32094) to work on /usr/local/python/3.10.13/lib/python3.10/site-packages/airflow/example_dags/tutorial_taskflow_api.py
[2024-04-02T09:41:57.862+0000] {processor.py:826} INFO - Processing file /usr/local/python/3.10.13/lib/python3.10/site-packages/airflow/example_dags/tutorial_taskflow_api.py for tasks to queue
[2024-04-02T09:41:57.863+0000] {logging_mixin.py:150} INFO - [2024-04-02T09:41:57.862+0000] {dagbag.py:541} INFO - Filling up the DagBag from /usr/local/python/3.10.13/lib/python3.10/site-packages/airflow/example_dags/tutorial_taskflow_api.py
[2024-04-02T09:41:57.867+0000] {processor.py:836} INFO - DAG(s) dict_keys(['tutorial_taskflow_api']) retrieved from /usr/local/python/3.10.13/lib/python3.10/site-packages/airflow/example_dags/tutorial_taskflow_api.py
[2024-04-02T09:41:57.879+0000] {logging_mixin.py:150} INFO - [2024-04-02T09:41:57.879+0000] {dag.py:2742} INFO - Sync 1 DAGs
[2024-04-02T09:41:57.894+0000] {logging_mixin.py:150} INFO - [2024-04-02T09:41:57.894+0000] {dag.py:3504} INFO - Setting next_dagrun for tutorial_taskflow_api to None, run_after=None
[2024-04-02T09:41:57.935+0000] {processor.py:179} INFO - Processing /usr/local/python/3.10.13/lib/python3.10/site-packages/airflow/example_dags/tutorial_taskflow_api.py took 0.076 seconds
[2024-04-02T09:42:35.083+0000] {processor.py:157} INFO - Started process (PID=32356) to work on /usr/local/python/3.10.13/lib/python3.10/site-packages/airflow/example_dags/tutorial_taskflow_api.py
[2024-04-02T09:42:35.086+0000] {processor.py:826} INFO - Processing file /usr/local/python/3.10.13/lib/python3.10/site-packages/airflow/example_dags/tutorial_taskflow_api.py for tasks to queue
[2024-04-02T09:42:35.087+0000] {logging_mixin.py:150} INFO - [2024-04-02T09:42:35.086+0000] {dagbag.py:541} INFO - Filling up the DagBag from /usr/local/python/3.10.13/lib/python3.10/site-packages/airflow/example_dags/tutorial_taskflow_api.py
[2024-04-02T09:42:35.110+0000] {processor.py:836} INFO - DAG(s) dict_keys(['tutorial_taskflow_api']) retrieved from /usr/local/python/3.10.13/lib/python3.10/site-packages/airflow/example_dags/tutorial_taskflow_api.py
[2024-04-02T09:42:35.147+0000] {logging_mixin.py:150} INFO - [2024-04-02T09:42:35.147+0000] {dag.py:2742} INFO - Sync 1 DAGs
[2024-04-02T09:42:35.172+0000] {logging_mixin.py:150} INFO - [2024-04-02T09:42:35.172+0000] {dag.py:3504} INFO - Setting next_dagrun for tutorial_taskflow_api to None, run_after=None
[2024-04-02T09:42:35.219+0000] {processor.py:179} INFO - Processing /usr/local/python/3.10.13/lib/python3.10/site-packages/airflow/example_dags/tutorial_taskflow_api.py took 0.148 seconds
[2024-04-02T09:43:15.975+0000] {processor.py:157} INFO - Started process (PID=32629) to work on /usr/local/python/3.10.13/lib/python3.10/site-packages/airflow/example_dags/tutorial_taskflow_api.py
[2024-04-02T09:43:15.975+0000] {processor.py:826} INFO - Processing file /usr/local/python/3.10.13/lib/python3.10/site-packages/airflow/example_dags/tutorial_taskflow_api.py for tasks to queue
[2024-04-02T09:43:15.976+0000] {logging_mixin.py:150} INFO - [2024-04-02T09:43:15.976+0000] {dagbag.py:541} INFO - Filling up the DagBag from /usr/local/python/3.10.13/lib/python3.10/site-packages/airflow/example_dags/tutorial_taskflow_api.py
[2024-04-02T09:43:15.981+0000] {processor.py:836} INFO - DAG(s) dict_keys(['tutorial_taskflow_api']) retrieved from /usr/local/python/3.10.13/lib/python3.10/site-packages/airflow/example_dags/tutorial_taskflow_api.py
[2024-04-02T09:43:15.993+0000] {logging_mixin.py:150} INFO - [2024-04-02T09:43:15.993+0000] {dag.py:2742} INFO - Sync 1 DAGs
[2024-04-02T09:43:16.008+0000] {logging_mixin.py:150} INFO - [2024-04-02T09:43:16.008+0000] {dag.py:3504} INFO - Setting next_dagrun for tutorial_taskflow_api to None, run_after=None
[2024-04-02T09:43:16.057+0000] {processor.py:179} INFO - Processing /usr/local/python/3.10.13/lib/python3.10/site-packages/airflow/example_dags/tutorial_taskflow_api.py took 0.085 seconds
