[2024-04-02T08:56:41.154+0000] {processor.py:157} INFO - Started process (PID=11263) to work on /usr/local/python/3.10.13/lib/python3.10/site-packages/airflow/example_dags/tutorial.py
[2024-04-02T08:56:41.155+0000] {processor.py:826} INFO - Processing file /usr/local/python/3.10.13/lib/python3.10/site-packages/airflow/example_dags/tutorial.py for tasks to queue
[2024-04-02T08:56:41.156+0000] {logging_mixin.py:150} INFO - [2024-04-02T08:56:41.155+0000] {dagbag.py:541} INFO - Filling up the DagBag from /usr/local/python/3.10.13/lib/python3.10/site-packages/airflow/example_dags/tutorial.py
[2024-04-02T08:56:41.163+0000] {processor.py:836} INFO - DAG(s) dict_keys(['tutorial']) retrieved from /usr/local/python/3.10.13/lib/python3.10/site-packages/airflow/example_dags/tutorial.py
[2024-04-02T08:56:41.247+0000] {logging_mixin.py:150} INFO - [2024-04-02T08:56:41.247+0000] {dag.py:2742} INFO - Sync 1 DAGs
[2024-04-02T08:56:41.262+0000] {logging_mixin.py:150} INFO - [2024-04-02T08:56:41.262+0000] {dag.py:3504} INFO - Setting next_dagrun for tutorial to 2024-04-01T08:56:41.262190+00:00, run_after=2024-04-02T08:56:41.262190+00:00
[2024-04-02T08:56:41.303+0000] {processor.py:179} INFO - Processing /usr/local/python/3.10.13/lib/python3.10/site-packages/airflow/example_dags/tutorial.py took 0.151 seconds
[2024-04-02T08:57:43.316+0000] {processor.py:157} INFO - Started process (PID=12035) to work on /usr/local/python/3.10.13/lib/python3.10/site-packages/airflow/example_dags/tutorial.py
[2024-04-02T08:57:43.333+0000] {processor.py:826} INFO - Processing file /usr/local/python/3.10.13/lib/python3.10/site-packages/airflow/example_dags/tutorial.py for tasks to queue
[2024-04-02T08:57:43.335+0000] {logging_mixin.py:150} INFO - [2024-04-02T08:57:43.335+0000] {dagbag.py:541} INFO - Filling up the DagBag from /usr/local/python/3.10.13/lib/python3.10/site-packages/airflow/example_dags/tutorial.py
[2024-04-02T08:57:43.358+0000] {processor.py:836} INFO - DAG(s) dict_keys(['tutorial']) retrieved from /usr/local/python/3.10.13/lib/python3.10/site-packages/airflow/example_dags/tutorial.py
[2024-04-02T08:57:43.384+0000] {logging_mixin.py:150} INFO - [2024-04-02T08:57:43.384+0000] {dag.py:2742} INFO - Sync 1 DAGs
[2024-04-02T08:57:43.406+0000] {logging_mixin.py:150} INFO - [2024-04-02T08:57:43.406+0000] {dag.py:3504} INFO - Setting next_dagrun for tutorial to 2024-04-01T08:57:43.406477+00:00, run_after=2024-04-02T08:57:43.406477+00:00
[2024-04-02T08:57:43.464+0000] {processor.py:179} INFO - Processing /usr/local/python/3.10.13/lib/python3.10/site-packages/airflow/example_dags/tutorial.py took 0.152 seconds
[2024-04-02T08:58:37.877+0000] {processor.py:157} INFO - Started process (PID=12810) to work on /usr/local/python/3.10.13/lib/python3.10/site-packages/airflow/example_dags/tutorial.py
[2024-04-02T08:58:37.877+0000] {processor.py:826} INFO - Processing file /usr/local/python/3.10.13/lib/python3.10/site-packages/airflow/example_dags/tutorial.py for tasks to queue
[2024-04-02T08:58:37.878+0000] {logging_mixin.py:150} INFO - [2024-04-02T08:58:37.878+0000] {dagbag.py:541} INFO - Filling up the DagBag from /usr/local/python/3.10.13/lib/python3.10/site-packages/airflow/example_dags/tutorial.py
[2024-04-02T08:58:37.883+0000] {processor.py:836} INFO - DAG(s) dict_keys(['tutorial']) retrieved from /usr/local/python/3.10.13/lib/python3.10/site-packages/airflow/example_dags/tutorial.py
[2024-04-02T08:58:37.895+0000] {logging_mixin.py:150} INFO - [2024-04-02T08:58:37.895+0000] {dag.py:2742} INFO - Sync 1 DAGs
[2024-04-02T08:58:37.911+0000] {logging_mixin.py:150} INFO - [2024-04-02T08:58:37.911+0000] {dag.py:3504} INFO - Setting next_dagrun for tutorial to 2024-04-01T08:58:37.911279+00:00, run_after=2024-04-02T08:58:37.911279+00:00
[2024-04-02T08:58:37.950+0000] {processor.py:179} INFO - Processing /usr/local/python/3.10.13/lib/python3.10/site-packages/airflow/example_dags/tutorial.py took 0.075 seconds
[2024-04-02T08:59:36.853+0000] {processor.py:157} INFO - Started process (PID=13586) to work on /usr/local/python/3.10.13/lib/python3.10/site-packages/airflow/example_dags/tutorial.py
[2024-04-02T08:59:36.853+0000] {processor.py:826} INFO - Processing file /usr/local/python/3.10.13/lib/python3.10/site-packages/airflow/example_dags/tutorial.py for tasks to queue
[2024-04-02T08:59:36.854+0000] {logging_mixin.py:150} INFO - [2024-04-02T08:59:36.854+0000] {dagbag.py:541} INFO - Filling up the DagBag from /usr/local/python/3.10.13/lib/python3.10/site-packages/airflow/example_dags/tutorial.py
[2024-04-02T08:59:36.861+0000] {processor.py:836} INFO - DAG(s) dict_keys(['tutorial']) retrieved from /usr/local/python/3.10.13/lib/python3.10/site-packages/airflow/example_dags/tutorial.py
[2024-04-02T08:59:36.877+0000] {logging_mixin.py:150} INFO - [2024-04-02T08:59:36.877+0000] {dag.py:2742} INFO - Sync 1 DAGs
[2024-04-02T08:59:36.893+0000] {logging_mixin.py:150} INFO - [2024-04-02T08:59:36.893+0000] {dag.py:3504} INFO - Setting next_dagrun for tutorial to 2024-04-01T08:59:36.893106+00:00, run_after=2024-04-02T08:59:36.893106+00:00
[2024-04-02T08:59:36.934+0000] {processor.py:179} INFO - Processing /usr/local/python/3.10.13/lib/python3.10/site-packages/airflow/example_dags/tutorial.py took 0.084 seconds
[2024-04-02T09:00:37.282+0000] {processor.py:157} INFO - Started process (PID=14411) to work on /usr/local/python/3.10.13/lib/python3.10/site-packages/airflow/example_dags/tutorial.py
[2024-04-02T09:00:37.283+0000] {processor.py:826} INFO - Processing file /usr/local/python/3.10.13/lib/python3.10/site-packages/airflow/example_dags/tutorial.py for tasks to queue
[2024-04-02T09:00:37.284+0000] {logging_mixin.py:150} INFO - [2024-04-02T09:00:37.284+0000] {dagbag.py:541} INFO - Filling up the DagBag from /usr/local/python/3.10.13/lib/python3.10/site-packages/airflow/example_dags/tutorial.py
[2024-04-02T09:00:37.289+0000] {processor.py:836} INFO - DAG(s) dict_keys(['tutorial']) retrieved from /usr/local/python/3.10.13/lib/python3.10/site-packages/airflow/example_dags/tutorial.py
[2024-04-02T09:00:37.300+0000] {logging_mixin.py:150} INFO - [2024-04-02T09:00:37.300+0000] {dag.py:2742} INFO - Sync 1 DAGs
[2024-04-02T09:00:37.315+0000] {logging_mixin.py:150} INFO - [2024-04-02T09:00:37.315+0000] {dag.py:3504} INFO - Setting next_dagrun for tutorial to 2024-04-01T09:00:37.315659+00:00, run_after=2024-04-02T09:00:37.315659+00:00
[2024-04-02T09:00:37.357+0000] {processor.py:179} INFO - Processing /usr/local/python/3.10.13/lib/python3.10/site-packages/airflow/example_dags/tutorial.py took 0.077 seconds
[2024-04-02T09:01:16.302+0000] {processor.py:157} INFO - Started process (PID=14699) to work on /usr/local/python/3.10.13/lib/python3.10/site-packages/airflow/example_dags/tutorial.py
[2024-04-02T09:01:16.302+0000] {processor.py:826} INFO - Processing file /usr/local/python/3.10.13/lib/python3.10/site-packages/airflow/example_dags/tutorial.py for tasks to queue
[2024-04-02T09:01:16.303+0000] {logging_mixin.py:150} INFO - [2024-04-02T09:01:16.303+0000] {dagbag.py:541} INFO - Filling up the DagBag from /usr/local/python/3.10.13/lib/python3.10/site-packages/airflow/example_dags/tutorial.py
[2024-04-02T09:01:16.308+0000] {processor.py:836} INFO - DAG(s) dict_keys(['tutorial']) retrieved from /usr/local/python/3.10.13/lib/python3.10/site-packages/airflow/example_dags/tutorial.py
[2024-04-02T09:01:16.320+0000] {logging_mixin.py:150} INFO - [2024-04-02T09:01:16.320+0000] {dag.py:2742} INFO - Sync 1 DAGs
[2024-04-02T09:01:16.335+0000] {logging_mixin.py:150} INFO - [2024-04-02T09:01:16.335+0000] {dag.py:3504} INFO - Setting next_dagrun for tutorial to 2024-04-01T09:01:16.335461+00:00, run_after=2024-04-02T09:01:16.335461+00:00
[2024-04-02T09:01:16.375+0000] {processor.py:179} INFO - Processing /usr/local/python/3.10.13/lib/python3.10/site-packages/airflow/example_dags/tutorial.py took 0.075 seconds
[2024-04-02T09:01:53.848+0000] {processor.py:157} INFO - Started process (PID=15015) to work on /usr/local/python/3.10.13/lib/python3.10/site-packages/airflow/example_dags/tutorial.py
[2024-04-02T09:01:53.849+0000] {processor.py:826} INFO - Processing file /usr/local/python/3.10.13/lib/python3.10/site-packages/airflow/example_dags/tutorial.py for tasks to queue
[2024-04-02T09:01:53.850+0000] {logging_mixin.py:150} INFO - [2024-04-02T09:01:53.850+0000] {dagbag.py:541} INFO - Filling up the DagBag from /usr/local/python/3.10.13/lib/python3.10/site-packages/airflow/example_dags/tutorial.py
[2024-04-02T09:01:53.858+0000] {processor.py:836} INFO - DAG(s) dict_keys(['tutorial']) retrieved from /usr/local/python/3.10.13/lib/python3.10/site-packages/airflow/example_dags/tutorial.py
[2024-04-02T09:01:53.878+0000] {logging_mixin.py:150} INFO - [2024-04-02T09:01:53.877+0000] {dag.py:2742} INFO - Sync 1 DAGs
[2024-04-02T09:01:53.903+0000] {logging_mixin.py:150} INFO - [2024-04-02T09:01:53.901+0000] {dag.py:3504} INFO - Setting next_dagrun for tutorial to 2024-04-01T09:01:53.901364+00:00, run_after=2024-04-02T09:01:53.901364+00:00
[2024-04-02T09:01:53.956+0000] {processor.py:179} INFO - Processing /usr/local/python/3.10.13/lib/python3.10/site-packages/airflow/example_dags/tutorial.py took 0.111 seconds
[2024-04-02T09:02:31.837+0000] {processor.py:157} INFO - Started process (PID=15264) to work on /usr/local/python/3.10.13/lib/python3.10/site-packages/airflow/example_dags/tutorial.py
[2024-04-02T09:02:31.838+0000] {processor.py:826} INFO - Processing file /usr/local/python/3.10.13/lib/python3.10/site-packages/airflow/example_dags/tutorial.py for tasks to queue
[2024-04-02T09:02:31.839+0000] {logging_mixin.py:150} INFO - [2024-04-02T09:02:31.839+0000] {dagbag.py:541} INFO - Filling up the DagBag from /usr/local/python/3.10.13/lib/python3.10/site-packages/airflow/example_dags/tutorial.py
[2024-04-02T09:02:31.844+0000] {processor.py:836} INFO - DAG(s) dict_keys(['tutorial']) retrieved from /usr/local/python/3.10.13/lib/python3.10/site-packages/airflow/example_dags/tutorial.py
[2024-04-02T09:02:31.855+0000] {logging_mixin.py:150} INFO - [2024-04-02T09:02:31.855+0000] {dag.py:2742} INFO - Sync 1 DAGs
[2024-04-02T09:02:31.870+0000] {logging_mixin.py:150} INFO - [2024-04-02T09:02:31.870+0000] {dag.py:3504} INFO - Setting next_dagrun for tutorial to 2024-04-01T09:02:31.870354+00:00, run_after=2024-04-02T09:02:31.870354+00:00
[2024-04-02T09:02:31.908+0000] {processor.py:179} INFO - Processing /usr/local/python/3.10.13/lib/python3.10/site-packages/airflow/example_dags/tutorial.py took 0.072 seconds
[2024-04-02T09:03:11.122+0000] {processor.py:157} INFO - Started process (PID=15546) to work on /usr/local/python/3.10.13/lib/python3.10/site-packages/airflow/example_dags/tutorial.py
[2024-04-02T09:03:11.123+0000] {processor.py:826} INFO - Processing file /usr/local/python/3.10.13/lib/python3.10/site-packages/airflow/example_dags/tutorial.py for tasks to queue
[2024-04-02T09:03:11.124+0000] {logging_mixin.py:150} INFO - [2024-04-02T09:03:11.124+0000] {dagbag.py:541} INFO - Filling up the DagBag from /usr/local/python/3.10.13/lib/python3.10/site-packages/airflow/example_dags/tutorial.py
[2024-04-02T09:03:11.132+0000] {processor.py:836} INFO - DAG(s) dict_keys(['tutorial']) retrieved from /usr/local/python/3.10.13/lib/python3.10/site-packages/airflow/example_dags/tutorial.py
[2024-04-02T09:03:11.150+0000] {logging_mixin.py:150} INFO - [2024-04-02T09:03:11.150+0000] {dag.py:2742} INFO - Sync 1 DAGs
[2024-04-02T09:03:11.175+0000] {logging_mixin.py:150} INFO - [2024-04-02T09:03:11.175+0000] {dag.py:3504} INFO - Setting next_dagrun for tutorial to 2024-04-01T09:03:11.175020+00:00, run_after=2024-04-02T09:03:11.175020+00:00
[2024-04-02T09:03:11.221+0000] {processor.py:179} INFO - Processing /usr/local/python/3.10.13/lib/python3.10/site-packages/airflow/example_dags/tutorial.py took 0.103 seconds
[2024-04-02T09:03:49.609+0000] {processor.py:157} INFO - Started process (PID=15807) to work on /usr/local/python/3.10.13/lib/python3.10/site-packages/airflow/example_dags/tutorial.py
[2024-04-02T09:03:49.610+0000] {processor.py:826} INFO - Processing file /usr/local/python/3.10.13/lib/python3.10/site-packages/airflow/example_dags/tutorial.py for tasks to queue
[2024-04-02T09:03:49.611+0000] {logging_mixin.py:150} INFO - [2024-04-02T09:03:49.610+0000] {dagbag.py:541} INFO - Filling up the DagBag from /usr/local/python/3.10.13/lib/python3.10/site-packages/airflow/example_dags/tutorial.py
[2024-04-02T09:03:49.616+0000] {processor.py:836} INFO - DAG(s) dict_keys(['tutorial']) retrieved from /usr/local/python/3.10.13/lib/python3.10/site-packages/airflow/example_dags/tutorial.py
[2024-04-02T09:03:49.627+0000] {logging_mixin.py:150} INFO - [2024-04-02T09:03:49.627+0000] {dag.py:2742} INFO - Sync 1 DAGs
[2024-04-02T09:03:49.643+0000] {logging_mixin.py:150} INFO - [2024-04-02T09:03:49.643+0000] {dag.py:3504} INFO - Setting next_dagrun for tutorial to 2024-04-01T09:03:49.642934+00:00, run_after=2024-04-02T09:03:49.642934+00:00
[2024-04-02T09:03:49.682+0000] {processor.py:179} INFO - Processing /usr/local/python/3.10.13/lib/python3.10/site-packages/airflow/example_dags/tutorial.py took 0.075 seconds
[2024-04-02T09:04:27.994+0000] {processor.py:157} INFO - Started process (PID=16076) to work on /usr/local/python/3.10.13/lib/python3.10/site-packages/airflow/example_dags/tutorial.py
[2024-04-02T09:04:27.995+0000] {processor.py:826} INFO - Processing file /usr/local/python/3.10.13/lib/python3.10/site-packages/airflow/example_dags/tutorial.py for tasks to queue
[2024-04-02T09:04:27.997+0000] {logging_mixin.py:150} INFO - [2024-04-02T09:04:27.996+0000] {dagbag.py:541} INFO - Filling up the DagBag from /usr/local/python/3.10.13/lib/python3.10/site-packages/airflow/example_dags/tutorial.py
[2024-04-02T09:04:28.002+0000] {processor.py:836} INFO - DAG(s) dict_keys(['tutorial']) retrieved from /usr/local/python/3.10.13/lib/python3.10/site-packages/airflow/example_dags/tutorial.py
[2024-04-02T09:04:28.014+0000] {logging_mixin.py:150} INFO - [2024-04-02T09:04:28.014+0000] {dag.py:2742} INFO - Sync 1 DAGs
[2024-04-02T09:04:28.030+0000] {logging_mixin.py:150} INFO - [2024-04-02T09:04:28.030+0000] {dag.py:3504} INFO - Setting next_dagrun for tutorial to 2024-04-01T09:04:28.029886+00:00, run_after=2024-04-02T09:04:28.029886+00:00
[2024-04-02T09:04:28.068+0000] {processor.py:179} INFO - Processing /usr/local/python/3.10.13/lib/python3.10/site-packages/airflow/example_dags/tutorial.py took 0.077 seconds
[2024-04-02T09:05:18.506+0000] {processor.py:157} INFO - Started process (PID=16444) to work on /usr/local/python/3.10.13/lib/python3.10/site-packages/airflow/example_dags/tutorial.py
[2024-04-02T09:05:18.507+0000] {processor.py:826} INFO - Processing file /usr/local/python/3.10.13/lib/python3.10/site-packages/airflow/example_dags/tutorial.py for tasks to queue
[2024-04-02T09:05:18.508+0000] {logging_mixin.py:150} INFO - [2024-04-02T09:05:18.507+0000] {dagbag.py:541} INFO - Filling up the DagBag from /usr/local/python/3.10.13/lib/python3.10/site-packages/airflow/example_dags/tutorial.py
[2024-04-02T09:05:18.513+0000] {processor.py:836} INFO - DAG(s) dict_keys(['tutorial']) retrieved from /usr/local/python/3.10.13/lib/python3.10/site-packages/airflow/example_dags/tutorial.py
[2024-04-02T09:05:18.525+0000] {logging_mixin.py:150} INFO - [2024-04-02T09:05:18.524+0000] {dag.py:2742} INFO - Sync 1 DAGs
[2024-04-02T09:05:18.541+0000] {logging_mixin.py:150} INFO - [2024-04-02T09:05:18.540+0000] {dag.py:3504} INFO - Setting next_dagrun for tutorial to 2024-04-01T09:05:18.540619+00:00, run_after=2024-04-02T09:05:18.540619+00:00
[2024-04-02T09:05:18.581+0000] {processor.py:179} INFO - Processing /usr/local/python/3.10.13/lib/python3.10/site-packages/airflow/example_dags/tutorial.py took 0.077 seconds
[2024-04-02T09:06:00.332+0000] {processor.py:157} INFO - Started process (PID=16742) to work on /usr/local/python/3.10.13/lib/python3.10/site-packages/airflow/example_dags/tutorial.py
[2024-04-02T09:06:00.332+0000] {processor.py:826} INFO - Processing file /usr/local/python/3.10.13/lib/python3.10/site-packages/airflow/example_dags/tutorial.py for tasks to queue
[2024-04-02T09:06:00.333+0000] {logging_mixin.py:150} INFO - [2024-04-02T09:06:00.333+0000] {dagbag.py:541} INFO - Filling up the DagBag from /usr/local/python/3.10.13/lib/python3.10/site-packages/airflow/example_dags/tutorial.py
[2024-04-02T09:06:00.338+0000] {processor.py:836} INFO - DAG(s) dict_keys(['tutorial']) retrieved from /usr/local/python/3.10.13/lib/python3.10/site-packages/airflow/example_dags/tutorial.py
[2024-04-02T09:06:00.350+0000] {logging_mixin.py:150} INFO - [2024-04-02T09:06:00.350+0000] {dag.py:2742} INFO - Sync 1 DAGs
[2024-04-02T09:06:00.366+0000] {logging_mixin.py:150} INFO - [2024-04-02T09:06:00.366+0000] {dag.py:3504} INFO - Setting next_dagrun for tutorial to 2024-04-01T09:06:00.365902+00:00, run_after=2024-04-02T09:06:00.365902+00:00
[2024-04-02T09:06:00.406+0000] {processor.py:179} INFO - Processing /usr/local/python/3.10.13/lib/python3.10/site-packages/airflow/example_dags/tutorial.py took 0.076 seconds
[2024-04-02T09:06:42.050+0000] {processor.py:157} INFO - Started process (PID=17432) to work on /usr/local/python/3.10.13/lib/python3.10/site-packages/airflow/example_dags/tutorial.py
[2024-04-02T09:06:42.051+0000] {processor.py:826} INFO - Processing file /usr/local/python/3.10.13/lib/python3.10/site-packages/airflow/example_dags/tutorial.py for tasks to queue
[2024-04-02T09:06:42.052+0000] {logging_mixin.py:150} INFO - [2024-04-02T09:06:42.051+0000] {dagbag.py:541} INFO - Filling up the DagBag from /usr/local/python/3.10.13/lib/python3.10/site-packages/airflow/example_dags/tutorial.py
[2024-04-02T09:06:42.057+0000] {processor.py:836} INFO - DAG(s) dict_keys(['tutorial']) retrieved from /usr/local/python/3.10.13/lib/python3.10/site-packages/airflow/example_dags/tutorial.py
[2024-04-02T09:06:42.068+0000] {logging_mixin.py:150} INFO - [2024-04-02T09:06:42.068+0000] {dag.py:2742} INFO - Sync 1 DAGs
[2024-04-02T09:06:42.083+0000] {logging_mixin.py:150} INFO - [2024-04-02T09:06:42.083+0000] {dag.py:3504} INFO - Setting next_dagrun for tutorial to 2024-04-01T09:06:42.083696+00:00, run_after=2024-04-02T09:06:42.083696+00:00
[2024-04-02T09:06:42.124+0000] {processor.py:179} INFO - Processing /usr/local/python/3.10.13/lib/python3.10/site-packages/airflow/example_dags/tutorial.py took 0.076 seconds
[2024-04-02T09:07:22.617+0000] {processor.py:157} INFO - Started process (PID=17725) to work on /usr/local/python/3.10.13/lib/python3.10/site-packages/airflow/example_dags/tutorial.py
[2024-04-02T09:07:22.618+0000] {processor.py:826} INFO - Processing file /usr/local/python/3.10.13/lib/python3.10/site-packages/airflow/example_dags/tutorial.py for tasks to queue
[2024-04-02T09:07:22.619+0000] {logging_mixin.py:150} INFO - [2024-04-02T09:07:22.619+0000] {dagbag.py:541} INFO - Filling up the DagBag from /usr/local/python/3.10.13/lib/python3.10/site-packages/airflow/example_dags/tutorial.py
[2024-04-02T09:07:22.624+0000] {processor.py:836} INFO - DAG(s) dict_keys(['tutorial']) retrieved from /usr/local/python/3.10.13/lib/python3.10/site-packages/airflow/example_dags/tutorial.py
[2024-04-02T09:07:22.635+0000] {logging_mixin.py:150} INFO - [2024-04-02T09:07:22.635+0000] {dag.py:2742} INFO - Sync 1 DAGs
[2024-04-02T09:07:22.651+0000] {logging_mixin.py:150} INFO - [2024-04-02T09:07:22.651+0000] {dag.py:3504} INFO - Setting next_dagrun for tutorial to 2024-04-01T09:07:22.651272+00:00, run_after=2024-04-02T09:07:22.651272+00:00
[2024-04-02T09:07:22.697+0000] {processor.py:179} INFO - Processing /usr/local/python/3.10.13/lib/python3.10/site-packages/airflow/example_dags/tutorial.py took 0.081 seconds
[2024-04-02T09:08:01.394+0000] {processor.py:157} INFO - Started process (PID=17997) to work on /usr/local/python/3.10.13/lib/python3.10/site-packages/airflow/example_dags/tutorial.py
[2024-04-02T09:08:01.396+0000] {processor.py:826} INFO - Processing file /usr/local/python/3.10.13/lib/python3.10/site-packages/airflow/example_dags/tutorial.py for tasks to queue
[2024-04-02T09:08:01.397+0000] {logging_mixin.py:150} INFO - [2024-04-02T09:08:01.396+0000] {dagbag.py:541} INFO - Filling up the DagBag from /usr/local/python/3.10.13/lib/python3.10/site-packages/airflow/example_dags/tutorial.py
[2024-04-02T09:08:01.404+0000] {processor.py:836} INFO - DAG(s) dict_keys(['tutorial']) retrieved from /usr/local/python/3.10.13/lib/python3.10/site-packages/airflow/example_dags/tutorial.py
[2024-04-02T09:08:01.424+0000] {logging_mixin.py:150} INFO - [2024-04-02T09:08:01.424+0000] {dag.py:2742} INFO - Sync 1 DAGs
[2024-04-02T09:08:01.448+0000] {logging_mixin.py:150} INFO - [2024-04-02T09:08:01.447+0000] {dag.py:3504} INFO - Setting next_dagrun for tutorial to 2024-04-01T09:08:01.447740+00:00, run_after=2024-04-02T09:08:01.447740+00:00
[2024-04-02T09:08:01.494+0000] {processor.py:179} INFO - Processing /usr/local/python/3.10.13/lib/python3.10/site-packages/airflow/example_dags/tutorial.py took 0.103 seconds
[2024-04-02T09:08:37.408+0000] {processor.py:157} INFO - Started process (PID=18226) to work on /usr/local/python/3.10.13/lib/python3.10/site-packages/airflow/example_dags/tutorial.py
[2024-04-02T09:08:37.409+0000] {processor.py:826} INFO - Processing file /usr/local/python/3.10.13/lib/python3.10/site-packages/airflow/example_dags/tutorial.py for tasks to queue
[2024-04-02T09:08:37.410+0000] {logging_mixin.py:150} INFO - [2024-04-02T09:08:37.410+0000] {dagbag.py:541} INFO - Filling up the DagBag from /usr/local/python/3.10.13/lib/python3.10/site-packages/airflow/example_dags/tutorial.py
[2024-04-02T09:08:37.418+0000] {processor.py:836} INFO - DAG(s) dict_keys(['tutorial']) retrieved from /usr/local/python/3.10.13/lib/python3.10/site-packages/airflow/example_dags/tutorial.py
[2024-04-02T09:08:37.440+0000] {logging_mixin.py:150} INFO - [2024-04-02T09:08:37.439+0000] {dag.py:2742} INFO - Sync 1 DAGs
[2024-04-02T09:08:37.464+0000] {logging_mixin.py:150} INFO - [2024-04-02T09:08:37.463+0000] {dag.py:3504} INFO - Setting next_dagrun for tutorial to 2024-04-01T09:08:37.463559+00:00, run_after=2024-04-02T09:08:37.463559+00:00
[2024-04-02T09:08:37.507+0000] {processor.py:179} INFO - Processing /usr/local/python/3.10.13/lib/python3.10/site-packages/airflow/example_dags/tutorial.py took 0.102 seconds
[2024-04-02T09:09:17.297+0000] {processor.py:157} INFO - Started process (PID=18501) to work on /usr/local/python/3.10.13/lib/python3.10/site-packages/airflow/example_dags/tutorial.py
[2024-04-02T09:09:17.298+0000] {processor.py:826} INFO - Processing file /usr/local/python/3.10.13/lib/python3.10/site-packages/airflow/example_dags/tutorial.py for tasks to queue
[2024-04-02T09:09:17.299+0000] {logging_mixin.py:150} INFO - [2024-04-02T09:09:17.299+0000] {dagbag.py:541} INFO - Filling up the DagBag from /usr/local/python/3.10.13/lib/python3.10/site-packages/airflow/example_dags/tutorial.py
[2024-04-02T09:09:17.304+0000] {processor.py:836} INFO - DAG(s) dict_keys(['tutorial']) retrieved from /usr/local/python/3.10.13/lib/python3.10/site-packages/airflow/example_dags/tutorial.py
[2024-04-02T09:09:17.315+0000] {logging_mixin.py:150} INFO - [2024-04-02T09:09:17.315+0000] {dag.py:2742} INFO - Sync 1 DAGs
[2024-04-02T09:09:17.330+0000] {logging_mixin.py:150} INFO - [2024-04-02T09:09:17.330+0000] {dag.py:3504} INFO - Setting next_dagrun for tutorial to 2024-04-01T09:09:17.330639+00:00, run_after=2024-04-02T09:09:17.330639+00:00
[2024-04-02T09:09:17.368+0000] {processor.py:179} INFO - Processing /usr/local/python/3.10.13/lib/python3.10/site-packages/airflow/example_dags/tutorial.py took 0.074 seconds
[2024-04-02T09:09:53.964+0000] {processor.py:157} INFO - Started process (PID=18779) to work on /usr/local/python/3.10.13/lib/python3.10/site-packages/airflow/example_dags/tutorial.py
[2024-04-02T09:09:53.988+0000] {processor.py:826} INFO - Processing file /usr/local/python/3.10.13/lib/python3.10/site-packages/airflow/example_dags/tutorial.py for tasks to queue
[2024-04-02T09:09:53.990+0000] {logging_mixin.py:150} INFO - [2024-04-02T09:09:53.990+0000] {dagbag.py:541} INFO - Filling up the DagBag from /usr/local/python/3.10.13/lib/python3.10/site-packages/airflow/example_dags/tutorial.py
[2024-04-02T09:09:54.015+0000] {processor.py:836} INFO - DAG(s) dict_keys(['tutorial']) retrieved from /usr/local/python/3.10.13/lib/python3.10/site-packages/airflow/example_dags/tutorial.py
[2024-04-02T09:09:54.048+0000] {logging_mixin.py:150} INFO - [2024-04-02T09:09:54.047+0000] {dag.py:2742} INFO - Sync 1 DAGs
[2024-04-02T09:09:54.079+0000] {logging_mixin.py:150} INFO - [2024-04-02T09:09:54.079+0000] {dag.py:3504} INFO - Setting next_dagrun for tutorial to 2024-04-01T09:09:54.079349+00:00, run_after=2024-04-02T09:09:54.079349+00:00
[2024-04-02T09:09:54.149+0000] {processor.py:179} INFO - Processing /usr/local/python/3.10.13/lib/python3.10/site-packages/airflow/example_dags/tutorial.py took 0.189 seconds
[2024-04-02T09:10:32.535+0000] {processor.py:157} INFO - Started process (PID=19028) to work on /usr/local/python/3.10.13/lib/python3.10/site-packages/airflow/example_dags/tutorial.py
[2024-04-02T09:10:32.536+0000] {processor.py:826} INFO - Processing file /usr/local/python/3.10.13/lib/python3.10/site-packages/airflow/example_dags/tutorial.py for tasks to queue
[2024-04-02T09:10:32.537+0000] {logging_mixin.py:150} INFO - [2024-04-02T09:10:32.537+0000] {dagbag.py:541} INFO - Filling up the DagBag from /usr/local/python/3.10.13/lib/python3.10/site-packages/airflow/example_dags/tutorial.py
[2024-04-02T09:10:32.542+0000] {processor.py:836} INFO - DAG(s) dict_keys(['tutorial']) retrieved from /usr/local/python/3.10.13/lib/python3.10/site-packages/airflow/example_dags/tutorial.py
[2024-04-02T09:10:32.554+0000] {logging_mixin.py:150} INFO - [2024-04-02T09:10:32.554+0000] {dag.py:2742} INFO - Sync 1 DAGs
[2024-04-02T09:10:32.576+0000] {logging_mixin.py:150} INFO - [2024-04-02T09:10:32.576+0000] {dag.py:3504} INFO - Setting next_dagrun for tutorial to 2024-04-01T09:10:32.575913+00:00, run_after=2024-04-02T09:10:32.575913+00:00
[2024-04-02T09:10:32.629+0000] {processor.py:179} INFO - Processing /usr/local/python/3.10.13/lib/python3.10/site-packages/airflow/example_dags/tutorial.py took 0.096 seconds
[2024-04-02T09:11:11.599+0000] {processor.py:157} INFO - Started process (PID=19301) to work on /usr/local/python/3.10.13/lib/python3.10/site-packages/airflow/example_dags/tutorial.py
[2024-04-02T09:11:11.600+0000] {processor.py:826} INFO - Processing file /usr/local/python/3.10.13/lib/python3.10/site-packages/airflow/example_dags/tutorial.py for tasks to queue
[2024-04-02T09:11:11.601+0000] {logging_mixin.py:150} INFO - [2024-04-02T09:11:11.601+0000] {dagbag.py:541} INFO - Filling up the DagBag from /usr/local/python/3.10.13/lib/python3.10/site-packages/airflow/example_dags/tutorial.py
[2024-04-02T09:11:11.609+0000] {processor.py:836} INFO - DAG(s) dict_keys(['tutorial']) retrieved from /usr/local/python/3.10.13/lib/python3.10/site-packages/airflow/example_dags/tutorial.py
[2024-04-02T09:11:11.625+0000] {logging_mixin.py:150} INFO - [2024-04-02T09:11:11.625+0000] {dag.py:2742} INFO - Sync 1 DAGs
[2024-04-02T09:11:11.651+0000] {logging_mixin.py:150} INFO - [2024-04-02T09:11:11.651+0000] {dag.py:3504} INFO - Setting next_dagrun for tutorial to 2024-04-01T09:11:11.651250+00:00, run_after=2024-04-02T09:11:11.651250+00:00
[2024-04-02T09:11:11.701+0000] {processor.py:179} INFO - Processing /usr/local/python/3.10.13/lib/python3.10/site-packages/airflow/example_dags/tutorial.py took 0.105 seconds
[2024-04-02T09:11:51.981+0000] {processor.py:157} INFO - Started process (PID=19571) to work on /usr/local/python/3.10.13/lib/python3.10/site-packages/airflow/example_dags/tutorial.py
[2024-04-02T09:11:51.982+0000] {processor.py:826} INFO - Processing file /usr/local/python/3.10.13/lib/python3.10/site-packages/airflow/example_dags/tutorial.py for tasks to queue
[2024-04-02T09:11:51.983+0000] {logging_mixin.py:150} INFO - [2024-04-02T09:11:51.983+0000] {dagbag.py:541} INFO - Filling up the DagBag from /usr/local/python/3.10.13/lib/python3.10/site-packages/airflow/example_dags/tutorial.py
[2024-04-02T09:11:51.988+0000] {processor.py:836} INFO - DAG(s) dict_keys(['tutorial']) retrieved from /usr/local/python/3.10.13/lib/python3.10/site-packages/airflow/example_dags/tutorial.py
[2024-04-02T09:11:51.999+0000] {logging_mixin.py:150} INFO - [2024-04-02T09:11:51.999+0000] {dag.py:2742} INFO - Sync 1 DAGs
[2024-04-02T09:11:52.014+0000] {logging_mixin.py:150} INFO - [2024-04-02T09:11:52.014+0000] {dag.py:3504} INFO - Setting next_dagrun for tutorial to 2024-04-01T09:11:52.014431+00:00, run_after=2024-04-02T09:11:52.014431+00:00
[2024-04-02T09:11:52.057+0000] {processor.py:179} INFO - Processing /usr/local/python/3.10.13/lib/python3.10/site-packages/airflow/example_dags/tutorial.py took 0.078 seconds
[2024-04-02T09:12:32.522+0000] {processor.py:157} INFO - Started process (PID=19840) to work on /usr/local/python/3.10.13/lib/python3.10/site-packages/airflow/example_dags/tutorial.py
[2024-04-02T09:12:32.522+0000] {processor.py:826} INFO - Processing file /usr/local/python/3.10.13/lib/python3.10/site-packages/airflow/example_dags/tutorial.py for tasks to queue
[2024-04-02T09:12:32.523+0000] {logging_mixin.py:150} INFO - [2024-04-02T09:12:32.523+0000] {dagbag.py:541} INFO - Filling up the DagBag from /usr/local/python/3.10.13/lib/python3.10/site-packages/airflow/example_dags/tutorial.py
[2024-04-02T09:12:32.528+0000] {processor.py:836} INFO - DAG(s) dict_keys(['tutorial']) retrieved from /usr/local/python/3.10.13/lib/python3.10/site-packages/airflow/example_dags/tutorial.py
[2024-04-02T09:12:32.540+0000] {logging_mixin.py:150} INFO - [2024-04-02T09:12:32.539+0000] {dag.py:2742} INFO - Sync 1 DAGs
[2024-04-02T09:12:32.555+0000] {logging_mixin.py:150} INFO - [2024-04-02T09:12:32.555+0000] {dag.py:3504} INFO - Setting next_dagrun for tutorial to 2024-04-01T09:12:32.555193+00:00, run_after=2024-04-02T09:12:32.555193+00:00
[2024-04-02T09:12:32.592+0000] {processor.py:179} INFO - Processing /usr/local/python/3.10.13/lib/python3.10/site-packages/airflow/example_dags/tutorial.py took 0.072 seconds
[2024-04-02T09:13:12.538+0000] {processor.py:157} INFO - Started process (PID=20123) to work on /usr/local/python/3.10.13/lib/python3.10/site-packages/airflow/example_dags/tutorial.py
[2024-04-02T09:13:12.538+0000] {processor.py:826} INFO - Processing file /usr/local/python/3.10.13/lib/python3.10/site-packages/airflow/example_dags/tutorial.py for tasks to queue
[2024-04-02T09:13:12.539+0000] {logging_mixin.py:150} INFO - [2024-04-02T09:13:12.539+0000] {dagbag.py:541} INFO - Filling up the DagBag from /usr/local/python/3.10.13/lib/python3.10/site-packages/airflow/example_dags/tutorial.py
[2024-04-02T09:13:12.545+0000] {processor.py:836} INFO - DAG(s) dict_keys(['tutorial']) retrieved from /usr/local/python/3.10.13/lib/python3.10/site-packages/airflow/example_dags/tutorial.py
[2024-04-02T09:13:12.556+0000] {logging_mixin.py:150} INFO - [2024-04-02T09:13:12.556+0000] {dag.py:2742} INFO - Sync 1 DAGs
[2024-04-02T09:13:12.572+0000] {logging_mixin.py:150} INFO - [2024-04-02T09:13:12.571+0000] {dag.py:3504} INFO - Setting next_dagrun for tutorial to 2024-04-01T09:13:12.571706+00:00, run_after=2024-04-02T09:13:12.571706+00:00
[2024-04-02T09:13:12.613+0000] {processor.py:179} INFO - Processing /usr/local/python/3.10.13/lib/python3.10/site-packages/airflow/example_dags/tutorial.py took 0.077 seconds
[2024-04-02T09:13:51.106+0000] {processor.py:157} INFO - Started process (PID=20391) to work on /usr/local/python/3.10.13/lib/python3.10/site-packages/airflow/example_dags/tutorial.py
[2024-04-02T09:13:51.107+0000] {processor.py:826} INFO - Processing file /usr/local/python/3.10.13/lib/python3.10/site-packages/airflow/example_dags/tutorial.py for tasks to queue
[2024-04-02T09:13:51.107+0000] {logging_mixin.py:150} INFO - [2024-04-02T09:13:51.107+0000] {dagbag.py:541} INFO - Filling up the DagBag from /usr/local/python/3.10.13/lib/python3.10/site-packages/airflow/example_dags/tutorial.py
[2024-04-02T09:13:51.112+0000] {processor.py:836} INFO - DAG(s) dict_keys(['tutorial']) retrieved from /usr/local/python/3.10.13/lib/python3.10/site-packages/airflow/example_dags/tutorial.py
[2024-04-02T09:13:51.123+0000] {logging_mixin.py:150} INFO - [2024-04-02T09:13:51.123+0000] {dag.py:2742} INFO - Sync 1 DAGs
[2024-04-02T09:13:51.139+0000] {logging_mixin.py:150} INFO - [2024-04-02T09:13:51.138+0000] {dag.py:3504} INFO - Setting next_dagrun for tutorial to 2024-04-01T09:13:51.138646+00:00, run_after=2024-04-02T09:13:51.138646+00:00
[2024-04-02T09:13:51.177+0000] {processor.py:179} INFO - Processing /usr/local/python/3.10.13/lib/python3.10/site-packages/airflow/example_dags/tutorial.py took 0.074 seconds
[2024-04-02T09:14:26.414+0000] {processor.py:157} INFO - Started process (PID=20622) to work on /usr/local/python/3.10.13/lib/python3.10/site-packages/airflow/example_dags/tutorial.py
[2024-04-02T09:14:26.415+0000] {processor.py:826} INFO - Processing file /usr/local/python/3.10.13/lib/python3.10/site-packages/airflow/example_dags/tutorial.py for tasks to queue
[2024-04-02T09:14:26.416+0000] {logging_mixin.py:150} INFO - [2024-04-02T09:14:26.415+0000] {dagbag.py:541} INFO - Filling up the DagBag from /usr/local/python/3.10.13/lib/python3.10/site-packages/airflow/example_dags/tutorial.py
[2024-04-02T09:14:26.421+0000] {processor.py:836} INFO - DAG(s) dict_keys(['tutorial']) retrieved from /usr/local/python/3.10.13/lib/python3.10/site-packages/airflow/example_dags/tutorial.py
[2024-04-02T09:14:26.432+0000] {logging_mixin.py:150} INFO - [2024-04-02T09:14:26.432+0000] {dag.py:2742} INFO - Sync 1 DAGs
[2024-04-02T09:14:26.447+0000] {logging_mixin.py:150} INFO - [2024-04-02T09:14:26.447+0000] {dag.py:3504} INFO - Setting next_dagrun for tutorial to 2024-04-01T09:14:26.447127+00:00, run_after=2024-04-02T09:14:26.447127+00:00
[2024-04-02T09:14:26.485+0000] {processor.py:179} INFO - Processing /usr/local/python/3.10.13/lib/python3.10/site-packages/airflow/example_dags/tutorial.py took 0.073 seconds
[2024-04-02T09:15:14.915+0000] {processor.py:157} INFO - Started process (PID=20986) to work on /usr/local/python/3.10.13/lib/python3.10/site-packages/airflow/example_dags/tutorial.py
[2024-04-02T09:15:14.916+0000] {processor.py:826} INFO - Processing file /usr/local/python/3.10.13/lib/python3.10/site-packages/airflow/example_dags/tutorial.py for tasks to queue
[2024-04-02T09:15:14.916+0000] {logging_mixin.py:150} INFO - [2024-04-02T09:15:14.916+0000] {dagbag.py:541} INFO - Filling up the DagBag from /usr/local/python/3.10.13/lib/python3.10/site-packages/airflow/example_dags/tutorial.py
[2024-04-02T09:15:14.922+0000] {processor.py:836} INFO - DAG(s) dict_keys(['tutorial']) retrieved from /usr/local/python/3.10.13/lib/python3.10/site-packages/airflow/example_dags/tutorial.py
[2024-04-02T09:15:14.933+0000] {logging_mixin.py:150} INFO - [2024-04-02T09:15:14.932+0000] {dag.py:2742} INFO - Sync 1 DAGs
[2024-04-02T09:15:14.948+0000] {logging_mixin.py:150} INFO - [2024-04-02T09:15:14.948+0000] {dag.py:3504} INFO - Setting next_dagrun for tutorial to 2024-04-01T09:15:14.948251+00:00, run_after=2024-04-02T09:15:14.948251+00:00
[2024-04-02T09:15:14.990+0000] {processor.py:179} INFO - Processing /usr/local/python/3.10.13/lib/python3.10/site-packages/airflow/example_dags/tutorial.py took 0.078 seconds
[2024-04-02T09:15:51.047+0000] {processor.py:157} INFO - Started process (PID=21247) to work on /usr/local/python/3.10.13/lib/python3.10/site-packages/airflow/example_dags/tutorial.py
[2024-04-02T09:15:51.048+0000] {processor.py:826} INFO - Processing file /usr/local/python/3.10.13/lib/python3.10/site-packages/airflow/example_dags/tutorial.py for tasks to queue
[2024-04-02T09:15:51.049+0000] {logging_mixin.py:150} INFO - [2024-04-02T09:15:51.048+0000] {dagbag.py:541} INFO - Filling up the DagBag from /usr/local/python/3.10.13/lib/python3.10/site-packages/airflow/example_dags/tutorial.py
[2024-04-02T09:15:51.056+0000] {processor.py:836} INFO - DAG(s) dict_keys(['tutorial']) retrieved from /usr/local/python/3.10.13/lib/python3.10/site-packages/airflow/example_dags/tutorial.py
[2024-04-02T09:15:51.078+0000] {logging_mixin.py:150} INFO - [2024-04-02T09:15:51.078+0000] {dag.py:2742} INFO - Sync 1 DAGs
[2024-04-02T09:15:51.102+0000] {logging_mixin.py:150} INFO - [2024-04-02T09:15:51.102+0000] {dag.py:3504} INFO - Setting next_dagrun for tutorial to 2024-04-01T09:15:51.102238+00:00, run_after=2024-04-02T09:15:51.102238+00:00
[2024-04-02T09:15:51.151+0000] {processor.py:179} INFO - Processing /usr/local/python/3.10.13/lib/python3.10/site-packages/airflow/example_dags/tutorial.py took 0.108 seconds
[2024-04-02T09:16:30.097+0000] {processor.py:157} INFO - Started process (PID=21494) to work on /usr/local/python/3.10.13/lib/python3.10/site-packages/airflow/example_dags/tutorial.py
[2024-04-02T09:16:30.098+0000] {processor.py:826} INFO - Processing file /usr/local/python/3.10.13/lib/python3.10/site-packages/airflow/example_dags/tutorial.py for tasks to queue
[2024-04-02T09:16:30.098+0000] {logging_mixin.py:150} INFO - [2024-04-02T09:16:30.098+0000] {dagbag.py:541} INFO - Filling up the DagBag from /usr/local/python/3.10.13/lib/python3.10/site-packages/airflow/example_dags/tutorial.py
[2024-04-02T09:16:30.103+0000] {processor.py:836} INFO - DAG(s) dict_keys(['tutorial']) retrieved from /usr/local/python/3.10.13/lib/python3.10/site-packages/airflow/example_dags/tutorial.py
[2024-04-02T09:16:30.116+0000] {logging_mixin.py:150} INFO - [2024-04-02T09:16:30.116+0000] {dag.py:2742} INFO - Sync 1 DAGs
[2024-04-02T09:16:30.131+0000] {logging_mixin.py:150} INFO - [2024-04-02T09:16:30.131+0000] {dag.py:3504} INFO - Setting next_dagrun for tutorial to 2024-04-01T09:16:30.131254+00:00, run_after=2024-04-02T09:16:30.131254+00:00
[2024-04-02T09:16:30.171+0000] {processor.py:179} INFO - Processing /usr/local/python/3.10.13/lib/python3.10/site-packages/airflow/example_dags/tutorial.py took 0.076 seconds
[2024-04-02T09:17:10.380+0000] {processor.py:157} INFO - Started process (PID=21771) to work on /usr/local/python/3.10.13/lib/python3.10/site-packages/airflow/example_dags/tutorial.py
[2024-04-02T09:17:10.381+0000] {processor.py:826} INFO - Processing file /usr/local/python/3.10.13/lib/python3.10/site-packages/airflow/example_dags/tutorial.py for tasks to queue
[2024-04-02T09:17:10.381+0000] {logging_mixin.py:150} INFO - [2024-04-02T09:17:10.381+0000] {dagbag.py:541} INFO - Filling up the DagBag from /usr/local/python/3.10.13/lib/python3.10/site-packages/airflow/example_dags/tutorial.py
[2024-04-02T09:17:10.387+0000] {processor.py:836} INFO - DAG(s) dict_keys(['tutorial']) retrieved from /usr/local/python/3.10.13/lib/python3.10/site-packages/airflow/example_dags/tutorial.py
[2024-04-02T09:17:10.398+0000] {logging_mixin.py:150} INFO - [2024-04-02T09:17:10.398+0000] {dag.py:2742} INFO - Sync 1 DAGs
[2024-04-02T09:17:10.413+0000] {logging_mixin.py:150} INFO - [2024-04-02T09:17:10.413+0000] {dag.py:3504} INFO - Setting next_dagrun for tutorial to 2024-04-01T09:17:10.413032+00:00, run_after=2024-04-02T09:17:10.413032+00:00
[2024-04-02T09:17:10.453+0000] {processor.py:179} INFO - Processing /usr/local/python/3.10.13/lib/python3.10/site-packages/airflow/example_dags/tutorial.py took 0.075 seconds
[2024-04-02T09:17:49.288+0000] {processor.py:157} INFO - Started process (PID=22035) to work on /usr/local/python/3.10.13/lib/python3.10/site-packages/airflow/example_dags/tutorial.py
[2024-04-02T09:17:49.289+0000] {processor.py:826} INFO - Processing file /usr/local/python/3.10.13/lib/python3.10/site-packages/airflow/example_dags/tutorial.py for tasks to queue
[2024-04-02T09:17:49.290+0000] {logging_mixin.py:150} INFO - [2024-04-02T09:17:49.290+0000] {dagbag.py:541} INFO - Filling up the DagBag from /usr/local/python/3.10.13/lib/python3.10/site-packages/airflow/example_dags/tutorial.py
[2024-04-02T09:17:49.298+0000] {processor.py:836} INFO - DAG(s) dict_keys(['tutorial']) retrieved from /usr/local/python/3.10.13/lib/python3.10/site-packages/airflow/example_dags/tutorial.py
[2024-04-02T09:17:49.315+0000] {logging_mixin.py:150} INFO - [2024-04-02T09:17:49.315+0000] {dag.py:2742} INFO - Sync 1 DAGs
[2024-04-02T09:17:49.341+0000] {logging_mixin.py:150} INFO - [2024-04-02T09:17:49.341+0000] {dag.py:3504} INFO - Setting next_dagrun for tutorial to 2024-04-01T09:17:49.340833+00:00, run_after=2024-04-02T09:17:49.340833+00:00
[2024-04-02T09:17:49.386+0000] {processor.py:179} INFO - Processing /usr/local/python/3.10.13/lib/python3.10/site-packages/airflow/example_dags/tutorial.py took 0.101 seconds
[2024-04-02T09:18:27.396+0000] {processor.py:157} INFO - Started process (PID=22304) to work on /usr/local/python/3.10.13/lib/python3.10/site-packages/airflow/example_dags/tutorial.py
[2024-04-02T09:18:27.397+0000] {processor.py:826} INFO - Processing file /usr/local/python/3.10.13/lib/python3.10/site-packages/airflow/example_dags/tutorial.py for tasks to queue
[2024-04-02T09:18:27.398+0000] {logging_mixin.py:150} INFO - [2024-04-02T09:18:27.397+0000] {dagbag.py:541} INFO - Filling up the DagBag from /usr/local/python/3.10.13/lib/python3.10/site-packages/airflow/example_dags/tutorial.py
[2024-04-02T09:18:27.403+0000] {processor.py:836} INFO - DAG(s) dict_keys(['tutorial']) retrieved from /usr/local/python/3.10.13/lib/python3.10/site-packages/airflow/example_dags/tutorial.py
[2024-04-02T09:18:27.415+0000] {logging_mixin.py:150} INFO - [2024-04-02T09:18:27.415+0000] {dag.py:2742} INFO - Sync 1 DAGs
[2024-04-02T09:18:27.430+0000] {logging_mixin.py:150} INFO - [2024-04-02T09:18:27.430+0000] {dag.py:3504} INFO - Setting next_dagrun for tutorial to 2024-04-01T09:18:27.430635+00:00, run_after=2024-04-02T09:18:27.430635+00:00
[2024-04-02T09:18:27.467+0000] {processor.py:179} INFO - Processing /usr/local/python/3.10.13/lib/python3.10/site-packages/airflow/example_dags/tutorial.py took 0.073 seconds
[2024-04-02T09:19:07.788+0000] {processor.py:157} INFO - Started process (PID=22581) to work on /usr/local/python/3.10.13/lib/python3.10/site-packages/airflow/example_dags/tutorial.py
[2024-04-02T09:19:07.789+0000] {processor.py:826} INFO - Processing file /usr/local/python/3.10.13/lib/python3.10/site-packages/airflow/example_dags/tutorial.py for tasks to queue
[2024-04-02T09:19:07.789+0000] {logging_mixin.py:150} INFO - [2024-04-02T09:19:07.789+0000] {dagbag.py:541} INFO - Filling up the DagBag from /usr/local/python/3.10.13/lib/python3.10/site-packages/airflow/example_dags/tutorial.py
[2024-04-02T09:19:07.796+0000] {processor.py:836} INFO - DAG(s) dict_keys(['tutorial']) retrieved from /usr/local/python/3.10.13/lib/python3.10/site-packages/airflow/example_dags/tutorial.py
[2024-04-02T09:19:07.814+0000] {logging_mixin.py:150} INFO - [2024-04-02T09:19:07.814+0000] {dag.py:2742} INFO - Sync 1 DAGs
[2024-04-02T09:19:07.837+0000] {logging_mixin.py:150} INFO - [2024-04-02T09:19:07.837+0000] {dag.py:3504} INFO - Setting next_dagrun for tutorial to 2024-04-01T09:19:07.837119+00:00, run_after=2024-04-02T09:19:07.837119+00:00
[2024-04-02T09:19:07.887+0000] {processor.py:179} INFO - Processing /usr/local/python/3.10.13/lib/python3.10/site-packages/airflow/example_dags/tutorial.py took 0.101 seconds
[2024-04-02T09:19:44.760+0000] {processor.py:157} INFO - Started process (PID=22871) to work on /usr/local/python/3.10.13/lib/python3.10/site-packages/airflow/example_dags/tutorial.py
[2024-04-02T09:19:44.761+0000] {processor.py:826} INFO - Processing file /usr/local/python/3.10.13/lib/python3.10/site-packages/airflow/example_dags/tutorial.py for tasks to queue
[2024-04-02T09:19:44.762+0000] {logging_mixin.py:150} INFO - [2024-04-02T09:19:44.762+0000] {dagbag.py:541} INFO - Filling up the DagBag from /usr/local/python/3.10.13/lib/python3.10/site-packages/airflow/example_dags/tutorial.py
[2024-04-02T09:19:44.770+0000] {processor.py:836} INFO - DAG(s) dict_keys(['tutorial']) retrieved from /usr/local/python/3.10.13/lib/python3.10/site-packages/airflow/example_dags/tutorial.py
[2024-04-02T09:19:44.790+0000] {logging_mixin.py:150} INFO - [2024-04-02T09:19:44.789+0000] {dag.py:2742} INFO - Sync 1 DAGs
[2024-04-02T09:19:44.815+0000] {logging_mixin.py:150} INFO - [2024-04-02T09:19:44.815+0000] {dag.py:3504} INFO - Setting next_dagrun for tutorial to 2024-04-01T09:19:44.814830+00:00, run_after=2024-04-02T09:19:44.814830+00:00
[2024-04-02T09:19:44.869+0000] {processor.py:179} INFO - Processing /usr/local/python/3.10.13/lib/python3.10/site-packages/airflow/example_dags/tutorial.py took 0.111 seconds
[2024-04-02T09:20:37.816+0000] {processor.py:157} INFO - Started process (PID=23223) to work on /usr/local/python/3.10.13/lib/python3.10/site-packages/airflow/example_dags/tutorial.py
[2024-04-02T09:20:37.818+0000] {processor.py:826} INFO - Processing file /usr/local/python/3.10.13/lib/python3.10/site-packages/airflow/example_dags/tutorial.py for tasks to queue
[2024-04-02T09:20:37.819+0000] {logging_mixin.py:150} INFO - [2024-04-02T09:20:37.818+0000] {dagbag.py:541} INFO - Filling up the DagBag from /usr/local/python/3.10.13/lib/python3.10/site-packages/airflow/example_dags/tutorial.py
[2024-04-02T09:20:37.826+0000] {processor.py:836} INFO - DAG(s) dict_keys(['tutorial']) retrieved from /usr/local/python/3.10.13/lib/python3.10/site-packages/airflow/example_dags/tutorial.py
[2024-04-02T09:20:37.839+0000] {logging_mixin.py:150} INFO - [2024-04-02T09:20:37.838+0000] {dag.py:2742} INFO - Sync 1 DAGs
[2024-04-02T09:20:37.854+0000] {logging_mixin.py:150} INFO - [2024-04-02T09:20:37.854+0000] {dag.py:3504} INFO - Setting next_dagrun for tutorial to 2024-04-01T09:20:37.854534+00:00, run_after=2024-04-02T09:20:37.854534+00:00
[2024-04-02T09:20:37.895+0000] {processor.py:179} INFO - Processing /usr/local/python/3.10.13/lib/python3.10/site-packages/airflow/example_dags/tutorial.py took 0.082 seconds
[2024-04-02T09:21:17.773+0000] {processor.py:157} INFO - Started process (PID=23500) to work on /usr/local/python/3.10.13/lib/python3.10/site-packages/airflow/example_dags/tutorial.py
[2024-04-02T09:21:17.774+0000] {processor.py:826} INFO - Processing file /usr/local/python/3.10.13/lib/python3.10/site-packages/airflow/example_dags/tutorial.py for tasks to queue
[2024-04-02T09:21:17.775+0000] {logging_mixin.py:150} INFO - [2024-04-02T09:21:17.774+0000] {dagbag.py:541} INFO - Filling up the DagBag from /usr/local/python/3.10.13/lib/python3.10/site-packages/airflow/example_dags/tutorial.py
[2024-04-02T09:21:17.780+0000] {processor.py:836} INFO - DAG(s) dict_keys(['tutorial']) retrieved from /usr/local/python/3.10.13/lib/python3.10/site-packages/airflow/example_dags/tutorial.py
[2024-04-02T09:21:17.792+0000] {logging_mixin.py:150} INFO - [2024-04-02T09:21:17.792+0000] {dag.py:2742} INFO - Sync 1 DAGs
[2024-04-02T09:21:17.807+0000] {logging_mixin.py:150} INFO - [2024-04-02T09:21:17.807+0000] {dag.py:3504} INFO - Setting next_dagrun for tutorial to 2024-04-01T09:21:17.807068+00:00, run_after=2024-04-02T09:21:17.807068+00:00
[2024-04-02T09:21:17.847+0000] {processor.py:179} INFO - Processing /usr/local/python/3.10.13/lib/python3.10/site-packages/airflow/example_dags/tutorial.py took 0.076 seconds
[2024-04-02T09:21:53.572+0000] {processor.py:157} INFO - Started process (PID=23731) to work on /usr/local/python/3.10.13/lib/python3.10/site-packages/airflow/example_dags/tutorial.py
[2024-04-02T09:21:53.572+0000] {processor.py:826} INFO - Processing file /usr/local/python/3.10.13/lib/python3.10/site-packages/airflow/example_dags/tutorial.py for tasks to queue
[2024-04-02T09:21:53.573+0000] {logging_mixin.py:150} INFO - [2024-04-02T09:21:53.573+0000] {dagbag.py:541} INFO - Filling up the DagBag from /usr/local/python/3.10.13/lib/python3.10/site-packages/airflow/example_dags/tutorial.py
[2024-04-02T09:21:53.578+0000] {processor.py:836} INFO - DAG(s) dict_keys(['tutorial']) retrieved from /usr/local/python/3.10.13/lib/python3.10/site-packages/airflow/example_dags/tutorial.py
[2024-04-02T09:21:53.589+0000] {logging_mixin.py:150} INFO - [2024-04-02T09:21:53.589+0000] {dag.py:2742} INFO - Sync 1 DAGs
[2024-04-02T09:21:53.605+0000] {logging_mixin.py:150} INFO - [2024-04-02T09:21:53.605+0000] {dag.py:3504} INFO - Setting next_dagrun for tutorial to 2024-04-01T09:21:53.605242+00:00, run_after=2024-04-02T09:21:53.605242+00:00
[2024-04-02T09:21:53.642+0000] {processor.py:179} INFO - Processing /usr/local/python/3.10.13/lib/python3.10/site-packages/airflow/example_dags/tutorial.py took 0.073 seconds
[2024-04-02T09:22:31.845+0000] {processor.py:157} INFO - Started process (PID=24000) to work on /usr/local/python/3.10.13/lib/python3.10/site-packages/airflow/example_dags/tutorial.py
[2024-04-02T09:22:31.845+0000] {processor.py:826} INFO - Processing file /usr/local/python/3.10.13/lib/python3.10/site-packages/airflow/example_dags/tutorial.py for tasks to queue
[2024-04-02T09:22:31.846+0000] {logging_mixin.py:150} INFO - [2024-04-02T09:22:31.846+0000] {dagbag.py:541} INFO - Filling up the DagBag from /usr/local/python/3.10.13/lib/python3.10/site-packages/airflow/example_dags/tutorial.py
[2024-04-02T09:22:31.851+0000] {processor.py:836} INFO - DAG(s) dict_keys(['tutorial']) retrieved from /usr/local/python/3.10.13/lib/python3.10/site-packages/airflow/example_dags/tutorial.py
[2024-04-02T09:22:31.863+0000] {logging_mixin.py:150} INFO - [2024-04-02T09:22:31.862+0000] {dag.py:2742} INFO - Sync 1 DAGs
[2024-04-02T09:22:31.878+0000] {logging_mixin.py:150} INFO - [2024-04-02T09:22:31.878+0000] {dag.py:3504} INFO - Setting next_dagrun for tutorial to 2024-04-01T09:22:31.878288+00:00, run_after=2024-04-02T09:22:31.878288+00:00
[2024-04-02T09:22:31.917+0000] {processor.py:179} INFO - Processing /usr/local/python/3.10.13/lib/python3.10/site-packages/airflow/example_dags/tutorial.py took 0.074 seconds
[2024-04-02T09:23:11.361+0000] {processor.py:157} INFO - Started process (PID=24271) to work on /usr/local/python/3.10.13/lib/python3.10/site-packages/airflow/example_dags/tutorial.py
[2024-04-02T09:23:11.361+0000] {processor.py:826} INFO - Processing file /usr/local/python/3.10.13/lib/python3.10/site-packages/airflow/example_dags/tutorial.py for tasks to queue
[2024-04-02T09:23:11.362+0000] {logging_mixin.py:150} INFO - [2024-04-02T09:23:11.362+0000] {dagbag.py:541} INFO - Filling up the DagBag from /usr/local/python/3.10.13/lib/python3.10/site-packages/airflow/example_dags/tutorial.py
[2024-04-02T09:23:11.367+0000] {processor.py:836} INFO - DAG(s) dict_keys(['tutorial']) retrieved from /usr/local/python/3.10.13/lib/python3.10/site-packages/airflow/example_dags/tutorial.py
[2024-04-02T09:23:11.379+0000] {logging_mixin.py:150} INFO - [2024-04-02T09:23:11.378+0000] {dag.py:2742} INFO - Sync 1 DAGs
[2024-04-02T09:23:11.395+0000] {logging_mixin.py:150} INFO - [2024-04-02T09:23:11.395+0000] {dag.py:3504} INFO - Setting next_dagrun for tutorial to 2024-04-01T09:23:11.395169+00:00, run_after=2024-04-02T09:23:11.395169+00:00
[2024-04-02T09:23:11.439+0000] {processor.py:179} INFO - Processing /usr/local/python/3.10.13/lib/python3.10/site-packages/airflow/example_dags/tutorial.py took 0.080 seconds
[2024-04-02T09:23:49.835+0000] {processor.py:157} INFO - Started process (PID=24529) to work on /usr/local/python/3.10.13/lib/python3.10/site-packages/airflow/example_dags/tutorial.py
[2024-04-02T09:23:49.836+0000] {processor.py:826} INFO - Processing file /usr/local/python/3.10.13/lib/python3.10/site-packages/airflow/example_dags/tutorial.py for tasks to queue
[2024-04-02T09:23:49.841+0000] {logging_mixin.py:150} INFO - [2024-04-02T09:23:49.840+0000] {dagbag.py:541} INFO - Filling up the DagBag from /usr/local/python/3.10.13/lib/python3.10/site-packages/airflow/example_dags/tutorial.py
[2024-04-02T09:23:49.856+0000] {processor.py:836} INFO - DAG(s) dict_keys(['tutorial']) retrieved from /usr/local/python/3.10.13/lib/python3.10/site-packages/airflow/example_dags/tutorial.py
[2024-04-02T09:23:49.882+0000] {logging_mixin.py:150} INFO - [2024-04-02T09:23:49.882+0000] {dag.py:2742} INFO - Sync 1 DAGs
[2024-04-02T09:23:49.905+0000] {logging_mixin.py:150} INFO - [2024-04-02T09:23:49.905+0000] {dag.py:3504} INFO - Setting next_dagrun for tutorial to 2024-04-01T09:23:49.904970+00:00, run_after=2024-04-02T09:23:49.904970+00:00
[2024-04-02T09:23:49.946+0000] {processor.py:179} INFO - Processing /usr/local/python/3.10.13/lib/python3.10/site-packages/airflow/example_dags/tutorial.py took 0.115 seconds
[2024-04-02T09:24:32.140+0000] {processor.py:157} INFO - Started process (PID=24846) to work on /usr/local/python/3.10.13/lib/python3.10/site-packages/airflow/example_dags/tutorial.py
[2024-04-02T09:24:32.141+0000] {processor.py:826} INFO - Processing file /usr/local/python/3.10.13/lib/python3.10/site-packages/airflow/example_dags/tutorial.py for tasks to queue
[2024-04-02T09:24:32.141+0000] {logging_mixin.py:150} INFO - [2024-04-02T09:24:32.141+0000] {dagbag.py:541} INFO - Filling up the DagBag from /usr/local/python/3.10.13/lib/python3.10/site-packages/airflow/example_dags/tutorial.py
[2024-04-02T09:24:32.147+0000] {processor.py:836} INFO - DAG(s) dict_keys(['tutorial']) retrieved from /usr/local/python/3.10.13/lib/python3.10/site-packages/airflow/example_dags/tutorial.py
[2024-04-02T09:24:32.158+0000] {logging_mixin.py:150} INFO - [2024-04-02T09:24:32.158+0000] {dag.py:2742} INFO - Sync 1 DAGs
[2024-04-02T09:24:32.173+0000] {logging_mixin.py:150} INFO - [2024-04-02T09:24:32.173+0000] {dag.py:3504} INFO - Setting next_dagrun for tutorial to 2024-04-01T09:24:32.173477+00:00, run_after=2024-04-02T09:24:32.173477+00:00
[2024-04-02T09:24:32.214+0000] {processor.py:179} INFO - Processing /usr/local/python/3.10.13/lib/python3.10/site-packages/airflow/example_dags/tutorial.py took 0.077 seconds
[2024-04-02T09:25:13.347+0000] {processor.py:157} INFO - Started process (PID=25128) to work on /usr/local/python/3.10.13/lib/python3.10/site-packages/airflow/example_dags/tutorial.py
[2024-04-02T09:25:13.348+0000] {processor.py:826} INFO - Processing file /usr/local/python/3.10.13/lib/python3.10/site-packages/airflow/example_dags/tutorial.py for tasks to queue
[2024-04-02T09:25:13.349+0000] {logging_mixin.py:150} INFO - [2024-04-02T09:25:13.348+0000] {dagbag.py:541} INFO - Filling up the DagBag from /usr/local/python/3.10.13/lib/python3.10/site-packages/airflow/example_dags/tutorial.py
[2024-04-02T09:25:13.355+0000] {processor.py:836} INFO - DAG(s) dict_keys(['tutorial']) retrieved from /usr/local/python/3.10.13/lib/python3.10/site-packages/airflow/example_dags/tutorial.py
[2024-04-02T09:25:13.367+0000] {logging_mixin.py:150} INFO - [2024-04-02T09:25:13.367+0000] {dag.py:2742} INFO - Sync 1 DAGs
[2024-04-02T09:25:13.383+0000] {logging_mixin.py:150} INFO - [2024-04-02T09:25:13.383+0000] {dag.py:3504} INFO - Setting next_dagrun for tutorial to 2024-04-01T09:25:13.382956+00:00, run_after=2024-04-02T09:25:13.382956+00:00
[2024-04-02T09:25:13.422+0000] {processor.py:179} INFO - Processing /usr/local/python/3.10.13/lib/python3.10/site-packages/airflow/example_dags/tutorial.py took 0.079 seconds
[2024-04-02T09:25:56.312+0000] {processor.py:157} INFO - Started process (PID=25417) to work on /usr/local/python/3.10.13/lib/python3.10/site-packages/airflow/example_dags/tutorial.py
[2024-04-02T09:25:56.313+0000] {processor.py:826} INFO - Processing file /usr/local/python/3.10.13/lib/python3.10/site-packages/airflow/example_dags/tutorial.py for tasks to queue
[2024-04-02T09:25:56.314+0000] {logging_mixin.py:150} INFO - [2024-04-02T09:25:56.314+0000] {dagbag.py:541} INFO - Filling up the DagBag from /usr/local/python/3.10.13/lib/python3.10/site-packages/airflow/example_dags/tutorial.py
[2024-04-02T09:25:56.319+0000] {processor.py:836} INFO - DAG(s) dict_keys(['tutorial']) retrieved from /usr/local/python/3.10.13/lib/python3.10/site-packages/airflow/example_dags/tutorial.py
[2024-04-02T09:25:56.331+0000] {logging_mixin.py:150} INFO - [2024-04-02T09:25:56.331+0000] {dag.py:2742} INFO - Sync 1 DAGs
[2024-04-02T09:25:56.347+0000] {logging_mixin.py:150} INFO - [2024-04-02T09:25:56.347+0000] {dag.py:3504} INFO - Setting next_dagrun for tutorial to 2024-04-01T09:25:56.346926+00:00, run_after=2024-04-02T09:25:56.346926+00:00
[2024-04-02T09:25:56.385+0000] {processor.py:179} INFO - Processing /usr/local/python/3.10.13/lib/python3.10/site-packages/airflow/example_dags/tutorial.py took 0.075 seconds
[2024-04-02T09:26:38.594+0000] {processor.py:157} INFO - Started process (PID=25695) to work on /usr/local/python/3.10.13/lib/python3.10/site-packages/airflow/example_dags/tutorial.py
[2024-04-02T09:26:38.595+0000] {processor.py:826} INFO - Processing file /usr/local/python/3.10.13/lib/python3.10/site-packages/airflow/example_dags/tutorial.py for tasks to queue
[2024-04-02T09:26:38.595+0000] {logging_mixin.py:150} INFO - [2024-04-02T09:26:38.595+0000] {dagbag.py:541} INFO - Filling up the DagBag from /usr/local/python/3.10.13/lib/python3.10/site-packages/airflow/example_dags/tutorial.py
[2024-04-02T09:26:38.601+0000] {processor.py:836} INFO - DAG(s) dict_keys(['tutorial']) retrieved from /usr/local/python/3.10.13/lib/python3.10/site-packages/airflow/example_dags/tutorial.py
[2024-04-02T09:26:38.612+0000] {logging_mixin.py:150} INFO - [2024-04-02T09:26:38.612+0000] {dag.py:2742} INFO - Sync 1 DAGs
[2024-04-02T09:26:38.715+0000] {logging_mixin.py:150} INFO - [2024-04-02T09:26:38.715+0000] {dag.py:3504} INFO - Setting next_dagrun for tutorial to 2024-04-01T09:26:38.715232+00:00, run_after=2024-04-02T09:26:38.715232+00:00
[2024-04-02T09:26:38.756+0000] {processor.py:179} INFO - Processing /usr/local/python/3.10.13/lib/python3.10/site-packages/airflow/example_dags/tutorial.py took 0.164 seconds
[2024-04-02T09:27:18.801+0000] {processor.py:157} INFO - Started process (PID=25972) to work on /usr/local/python/3.10.13/lib/python3.10/site-packages/airflow/example_dags/tutorial.py
[2024-04-02T09:27:18.802+0000] {processor.py:826} INFO - Processing file /usr/local/python/3.10.13/lib/python3.10/site-packages/airflow/example_dags/tutorial.py for tasks to queue
[2024-04-02T09:27:18.802+0000] {logging_mixin.py:150} INFO - [2024-04-02T09:27:18.802+0000] {dagbag.py:541} INFO - Filling up the DagBag from /usr/local/python/3.10.13/lib/python3.10/site-packages/airflow/example_dags/tutorial.py
[2024-04-02T09:27:18.808+0000] {processor.py:836} INFO - DAG(s) dict_keys(['tutorial']) retrieved from /usr/local/python/3.10.13/lib/python3.10/site-packages/airflow/example_dags/tutorial.py
[2024-04-02T09:27:18.819+0000] {logging_mixin.py:150} INFO - [2024-04-02T09:27:18.819+0000] {dag.py:2742} INFO - Sync 1 DAGs
[2024-04-02T09:27:18.835+0000] {logging_mixin.py:150} INFO - [2024-04-02T09:27:18.834+0000] {dag.py:3504} INFO - Setting next_dagrun for tutorial to 2024-04-01T09:27:18.834657+00:00, run_after=2024-04-02T09:27:18.834657+00:00
[2024-04-02T09:27:18.878+0000] {processor.py:179} INFO - Processing /usr/local/python/3.10.13/lib/python3.10/site-packages/airflow/example_dags/tutorial.py took 0.080 seconds
[2024-04-02T09:27:58.437+0000] {processor.py:157} INFO - Started process (PID=26244) to work on /usr/local/python/3.10.13/lib/python3.10/site-packages/airflow/example_dags/tutorial.py
[2024-04-02T09:27:58.437+0000] {processor.py:826} INFO - Processing file /usr/local/python/3.10.13/lib/python3.10/site-packages/airflow/example_dags/tutorial.py for tasks to queue
[2024-04-02T09:27:58.438+0000] {logging_mixin.py:150} INFO - [2024-04-02T09:27:58.438+0000] {dagbag.py:541} INFO - Filling up the DagBag from /usr/local/python/3.10.13/lib/python3.10/site-packages/airflow/example_dags/tutorial.py
[2024-04-02T09:27:58.443+0000] {processor.py:836} INFO - DAG(s) dict_keys(['tutorial']) retrieved from /usr/local/python/3.10.13/lib/python3.10/site-packages/airflow/example_dags/tutorial.py
[2024-04-02T09:27:58.454+0000] {logging_mixin.py:150} INFO - [2024-04-02T09:27:58.454+0000] {dag.py:2742} INFO - Sync 1 DAGs
[2024-04-02T09:27:58.552+0000] {logging_mixin.py:150} INFO - [2024-04-02T09:27:58.551+0000] {dag.py:3504} INFO - Setting next_dagrun for tutorial to 2024-04-01T09:27:58.551446+00:00, run_after=2024-04-02T09:27:58.551446+00:00
[2024-04-02T09:27:58.590+0000] {processor.py:179} INFO - Processing /usr/local/python/3.10.13/lib/python3.10/site-packages/airflow/example_dags/tutorial.py took 0.156 seconds
[2024-04-02T09:28:40.931+0000] {processor.py:157} INFO - Started process (PID=26523) to work on /usr/local/python/3.10.13/lib/python3.10/site-packages/airflow/example_dags/tutorial.py
[2024-04-02T09:28:40.932+0000] {processor.py:826} INFO - Processing file /usr/local/python/3.10.13/lib/python3.10/site-packages/airflow/example_dags/tutorial.py for tasks to queue
[2024-04-02T09:28:40.933+0000] {logging_mixin.py:150} INFO - [2024-04-02T09:28:40.933+0000] {dagbag.py:541} INFO - Filling up the DagBag from /usr/local/python/3.10.13/lib/python3.10/site-packages/airflow/example_dags/tutorial.py
[2024-04-02T09:28:40.942+0000] {processor.py:836} INFO - DAG(s) dict_keys(['tutorial']) retrieved from /usr/local/python/3.10.13/lib/python3.10/site-packages/airflow/example_dags/tutorial.py
[2024-04-02T09:28:40.959+0000] {logging_mixin.py:150} INFO - [2024-04-02T09:28:40.959+0000] {dag.py:2742} INFO - Sync 1 DAGs
[2024-04-02T09:28:40.984+0000] {logging_mixin.py:150} INFO - [2024-04-02T09:28:40.984+0000] {dag.py:3504} INFO - Setting next_dagrun for tutorial to 2024-04-01T09:28:40.983887+00:00, run_after=2024-04-02T09:28:40.983887+00:00
[2024-04-02T09:28:41.031+0000] {processor.py:179} INFO - Processing /usr/local/python/3.10.13/lib/python3.10/site-packages/airflow/example_dags/tutorial.py took 0.104 seconds
[2024-04-02T09:29:22.206+0000] {processor.py:157} INFO - Started process (PID=26801) to work on /usr/local/python/3.10.13/lib/python3.10/site-packages/airflow/example_dags/tutorial.py
[2024-04-02T09:29:22.207+0000] {processor.py:826} INFO - Processing file /usr/local/python/3.10.13/lib/python3.10/site-packages/airflow/example_dags/tutorial.py for tasks to queue
[2024-04-02T09:29:22.208+0000] {logging_mixin.py:150} INFO - [2024-04-02T09:29:22.207+0000] {dagbag.py:541} INFO - Filling up the DagBag from /usr/local/python/3.10.13/lib/python3.10/site-packages/airflow/example_dags/tutorial.py
[2024-04-02T09:29:22.213+0000] {processor.py:836} INFO - DAG(s) dict_keys(['tutorial']) retrieved from /usr/local/python/3.10.13/lib/python3.10/site-packages/airflow/example_dags/tutorial.py
[2024-04-02T09:29:22.224+0000] {logging_mixin.py:150} INFO - [2024-04-02T09:29:22.224+0000] {dag.py:2742} INFO - Sync 1 DAGs
[2024-04-02T09:29:22.239+0000] {logging_mixin.py:150} INFO - [2024-04-02T09:29:22.239+0000] {dag.py:3504} INFO - Setting next_dagrun for tutorial to 2024-04-01T09:29:22.239367+00:00, run_after=2024-04-02T09:29:22.239367+00:00
[2024-04-02T09:29:22.278+0000] {processor.py:179} INFO - Processing /usr/local/python/3.10.13/lib/python3.10/site-packages/airflow/example_dags/tutorial.py took 0.073 seconds
[2024-04-02T09:29:57.377+0000] {processor.py:157} INFO - Started process (PID=27093) to work on /usr/local/python/3.10.13/lib/python3.10/site-packages/airflow/example_dags/tutorial.py
[2024-04-02T09:29:57.378+0000] {processor.py:826} INFO - Processing file /usr/local/python/3.10.13/lib/python3.10/site-packages/airflow/example_dags/tutorial.py for tasks to queue
[2024-04-02T09:29:57.379+0000] {logging_mixin.py:150} INFO - [2024-04-02T09:29:57.379+0000] {dagbag.py:541} INFO - Filling up the DagBag from /usr/local/python/3.10.13/lib/python3.10/site-packages/airflow/example_dags/tutorial.py
[2024-04-02T09:29:57.385+0000] {processor.py:836} INFO - DAG(s) dict_keys(['tutorial']) retrieved from /usr/local/python/3.10.13/lib/python3.10/site-packages/airflow/example_dags/tutorial.py
[2024-04-02T09:29:57.396+0000] {logging_mixin.py:150} INFO - [2024-04-02T09:29:57.396+0000] {dag.py:2742} INFO - Sync 1 DAGs
[2024-04-02T09:29:57.411+0000] {logging_mixin.py:150} INFO - [2024-04-02T09:29:57.411+0000] {dag.py:3504} INFO - Setting next_dagrun for tutorial to 2024-04-01T09:29:57.411467+00:00, run_after=2024-04-02T09:29:57.411467+00:00
[2024-04-02T09:29:57.451+0000] {processor.py:179} INFO - Processing /usr/local/python/3.10.13/lib/python3.10/site-packages/airflow/example_dags/tutorial.py took 0.076 seconds
[2024-04-02T09:30:33.158+0000] {processor.py:157} INFO - Started process (PID=27339) to work on /usr/local/python/3.10.13/lib/python3.10/site-packages/airflow/example_dags/tutorial.py
[2024-04-02T09:30:33.159+0000] {processor.py:826} INFO - Processing file /usr/local/python/3.10.13/lib/python3.10/site-packages/airflow/example_dags/tutorial.py for tasks to queue
[2024-04-02T09:30:33.160+0000] {logging_mixin.py:150} INFO - [2024-04-02T09:30:33.159+0000] {dagbag.py:541} INFO - Filling up the DagBag from /usr/local/python/3.10.13/lib/python3.10/site-packages/airflow/example_dags/tutorial.py
[2024-04-02T09:30:33.165+0000] {processor.py:836} INFO - DAG(s) dict_keys(['tutorial']) retrieved from /usr/local/python/3.10.13/lib/python3.10/site-packages/airflow/example_dags/tutorial.py
[2024-04-02T09:30:33.177+0000] {logging_mixin.py:150} INFO - [2024-04-02T09:30:33.177+0000] {dag.py:2742} INFO - Sync 1 DAGs
[2024-04-02T09:30:33.192+0000] {logging_mixin.py:150} INFO - [2024-04-02T09:30:33.192+0000] {dag.py:3504} INFO - Setting next_dagrun for tutorial to 2024-04-01T09:30:33.192077+00:00, run_after=2024-04-02T09:30:33.192077+00:00
[2024-04-02T09:30:33.233+0000] {processor.py:179} INFO - Processing /usr/local/python/3.10.13/lib/python3.10/site-packages/airflow/example_dags/tutorial.py took 0.077 seconds
[2024-04-02T09:31:14.516+0000] {processor.py:157} INFO - Started process (PID=27618) to work on /usr/local/python/3.10.13/lib/python3.10/site-packages/airflow/example_dags/tutorial.py
[2024-04-02T09:31:14.517+0000] {processor.py:826} INFO - Processing file /usr/local/python/3.10.13/lib/python3.10/site-packages/airflow/example_dags/tutorial.py for tasks to queue
[2024-04-02T09:31:14.518+0000] {logging_mixin.py:150} INFO - [2024-04-02T09:31:14.517+0000] {dagbag.py:541} INFO - Filling up the DagBag from /usr/local/python/3.10.13/lib/python3.10/site-packages/airflow/example_dags/tutorial.py
[2024-04-02T09:31:14.523+0000] {processor.py:836} INFO - DAG(s) dict_keys(['tutorial']) retrieved from /usr/local/python/3.10.13/lib/python3.10/site-packages/airflow/example_dags/tutorial.py
[2024-04-02T09:31:14.534+0000] {logging_mixin.py:150} INFO - [2024-04-02T09:31:14.534+0000] {dag.py:2742} INFO - Sync 1 DAGs
[2024-04-02T09:31:14.550+0000] {logging_mixin.py:150} INFO - [2024-04-02T09:31:14.550+0000] {dag.py:3504} INFO - Setting next_dagrun for tutorial to 2024-04-01T09:31:14.549831+00:00, run_after=2024-04-02T09:31:14.549831+00:00
[2024-04-02T09:31:14.591+0000] {processor.py:179} INFO - Processing /usr/local/python/3.10.13/lib/python3.10/site-packages/airflow/example_dags/tutorial.py took 0.077 seconds
[2024-04-02T09:31:54.679+0000] {processor.py:157} INFO - Started process (PID=27893) to work on /usr/local/python/3.10.13/lib/python3.10/site-packages/airflow/example_dags/tutorial.py
[2024-04-02T09:31:54.680+0000] {processor.py:826} INFO - Processing file /usr/local/python/3.10.13/lib/python3.10/site-packages/airflow/example_dags/tutorial.py for tasks to queue
[2024-04-02T09:31:54.680+0000] {logging_mixin.py:150} INFO - [2024-04-02T09:31:54.680+0000] {dagbag.py:541} INFO - Filling up the DagBag from /usr/local/python/3.10.13/lib/python3.10/site-packages/airflow/example_dags/tutorial.py
[2024-04-02T09:31:54.686+0000] {processor.py:836} INFO - DAG(s) dict_keys(['tutorial']) retrieved from /usr/local/python/3.10.13/lib/python3.10/site-packages/airflow/example_dags/tutorial.py
[2024-04-02T09:31:54.697+0000] {logging_mixin.py:150} INFO - [2024-04-02T09:31:54.697+0000] {dag.py:2742} INFO - Sync 1 DAGs
[2024-04-02T09:31:54.712+0000] {logging_mixin.py:150} INFO - [2024-04-02T09:31:54.712+0000] {dag.py:3504} INFO - Setting next_dagrun for tutorial to 2024-04-01T09:31:54.712220+00:00, run_after=2024-04-02T09:31:54.712220+00:00
[2024-04-02T09:31:54.753+0000] {processor.py:179} INFO - Processing /usr/local/python/3.10.13/lib/python3.10/site-packages/airflow/example_dags/tutorial.py took 0.076 seconds
[2024-04-02T09:32:32.609+0000] {processor.py:157} INFO - Started process (PID=28161) to work on /usr/local/python/3.10.13/lib/python3.10/site-packages/airflow/example_dags/tutorial.py
[2024-04-02T09:32:32.610+0000] {processor.py:826} INFO - Processing file /usr/local/python/3.10.13/lib/python3.10/site-packages/airflow/example_dags/tutorial.py for tasks to queue
[2024-04-02T09:32:32.611+0000] {logging_mixin.py:150} INFO - [2024-04-02T09:32:32.611+0000] {dagbag.py:541} INFO - Filling up the DagBag from /usr/local/python/3.10.13/lib/python3.10/site-packages/airflow/example_dags/tutorial.py
[2024-04-02T09:32:32.616+0000] {processor.py:836} INFO - DAG(s) dict_keys(['tutorial']) retrieved from /usr/local/python/3.10.13/lib/python3.10/site-packages/airflow/example_dags/tutorial.py
[2024-04-02T09:32:32.627+0000] {logging_mixin.py:150} INFO - [2024-04-02T09:32:32.627+0000] {dag.py:2742} INFO - Sync 1 DAGs
[2024-04-02T09:32:32.643+0000] {logging_mixin.py:150} INFO - [2024-04-02T09:32:32.642+0000] {dag.py:3504} INFO - Setting next_dagrun for tutorial to 2024-04-01T09:32:32.642744+00:00, run_after=2024-04-02T09:32:32.642744+00:00
[2024-04-02T09:32:32.684+0000] {processor.py:179} INFO - Processing /usr/local/python/3.10.13/lib/python3.10/site-packages/airflow/example_dags/tutorial.py took 0.077 seconds
[2024-04-02T09:33:13.717+0000] {processor.py:157} INFO - Started process (PID=28440) to work on /usr/local/python/3.10.13/lib/python3.10/site-packages/airflow/example_dags/tutorial.py
[2024-04-02T09:33:13.719+0000] {processor.py:826} INFO - Processing file /usr/local/python/3.10.13/lib/python3.10/site-packages/airflow/example_dags/tutorial.py for tasks to queue
[2024-04-02T09:33:13.720+0000] {logging_mixin.py:150} INFO - [2024-04-02T09:33:13.719+0000] {dagbag.py:541} INFO - Filling up the DagBag from /usr/local/python/3.10.13/lib/python3.10/site-packages/airflow/example_dags/tutorial.py
[2024-04-02T09:33:13.727+0000] {processor.py:836} INFO - DAG(s) dict_keys(['tutorial']) retrieved from /usr/local/python/3.10.13/lib/python3.10/site-packages/airflow/example_dags/tutorial.py
[2024-04-02T09:33:13.744+0000] {logging_mixin.py:150} INFO - [2024-04-02T09:33:13.744+0000] {dag.py:2742} INFO - Sync 1 DAGs
[2024-04-02T09:33:13.767+0000] {logging_mixin.py:150} INFO - [2024-04-02T09:33:13.767+0000] {dag.py:3504} INFO - Setting next_dagrun for tutorial to 2024-04-01T09:33:13.767344+00:00, run_after=2024-04-02T09:33:13.767344+00:00
[2024-04-02T09:33:13.811+0000] {processor.py:179} INFO - Processing /usr/local/python/3.10.13/lib/python3.10/site-packages/airflow/example_dags/tutorial.py took 0.096 seconds
[2024-04-02T09:33:51.732+0000] {processor.py:157} INFO - Started process (PID=28691) to work on /usr/local/python/3.10.13/lib/python3.10/site-packages/airflow/example_dags/tutorial.py
[2024-04-02T09:33:51.733+0000] {processor.py:826} INFO - Processing file /usr/local/python/3.10.13/lib/python3.10/site-packages/airflow/example_dags/tutorial.py for tasks to queue
[2024-04-02T09:33:51.734+0000] {logging_mixin.py:150} INFO - [2024-04-02T09:33:51.734+0000] {dagbag.py:541} INFO - Filling up the DagBag from /usr/local/python/3.10.13/lib/python3.10/site-packages/airflow/example_dags/tutorial.py
[2024-04-02T09:33:51.743+0000] {processor.py:836} INFO - DAG(s) dict_keys(['tutorial']) retrieved from /usr/local/python/3.10.13/lib/python3.10/site-packages/airflow/example_dags/tutorial.py
[2024-04-02T09:33:51.760+0000] {logging_mixin.py:150} INFO - [2024-04-02T09:33:51.760+0000] {dag.py:2742} INFO - Sync 1 DAGs
[2024-04-02T09:33:51.784+0000] {logging_mixin.py:150} INFO - [2024-04-02T09:33:51.783+0000] {dag.py:3504} INFO - Setting next_dagrun for tutorial to 2024-04-01T09:33:51.783711+00:00, run_after=2024-04-02T09:33:51.783711+00:00
[2024-04-02T09:33:51.831+0000] {processor.py:179} INFO - Processing /usr/local/python/3.10.13/lib/python3.10/site-packages/airflow/example_dags/tutorial.py took 0.103 seconds
[2024-04-02T09:34:29.295+0000] {processor.py:157} INFO - Started process (PID=28952) to work on /usr/local/python/3.10.13/lib/python3.10/site-packages/airflow/example_dags/tutorial.py
[2024-04-02T09:34:29.296+0000] {processor.py:826} INFO - Processing file /usr/local/python/3.10.13/lib/python3.10/site-packages/airflow/example_dags/tutorial.py for tasks to queue
[2024-04-02T09:34:29.297+0000] {logging_mixin.py:150} INFO - [2024-04-02T09:34:29.296+0000] {dagbag.py:541} INFO - Filling up the DagBag from /usr/local/python/3.10.13/lib/python3.10/site-packages/airflow/example_dags/tutorial.py
[2024-04-02T09:34:29.302+0000] {processor.py:836} INFO - DAG(s) dict_keys(['tutorial']) retrieved from /usr/local/python/3.10.13/lib/python3.10/site-packages/airflow/example_dags/tutorial.py
[2024-04-02T09:34:29.313+0000] {logging_mixin.py:150} INFO - [2024-04-02T09:34:29.313+0000] {dag.py:2742} INFO - Sync 1 DAGs
[2024-04-02T09:34:29.329+0000] {logging_mixin.py:150} INFO - [2024-04-02T09:34:29.329+0000] {dag.py:3504} INFO - Setting next_dagrun for tutorial to 2024-04-01T09:34:29.329399+00:00, run_after=2024-04-02T09:34:29.329399+00:00
[2024-04-02T09:34:29.369+0000] {processor.py:179} INFO - Processing /usr/local/python/3.10.13/lib/python3.10/site-packages/airflow/example_dags/tutorial.py took 0.076 seconds
[2024-04-02T09:35:08.414+0000] {processor.py:157} INFO - Started process (PID=29245) to work on /usr/local/python/3.10.13/lib/python3.10/site-packages/airflow/example_dags/tutorial.py
[2024-04-02T09:35:08.415+0000] {processor.py:826} INFO - Processing file /usr/local/python/3.10.13/lib/python3.10/site-packages/airflow/example_dags/tutorial.py for tasks to queue
[2024-04-02T09:35:08.416+0000] {logging_mixin.py:150} INFO - [2024-04-02T09:35:08.416+0000] {dagbag.py:541} INFO - Filling up the DagBag from /usr/local/python/3.10.13/lib/python3.10/site-packages/airflow/example_dags/tutorial.py
[2024-04-02T09:35:08.424+0000] {processor.py:836} INFO - DAG(s) dict_keys(['tutorial']) retrieved from /usr/local/python/3.10.13/lib/python3.10/site-packages/airflow/example_dags/tutorial.py
[2024-04-02T09:35:08.440+0000] {logging_mixin.py:150} INFO - [2024-04-02T09:35:08.440+0000] {dag.py:2742} INFO - Sync 1 DAGs
[2024-04-02T09:35:08.474+0000] {logging_mixin.py:150} INFO - [2024-04-02T09:35:08.474+0000] {dag.py:3504} INFO - Setting next_dagrun for tutorial to 2024-04-01T09:35:08.473775+00:00, run_after=2024-04-02T09:35:08.473775+00:00
[2024-04-02T09:35:08.551+0000] {processor.py:179} INFO - Processing /usr/local/python/3.10.13/lib/python3.10/site-packages/airflow/example_dags/tutorial.py took 0.140 seconds
[2024-04-02T09:35:45.102+0000] {processor.py:157} INFO - Started process (PID=29491) to work on /usr/local/python/3.10.13/lib/python3.10/site-packages/airflow/example_dags/tutorial.py
[2024-04-02T09:35:45.103+0000] {processor.py:826} INFO - Processing file /usr/local/python/3.10.13/lib/python3.10/site-packages/airflow/example_dags/tutorial.py for tasks to queue
[2024-04-02T09:35:45.104+0000] {logging_mixin.py:150} INFO - [2024-04-02T09:35:45.103+0000] {dagbag.py:541} INFO - Filling up the DagBag from /usr/local/python/3.10.13/lib/python3.10/site-packages/airflow/example_dags/tutorial.py
[2024-04-02T09:35:45.109+0000] {processor.py:836} INFO - DAG(s) dict_keys(['tutorial']) retrieved from /usr/local/python/3.10.13/lib/python3.10/site-packages/airflow/example_dags/tutorial.py
[2024-04-02T09:35:45.121+0000] {logging_mixin.py:150} INFO - [2024-04-02T09:35:45.120+0000] {dag.py:2742} INFO - Sync 1 DAGs
[2024-04-02T09:35:45.136+0000] {logging_mixin.py:150} INFO - [2024-04-02T09:35:45.136+0000] {dag.py:3504} INFO - Setting next_dagrun for tutorial to 2024-04-01T09:35:45.135977+00:00, run_after=2024-04-02T09:35:45.135977+00:00
[2024-04-02T09:35:45.177+0000] {processor.py:179} INFO - Processing /usr/local/python/3.10.13/lib/python3.10/site-packages/airflow/example_dags/tutorial.py took 0.077 seconds
[2024-04-02T09:36:36.507+0000] {processor.py:157} INFO - Started process (PID=29841) to work on /usr/local/python/3.10.13/lib/python3.10/site-packages/airflow/example_dags/tutorial.py
[2024-04-02T09:36:36.508+0000] {processor.py:826} INFO - Processing file /usr/local/python/3.10.13/lib/python3.10/site-packages/airflow/example_dags/tutorial.py for tasks to queue
[2024-04-02T09:36:36.508+0000] {logging_mixin.py:150} INFO - [2024-04-02T09:36:36.508+0000] {dagbag.py:541} INFO - Filling up the DagBag from /usr/local/python/3.10.13/lib/python3.10/site-packages/airflow/example_dags/tutorial.py
[2024-04-02T09:36:36.513+0000] {processor.py:836} INFO - DAG(s) dict_keys(['tutorial']) retrieved from /usr/local/python/3.10.13/lib/python3.10/site-packages/airflow/example_dags/tutorial.py
[2024-04-02T09:36:36.525+0000] {logging_mixin.py:150} INFO - [2024-04-02T09:36:36.525+0000] {dag.py:2742} INFO - Sync 1 DAGs
[2024-04-02T09:36:36.540+0000] {logging_mixin.py:150} INFO - [2024-04-02T09:36:36.540+0000] {dag.py:3504} INFO - Setting next_dagrun for tutorial to 2024-04-01T09:36:36.540623+00:00, run_after=2024-04-02T09:36:36.540623+00:00
[2024-04-02T09:36:36.580+0000] {processor.py:179} INFO - Processing /usr/local/python/3.10.13/lib/python3.10/site-packages/airflow/example_dags/tutorial.py took 0.075 seconds
[2024-04-02T09:37:16.113+0000] {processor.py:157} INFO - Started process (PID=30113) to work on /usr/local/python/3.10.13/lib/python3.10/site-packages/airflow/example_dags/tutorial.py
[2024-04-02T09:37:16.118+0000] {processor.py:826} INFO - Processing file /usr/local/python/3.10.13/lib/python3.10/site-packages/airflow/example_dags/tutorial.py for tasks to queue
[2024-04-02T09:37:16.119+0000] {logging_mixin.py:150} INFO - [2024-04-02T09:37:16.119+0000] {dagbag.py:541} INFO - Filling up the DagBag from /usr/local/python/3.10.13/lib/python3.10/site-packages/airflow/example_dags/tutorial.py
[2024-04-02T09:37:16.135+0000] {processor.py:836} INFO - DAG(s) dict_keys(['tutorial']) retrieved from /usr/local/python/3.10.13/lib/python3.10/site-packages/airflow/example_dags/tutorial.py
[2024-04-02T09:37:16.156+0000] {logging_mixin.py:150} INFO - [2024-04-02T09:37:16.155+0000] {dag.py:2742} INFO - Sync 1 DAGs
[2024-04-02T09:37:16.211+0000] {logging_mixin.py:150} INFO - [2024-04-02T09:37:16.210+0000] {dag.py:3504} INFO - Setting next_dagrun for tutorial to 2024-04-01T09:37:16.210594+00:00, run_after=2024-04-02T09:37:16.210594+00:00
[2024-04-02T09:37:16.281+0000] {processor.py:179} INFO - Processing /usr/local/python/3.10.13/lib/python3.10/site-packages/airflow/example_dags/tutorial.py took 0.178 seconds
[2024-04-02T09:37:52.823+0000] {processor.py:157} INFO - Started process (PID=30371) to work on /usr/local/python/3.10.13/lib/python3.10/site-packages/airflow/example_dags/tutorial.py
[2024-04-02T09:37:52.824+0000] {processor.py:826} INFO - Processing file /usr/local/python/3.10.13/lib/python3.10/site-packages/airflow/example_dags/tutorial.py for tasks to queue
[2024-04-02T09:37:52.826+0000] {logging_mixin.py:150} INFO - [2024-04-02T09:37:52.825+0000] {dagbag.py:541} INFO - Filling up the DagBag from /usr/local/python/3.10.13/lib/python3.10/site-packages/airflow/example_dags/tutorial.py
[2024-04-02T09:37:52.833+0000] {processor.py:836} INFO - DAG(s) dict_keys(['tutorial']) retrieved from /usr/local/python/3.10.13/lib/python3.10/site-packages/airflow/example_dags/tutorial.py
[2024-04-02T09:37:52.852+0000] {logging_mixin.py:150} INFO - [2024-04-02T09:37:52.852+0000] {dag.py:2742} INFO - Sync 1 DAGs
[2024-04-02T09:37:52.878+0000] {logging_mixin.py:150} INFO - [2024-04-02T09:37:52.878+0000] {dag.py:3504} INFO - Setting next_dagrun for tutorial to 2024-04-01T09:37:52.877927+00:00, run_after=2024-04-02T09:37:52.877927+00:00
[2024-04-02T09:37:52.932+0000] {processor.py:179} INFO - Processing /usr/local/python/3.10.13/lib/python3.10/site-packages/airflow/example_dags/tutorial.py took 0.112 seconds
[2024-04-02T09:38:30.585+0000] {processor.py:157} INFO - Started process (PID=30630) to work on /usr/local/python/3.10.13/lib/python3.10/site-packages/airflow/example_dags/tutorial.py
[2024-04-02T09:38:30.586+0000] {processor.py:826} INFO - Processing file /usr/local/python/3.10.13/lib/python3.10/site-packages/airflow/example_dags/tutorial.py for tasks to queue
[2024-04-02T09:38:30.587+0000] {logging_mixin.py:150} INFO - [2024-04-02T09:38:30.587+0000] {dagbag.py:541} INFO - Filling up the DagBag from /usr/local/python/3.10.13/lib/python3.10/site-packages/airflow/example_dags/tutorial.py
[2024-04-02T09:38:30.592+0000] {processor.py:836} INFO - DAG(s) dict_keys(['tutorial']) retrieved from /usr/local/python/3.10.13/lib/python3.10/site-packages/airflow/example_dags/tutorial.py
[2024-04-02T09:38:30.604+0000] {logging_mixin.py:150} INFO - [2024-04-02T09:38:30.603+0000] {dag.py:2742} INFO - Sync 1 DAGs
[2024-04-02T09:38:30.619+0000] {logging_mixin.py:150} INFO - [2024-04-02T09:38:30.619+0000] {dag.py:3504} INFO - Setting next_dagrun for tutorial to 2024-04-01T09:38:30.619047+00:00, run_after=2024-04-02T09:38:30.619047+00:00
[2024-04-02T09:38:30.658+0000] {processor.py:179} INFO - Processing /usr/local/python/3.10.13/lib/python3.10/site-packages/airflow/example_dags/tutorial.py took 0.075 seconds
[2024-04-02T09:39:09.116+0000] {processor.py:157} INFO - Started process (PID=30880) to work on /usr/local/python/3.10.13/lib/python3.10/site-packages/airflow/example_dags/tutorial.py
[2024-04-02T09:39:09.117+0000] {processor.py:826} INFO - Processing file /usr/local/python/3.10.13/lib/python3.10/site-packages/airflow/example_dags/tutorial.py for tasks to queue
[2024-04-02T09:39:09.118+0000] {logging_mixin.py:150} INFO - [2024-04-02T09:39:09.118+0000] {dagbag.py:541} INFO - Filling up the DagBag from /usr/local/python/3.10.13/lib/python3.10/site-packages/airflow/example_dags/tutorial.py
[2024-04-02T09:39:09.123+0000] {processor.py:836} INFO - DAG(s) dict_keys(['tutorial']) retrieved from /usr/local/python/3.10.13/lib/python3.10/site-packages/airflow/example_dags/tutorial.py
[2024-04-02T09:39:09.134+0000] {logging_mixin.py:150} INFO - [2024-04-02T09:39:09.134+0000] {dag.py:2742} INFO - Sync 1 DAGs
[2024-04-02T09:39:09.150+0000] {logging_mixin.py:150} INFO - [2024-04-02T09:39:09.150+0000] {dag.py:3504} INFO - Setting next_dagrun for tutorial to 2024-04-01T09:39:09.150656+00:00, run_after=2024-04-02T09:39:09.150656+00:00
[2024-04-02T09:39:09.191+0000] {processor.py:179} INFO - Processing /usr/local/python/3.10.13/lib/python3.10/site-packages/airflow/example_dags/tutorial.py took 0.077 seconds
[2024-04-02T09:39:46.364+0000] {processor.py:157} INFO - Started process (PID=31196) to work on /usr/local/python/3.10.13/lib/python3.10/site-packages/airflow/example_dags/tutorial.py
[2024-04-02T09:39:46.365+0000] {processor.py:826} INFO - Processing file /usr/local/python/3.10.13/lib/python3.10/site-packages/airflow/example_dags/tutorial.py for tasks to queue
[2024-04-02T09:39:46.366+0000] {logging_mixin.py:150} INFO - [2024-04-02T09:39:46.366+0000] {dagbag.py:541} INFO - Filling up the DagBag from /usr/local/python/3.10.13/lib/python3.10/site-packages/airflow/example_dags/tutorial.py
[2024-04-02T09:39:46.374+0000] {processor.py:836} INFO - DAG(s) dict_keys(['tutorial']) retrieved from /usr/local/python/3.10.13/lib/python3.10/site-packages/airflow/example_dags/tutorial.py
[2024-04-02T09:39:46.391+0000] {logging_mixin.py:150} INFO - [2024-04-02T09:39:46.391+0000] {dag.py:2742} INFO - Sync 1 DAGs
[2024-04-02T09:39:46.414+0000] {logging_mixin.py:150} INFO - [2024-04-02T09:39:46.414+0000] {dag.py:3504} INFO - Setting next_dagrun for tutorial to 2024-04-01T09:39:46.414506+00:00, run_after=2024-04-02T09:39:46.414506+00:00
[2024-04-02T09:39:46.458+0000] {processor.py:179} INFO - Processing /usr/local/python/3.10.13/lib/python3.10/site-packages/airflow/example_dags/tutorial.py took 0.097 seconds
[2024-04-02T09:40:25.366+0000] {processor.py:157} INFO - Started process (PID=31459) to work on /usr/local/python/3.10.13/lib/python3.10/site-packages/airflow/example_dags/tutorial.py
[2024-04-02T09:40:25.366+0000] {processor.py:826} INFO - Processing file /usr/local/python/3.10.13/lib/python3.10/site-packages/airflow/example_dags/tutorial.py for tasks to queue
[2024-04-02T09:40:25.367+0000] {logging_mixin.py:150} INFO - [2024-04-02T09:40:25.367+0000] {dagbag.py:541} INFO - Filling up the DagBag from /usr/local/python/3.10.13/lib/python3.10/site-packages/airflow/example_dags/tutorial.py
[2024-04-02T09:40:25.372+0000] {processor.py:836} INFO - DAG(s) dict_keys(['tutorial']) retrieved from /usr/local/python/3.10.13/lib/python3.10/site-packages/airflow/example_dags/tutorial.py
[2024-04-02T09:40:25.384+0000] {logging_mixin.py:150} INFO - [2024-04-02T09:40:25.384+0000] {dag.py:2742} INFO - Sync 1 DAGs
[2024-04-02T09:40:25.399+0000] {logging_mixin.py:150} INFO - [2024-04-02T09:40:25.399+0000] {dag.py:3504} INFO - Setting next_dagrun for tutorial to 2024-04-01T09:40:25.399336+00:00, run_after=2024-04-02T09:40:25.399336+00:00
[2024-04-02T09:40:25.440+0000] {processor.py:179} INFO - Processing /usr/local/python/3.10.13/lib/python3.10/site-packages/airflow/example_dags/tutorial.py took 0.076 seconds
[2024-04-02T09:41:03.026+0000] {processor.py:157} INFO - Started process (PID=31723) to work on /usr/local/python/3.10.13/lib/python3.10/site-packages/airflow/example_dags/tutorial.py
[2024-04-02T09:41:03.027+0000] {processor.py:826} INFO - Processing file /usr/local/python/3.10.13/lib/python3.10/site-packages/airflow/example_dags/tutorial.py for tasks to queue
[2024-04-02T09:41:03.029+0000] {logging_mixin.py:150} INFO - [2024-04-02T09:41:03.028+0000] {dagbag.py:541} INFO - Filling up the DagBag from /usr/local/python/3.10.13/lib/python3.10/site-packages/airflow/example_dags/tutorial.py
[2024-04-02T09:41:03.036+0000] {processor.py:836} INFO - DAG(s) dict_keys(['tutorial']) retrieved from /usr/local/python/3.10.13/lib/python3.10/site-packages/airflow/example_dags/tutorial.py
[2024-04-02T09:41:03.053+0000] {logging_mixin.py:150} INFO - [2024-04-02T09:41:03.053+0000] {dag.py:2742} INFO - Sync 1 DAGs
[2024-04-02T09:41:03.080+0000] {logging_mixin.py:150} INFO - [2024-04-02T09:41:03.080+0000] {dag.py:3504} INFO - Setting next_dagrun for tutorial to 2024-04-01T09:41:03.079742+00:00, run_after=2024-04-02T09:41:03.079742+00:00
[2024-04-02T09:41:03.139+0000] {processor.py:179} INFO - Processing /usr/local/python/3.10.13/lib/python3.10/site-packages/airflow/example_dags/tutorial.py took 0.116 seconds
[2024-04-02T09:41:40.648+0000] {processor.py:157} INFO - Started process (PID=31968) to work on /usr/local/python/3.10.13/lib/python3.10/site-packages/airflow/example_dags/tutorial.py
[2024-04-02T09:41:40.649+0000] {processor.py:826} INFO - Processing file /usr/local/python/3.10.13/lib/python3.10/site-packages/airflow/example_dags/tutorial.py for tasks to queue
[2024-04-02T09:41:40.650+0000] {logging_mixin.py:150} INFO - [2024-04-02T09:41:40.650+0000] {dagbag.py:541} INFO - Filling up the DagBag from /usr/local/python/3.10.13/lib/python3.10/site-packages/airflow/example_dags/tutorial.py
[2024-04-02T09:41:40.661+0000] {processor.py:836} INFO - DAG(s) dict_keys(['tutorial']) retrieved from /usr/local/python/3.10.13/lib/python3.10/site-packages/airflow/example_dags/tutorial.py
[2024-04-02T09:41:40.680+0000] {logging_mixin.py:150} INFO - [2024-04-02T09:41:40.680+0000] {dag.py:2742} INFO - Sync 1 DAGs
[2024-04-02T09:41:40.703+0000] {logging_mixin.py:150} INFO - [2024-04-02T09:41:40.703+0000] {dag.py:3504} INFO - Setting next_dagrun for tutorial to 2024-04-01T09:41:40.703214+00:00, run_after=2024-04-02T09:41:40.703214+00:00
[2024-04-02T09:41:40.750+0000] {processor.py:179} INFO - Processing /usr/local/python/3.10.13/lib/python3.10/site-packages/airflow/example_dags/tutorial.py took 0.105 seconds
[2024-04-02T09:42:17.374+0000] {processor.py:157} INFO - Started process (PID=32223) to work on /usr/local/python/3.10.13/lib/python3.10/site-packages/airflow/example_dags/tutorial.py
[2024-04-02T09:42:17.375+0000] {processor.py:826} INFO - Processing file /usr/local/python/3.10.13/lib/python3.10/site-packages/airflow/example_dags/tutorial.py for tasks to queue
[2024-04-02T09:42:17.376+0000] {logging_mixin.py:150} INFO - [2024-04-02T09:42:17.376+0000] {dagbag.py:541} INFO - Filling up the DagBag from /usr/local/python/3.10.13/lib/python3.10/site-packages/airflow/example_dags/tutorial.py
[2024-04-02T09:42:17.381+0000] {processor.py:836} INFO - DAG(s) dict_keys(['tutorial']) retrieved from /usr/local/python/3.10.13/lib/python3.10/site-packages/airflow/example_dags/tutorial.py
[2024-04-02T09:42:17.393+0000] {logging_mixin.py:150} INFO - [2024-04-02T09:42:17.393+0000] {dag.py:2742} INFO - Sync 1 DAGs
[2024-04-02T09:42:17.408+0000] {logging_mixin.py:150} INFO - [2024-04-02T09:42:17.408+0000] {dag.py:3504} INFO - Setting next_dagrun for tutorial to 2024-04-01T09:42:17.408305+00:00, run_after=2024-04-02T09:42:17.408305+00:00
[2024-04-02T09:42:17.447+0000] {processor.py:179} INFO - Processing /usr/local/python/3.10.13/lib/python3.10/site-packages/airflow/example_dags/tutorial.py took 0.075 seconds
[2024-04-02T09:42:57.758+0000] {processor.py:157} INFO - Started process (PID=32501) to work on /usr/local/python/3.10.13/lib/python3.10/site-packages/airflow/example_dags/tutorial.py
[2024-04-02T09:42:57.759+0000] {processor.py:826} INFO - Processing file /usr/local/python/3.10.13/lib/python3.10/site-packages/airflow/example_dags/tutorial.py for tasks to queue
[2024-04-02T09:42:57.759+0000] {logging_mixin.py:150} INFO - [2024-04-02T09:42:57.759+0000] {dagbag.py:541} INFO - Filling up the DagBag from /usr/local/python/3.10.13/lib/python3.10/site-packages/airflow/example_dags/tutorial.py
[2024-04-02T09:42:57.765+0000] {processor.py:836} INFO - DAG(s) dict_keys(['tutorial']) retrieved from /usr/local/python/3.10.13/lib/python3.10/site-packages/airflow/example_dags/tutorial.py
[2024-04-02T09:42:57.776+0000] {logging_mixin.py:150} INFO - [2024-04-02T09:42:57.776+0000] {dag.py:2742} INFO - Sync 1 DAGs
[2024-04-02T09:42:57.792+0000] {logging_mixin.py:150} INFO - [2024-04-02T09:42:57.791+0000] {dag.py:3504} INFO - Setting next_dagrun for tutorial to 2024-04-01T09:42:57.791733+00:00, run_after=2024-04-02T09:42:57.791733+00:00
[2024-04-02T09:42:57.831+0000] {processor.py:179} INFO - Processing /usr/local/python/3.10.13/lib/python3.10/site-packages/airflow/example_dags/tutorial.py took 0.076 seconds
[2024-04-02T09:43:38.222+0000] {processor.py:157} INFO - Started process (PID=32775) to work on /usr/local/python/3.10.13/lib/python3.10/site-packages/airflow/example_dags/tutorial.py
[2024-04-02T09:43:38.222+0000] {processor.py:826} INFO - Processing file /usr/local/python/3.10.13/lib/python3.10/site-packages/airflow/example_dags/tutorial.py for tasks to queue
[2024-04-02T09:43:38.223+0000] {logging_mixin.py:150} INFO - [2024-04-02T09:43:38.223+0000] {dagbag.py:541} INFO - Filling up the DagBag from /usr/local/python/3.10.13/lib/python3.10/site-packages/airflow/example_dags/tutorial.py
[2024-04-02T09:43:38.229+0000] {processor.py:836} INFO - DAG(s) dict_keys(['tutorial']) retrieved from /usr/local/python/3.10.13/lib/python3.10/site-packages/airflow/example_dags/tutorial.py
[2024-04-02T09:43:38.241+0000] {logging_mixin.py:150} INFO - [2024-04-02T09:43:38.241+0000] {dag.py:2742} INFO - Sync 1 DAGs
[2024-04-02T09:43:38.261+0000] {logging_mixin.py:150} INFO - [2024-04-02T09:43:38.261+0000] {dag.py:3504} INFO - Setting next_dagrun for tutorial to 2024-04-01T09:43:38.261505+00:00, run_after=2024-04-02T09:43:38.261505+00:00
[2024-04-02T09:43:38.311+0000] {processor.py:179} INFO - Processing /usr/local/python/3.10.13/lib/python3.10/site-packages/airflow/example_dags/tutorial.py took 0.091 seconds
