[2024-04-02T08:56:43.711+0000] {processor.py:157} INFO - Started process (PID=11279) to work on /usr/local/python/3.10.13/lib/python3.10/site-packages/airflow/example_dags/tutorial_taskflow_api_virtualenv.py
[2024-04-02T08:56:43.712+0000] {processor.py:826} INFO - Processing file /usr/local/python/3.10.13/lib/python3.10/site-packages/airflow/example_dags/tutorial_taskflow_api_virtualenv.py for tasks to queue
[2024-04-02T08:56:43.717+0000] {logging_mixin.py:150} INFO - [2024-04-02T08:56:43.717+0000] {dagbag.py:541} INFO - Filling up the DagBag from /usr/local/python/3.10.13/lib/python3.10/site-packages/airflow/example_dags/tutorial_taskflow_api_virtualenv.py
[2024-04-02T08:56:43.742+0000] {processor.py:836} INFO - DAG(s) dict_keys(['tutorial_taskflow_api_virtualenv']) retrieved from /usr/local/python/3.10.13/lib/python3.10/site-packages/airflow/example_dags/tutorial_taskflow_api_virtualenv.py
[2024-04-02T08:56:43.895+0000] {logging_mixin.py:150} INFO - [2024-04-02T08:56:43.895+0000] {dag.py:2742} INFO - Sync 1 DAGs
[2024-04-02T08:56:43.916+0000] {logging_mixin.py:150} INFO - [2024-04-02T08:56:43.916+0000] {dag.py:3504} INFO - Setting next_dagrun for tutorial_taskflow_api_virtualenv to None, run_after=None
[2024-04-02T08:56:43.966+0000] {processor.py:179} INFO - Processing /usr/local/python/3.10.13/lib/python3.10/site-packages/airflow/example_dags/tutorial_taskflow_api_virtualenv.py took 0.262 seconds
[2024-04-02T08:57:45.472+0000] {processor.py:157} INFO - Started process (PID=12043) to work on /usr/local/python/3.10.13/lib/python3.10/site-packages/airflow/example_dags/tutorial_taskflow_api_virtualenv.py
[2024-04-02T08:57:45.473+0000] {processor.py:826} INFO - Processing file /usr/local/python/3.10.13/lib/python3.10/site-packages/airflow/example_dags/tutorial_taskflow_api_virtualenv.py for tasks to queue
[2024-04-02T08:57:45.475+0000] {logging_mixin.py:150} INFO - [2024-04-02T08:57:45.474+0000] {dagbag.py:541} INFO - Filling up the DagBag from /usr/local/python/3.10.13/lib/python3.10/site-packages/airflow/example_dags/tutorial_taskflow_api_virtualenv.py
[2024-04-02T08:57:45.484+0000] {processor.py:836} INFO - DAG(s) dict_keys(['tutorial_taskflow_api_virtualenv']) retrieved from /usr/local/python/3.10.13/lib/python3.10/site-packages/airflow/example_dags/tutorial_taskflow_api_virtualenv.py
[2024-04-02T08:57:45.500+0000] {logging_mixin.py:150} INFO - [2024-04-02T08:57:45.500+0000] {dag.py:2742} INFO - Sync 1 DAGs
[2024-04-02T08:57:45.522+0000] {logging_mixin.py:150} INFO - [2024-04-02T08:57:45.521+0000] {dag.py:3504} INFO - Setting next_dagrun for tutorial_taskflow_api_virtualenv to None, run_after=None
[2024-04-02T08:57:45.560+0000] {processor.py:179} INFO - Processing /usr/local/python/3.10.13/lib/python3.10/site-packages/airflow/example_dags/tutorial_taskflow_api_virtualenv.py took 0.092 seconds
[2024-04-02T08:58:39.912+0000] {processor.py:157} INFO - Started process (PID=12837) to work on /usr/local/python/3.10.13/lib/python3.10/site-packages/airflow/example_dags/tutorial_taskflow_api_virtualenv.py
[2024-04-02T08:58:39.913+0000] {processor.py:826} INFO - Processing file /usr/local/python/3.10.13/lib/python3.10/site-packages/airflow/example_dags/tutorial_taskflow_api_virtualenv.py for tasks to queue
[2024-04-02T08:58:39.914+0000] {logging_mixin.py:150} INFO - [2024-04-02T08:58:39.913+0000] {dagbag.py:541} INFO - Filling up the DagBag from /usr/local/python/3.10.13/lib/python3.10/site-packages/airflow/example_dags/tutorial_taskflow_api_virtualenv.py
[2024-04-02T08:58:39.919+0000] {processor.py:836} INFO - DAG(s) dict_keys(['tutorial_taskflow_api_virtualenv']) retrieved from /usr/local/python/3.10.13/lib/python3.10/site-packages/airflow/example_dags/tutorial_taskflow_api_virtualenv.py
[2024-04-02T08:58:39.931+0000] {logging_mixin.py:150} INFO - [2024-04-02T08:58:39.931+0000] {dag.py:2742} INFO - Sync 1 DAGs
[2024-04-02T08:58:39.948+0000] {logging_mixin.py:150} INFO - [2024-04-02T08:58:39.948+0000] {dag.py:3504} INFO - Setting next_dagrun for tutorial_taskflow_api_virtualenv to None, run_after=None
[2024-04-02T08:58:39.988+0000] {processor.py:179} INFO - Processing /usr/local/python/3.10.13/lib/python3.10/site-packages/airflow/example_dags/tutorial_taskflow_api_virtualenv.py took 0.078 seconds
[2024-04-02T08:59:38.304+0000] {processor.py:157} INFO - Started process (PID=13605) to work on /usr/local/python/3.10.13/lib/python3.10/site-packages/airflow/example_dags/tutorial_taskflow_api_virtualenv.py
[2024-04-02T08:59:38.304+0000] {processor.py:826} INFO - Processing file /usr/local/python/3.10.13/lib/python3.10/site-packages/airflow/example_dags/tutorial_taskflow_api_virtualenv.py for tasks to queue
[2024-04-02T08:59:38.305+0000] {logging_mixin.py:150} INFO - [2024-04-02T08:59:38.305+0000] {dagbag.py:541} INFO - Filling up the DagBag from /usr/local/python/3.10.13/lib/python3.10/site-packages/airflow/example_dags/tutorial_taskflow_api_virtualenv.py
[2024-04-02T08:59:38.313+0000] {processor.py:836} INFO - DAG(s) dict_keys(['tutorial_taskflow_api_virtualenv']) retrieved from /usr/local/python/3.10.13/lib/python3.10/site-packages/airflow/example_dags/tutorial_taskflow_api_virtualenv.py
[2024-04-02T08:59:38.332+0000] {logging_mixin.py:150} INFO - [2024-04-02T08:59:38.331+0000] {dag.py:2742} INFO - Sync 1 DAGs
[2024-04-02T08:59:38.348+0000] {logging_mixin.py:150} INFO - [2024-04-02T08:59:38.348+0000] {dag.py:3504} INFO - Setting next_dagrun for tutorial_taskflow_api_virtualenv to None, run_after=None
[2024-04-02T08:59:38.387+0000] {processor.py:179} INFO - Processing /usr/local/python/3.10.13/lib/python3.10/site-packages/airflow/example_dags/tutorial_taskflow_api_virtualenv.py took 0.086 seconds
[2024-04-02T09:00:39.628+0000] {processor.py:157} INFO - Started process (PID=14425) to work on /usr/local/python/3.10.13/lib/python3.10/site-packages/airflow/example_dags/tutorial_taskflow_api_virtualenv.py
[2024-04-02T09:00:39.629+0000] {processor.py:826} INFO - Processing file /usr/local/python/3.10.13/lib/python3.10/site-packages/airflow/example_dags/tutorial_taskflow_api_virtualenv.py for tasks to queue
[2024-04-02T09:00:39.630+0000] {logging_mixin.py:150} INFO - [2024-04-02T09:00:39.629+0000] {dagbag.py:541} INFO - Filling up the DagBag from /usr/local/python/3.10.13/lib/python3.10/site-packages/airflow/example_dags/tutorial_taskflow_api_virtualenv.py
[2024-04-02T09:00:39.637+0000] {processor.py:836} INFO - DAG(s) dict_keys(['tutorial_taskflow_api_virtualenv']) retrieved from /usr/local/python/3.10.13/lib/python3.10/site-packages/airflow/example_dags/tutorial_taskflow_api_virtualenv.py
[2024-04-02T09:00:39.656+0000] {logging_mixin.py:150} INFO - [2024-04-02T09:00:39.656+0000] {dag.py:2742} INFO - Sync 1 DAGs
[2024-04-02T09:00:39.681+0000] {logging_mixin.py:150} INFO - [2024-04-02T09:00:39.680+0000] {dag.py:3504} INFO - Setting next_dagrun for tutorial_taskflow_api_virtualenv to None, run_after=None
[2024-04-02T09:00:39.724+0000] {processor.py:179} INFO - Processing /usr/local/python/3.10.13/lib/python3.10/site-packages/airflow/example_dags/tutorial_taskflow_api_virtualenv.py took 0.099 seconds
[2024-04-02T09:01:29.247+0000] {processor.py:157} INFO - Started process (PID=14838) to work on /usr/local/python/3.10.13/lib/python3.10/site-packages/airflow/example_dags/tutorial_taskflow_api_virtualenv.py
[2024-04-02T09:01:29.248+0000] {processor.py:826} INFO - Processing file /usr/local/python/3.10.13/lib/python3.10/site-packages/airflow/example_dags/tutorial_taskflow_api_virtualenv.py for tasks to queue
[2024-04-02T09:01:29.249+0000] {logging_mixin.py:150} INFO - [2024-04-02T09:01:29.248+0000] {dagbag.py:541} INFO - Filling up the DagBag from /usr/local/python/3.10.13/lib/python3.10/site-packages/airflow/example_dags/tutorial_taskflow_api_virtualenv.py
[2024-04-02T09:01:29.256+0000] {processor.py:836} INFO - DAG(s) dict_keys(['tutorial_taskflow_api_virtualenv']) retrieved from /usr/local/python/3.10.13/lib/python3.10/site-packages/airflow/example_dags/tutorial_taskflow_api_virtualenv.py
[2024-04-02T09:01:29.274+0000] {logging_mixin.py:150} INFO - [2024-04-02T09:01:29.273+0000] {dag.py:2742} INFO - Sync 1 DAGs
[2024-04-02T09:01:29.295+0000] {logging_mixin.py:150} INFO - [2024-04-02T09:01:29.295+0000] {dag.py:3504} INFO - Setting next_dagrun for tutorial_taskflow_api_virtualenv to None, run_after=None
[2024-04-02T09:01:29.340+0000] {processor.py:179} INFO - Processing /usr/local/python/3.10.13/lib/python3.10/site-packages/airflow/example_dags/tutorial_taskflow_api_virtualenv.py took 0.096 seconds
[2024-04-02T09:02:08.701+0000] {processor.py:157} INFO - Started process (PID=15111) to work on /usr/local/python/3.10.13/lib/python3.10/site-packages/airflow/example_dags/tutorial_taskflow_api_virtualenv.py
[2024-04-02T09:02:08.702+0000] {processor.py:826} INFO - Processing file /usr/local/python/3.10.13/lib/python3.10/site-packages/airflow/example_dags/tutorial_taskflow_api_virtualenv.py for tasks to queue
[2024-04-02T09:02:08.703+0000] {logging_mixin.py:150} INFO - [2024-04-02T09:02:08.702+0000] {dagbag.py:541} INFO - Filling up the DagBag from /usr/local/python/3.10.13/lib/python3.10/site-packages/airflow/example_dags/tutorial_taskflow_api_virtualenv.py
[2024-04-02T09:02:08.708+0000] {processor.py:836} INFO - DAG(s) dict_keys(['tutorial_taskflow_api_virtualenv']) retrieved from /usr/local/python/3.10.13/lib/python3.10/site-packages/airflow/example_dags/tutorial_taskflow_api_virtualenv.py
[2024-04-02T09:02:08.721+0000] {logging_mixin.py:150} INFO - [2024-04-02T09:02:08.721+0000] {dag.py:2742} INFO - Sync 1 DAGs
[2024-04-02T09:02:08.736+0000] {logging_mixin.py:150} INFO - [2024-04-02T09:02:08.736+0000] {dag.py:3504} INFO - Setting next_dagrun for tutorial_taskflow_api_virtualenv to None, run_after=None
[2024-04-02T09:02:08.776+0000] {processor.py:179} INFO - Processing /usr/local/python/3.10.13/lib/python3.10/site-packages/airflow/example_dags/tutorial_taskflow_api_virtualenv.py took 0.077 seconds
[2024-04-02T09:02:47.580+0000] {processor.py:157} INFO - Started process (PID=15378) to work on /usr/local/python/3.10.13/lib/python3.10/site-packages/airflow/example_dags/tutorial_taskflow_api_virtualenv.py
[2024-04-02T09:02:47.581+0000] {processor.py:826} INFO - Processing file /usr/local/python/3.10.13/lib/python3.10/site-packages/airflow/example_dags/tutorial_taskflow_api_virtualenv.py for tasks to queue
[2024-04-02T09:02:47.582+0000] {logging_mixin.py:150} INFO - [2024-04-02T09:02:47.582+0000] {dagbag.py:541} INFO - Filling up the DagBag from /usr/local/python/3.10.13/lib/python3.10/site-packages/airflow/example_dags/tutorial_taskflow_api_virtualenv.py
[2024-04-02T09:02:47.587+0000] {processor.py:836} INFO - DAG(s) dict_keys(['tutorial_taskflow_api_virtualenv']) retrieved from /usr/local/python/3.10.13/lib/python3.10/site-packages/airflow/example_dags/tutorial_taskflow_api_virtualenv.py
[2024-04-02T09:02:47.599+0000] {logging_mixin.py:150} INFO - [2024-04-02T09:02:47.599+0000] {dag.py:2742} INFO - Sync 1 DAGs
[2024-04-02T09:02:47.614+0000] {logging_mixin.py:150} INFO - [2024-04-02T09:02:47.613+0000] {dag.py:3504} INFO - Setting next_dagrun for tutorial_taskflow_api_virtualenv to None, run_after=None
[2024-04-02T09:02:47.651+0000] {processor.py:179} INFO - Processing /usr/local/python/3.10.13/lib/python3.10/site-packages/airflow/example_dags/tutorial_taskflow_api_virtualenv.py took 0.073 seconds
[2024-04-02T09:03:26.343+0000] {processor.py:157} INFO - Started process (PID=15651) to work on /usr/local/python/3.10.13/lib/python3.10/site-packages/airflow/example_dags/tutorial_taskflow_api_virtualenv.py
[2024-04-02T09:03:26.344+0000] {processor.py:826} INFO - Processing file /usr/local/python/3.10.13/lib/python3.10/site-packages/airflow/example_dags/tutorial_taskflow_api_virtualenv.py for tasks to queue
[2024-04-02T09:03:26.345+0000] {logging_mixin.py:150} INFO - [2024-04-02T09:03:26.345+0000] {dagbag.py:541} INFO - Filling up the DagBag from /usr/local/python/3.10.13/lib/python3.10/site-packages/airflow/example_dags/tutorial_taskflow_api_virtualenv.py
[2024-04-02T09:03:26.354+0000] {processor.py:836} INFO - DAG(s) dict_keys(['tutorial_taskflow_api_virtualenv']) retrieved from /usr/local/python/3.10.13/lib/python3.10/site-packages/airflow/example_dags/tutorial_taskflow_api_virtualenv.py
[2024-04-02T09:03:26.373+0000] {logging_mixin.py:150} INFO - [2024-04-02T09:03:26.372+0000] {dag.py:2742} INFO - Sync 1 DAGs
[2024-04-02T09:03:26.398+0000] {logging_mixin.py:150} INFO - [2024-04-02T09:03:26.398+0000] {dag.py:3504} INFO - Setting next_dagrun for tutorial_taskflow_api_virtualenv to None, run_after=None
[2024-04-02T09:03:26.446+0000] {processor.py:179} INFO - Processing /usr/local/python/3.10.13/lib/python3.10/site-packages/airflow/example_dags/tutorial_taskflow_api_virtualenv.py took 0.107 seconds
[2024-04-02T09:04:06.252+0000] {processor.py:157} INFO - Started process (PID=15927) to work on /usr/local/python/3.10.13/lib/python3.10/site-packages/airflow/example_dags/tutorial_taskflow_api_virtualenv.py
[2024-04-02T09:04:06.253+0000] {processor.py:826} INFO - Processing file /usr/local/python/3.10.13/lib/python3.10/site-packages/airflow/example_dags/tutorial_taskflow_api_virtualenv.py for tasks to queue
[2024-04-02T09:04:06.254+0000] {logging_mixin.py:150} INFO - [2024-04-02T09:04:06.253+0000] {dagbag.py:541} INFO - Filling up the DagBag from /usr/local/python/3.10.13/lib/python3.10/site-packages/airflow/example_dags/tutorial_taskflow_api_virtualenv.py
[2024-04-02T09:04:06.259+0000] {processor.py:836} INFO - DAG(s) dict_keys(['tutorial_taskflow_api_virtualenv']) retrieved from /usr/local/python/3.10.13/lib/python3.10/site-packages/airflow/example_dags/tutorial_taskflow_api_virtualenv.py
[2024-04-02T09:04:06.271+0000] {logging_mixin.py:150} INFO - [2024-04-02T09:04:06.271+0000] {dag.py:2742} INFO - Sync 1 DAGs
[2024-04-02T09:04:06.287+0000] {logging_mixin.py:150} INFO - [2024-04-02T09:04:06.286+0000] {dag.py:3504} INFO - Setting next_dagrun for tutorial_taskflow_api_virtualenv to None, run_after=None
[2024-04-02T09:04:06.324+0000] {processor.py:179} INFO - Processing /usr/local/python/3.10.13/lib/python3.10/site-packages/airflow/example_dags/tutorial_taskflow_api_virtualenv.py took 0.075 seconds
[2024-04-02T09:04:41.877+0000] {processor.py:157} INFO - Started process (PID=16183) to work on /usr/local/python/3.10.13/lib/python3.10/site-packages/airflow/example_dags/tutorial_taskflow_api_virtualenv.py
[2024-04-02T09:04:41.877+0000] {processor.py:826} INFO - Processing file /usr/local/python/3.10.13/lib/python3.10/site-packages/airflow/example_dags/tutorial_taskflow_api_virtualenv.py for tasks to queue
[2024-04-02T09:04:41.878+0000] {logging_mixin.py:150} INFO - [2024-04-02T09:04:41.878+0000] {dagbag.py:541} INFO - Filling up the DagBag from /usr/local/python/3.10.13/lib/python3.10/site-packages/airflow/example_dags/tutorial_taskflow_api_virtualenv.py
[2024-04-02T09:04:41.884+0000] {processor.py:836} INFO - DAG(s) dict_keys(['tutorial_taskflow_api_virtualenv']) retrieved from /usr/local/python/3.10.13/lib/python3.10/site-packages/airflow/example_dags/tutorial_taskflow_api_virtualenv.py
[2024-04-02T09:04:41.896+0000] {logging_mixin.py:150} INFO - [2024-04-02T09:04:41.895+0000] {dag.py:2742} INFO - Sync 1 DAGs
[2024-04-02T09:04:41.911+0000] {logging_mixin.py:150} INFO - [2024-04-02T09:04:41.911+0000] {dag.py:3504} INFO - Setting next_dagrun for tutorial_taskflow_api_virtualenv to None, run_after=None
[2024-04-02T09:04:41.952+0000] {processor.py:179} INFO - Processing /usr/local/python/3.10.13/lib/python3.10/site-packages/airflow/example_dags/tutorial_taskflow_api_virtualenv.py took 0.077 seconds
[2024-04-02T09:05:19.993+0000] {processor.py:157} INFO - Started process (PID=16452) to work on /usr/local/python/3.10.13/lib/python3.10/site-packages/airflow/example_dags/tutorial_taskflow_api_virtualenv.py
[2024-04-02T09:05:19.994+0000] {processor.py:826} INFO - Processing file /usr/local/python/3.10.13/lib/python3.10/site-packages/airflow/example_dags/tutorial_taskflow_api_virtualenv.py for tasks to queue
[2024-04-02T09:05:19.994+0000] {logging_mixin.py:150} INFO - [2024-04-02T09:05:19.994+0000] {dagbag.py:541} INFO - Filling up the DagBag from /usr/local/python/3.10.13/lib/python3.10/site-packages/airflow/example_dags/tutorial_taskflow_api_virtualenv.py
[2024-04-02T09:05:20.000+0000] {processor.py:836} INFO - DAG(s) dict_keys(['tutorial_taskflow_api_virtualenv']) retrieved from /usr/local/python/3.10.13/lib/python3.10/site-packages/airflow/example_dags/tutorial_taskflow_api_virtualenv.py
[2024-04-02T09:05:20.012+0000] {logging_mixin.py:150} INFO - [2024-04-02T09:05:20.012+0000] {dag.py:2742} INFO - Sync 1 DAGs
[2024-04-02T09:05:20.027+0000] {logging_mixin.py:150} INFO - [2024-04-02T09:05:20.027+0000] {dag.py:3504} INFO - Setting next_dagrun for tutorial_taskflow_api_virtualenv to None, run_after=None
[2024-04-02T09:05:20.071+0000] {processor.py:179} INFO - Processing /usr/local/python/3.10.13/lib/python3.10/site-packages/airflow/example_dags/tutorial_taskflow_api_virtualenv.py took 0.080 seconds
[2024-04-02T09:06:02.763+0000] {processor.py:157} INFO - Started process (PID=16750) to work on /usr/local/python/3.10.13/lib/python3.10/site-packages/airflow/example_dags/tutorial_taskflow_api_virtualenv.py
[2024-04-02T09:06:02.764+0000] {processor.py:826} INFO - Processing file /usr/local/python/3.10.13/lib/python3.10/site-packages/airflow/example_dags/tutorial_taskflow_api_virtualenv.py for tasks to queue
[2024-04-02T09:06:02.765+0000] {logging_mixin.py:150} INFO - [2024-04-02T09:06:02.765+0000] {dagbag.py:541} INFO - Filling up the DagBag from /usr/local/python/3.10.13/lib/python3.10/site-packages/airflow/example_dags/tutorial_taskflow_api_virtualenv.py
[2024-04-02T09:06:02.774+0000] {processor.py:836} INFO - DAG(s) dict_keys(['tutorial_taskflow_api_virtualenv']) retrieved from /usr/local/python/3.10.13/lib/python3.10/site-packages/airflow/example_dags/tutorial_taskflow_api_virtualenv.py
[2024-04-02T09:06:02.792+0000] {logging_mixin.py:150} INFO - [2024-04-02T09:06:02.792+0000] {dag.py:2742} INFO - Sync 1 DAGs
[2024-04-02T09:06:02.817+0000] {logging_mixin.py:150} INFO - [2024-04-02T09:06:02.817+0000] {dag.py:3504} INFO - Setting next_dagrun for tutorial_taskflow_api_virtualenv to None, run_after=None
[2024-04-02T09:06:02.863+0000] {processor.py:179} INFO - Processing /usr/local/python/3.10.13/lib/python3.10/site-packages/airflow/example_dags/tutorial_taskflow_api_virtualenv.py took 0.103 seconds
[2024-04-02T09:06:43.563+0000] {processor.py:157} INFO - Started process (PID=17443) to work on /usr/local/python/3.10.13/lib/python3.10/site-packages/airflow/example_dags/tutorial_taskflow_api_virtualenv.py
[2024-04-02T09:06:43.564+0000] {processor.py:826} INFO - Processing file /usr/local/python/3.10.13/lib/python3.10/site-packages/airflow/example_dags/tutorial_taskflow_api_virtualenv.py for tasks to queue
[2024-04-02T09:06:43.565+0000] {logging_mixin.py:150} INFO - [2024-04-02T09:06:43.565+0000] {dagbag.py:541} INFO - Filling up the DagBag from /usr/local/python/3.10.13/lib/python3.10/site-packages/airflow/example_dags/tutorial_taskflow_api_virtualenv.py
[2024-04-02T09:06:43.570+0000] {processor.py:836} INFO - DAG(s) dict_keys(['tutorial_taskflow_api_virtualenv']) retrieved from /usr/local/python/3.10.13/lib/python3.10/site-packages/airflow/example_dags/tutorial_taskflow_api_virtualenv.py
[2024-04-02T09:06:43.584+0000] {logging_mixin.py:150} INFO - [2024-04-02T09:06:43.584+0000] {dag.py:2742} INFO - Sync 1 DAGs
[2024-04-02T09:06:43.601+0000] {logging_mixin.py:150} INFO - [2024-04-02T09:06:43.601+0000] {dag.py:3504} INFO - Setting next_dagrun for tutorial_taskflow_api_virtualenv to None, run_after=None
[2024-04-02T09:06:43.647+0000] {processor.py:179} INFO - Processing /usr/local/python/3.10.13/lib/python3.10/site-packages/airflow/example_dags/tutorial_taskflow_api_virtualenv.py took 0.086 seconds
[2024-04-02T09:07:24.925+0000] {processor.py:157} INFO - Started process (PID=17733) to work on /usr/local/python/3.10.13/lib/python3.10/site-packages/airflow/example_dags/tutorial_taskflow_api_virtualenv.py
[2024-04-02T09:07:24.926+0000] {processor.py:826} INFO - Processing file /usr/local/python/3.10.13/lib/python3.10/site-packages/airflow/example_dags/tutorial_taskflow_api_virtualenv.py for tasks to queue
[2024-04-02T09:07:24.926+0000] {logging_mixin.py:150} INFO - [2024-04-02T09:07:24.926+0000] {dagbag.py:541} INFO - Filling up the DagBag from /usr/local/python/3.10.13/lib/python3.10/site-packages/airflow/example_dags/tutorial_taskflow_api_virtualenv.py
[2024-04-02T09:07:24.932+0000] {processor.py:836} INFO - DAG(s) dict_keys(['tutorial_taskflow_api_virtualenv']) retrieved from /usr/local/python/3.10.13/lib/python3.10/site-packages/airflow/example_dags/tutorial_taskflow_api_virtualenv.py
[2024-04-02T09:07:24.944+0000] {logging_mixin.py:150} INFO - [2024-04-02T09:07:24.944+0000] {dag.py:2742} INFO - Sync 1 DAGs
[2024-04-02T09:07:24.959+0000] {logging_mixin.py:150} INFO - [2024-04-02T09:07:24.959+0000] {dag.py:3504} INFO - Setting next_dagrun for tutorial_taskflow_api_virtualenv to None, run_after=None
[2024-04-02T09:07:24.998+0000] {processor.py:179} INFO - Processing /usr/local/python/3.10.13/lib/python3.10/site-packages/airflow/example_dags/tutorial_taskflow_api_virtualenv.py took 0.075 seconds
[2024-04-02T09:08:03.930+0000] {processor.py:157} INFO - Started process (PID=18005) to work on /usr/local/python/3.10.13/lib/python3.10/site-packages/airflow/example_dags/tutorial_taskflow_api_virtualenv.py
[2024-04-02T09:08:03.930+0000] {processor.py:826} INFO - Processing file /usr/local/python/3.10.13/lib/python3.10/site-packages/airflow/example_dags/tutorial_taskflow_api_virtualenv.py for tasks to queue
[2024-04-02T09:08:03.931+0000] {logging_mixin.py:150} INFO - [2024-04-02T09:08:03.931+0000] {dagbag.py:541} INFO - Filling up the DagBag from /usr/local/python/3.10.13/lib/python3.10/site-packages/airflow/example_dags/tutorial_taskflow_api_virtualenv.py
[2024-04-02T09:08:03.937+0000] {processor.py:836} INFO - DAG(s) dict_keys(['tutorial_taskflow_api_virtualenv']) retrieved from /usr/local/python/3.10.13/lib/python3.10/site-packages/airflow/example_dags/tutorial_taskflow_api_virtualenv.py
[2024-04-02T09:08:03.949+0000] {logging_mixin.py:150} INFO - [2024-04-02T09:08:03.949+0000] {dag.py:2742} INFO - Sync 1 DAGs
[2024-04-02T09:08:03.964+0000] {logging_mixin.py:150} INFO - [2024-04-02T09:08:03.964+0000] {dag.py:3504} INFO - Setting next_dagrun for tutorial_taskflow_api_virtualenv to None, run_after=None
[2024-04-02T09:08:04.005+0000] {processor.py:179} INFO - Processing /usr/local/python/3.10.13/lib/python3.10/site-packages/airflow/example_dags/tutorial_taskflow_api_virtualenv.py took 0.077 seconds
[2024-04-02T09:08:56.556+0000] {processor.py:157} INFO - Started process (PID=18360) to work on /usr/local/python/3.10.13/lib/python3.10/site-packages/airflow/example_dags/tutorial_taskflow_api_virtualenv.py
[2024-04-02T09:08:56.557+0000] {processor.py:826} INFO - Processing file /usr/local/python/3.10.13/lib/python3.10/site-packages/airflow/example_dags/tutorial_taskflow_api_virtualenv.py for tasks to queue
[2024-04-02T09:08:56.558+0000] {logging_mixin.py:150} INFO - [2024-04-02T09:08:56.558+0000] {dagbag.py:541} INFO - Filling up the DagBag from /usr/local/python/3.10.13/lib/python3.10/site-packages/airflow/example_dags/tutorial_taskflow_api_virtualenv.py
[2024-04-02T09:08:56.566+0000] {processor.py:836} INFO - DAG(s) dict_keys(['tutorial_taskflow_api_virtualenv']) retrieved from /usr/local/python/3.10.13/lib/python3.10/site-packages/airflow/example_dags/tutorial_taskflow_api_virtualenv.py
[2024-04-02T09:08:56.584+0000] {logging_mixin.py:150} INFO - [2024-04-02T09:08:56.584+0000] {dag.py:2742} INFO - Sync 1 DAGs
[2024-04-02T09:08:56.607+0000] {logging_mixin.py:150} INFO - [2024-04-02T09:08:56.607+0000] {dag.py:3504} INFO - Setting next_dagrun for tutorial_taskflow_api_virtualenv to None, run_after=None
[2024-04-02T09:08:56.652+0000] {processor.py:179} INFO - Processing /usr/local/python/3.10.13/lib/python3.10/site-packages/airflow/example_dags/tutorial_taskflow_api_virtualenv.py took 0.100 seconds
[2024-04-02T09:09:35.160+0000] {processor.py:157} INFO - Started process (PID=18653) to work on /usr/local/python/3.10.13/lib/python3.10/site-packages/airflow/example_dags/tutorial_taskflow_api_virtualenv.py
[2024-04-02T09:09:35.167+0000] {processor.py:826} INFO - Processing file /usr/local/python/3.10.13/lib/python3.10/site-packages/airflow/example_dags/tutorial_taskflow_api_virtualenv.py for tasks to queue
[2024-04-02T09:09:35.169+0000] {logging_mixin.py:150} INFO - [2024-04-02T09:09:35.169+0000] {dagbag.py:541} INFO - Filling up the DagBag from /usr/local/python/3.10.13/lib/python3.10/site-packages/airflow/example_dags/tutorial_taskflow_api_virtualenv.py
[2024-04-02T09:09:35.185+0000] {processor.py:836} INFO - DAG(s) dict_keys(['tutorial_taskflow_api_virtualenv']) retrieved from /usr/local/python/3.10.13/lib/python3.10/site-packages/airflow/example_dags/tutorial_taskflow_api_virtualenv.py
[2024-04-02T09:09:35.209+0000] {logging_mixin.py:150} INFO - [2024-04-02T09:09:35.209+0000] {dag.py:2742} INFO - Sync 1 DAGs
[2024-04-02T09:09:35.235+0000] {logging_mixin.py:150} INFO - [2024-04-02T09:09:35.234+0000] {dag.py:3504} INFO - Setting next_dagrun for tutorial_taskflow_api_virtualenv to None, run_after=None
[2024-04-02T09:09:35.286+0000] {processor.py:179} INFO - Processing /usr/local/python/3.10.13/lib/python3.10/site-packages/airflow/example_dags/tutorial_taskflow_api_virtualenv.py took 0.129 seconds
[2024-04-02T09:10:13.019+0000] {processor.py:157} INFO - Started process (PID=18916) to work on /usr/local/python/3.10.13/lib/python3.10/site-packages/airflow/example_dags/tutorial_taskflow_api_virtualenv.py
[2024-04-02T09:10:13.020+0000] {processor.py:826} INFO - Processing file /usr/local/python/3.10.13/lib/python3.10/site-packages/airflow/example_dags/tutorial_taskflow_api_virtualenv.py for tasks to queue
[2024-04-02T09:10:13.021+0000] {logging_mixin.py:150} INFO - [2024-04-02T09:10:13.021+0000] {dagbag.py:541} INFO - Filling up the DagBag from /usr/local/python/3.10.13/lib/python3.10/site-packages/airflow/example_dags/tutorial_taskflow_api_virtualenv.py
[2024-04-02T09:10:13.026+0000] {processor.py:836} INFO - DAG(s) dict_keys(['tutorial_taskflow_api_virtualenv']) retrieved from /usr/local/python/3.10.13/lib/python3.10/site-packages/airflow/example_dags/tutorial_taskflow_api_virtualenv.py
[2024-04-02T09:10:13.038+0000] {logging_mixin.py:150} INFO - [2024-04-02T09:10:13.038+0000] {dag.py:2742} INFO - Sync 1 DAGs
[2024-04-02T09:10:13.053+0000] {logging_mixin.py:150} INFO - [2024-04-02T09:10:13.053+0000] {dag.py:3504} INFO - Setting next_dagrun for tutorial_taskflow_api_virtualenv to None, run_after=None
[2024-04-02T09:10:13.092+0000] {processor.py:179} INFO - Processing /usr/local/python/3.10.13/lib/python3.10/site-packages/airflow/example_dags/tutorial_taskflow_api_virtualenv.py took 0.075 seconds
[2024-04-02T09:10:53.304+0000] {processor.py:157} INFO - Started process (PID=19167) to work on /usr/local/python/3.10.13/lib/python3.10/site-packages/airflow/example_dags/tutorial_taskflow_api_virtualenv.py
[2024-04-02T09:10:53.305+0000] {processor.py:826} INFO - Processing file /usr/local/python/3.10.13/lib/python3.10/site-packages/airflow/example_dags/tutorial_taskflow_api_virtualenv.py for tasks to queue
[2024-04-02T09:10:53.305+0000] {logging_mixin.py:150} INFO - [2024-04-02T09:10:53.305+0000] {dagbag.py:541} INFO - Filling up the DagBag from /usr/local/python/3.10.13/lib/python3.10/site-packages/airflow/example_dags/tutorial_taskflow_api_virtualenv.py
[2024-04-02T09:10:53.311+0000] {processor.py:836} INFO - DAG(s) dict_keys(['tutorial_taskflow_api_virtualenv']) retrieved from /usr/local/python/3.10.13/lib/python3.10/site-packages/airflow/example_dags/tutorial_taskflow_api_virtualenv.py
[2024-04-02T09:10:53.323+0000] {logging_mixin.py:150} INFO - [2024-04-02T09:10:53.323+0000] {dag.py:2742} INFO - Sync 1 DAGs
[2024-04-02T09:10:53.338+0000] {logging_mixin.py:150} INFO - [2024-04-02T09:10:53.338+0000] {dag.py:3504} INFO - Setting next_dagrun for tutorial_taskflow_api_virtualenv to None, run_after=None
[2024-04-02T09:10:53.378+0000] {processor.py:179} INFO - Processing /usr/local/python/3.10.13/lib/python3.10/site-packages/airflow/example_dags/tutorial_taskflow_api_virtualenv.py took 0.076 seconds
[2024-04-02T09:11:32.300+0000] {processor.py:157} INFO - Started process (PID=19437) to work on /usr/local/python/3.10.13/lib/python3.10/site-packages/airflow/example_dags/tutorial_taskflow_api_virtualenv.py
[2024-04-02T09:11:32.301+0000] {processor.py:826} INFO - Processing file /usr/local/python/3.10.13/lib/python3.10/site-packages/airflow/example_dags/tutorial_taskflow_api_virtualenv.py for tasks to queue
[2024-04-02T09:11:32.302+0000] {logging_mixin.py:150} INFO - [2024-04-02T09:11:32.301+0000] {dagbag.py:541} INFO - Filling up the DagBag from /usr/local/python/3.10.13/lib/python3.10/site-packages/airflow/example_dags/tutorial_taskflow_api_virtualenv.py
[2024-04-02T09:11:32.307+0000] {processor.py:836} INFO - DAG(s) dict_keys(['tutorial_taskflow_api_virtualenv']) retrieved from /usr/local/python/3.10.13/lib/python3.10/site-packages/airflow/example_dags/tutorial_taskflow_api_virtualenv.py
[2024-04-02T09:11:32.319+0000] {logging_mixin.py:150} INFO - [2024-04-02T09:11:32.319+0000] {dag.py:2742} INFO - Sync 1 DAGs
[2024-04-02T09:11:32.333+0000] {logging_mixin.py:150} INFO - [2024-04-02T09:11:32.333+0000] {dag.py:3504} INFO - Setting next_dagrun for tutorial_taskflow_api_virtualenv to None, run_after=None
[2024-04-02T09:11:32.371+0000] {processor.py:179} INFO - Processing /usr/local/python/3.10.13/lib/python3.10/site-packages/airflow/example_dags/tutorial_taskflow_api_virtualenv.py took 0.073 seconds
[2024-04-02T09:12:11.410+0000] {processor.py:157} INFO - Started process (PID=19705) to work on /usr/local/python/3.10.13/lib/python3.10/site-packages/airflow/example_dags/tutorial_taskflow_api_virtualenv.py
[2024-04-02T09:12:11.411+0000] {processor.py:826} INFO - Processing file /usr/local/python/3.10.13/lib/python3.10/site-packages/airflow/example_dags/tutorial_taskflow_api_virtualenv.py for tasks to queue
[2024-04-02T09:12:11.412+0000] {logging_mixin.py:150} INFO - [2024-04-02T09:12:11.412+0000] {dagbag.py:541} INFO - Filling up the DagBag from /usr/local/python/3.10.13/lib/python3.10/site-packages/airflow/example_dags/tutorial_taskflow_api_virtualenv.py
[2024-04-02T09:12:11.420+0000] {processor.py:836} INFO - DAG(s) dict_keys(['tutorial_taskflow_api_virtualenv']) retrieved from /usr/local/python/3.10.13/lib/python3.10/site-packages/airflow/example_dags/tutorial_taskflow_api_virtualenv.py
[2024-04-02T09:12:11.440+0000] {logging_mixin.py:150} INFO - [2024-04-02T09:12:11.439+0000] {dag.py:2742} INFO - Sync 1 DAGs
[2024-04-02T09:12:11.465+0000] {logging_mixin.py:150} INFO - [2024-04-02T09:12:11.464+0000] {dag.py:3504} INFO - Setting next_dagrun for tutorial_taskflow_api_virtualenv to None, run_after=None
[2024-04-02T09:12:11.514+0000] {processor.py:179} INFO - Processing /usr/local/python/3.10.13/lib/python3.10/site-packages/airflow/example_dags/tutorial_taskflow_api_virtualenv.py took 0.108 seconds
[2024-04-02T09:12:52.446+0000] {processor.py:157} INFO - Started process (PID=19982) to work on /usr/local/python/3.10.13/lib/python3.10/site-packages/airflow/example_dags/tutorial_taskflow_api_virtualenv.py
[2024-04-02T09:12:52.447+0000] {processor.py:826} INFO - Processing file /usr/local/python/3.10.13/lib/python3.10/site-packages/airflow/example_dags/tutorial_taskflow_api_virtualenv.py for tasks to queue
[2024-04-02T09:12:52.447+0000] {logging_mixin.py:150} INFO - [2024-04-02T09:12:52.447+0000] {dagbag.py:541} INFO - Filling up the DagBag from /usr/local/python/3.10.13/lib/python3.10/site-packages/airflow/example_dags/tutorial_taskflow_api_virtualenv.py
[2024-04-02T09:12:52.453+0000] {processor.py:836} INFO - DAG(s) dict_keys(['tutorial_taskflow_api_virtualenv']) retrieved from /usr/local/python/3.10.13/lib/python3.10/site-packages/airflow/example_dags/tutorial_taskflow_api_virtualenv.py
[2024-04-02T09:12:52.465+0000] {logging_mixin.py:150} INFO - [2024-04-02T09:12:52.465+0000] {dag.py:2742} INFO - Sync 1 DAGs
[2024-04-02T09:12:52.487+0000] {logging_mixin.py:150} INFO - [2024-04-02T09:12:52.487+0000] {dag.py:3504} INFO - Setting next_dagrun for tutorial_taskflow_api_virtualenv to None, run_after=None
[2024-04-02T09:12:52.534+0000] {processor.py:179} INFO - Processing /usr/local/python/3.10.13/lib/python3.10/site-packages/airflow/example_dags/tutorial_taskflow_api_virtualenv.py took 0.091 seconds
[2024-04-02T09:13:30.416+0000] {processor.py:157} INFO - Started process (PID=20244) to work on /usr/local/python/3.10.13/lib/python3.10/site-packages/airflow/example_dags/tutorial_taskflow_api_virtualenv.py
[2024-04-02T09:13:30.417+0000] {processor.py:826} INFO - Processing file /usr/local/python/3.10.13/lib/python3.10/site-packages/airflow/example_dags/tutorial_taskflow_api_virtualenv.py for tasks to queue
[2024-04-02T09:13:30.418+0000] {logging_mixin.py:150} INFO - [2024-04-02T09:13:30.417+0000] {dagbag.py:541} INFO - Filling up the DagBag from /usr/local/python/3.10.13/lib/python3.10/site-packages/airflow/example_dags/tutorial_taskflow_api_virtualenv.py
[2024-04-02T09:13:30.423+0000] {processor.py:836} INFO - DAG(s) dict_keys(['tutorial_taskflow_api_virtualenv']) retrieved from /usr/local/python/3.10.13/lib/python3.10/site-packages/airflow/example_dags/tutorial_taskflow_api_virtualenv.py
[2024-04-02T09:13:30.435+0000] {logging_mixin.py:150} INFO - [2024-04-02T09:13:30.435+0000] {dag.py:2742} INFO - Sync 1 DAGs
[2024-04-02T09:13:30.451+0000] {logging_mixin.py:150} INFO - [2024-04-02T09:13:30.450+0000] {dag.py:3504} INFO - Setting next_dagrun for tutorial_taskflow_api_virtualenv to None, run_after=None
[2024-04-02T09:13:30.490+0000] {processor.py:179} INFO - Processing /usr/local/python/3.10.13/lib/python3.10/site-packages/airflow/example_dags/tutorial_taskflow_api_virtualenv.py took 0.076 seconds
[2024-04-02T09:14:07.034+0000] {processor.py:157} INFO - Started process (PID=20492) to work on /usr/local/python/3.10.13/lib/python3.10/site-packages/airflow/example_dags/tutorial_taskflow_api_virtualenv.py
[2024-04-02T09:14:07.035+0000] {processor.py:826} INFO - Processing file /usr/local/python/3.10.13/lib/python3.10/site-packages/airflow/example_dags/tutorial_taskflow_api_virtualenv.py for tasks to queue
[2024-04-02T09:14:07.037+0000] {logging_mixin.py:150} INFO - [2024-04-02T09:14:07.036+0000] {dagbag.py:541} INFO - Filling up the DagBag from /usr/local/python/3.10.13/lib/python3.10/site-packages/airflow/example_dags/tutorial_taskflow_api_virtualenv.py
[2024-04-02T09:14:07.045+0000] {processor.py:836} INFO - DAG(s) dict_keys(['tutorial_taskflow_api_virtualenv']) retrieved from /usr/local/python/3.10.13/lib/python3.10/site-packages/airflow/example_dags/tutorial_taskflow_api_virtualenv.py
[2024-04-02T09:14:07.064+0000] {logging_mixin.py:150} INFO - [2024-04-02T09:14:07.063+0000] {dag.py:2742} INFO - Sync 1 DAGs
[2024-04-02T09:14:07.089+0000] {logging_mixin.py:150} INFO - [2024-04-02T09:14:07.089+0000] {dag.py:3504} INFO - Setting next_dagrun for tutorial_taskflow_api_virtualenv to None, run_after=None
[2024-04-02T09:14:07.132+0000] {processor.py:179} INFO - Processing /usr/local/python/3.10.13/lib/python3.10/site-packages/airflow/example_dags/tutorial_taskflow_api_virtualenv.py took 0.101 seconds
[2024-04-02T09:14:43.574+0000] {processor.py:157} INFO - Started process (PID=20771) to work on /usr/local/python/3.10.13/lib/python3.10/site-packages/airflow/example_dags/tutorial_taskflow_api_virtualenv.py
[2024-04-02T09:14:43.574+0000] {processor.py:826} INFO - Processing file /usr/local/python/3.10.13/lib/python3.10/site-packages/airflow/example_dags/tutorial_taskflow_api_virtualenv.py for tasks to queue
[2024-04-02T09:14:43.575+0000] {logging_mixin.py:150} INFO - [2024-04-02T09:14:43.575+0000] {dagbag.py:541} INFO - Filling up the DagBag from /usr/local/python/3.10.13/lib/python3.10/site-packages/airflow/example_dags/tutorial_taskflow_api_virtualenv.py
[2024-04-02T09:14:43.581+0000] {processor.py:836} INFO - DAG(s) dict_keys(['tutorial_taskflow_api_virtualenv']) retrieved from /usr/local/python/3.10.13/lib/python3.10/site-packages/airflow/example_dags/tutorial_taskflow_api_virtualenv.py
[2024-04-02T09:14:43.592+0000] {logging_mixin.py:150} INFO - [2024-04-02T09:14:43.592+0000] {dag.py:2742} INFO - Sync 1 DAGs
[2024-04-02T09:14:43.609+0000] {logging_mixin.py:150} INFO - [2024-04-02T09:14:43.609+0000] {dag.py:3504} INFO - Setting next_dagrun for tutorial_taskflow_api_virtualenv to None, run_after=None
[2024-04-02T09:14:43.647+0000] {processor.py:179} INFO - Processing /usr/local/python/3.10.13/lib/python3.10/site-packages/airflow/example_dags/tutorial_taskflow_api_virtualenv.py took 0.076 seconds
[2024-04-02T09:15:34.098+0000] {processor.py:157} INFO - Started process (PID=21121) to work on /usr/local/python/3.10.13/lib/python3.10/site-packages/airflow/example_dags/tutorial_taskflow_api_virtualenv.py
[2024-04-02T09:15:34.099+0000] {processor.py:826} INFO - Processing file /usr/local/python/3.10.13/lib/python3.10/site-packages/airflow/example_dags/tutorial_taskflow_api_virtualenv.py for tasks to queue
[2024-04-02T09:15:34.100+0000] {logging_mixin.py:150} INFO - [2024-04-02T09:15:34.100+0000] {dagbag.py:541} INFO - Filling up the DagBag from /usr/local/python/3.10.13/lib/python3.10/site-packages/airflow/example_dags/tutorial_taskflow_api_virtualenv.py
[2024-04-02T09:15:34.108+0000] {processor.py:836} INFO - DAG(s) dict_keys(['tutorial_taskflow_api_virtualenv']) retrieved from /usr/local/python/3.10.13/lib/python3.10/site-packages/airflow/example_dags/tutorial_taskflow_api_virtualenv.py
[2024-04-02T09:15:34.125+0000] {logging_mixin.py:150} INFO - [2024-04-02T09:15:34.125+0000] {dag.py:2742} INFO - Sync 1 DAGs
[2024-04-02T09:15:34.149+0000] {logging_mixin.py:150} INFO - [2024-04-02T09:15:34.149+0000] {dag.py:3504} INFO - Setting next_dagrun for tutorial_taskflow_api_virtualenv to None, run_after=None
[2024-04-02T09:15:34.194+0000] {processor.py:179} INFO - Processing /usr/local/python/3.10.13/lib/python3.10/site-packages/airflow/example_dags/tutorial_taskflow_api_virtualenv.py took 0.099 seconds
[2024-04-02T09:16:12.151+0000] {processor.py:157} INFO - Started process (PID=21391) to work on /usr/local/python/3.10.13/lib/python3.10/site-packages/airflow/example_dags/tutorial_taskflow_api_virtualenv.py
[2024-04-02T09:16:12.152+0000] {processor.py:826} INFO - Processing file /usr/local/python/3.10.13/lib/python3.10/site-packages/airflow/example_dags/tutorial_taskflow_api_virtualenv.py for tasks to queue
[2024-04-02T09:16:12.153+0000] {logging_mixin.py:150} INFO - [2024-04-02T09:16:12.152+0000] {dagbag.py:541} INFO - Filling up the DagBag from /usr/local/python/3.10.13/lib/python3.10/site-packages/airflow/example_dags/tutorial_taskflow_api_virtualenv.py
[2024-04-02T09:16:12.158+0000] {processor.py:836} INFO - DAG(s) dict_keys(['tutorial_taskflow_api_virtualenv']) retrieved from /usr/local/python/3.10.13/lib/python3.10/site-packages/airflow/example_dags/tutorial_taskflow_api_virtualenv.py
[2024-04-02T09:16:12.170+0000] {logging_mixin.py:150} INFO - [2024-04-02T09:16:12.170+0000] {dag.py:2742} INFO - Sync 1 DAGs
[2024-04-02T09:16:12.185+0000] {logging_mixin.py:150} INFO - [2024-04-02T09:16:12.185+0000] {dag.py:3504} INFO - Setting next_dagrun for tutorial_taskflow_api_virtualenv to None, run_after=None
[2024-04-02T09:16:12.225+0000] {processor.py:179} INFO - Processing /usr/local/python/3.10.13/lib/python3.10/site-packages/airflow/example_dags/tutorial_taskflow_api_virtualenv.py took 0.076 seconds
[2024-04-02T09:16:51.183+0000] {processor.py:157} INFO - Started process (PID=21638) to work on /usr/local/python/3.10.13/lib/python3.10/site-packages/airflow/example_dags/tutorial_taskflow_api_virtualenv.py
[2024-04-02T09:16:51.184+0000] {processor.py:826} INFO - Processing file /usr/local/python/3.10.13/lib/python3.10/site-packages/airflow/example_dags/tutorial_taskflow_api_virtualenv.py for tasks to queue
[2024-04-02T09:16:51.185+0000] {logging_mixin.py:150} INFO - [2024-04-02T09:16:51.184+0000] {dagbag.py:541} INFO - Filling up the DagBag from /usr/local/python/3.10.13/lib/python3.10/site-packages/airflow/example_dags/tutorial_taskflow_api_virtualenv.py
[2024-04-02T09:16:51.190+0000] {processor.py:836} INFO - DAG(s) dict_keys(['tutorial_taskflow_api_virtualenv']) retrieved from /usr/local/python/3.10.13/lib/python3.10/site-packages/airflow/example_dags/tutorial_taskflow_api_virtualenv.py
[2024-04-02T09:16:51.203+0000] {logging_mixin.py:150} INFO - [2024-04-02T09:16:51.202+0000] {dag.py:2742} INFO - Sync 1 DAGs
[2024-04-02T09:16:51.218+0000] {logging_mixin.py:150} INFO - [2024-04-02T09:16:51.218+0000] {dag.py:3504} INFO - Setting next_dagrun for tutorial_taskflow_api_virtualenv to None, run_after=None
[2024-04-02T09:16:51.272+0000] {processor.py:179} INFO - Processing /usr/local/python/3.10.13/lib/python3.10/site-packages/airflow/example_dags/tutorial_taskflow_api_virtualenv.py took 0.092 seconds
[2024-04-02T09:17:31.486+0000] {processor.py:157} INFO - Started process (PID=21915) to work on /usr/local/python/3.10.13/lib/python3.10/site-packages/airflow/example_dags/tutorial_taskflow_api_virtualenv.py
[2024-04-02T09:17:31.487+0000] {processor.py:826} INFO - Processing file /usr/local/python/3.10.13/lib/python3.10/site-packages/airflow/example_dags/tutorial_taskflow_api_virtualenv.py for tasks to queue
[2024-04-02T09:17:31.487+0000] {logging_mixin.py:150} INFO - [2024-04-02T09:17:31.487+0000] {dagbag.py:541} INFO - Filling up the DagBag from /usr/local/python/3.10.13/lib/python3.10/site-packages/airflow/example_dags/tutorial_taskflow_api_virtualenv.py
[2024-04-02T09:17:31.493+0000] {processor.py:836} INFO - DAG(s) dict_keys(['tutorial_taskflow_api_virtualenv']) retrieved from /usr/local/python/3.10.13/lib/python3.10/site-packages/airflow/example_dags/tutorial_taskflow_api_virtualenv.py
[2024-04-02T09:17:31.506+0000] {logging_mixin.py:150} INFO - [2024-04-02T09:17:31.505+0000] {dag.py:2742} INFO - Sync 1 DAGs
[2024-04-02T09:17:31.520+0000] {logging_mixin.py:150} INFO - [2024-04-02T09:17:31.520+0000] {dag.py:3504} INFO - Setting next_dagrun for tutorial_taskflow_api_virtualenv to None, run_after=None
[2024-04-02T09:17:31.561+0000] {processor.py:179} INFO - Processing /usr/local/python/3.10.13/lib/python3.10/site-packages/airflow/example_dags/tutorial_taskflow_api_virtualenv.py took 0.077 seconds
[2024-04-02T09:18:10.019+0000] {processor.py:157} INFO - Started process (PID=22176) to work on /usr/local/python/3.10.13/lib/python3.10/site-packages/airflow/example_dags/tutorial_taskflow_api_virtualenv.py
[2024-04-02T09:18:10.019+0000] {processor.py:826} INFO - Processing file /usr/local/python/3.10.13/lib/python3.10/site-packages/airflow/example_dags/tutorial_taskflow_api_virtualenv.py for tasks to queue
[2024-04-02T09:18:10.020+0000] {logging_mixin.py:150} INFO - [2024-04-02T09:18:10.020+0000] {dagbag.py:541} INFO - Filling up the DagBag from /usr/local/python/3.10.13/lib/python3.10/site-packages/airflow/example_dags/tutorial_taskflow_api_virtualenv.py
[2024-04-02T09:18:10.026+0000] {processor.py:836} INFO - DAG(s) dict_keys(['tutorial_taskflow_api_virtualenv']) retrieved from /usr/local/python/3.10.13/lib/python3.10/site-packages/airflow/example_dags/tutorial_taskflow_api_virtualenv.py
[2024-04-02T09:18:10.038+0000] {logging_mixin.py:150} INFO - [2024-04-02T09:18:10.038+0000] {dag.py:2742} INFO - Sync 1 DAGs
[2024-04-02T09:18:10.054+0000] {logging_mixin.py:150} INFO - [2024-04-02T09:18:10.054+0000] {dag.py:3504} INFO - Setting next_dagrun for tutorial_taskflow_api_virtualenv to None, run_after=None
[2024-04-02T09:18:10.097+0000] {processor.py:179} INFO - Processing /usr/local/python/3.10.13/lib/python3.10/site-packages/airflow/example_dags/tutorial_taskflow_api_virtualenv.py took 0.081 seconds
[2024-04-02T09:18:49.429+0000] {processor.py:157} INFO - Started process (PID=22447) to work on /usr/local/python/3.10.13/lib/python3.10/site-packages/airflow/example_dags/tutorial_taskflow_api_virtualenv.py
[2024-04-02T09:18:49.430+0000] {processor.py:826} INFO - Processing file /usr/local/python/3.10.13/lib/python3.10/site-packages/airflow/example_dags/tutorial_taskflow_api_virtualenv.py for tasks to queue
[2024-04-02T09:18:49.430+0000] {logging_mixin.py:150} INFO - [2024-04-02T09:18:49.430+0000] {dagbag.py:541} INFO - Filling up the DagBag from /usr/local/python/3.10.13/lib/python3.10/site-packages/airflow/example_dags/tutorial_taskflow_api_virtualenv.py
[2024-04-02T09:18:49.436+0000] {processor.py:836} INFO - DAG(s) dict_keys(['tutorial_taskflow_api_virtualenv']) retrieved from /usr/local/python/3.10.13/lib/python3.10/site-packages/airflow/example_dags/tutorial_taskflow_api_virtualenv.py
[2024-04-02T09:18:49.447+0000] {logging_mixin.py:150} INFO - [2024-04-02T09:18:49.447+0000] {dag.py:2742} INFO - Sync 1 DAGs
[2024-04-02T09:18:49.462+0000] {logging_mixin.py:150} INFO - [2024-04-02T09:18:49.462+0000] {dag.py:3504} INFO - Setting next_dagrun for tutorial_taskflow_api_virtualenv to None, run_after=None
[2024-04-02T09:18:49.500+0000] {processor.py:179} INFO - Processing /usr/local/python/3.10.13/lib/python3.10/site-packages/airflow/example_dags/tutorial_taskflow_api_virtualenv.py took 0.073 seconds
[2024-04-02T09:19:30.002+0000] {processor.py:157} INFO - Started process (PID=22743) to work on /usr/local/python/3.10.13/lib/python3.10/site-packages/airflow/example_dags/tutorial_taskflow_api_virtualenv.py
[2024-04-02T09:19:30.003+0000] {processor.py:826} INFO - Processing file /usr/local/python/3.10.13/lib/python3.10/site-packages/airflow/example_dags/tutorial_taskflow_api_virtualenv.py for tasks to queue
[2024-04-02T09:19:30.003+0000] {logging_mixin.py:150} INFO - [2024-04-02T09:19:30.003+0000] {dagbag.py:541} INFO - Filling up the DagBag from /usr/local/python/3.10.13/lib/python3.10/site-packages/airflow/example_dags/tutorial_taskflow_api_virtualenv.py
[2024-04-02T09:19:30.009+0000] {processor.py:836} INFO - DAG(s) dict_keys(['tutorial_taskflow_api_virtualenv']) retrieved from /usr/local/python/3.10.13/lib/python3.10/site-packages/airflow/example_dags/tutorial_taskflow_api_virtualenv.py
[2024-04-02T09:19:30.021+0000] {logging_mixin.py:150} INFO - [2024-04-02T09:19:30.021+0000] {dag.py:2742} INFO - Sync 1 DAGs
[2024-04-02T09:19:30.036+0000] {logging_mixin.py:150} INFO - [2024-04-02T09:19:30.036+0000] {dag.py:3504} INFO - Setting next_dagrun for tutorial_taskflow_api_virtualenv to None, run_after=None
[2024-04-02T09:19:30.076+0000] {processor.py:179} INFO - Processing /usr/local/python/3.10.13/lib/python3.10/site-packages/airflow/example_dags/tutorial_taskflow_api_virtualenv.py took 0.077 seconds
[2024-04-02T09:20:19.946+0000] {processor.py:157} INFO - Started process (PID=23094) to work on /usr/local/python/3.10.13/lib/python3.10/site-packages/airflow/example_dags/tutorial_taskflow_api_virtualenv.py
[2024-04-02T09:20:19.947+0000] {processor.py:826} INFO - Processing file /usr/local/python/3.10.13/lib/python3.10/site-packages/airflow/example_dags/tutorial_taskflow_api_virtualenv.py for tasks to queue
[2024-04-02T09:20:19.948+0000] {logging_mixin.py:150} INFO - [2024-04-02T09:20:19.948+0000] {dagbag.py:541} INFO - Filling up the DagBag from /usr/local/python/3.10.13/lib/python3.10/site-packages/airflow/example_dags/tutorial_taskflow_api_virtualenv.py
[2024-04-02T09:20:19.953+0000] {processor.py:836} INFO - DAG(s) dict_keys(['tutorial_taskflow_api_virtualenv']) retrieved from /usr/local/python/3.10.13/lib/python3.10/site-packages/airflow/example_dags/tutorial_taskflow_api_virtualenv.py
[2024-04-02T09:20:19.965+0000] {logging_mixin.py:150} INFO - [2024-04-02T09:20:19.965+0000] {dag.py:2742} INFO - Sync 1 DAGs
[2024-04-02T09:20:19.980+0000] {logging_mixin.py:150} INFO - [2024-04-02T09:20:19.980+0000] {dag.py:3504} INFO - Setting next_dagrun for tutorial_taskflow_api_virtualenv to None, run_after=None
[2024-04-02T09:20:20.025+0000] {processor.py:179} INFO - Processing /usr/local/python/3.10.13/lib/python3.10/site-packages/airflow/example_dags/tutorial_taskflow_api_virtualenv.py took 0.080 seconds
[2024-04-02T09:21:01.022+0000] {processor.py:157} INFO - Started process (PID=23379) to work on /usr/local/python/3.10.13/lib/python3.10/site-packages/airflow/example_dags/tutorial_taskflow_api_virtualenv.py
[2024-04-02T09:21:01.023+0000] {processor.py:826} INFO - Processing file /usr/local/python/3.10.13/lib/python3.10/site-packages/airflow/example_dags/tutorial_taskflow_api_virtualenv.py for tasks to queue
[2024-04-02T09:21:01.024+0000] {logging_mixin.py:150} INFO - [2024-04-02T09:21:01.024+0000] {dagbag.py:541} INFO - Filling up the DagBag from /usr/local/python/3.10.13/lib/python3.10/site-packages/airflow/example_dags/tutorial_taskflow_api_virtualenv.py
[2024-04-02T09:21:01.030+0000] {processor.py:836} INFO - DAG(s) dict_keys(['tutorial_taskflow_api_virtualenv']) retrieved from /usr/local/python/3.10.13/lib/python3.10/site-packages/airflow/example_dags/tutorial_taskflow_api_virtualenv.py
[2024-04-02T09:21:01.042+0000] {logging_mixin.py:150} INFO - [2024-04-02T09:21:01.042+0000] {dag.py:2742} INFO - Sync 1 DAGs
[2024-04-02T09:21:01.057+0000] {logging_mixin.py:150} INFO - [2024-04-02T09:21:01.057+0000] {dag.py:3504} INFO - Setting next_dagrun for tutorial_taskflow_api_virtualenv to None, run_after=None
[2024-04-02T09:21:01.097+0000] {processor.py:179} INFO - Processing /usr/local/python/3.10.13/lib/python3.10/site-packages/airflow/example_dags/tutorial_taskflow_api_virtualenv.py took 0.077 seconds
[2024-04-02T09:21:35.652+0000] {processor.py:157} INFO - Started process (PID=23612) to work on /usr/local/python/3.10.13/lib/python3.10/site-packages/airflow/example_dags/tutorial_taskflow_api_virtualenv.py
[2024-04-02T09:21:35.654+0000] {processor.py:826} INFO - Processing file /usr/local/python/3.10.13/lib/python3.10/site-packages/airflow/example_dags/tutorial_taskflow_api_virtualenv.py for tasks to queue
[2024-04-02T09:21:35.655+0000] {logging_mixin.py:150} INFO - [2024-04-02T09:21:35.654+0000] {dagbag.py:541} INFO - Filling up the DagBag from /usr/local/python/3.10.13/lib/python3.10/site-packages/airflow/example_dags/tutorial_taskflow_api_virtualenv.py
[2024-04-02T09:21:35.663+0000] {processor.py:836} INFO - DAG(s) dict_keys(['tutorial_taskflow_api_virtualenv']) retrieved from /usr/local/python/3.10.13/lib/python3.10/site-packages/airflow/example_dags/tutorial_taskflow_api_virtualenv.py
[2024-04-02T09:21:35.681+0000] {logging_mixin.py:150} INFO - [2024-04-02T09:21:35.681+0000] {dag.py:2742} INFO - Sync 1 DAGs
[2024-04-02T09:21:35.703+0000] {logging_mixin.py:150} INFO - [2024-04-02T09:21:35.703+0000] {dag.py:3504} INFO - Setting next_dagrun for tutorial_taskflow_api_virtualenv to None, run_after=None
[2024-04-02T09:21:35.747+0000] {processor.py:179} INFO - Processing /usr/local/python/3.10.13/lib/python3.10/site-packages/airflow/example_dags/tutorial_taskflow_api_virtualenv.py took 0.098 seconds
[2024-04-02T09:22:13.180+0000] {processor.py:157} INFO - Started process (PID=23872) to work on /usr/local/python/3.10.13/lib/python3.10/site-packages/airflow/example_dags/tutorial_taskflow_api_virtualenv.py
[2024-04-02T09:22:13.180+0000] {processor.py:826} INFO - Processing file /usr/local/python/3.10.13/lib/python3.10/site-packages/airflow/example_dags/tutorial_taskflow_api_virtualenv.py for tasks to queue
[2024-04-02T09:22:13.181+0000] {logging_mixin.py:150} INFO - [2024-04-02T09:22:13.181+0000] {dagbag.py:541} INFO - Filling up the DagBag from /usr/local/python/3.10.13/lib/python3.10/site-packages/airflow/example_dags/tutorial_taskflow_api_virtualenv.py
[2024-04-02T09:22:13.187+0000] {processor.py:836} INFO - DAG(s) dict_keys(['tutorial_taskflow_api_virtualenv']) retrieved from /usr/local/python/3.10.13/lib/python3.10/site-packages/airflow/example_dags/tutorial_taskflow_api_virtualenv.py
[2024-04-02T09:22:13.198+0000] {logging_mixin.py:150} INFO - [2024-04-02T09:22:13.198+0000] {dag.py:2742} INFO - Sync 1 DAGs
[2024-04-02T09:22:13.213+0000] {logging_mixin.py:150} INFO - [2024-04-02T09:22:13.213+0000] {dag.py:3504} INFO - Setting next_dagrun for tutorial_taskflow_api_virtualenv to None, run_after=None
[2024-04-02T09:22:13.252+0000] {processor.py:179} INFO - Processing /usr/local/python/3.10.13/lib/python3.10/site-packages/airflow/example_dags/tutorial_taskflow_api_virtualenv.py took 0.075 seconds
[2024-04-02T09:22:54.027+0000] {processor.py:157} INFO - Started process (PID=24146) to work on /usr/local/python/3.10.13/lib/python3.10/site-packages/airflow/example_dags/tutorial_taskflow_api_virtualenv.py
[2024-04-02T09:22:54.028+0000] {processor.py:826} INFO - Processing file /usr/local/python/3.10.13/lib/python3.10/site-packages/airflow/example_dags/tutorial_taskflow_api_virtualenv.py for tasks to queue
[2024-04-02T09:22:54.030+0000] {logging_mixin.py:150} INFO - [2024-04-02T09:22:54.029+0000] {dagbag.py:541} INFO - Filling up the DagBag from /usr/local/python/3.10.13/lib/python3.10/site-packages/airflow/example_dags/tutorial_taskflow_api_virtualenv.py
[2024-04-02T09:22:54.038+0000] {processor.py:836} INFO - DAG(s) dict_keys(['tutorial_taskflow_api_virtualenv']) retrieved from /usr/local/python/3.10.13/lib/python3.10/site-packages/airflow/example_dags/tutorial_taskflow_api_virtualenv.py
[2024-04-02T09:22:54.055+0000] {logging_mixin.py:150} INFO - [2024-04-02T09:22:54.055+0000] {dag.py:2742} INFO - Sync 1 DAGs
[2024-04-02T09:22:54.077+0000] {logging_mixin.py:150} INFO - [2024-04-02T09:22:54.077+0000] {dag.py:3504} INFO - Setting next_dagrun for tutorial_taskflow_api_virtualenv to None, run_after=None
[2024-04-02T09:22:54.121+0000] {processor.py:179} INFO - Processing /usr/local/python/3.10.13/lib/python3.10/site-packages/airflow/example_dags/tutorial_taskflow_api_virtualenv.py took 0.097 seconds
[2024-04-02T09:23:32.005+0000] {processor.py:157} INFO - Started process (PID=24414) to work on /usr/local/python/3.10.13/lib/python3.10/site-packages/airflow/example_dags/tutorial_taskflow_api_virtualenv.py
[2024-04-02T09:23:32.006+0000] {processor.py:826} INFO - Processing file /usr/local/python/3.10.13/lib/python3.10/site-packages/airflow/example_dags/tutorial_taskflow_api_virtualenv.py for tasks to queue
[2024-04-02T09:23:32.007+0000] {logging_mixin.py:150} INFO - [2024-04-02T09:23:32.006+0000] {dagbag.py:541} INFO - Filling up the DagBag from /usr/local/python/3.10.13/lib/python3.10/site-packages/airflow/example_dags/tutorial_taskflow_api_virtualenv.py
[2024-04-02T09:23:32.012+0000] {processor.py:836} INFO - DAG(s) dict_keys(['tutorial_taskflow_api_virtualenv']) retrieved from /usr/local/python/3.10.13/lib/python3.10/site-packages/airflow/example_dags/tutorial_taskflow_api_virtualenv.py
[2024-04-02T09:23:32.025+0000] {logging_mixin.py:150} INFO - [2024-04-02T09:23:32.024+0000] {dag.py:2742} INFO - Sync 1 DAGs
[2024-04-02T09:23:32.042+0000] {logging_mixin.py:150} INFO - [2024-04-02T09:23:32.041+0000] {dag.py:3504} INFO - Setting next_dagrun for tutorial_taskflow_api_virtualenv to None, run_after=None
[2024-04-02T09:23:32.082+0000] {processor.py:179} INFO - Processing /usr/local/python/3.10.13/lib/python3.10/site-packages/airflow/example_dags/tutorial_taskflow_api_virtualenv.py took 0.079 seconds
[2024-04-02T09:24:13.636+0000] {processor.py:157} INFO - Started process (PID=24694) to work on /usr/local/python/3.10.13/lib/python3.10/site-packages/airflow/example_dags/tutorial_taskflow_api_virtualenv.py
[2024-04-02T09:24:13.637+0000] {processor.py:826} INFO - Processing file /usr/local/python/3.10.13/lib/python3.10/site-packages/airflow/example_dags/tutorial_taskflow_api_virtualenv.py for tasks to queue
[2024-04-02T09:24:13.638+0000] {logging_mixin.py:150} INFO - [2024-04-02T09:24:13.638+0000] {dagbag.py:541} INFO - Filling up the DagBag from /usr/local/python/3.10.13/lib/python3.10/site-packages/airflow/example_dags/tutorial_taskflow_api_virtualenv.py
[2024-04-02T09:24:13.643+0000] {processor.py:836} INFO - DAG(s) dict_keys(['tutorial_taskflow_api_virtualenv']) retrieved from /usr/local/python/3.10.13/lib/python3.10/site-packages/airflow/example_dags/tutorial_taskflow_api_virtualenv.py
[2024-04-02T09:24:13.657+0000] {logging_mixin.py:150} INFO - [2024-04-02T09:24:13.657+0000] {dag.py:2742} INFO - Sync 1 DAGs
[2024-04-02T09:24:13.672+0000] {logging_mixin.py:150} INFO - [2024-04-02T09:24:13.672+0000] {dag.py:3504} INFO - Setting next_dagrun for tutorial_taskflow_api_virtualenv to None, run_after=None
[2024-04-02T09:24:13.710+0000] {processor.py:179} INFO - Processing /usr/local/python/3.10.13/lib/python3.10/site-packages/airflow/example_dags/tutorial_taskflow_api_virtualenv.py took 0.076 seconds
[2024-04-02T09:24:55.102+0000] {processor.py:157} INFO - Started process (PID=24996) to work on /usr/local/python/3.10.13/lib/python3.10/site-packages/airflow/example_dags/tutorial_taskflow_api_virtualenv.py
[2024-04-02T09:24:55.103+0000] {processor.py:826} INFO - Processing file /usr/local/python/3.10.13/lib/python3.10/site-packages/airflow/example_dags/tutorial_taskflow_api_virtualenv.py for tasks to queue
[2024-04-02T09:24:55.103+0000] {logging_mixin.py:150} INFO - [2024-04-02T09:24:55.103+0000] {dagbag.py:541} INFO - Filling up the DagBag from /usr/local/python/3.10.13/lib/python3.10/site-packages/airflow/example_dags/tutorial_taskflow_api_virtualenv.py
[2024-04-02T09:24:55.109+0000] {processor.py:836} INFO - DAG(s) dict_keys(['tutorial_taskflow_api_virtualenv']) retrieved from /usr/local/python/3.10.13/lib/python3.10/site-packages/airflow/example_dags/tutorial_taskflow_api_virtualenv.py
[2024-04-02T09:24:55.121+0000] {logging_mixin.py:150} INFO - [2024-04-02T09:24:55.121+0000] {dag.py:2742} INFO - Sync 1 DAGs
[2024-04-02T09:24:55.136+0000] {logging_mixin.py:150} INFO - [2024-04-02T09:24:55.136+0000] {dag.py:3504} INFO - Setting next_dagrun for tutorial_taskflow_api_virtualenv to None, run_after=None
[2024-04-02T09:24:55.172+0000] {processor.py:179} INFO - Processing /usr/local/python/3.10.13/lib/python3.10/site-packages/airflow/example_dags/tutorial_taskflow_api_virtualenv.py took 0.073 seconds
[2024-04-02T09:25:34.577+0000] {processor.py:157} INFO - Started process (PID=25272) to work on /usr/local/python/3.10.13/lib/python3.10/site-packages/airflow/example_dags/tutorial_taskflow_api_virtualenv.py
[2024-04-02T09:25:34.578+0000] {processor.py:826} INFO - Processing file /usr/local/python/3.10.13/lib/python3.10/site-packages/airflow/example_dags/tutorial_taskflow_api_virtualenv.py for tasks to queue
[2024-04-02T09:25:34.578+0000] {logging_mixin.py:150} INFO - [2024-04-02T09:25:34.578+0000] {dagbag.py:541} INFO - Filling up the DagBag from /usr/local/python/3.10.13/lib/python3.10/site-packages/airflow/example_dags/tutorial_taskflow_api_virtualenv.py
[2024-04-02T09:25:34.584+0000] {processor.py:836} INFO - DAG(s) dict_keys(['tutorial_taskflow_api_virtualenv']) retrieved from /usr/local/python/3.10.13/lib/python3.10/site-packages/airflow/example_dags/tutorial_taskflow_api_virtualenv.py
[2024-04-02T09:25:34.597+0000] {logging_mixin.py:150} INFO - [2024-04-02T09:25:34.596+0000] {dag.py:2742} INFO - Sync 1 DAGs
[2024-04-02T09:25:34.613+0000] {logging_mixin.py:150} INFO - [2024-04-02T09:25:34.613+0000] {dag.py:3504} INFO - Setting next_dagrun for tutorial_taskflow_api_virtualenv to None, run_after=None
[2024-04-02T09:25:34.652+0000] {processor.py:179} INFO - Processing /usr/local/python/3.10.13/lib/python3.10/site-packages/airflow/example_dags/tutorial_taskflow_api_virtualenv.py took 0.078 seconds
[2024-04-02T09:26:20.686+0000] {processor.py:157} INFO - Started process (PID=25567) to work on /usr/local/python/3.10.13/lib/python3.10/site-packages/airflow/example_dags/tutorial_taskflow_api_virtualenv.py
[2024-04-02T09:26:20.687+0000] {processor.py:826} INFO - Processing file /usr/local/python/3.10.13/lib/python3.10/site-packages/airflow/example_dags/tutorial_taskflow_api_virtualenv.py for tasks to queue
[2024-04-02T09:26:20.689+0000] {logging_mixin.py:150} INFO - [2024-04-02T09:26:20.688+0000] {dagbag.py:541} INFO - Filling up the DagBag from /usr/local/python/3.10.13/lib/python3.10/site-packages/airflow/example_dags/tutorial_taskflow_api_virtualenv.py
[2024-04-02T09:26:20.697+0000] {processor.py:836} INFO - DAG(s) dict_keys(['tutorial_taskflow_api_virtualenv']) retrieved from /usr/local/python/3.10.13/lib/python3.10/site-packages/airflow/example_dags/tutorial_taskflow_api_virtualenv.py
[2024-04-02T09:26:20.715+0000] {logging_mixin.py:150} INFO - [2024-04-02T09:26:20.715+0000] {dag.py:2742} INFO - Sync 1 DAGs
[2024-04-02T09:26:20.737+0000] {logging_mixin.py:150} INFO - [2024-04-02T09:26:20.737+0000] {dag.py:3504} INFO - Setting next_dagrun for tutorial_taskflow_api_virtualenv to None, run_after=None
[2024-04-02T09:26:20.781+0000] {processor.py:179} INFO - Processing /usr/local/python/3.10.13/lib/python3.10/site-packages/airflow/example_dags/tutorial_taskflow_api_virtualenv.py took 0.098 seconds
[2024-04-02T09:27:01.330+0000] {processor.py:157} INFO - Started process (PID=25853) to work on /usr/local/python/3.10.13/lib/python3.10/site-packages/airflow/example_dags/tutorial_taskflow_api_virtualenv.py
[2024-04-02T09:27:01.330+0000] {processor.py:826} INFO - Processing file /usr/local/python/3.10.13/lib/python3.10/site-packages/airflow/example_dags/tutorial_taskflow_api_virtualenv.py for tasks to queue
[2024-04-02T09:27:01.331+0000] {logging_mixin.py:150} INFO - [2024-04-02T09:27:01.331+0000] {dagbag.py:541} INFO - Filling up the DagBag from /usr/local/python/3.10.13/lib/python3.10/site-packages/airflow/example_dags/tutorial_taskflow_api_virtualenv.py
[2024-04-02T09:27:01.337+0000] {processor.py:836} INFO - DAG(s) dict_keys(['tutorial_taskflow_api_virtualenv']) retrieved from /usr/local/python/3.10.13/lib/python3.10/site-packages/airflow/example_dags/tutorial_taskflow_api_virtualenv.py
[2024-04-02T09:27:01.349+0000] {logging_mixin.py:150} INFO - [2024-04-02T09:27:01.349+0000] {dag.py:2742} INFO - Sync 1 DAGs
[2024-04-02T09:27:01.364+0000] {logging_mixin.py:150} INFO - [2024-04-02T09:27:01.364+0000] {dag.py:3504} INFO - Setting next_dagrun for tutorial_taskflow_api_virtualenv to None, run_after=None
[2024-04-02T09:27:01.486+0000] {processor.py:179} INFO - Processing /usr/local/python/3.10.13/lib/python3.10/site-packages/airflow/example_dags/tutorial_taskflow_api_virtualenv.py took 0.158 seconds
[2024-04-02T09:27:40.759+0000] {processor.py:157} INFO - Started process (PID=26123) to work on /usr/local/python/3.10.13/lib/python3.10/site-packages/airflow/example_dags/tutorial_taskflow_api_virtualenv.py
[2024-04-02T09:27:40.760+0000] {processor.py:826} INFO - Processing file /usr/local/python/3.10.13/lib/python3.10/site-packages/airflow/example_dags/tutorial_taskflow_api_virtualenv.py for tasks to queue
[2024-04-02T09:27:40.761+0000] {logging_mixin.py:150} INFO - [2024-04-02T09:27:40.761+0000] {dagbag.py:541} INFO - Filling up the DagBag from /usr/local/python/3.10.13/lib/python3.10/site-packages/airflow/example_dags/tutorial_taskflow_api_virtualenv.py
[2024-04-02T09:27:40.769+0000] {processor.py:836} INFO - DAG(s) dict_keys(['tutorial_taskflow_api_virtualenv']) retrieved from /usr/local/python/3.10.13/lib/python3.10/site-packages/airflow/example_dags/tutorial_taskflow_api_virtualenv.py
[2024-04-02T09:27:40.786+0000] {logging_mixin.py:150} INFO - [2024-04-02T09:27:40.786+0000] {dag.py:2742} INFO - Sync 1 DAGs
[2024-04-02T09:27:40.808+0000] {logging_mixin.py:150} INFO - [2024-04-02T09:27:40.808+0000] {dag.py:3504} INFO - Setting next_dagrun for tutorial_taskflow_api_virtualenv to None, run_after=None
[2024-04-02T09:27:40.853+0000] {processor.py:179} INFO - Processing /usr/local/python/3.10.13/lib/python3.10/site-packages/airflow/example_dags/tutorial_taskflow_api_virtualenv.py took 0.097 seconds
[2024-04-02T09:28:22.093+0000] {processor.py:157} INFO - Started process (PID=26394) to work on /usr/local/python/3.10.13/lib/python3.10/site-packages/airflow/example_dags/tutorial_taskflow_api_virtualenv.py
[2024-04-02T09:28:22.094+0000] {processor.py:826} INFO - Processing file /usr/local/python/3.10.13/lib/python3.10/site-packages/airflow/example_dags/tutorial_taskflow_api_virtualenv.py for tasks to queue
[2024-04-02T09:28:22.095+0000] {logging_mixin.py:150} INFO - [2024-04-02T09:28:22.095+0000] {dagbag.py:541} INFO - Filling up the DagBag from /usr/local/python/3.10.13/lib/python3.10/site-packages/airflow/example_dags/tutorial_taskflow_api_virtualenv.py
[2024-04-02T09:28:22.102+0000] {processor.py:836} INFO - DAG(s) dict_keys(['tutorial_taskflow_api_virtualenv']) retrieved from /usr/local/python/3.10.13/lib/python3.10/site-packages/airflow/example_dags/tutorial_taskflow_api_virtualenv.py
[2024-04-02T09:28:22.119+0000] {logging_mixin.py:150} INFO - [2024-04-02T09:28:22.119+0000] {dag.py:2742} INFO - Sync 1 DAGs
[2024-04-02T09:28:22.135+0000] {logging_mixin.py:150} INFO - [2024-04-02T09:28:22.135+0000] {dag.py:3504} INFO - Setting next_dagrun for tutorial_taskflow_api_virtualenv to None, run_after=None
[2024-04-02T09:28:22.178+0000] {processor.py:179} INFO - Processing /usr/local/python/3.10.13/lib/python3.10/site-packages/airflow/example_dags/tutorial_taskflow_api_virtualenv.py took 0.088 seconds
[2024-04-02T09:29:04.153+0000] {processor.py:157} INFO - Started process (PID=26680) to work on /usr/local/python/3.10.13/lib/python3.10/site-packages/airflow/example_dags/tutorial_taskflow_api_virtualenv.py
[2024-04-02T09:29:04.154+0000] {processor.py:826} INFO - Processing file /usr/local/python/3.10.13/lib/python3.10/site-packages/airflow/example_dags/tutorial_taskflow_api_virtualenv.py for tasks to queue
[2024-04-02T09:29:04.154+0000] {logging_mixin.py:150} INFO - [2024-04-02T09:29:04.154+0000] {dagbag.py:541} INFO - Filling up the DagBag from /usr/local/python/3.10.13/lib/python3.10/site-packages/airflow/example_dags/tutorial_taskflow_api_virtualenv.py
[2024-04-02T09:29:04.160+0000] {processor.py:836} INFO - DAG(s) dict_keys(['tutorial_taskflow_api_virtualenv']) retrieved from /usr/local/python/3.10.13/lib/python3.10/site-packages/airflow/example_dags/tutorial_taskflow_api_virtualenv.py
[2024-04-02T09:29:04.253+0000] {logging_mixin.py:150} INFO - [2024-04-02T09:29:04.253+0000] {dag.py:2742} INFO - Sync 1 DAGs
[2024-04-02T09:29:04.266+0000] {logging_mixin.py:150} INFO - [2024-04-02T09:29:04.266+0000] {dag.py:3504} INFO - Setting next_dagrun for tutorial_taskflow_api_virtualenv to None, run_after=None
[2024-04-02T09:29:04.309+0000] {processor.py:179} INFO - Processing /usr/local/python/3.10.13/lib/python3.10/site-packages/airflow/example_dags/tutorial_taskflow_api_virtualenv.py took 0.159 seconds
[2024-04-02T09:29:43.055+0000] {processor.py:157} INFO - Started process (PID=26998) to work on /usr/local/python/3.10.13/lib/python3.10/site-packages/airflow/example_dags/tutorial_taskflow_api_virtualenv.py
[2024-04-02T09:29:43.058+0000] {processor.py:826} INFO - Processing file /usr/local/python/3.10.13/lib/python3.10/site-packages/airflow/example_dags/tutorial_taskflow_api_virtualenv.py for tasks to queue
[2024-04-02T09:29:43.059+0000] {logging_mixin.py:150} INFO - [2024-04-02T09:29:43.059+0000] {dagbag.py:541} INFO - Filling up the DagBag from /usr/local/python/3.10.13/lib/python3.10/site-packages/airflow/example_dags/tutorial_taskflow_api_virtualenv.py
[2024-04-02T09:29:43.075+0000] {processor.py:836} INFO - DAG(s) dict_keys(['tutorial_taskflow_api_virtualenv']) retrieved from /usr/local/python/3.10.13/lib/python3.10/site-packages/airflow/example_dags/tutorial_taskflow_api_virtualenv.py
[2024-04-02T09:29:43.109+0000] {logging_mixin.py:150} INFO - [2024-04-02T09:29:43.108+0000] {dag.py:2742} INFO - Sync 1 DAGs
[2024-04-02T09:29:43.149+0000] {logging_mixin.py:150} INFO - [2024-04-02T09:29:43.149+0000] {dag.py:3504} INFO - Setting next_dagrun for tutorial_taskflow_api_virtualenv to None, run_after=None
[2024-04-02T09:29:43.194+0000] {processor.py:179} INFO - Processing /usr/local/python/3.10.13/lib/python3.10/site-packages/airflow/example_dags/tutorial_taskflow_api_virtualenv.py took 0.144 seconds
[2024-04-02T09:30:35.561+0000] {processor.py:157} INFO - Started process (PID=27353) to work on /usr/local/python/3.10.13/lib/python3.10/site-packages/airflow/example_dags/tutorial_taskflow_api_virtualenv.py
[2024-04-02T09:30:35.562+0000] {processor.py:826} INFO - Processing file /usr/local/python/3.10.13/lib/python3.10/site-packages/airflow/example_dags/tutorial_taskflow_api_virtualenv.py for tasks to queue
[2024-04-02T09:30:35.563+0000] {logging_mixin.py:150} INFO - [2024-04-02T09:30:35.562+0000] {dagbag.py:541} INFO - Filling up the DagBag from /usr/local/python/3.10.13/lib/python3.10/site-packages/airflow/example_dags/tutorial_taskflow_api_virtualenv.py
[2024-04-02T09:30:35.568+0000] {processor.py:836} INFO - DAG(s) dict_keys(['tutorial_taskflow_api_virtualenv']) retrieved from /usr/local/python/3.10.13/lib/python3.10/site-packages/airflow/example_dags/tutorial_taskflow_api_virtualenv.py
[2024-04-02T09:30:35.583+0000] {logging_mixin.py:150} INFO - [2024-04-02T09:30:35.583+0000] {dag.py:2742} INFO - Sync 1 DAGs
[2024-04-02T09:30:35.606+0000] {logging_mixin.py:150} INFO - [2024-04-02T09:30:35.606+0000] {dag.py:3504} INFO - Setting next_dagrun for tutorial_taskflow_api_virtualenv to None, run_after=None
[2024-04-02T09:30:35.662+0000] {processor.py:179} INFO - Processing /usr/local/python/3.10.13/lib/python3.10/site-packages/airflow/example_dags/tutorial_taskflow_api_virtualenv.py took 0.103 seconds
[2024-04-02T09:31:15.836+0000] {processor.py:157} INFO - Started process (PID=27626) to work on /usr/local/python/3.10.13/lib/python3.10/site-packages/airflow/example_dags/tutorial_taskflow_api_virtualenv.py
[2024-04-02T09:31:15.837+0000] {processor.py:826} INFO - Processing file /usr/local/python/3.10.13/lib/python3.10/site-packages/airflow/example_dags/tutorial_taskflow_api_virtualenv.py for tasks to queue
[2024-04-02T09:31:15.837+0000] {logging_mixin.py:150} INFO - [2024-04-02T09:31:15.837+0000] {dagbag.py:541} INFO - Filling up the DagBag from /usr/local/python/3.10.13/lib/python3.10/site-packages/airflow/example_dags/tutorial_taskflow_api_virtualenv.py
[2024-04-02T09:31:15.843+0000] {processor.py:836} INFO - DAG(s) dict_keys(['tutorial_taskflow_api_virtualenv']) retrieved from /usr/local/python/3.10.13/lib/python3.10/site-packages/airflow/example_dags/tutorial_taskflow_api_virtualenv.py
[2024-04-02T09:31:15.855+0000] {logging_mixin.py:150} INFO - [2024-04-02T09:31:15.855+0000] {dag.py:2742} INFO - Sync 1 DAGs
[2024-04-02T09:31:15.870+0000] {logging_mixin.py:150} INFO - [2024-04-02T09:31:15.870+0000] {dag.py:3504} INFO - Setting next_dagrun for tutorial_taskflow_api_virtualenv to None, run_after=None
[2024-04-02T09:31:15.911+0000] {processor.py:179} INFO - Processing /usr/local/python/3.10.13/lib/python3.10/site-packages/airflow/example_dags/tutorial_taskflow_api_virtualenv.py took 0.078 seconds
[2024-04-02T09:31:56.974+0000] {processor.py:157} INFO - Started process (PID=27913) to work on /usr/local/python/3.10.13/lib/python3.10/site-packages/airflow/example_dags/tutorial_taskflow_api_virtualenv.py
[2024-04-02T09:31:56.974+0000] {processor.py:826} INFO - Processing file /usr/local/python/3.10.13/lib/python3.10/site-packages/airflow/example_dags/tutorial_taskflow_api_virtualenv.py for tasks to queue
[2024-04-02T09:31:56.975+0000] {logging_mixin.py:150} INFO - [2024-04-02T09:31:56.975+0000] {dagbag.py:541} INFO - Filling up the DagBag from /usr/local/python/3.10.13/lib/python3.10/site-packages/airflow/example_dags/tutorial_taskflow_api_virtualenv.py
[2024-04-02T09:31:56.981+0000] {processor.py:836} INFO - DAG(s) dict_keys(['tutorial_taskflow_api_virtualenv']) retrieved from /usr/local/python/3.10.13/lib/python3.10/site-packages/airflow/example_dags/tutorial_taskflow_api_virtualenv.py
[2024-04-02T09:31:56.993+0000] {logging_mixin.py:150} INFO - [2024-04-02T09:31:56.992+0000] {dag.py:2742} INFO - Sync 1 DAGs
[2024-04-02T09:31:57.008+0000] {logging_mixin.py:150} INFO - [2024-04-02T09:31:57.008+0000] {dag.py:3504} INFO - Setting next_dagrun for tutorial_taskflow_api_virtualenv to None, run_after=None
[2024-04-02T09:31:57.050+0000] {processor.py:179} INFO - Processing /usr/local/python/3.10.13/lib/python3.10/site-packages/airflow/example_dags/tutorial_taskflow_api_virtualenv.py took 0.079 seconds
[2024-04-02T09:32:33.849+0000] {processor.py:157} INFO - Started process (PID=28163) to work on /usr/local/python/3.10.13/lib/python3.10/site-packages/airflow/example_dags/tutorial_taskflow_api_virtualenv.py
[2024-04-02T09:32:33.850+0000] {processor.py:826} INFO - Processing file /usr/local/python/3.10.13/lib/python3.10/site-packages/airflow/example_dags/tutorial_taskflow_api_virtualenv.py for tasks to queue
[2024-04-02T09:32:33.850+0000] {logging_mixin.py:150} INFO - [2024-04-02T09:32:33.850+0000] {dagbag.py:541} INFO - Filling up the DagBag from /usr/local/python/3.10.13/lib/python3.10/site-packages/airflow/example_dags/tutorial_taskflow_api_virtualenv.py
[2024-04-02T09:32:33.856+0000] {processor.py:836} INFO - DAG(s) dict_keys(['tutorial_taskflow_api_virtualenv']) retrieved from /usr/local/python/3.10.13/lib/python3.10/site-packages/airflow/example_dags/tutorial_taskflow_api_virtualenv.py
[2024-04-02T09:32:33.868+0000] {logging_mixin.py:150} INFO - [2024-04-02T09:32:33.868+0000] {dag.py:2742} INFO - Sync 1 DAGs
[2024-04-02T09:32:33.883+0000] {logging_mixin.py:150} INFO - [2024-04-02T09:32:33.883+0000] {dag.py:3504} INFO - Setting next_dagrun for tutorial_taskflow_api_virtualenv to None, run_after=None
[2024-04-02T09:32:33.923+0000] {processor.py:179} INFO - Processing /usr/local/python/3.10.13/lib/python3.10/site-packages/airflow/example_dags/tutorial_taskflow_api_virtualenv.py took 0.076 seconds
[2024-04-02T09:33:15.416+0000] {processor.py:157} INFO - Started process (PID=28448) to work on /usr/local/python/3.10.13/lib/python3.10/site-packages/airflow/example_dags/tutorial_taskflow_api_virtualenv.py
[2024-04-02T09:33:15.416+0000] {processor.py:826} INFO - Processing file /usr/local/python/3.10.13/lib/python3.10/site-packages/airflow/example_dags/tutorial_taskflow_api_virtualenv.py for tasks to queue
[2024-04-02T09:33:15.417+0000] {logging_mixin.py:150} INFO - [2024-04-02T09:33:15.417+0000] {dagbag.py:541} INFO - Filling up the DagBag from /usr/local/python/3.10.13/lib/python3.10/site-packages/airflow/example_dags/tutorial_taskflow_api_virtualenv.py
[2024-04-02T09:33:15.423+0000] {processor.py:836} INFO - DAG(s) dict_keys(['tutorial_taskflow_api_virtualenv']) retrieved from /usr/local/python/3.10.13/lib/python3.10/site-packages/airflow/example_dags/tutorial_taskflow_api_virtualenv.py
[2024-04-02T09:33:15.435+0000] {logging_mixin.py:150} INFO - [2024-04-02T09:33:15.435+0000] {dag.py:2742} INFO - Sync 1 DAGs
[2024-04-02T09:33:15.450+0000] {logging_mixin.py:150} INFO - [2024-04-02T09:33:15.450+0000] {dag.py:3504} INFO - Setting next_dagrun for tutorial_taskflow_api_virtualenv to None, run_after=None
[2024-04-02T09:33:15.488+0000] {processor.py:179} INFO - Processing /usr/local/python/3.10.13/lib/python3.10/site-packages/airflow/example_dags/tutorial_taskflow_api_virtualenv.py took 0.075 seconds
[2024-04-02T09:33:54.264+0000] {processor.py:157} INFO - Started process (PID=28717) to work on /usr/local/python/3.10.13/lib/python3.10/site-packages/airflow/example_dags/tutorial_taskflow_api_virtualenv.py
[2024-04-02T09:33:54.264+0000] {processor.py:826} INFO - Processing file /usr/local/python/3.10.13/lib/python3.10/site-packages/airflow/example_dags/tutorial_taskflow_api_virtualenv.py for tasks to queue
[2024-04-02T09:33:54.265+0000] {logging_mixin.py:150} INFO - [2024-04-02T09:33:54.265+0000] {dagbag.py:541} INFO - Filling up the DagBag from /usr/local/python/3.10.13/lib/python3.10/site-packages/airflow/example_dags/tutorial_taskflow_api_virtualenv.py
[2024-04-02T09:33:54.271+0000] {processor.py:836} INFO - DAG(s) dict_keys(['tutorial_taskflow_api_virtualenv']) retrieved from /usr/local/python/3.10.13/lib/python3.10/site-packages/airflow/example_dags/tutorial_taskflow_api_virtualenv.py
[2024-04-02T09:33:54.283+0000] {logging_mixin.py:150} INFO - [2024-04-02T09:33:54.283+0000] {dag.py:2742} INFO - Sync 1 DAGs
[2024-04-02T09:33:54.298+0000] {logging_mixin.py:150} INFO - [2024-04-02T09:33:54.298+0000] {dag.py:3504} INFO - Setting next_dagrun for tutorial_taskflow_api_virtualenv to None, run_after=None
[2024-04-02T09:33:54.337+0000] {processor.py:179} INFO - Processing /usr/local/python/3.10.13/lib/python3.10/site-packages/airflow/example_dags/tutorial_taskflow_api_virtualenv.py took 0.076 seconds
[2024-04-02T09:34:46.581+0000] {processor.py:157} INFO - Started process (PID=29100) to work on /usr/local/python/3.10.13/lib/python3.10/site-packages/airflow/example_dags/tutorial_taskflow_api_virtualenv.py
[2024-04-02T09:34:46.582+0000] {processor.py:826} INFO - Processing file /usr/local/python/3.10.13/lib/python3.10/site-packages/airflow/example_dags/tutorial_taskflow_api_virtualenv.py for tasks to queue
[2024-04-02T09:34:46.583+0000] {logging_mixin.py:150} INFO - [2024-04-02T09:34:46.583+0000] {dagbag.py:541} INFO - Filling up the DagBag from /usr/local/python/3.10.13/lib/python3.10/site-packages/airflow/example_dags/tutorial_taskflow_api_virtualenv.py
[2024-04-02T09:34:46.588+0000] {processor.py:836} INFO - DAG(s) dict_keys(['tutorial_taskflow_api_virtualenv']) retrieved from /usr/local/python/3.10.13/lib/python3.10/site-packages/airflow/example_dags/tutorial_taskflow_api_virtualenv.py
[2024-04-02T09:34:46.601+0000] {logging_mixin.py:150} INFO - [2024-04-02T09:34:46.600+0000] {dag.py:2742} INFO - Sync 1 DAGs
[2024-04-02T09:34:46.618+0000] {logging_mixin.py:150} INFO - [2024-04-02T09:34:46.617+0000] {dag.py:3504} INFO - Setting next_dagrun for tutorial_taskflow_api_virtualenv to None, run_after=None
[2024-04-02T09:34:46.658+0000] {processor.py:179} INFO - Processing /usr/local/python/3.10.13/lib/python3.10/site-packages/airflow/example_dags/tutorial_taskflow_api_virtualenv.py took 0.079 seconds
[2024-04-02T09:35:25.654+0000] {processor.py:157} INFO - Started process (PID=29373) to work on /usr/local/python/3.10.13/lib/python3.10/site-packages/airflow/example_dags/tutorial_taskflow_api_virtualenv.py
[2024-04-02T09:35:25.655+0000] {processor.py:826} INFO - Processing file /usr/local/python/3.10.13/lib/python3.10/site-packages/airflow/example_dags/tutorial_taskflow_api_virtualenv.py for tasks to queue
[2024-04-02T09:35:25.657+0000] {logging_mixin.py:150} INFO - [2024-04-02T09:35:25.656+0000] {dagbag.py:541} INFO - Filling up the DagBag from /usr/local/python/3.10.13/lib/python3.10/site-packages/airflow/example_dags/tutorial_taskflow_api_virtualenv.py
[2024-04-02T09:35:25.665+0000] {processor.py:836} INFO - DAG(s) dict_keys(['tutorial_taskflow_api_virtualenv']) retrieved from /usr/local/python/3.10.13/lib/python3.10/site-packages/airflow/example_dags/tutorial_taskflow_api_virtualenv.py
[2024-04-02T09:35:25.684+0000] {logging_mixin.py:150} INFO - [2024-04-02T09:35:25.684+0000] {dag.py:2742} INFO - Sync 1 DAGs
[2024-04-02T09:35:25.707+0000] {logging_mixin.py:150} INFO - [2024-04-02T09:35:25.707+0000] {dag.py:3504} INFO - Setting next_dagrun for tutorial_taskflow_api_virtualenv to None, run_after=None
[2024-04-02T09:35:25.752+0000] {processor.py:179} INFO - Processing /usr/local/python/3.10.13/lib/python3.10/site-packages/airflow/example_dags/tutorial_taskflow_api_virtualenv.py took 0.101 seconds
[2024-04-02T09:36:01.369+0000] {processor.py:157} INFO - Started process (PID=29604) to work on /usr/local/python/3.10.13/lib/python3.10/site-packages/airflow/example_dags/tutorial_taskflow_api_virtualenv.py
[2024-04-02T09:36:01.369+0000] {processor.py:826} INFO - Processing file /usr/local/python/3.10.13/lib/python3.10/site-packages/airflow/example_dags/tutorial_taskflow_api_virtualenv.py for tasks to queue
[2024-04-02T09:36:01.370+0000] {logging_mixin.py:150} INFO - [2024-04-02T09:36:01.370+0000] {dagbag.py:541} INFO - Filling up the DagBag from /usr/local/python/3.10.13/lib/python3.10/site-packages/airflow/example_dags/tutorial_taskflow_api_virtualenv.py
[2024-04-02T09:36:01.376+0000] {processor.py:836} INFO - DAG(s) dict_keys(['tutorial_taskflow_api_virtualenv']) retrieved from /usr/local/python/3.10.13/lib/python3.10/site-packages/airflow/example_dags/tutorial_taskflow_api_virtualenv.py
[2024-04-02T09:36:01.388+0000] {logging_mixin.py:150} INFO - [2024-04-02T09:36:01.388+0000] {dag.py:2742} INFO - Sync 1 DAGs
[2024-04-02T09:36:01.403+0000] {logging_mixin.py:150} INFO - [2024-04-02T09:36:01.403+0000] {dag.py:3504} INFO - Setting next_dagrun for tutorial_taskflow_api_virtualenv to None, run_after=None
[2024-04-02T09:36:01.451+0000] {processor.py:179} INFO - Processing /usr/local/python/3.10.13/lib/python3.10/site-packages/airflow/example_dags/tutorial_taskflow_api_virtualenv.py took 0.084 seconds
[2024-04-02T09:36:38.733+0000] {processor.py:157} INFO - Started process (PID=29868) to work on /usr/local/python/3.10.13/lib/python3.10/site-packages/airflow/example_dags/tutorial_taskflow_api_virtualenv.py
[2024-04-02T09:36:38.734+0000] {processor.py:826} INFO - Processing file /usr/local/python/3.10.13/lib/python3.10/site-packages/airflow/example_dags/tutorial_taskflow_api_virtualenv.py for tasks to queue
[2024-04-02T09:36:38.734+0000] {logging_mixin.py:150} INFO - [2024-04-02T09:36:38.734+0000] {dagbag.py:541} INFO - Filling up the DagBag from /usr/local/python/3.10.13/lib/python3.10/site-packages/airflow/example_dags/tutorial_taskflow_api_virtualenv.py
[2024-04-02T09:36:38.740+0000] {processor.py:836} INFO - DAG(s) dict_keys(['tutorial_taskflow_api_virtualenv']) retrieved from /usr/local/python/3.10.13/lib/python3.10/site-packages/airflow/example_dags/tutorial_taskflow_api_virtualenv.py
[2024-04-02T09:36:38.753+0000] {logging_mixin.py:150} INFO - [2024-04-02T09:36:38.752+0000] {dag.py:2742} INFO - Sync 1 DAGs
[2024-04-02T09:36:38.768+0000] {logging_mixin.py:150} INFO - [2024-04-02T09:36:38.768+0000] {dag.py:3504} INFO - Setting next_dagrun for tutorial_taskflow_api_virtualenv to None, run_after=None
[2024-04-02T09:36:38.808+0000] {processor.py:179} INFO - Processing /usr/local/python/3.10.13/lib/python3.10/site-packages/airflow/example_dags/tutorial_taskflow_api_virtualenv.py took 0.077 seconds
[2024-04-02T09:37:18.644+0000] {processor.py:157} INFO - Started process (PID=30145) to work on /usr/local/python/3.10.13/lib/python3.10/site-packages/airflow/example_dags/tutorial_taskflow_api_virtualenv.py
[2024-04-02T09:37:18.645+0000] {processor.py:826} INFO - Processing file /usr/local/python/3.10.13/lib/python3.10/site-packages/airflow/example_dags/tutorial_taskflow_api_virtualenv.py for tasks to queue
[2024-04-02T09:37:18.646+0000] {logging_mixin.py:150} INFO - [2024-04-02T09:37:18.645+0000] {dagbag.py:541} INFO - Filling up the DagBag from /usr/local/python/3.10.13/lib/python3.10/site-packages/airflow/example_dags/tutorial_taskflow_api_virtualenv.py
[2024-04-02T09:37:18.651+0000] {processor.py:836} INFO - DAG(s) dict_keys(['tutorial_taskflow_api_virtualenv']) retrieved from /usr/local/python/3.10.13/lib/python3.10/site-packages/airflow/example_dags/tutorial_taskflow_api_virtualenv.py
[2024-04-02T09:37:18.665+0000] {logging_mixin.py:150} INFO - [2024-04-02T09:37:18.665+0000] {dag.py:2742} INFO - Sync 1 DAGs
[2024-04-02T09:37:18.681+0000] {logging_mixin.py:150} INFO - [2024-04-02T09:37:18.681+0000] {dag.py:3504} INFO - Setting next_dagrun for tutorial_taskflow_api_virtualenv to None, run_after=None
[2024-04-02T09:37:18.720+0000] {processor.py:179} INFO - Processing /usr/local/python/3.10.13/lib/python3.10/site-packages/airflow/example_dags/tutorial_taskflow_api_virtualenv.py took 0.078 seconds
[2024-04-02T09:38:09.774+0000] {processor.py:157} INFO - Started process (PID=30489) to work on /usr/local/python/3.10.13/lib/python3.10/site-packages/airflow/example_dags/tutorial_taskflow_api_virtualenv.py
[2024-04-02T09:38:09.778+0000] {processor.py:826} INFO - Processing file /usr/local/python/3.10.13/lib/python3.10/site-packages/airflow/example_dags/tutorial_taskflow_api_virtualenv.py for tasks to queue
[2024-04-02T09:38:09.779+0000] {logging_mixin.py:150} INFO - [2024-04-02T09:38:09.779+0000] {dagbag.py:541} INFO - Filling up the DagBag from /usr/local/python/3.10.13/lib/python3.10/site-packages/airflow/example_dags/tutorial_taskflow_api_virtualenv.py
[2024-04-02T09:38:09.801+0000] {processor.py:836} INFO - DAG(s) dict_keys(['tutorial_taskflow_api_virtualenv']) retrieved from /usr/local/python/3.10.13/lib/python3.10/site-packages/airflow/example_dags/tutorial_taskflow_api_virtualenv.py
[2024-04-02T09:38:09.829+0000] {logging_mixin.py:150} INFO - [2024-04-02T09:38:09.828+0000] {dag.py:2742} INFO - Sync 1 DAGs
[2024-04-02T09:38:09.852+0000] {logging_mixin.py:150} INFO - [2024-04-02T09:38:09.852+0000] {dag.py:3504} INFO - Setting next_dagrun for tutorial_taskflow_api_virtualenv to None, run_after=None
[2024-04-02T09:38:09.899+0000] {processor.py:179} INFO - Processing /usr/local/python/3.10.13/lib/python3.10/site-packages/airflow/example_dags/tutorial_taskflow_api_virtualenv.py took 0.129 seconds
[2024-04-02T09:38:48.487+0000] {processor.py:157} INFO - Started process (PID=30739) to work on /usr/local/python/3.10.13/lib/python3.10/site-packages/airflow/example_dags/tutorial_taskflow_api_virtualenv.py
[2024-04-02T09:38:48.487+0000] {processor.py:826} INFO - Processing file /usr/local/python/3.10.13/lib/python3.10/site-packages/airflow/example_dags/tutorial_taskflow_api_virtualenv.py for tasks to queue
[2024-04-02T09:38:48.488+0000] {logging_mixin.py:150} INFO - [2024-04-02T09:38:48.488+0000] {dagbag.py:541} INFO - Filling up the DagBag from /usr/local/python/3.10.13/lib/python3.10/site-packages/airflow/example_dags/tutorial_taskflow_api_virtualenv.py
[2024-04-02T09:38:48.494+0000] {processor.py:836} INFO - DAG(s) dict_keys(['tutorial_taskflow_api_virtualenv']) retrieved from /usr/local/python/3.10.13/lib/python3.10/site-packages/airflow/example_dags/tutorial_taskflow_api_virtualenv.py
[2024-04-02T09:38:48.506+0000] {logging_mixin.py:150} INFO - [2024-04-02T09:38:48.505+0000] {dag.py:2742} INFO - Sync 1 DAGs
[2024-04-02T09:38:48.521+0000] {logging_mixin.py:150} INFO - [2024-04-02T09:38:48.520+0000] {dag.py:3504} INFO - Setting next_dagrun for tutorial_taskflow_api_virtualenv to None, run_after=None
[2024-04-02T09:38:48.560+0000] {processor.py:179} INFO - Processing /usr/local/python/3.10.13/lib/python3.10/site-packages/airflow/example_dags/tutorial_taskflow_api_virtualenv.py took 0.076 seconds
[2024-04-02T09:39:27.126+0000] {processor.py:157} INFO - Started process (PID=31003) to work on /usr/local/python/3.10.13/lib/python3.10/site-packages/airflow/example_dags/tutorial_taskflow_api_virtualenv.py
[2024-04-02T09:39:27.126+0000] {processor.py:826} INFO - Processing file /usr/local/python/3.10.13/lib/python3.10/site-packages/airflow/example_dags/tutorial_taskflow_api_virtualenv.py for tasks to queue
[2024-04-02T09:39:27.127+0000] {logging_mixin.py:150} INFO - [2024-04-02T09:39:27.127+0000] {dagbag.py:541} INFO - Filling up the DagBag from /usr/local/python/3.10.13/lib/python3.10/site-packages/airflow/example_dags/tutorial_taskflow_api_virtualenv.py
[2024-04-02T09:39:27.133+0000] {processor.py:836} INFO - DAG(s) dict_keys(['tutorial_taskflow_api_virtualenv']) retrieved from /usr/local/python/3.10.13/lib/python3.10/site-packages/airflow/example_dags/tutorial_taskflow_api_virtualenv.py
[2024-04-02T09:39:27.146+0000] {logging_mixin.py:150} INFO - [2024-04-02T09:39:27.146+0000] {dag.py:2742} INFO - Sync 1 DAGs
[2024-04-02T09:39:27.167+0000] {logging_mixin.py:150} INFO - [2024-04-02T09:39:27.167+0000] {dag.py:3504} INFO - Setting next_dagrun for tutorial_taskflow_api_virtualenv to None, run_after=None
[2024-04-02T09:39:27.215+0000] {processor.py:179} INFO - Processing /usr/local/python/3.10.13/lib/python3.10/site-packages/airflow/example_dags/tutorial_taskflow_api_virtualenv.py took 0.091 seconds
[2024-04-02T09:40:05.689+0000] {processor.py:157} INFO - Started process (PID=31326) to work on /usr/local/python/3.10.13/lib/python3.10/site-packages/airflow/example_dags/tutorial_taskflow_api_virtualenv.py
[2024-04-02T09:40:05.690+0000] {processor.py:826} INFO - Processing file /usr/local/python/3.10.13/lib/python3.10/site-packages/airflow/example_dags/tutorial_taskflow_api_virtualenv.py for tasks to queue
[2024-04-02T09:40:05.690+0000] {logging_mixin.py:150} INFO - [2024-04-02T09:40:05.690+0000] {dagbag.py:541} INFO - Filling up the DagBag from /usr/local/python/3.10.13/lib/python3.10/site-packages/airflow/example_dags/tutorial_taskflow_api_virtualenv.py
[2024-04-02T09:40:05.696+0000] {processor.py:836} INFO - DAG(s) dict_keys(['tutorial_taskflow_api_virtualenv']) retrieved from /usr/local/python/3.10.13/lib/python3.10/site-packages/airflow/example_dags/tutorial_taskflow_api_virtualenv.py
[2024-04-02T09:40:05.708+0000] {logging_mixin.py:150} INFO - [2024-04-02T09:40:05.708+0000] {dag.py:2742} INFO - Sync 1 DAGs
[2024-04-02T09:40:05.723+0000] {logging_mixin.py:150} INFO - [2024-04-02T09:40:05.723+0000] {dag.py:3504} INFO - Setting next_dagrun for tutorial_taskflow_api_virtualenv to None, run_after=None
[2024-04-02T09:40:05.763+0000] {processor.py:179} INFO - Processing /usr/local/python/3.10.13/lib/python3.10/site-packages/airflow/example_dags/tutorial_taskflow_api_virtualenv.py took 0.076 seconds
[2024-04-02T09:40:43.737+0000] {processor.py:157} INFO - Started process (PID=31587) to work on /usr/local/python/3.10.13/lib/python3.10/site-packages/airflow/example_dags/tutorial_taskflow_api_virtualenv.py
[2024-04-02T09:40:43.738+0000] {processor.py:826} INFO - Processing file /usr/local/python/3.10.13/lib/python3.10/site-packages/airflow/example_dags/tutorial_taskflow_api_virtualenv.py for tasks to queue
[2024-04-02T09:40:43.739+0000] {logging_mixin.py:150} INFO - [2024-04-02T09:40:43.739+0000] {dagbag.py:541} INFO - Filling up the DagBag from /usr/local/python/3.10.13/lib/python3.10/site-packages/airflow/example_dags/tutorial_taskflow_api_virtualenv.py
[2024-04-02T09:40:43.745+0000] {processor.py:836} INFO - DAG(s) dict_keys(['tutorial_taskflow_api_virtualenv']) retrieved from /usr/local/python/3.10.13/lib/python3.10/site-packages/airflow/example_dags/tutorial_taskflow_api_virtualenv.py
[2024-04-02T09:40:43.758+0000] {logging_mixin.py:150} INFO - [2024-04-02T09:40:43.758+0000] {dag.py:2742} INFO - Sync 1 DAGs
[2024-04-02T09:40:43.773+0000] {logging_mixin.py:150} INFO - [2024-04-02T09:40:43.773+0000] {dag.py:3504} INFO - Setting next_dagrun for tutorial_taskflow_api_virtualenv to None, run_after=None
[2024-04-02T09:40:43.814+0000] {processor.py:179} INFO - Processing /usr/local/python/3.10.13/lib/python3.10/site-packages/airflow/example_dags/tutorial_taskflow_api_virtualenv.py took 0.079 seconds
[2024-04-02T09:41:21.500+0000] {processor.py:157} INFO - Started process (PID=31833) to work on /usr/local/python/3.10.13/lib/python3.10/site-packages/airflow/example_dags/tutorial_taskflow_api_virtualenv.py
[2024-04-02T09:41:21.501+0000] {processor.py:826} INFO - Processing file /usr/local/python/3.10.13/lib/python3.10/site-packages/airflow/example_dags/tutorial_taskflow_api_virtualenv.py for tasks to queue
[2024-04-02T09:41:21.502+0000] {logging_mixin.py:150} INFO - [2024-04-02T09:41:21.502+0000] {dagbag.py:541} INFO - Filling up the DagBag from /usr/local/python/3.10.13/lib/python3.10/site-packages/airflow/example_dags/tutorial_taskflow_api_virtualenv.py
[2024-04-02T09:41:21.511+0000] {processor.py:836} INFO - DAG(s) dict_keys(['tutorial_taskflow_api_virtualenv']) retrieved from /usr/local/python/3.10.13/lib/python3.10/site-packages/airflow/example_dags/tutorial_taskflow_api_virtualenv.py
[2024-04-02T09:41:21.529+0000] {logging_mixin.py:150} INFO - [2024-04-02T09:41:21.529+0000] {dag.py:2742} INFO - Sync 1 DAGs
[2024-04-02T09:41:21.553+0000] {logging_mixin.py:150} INFO - [2024-04-02T09:41:21.553+0000] {dag.py:3504} INFO - Setting next_dagrun for tutorial_taskflow_api_virtualenv to None, run_after=None
[2024-04-02T09:41:21.600+0000] {processor.py:179} INFO - Processing /usr/local/python/3.10.13/lib/python3.10/site-packages/airflow/example_dags/tutorial_taskflow_api_virtualenv.py took 0.104 seconds
[2024-04-02T09:41:58.652+0000] {processor.py:157} INFO - Started process (PID=32095) to work on /usr/local/python/3.10.13/lib/python3.10/site-packages/airflow/example_dags/tutorial_taskflow_api_virtualenv.py
[2024-04-02T09:41:58.653+0000] {processor.py:826} INFO - Processing file /usr/local/python/3.10.13/lib/python3.10/site-packages/airflow/example_dags/tutorial_taskflow_api_virtualenv.py for tasks to queue
[2024-04-02T09:41:58.654+0000] {logging_mixin.py:150} INFO - [2024-04-02T09:41:58.654+0000] {dagbag.py:541} INFO - Filling up the DagBag from /usr/local/python/3.10.13/lib/python3.10/site-packages/airflow/example_dags/tutorial_taskflow_api_virtualenv.py
[2024-04-02T09:41:58.664+0000] {processor.py:836} INFO - DAG(s) dict_keys(['tutorial_taskflow_api_virtualenv']) retrieved from /usr/local/python/3.10.13/lib/python3.10/site-packages/airflow/example_dags/tutorial_taskflow_api_virtualenv.py
[2024-04-02T09:41:58.686+0000] {logging_mixin.py:150} INFO - [2024-04-02T09:41:58.686+0000] {dag.py:2742} INFO - Sync 1 DAGs
[2024-04-02T09:41:58.710+0000] {logging_mixin.py:150} INFO - [2024-04-02T09:41:58.710+0000] {dag.py:3504} INFO - Setting next_dagrun for tutorial_taskflow_api_virtualenv to None, run_after=None
[2024-04-02T09:41:58.759+0000] {processor.py:179} INFO - Processing /usr/local/python/3.10.13/lib/python3.10/site-packages/airflow/example_dags/tutorial_taskflow_api_virtualenv.py took 0.110 seconds
[2024-04-02T09:42:36.334+0000] {processor.py:157} INFO - Started process (PID=32360) to work on /usr/local/python/3.10.13/lib/python3.10/site-packages/airflow/example_dags/tutorial_taskflow_api_virtualenv.py
[2024-04-02T09:42:36.335+0000] {processor.py:826} INFO - Processing file /usr/local/python/3.10.13/lib/python3.10/site-packages/airflow/example_dags/tutorial_taskflow_api_virtualenv.py for tasks to queue
[2024-04-02T09:42:36.336+0000] {logging_mixin.py:150} INFO - [2024-04-02T09:42:36.335+0000] {dagbag.py:541} INFO - Filling up the DagBag from /usr/local/python/3.10.13/lib/python3.10/site-packages/airflow/example_dags/tutorial_taskflow_api_virtualenv.py
[2024-04-02T09:42:36.341+0000] {processor.py:836} INFO - DAG(s) dict_keys(['tutorial_taskflow_api_virtualenv']) retrieved from /usr/local/python/3.10.13/lib/python3.10/site-packages/airflow/example_dags/tutorial_taskflow_api_virtualenv.py
[2024-04-02T09:42:36.354+0000] {logging_mixin.py:150} INFO - [2024-04-02T09:42:36.354+0000] {dag.py:2742} INFO - Sync 1 DAGs
[2024-04-02T09:42:36.369+0000] {logging_mixin.py:150} INFO - [2024-04-02T09:42:36.369+0000] {dag.py:3504} INFO - Setting next_dagrun for tutorial_taskflow_api_virtualenv to None, run_after=None
[2024-04-02T09:42:36.409+0000] {processor.py:179} INFO - Processing /usr/local/python/3.10.13/lib/python3.10/site-packages/airflow/example_dags/tutorial_taskflow_api_virtualenv.py took 0.077 seconds
[2024-04-02T09:43:17.107+0000] {processor.py:157} INFO - Started process (PID=32636) to work on /usr/local/python/3.10.13/lib/python3.10/site-packages/airflow/example_dags/tutorial_taskflow_api_virtualenv.py
[2024-04-02T09:43:17.108+0000] {processor.py:826} INFO - Processing file /usr/local/python/3.10.13/lib/python3.10/site-packages/airflow/example_dags/tutorial_taskflow_api_virtualenv.py for tasks to queue
[2024-04-02T09:43:17.108+0000] {logging_mixin.py:150} INFO - [2024-04-02T09:43:17.108+0000] {dagbag.py:541} INFO - Filling up the DagBag from /usr/local/python/3.10.13/lib/python3.10/site-packages/airflow/example_dags/tutorial_taskflow_api_virtualenv.py
[2024-04-02T09:43:17.114+0000] {processor.py:836} INFO - DAG(s) dict_keys(['tutorial_taskflow_api_virtualenv']) retrieved from /usr/local/python/3.10.13/lib/python3.10/site-packages/airflow/example_dags/tutorial_taskflow_api_virtualenv.py
[2024-04-02T09:43:17.126+0000] {logging_mixin.py:150} INFO - [2024-04-02T09:43:17.126+0000] {dag.py:2742} INFO - Sync 1 DAGs
[2024-04-02T09:43:17.141+0000] {logging_mixin.py:150} INFO - [2024-04-02T09:43:17.141+0000] {dag.py:3504} INFO - Setting next_dagrun for tutorial_taskflow_api_virtualenv to None, run_after=None
[2024-04-02T09:43:17.183+0000] {processor.py:179} INFO - Processing /usr/local/python/3.10.13/lib/python3.10/site-packages/airflow/example_dags/tutorial_taskflow_api_virtualenv.py took 0.079 seconds
