[2024-04-02T08:56:32.378+0000] {processor.py:157} INFO - Started process (PID=11179) to work on /workspaces/hands-on-introduction-data-engineering-4395021/airflow/dags/challenge_dag.py
[2024-04-02T08:56:32.380+0000] {processor.py:826} INFO - Processing file /workspaces/hands-on-introduction-data-engineering-4395021/airflow/dags/challenge_dag.py for tasks to queue
[2024-04-02T08:56:32.381+0000] {logging_mixin.py:150} INFO - [2024-04-02T08:56:32.380+0000] {dagbag.py:541} INFO - Filling up the DagBag from /workspaces/hands-on-introduction-data-engineering-4395021/airflow/dags/challenge_dag.py
[2024-04-02T08:56:32.807+0000] {processor.py:836} INFO - DAG(s) dict_keys(['basic_etl_dag']) retrieved from /workspaces/hands-on-introduction-data-engineering-4395021/airflow/dags/challenge_dag.py
[2024-04-02T08:56:32.936+0000] {logging_mixin.py:150} INFO - [2024-04-02T08:56:32.936+0000] {dag.py:2742} INFO - Sync 1 DAGs
[2024-04-02T08:56:32.951+0000] {logging_mixin.py:150} INFO - [2024-04-02T08:56:32.951+0000] {dag.py:3504} INFO - Setting next_dagrun for basic_etl_dag to None, run_after=None
[2024-04-02T08:56:33.000+0000] {processor.py:179} INFO - Processing /workspaces/hands-on-introduction-data-engineering-4395021/airflow/dags/challenge_dag.py took 0.626 seconds
[2024-04-02T08:57:33.462+0000] {processor.py:157} INFO - Started process (PID=11894) to work on /workspaces/hands-on-introduction-data-engineering-4395021/airflow/dags/challenge_dag.py
[2024-04-02T08:57:33.463+0000] {processor.py:826} INFO - Processing file /workspaces/hands-on-introduction-data-engineering-4395021/airflow/dags/challenge_dag.py for tasks to queue
[2024-04-02T08:57:33.464+0000] {logging_mixin.py:150} INFO - [2024-04-02T08:57:33.463+0000] {dagbag.py:541} INFO - Filling up the DagBag from /workspaces/hands-on-introduction-data-engineering-4395021/airflow/dags/challenge_dag.py
[2024-04-02T08:57:33.815+0000] {processor.py:836} INFO - DAG(s) dict_keys(['challenge_dag']) retrieved from /workspaces/hands-on-introduction-data-engineering-4395021/airflow/dags/challenge_dag.py
[2024-04-02T08:57:33.955+0000] {logging_mixin.py:150} INFO - [2024-04-02T08:57:33.955+0000] {manager.py:504} INFO - Created Permission View: can edit on DAG:challenge_dag
[2024-04-02T08:57:33.988+0000] {logging_mixin.py:150} INFO - [2024-04-02T08:57:33.987+0000] {manager.py:504} INFO - Created Permission View: can delete on DAG:challenge_dag
[2024-04-02T08:57:34.020+0000] {logging_mixin.py:150} INFO - [2024-04-02T08:57:34.020+0000] {manager.py:504} INFO - Created Permission View: can read on DAG:challenge_dag
[2024-04-02T08:57:34.028+0000] {logging_mixin.py:150} INFO - [2024-04-02T08:57:34.028+0000] {dag.py:2742} INFO - Sync 1 DAGs
[2024-04-02T08:57:34.036+0000] {logging_mixin.py:150} INFO - [2024-04-02T08:57:34.035+0000] {dag.py:2763} INFO - Creating ORM DAG for challenge_dag
[2024-04-02T08:57:34.042+0000] {logging_mixin.py:150} INFO - [2024-04-02T08:57:34.042+0000] {dag.py:3504} INFO - Setting next_dagrun for challenge_dag to None, run_after=None
[2024-04-02T08:57:34.174+0000] {processor.py:179} INFO - Processing /workspaces/hands-on-introduction-data-engineering-4395021/airflow/dags/challenge_dag.py took 0.715 seconds
[2024-04-02T08:58:08.110+0000] {processor.py:157} INFO - Started process (PID=12433) to work on /workspaces/hands-on-introduction-data-engineering-4395021/airflow/dags/challenge_dag.py
[2024-04-02T08:58:08.111+0000] {processor.py:826} INFO - Processing file /workspaces/hands-on-introduction-data-engineering-4395021/airflow/dags/challenge_dag.py for tasks to queue
[2024-04-02T08:58:08.112+0000] {logging_mixin.py:150} INFO - [2024-04-02T08:58:08.111+0000] {dagbag.py:541} INFO - Filling up the DagBag from /workspaces/hands-on-introduction-data-engineering-4395021/airflow/dags/challenge_dag.py
[2024-04-02T08:58:08.514+0000] {processor.py:836} INFO - DAG(s) dict_keys(['challenge_dag']) retrieved from /workspaces/hands-on-introduction-data-engineering-4395021/airflow/dags/challenge_dag.py
[2024-04-02T08:58:08.540+0000] {logging_mixin.py:150} INFO - [2024-04-02T08:58:08.540+0000] {dag.py:2742} INFO - Sync 1 DAGs
[2024-04-02T08:58:08.572+0000] {logging_mixin.py:150} INFO - [2024-04-02T08:58:08.572+0000] {dag.py:3504} INFO - Setting next_dagrun for challenge_dag to None, run_after=None
[2024-04-02T08:58:08.617+0000] {processor.py:179} INFO - Processing /workspaces/hands-on-introduction-data-engineering-4395021/airflow/dags/challenge_dag.py took 0.509 seconds
[2024-04-02T08:59:28.030+0000] {processor.py:157} INFO - Started process (PID=13432) to work on /workspaces/hands-on-introduction-data-engineering-4395021/airflow/dags/challenge_dag.py
[2024-04-02T08:59:28.031+0000] {processor.py:826} INFO - Processing file /workspaces/hands-on-introduction-data-engineering-4395021/airflow/dags/challenge_dag.py for tasks to queue
[2024-04-02T08:59:28.031+0000] {logging_mixin.py:150} INFO - [2024-04-02T08:59:28.031+0000] {dagbag.py:541} INFO - Filling up the DagBag from /workspaces/hands-on-introduction-data-engineering-4395021/airflow/dags/challenge_dag.py
[2024-04-02T08:59:28.347+0000] {processor.py:836} INFO - DAG(s) dict_keys(['challenge_dag']) retrieved from /workspaces/hands-on-introduction-data-engineering-4395021/airflow/dags/challenge_dag.py
[2024-04-02T08:59:28.362+0000] {logging_mixin.py:150} INFO - [2024-04-02T08:59:28.361+0000] {dag.py:2742} INFO - Sync 1 DAGs
[2024-04-02T08:59:28.377+0000] {logging_mixin.py:150} INFO - [2024-04-02T08:59:28.377+0000] {dag.py:3504} INFO - Setting next_dagrun for challenge_dag to None, run_after=None
[2024-04-02T08:59:28.414+0000] {processor.py:179} INFO - Processing /workspaces/hands-on-introduction-data-engineering-4395021/airflow/dags/challenge_dag.py took 0.386 seconds
[2024-04-02T09:00:29.136+0000] {processor.py:157} INFO - Started process (PID=14353) to work on /workspaces/hands-on-introduction-data-engineering-4395021/airflow/dags/challenge_dag.py
[2024-04-02T09:00:29.137+0000] {processor.py:826} INFO - Processing file /workspaces/hands-on-introduction-data-engineering-4395021/airflow/dags/challenge_dag.py for tasks to queue
[2024-04-02T09:00:29.137+0000] {logging_mixin.py:150} INFO - [2024-04-02T09:00:29.137+0000] {dagbag.py:541} INFO - Filling up the DagBag from /workspaces/hands-on-introduction-data-engineering-4395021/airflow/dags/challenge_dag.py
[2024-04-02T09:00:29.438+0000] {processor.py:836} INFO - DAG(s) dict_keys(['challenge_dag']) retrieved from /workspaces/hands-on-introduction-data-engineering-4395021/airflow/dags/challenge_dag.py
[2024-04-02T09:00:29.448+0000] {logging_mixin.py:150} INFO - [2024-04-02T09:00:29.448+0000] {dag.py:2742} INFO - Sync 1 DAGs
[2024-04-02T09:00:29.463+0000] {logging_mixin.py:150} INFO - [2024-04-02T09:00:29.463+0000] {dag.py:3504} INFO - Setting next_dagrun for challenge_dag to None, run_after=None
[2024-04-02T09:00:29.506+0000] {processor.py:179} INFO - Processing /workspaces/hands-on-introduction-data-engineering-4395021/airflow/dags/challenge_dag.py took 0.372 seconds
[2024-04-02T09:01:08.301+0000] {processor.py:157} INFO - Started process (PID=14625) to work on /workspaces/hands-on-introduction-data-engineering-4395021/airflow/dags/challenge_dag.py
[2024-04-02T09:01:08.302+0000] {processor.py:826} INFO - Processing file /workspaces/hands-on-introduction-data-engineering-4395021/airflow/dags/challenge_dag.py for tasks to queue
[2024-04-02T09:01:08.302+0000] {logging_mixin.py:150} INFO - [2024-04-02T09:01:08.302+0000] {dagbag.py:541} INFO - Filling up the DagBag from /workspaces/hands-on-introduction-data-engineering-4395021/airflow/dags/challenge_dag.py
[2024-04-02T09:01:08.633+0000] {processor.py:836} INFO - DAG(s) dict_keys(['challenge_dag']) retrieved from /workspaces/hands-on-introduction-data-engineering-4395021/airflow/dags/challenge_dag.py
[2024-04-02T09:01:08.644+0000] {logging_mixin.py:150} INFO - [2024-04-02T09:01:08.644+0000] {dag.py:2742} INFO - Sync 1 DAGs
[2024-04-02T09:01:08.660+0000] {logging_mixin.py:150} INFO - [2024-04-02T09:01:08.660+0000] {dag.py:3504} INFO - Setting next_dagrun for challenge_dag to None, run_after=None
[2024-04-02T09:01:08.701+0000] {processor.py:179} INFO - Processing /workspaces/hands-on-introduction-data-engineering-4395021/airflow/dags/challenge_dag.py took 0.403 seconds
[2024-04-02T09:01:26.935+0000] {processor.py:157} INFO - Started process (PID=14826) to work on /workspaces/hands-on-introduction-data-engineering-4395021/airflow/dags/challenge_dag.py
[2024-04-02T09:01:26.936+0000] {processor.py:826} INFO - Processing file /workspaces/hands-on-introduction-data-engineering-4395021/airflow/dags/challenge_dag.py for tasks to queue
[2024-04-02T09:01:26.937+0000] {logging_mixin.py:150} INFO - [2024-04-02T09:01:26.936+0000] {dagbag.py:541} INFO - Filling up the DagBag from /workspaces/hands-on-introduction-data-engineering-4395021/airflow/dags/challenge_dag.py
[2024-04-02T09:01:27.364+0000] {processor.py:836} INFO - DAG(s) dict_keys(['challenge_dag']) retrieved from /workspaces/hands-on-introduction-data-engineering-4395021/airflow/dags/challenge_dag.py
[2024-04-02T09:01:27.484+0000] {logging_mixin.py:150} INFO - [2024-04-02T09:01:27.483+0000] {dag.py:2742} INFO - Sync 1 DAGs
[2024-04-02T09:01:27.505+0000] {logging_mixin.py:150} INFO - [2024-04-02T09:01:27.504+0000] {dag.py:3504} INFO - Setting next_dagrun for challenge_dag to None, run_after=None
[2024-04-02T09:01:27.687+0000] {processor.py:179} INFO - Processing /workspaces/hands-on-introduction-data-engineering-4395021/airflow/dags/challenge_dag.py took 0.754 seconds
[2024-04-02T09:02:05.864+0000] {processor.py:157} INFO - Started process (PID=15096) to work on /workspaces/hands-on-introduction-data-engineering-4395021/airflow/dags/challenge_dag.py
[2024-04-02T09:02:05.865+0000] {processor.py:826} INFO - Processing file /workspaces/hands-on-introduction-data-engineering-4395021/airflow/dags/challenge_dag.py for tasks to queue
[2024-04-02T09:02:05.866+0000] {logging_mixin.py:150} INFO - [2024-04-02T09:02:05.865+0000] {dagbag.py:541} INFO - Filling up the DagBag from /workspaces/hands-on-introduction-data-engineering-4395021/airflow/dags/challenge_dag.py
[2024-04-02T09:02:06.323+0000] {processor.py:836} INFO - DAG(s) dict_keys(['challenge_dag']) retrieved from /workspaces/hands-on-introduction-data-engineering-4395021/airflow/dags/challenge_dag.py
[2024-04-02T09:02:06.340+0000] {logging_mixin.py:150} INFO - [2024-04-02T09:02:06.340+0000] {dag.py:2742} INFO - Sync 1 DAGs
[2024-04-02T09:02:06.365+0000] {logging_mixin.py:150} INFO - [2024-04-02T09:02:06.365+0000] {dag.py:3504} INFO - Setting next_dagrun for challenge_dag to None, run_after=None
[2024-04-02T09:02:06.409+0000] {processor.py:179} INFO - Processing /workspaces/hands-on-introduction-data-engineering-4395021/airflow/dags/challenge_dag.py took 0.547 seconds
[2024-04-02T09:02:44.888+0000] {processor.py:157} INFO - Started process (PID=15369) to work on /workspaces/hands-on-introduction-data-engineering-4395021/airflow/dags/challenge_dag.py
[2024-04-02T09:02:44.889+0000] {processor.py:826} INFO - Processing file /workspaces/hands-on-introduction-data-engineering-4395021/airflow/dags/challenge_dag.py for tasks to queue
[2024-04-02T09:02:44.890+0000] {logging_mixin.py:150} INFO - [2024-04-02T09:02:44.890+0000] {dagbag.py:541} INFO - Filling up the DagBag from /workspaces/hands-on-introduction-data-engineering-4395021/airflow/dags/challenge_dag.py
[2024-04-02T09:02:45.270+0000] {processor.py:836} INFO - DAG(s) dict_keys(['challenge_dag']) retrieved from /workspaces/hands-on-introduction-data-engineering-4395021/airflow/dags/challenge_dag.py
[2024-04-02T09:02:45.289+0000] {logging_mixin.py:150} INFO - [2024-04-02T09:02:45.288+0000] {dag.py:2742} INFO - Sync 1 DAGs
[2024-04-02T09:02:45.310+0000] {logging_mixin.py:150} INFO - [2024-04-02T09:02:45.310+0000] {dag.py:3504} INFO - Setting next_dagrun for challenge_dag to None, run_after=None
[2024-04-02T09:02:45.453+0000] {processor.py:179} INFO - Processing /workspaces/hands-on-introduction-data-engineering-4395021/airflow/dags/challenge_dag.py took 0.568 seconds
[2024-04-02T09:03:24.160+0000] {processor.py:157} INFO - Started process (PID=15624) to work on /workspaces/hands-on-introduction-data-engineering-4395021/airflow/dags/challenge_dag.py
[2024-04-02T09:03:24.160+0000] {processor.py:826} INFO - Processing file /workspaces/hands-on-introduction-data-engineering-4395021/airflow/dags/challenge_dag.py for tasks to queue
[2024-04-02T09:03:24.161+0000] {logging_mixin.py:150} INFO - [2024-04-02T09:03:24.161+0000] {dagbag.py:541} INFO - Filling up the DagBag from /workspaces/hands-on-introduction-data-engineering-4395021/airflow/dags/challenge_dag.py
[2024-04-02T09:03:24.484+0000] {processor.py:836} INFO - DAG(s) dict_keys(['challenge_dag']) retrieved from /workspaces/hands-on-introduction-data-engineering-4395021/airflow/dags/challenge_dag.py
[2024-04-02T09:03:24.499+0000] {logging_mixin.py:150} INFO - [2024-04-02T09:03:24.498+0000] {dag.py:2742} INFO - Sync 1 DAGs
[2024-04-02T09:03:24.643+0000] {logging_mixin.py:150} INFO - [2024-04-02T09:03:24.643+0000] {dag.py:3504} INFO - Setting next_dagrun for challenge_dag to None, run_after=None
[2024-04-02T09:03:24.683+0000] {processor.py:179} INFO - Processing /workspaces/hands-on-introduction-data-engineering-4395021/airflow/dags/challenge_dag.py took 0.525 seconds
[2024-04-02T09:04:03.591+0000] {processor.py:157} INFO - Started process (PID=15894) to work on /workspaces/hands-on-introduction-data-engineering-4395021/airflow/dags/challenge_dag.py
[2024-04-02T09:04:03.592+0000] {processor.py:826} INFO - Processing file /workspaces/hands-on-introduction-data-engineering-4395021/airflow/dags/challenge_dag.py for tasks to queue
[2024-04-02T09:04:03.593+0000] {logging_mixin.py:150} INFO - [2024-04-02T09:04:03.592+0000] {dagbag.py:541} INFO - Filling up the DagBag from /workspaces/hands-on-introduction-data-engineering-4395021/airflow/dags/challenge_dag.py
[2024-04-02T09:04:03.961+0000] {processor.py:836} INFO - DAG(s) dict_keys(['challenge_dag']) retrieved from /workspaces/hands-on-introduction-data-engineering-4395021/airflow/dags/challenge_dag.py
[2024-04-02T09:04:03.977+0000] {logging_mixin.py:150} INFO - [2024-04-02T09:04:03.976+0000] {dag.py:2742} INFO - Sync 1 DAGs
[2024-04-02T09:04:04.000+0000] {logging_mixin.py:150} INFO - [2024-04-02T09:04:04.000+0000] {dag.py:3504} INFO - Setting next_dagrun for challenge_dag to None, run_after=None
[2024-04-02T09:04:04.046+0000] {processor.py:179} INFO - Processing /workspaces/hands-on-introduction-data-engineering-4395021/airflow/dags/challenge_dag.py took 0.458 seconds
[2024-04-02T09:04:38.969+0000] {processor.py:157} INFO - Started process (PID=16174) to work on /workspaces/hands-on-introduction-data-engineering-4395021/airflow/dags/challenge_dag.py
[2024-04-02T09:04:38.970+0000] {processor.py:826} INFO - Processing file /workspaces/hands-on-introduction-data-engineering-4395021/airflow/dags/challenge_dag.py for tasks to queue
[2024-04-02T09:04:38.970+0000] {logging_mixin.py:150} INFO - [2024-04-02T09:04:38.970+0000] {dagbag.py:541} INFO - Filling up the DagBag from /workspaces/hands-on-introduction-data-engineering-4395021/airflow/dags/challenge_dag.py
[2024-04-02T09:04:39.346+0000] {processor.py:836} INFO - DAG(s) dict_keys(['challenge_dag']) retrieved from /workspaces/hands-on-introduction-data-engineering-4395021/airflow/dags/challenge_dag.py
[2024-04-02T09:04:39.362+0000] {logging_mixin.py:150} INFO - [2024-04-02T09:04:39.361+0000] {dag.py:2742} INFO - Sync 1 DAGs
[2024-04-02T09:04:39.526+0000] {logging_mixin.py:150} INFO - [2024-04-02T09:04:39.525+0000] {dag.py:3504} INFO - Setting next_dagrun for challenge_dag to None, run_after=None
[2024-04-02T09:04:39.573+0000] {processor.py:179} INFO - Processing /workspaces/hands-on-introduction-data-engineering-4395021/airflow/dags/challenge_dag.py took 0.606 seconds
[2024-04-02T09:05:14.069+0000] {processor.py:157} INFO - Started process (PID=16402) to work on /workspaces/hands-on-introduction-data-engineering-4395021/airflow/dags/challenge_dag.py
[2024-04-02T09:05:14.070+0000] {processor.py:826} INFO - Processing file /workspaces/hands-on-introduction-data-engineering-4395021/airflow/dags/challenge_dag.py for tasks to queue
[2024-04-02T09:05:14.070+0000] {logging_mixin.py:150} INFO - [2024-04-02T09:05:14.070+0000] {dagbag.py:541} INFO - Filling up the DagBag from /workspaces/hands-on-introduction-data-engineering-4395021/airflow/dags/challenge_dag.py
[2024-04-02T09:05:14.338+0000] {processor.py:836} INFO - DAG(s) dict_keys(['challenge_dag']) retrieved from /workspaces/hands-on-introduction-data-engineering-4395021/airflow/dags/challenge_dag.py
[2024-04-02T09:05:14.449+0000] {logging_mixin.py:150} INFO - [2024-04-02T09:05:14.448+0000] {dag.py:2742} INFO - Sync 1 DAGs
[2024-04-02T09:05:14.462+0000] {logging_mixin.py:150} INFO - [2024-04-02T09:05:14.462+0000] {dag.py:3504} INFO - Setting next_dagrun for challenge_dag to None, run_after=None
[2024-04-02T09:05:14.500+0000] {processor.py:179} INFO - Processing /workspaces/hands-on-introduction-data-engineering-4395021/airflow/dags/challenge_dag.py took 0.433 seconds
[2024-04-02T09:05:55.879+0000] {processor.py:157} INFO - Started process (PID=16696) to work on /workspaces/hands-on-introduction-data-engineering-4395021/airflow/dags/challenge_dag.py
[2024-04-02T09:05:55.880+0000] {processor.py:826} INFO - Processing file /workspaces/hands-on-introduction-data-engineering-4395021/airflow/dags/challenge_dag.py for tasks to queue
[2024-04-02T09:05:55.881+0000] {logging_mixin.py:150} INFO - [2024-04-02T09:05:55.881+0000] {dagbag.py:541} INFO - Filling up the DagBag from /workspaces/hands-on-introduction-data-engineering-4395021/airflow/dags/challenge_dag.py
[2024-04-02T09:05:56.143+0000] {processor.py:836} INFO - DAG(s) dict_keys(['challenge_dag']) retrieved from /workspaces/hands-on-introduction-data-engineering-4395021/airflow/dags/challenge_dag.py
[2024-04-02T09:05:56.153+0000] {logging_mixin.py:150} INFO - [2024-04-02T09:05:56.153+0000] {dag.py:2742} INFO - Sync 1 DAGs
[2024-04-02T09:05:56.257+0000] {logging_mixin.py:150} INFO - [2024-04-02T09:05:56.257+0000] {dag.py:3504} INFO - Setting next_dagrun for challenge_dag to None, run_after=None
[2024-04-02T09:05:56.311+0000] {processor.py:179} INFO - Processing /workspaces/hands-on-introduction-data-engineering-4395021/airflow/dags/challenge_dag.py took 0.434 seconds
[2024-04-02T09:06:36.971+0000] {processor.py:157} INFO - Started process (PID=16993) to work on /workspaces/hands-on-introduction-data-engineering-4395021/airflow/dags/challenge_dag.py
[2024-04-02T09:06:36.972+0000] {processor.py:826} INFO - Processing file /workspaces/hands-on-introduction-data-engineering-4395021/airflow/dags/challenge_dag.py for tasks to queue
[2024-04-02T09:06:36.973+0000] {logging_mixin.py:150} INFO - [2024-04-02T09:06:36.973+0000] {dagbag.py:541} INFO - Filling up the DagBag from /workspaces/hands-on-introduction-data-engineering-4395021/airflow/dags/challenge_dag.py
[2024-04-02T09:06:37.343+0000] {processor.py:836} INFO - DAG(s) dict_keys(['challenge_dag']) retrieved from /workspaces/hands-on-introduction-data-engineering-4395021/airflow/dags/challenge_dag.py
[2024-04-02T09:06:37.355+0000] {logging_mixin.py:150} INFO - [2024-04-02T09:06:37.355+0000] {dag.py:2742} INFO - Sync 1 DAGs
[2024-04-02T09:06:37.378+0000] {logging_mixin.py:150} INFO - [2024-04-02T09:06:37.378+0000] {dag.py:3504} INFO - Setting next_dagrun for challenge_dag to None, run_after=None
[2024-04-02T09:06:37.433+0000] {processor.py:179} INFO - Processing /workspaces/hands-on-introduction-data-engineering-4395021/airflow/dags/challenge_dag.py took 0.464 seconds
[2024-04-02T09:07:18.275+0000] {processor.py:157} INFO - Started process (PID=17685) to work on /workspaces/hands-on-introduction-data-engineering-4395021/airflow/dags/challenge_dag.py
[2024-04-02T09:07:18.276+0000] {processor.py:826} INFO - Processing file /workspaces/hands-on-introduction-data-engineering-4395021/airflow/dags/challenge_dag.py for tasks to queue
[2024-04-02T09:07:18.277+0000] {logging_mixin.py:150} INFO - [2024-04-02T09:07:18.277+0000] {dagbag.py:541} INFO - Filling up the DagBag from /workspaces/hands-on-introduction-data-engineering-4395021/airflow/dags/challenge_dag.py
[2024-04-02T09:07:18.714+0000] {processor.py:836} INFO - DAG(s) dict_keys(['challenge_dag']) retrieved from /workspaces/hands-on-introduction-data-engineering-4395021/airflow/dags/challenge_dag.py
[2024-04-02T09:07:18.723+0000] {logging_mixin.py:150} INFO - [2024-04-02T09:07:18.722+0000] {dag.py:2742} INFO - Sync 1 DAGs
[2024-04-02T09:07:18.737+0000] {logging_mixin.py:150} INFO - [2024-04-02T09:07:18.737+0000] {dag.py:3504} INFO - Setting next_dagrun for challenge_dag to None, run_after=None
[2024-04-02T09:07:18.775+0000] {processor.py:179} INFO - Processing /workspaces/hands-on-introduction-data-engineering-4395021/airflow/dags/challenge_dag.py took 0.502 seconds
[2024-04-02T09:07:57.389+0000] {processor.py:157} INFO - Started process (PID=17954) to work on /workspaces/hands-on-introduction-data-engineering-4395021/airflow/dags/challenge_dag.py
[2024-04-02T09:07:57.390+0000] {processor.py:826} INFO - Processing file /workspaces/hands-on-introduction-data-engineering-4395021/airflow/dags/challenge_dag.py for tasks to queue
[2024-04-02T09:07:57.391+0000] {logging_mixin.py:150} INFO - [2024-04-02T09:07:57.390+0000] {dagbag.py:541} INFO - Filling up the DagBag from /workspaces/hands-on-introduction-data-engineering-4395021/airflow/dags/challenge_dag.py
[2024-04-02T09:07:57.749+0000] {processor.py:836} INFO - DAG(s) dict_keys(['challenge_dag']) retrieved from /workspaces/hands-on-introduction-data-engineering-4395021/airflow/dags/challenge_dag.py
[2024-04-02T09:07:57.758+0000] {logging_mixin.py:150} INFO - [2024-04-02T09:07:57.758+0000] {dag.py:2742} INFO - Sync 1 DAGs
[2024-04-02T09:07:57.771+0000] {logging_mixin.py:150} INFO - [2024-04-02T09:07:57.771+0000] {dag.py:3504} INFO - Setting next_dagrun for challenge_dag to None, run_after=None
[2024-04-02T09:07:57.807+0000] {processor.py:179} INFO - Processing /workspaces/hands-on-introduction-data-engineering-4395021/airflow/dags/challenge_dag.py took 0.420 seconds
[2024-04-02T09:08:32.689+0000] {processor.py:157} INFO - Started process (PID=18209) to work on /workspaces/hands-on-introduction-data-engineering-4395021/airflow/dags/challenge_dag.py
[2024-04-02T09:08:32.690+0000] {processor.py:826} INFO - Processing file /workspaces/hands-on-introduction-data-engineering-4395021/airflow/dags/challenge_dag.py for tasks to queue
[2024-04-02T09:08:32.691+0000] {logging_mixin.py:150} INFO - [2024-04-02T09:08:32.691+0000] {dagbag.py:541} INFO - Filling up the DagBag from /workspaces/hands-on-introduction-data-engineering-4395021/airflow/dags/challenge_dag.py
[2024-04-02T09:08:33.088+0000] {processor.py:836} INFO - DAG(s) dict_keys(['challenge_dag']) retrieved from /workspaces/hands-on-introduction-data-engineering-4395021/airflow/dags/challenge_dag.py
[2024-04-02T09:08:33.097+0000] {logging_mixin.py:150} INFO - [2024-04-02T09:08:33.097+0000] {dag.py:2742} INFO - Sync 1 DAGs
[2024-04-02T09:08:33.111+0000] {logging_mixin.py:150} INFO - [2024-04-02T09:08:33.111+0000] {dag.py:3504} INFO - Setting next_dagrun for challenge_dag to None, run_after=None
[2024-04-02T09:08:33.149+0000] {processor.py:179} INFO - Processing /workspaces/hands-on-introduction-data-engineering-4395021/airflow/dags/challenge_dag.py took 0.462 seconds
[2024-04-02T09:09:12.039+0000] {processor.py:157} INFO - Started process (PID=18472) to work on /workspaces/hands-on-introduction-data-engineering-4395021/airflow/dags/challenge_dag.py
[2024-04-02T09:09:12.040+0000] {processor.py:826} INFO - Processing file /workspaces/hands-on-introduction-data-engineering-4395021/airflow/dags/challenge_dag.py for tasks to queue
[2024-04-02T09:09:12.041+0000] {logging_mixin.py:150} INFO - [2024-04-02T09:09:12.040+0000] {dagbag.py:541} INFO - Filling up the DagBag from /workspaces/hands-on-introduction-data-engineering-4395021/airflow/dags/challenge_dag.py
[2024-04-02T09:09:12.455+0000] {processor.py:836} INFO - DAG(s) dict_keys(['challenge_dag']) retrieved from /workspaces/hands-on-introduction-data-engineering-4395021/airflow/dags/challenge_dag.py
[2024-04-02T09:09:12.465+0000] {logging_mixin.py:150} INFO - [2024-04-02T09:09:12.465+0000] {dag.py:2742} INFO - Sync 1 DAGs
[2024-04-02T09:09:12.479+0000] {logging_mixin.py:150} INFO - [2024-04-02T09:09:12.479+0000] {dag.py:3504} INFO - Setting next_dagrun for challenge_dag to None, run_after=None
[2024-04-02T09:09:12.516+0000] {processor.py:179} INFO - Processing /workspaces/hands-on-introduction-data-engineering-4395021/airflow/dags/challenge_dag.py took 0.480 seconds
[2024-04-02T09:09:49.649+0000] {processor.py:157} INFO - Started process (PID=18742) to work on /workspaces/hands-on-introduction-data-engineering-4395021/airflow/dags/challenge_dag.py
[2024-04-02T09:09:49.649+0000] {processor.py:826} INFO - Processing file /workspaces/hands-on-introduction-data-engineering-4395021/airflow/dags/challenge_dag.py for tasks to queue
[2024-04-02T09:09:49.650+0000] {logging_mixin.py:150} INFO - [2024-04-02T09:09:49.650+0000] {dagbag.py:541} INFO - Filling up the DagBag from /workspaces/hands-on-introduction-data-engineering-4395021/airflow/dags/challenge_dag.py
[2024-04-02T09:09:50.050+0000] {processor.py:836} INFO - DAG(s) dict_keys(['challenge_dag']) retrieved from /workspaces/hands-on-introduction-data-engineering-4395021/airflow/dags/challenge_dag.py
[2024-04-02T09:09:50.059+0000] {logging_mixin.py:150} INFO - [2024-04-02T09:09:50.059+0000] {dag.py:2742} INFO - Sync 1 DAGs
[2024-04-02T09:09:50.074+0000] {logging_mixin.py:150} INFO - [2024-04-02T09:09:50.074+0000] {dag.py:3504} INFO - Setting next_dagrun for challenge_dag to None, run_after=None
[2024-04-02T09:09:50.113+0000] {processor.py:179} INFO - Processing /workspaces/hands-on-introduction-data-engineering-4395021/airflow/dags/challenge_dag.py took 0.466 seconds
[2024-04-02T09:10:28.566+0000] {processor.py:157} INFO - Started process (PID=19010) to work on /workspaces/hands-on-introduction-data-engineering-4395021/airflow/dags/challenge_dag.py
[2024-04-02T09:10:28.567+0000] {processor.py:826} INFO - Processing file /workspaces/hands-on-introduction-data-engineering-4395021/airflow/dags/challenge_dag.py for tasks to queue
[2024-04-02T09:10:28.568+0000] {logging_mixin.py:150} INFO - [2024-04-02T09:10:28.568+0000] {dagbag.py:541} INFO - Filling up the DagBag from /workspaces/hands-on-introduction-data-engineering-4395021/airflow/dags/challenge_dag.py
[2024-04-02T09:10:28.954+0000] {processor.py:836} INFO - DAG(s) dict_keys(['challenge_dag']) retrieved from /workspaces/hands-on-introduction-data-engineering-4395021/airflow/dags/challenge_dag.py
[2024-04-02T09:10:28.964+0000] {logging_mixin.py:150} INFO - [2024-04-02T09:10:28.964+0000] {dag.py:2742} INFO - Sync 1 DAGs
[2024-04-02T09:10:28.978+0000] {logging_mixin.py:150} INFO - [2024-04-02T09:10:28.978+0000] {dag.py:3504} INFO - Setting next_dagrun for challenge_dag to None, run_after=None
[2024-04-02T09:10:29.021+0000] {processor.py:179} INFO - Processing /workspaces/hands-on-introduction-data-engineering-4395021/airflow/dags/challenge_dag.py took 0.457 seconds
[2024-04-02T09:11:07.879+0000] {processor.py:157} INFO - Started process (PID=19278) to work on /workspaces/hands-on-introduction-data-engineering-4395021/airflow/dags/challenge_dag.py
[2024-04-02T09:11:07.880+0000] {processor.py:826} INFO - Processing file /workspaces/hands-on-introduction-data-engineering-4395021/airflow/dags/challenge_dag.py for tasks to queue
[2024-04-02T09:11:07.881+0000] {logging_mixin.py:150} INFO - [2024-04-02T09:11:07.881+0000] {dagbag.py:541} INFO - Filling up the DagBag from /workspaces/hands-on-introduction-data-engineering-4395021/airflow/dags/challenge_dag.py
[2024-04-02T09:11:08.371+0000] {processor.py:836} INFO - DAG(s) dict_keys(['challenge_dag']) retrieved from /workspaces/hands-on-introduction-data-engineering-4395021/airflow/dags/challenge_dag.py
[2024-04-02T09:11:08.386+0000] {logging_mixin.py:150} INFO - [2024-04-02T09:11:08.385+0000] {dag.py:2742} INFO - Sync 1 DAGs
[2024-04-02T09:11:08.409+0000] {logging_mixin.py:150} INFO - [2024-04-02T09:11:08.409+0000] {dag.py:3504} INFO - Setting next_dagrun for challenge_dag to None, run_after=None
[2024-04-02T09:11:08.455+0000] {processor.py:179} INFO - Processing /workspaces/hands-on-introduction-data-engineering-4395021/airflow/dags/challenge_dag.py took 0.578 seconds
[2024-04-02T09:11:46.692+0000] {processor.py:157} INFO - Started process (PID=19548) to work on /workspaces/hands-on-introduction-data-engineering-4395021/airflow/dags/challenge_dag.py
[2024-04-02T09:11:46.693+0000] {processor.py:826} INFO - Processing file /workspaces/hands-on-introduction-data-engineering-4395021/airflow/dags/challenge_dag.py for tasks to queue
[2024-04-02T09:11:46.694+0000] {logging_mixin.py:150} INFO - [2024-04-02T09:11:46.694+0000] {dagbag.py:541} INFO - Filling up the DagBag from /workspaces/hands-on-introduction-data-engineering-4395021/airflow/dags/challenge_dag.py
[2024-04-02T09:11:47.192+0000] {processor.py:836} INFO - DAG(s) dict_keys(['challenge_dag']) retrieved from /workspaces/hands-on-introduction-data-engineering-4395021/airflow/dags/challenge_dag.py
[2024-04-02T09:11:47.200+0000] {logging_mixin.py:150} INFO - [2024-04-02T09:11:47.200+0000] {dag.py:2742} INFO - Sync 1 DAGs
[2024-04-02T09:11:47.214+0000] {logging_mixin.py:150} INFO - [2024-04-02T09:11:47.214+0000] {dag.py:3504} INFO - Setting next_dagrun for challenge_dag to None, run_after=None
[2024-04-02T09:11:47.253+0000] {processor.py:179} INFO - Processing /workspaces/hands-on-introduction-data-engineering-4395021/airflow/dags/challenge_dag.py took 0.564 seconds
[2024-04-02T09:12:27.279+0000] {processor.py:157} INFO - Started process (PID=19817) to work on /workspaces/hands-on-introduction-data-engineering-4395021/airflow/dags/challenge_dag.py
[2024-04-02T09:12:27.279+0000] {processor.py:826} INFO - Processing file /workspaces/hands-on-introduction-data-engineering-4395021/airflow/dags/challenge_dag.py for tasks to queue
[2024-04-02T09:12:27.280+0000] {logging_mixin.py:150} INFO - [2024-04-02T09:12:27.280+0000] {dagbag.py:541} INFO - Filling up the DagBag from /workspaces/hands-on-introduction-data-engineering-4395021/airflow/dags/challenge_dag.py
[2024-04-02T09:12:27.700+0000] {processor.py:836} INFO - DAG(s) dict_keys(['challenge_dag']) retrieved from /workspaces/hands-on-introduction-data-engineering-4395021/airflow/dags/challenge_dag.py
[2024-04-02T09:12:27.708+0000] {logging_mixin.py:150} INFO - [2024-04-02T09:12:27.708+0000] {dag.py:2742} INFO - Sync 1 DAGs
[2024-04-02T09:12:27.725+0000] {logging_mixin.py:150} INFO - [2024-04-02T09:12:27.725+0000] {dag.py:3504} INFO - Setting next_dagrun for challenge_dag to None, run_after=None
[2024-04-02T09:12:27.760+0000] {processor.py:179} INFO - Processing /workspaces/hands-on-introduction-data-engineering-4395021/airflow/dags/challenge_dag.py took 0.484 seconds
[2024-04-02T09:13:07.704+0000] {processor.py:157} INFO - Started process (PID=20094) to work on /workspaces/hands-on-introduction-data-engineering-4395021/airflow/dags/challenge_dag.py
[2024-04-02T09:13:07.704+0000] {processor.py:826} INFO - Processing file /workspaces/hands-on-introduction-data-engineering-4395021/airflow/dags/challenge_dag.py for tasks to queue
[2024-04-02T09:13:07.705+0000] {logging_mixin.py:150} INFO - [2024-04-02T09:13:07.705+0000] {dagbag.py:541} INFO - Filling up the DagBag from /workspaces/hands-on-introduction-data-engineering-4395021/airflow/dags/challenge_dag.py
[2024-04-02T09:13:08.233+0000] {processor.py:836} INFO - DAG(s) dict_keys(['challenge_dag']) retrieved from /workspaces/hands-on-introduction-data-engineering-4395021/airflow/dags/challenge_dag.py
[2024-04-02T09:13:08.246+0000] {logging_mixin.py:150} INFO - [2024-04-02T09:13:08.245+0000] {dag.py:2742} INFO - Sync 1 DAGs
[2024-04-02T09:13:08.267+0000] {logging_mixin.py:150} INFO - [2024-04-02T09:13:08.267+0000] {dag.py:3504} INFO - Setting next_dagrun for challenge_dag to None, run_after=None
[2024-04-02T09:13:08.320+0000] {processor.py:179} INFO - Processing /workspaces/hands-on-introduction-data-engineering-4395021/airflow/dags/challenge_dag.py took 0.618 seconds
[2024-04-02T09:13:46.105+0000] {processor.py:157} INFO - Started process (PID=20349) to work on /workspaces/hands-on-introduction-data-engineering-4395021/airflow/dags/challenge_dag.py
[2024-04-02T09:13:46.113+0000] {processor.py:826} INFO - Processing file /workspaces/hands-on-introduction-data-engineering-4395021/airflow/dags/challenge_dag.py for tasks to queue
[2024-04-02T09:13:46.114+0000] {logging_mixin.py:150} INFO - [2024-04-02T09:13:46.114+0000] {dagbag.py:541} INFO - Filling up the DagBag from /workspaces/hands-on-introduction-data-engineering-4395021/airflow/dags/challenge_dag.py
[2024-04-02T09:13:46.534+0000] {processor.py:836} INFO - DAG(s) dict_keys(['challenge_dag']) retrieved from /workspaces/hands-on-introduction-data-engineering-4395021/airflow/dags/challenge_dag.py
[2024-04-02T09:13:46.543+0000] {logging_mixin.py:150} INFO - [2024-04-02T09:13:46.543+0000] {dag.py:2742} INFO - Sync 1 DAGs
[2024-04-02T09:13:46.557+0000] {logging_mixin.py:150} INFO - [2024-04-02T09:13:46.557+0000] {dag.py:3504} INFO - Setting next_dagrun for challenge_dag to None, run_after=None
[2024-04-02T09:13:46.594+0000] {processor.py:179} INFO - Processing /workspaces/hands-on-introduction-data-engineering-4395021/airflow/dags/challenge_dag.py took 0.492 seconds
[2024-04-02T09:14:21.848+0000] {processor.py:157} INFO - Started process (PID=20599) to work on /workspaces/hands-on-introduction-data-engineering-4395021/airflow/dags/challenge_dag.py
[2024-04-02T09:14:21.849+0000] {processor.py:826} INFO - Processing file /workspaces/hands-on-introduction-data-engineering-4395021/airflow/dags/challenge_dag.py for tasks to queue
[2024-04-02T09:14:21.850+0000] {logging_mixin.py:150} INFO - [2024-04-02T09:14:21.850+0000] {dagbag.py:541} INFO - Filling up the DagBag from /workspaces/hands-on-introduction-data-engineering-4395021/airflow/dags/challenge_dag.py
[2024-04-02T09:14:22.214+0000] {processor.py:836} INFO - DAG(s) dict_keys(['challenge_dag']) retrieved from /workspaces/hands-on-introduction-data-engineering-4395021/airflow/dags/challenge_dag.py
[2024-04-02T09:14:22.231+0000] {logging_mixin.py:150} INFO - [2024-04-02T09:14:22.231+0000] {dag.py:2742} INFO - Sync 1 DAGs
[2024-04-02T09:14:22.256+0000] {logging_mixin.py:150} INFO - [2024-04-02T09:14:22.256+0000] {dag.py:3504} INFO - Setting next_dagrun for challenge_dag to None, run_after=None
[2024-04-02T09:14:22.313+0000] {processor.py:179} INFO - Processing /workspaces/hands-on-introduction-data-engineering-4395021/airflow/dags/challenge_dag.py took 0.468 seconds
[2024-04-02T09:14:56.501+0000] {processor.py:157} INFO - Started process (PID=20855) to work on /workspaces/hands-on-introduction-data-engineering-4395021/airflow/dags/challenge_dag.py
[2024-04-02T09:14:56.502+0000] {processor.py:826} INFO - Processing file /workspaces/hands-on-introduction-data-engineering-4395021/airflow/dags/challenge_dag.py for tasks to queue
[2024-04-02T09:14:56.503+0000] {logging_mixin.py:150} INFO - [2024-04-02T09:14:56.502+0000] {dagbag.py:541} INFO - Filling up the DagBag from /workspaces/hands-on-introduction-data-engineering-4395021/airflow/dags/challenge_dag.py
[2024-04-02T09:14:57.066+0000] {processor.py:836} INFO - DAG(s) dict_keys(['challenge_dag']) retrieved from /workspaces/hands-on-introduction-data-engineering-4395021/airflow/dags/challenge_dag.py
[2024-04-02T09:14:57.079+0000] {logging_mixin.py:150} INFO - [2024-04-02T09:14:57.079+0000] {dag.py:2742} INFO - Sync 1 DAGs
[2024-04-02T09:14:57.101+0000] {logging_mixin.py:150} INFO - [2024-04-02T09:14:57.100+0000] {dag.py:3504} INFO - Setting next_dagrun for challenge_dag to None, run_after=None
[2024-04-02T09:14:57.143+0000] {processor.py:179} INFO - Processing /workspaces/hands-on-introduction-data-engineering-4395021/airflow/dags/challenge_dag.py took 0.645 seconds
[2024-04-02T09:15:29.120+0000] {processor.py:157} INFO - Started process (PID=21078) to work on /workspaces/hands-on-introduction-data-engineering-4395021/airflow/dags/challenge_dag.py
[2024-04-02T09:15:29.121+0000] {processor.py:826} INFO - Processing file /workspaces/hands-on-introduction-data-engineering-4395021/airflow/dags/challenge_dag.py for tasks to queue
[2024-04-02T09:15:29.122+0000] {logging_mixin.py:150} INFO - [2024-04-02T09:15:29.122+0000] {dagbag.py:541} INFO - Filling up the DagBag from /workspaces/hands-on-introduction-data-engineering-4395021/airflow/dags/challenge_dag.py
[2024-04-02T09:15:29.646+0000] {processor.py:836} INFO - DAG(s) dict_keys(['challenge_dag']) retrieved from /workspaces/hands-on-introduction-data-engineering-4395021/airflow/dags/challenge_dag.py
[2024-04-02T09:15:29.658+0000] {logging_mixin.py:150} INFO - [2024-04-02T09:15:29.658+0000] {dag.py:2742} INFO - Sync 1 DAGs
[2024-04-02T09:15:29.679+0000] {logging_mixin.py:150} INFO - [2024-04-02T09:15:29.679+0000] {dag.py:3504} INFO - Setting next_dagrun for challenge_dag to None, run_after=None
[2024-04-02T09:15:29.732+0000] {processor.py:179} INFO - Processing /workspaces/hands-on-introduction-data-engineering-4395021/airflow/dags/challenge_dag.py took 0.615 seconds
[2024-04-02T09:16:06.592+0000] {processor.py:157} INFO - Started process (PID=21341) to work on /workspaces/hands-on-introduction-data-engineering-4395021/airflow/dags/challenge_dag.py
[2024-04-02T09:16:06.593+0000] {processor.py:826} INFO - Processing file /workspaces/hands-on-introduction-data-engineering-4395021/airflow/dags/challenge_dag.py for tasks to queue
[2024-04-02T09:16:06.594+0000] {logging_mixin.py:150} INFO - [2024-04-02T09:16:06.594+0000] {dagbag.py:541} INFO - Filling up the DagBag from /workspaces/hands-on-introduction-data-engineering-4395021/airflow/dags/challenge_dag.py
[2024-04-02T09:16:06.978+0000] {processor.py:836} INFO - DAG(s) dict_keys(['challenge_dag']) retrieved from /workspaces/hands-on-introduction-data-engineering-4395021/airflow/dags/challenge_dag.py
[2024-04-02T09:16:06.987+0000] {logging_mixin.py:150} INFO - [2024-04-02T09:16:06.987+0000] {dag.py:2742} INFO - Sync 1 DAGs
[2024-04-02T09:16:07.000+0000] {logging_mixin.py:150} INFO - [2024-04-02T09:16:07.000+0000] {dag.py:3504} INFO - Setting next_dagrun for challenge_dag to None, run_after=None
[2024-04-02T09:16:07.035+0000] {processor.py:179} INFO - Processing /workspaces/hands-on-introduction-data-engineering-4395021/airflow/dags/challenge_dag.py took 0.446 seconds
[2024-04-02T09:16:45.633+0000] {processor.py:157} INFO - Started process (PID=21613) to work on /workspaces/hands-on-introduction-data-engineering-4395021/airflow/dags/challenge_dag.py
[2024-04-02T09:16:45.634+0000] {processor.py:826} INFO - Processing file /workspaces/hands-on-introduction-data-engineering-4395021/airflow/dags/challenge_dag.py for tasks to queue
[2024-04-02T09:16:45.634+0000] {logging_mixin.py:150} INFO - [2024-04-02T09:16:45.634+0000] {dagbag.py:541} INFO - Filling up the DagBag from /workspaces/hands-on-introduction-data-engineering-4395021/airflow/dags/challenge_dag.py
[2024-04-02T09:16:46.105+0000] {processor.py:836} INFO - DAG(s) dict_keys(['challenge_dag']) retrieved from /workspaces/hands-on-introduction-data-engineering-4395021/airflow/dags/challenge_dag.py
[2024-04-02T09:16:46.117+0000] {logging_mixin.py:150} INFO - [2024-04-02T09:16:46.117+0000] {dag.py:2742} INFO - Sync 1 DAGs
[2024-04-02T09:16:46.141+0000] {logging_mixin.py:150} INFO - [2024-04-02T09:16:46.141+0000] {dag.py:3504} INFO - Setting next_dagrun for challenge_dag to None, run_after=None
[2024-04-02T09:16:46.183+0000] {processor.py:179} INFO - Processing /workspaces/hands-on-introduction-data-engineering-4395021/airflow/dags/challenge_dag.py took 0.553 seconds
[2024-04-02T09:17:27.226+0000] {processor.py:157} INFO - Started process (PID=21891) to work on /workspaces/hands-on-introduction-data-engineering-4395021/airflow/dags/challenge_dag.py
[2024-04-02T09:17:27.227+0000] {processor.py:826} INFO - Processing file /workspaces/hands-on-introduction-data-engineering-4395021/airflow/dags/challenge_dag.py for tasks to queue
[2024-04-02T09:17:27.228+0000] {logging_mixin.py:150} INFO - [2024-04-02T09:17:27.228+0000] {dagbag.py:541} INFO - Filling up the DagBag from /workspaces/hands-on-introduction-data-engineering-4395021/airflow/dags/challenge_dag.py
[2024-04-02T09:17:27.576+0000] {processor.py:836} INFO - DAG(s) dict_keys(['challenge_dag']) retrieved from /workspaces/hands-on-introduction-data-engineering-4395021/airflow/dags/challenge_dag.py
[2024-04-02T09:17:27.584+0000] {logging_mixin.py:150} INFO - [2024-04-02T09:17:27.584+0000] {dag.py:2742} INFO - Sync 1 DAGs
[2024-04-02T09:17:27.597+0000] {logging_mixin.py:150} INFO - [2024-04-02T09:17:27.597+0000] {dag.py:3504} INFO - Setting next_dagrun for challenge_dag to None, run_after=None
[2024-04-02T09:17:27.634+0000] {processor.py:179} INFO - Processing /workspaces/hands-on-introduction-data-engineering-4395021/airflow/dags/challenge_dag.py took 0.410 seconds
[2024-04-02T09:18:03.387+0000] {processor.py:157} INFO - Started process (PID=22146) to work on /workspaces/hands-on-introduction-data-engineering-4395021/airflow/dags/challenge_dag.py
[2024-04-02T09:18:03.388+0000] {processor.py:826} INFO - Processing file /workspaces/hands-on-introduction-data-engineering-4395021/airflow/dags/challenge_dag.py for tasks to queue
[2024-04-02T09:18:03.389+0000] {logging_mixin.py:150} INFO - [2024-04-02T09:18:03.389+0000] {dagbag.py:541} INFO - Filling up the DagBag from /workspaces/hands-on-introduction-data-engineering-4395021/airflow/dags/challenge_dag.py
[2024-04-02T09:18:03.951+0000] {processor.py:836} INFO - DAG(s) dict_keys(['challenge_dag']) retrieved from /workspaces/hands-on-introduction-data-engineering-4395021/airflow/dags/challenge_dag.py
[2024-04-02T09:18:03.960+0000] {logging_mixin.py:150} INFO - [2024-04-02T09:18:03.960+0000] {dag.py:2742} INFO - Sync 1 DAGs
[2024-04-02T09:18:03.975+0000] {logging_mixin.py:150} INFO - [2024-04-02T09:18:03.975+0000] {dag.py:3504} INFO - Setting next_dagrun for challenge_dag to None, run_after=None
[2024-04-02T09:18:04.015+0000] {processor.py:179} INFO - Processing /workspaces/hands-on-introduction-data-engineering-4395021/airflow/dags/challenge_dag.py took 0.632 seconds
[2024-04-02T09:18:44.142+0000] {processor.py:157} INFO - Started process (PID=22423) to work on /workspaces/hands-on-introduction-data-engineering-4395021/airflow/dags/challenge_dag.py
[2024-04-02T09:18:44.142+0000] {processor.py:826} INFO - Processing file /workspaces/hands-on-introduction-data-engineering-4395021/airflow/dags/challenge_dag.py for tasks to queue
[2024-04-02T09:18:44.143+0000] {logging_mixin.py:150} INFO - [2024-04-02T09:18:44.143+0000] {dagbag.py:541} INFO - Filling up the DagBag from /workspaces/hands-on-introduction-data-engineering-4395021/airflow/dags/challenge_dag.py
[2024-04-02T09:18:44.553+0000] {processor.py:836} INFO - DAG(s) dict_keys(['challenge_dag']) retrieved from /workspaces/hands-on-introduction-data-engineering-4395021/airflow/dags/challenge_dag.py
[2024-04-02T09:18:44.565+0000] {logging_mixin.py:150} INFO - [2024-04-02T09:18:44.565+0000] {dag.py:2742} INFO - Sync 1 DAGs
[2024-04-02T09:18:44.586+0000] {logging_mixin.py:150} INFO - [2024-04-02T09:18:44.586+0000] {dag.py:3504} INFO - Setting next_dagrun for challenge_dag to None, run_after=None
[2024-04-02T09:18:44.629+0000] {processor.py:179} INFO - Processing /workspaces/hands-on-introduction-data-engineering-4395021/airflow/dags/challenge_dag.py took 0.490 seconds
[2024-04-02T09:19:24.500+0000] {processor.py:157} INFO - Started process (PID=22699) to work on /workspaces/hands-on-introduction-data-engineering-4395021/airflow/dags/challenge_dag.py
[2024-04-02T09:19:24.501+0000] {processor.py:826} INFO - Processing file /workspaces/hands-on-introduction-data-engineering-4395021/airflow/dags/challenge_dag.py for tasks to queue
[2024-04-02T09:19:24.501+0000] {logging_mixin.py:150} INFO - [2024-04-02T09:19:24.501+0000] {dagbag.py:541} INFO - Filling up the DagBag from /workspaces/hands-on-introduction-data-engineering-4395021/airflow/dags/challenge_dag.py
[2024-04-02T09:19:24.964+0000] {processor.py:836} INFO - DAG(s) dict_keys(['challenge_dag']) retrieved from /workspaces/hands-on-introduction-data-engineering-4395021/airflow/dags/challenge_dag.py
[2024-04-02T09:19:24.977+0000] {logging_mixin.py:150} INFO - [2024-04-02T09:19:24.977+0000] {dag.py:2742} INFO - Sync 1 DAGs
[2024-04-02T09:19:24.999+0000] {logging_mixin.py:150} INFO - [2024-04-02T09:19:24.999+0000] {dag.py:3504} INFO - Setting next_dagrun for challenge_dag to None, run_after=None
[2024-04-02T09:19:25.042+0000] {processor.py:179} INFO - Processing /workspaces/hands-on-introduction-data-engineering-4395021/airflow/dags/challenge_dag.py took 0.544 seconds
[2024-04-02T09:19:57.639+0000] {processor.py:157} INFO - Started process (PID=22950) to work on /workspaces/hands-on-introduction-data-engineering-4395021/airflow/dags/challenge_dag.py
[2024-04-02T09:19:57.640+0000] {processor.py:826} INFO - Processing file /workspaces/hands-on-introduction-data-engineering-4395021/airflow/dags/challenge_dag.py for tasks to queue
[2024-04-02T09:19:57.641+0000] {logging_mixin.py:150} INFO - [2024-04-02T09:19:57.640+0000] {dagbag.py:541} INFO - Filling up the DagBag from /workspaces/hands-on-introduction-data-engineering-4395021/airflow/dags/challenge_dag.py
[2024-04-02T09:19:57.992+0000] {processor.py:836} INFO - DAG(s) dict_keys(['challenge_dag']) retrieved from /workspaces/hands-on-introduction-data-engineering-4395021/airflow/dags/challenge_dag.py
[2024-04-02T09:19:58.000+0000] {logging_mixin.py:150} INFO - [2024-04-02T09:19:58.000+0000] {dag.py:2742} INFO - Sync 1 DAGs
[2024-04-02T09:19:58.014+0000] {logging_mixin.py:150} INFO - [2024-04-02T09:19:58.014+0000] {dag.py:3504} INFO - Setting next_dagrun for challenge_dag to None, run_after=None
[2024-04-02T09:19:58.075+0000] {processor.py:179} INFO - Processing /workspaces/hands-on-introduction-data-engineering-4395021/airflow/dags/challenge_dag.py took 0.438 seconds
[2024-04-02T09:20:34.401+0000] {processor.py:157} INFO - Started process (PID=23189) to work on /workspaces/hands-on-introduction-data-engineering-4395021/airflow/dags/challenge_dag.py
[2024-04-02T09:20:34.402+0000] {processor.py:826} INFO - Processing file /workspaces/hands-on-introduction-data-engineering-4395021/airflow/dags/challenge_dag.py for tasks to queue
[2024-04-02T09:20:34.403+0000] {logging_mixin.py:150} INFO - [2024-04-02T09:20:34.403+0000] {dagbag.py:541} INFO - Filling up the DagBag from /workspaces/hands-on-introduction-data-engineering-4395021/airflow/dags/challenge_dag.py
[2024-04-02T09:20:34.792+0000] {processor.py:836} INFO - DAG(s) dict_keys(['challenge_dag']) retrieved from /workspaces/hands-on-introduction-data-engineering-4395021/airflow/dags/challenge_dag.py
[2024-04-02T09:20:34.800+0000] {logging_mixin.py:150} INFO - [2024-04-02T09:20:34.800+0000] {dag.py:2742} INFO - Sync 1 DAGs
[2024-04-02T09:20:34.815+0000] {logging_mixin.py:150} INFO - [2024-04-02T09:20:34.815+0000] {dag.py:3504} INFO - Setting next_dagrun for challenge_dag to None, run_after=None
[2024-04-02T09:20:34.858+0000] {processor.py:179} INFO - Processing /workspaces/hands-on-introduction-data-engineering-4395021/airflow/dags/challenge_dag.py took 0.460 seconds
[2024-04-02T09:21:13.863+0000] {processor.py:157} INFO - Started process (PID=23459) to work on /workspaces/hands-on-introduction-data-engineering-4395021/airflow/dags/challenge_dag.py
[2024-04-02T09:21:13.864+0000] {processor.py:826} INFO - Processing file /workspaces/hands-on-introduction-data-engineering-4395021/airflow/dags/challenge_dag.py for tasks to queue
[2024-04-02T09:21:13.865+0000] {logging_mixin.py:150} INFO - [2024-04-02T09:21:13.864+0000] {dagbag.py:541} INFO - Filling up the DagBag from /workspaces/hands-on-introduction-data-engineering-4395021/airflow/dags/challenge_dag.py
[2024-04-02T09:21:14.438+0000] {processor.py:836} INFO - DAG(s) dict_keys(['challenge_dag']) retrieved from /workspaces/hands-on-introduction-data-engineering-4395021/airflow/dags/challenge_dag.py
[2024-04-02T09:21:14.447+0000] {logging_mixin.py:150} INFO - [2024-04-02T09:21:14.447+0000] {dag.py:2742} INFO - Sync 1 DAGs
[2024-04-02T09:21:14.461+0000] {logging_mixin.py:150} INFO - [2024-04-02T09:21:14.461+0000] {dag.py:3504} INFO - Setting next_dagrun for challenge_dag to None, run_after=None
[2024-04-02T09:21:14.504+0000] {processor.py:179} INFO - Processing /workspaces/hands-on-introduction-data-engineering-4395021/airflow/dags/challenge_dag.py took 0.645 seconds
[2024-04-02T09:21:49.472+0000] {processor.py:157} INFO - Started process (PID=23709) to work on /workspaces/hands-on-introduction-data-engineering-4395021/airflow/dags/challenge_dag.py
[2024-04-02T09:21:49.473+0000] {processor.py:826} INFO - Processing file /workspaces/hands-on-introduction-data-engineering-4395021/airflow/dags/challenge_dag.py for tasks to queue
[2024-04-02T09:21:49.474+0000] {logging_mixin.py:150} INFO - [2024-04-02T09:21:49.474+0000] {dagbag.py:541} INFO - Filling up the DagBag from /workspaces/hands-on-introduction-data-engineering-4395021/airflow/dags/challenge_dag.py
[2024-04-02T09:21:49.930+0000] {processor.py:836} INFO - DAG(s) dict_keys(['challenge_dag']) retrieved from /workspaces/hands-on-introduction-data-engineering-4395021/airflow/dags/challenge_dag.py
[2024-04-02T09:21:49.941+0000] {logging_mixin.py:150} INFO - [2024-04-02T09:21:49.941+0000] {dag.py:2742} INFO - Sync 1 DAGs
[2024-04-02T09:21:49.955+0000] {logging_mixin.py:150} INFO - [2024-04-02T09:21:49.955+0000] {dag.py:3504} INFO - Setting next_dagrun for challenge_dag to None, run_after=None
[2024-04-02T09:21:49.993+0000] {processor.py:179} INFO - Processing /workspaces/hands-on-introduction-data-engineering-4395021/airflow/dags/challenge_dag.py took 0.525 seconds
[2024-04-02T09:22:27.487+0000] {processor.py:157} INFO - Started process (PID=23960) to work on /workspaces/hands-on-introduction-data-engineering-4395021/airflow/dags/challenge_dag.py
[2024-04-02T09:22:27.488+0000] {processor.py:826} INFO - Processing file /workspaces/hands-on-introduction-data-engineering-4395021/airflow/dags/challenge_dag.py for tasks to queue
[2024-04-02T09:22:27.489+0000] {logging_mixin.py:150} INFO - [2024-04-02T09:22:27.488+0000] {dagbag.py:541} INFO - Filling up the DagBag from /workspaces/hands-on-introduction-data-engineering-4395021/airflow/dags/challenge_dag.py
[2024-04-02T09:22:28.037+0000] {processor.py:836} INFO - DAG(s) dict_keys(['challenge_dag']) retrieved from /workspaces/hands-on-introduction-data-engineering-4395021/airflow/dags/challenge_dag.py
[2024-04-02T09:22:28.051+0000] {logging_mixin.py:150} INFO - [2024-04-02T09:22:28.050+0000] {dag.py:2742} INFO - Sync 1 DAGs
[2024-04-02T09:22:28.070+0000] {logging_mixin.py:150} INFO - [2024-04-02T09:22:28.070+0000] {dag.py:3504} INFO - Setting next_dagrun for challenge_dag to None, run_after=None
[2024-04-02T09:22:28.120+0000] {processor.py:179} INFO - Processing /workspaces/hands-on-introduction-data-engineering-4395021/airflow/dags/challenge_dag.py took 0.637 seconds
[2024-04-02T09:23:07.354+0000] {processor.py:157} INFO - Started process (PID=24238) to work on /workspaces/hands-on-introduction-data-engineering-4395021/airflow/dags/challenge_dag.py
[2024-04-02T09:23:07.355+0000] {processor.py:826} INFO - Processing file /workspaces/hands-on-introduction-data-engineering-4395021/airflow/dags/challenge_dag.py for tasks to queue
[2024-04-02T09:23:07.355+0000] {logging_mixin.py:150} INFO - [2024-04-02T09:23:07.355+0000] {dagbag.py:541} INFO - Filling up the DagBag from /workspaces/hands-on-introduction-data-engineering-4395021/airflow/dags/challenge_dag.py
[2024-04-02T09:23:07.721+0000] {processor.py:836} INFO - DAG(s) dict_keys(['challenge_dag']) retrieved from /workspaces/hands-on-introduction-data-engineering-4395021/airflow/dags/challenge_dag.py
[2024-04-02T09:23:07.734+0000] {logging_mixin.py:150} INFO - [2024-04-02T09:23:07.733+0000] {dag.py:2742} INFO - Sync 1 DAGs
[2024-04-02T09:23:07.756+0000] {logging_mixin.py:150} INFO - [2024-04-02T09:23:07.756+0000] {dag.py:3504} INFO - Setting next_dagrun for challenge_dag to None, run_after=None
[2024-04-02T09:23:07.801+0000] {processor.py:179} INFO - Processing /workspaces/hands-on-introduction-data-engineering-4395021/airflow/dags/challenge_dag.py took 0.450 seconds
[2024-04-02T09:23:46.058+0000] {processor.py:157} INFO - Started process (PID=24500) to work on /workspaces/hands-on-introduction-data-engineering-4395021/airflow/dags/challenge_dag.py
[2024-04-02T09:23:46.059+0000] {processor.py:826} INFO - Processing file /workspaces/hands-on-introduction-data-engineering-4395021/airflow/dags/challenge_dag.py for tasks to queue
[2024-04-02T09:23:46.061+0000] {logging_mixin.py:150} INFO - [2024-04-02T09:23:46.060+0000] {dagbag.py:541} INFO - Filling up the DagBag from /workspaces/hands-on-introduction-data-engineering-4395021/airflow/dags/challenge_dag.py
[2024-04-02T09:23:46.704+0000] {processor.py:836} INFO - DAG(s) dict_keys(['challenge_dag']) retrieved from /workspaces/hands-on-introduction-data-engineering-4395021/airflow/dags/challenge_dag.py
[2024-04-02T09:23:46.716+0000] {logging_mixin.py:150} INFO - [2024-04-02T09:23:46.716+0000] {dag.py:2742} INFO - Sync 1 DAGs
[2024-04-02T09:23:46.737+0000] {logging_mixin.py:150} INFO - [2024-04-02T09:23:46.737+0000] {dag.py:3504} INFO - Setting next_dagrun for challenge_dag to None, run_after=None
[2024-04-02T09:23:46.774+0000] {processor.py:179} INFO - Processing /workspaces/hands-on-introduction-data-engineering-4395021/airflow/dags/challenge_dag.py took 0.720 seconds
[2024-04-02T09:24:28.576+0000] {processor.py:157} INFO - Started process (PID=24790) to work on /workspaces/hands-on-introduction-data-engineering-4395021/airflow/dags/challenge_dag.py
[2024-04-02T09:24:28.577+0000] {processor.py:826} INFO - Processing file /workspaces/hands-on-introduction-data-engineering-4395021/airflow/dags/challenge_dag.py for tasks to queue
[2024-04-02T09:24:28.578+0000] {logging_mixin.py:150} INFO - [2024-04-02T09:24:28.577+0000] {dagbag.py:541} INFO - Filling up the DagBag from /workspaces/hands-on-introduction-data-engineering-4395021/airflow/dags/challenge_dag.py
[2024-04-02T09:24:28.936+0000] {processor.py:836} INFO - DAG(s) dict_keys(['challenge_dag']) retrieved from /workspaces/hands-on-introduction-data-engineering-4395021/airflow/dags/challenge_dag.py
[2024-04-02T09:24:28.945+0000] {logging_mixin.py:150} INFO - [2024-04-02T09:24:28.945+0000] {dag.py:2742} INFO - Sync 1 DAGs
[2024-04-02T09:24:28.959+0000] {logging_mixin.py:150} INFO - [2024-04-02T09:24:28.959+0000] {dag.py:3504} INFO - Setting next_dagrun for challenge_dag to None, run_after=None
[2024-04-02T09:24:28.998+0000] {processor.py:179} INFO - Processing /workspaces/hands-on-introduction-data-engineering-4395021/airflow/dags/challenge_dag.py took 0.424 seconds
[2024-04-02T09:25:09.221+0000] {processor.py:157} INFO - Started process (PID=25088) to work on /workspaces/hands-on-introduction-data-engineering-4395021/airflow/dags/challenge_dag.py
[2024-04-02T09:25:09.221+0000] {processor.py:826} INFO - Processing file /workspaces/hands-on-introduction-data-engineering-4395021/airflow/dags/challenge_dag.py for tasks to queue
[2024-04-02T09:25:09.222+0000] {logging_mixin.py:150} INFO - [2024-04-02T09:25:09.222+0000] {dagbag.py:541} INFO - Filling up the DagBag from /workspaces/hands-on-introduction-data-engineering-4395021/airflow/dags/challenge_dag.py
[2024-04-02T09:25:09.712+0000] {processor.py:836} INFO - DAG(s) dict_keys(['challenge_dag']) retrieved from /workspaces/hands-on-introduction-data-engineering-4395021/airflow/dags/challenge_dag.py
[2024-04-02T09:25:09.725+0000] {logging_mixin.py:150} INFO - [2024-04-02T09:25:09.724+0000] {dag.py:2742} INFO - Sync 1 DAGs
[2024-04-02T09:25:09.748+0000] {logging_mixin.py:150} INFO - [2024-04-02T09:25:09.747+0000] {dag.py:3504} INFO - Setting next_dagrun for challenge_dag to None, run_after=None
[2024-04-02T09:25:09.792+0000] {processor.py:179} INFO - Processing /workspaces/hands-on-introduction-data-engineering-4395021/airflow/dags/challenge_dag.py took 0.574 seconds
[2024-04-02T09:25:52.317+0000] {processor.py:157} INFO - Started process (PID=25379) to work on /workspaces/hands-on-introduction-data-engineering-4395021/airflow/dags/challenge_dag.py
[2024-04-02T09:25:52.318+0000] {processor.py:826} INFO - Processing file /workspaces/hands-on-introduction-data-engineering-4395021/airflow/dags/challenge_dag.py for tasks to queue
[2024-04-02T09:25:52.319+0000] {logging_mixin.py:150} INFO - [2024-04-02T09:25:52.319+0000] {dagbag.py:541} INFO - Filling up the DagBag from /workspaces/hands-on-introduction-data-engineering-4395021/airflow/dags/challenge_dag.py
[2024-04-02T09:25:53.005+0000] {processor.py:836} INFO - DAG(s) dict_keys(['challenge_dag']) retrieved from /workspaces/hands-on-introduction-data-engineering-4395021/airflow/dags/challenge_dag.py
[2024-04-02T09:25:53.013+0000] {logging_mixin.py:150} INFO - [2024-04-02T09:25:53.013+0000] {dag.py:2742} INFO - Sync 1 DAGs
[2024-04-02T09:25:53.027+0000] {logging_mixin.py:150} INFO - [2024-04-02T09:25:53.027+0000] {dag.py:3504} INFO - Setting next_dagrun for challenge_dag to None, run_after=None
[2024-04-02T09:25:53.065+0000] {processor.py:179} INFO - Processing /workspaces/hands-on-introduction-data-engineering-4395021/airflow/dags/challenge_dag.py took 0.751 seconds
[2024-04-02T09:26:35.527+0000] {processor.py:157} INFO - Started process (PID=25685) to work on /workspaces/hands-on-introduction-data-engineering-4395021/airflow/dags/challenge_dag.py
[2024-04-02T09:26:35.528+0000] {processor.py:826} INFO - Processing file /workspaces/hands-on-introduction-data-engineering-4395021/airflow/dags/challenge_dag.py for tasks to queue
[2024-04-02T09:26:35.529+0000] {logging_mixin.py:150} INFO - [2024-04-02T09:26:35.528+0000] {dagbag.py:541} INFO - Filling up the DagBag from /workspaces/hands-on-introduction-data-engineering-4395021/airflow/dags/challenge_dag.py
[2024-04-02T09:26:35.991+0000] {processor.py:836} INFO - DAG(s) dict_keys(['challenge_dag']) retrieved from /workspaces/hands-on-introduction-data-engineering-4395021/airflow/dags/challenge_dag.py
[2024-04-02T09:26:36.004+0000] {logging_mixin.py:150} INFO - [2024-04-02T09:26:36.004+0000] {dag.py:2742} INFO - Sync 1 DAGs
[2024-04-02T09:26:36.027+0000] {logging_mixin.py:150} INFO - [2024-04-02T09:26:36.026+0000] {dag.py:3504} INFO - Setting next_dagrun for challenge_dag to None, run_after=None
[2024-04-02T09:26:36.070+0000] {processor.py:179} INFO - Processing /workspaces/hands-on-introduction-data-engineering-4395021/airflow/dags/challenge_dag.py took 0.545 seconds
[2024-04-02T09:27:14.813+0000] {processor.py:157} INFO - Started process (PID=25950) to work on /workspaces/hands-on-introduction-data-engineering-4395021/airflow/dags/challenge_dag.py
[2024-04-02T09:27:14.814+0000] {processor.py:826} INFO - Processing file /workspaces/hands-on-introduction-data-engineering-4395021/airflow/dags/challenge_dag.py for tasks to queue
[2024-04-02T09:27:14.814+0000] {logging_mixin.py:150} INFO - [2024-04-02T09:27:14.814+0000] {dagbag.py:541} INFO - Filling up the DagBag from /workspaces/hands-on-introduction-data-engineering-4395021/airflow/dags/challenge_dag.py
[2024-04-02T09:27:15.216+0000] {processor.py:836} INFO - DAG(s) dict_keys(['challenge_dag']) retrieved from /workspaces/hands-on-introduction-data-engineering-4395021/airflow/dags/challenge_dag.py
[2024-04-02T09:27:15.224+0000] {logging_mixin.py:150} INFO - [2024-04-02T09:27:15.224+0000] {dag.py:2742} INFO - Sync 1 DAGs
[2024-04-02T09:27:15.238+0000] {logging_mixin.py:150} INFO - [2024-04-02T09:27:15.238+0000] {dag.py:3504} INFO - Setting next_dagrun for challenge_dag to None, run_after=None
[2024-04-02T09:27:15.274+0000] {processor.py:179} INFO - Processing /workspaces/hands-on-introduction-data-engineering-4395021/airflow/dags/challenge_dag.py took 0.463 seconds
[2024-04-02T09:27:54.715+0000] {processor.py:157} INFO - Started process (PID=26203) to work on /workspaces/hands-on-introduction-data-engineering-4395021/airflow/dags/challenge_dag.py
[2024-04-02T09:27:54.716+0000] {processor.py:826} INFO - Processing file /workspaces/hands-on-introduction-data-engineering-4395021/airflow/dags/challenge_dag.py for tasks to queue
[2024-04-02T09:27:54.717+0000] {logging_mixin.py:150} INFO - [2024-04-02T09:27:54.717+0000] {dagbag.py:541} INFO - Filling up the DagBag from /workspaces/hands-on-introduction-data-engineering-4395021/airflow/dags/challenge_dag.py
[2024-04-02T09:27:55.259+0000] {processor.py:836} INFO - DAG(s) dict_keys(['challenge_dag']) retrieved from /workspaces/hands-on-introduction-data-engineering-4395021/airflow/dags/challenge_dag.py
[2024-04-02T09:27:55.269+0000] {logging_mixin.py:150} INFO - [2024-04-02T09:27:55.269+0000] {dag.py:2742} INFO - Sync 1 DAGs
[2024-04-02T09:27:55.284+0000] {logging_mixin.py:150} INFO - [2024-04-02T09:27:55.283+0000] {dag.py:3504} INFO - Setting next_dagrun for challenge_dag to None, run_after=None
[2024-04-02T09:27:55.321+0000] {processor.py:179} INFO - Processing /workspaces/hands-on-introduction-data-engineering-4395021/airflow/dags/challenge_dag.py took 0.609 seconds
[2024-04-02T09:28:37.838+0000] {processor.py:157} INFO - Started process (PID=26507) to work on /workspaces/hands-on-introduction-data-engineering-4395021/airflow/dags/challenge_dag.py
[2024-04-02T09:28:37.839+0000] {processor.py:826} INFO - Processing file /workspaces/hands-on-introduction-data-engineering-4395021/airflow/dags/challenge_dag.py for tasks to queue
[2024-04-02T09:28:37.840+0000] {logging_mixin.py:150} INFO - [2024-04-02T09:28:37.840+0000] {dagbag.py:541} INFO - Filling up the DagBag from /workspaces/hands-on-introduction-data-engineering-4395021/airflow/dags/challenge_dag.py
[2024-04-02T09:28:38.337+0000] {processor.py:836} INFO - DAG(s) dict_keys(['challenge_dag']) retrieved from /workspaces/hands-on-introduction-data-engineering-4395021/airflow/dags/challenge_dag.py
[2024-04-02T09:28:38.346+0000] {logging_mixin.py:150} INFO - [2024-04-02T09:28:38.346+0000] {dag.py:2742} INFO - Sync 1 DAGs
[2024-04-02T09:28:38.360+0000] {logging_mixin.py:150} INFO - [2024-04-02T09:28:38.360+0000] {dag.py:3504} INFO - Setting next_dagrun for challenge_dag to None, run_after=None
[2024-04-02T09:28:38.401+0000] {processor.py:179} INFO - Processing /workspaces/hands-on-introduction-data-engineering-4395021/airflow/dags/challenge_dag.py took 0.567 seconds
[2024-04-02T09:29:18.215+0000] {processor.py:157} INFO - Started process (PID=26785) to work on /workspaces/hands-on-introduction-data-engineering-4395021/airflow/dags/challenge_dag.py
[2024-04-02T09:29:18.216+0000] {processor.py:826} INFO - Processing file /workspaces/hands-on-introduction-data-engineering-4395021/airflow/dags/challenge_dag.py for tasks to queue
[2024-04-02T09:29:18.217+0000] {logging_mixin.py:150} INFO - [2024-04-02T09:29:18.217+0000] {dagbag.py:541} INFO - Filling up the DagBag from /workspaces/hands-on-introduction-data-engineering-4395021/airflow/dags/challenge_dag.py
[2024-04-02T09:29:18.683+0000] {processor.py:836} INFO - DAG(s) dict_keys(['challenge_dag']) retrieved from /workspaces/hands-on-introduction-data-engineering-4395021/airflow/dags/challenge_dag.py
[2024-04-02T09:29:18.696+0000] {logging_mixin.py:150} INFO - [2024-04-02T09:29:18.696+0000] {dag.py:2742} INFO - Sync 1 DAGs
[2024-04-02T09:29:18.725+0000] {logging_mixin.py:150} INFO - [2024-04-02T09:29:18.725+0000] {dag.py:3504} INFO - Setting next_dagrun for challenge_dag to None, run_after=None
[2024-04-02T09:29:18.764+0000] {processor.py:179} INFO - Processing /workspaces/hands-on-introduction-data-engineering-4395021/airflow/dags/challenge_dag.py took 0.551 seconds
[2024-04-02T09:29:55.036+0000] {processor.py:157} INFO - Started process (PID=27077) to work on /workspaces/hands-on-introduction-data-engineering-4395021/airflow/dags/challenge_dag.py
[2024-04-02T09:29:55.037+0000] {processor.py:826} INFO - Processing file /workspaces/hands-on-introduction-data-engineering-4395021/airflow/dags/challenge_dag.py for tasks to queue
[2024-04-02T09:29:55.038+0000] {logging_mixin.py:150} INFO - [2024-04-02T09:29:55.038+0000] {dagbag.py:541} INFO - Filling up the DagBag from /workspaces/hands-on-introduction-data-engineering-4395021/airflow/dags/challenge_dag.py
[2024-04-02T09:29:55.441+0000] {processor.py:836} INFO - DAG(s) dict_keys(['challenge_dag']) retrieved from /workspaces/hands-on-introduction-data-engineering-4395021/airflow/dags/challenge_dag.py
[2024-04-02T09:29:55.457+0000] {logging_mixin.py:150} INFO - [2024-04-02T09:29:55.456+0000] {dag.py:2742} INFO - Sync 1 DAGs
[2024-04-02T09:29:55.482+0000] {logging_mixin.py:150} INFO - [2024-04-02T09:29:55.482+0000] {dag.py:3504} INFO - Setting next_dagrun for challenge_dag to None, run_after=None
[2024-04-02T09:29:55.527+0000] {processor.py:179} INFO - Processing /workspaces/hands-on-introduction-data-engineering-4395021/airflow/dags/challenge_dag.py took 0.492 seconds
[2024-04-02T09:30:28.713+0000] {processor.py:157} INFO - Started process (PID=27298) to work on /workspaces/hands-on-introduction-data-engineering-4395021/airflow/dags/challenge_dag.py
[2024-04-02T09:30:28.714+0000] {processor.py:826} INFO - Processing file /workspaces/hands-on-introduction-data-engineering-4395021/airflow/dags/challenge_dag.py for tasks to queue
[2024-04-02T09:30:28.714+0000] {logging_mixin.py:150} INFO - [2024-04-02T09:30:28.714+0000] {dagbag.py:541} INFO - Filling up the DagBag from /workspaces/hands-on-introduction-data-engineering-4395021/airflow/dags/challenge_dag.py
[2024-04-02T09:30:29.000+0000] {processor.py:836} INFO - DAG(s) dict_keys(['challenge_dag']) retrieved from /workspaces/hands-on-introduction-data-engineering-4395021/airflow/dags/challenge_dag.py
[2024-04-02T09:30:29.014+0000] {logging_mixin.py:150} INFO - [2024-04-02T09:30:29.014+0000] {dag.py:2742} INFO - Sync 1 DAGs
[2024-04-02T09:30:29.040+0000] {logging_mixin.py:150} INFO - [2024-04-02T09:30:29.039+0000] {dag.py:3504} INFO - Setting next_dagrun for challenge_dag to None, run_after=None
[2024-04-02T09:30:29.095+0000] {processor.py:179} INFO - Processing /workspaces/hands-on-introduction-data-engineering-4395021/airflow/dags/challenge_dag.py took 0.384 seconds
[2024-04-02T09:31:10.265+0000] {processor.py:157} INFO - Started process (PID=27578) to work on /workspaces/hands-on-introduction-data-engineering-4395021/airflow/dags/challenge_dag.py
[2024-04-02T09:31:10.266+0000] {processor.py:826} INFO - Processing file /workspaces/hands-on-introduction-data-engineering-4395021/airflow/dags/challenge_dag.py for tasks to queue
[2024-04-02T09:31:10.267+0000] {logging_mixin.py:150} INFO - [2024-04-02T09:31:10.267+0000] {dagbag.py:541} INFO - Filling up the DagBag from /workspaces/hands-on-introduction-data-engineering-4395021/airflow/dags/challenge_dag.py
[2024-04-02T09:31:10.612+0000] {processor.py:836} INFO - DAG(s) dict_keys(['challenge_dag']) retrieved from /workspaces/hands-on-introduction-data-engineering-4395021/airflow/dags/challenge_dag.py
[2024-04-02T09:31:10.622+0000] {logging_mixin.py:150} INFO - [2024-04-02T09:31:10.621+0000] {dag.py:2742} INFO - Sync 1 DAGs
[2024-04-02T09:31:10.636+0000] {logging_mixin.py:150} INFO - [2024-04-02T09:31:10.636+0000] {dag.py:3504} INFO - Setting next_dagrun for challenge_dag to None, run_after=None
[2024-04-02T09:31:10.684+0000] {processor.py:179} INFO - Processing /workspaces/hands-on-introduction-data-engineering-4395021/airflow/dags/challenge_dag.py took 0.422 seconds
[2024-04-02T09:31:49.855+0000] {processor.py:157} INFO - Started process (PID=27851) to work on /workspaces/hands-on-introduction-data-engineering-4395021/airflow/dags/challenge_dag.py
[2024-04-02T09:31:49.856+0000] {processor.py:826} INFO - Processing file /workspaces/hands-on-introduction-data-engineering-4395021/airflow/dags/challenge_dag.py for tasks to queue
[2024-04-02T09:31:49.856+0000] {logging_mixin.py:150} INFO - [2024-04-02T09:31:49.856+0000] {dagbag.py:541} INFO - Filling up the DagBag from /workspaces/hands-on-introduction-data-engineering-4395021/airflow/dags/challenge_dag.py
[2024-04-02T09:31:50.119+0000] {processor.py:836} INFO - DAG(s) dict_keys(['challenge_dag']) retrieved from /workspaces/hands-on-introduction-data-engineering-4395021/airflow/dags/challenge_dag.py
[2024-04-02T09:31:50.130+0000] {logging_mixin.py:150} INFO - [2024-04-02T09:31:50.129+0000] {dag.py:2742} INFO - Sync 1 DAGs
[2024-04-02T09:31:50.145+0000] {logging_mixin.py:150} INFO - [2024-04-02T09:31:50.145+0000] {dag.py:3504} INFO - Setting next_dagrun for challenge_dag to None, run_after=None
[2024-04-02T09:31:50.198+0000] {processor.py:179} INFO - Processing /workspaces/hands-on-introduction-data-engineering-4395021/airflow/dags/challenge_dag.py took 0.345 seconds
[2024-04-02T09:32:28.244+0000] {processor.py:157} INFO - Started process (PID=28117) to work on /workspaces/hands-on-introduction-data-engineering-4395021/airflow/dags/challenge_dag.py
[2024-04-02T09:32:28.245+0000] {processor.py:826} INFO - Processing file /workspaces/hands-on-introduction-data-engineering-4395021/airflow/dags/challenge_dag.py for tasks to queue
[2024-04-02T09:32:28.246+0000] {logging_mixin.py:150} INFO - [2024-04-02T09:32:28.245+0000] {dagbag.py:541} INFO - Filling up the DagBag from /workspaces/hands-on-introduction-data-engineering-4395021/airflow/dags/challenge_dag.py
[2024-04-02T09:32:28.579+0000] {processor.py:836} INFO - DAG(s) dict_keys(['challenge_dag']) retrieved from /workspaces/hands-on-introduction-data-engineering-4395021/airflow/dags/challenge_dag.py
[2024-04-02T09:32:28.594+0000] {logging_mixin.py:150} INFO - [2024-04-02T09:32:28.594+0000] {dag.py:2742} INFO - Sync 1 DAGs
[2024-04-02T09:32:28.618+0000] {logging_mixin.py:150} INFO - [2024-04-02T09:32:28.618+0000] {dag.py:3504} INFO - Setting next_dagrun for challenge_dag to None, run_after=None
[2024-04-02T09:32:28.668+0000] {processor.py:179} INFO - Processing /workspaces/hands-on-introduction-data-engineering-4395021/airflow/dags/challenge_dag.py took 0.427 seconds
[2024-04-02T09:33:08.649+0000] {processor.py:157} INFO - Started process (PID=28398) to work on /workspaces/hands-on-introduction-data-engineering-4395021/airflow/dags/challenge_dag.py
[2024-04-02T09:33:08.653+0000] {processor.py:826} INFO - Processing file /workspaces/hands-on-introduction-data-engineering-4395021/airflow/dags/challenge_dag.py for tasks to queue
[2024-04-02T09:33:08.655+0000] {logging_mixin.py:150} INFO - [2024-04-02T09:33:08.655+0000] {dagbag.py:541} INFO - Filling up the DagBag from /workspaces/hands-on-introduction-data-engineering-4395021/airflow/dags/challenge_dag.py
[2024-04-02T09:33:09.069+0000] {processor.py:836} INFO - DAG(s) dict_keys(['challenge_dag']) retrieved from /workspaces/hands-on-introduction-data-engineering-4395021/airflow/dags/challenge_dag.py
[2024-04-02T09:33:09.087+0000] {logging_mixin.py:150} INFO - [2024-04-02T09:33:09.086+0000] {dag.py:2742} INFO - Sync 1 DAGs
[2024-04-02T09:33:09.112+0000] {logging_mixin.py:150} INFO - [2024-04-02T09:33:09.112+0000] {dag.py:3504} INFO - Setting next_dagrun for challenge_dag to None, run_after=None
[2024-04-02T09:33:09.159+0000] {processor.py:179} INFO - Processing /workspaces/hands-on-introduction-data-engineering-4395021/airflow/dags/challenge_dag.py took 0.516 seconds
[2024-04-02T09:33:47.689+0000] {processor.py:157} INFO - Started process (PID=28668) to work on /workspaces/hands-on-introduction-data-engineering-4395021/airflow/dags/challenge_dag.py
[2024-04-02T09:33:47.690+0000] {processor.py:826} INFO - Processing file /workspaces/hands-on-introduction-data-engineering-4395021/airflow/dags/challenge_dag.py for tasks to queue
[2024-04-02T09:33:47.691+0000] {logging_mixin.py:150} INFO - [2024-04-02T09:33:47.690+0000] {dagbag.py:541} INFO - Filling up the DagBag from /workspaces/hands-on-introduction-data-engineering-4395021/airflow/dags/challenge_dag.py
[2024-04-02T09:33:47.956+0000] {processor.py:836} INFO - DAG(s) dict_keys(['challenge_dag']) retrieved from /workspaces/hands-on-introduction-data-engineering-4395021/airflow/dags/challenge_dag.py
[2024-04-02T09:33:47.966+0000] {logging_mixin.py:150} INFO - [2024-04-02T09:33:47.966+0000] {dag.py:2742} INFO - Sync 1 DAGs
[2024-04-02T09:33:47.980+0000] {logging_mixin.py:150} INFO - [2024-04-02T09:33:47.980+0000] {dag.py:3504} INFO - Setting next_dagrun for challenge_dag to None, run_after=None
[2024-04-02T09:33:48.023+0000] {processor.py:179} INFO - Processing /workspaces/hands-on-introduction-data-engineering-4395021/airflow/dags/challenge_dag.py took 0.336 seconds
[2024-04-02T09:34:24.339+0000] {processor.py:157} INFO - Started process (PID=28923) to work on /workspaces/hands-on-introduction-data-engineering-4395021/airflow/dags/challenge_dag.py
[2024-04-02T09:34:24.341+0000] {processor.py:826} INFO - Processing file /workspaces/hands-on-introduction-data-engineering-4395021/airflow/dags/challenge_dag.py for tasks to queue
[2024-04-02T09:34:24.343+0000] {logging_mixin.py:150} INFO - [2024-04-02T09:34:24.342+0000] {dagbag.py:541} INFO - Filling up the DagBag from /workspaces/hands-on-introduction-data-engineering-4395021/airflow/dags/challenge_dag.py
[2024-04-02T09:34:24.610+0000] {processor.py:836} INFO - DAG(s) dict_keys(['challenge_dag']) retrieved from /workspaces/hands-on-introduction-data-engineering-4395021/airflow/dags/challenge_dag.py
[2024-04-02T09:34:24.621+0000] {logging_mixin.py:150} INFO - [2024-04-02T09:34:24.621+0000] {dag.py:2742} INFO - Sync 1 DAGs
[2024-04-02T09:34:24.636+0000] {logging_mixin.py:150} INFO - [2024-04-02T09:34:24.636+0000] {dag.py:3504} INFO - Setting next_dagrun for challenge_dag to None, run_after=None
[2024-04-02T09:34:24.674+0000] {processor.py:179} INFO - Processing /workspaces/hands-on-introduction-data-engineering-4395021/airflow/dags/challenge_dag.py took 0.339 seconds
[2024-04-02T09:35:03.349+0000] {processor.py:157} INFO - Started process (PID=29202) to work on /workspaces/hands-on-introduction-data-engineering-4395021/airflow/dags/challenge_dag.py
[2024-04-02T09:35:03.350+0000] {processor.py:826} INFO - Processing file /workspaces/hands-on-introduction-data-engineering-4395021/airflow/dags/challenge_dag.py for tasks to queue
[2024-04-02T09:35:03.351+0000] {logging_mixin.py:150} INFO - [2024-04-02T09:35:03.350+0000] {dagbag.py:541} INFO - Filling up the DagBag from /workspaces/hands-on-introduction-data-engineering-4395021/airflow/dags/challenge_dag.py
[2024-04-02T09:35:03.672+0000] {processor.py:836} INFO - DAG(s) dict_keys(['challenge_dag']) retrieved from /workspaces/hands-on-introduction-data-engineering-4395021/airflow/dags/challenge_dag.py
[2024-04-02T09:35:03.700+0000] {logging_mixin.py:150} INFO - [2024-04-02T09:35:03.699+0000] {dag.py:2742} INFO - Sync 1 DAGs
[2024-04-02T09:35:03.726+0000] {logging_mixin.py:150} INFO - [2024-04-02T09:35:03.726+0000] {dag.py:3504} INFO - Setting next_dagrun for challenge_dag to None, run_after=None
[2024-04-02T09:35:03.779+0000] {processor.py:179} INFO - Processing /workspaces/hands-on-introduction-data-engineering-4395021/airflow/dags/challenge_dag.py took 0.431 seconds
[2024-04-02T09:35:40.945+0000] {processor.py:157} INFO - Started process (PID=29468) to work on /workspaces/hands-on-introduction-data-engineering-4395021/airflow/dags/challenge_dag.py
[2024-04-02T09:35:40.946+0000] {processor.py:826} INFO - Processing file /workspaces/hands-on-introduction-data-engineering-4395021/airflow/dags/challenge_dag.py for tasks to queue
[2024-04-02T09:35:40.947+0000] {logging_mixin.py:150} INFO - [2024-04-02T09:35:40.947+0000] {dagbag.py:541} INFO - Filling up the DagBag from /workspaces/hands-on-introduction-data-engineering-4395021/airflow/dags/challenge_dag.py
[2024-04-02T09:35:41.289+0000] {processor.py:836} INFO - DAG(s) dict_keys(['challenge_dag']) retrieved from /workspaces/hands-on-introduction-data-engineering-4395021/airflow/dags/challenge_dag.py
[2024-04-02T09:35:41.301+0000] {logging_mixin.py:150} INFO - [2024-04-02T09:35:41.301+0000] {dag.py:2742} INFO - Sync 1 DAGs
[2024-04-02T09:35:41.316+0000] {logging_mixin.py:150} INFO - [2024-04-02T09:35:41.315+0000] {dag.py:3504} INFO - Setting next_dagrun for challenge_dag to None, run_after=None
[2024-04-02T09:35:41.354+0000] {processor.py:179} INFO - Processing /workspaces/hands-on-introduction-data-engineering-4395021/airflow/dags/challenge_dag.py took 0.412 seconds
[2024-04-02T09:36:13.813+0000] {processor.py:157} INFO - Started process (PID=29690) to work on /workspaces/hands-on-introduction-data-engineering-4395021/airflow/dags/challenge_dag.py
[2024-04-02T09:36:13.813+0000] {processor.py:826} INFO - Processing file /workspaces/hands-on-introduction-data-engineering-4395021/airflow/dags/challenge_dag.py for tasks to queue
[2024-04-02T09:36:13.814+0000] {logging_mixin.py:150} INFO - [2024-04-02T09:36:13.814+0000] {dagbag.py:541} INFO - Filling up the DagBag from /workspaces/hands-on-introduction-data-engineering-4395021/airflow/dags/challenge_dag.py
[2024-04-02T09:36:14.100+0000] {processor.py:836} INFO - DAG(s) dict_keys(['challenge_dag']) retrieved from /workspaces/hands-on-introduction-data-engineering-4395021/airflow/dags/challenge_dag.py
[2024-04-02T09:36:14.115+0000] {logging_mixin.py:150} INFO - [2024-04-02T09:36:14.114+0000] {dag.py:2742} INFO - Sync 1 DAGs
[2024-04-02T09:36:14.136+0000] {logging_mixin.py:150} INFO - [2024-04-02T09:36:14.136+0000] {dag.py:3504} INFO - Setting next_dagrun for challenge_dag to None, run_after=None
[2024-04-02T09:36:14.181+0000] {processor.py:179} INFO - Processing /workspaces/hands-on-introduction-data-engineering-4395021/airflow/dags/challenge_dag.py took 0.371 seconds
[2024-04-02T09:36:52.589+0000] {processor.py:157} INFO - Started process (PID=29955) to work on /workspaces/hands-on-introduction-data-engineering-4395021/airflow/dags/challenge_dag.py
[2024-04-02T09:36:52.590+0000] {processor.py:826} INFO - Processing file /workspaces/hands-on-introduction-data-engineering-4395021/airflow/dags/challenge_dag.py for tasks to queue
[2024-04-02T09:36:52.591+0000] {logging_mixin.py:150} INFO - [2024-04-02T09:36:52.591+0000] {dagbag.py:541} INFO - Filling up the DagBag from /workspaces/hands-on-introduction-data-engineering-4395021/airflow/dags/challenge_dag.py
[2024-04-02T09:36:53.018+0000] {processor.py:836} INFO - DAG(s) dict_keys(['challenge_dag']) retrieved from /workspaces/hands-on-introduction-data-engineering-4395021/airflow/dags/challenge_dag.py
[2024-04-02T09:36:53.033+0000] {logging_mixin.py:150} INFO - [2024-04-02T09:36:53.033+0000] {dag.py:2742} INFO - Sync 1 DAGs
[2024-04-02T09:36:53.057+0000] {logging_mixin.py:150} INFO - [2024-04-02T09:36:53.057+0000] {dag.py:3504} INFO - Setting next_dagrun for challenge_dag to None, run_after=None
[2024-04-02T09:36:53.101+0000] {processor.py:179} INFO - Processing /workspaces/hands-on-introduction-data-engineering-4395021/airflow/dags/challenge_dag.py took 0.514 seconds
[2024-04-02T09:37:30.546+0000] {processor.py:157} INFO - Started process (PID=30226) to work on /workspaces/hands-on-introduction-data-engineering-4395021/airflow/dags/challenge_dag.py
[2024-04-02T09:37:30.547+0000] {processor.py:826} INFO - Processing file /workspaces/hands-on-introduction-data-engineering-4395021/airflow/dags/challenge_dag.py for tasks to queue
[2024-04-02T09:37:30.547+0000] {logging_mixin.py:150} INFO - [2024-04-02T09:37:30.547+0000] {dagbag.py:541} INFO - Filling up the DagBag from /workspaces/hands-on-introduction-data-engineering-4395021/airflow/dags/challenge_dag.py
[2024-04-02T09:37:30.813+0000] {processor.py:836} INFO - DAG(s) dict_keys(['challenge_dag']) retrieved from /workspaces/hands-on-introduction-data-engineering-4395021/airflow/dags/challenge_dag.py
[2024-04-02T09:37:30.823+0000] {logging_mixin.py:150} INFO - [2024-04-02T09:37:30.823+0000] {dag.py:2742} INFO - Sync 1 DAGs
[2024-04-02T09:37:30.838+0000] {logging_mixin.py:150} INFO - [2024-04-02T09:37:30.837+0000] {dag.py:3504} INFO - Setting next_dagrun for challenge_dag to None, run_after=None
[2024-04-02T09:37:30.877+0000] {processor.py:179} INFO - Processing /workspaces/hands-on-introduction-data-engineering-4395021/airflow/dags/challenge_dag.py took 0.334 seconds
[2024-04-02T09:38:06.562+0000] {processor.py:157} INFO - Started process (PID=30455) to work on /workspaces/hands-on-introduction-data-engineering-4395021/airflow/dags/challenge_dag.py
[2024-04-02T09:38:06.563+0000] {processor.py:826} INFO - Processing file /workspaces/hands-on-introduction-data-engineering-4395021/airflow/dags/challenge_dag.py for tasks to queue
[2024-04-02T09:38:06.564+0000] {logging_mixin.py:150} INFO - [2024-04-02T09:38:06.563+0000] {dagbag.py:541} INFO - Filling up the DagBag from /workspaces/hands-on-introduction-data-engineering-4395021/airflow/dags/challenge_dag.py
[2024-04-02T09:38:06.940+0000] {processor.py:836} INFO - DAG(s) dict_keys(['challenge_dag']) retrieved from /workspaces/hands-on-introduction-data-engineering-4395021/airflow/dags/challenge_dag.py
[2024-04-02T09:38:06.954+0000] {logging_mixin.py:150} INFO - [2024-04-02T09:38:06.954+0000] {dag.py:2742} INFO - Sync 1 DAGs
[2024-04-02T09:38:06.978+0000] {logging_mixin.py:150} INFO - [2024-04-02T09:38:06.977+0000] {dag.py:3504} INFO - Setting next_dagrun for challenge_dag to None, run_after=None
[2024-04-02T09:38:07.023+0000] {processor.py:179} INFO - Processing /workspaces/hands-on-introduction-data-engineering-4395021/airflow/dags/challenge_dag.py took 0.465 seconds
[2024-04-02T09:38:44.717+0000] {processor.py:157} INFO - Started process (PID=30717) to work on /workspaces/hands-on-introduction-data-engineering-4395021/airflow/dags/challenge_dag.py
[2024-04-02T09:38:44.717+0000] {processor.py:826} INFO - Processing file /workspaces/hands-on-introduction-data-engineering-4395021/airflow/dags/challenge_dag.py for tasks to queue
[2024-04-02T09:38:44.718+0000] {logging_mixin.py:150} INFO - [2024-04-02T09:38:44.718+0000] {dagbag.py:541} INFO - Filling up the DagBag from /workspaces/hands-on-introduction-data-engineering-4395021/airflow/dags/challenge_dag.py
[2024-04-02T09:38:45.118+0000] {processor.py:836} INFO - DAG(s) dict_keys(['challenge_dag']) retrieved from /workspaces/hands-on-introduction-data-engineering-4395021/airflow/dags/challenge_dag.py
[2024-04-02T09:38:45.132+0000] {logging_mixin.py:150} INFO - [2024-04-02T09:38:45.132+0000] {dag.py:2742} INFO - Sync 1 DAGs
[2024-04-02T09:38:45.154+0000] {logging_mixin.py:150} INFO - [2024-04-02T09:38:45.154+0000] {dag.py:3504} INFO - Setting next_dagrun for challenge_dag to None, run_after=None
[2024-04-02T09:38:45.196+0000] {processor.py:179} INFO - Processing /workspaces/hands-on-introduction-data-engineering-4395021/airflow/dags/challenge_dag.py took 0.483 seconds
[2024-04-02T09:39:23.619+0000] {processor.py:157} INFO - Started process (PID=30982) to work on /workspaces/hands-on-introduction-data-engineering-4395021/airflow/dags/challenge_dag.py
[2024-04-02T09:39:23.625+0000] {processor.py:826} INFO - Processing file /workspaces/hands-on-introduction-data-engineering-4395021/airflow/dags/challenge_dag.py for tasks to queue
[2024-04-02T09:39:23.626+0000] {logging_mixin.py:150} INFO - [2024-04-02T09:39:23.626+0000] {dagbag.py:541} INFO - Filling up the DagBag from /workspaces/hands-on-introduction-data-engineering-4395021/airflow/dags/challenge_dag.py
[2024-04-02T09:39:23.962+0000] {processor.py:836} INFO - DAG(s) dict_keys(['challenge_dag']) retrieved from /workspaces/hands-on-introduction-data-engineering-4395021/airflow/dags/challenge_dag.py
[2024-04-02T09:39:23.972+0000] {logging_mixin.py:150} INFO - [2024-04-02T09:39:23.972+0000] {dag.py:2742} INFO - Sync 1 DAGs
[2024-04-02T09:39:24.079+0000] {logging_mixin.py:150} INFO - [2024-04-02T09:39:24.078+0000] {dag.py:3504} INFO - Setting next_dagrun for challenge_dag to None, run_after=None
[2024-04-02T09:39:24.122+0000] {processor.py:179} INFO - Processing /workspaces/hands-on-introduction-data-engineering-4395021/airflow/dags/challenge_dag.py took 0.506 seconds
[2024-04-02T09:40:01.748+0000] {processor.py:157} INFO - Started process (PID=31303) to work on /workspaces/hands-on-introduction-data-engineering-4395021/airflow/dags/challenge_dag.py
[2024-04-02T09:40:01.748+0000] {processor.py:826} INFO - Processing file /workspaces/hands-on-introduction-data-engineering-4395021/airflow/dags/challenge_dag.py for tasks to queue
[2024-04-02T09:40:01.749+0000] {logging_mixin.py:150} INFO - [2024-04-02T09:40:01.749+0000] {dagbag.py:541} INFO - Filling up the DagBag from /workspaces/hands-on-introduction-data-engineering-4395021/airflow/dags/challenge_dag.py
[2024-04-02T09:40:02.142+0000] {processor.py:836} INFO - DAG(s) dict_keys(['challenge_dag']) retrieved from /workspaces/hands-on-introduction-data-engineering-4395021/airflow/dags/challenge_dag.py
[2024-04-02T09:40:02.153+0000] {logging_mixin.py:150} INFO - [2024-04-02T09:40:02.153+0000] {dag.py:2742} INFO - Sync 1 DAGs
[2024-04-02T09:40:02.168+0000] {logging_mixin.py:150} INFO - [2024-04-02T09:40:02.168+0000] {dag.py:3504} INFO - Setting next_dagrun for challenge_dag to None, run_after=None
[2024-04-02T09:40:02.208+0000] {processor.py:179} INFO - Processing /workspaces/hands-on-introduction-data-engineering-4395021/airflow/dags/challenge_dag.py took 0.464 seconds
[2024-04-02T09:40:39.783+0000] {processor.py:157} INFO - Started process (PID=31547) to work on /workspaces/hands-on-introduction-data-engineering-4395021/airflow/dags/challenge_dag.py
[2024-04-02T09:40:39.784+0000] {processor.py:826} INFO - Processing file /workspaces/hands-on-introduction-data-engineering-4395021/airflow/dags/challenge_dag.py for tasks to queue
[2024-04-02T09:40:39.785+0000] {logging_mixin.py:150} INFO - [2024-04-02T09:40:39.784+0000] {dagbag.py:541} INFO - Filling up the DagBag from /workspaces/hands-on-introduction-data-engineering-4395021/airflow/dags/challenge_dag.py
[2024-04-02T09:40:40.302+0000] {processor.py:836} INFO - DAG(s) dict_keys(['challenge_dag']) retrieved from /workspaces/hands-on-introduction-data-engineering-4395021/airflow/dags/challenge_dag.py
[2024-04-02T09:40:40.334+0000] {logging_mixin.py:150} INFO - [2024-04-02T09:40:40.334+0000] {dag.py:2742} INFO - Sync 1 DAGs
[2024-04-02T09:40:40.499+0000] {logging_mixin.py:150} INFO - [2024-04-02T09:40:40.498+0000] {dag.py:3504} INFO - Setting next_dagrun for challenge_dag to None, run_after=None
[2024-04-02T09:40:40.538+0000] {processor.py:179} INFO - Processing /workspaces/hands-on-introduction-data-engineering-4395021/airflow/dags/challenge_dag.py took 0.758 seconds
[2024-04-02T09:41:17.725+0000] {processor.py:157} INFO - Started process (PID=31811) to work on /workspaces/hands-on-introduction-data-engineering-4395021/airflow/dags/challenge_dag.py
[2024-04-02T09:41:17.726+0000] {processor.py:826} INFO - Processing file /workspaces/hands-on-introduction-data-engineering-4395021/airflow/dags/challenge_dag.py for tasks to queue
[2024-04-02T09:41:17.727+0000] {logging_mixin.py:150} INFO - [2024-04-02T09:41:17.726+0000] {dagbag.py:541} INFO - Filling up the DagBag from /workspaces/hands-on-introduction-data-engineering-4395021/airflow/dags/challenge_dag.py
[2024-04-02T09:41:18.043+0000] {processor.py:836} INFO - DAG(s) dict_keys(['challenge_dag']) retrieved from /workspaces/hands-on-introduction-data-engineering-4395021/airflow/dags/challenge_dag.py
[2024-04-02T09:41:18.053+0000] {logging_mixin.py:150} INFO - [2024-04-02T09:41:18.053+0000] {dag.py:2742} INFO - Sync 1 DAGs
[2024-04-02T09:41:18.068+0000] {logging_mixin.py:150} INFO - [2024-04-02T09:41:18.068+0000] {dag.py:3504} INFO - Setting next_dagrun for challenge_dag to None, run_after=None
[2024-04-02T09:41:18.108+0000] {processor.py:179} INFO - Processing /workspaces/hands-on-introduction-data-engineering-4395021/airflow/dags/challenge_dag.py took 0.385 seconds
[2024-04-02T09:41:55.072+0000] {processor.py:157} INFO - Started process (PID=32073) to work on /workspaces/hands-on-introduction-data-engineering-4395021/airflow/dags/challenge_dag.py
[2024-04-02T09:41:55.073+0000] {processor.py:826} INFO - Processing file /workspaces/hands-on-introduction-data-engineering-4395021/airflow/dags/challenge_dag.py for tasks to queue
[2024-04-02T09:41:55.074+0000] {logging_mixin.py:150} INFO - [2024-04-02T09:41:55.074+0000] {dagbag.py:541} INFO - Filling up the DagBag from /workspaces/hands-on-introduction-data-engineering-4395021/airflow/dags/challenge_dag.py
[2024-04-02T09:41:55.520+0000] {processor.py:836} INFO - DAG(s) dict_keys(['challenge_dag']) retrieved from /workspaces/hands-on-introduction-data-engineering-4395021/airflow/dags/challenge_dag.py
[2024-04-02T09:41:55.536+0000] {logging_mixin.py:150} INFO - [2024-04-02T09:41:55.536+0000] {dag.py:2742} INFO - Sync 1 DAGs
[2024-04-02T09:41:55.561+0000] {logging_mixin.py:150} INFO - [2024-04-02T09:41:55.561+0000] {dag.py:3504} INFO - Setting next_dagrun for challenge_dag to None, run_after=None
[2024-04-02T09:41:55.735+0000] {processor.py:179} INFO - Processing /workspaces/hands-on-introduction-data-engineering-4395021/airflow/dags/challenge_dag.py took 0.665 seconds
[2024-04-02T09:42:32.567+0000] {processor.py:157} INFO - Started process (PID=32318) to work on /workspaces/hands-on-introduction-data-engineering-4395021/airflow/dags/challenge_dag.py
[2024-04-02T09:42:32.567+0000] {processor.py:826} INFO - Processing file /workspaces/hands-on-introduction-data-engineering-4395021/airflow/dags/challenge_dag.py for tasks to queue
[2024-04-02T09:42:32.568+0000] {logging_mixin.py:150} INFO - [2024-04-02T09:42:32.568+0000] {dagbag.py:541} INFO - Filling up the DagBag from /workspaces/hands-on-introduction-data-engineering-4395021/airflow/dags/challenge_dag.py
[2024-04-02T09:42:32.839+0000] {processor.py:836} INFO - DAG(s) dict_keys(['challenge_dag']) retrieved from /workspaces/hands-on-introduction-data-engineering-4395021/airflow/dags/challenge_dag.py
[2024-04-02T09:42:32.966+0000] {logging_mixin.py:150} INFO - [2024-04-02T09:42:32.966+0000] {dag.py:2742} INFO - Sync 1 DAGs
[2024-04-02T09:42:32.980+0000] {logging_mixin.py:150} INFO - [2024-04-02T09:42:32.980+0000] {dag.py:3504} INFO - Setting next_dagrun for challenge_dag to None, run_after=None
[2024-04-02T09:42:33.021+0000] {processor.py:179} INFO - Processing /workspaces/hands-on-introduction-data-engineering-4395021/airflow/dags/challenge_dag.py took 0.457 seconds
[2024-04-02T09:43:13.414+0000] {processor.py:157} INFO - Started process (PID=32602) to work on /workspaces/hands-on-introduction-data-engineering-4395021/airflow/dags/challenge_dag.py
[2024-04-02T09:43:13.415+0000] {processor.py:826} INFO - Processing file /workspaces/hands-on-introduction-data-engineering-4395021/airflow/dags/challenge_dag.py for tasks to queue
[2024-04-02T09:43:13.416+0000] {logging_mixin.py:150} INFO - [2024-04-02T09:43:13.415+0000] {dagbag.py:541} INFO - Filling up the DagBag from /workspaces/hands-on-introduction-data-engineering-4395021/airflow/dags/challenge_dag.py
[2024-04-02T09:43:13.940+0000] {processor.py:836} INFO - DAG(s) dict_keys(['challenge_dag']) retrieved from /workspaces/hands-on-introduction-data-engineering-4395021/airflow/dags/challenge_dag.py
[2024-04-02T09:43:13.948+0000] {logging_mixin.py:150} INFO - [2024-04-02T09:43:13.948+0000] {dag.py:2742} INFO - Sync 1 DAGs
[2024-04-02T09:43:13.962+0000] {logging_mixin.py:150} INFO - [2024-04-02T09:43:13.962+0000] {dag.py:3504} INFO - Setting next_dagrun for challenge_dag to None, run_after=None
[2024-04-02T09:43:14.000+0000] {processor.py:179} INFO - Processing /workspaces/hands-on-introduction-data-engineering-4395021/airflow/dags/challenge_dag.py took 0.589 seconds
