[2024-04-02T08:56:34.188+0000] {processor.py:157} INFO - Started process (PID=11201) to work on /usr/local/python/3.10.13/lib/python3.10/site-packages/airflow/example_dags/subdags/subdag.py
[2024-04-02T08:56:34.189+0000] {processor.py:826} INFO - Processing file /usr/local/python/3.10.13/lib/python3.10/site-packages/airflow/example_dags/subdags/subdag.py for tasks to queue
[2024-04-02T08:56:34.190+0000] {logging_mixin.py:150} INFO - [2024-04-02T08:56:34.189+0000] {dagbag.py:541} INFO - Filling up the DagBag from /usr/local/python/3.10.13/lib/python3.10/site-packages/airflow/example_dags/subdags/subdag.py
[2024-04-02T08:56:34.192+0000] {processor.py:838} WARNING - No viable dags retrieved from /usr/local/python/3.10.13/lib/python3.10/site-packages/airflow/example_dags/subdags/subdag.py
[2024-04-02T08:56:34.203+0000] {processor.py:179} INFO - Processing /usr/local/python/3.10.13/lib/python3.10/site-packages/airflow/example_dags/subdags/subdag.py took 0.019 seconds
[2024-04-02T08:57:35.305+0000] {processor.py:157} INFO - Started process (PID=11902) to work on /usr/local/python/3.10.13/lib/python3.10/site-packages/airflow/example_dags/subdags/subdag.py
[2024-04-02T08:57:35.306+0000] {processor.py:826} INFO - Processing file /usr/local/python/3.10.13/lib/python3.10/site-packages/airflow/example_dags/subdags/subdag.py for tasks to queue
[2024-04-02T08:57:35.306+0000] {logging_mixin.py:150} INFO - [2024-04-02T08:57:35.306+0000] {dagbag.py:541} INFO - Filling up the DagBag from /usr/local/python/3.10.13/lib/python3.10/site-packages/airflow/example_dags/subdags/subdag.py
[2024-04-02T08:57:35.308+0000] {processor.py:838} WARNING - No viable dags retrieved from /usr/local/python/3.10.13/lib/python3.10/site-packages/airflow/example_dags/subdags/subdag.py
[2024-04-02T08:57:35.315+0000] {processor.py:179} INFO - Processing /usr/local/python/3.10.13/lib/python3.10/site-packages/airflow/example_dags/subdags/subdag.py took 0.012 seconds
[2024-04-02T08:58:09.804+0000] {processor.py:157} INFO - Started process (PID=12442) to work on /usr/local/python/3.10.13/lib/python3.10/site-packages/airflow/example_dags/subdags/subdag.py
[2024-04-02T08:58:09.805+0000] {processor.py:826} INFO - Processing file /usr/local/python/3.10.13/lib/python3.10/site-packages/airflow/example_dags/subdags/subdag.py for tasks to queue
[2024-04-02T08:58:09.806+0000] {logging_mixin.py:150} INFO - [2024-04-02T08:58:09.805+0000] {dagbag.py:541} INFO - Filling up the DagBag from /usr/local/python/3.10.13/lib/python3.10/site-packages/airflow/example_dags/subdags/subdag.py
[2024-04-02T08:58:09.807+0000] {processor.py:838} WARNING - No viable dags retrieved from /usr/local/python/3.10.13/lib/python3.10/site-packages/airflow/example_dags/subdags/subdag.py
[2024-04-02T08:58:09.814+0000] {processor.py:179} INFO - Processing /usr/local/python/3.10.13/lib/python3.10/site-packages/airflow/example_dags/subdags/subdag.py took 0.012 seconds
[2024-04-02T08:59:29.491+0000] {processor.py:157} INFO - Started process (PID=13465) to work on /usr/local/python/3.10.13/lib/python3.10/site-packages/airflow/example_dags/subdags/subdag.py
[2024-04-02T08:59:29.492+0000] {processor.py:826} INFO - Processing file /usr/local/python/3.10.13/lib/python3.10/site-packages/airflow/example_dags/subdags/subdag.py for tasks to queue
[2024-04-02T08:59:29.493+0000] {logging_mixin.py:150} INFO - [2024-04-02T08:59:29.493+0000] {dagbag.py:541} INFO - Filling up the DagBag from /usr/local/python/3.10.13/lib/python3.10/site-packages/airflow/example_dags/subdags/subdag.py
[2024-04-02T08:59:29.494+0000] {processor.py:838} WARNING - No viable dags retrieved from /usr/local/python/3.10.13/lib/python3.10/site-packages/airflow/example_dags/subdags/subdag.py
[2024-04-02T08:59:29.501+0000] {processor.py:179} INFO - Processing /usr/local/python/3.10.13/lib/python3.10/site-packages/airflow/example_dags/subdags/subdag.py took 0.012 seconds
[2024-04-02T09:00:30.619+0000] {processor.py:157} INFO - Started process (PID=14368) to work on /usr/local/python/3.10.13/lib/python3.10/site-packages/airflow/example_dags/subdags/subdag.py
[2024-04-02T09:00:30.620+0000] {processor.py:826} INFO - Processing file /usr/local/python/3.10.13/lib/python3.10/site-packages/airflow/example_dags/subdags/subdag.py for tasks to queue
[2024-04-02T09:00:30.621+0000] {logging_mixin.py:150} INFO - [2024-04-02T09:00:30.621+0000] {dagbag.py:541} INFO - Filling up the DagBag from /usr/local/python/3.10.13/lib/python3.10/site-packages/airflow/example_dags/subdags/subdag.py
[2024-04-02T09:00:30.623+0000] {processor.py:838} WARNING - No viable dags retrieved from /usr/local/python/3.10.13/lib/python3.10/site-packages/airflow/example_dags/subdags/subdag.py
[2024-04-02T09:00:30.633+0000] {processor.py:179} INFO - Processing /usr/local/python/3.10.13/lib/python3.10/site-packages/airflow/example_dags/subdags/subdag.py took 0.017 seconds
[2024-04-02T09:01:09.882+0000] {processor.py:157} INFO - Started process (PID=14636) to work on /usr/local/python/3.10.13/lib/python3.10/site-packages/airflow/example_dags/subdags/subdag.py
[2024-04-02T09:01:09.883+0000] {processor.py:826} INFO - Processing file /usr/local/python/3.10.13/lib/python3.10/site-packages/airflow/example_dags/subdags/subdag.py for tasks to queue
[2024-04-02T09:01:09.884+0000] {logging_mixin.py:150} INFO - [2024-04-02T09:01:09.883+0000] {dagbag.py:541} INFO - Filling up the DagBag from /usr/local/python/3.10.13/lib/python3.10/site-packages/airflow/example_dags/subdags/subdag.py
[2024-04-02T09:01:09.885+0000] {processor.py:838} WARNING - No viable dags retrieved from /usr/local/python/3.10.13/lib/python3.10/site-packages/airflow/example_dags/subdags/subdag.py
[2024-04-02T09:01:09.893+0000] {processor.py:179} INFO - Processing /usr/local/python/3.10.13/lib/python3.10/site-packages/airflow/example_dags/subdags/subdag.py took 0.013 seconds
[2024-04-02T09:01:46.602+0000] {processor.py:157} INFO - Started process (PID=14959) to work on /usr/local/python/3.10.13/lib/python3.10/site-packages/airflow/example_dags/subdags/subdag.py
[2024-04-02T09:01:46.603+0000] {processor.py:826} INFO - Processing file /usr/local/python/3.10.13/lib/python3.10/site-packages/airflow/example_dags/subdags/subdag.py for tasks to queue
[2024-04-02T09:01:46.604+0000] {logging_mixin.py:150} INFO - [2024-04-02T09:01:46.604+0000] {dagbag.py:541} INFO - Filling up the DagBag from /usr/local/python/3.10.13/lib/python3.10/site-packages/airflow/example_dags/subdags/subdag.py
[2024-04-02T09:01:46.606+0000] {processor.py:838} WARNING - No viable dags retrieved from /usr/local/python/3.10.13/lib/python3.10/site-packages/airflow/example_dags/subdags/subdag.py
[2024-04-02T09:01:46.613+0000] {processor.py:179} INFO - Processing /usr/local/python/3.10.13/lib/python3.10/site-packages/airflow/example_dags/subdags/subdag.py took 0.015 seconds
[2024-04-02T09:02:24.702+0000] {processor.py:157} INFO - Started process (PID=15227) to work on /usr/local/python/3.10.13/lib/python3.10/site-packages/airflow/example_dags/subdags/subdag.py
[2024-04-02T09:02:24.703+0000] {processor.py:826} INFO - Processing file /usr/local/python/3.10.13/lib/python3.10/site-packages/airflow/example_dags/subdags/subdag.py for tasks to queue
[2024-04-02T09:02:24.704+0000] {logging_mixin.py:150} INFO - [2024-04-02T09:02:24.703+0000] {dagbag.py:541} INFO - Filling up the DagBag from /usr/local/python/3.10.13/lib/python3.10/site-packages/airflow/example_dags/subdags/subdag.py
[2024-04-02T09:02:24.706+0000] {processor.py:838} WARNING - No viable dags retrieved from /usr/local/python/3.10.13/lib/python3.10/site-packages/airflow/example_dags/subdags/subdag.py
[2024-04-02T09:02:24.716+0000] {processor.py:179} INFO - Processing /usr/local/python/3.10.13/lib/python3.10/site-packages/airflow/example_dags/subdags/subdag.py took 0.017 seconds
[2024-04-02T09:03:04.837+0000] {processor.py:157} INFO - Started process (PID=15509) to work on /usr/local/python/3.10.13/lib/python3.10/site-packages/airflow/example_dags/subdags/subdag.py
[2024-04-02T09:03:04.838+0000] {processor.py:826} INFO - Processing file /usr/local/python/3.10.13/lib/python3.10/site-packages/airflow/example_dags/subdags/subdag.py for tasks to queue
[2024-04-02T09:03:04.839+0000] {logging_mixin.py:150} INFO - [2024-04-02T09:03:04.838+0000] {dagbag.py:541} INFO - Filling up the DagBag from /usr/local/python/3.10.13/lib/python3.10/site-packages/airflow/example_dags/subdags/subdag.py
[2024-04-02T09:03:04.841+0000] {processor.py:838} WARNING - No viable dags retrieved from /usr/local/python/3.10.13/lib/python3.10/site-packages/airflow/example_dags/subdags/subdag.py
[2024-04-02T09:03:04.851+0000] {processor.py:179} INFO - Processing /usr/local/python/3.10.13/lib/python3.10/site-packages/airflow/example_dags/subdags/subdag.py took 0.017 seconds
[2024-04-02T09:03:43.776+0000] {processor.py:157} INFO - Started process (PID=15758) to work on /usr/local/python/3.10.13/lib/python3.10/site-packages/airflow/example_dags/subdags/subdag.py
[2024-04-02T09:03:43.777+0000] {processor.py:826} INFO - Processing file /usr/local/python/3.10.13/lib/python3.10/site-packages/airflow/example_dags/subdags/subdag.py for tasks to queue
[2024-04-02T09:03:43.778+0000] {logging_mixin.py:150} INFO - [2024-04-02T09:03:43.778+0000] {dagbag.py:541} INFO - Filling up the DagBag from /usr/local/python/3.10.13/lib/python3.10/site-packages/airflow/example_dags/subdags/subdag.py
[2024-04-02T09:03:43.780+0000] {processor.py:838} WARNING - No viable dags retrieved from /usr/local/python/3.10.13/lib/python3.10/site-packages/airflow/example_dags/subdags/subdag.py
[2024-04-02T09:03:43.790+0000] {processor.py:179} INFO - Processing /usr/local/python/3.10.13/lib/python3.10/site-packages/airflow/example_dags/subdags/subdag.py took 0.017 seconds
[2024-04-02T09:04:23.056+0000] {processor.py:157} INFO - Started process (PID=16028) to work on /usr/local/python/3.10.13/lib/python3.10/site-packages/airflow/example_dags/subdags/subdag.py
[2024-04-02T09:04:23.057+0000] {processor.py:826} INFO - Processing file /usr/local/python/3.10.13/lib/python3.10/site-packages/airflow/example_dags/subdags/subdag.py for tasks to queue
[2024-04-02T09:04:23.058+0000] {logging_mixin.py:150} INFO - [2024-04-02T09:04:23.058+0000] {dagbag.py:541} INFO - Filling up the DagBag from /usr/local/python/3.10.13/lib/python3.10/site-packages/airflow/example_dags/subdags/subdag.py
[2024-04-02T09:04:23.060+0000] {processor.py:838} WARNING - No viable dags retrieved from /usr/local/python/3.10.13/lib/python3.10/site-packages/airflow/example_dags/subdags/subdag.py
[2024-04-02T09:04:23.067+0000] {processor.py:179} INFO - Processing /usr/local/python/3.10.13/lib/python3.10/site-packages/airflow/example_dags/subdags/subdag.py took 0.012 seconds
[2024-04-02T09:04:55.892+0000] {processor.py:157} INFO - Started process (PID=16275) to work on /usr/local/python/3.10.13/lib/python3.10/site-packages/airflow/example_dags/subdags/subdag.py
[2024-04-02T09:04:55.892+0000] {processor.py:826} INFO - Processing file /usr/local/python/3.10.13/lib/python3.10/site-packages/airflow/example_dags/subdags/subdag.py for tasks to queue
[2024-04-02T09:04:55.893+0000] {logging_mixin.py:150} INFO - [2024-04-02T09:04:55.893+0000] {dagbag.py:541} INFO - Filling up the DagBag from /usr/local/python/3.10.13/lib/python3.10/site-packages/airflow/example_dags/subdags/subdag.py
[2024-04-02T09:04:55.895+0000] {processor.py:838} WARNING - No viable dags retrieved from /usr/local/python/3.10.13/lib/python3.10/site-packages/airflow/example_dags/subdags/subdag.py
[2024-04-02T09:04:55.902+0000] {processor.py:179} INFO - Processing /usr/local/python/3.10.13/lib/python3.10/site-packages/airflow/example_dags/subdags/subdag.py took 0.012 seconds
[2024-04-02T09:05:34.668+0000] {processor.py:157} INFO - Started process (PID=16543) to work on /usr/local/python/3.10.13/lib/python3.10/site-packages/airflow/example_dags/subdags/subdag.py
[2024-04-02T09:05:34.669+0000] {processor.py:826} INFO - Processing file /usr/local/python/3.10.13/lib/python3.10/site-packages/airflow/example_dags/subdags/subdag.py for tasks to queue
[2024-04-02T09:05:34.670+0000] {logging_mixin.py:150} INFO - [2024-04-02T09:05:34.670+0000] {dagbag.py:541} INFO - Filling up the DagBag from /usr/local/python/3.10.13/lib/python3.10/site-packages/airflow/example_dags/subdags/subdag.py
[2024-04-02T09:05:34.672+0000] {processor.py:838} WARNING - No viable dags retrieved from /usr/local/python/3.10.13/lib/python3.10/site-packages/airflow/example_dags/subdags/subdag.py
[2024-04-02T09:05:34.682+0000] {processor.py:179} INFO - Processing /usr/local/python/3.10.13/lib/python3.10/site-packages/airflow/example_dags/subdags/subdag.py took 0.017 seconds
[2024-04-02T09:06:16.782+0000] {processor.py:157} INFO - Started process (PID=16851) to work on /usr/local/python/3.10.13/lib/python3.10/site-packages/airflow/example_dags/subdags/subdag.py
[2024-04-02T09:06:16.789+0000] {processor.py:826} INFO - Processing file /usr/local/python/3.10.13/lib/python3.10/site-packages/airflow/example_dags/subdags/subdag.py for tasks to queue
[2024-04-02T09:06:16.790+0000] {logging_mixin.py:150} INFO - [2024-04-02T09:06:16.790+0000] {dagbag.py:541} INFO - Filling up the DagBag from /usr/local/python/3.10.13/lib/python3.10/site-packages/airflow/example_dags/subdags/subdag.py
[2024-04-02T09:06:16.793+0000] {processor.py:838} WARNING - No viable dags retrieved from /usr/local/python/3.10.13/lib/python3.10/site-packages/airflow/example_dags/subdags/subdag.py
[2024-04-02T09:06:16.803+0000] {processor.py:179} INFO - Processing /usr/local/python/3.10.13/lib/python3.10/site-packages/airflow/example_dags/subdags/subdag.py took 0.024 seconds
[2024-04-02T09:06:57.838+0000] {processor.py:157} INFO - Started process (PID=17543) to work on /usr/local/python/3.10.13/lib/python3.10/site-packages/airflow/example_dags/subdags/subdag.py
[2024-04-02T09:06:57.839+0000] {processor.py:826} INFO - Processing file /usr/local/python/3.10.13/lib/python3.10/site-packages/airflow/example_dags/subdags/subdag.py for tasks to queue
[2024-04-02T09:06:57.839+0000] {logging_mixin.py:150} INFO - [2024-04-02T09:06:57.839+0000] {dagbag.py:541} INFO - Filling up the DagBag from /usr/local/python/3.10.13/lib/python3.10/site-packages/airflow/example_dags/subdags/subdag.py
[2024-04-02T09:06:57.841+0000] {processor.py:838} WARNING - No viable dags retrieved from /usr/local/python/3.10.13/lib/python3.10/site-packages/airflow/example_dags/subdags/subdag.py
[2024-04-02T09:06:57.848+0000] {processor.py:179} INFO - Processing /usr/local/python/3.10.13/lib/python3.10/site-packages/airflow/example_dags/subdags/subdag.py took 0.012 seconds
[2024-04-02T09:07:37.924+0000] {processor.py:157} INFO - Started process (PID=17813) to work on /usr/local/python/3.10.13/lib/python3.10/site-packages/airflow/example_dags/subdags/subdag.py
[2024-04-02T09:07:37.925+0000] {processor.py:826} INFO - Processing file /usr/local/python/3.10.13/lib/python3.10/site-packages/airflow/example_dags/subdags/subdag.py for tasks to queue
[2024-04-02T09:07:37.926+0000] {logging_mixin.py:150} INFO - [2024-04-02T09:07:37.926+0000] {dagbag.py:541} INFO - Filling up the DagBag from /usr/local/python/3.10.13/lib/python3.10/site-packages/airflow/example_dags/subdags/subdag.py
[2024-04-02T09:07:37.928+0000] {processor.py:838} WARNING - No viable dags retrieved from /usr/local/python/3.10.13/lib/python3.10/site-packages/airflow/example_dags/subdags/subdag.py
[2024-04-02T09:07:37.938+0000] {processor.py:179} INFO - Processing /usr/local/python/3.10.13/lib/python3.10/site-packages/airflow/example_dags/subdags/subdag.py took 0.018 seconds
[2024-04-02T09:08:15.416+0000] {processor.py:157} INFO - Started process (PID=18077) to work on /usr/local/python/3.10.13/lib/python3.10/site-packages/airflow/example_dags/subdags/subdag.py
[2024-04-02T09:08:15.416+0000] {processor.py:826} INFO - Processing file /usr/local/python/3.10.13/lib/python3.10/site-packages/airflow/example_dags/subdags/subdag.py for tasks to queue
[2024-04-02T09:08:15.417+0000] {logging_mixin.py:150} INFO - [2024-04-02T09:08:15.417+0000] {dagbag.py:541} INFO - Filling up the DagBag from /usr/local/python/3.10.13/lib/python3.10/site-packages/airflow/example_dags/subdags/subdag.py
[2024-04-02T09:08:15.419+0000] {processor.py:838} WARNING - No viable dags retrieved from /usr/local/python/3.10.13/lib/python3.10/site-packages/airflow/example_dags/subdags/subdag.py
[2024-04-02T09:08:15.427+0000] {processor.py:179} INFO - Processing /usr/local/python/3.10.13/lib/python3.10/site-packages/airflow/example_dags/subdags/subdag.py took 0.013 seconds
[2024-04-02T09:08:52.112+0000] {processor.py:157} INFO - Started process (PID=18337) to work on /usr/local/python/3.10.13/lib/python3.10/site-packages/airflow/example_dags/subdags/subdag.py
[2024-04-02T09:08:52.114+0000] {processor.py:826} INFO - Processing file /usr/local/python/3.10.13/lib/python3.10/site-packages/airflow/example_dags/subdags/subdag.py for tasks to queue
[2024-04-02T09:08:52.115+0000] {logging_mixin.py:150} INFO - [2024-04-02T09:08:52.114+0000] {dagbag.py:541} INFO - Filling up the DagBag from /usr/local/python/3.10.13/lib/python3.10/site-packages/airflow/example_dags/subdags/subdag.py
[2024-04-02T09:08:52.117+0000] {processor.py:838} WARNING - No viable dags retrieved from /usr/local/python/3.10.13/lib/python3.10/site-packages/airflow/example_dags/subdags/subdag.py
[2024-04-02T09:08:52.127+0000] {processor.py:179} INFO - Processing /usr/local/python/3.10.13/lib/python3.10/site-packages/airflow/example_dags/subdags/subdag.py took 0.018 seconds
[2024-04-02T09:09:30.458+0000] {processor.py:157} INFO - Started process (PID=18609) to work on /usr/local/python/3.10.13/lib/python3.10/site-packages/airflow/example_dags/subdags/subdag.py
[2024-04-02T09:09:30.459+0000] {processor.py:826} INFO - Processing file /usr/local/python/3.10.13/lib/python3.10/site-packages/airflow/example_dags/subdags/subdag.py for tasks to queue
[2024-04-02T09:09:30.460+0000] {logging_mixin.py:150} INFO - [2024-04-02T09:09:30.460+0000] {dagbag.py:541} INFO - Filling up the DagBag from /usr/local/python/3.10.13/lib/python3.10/site-packages/airflow/example_dags/subdags/subdag.py
[2024-04-02T09:09:30.462+0000] {processor.py:838} WARNING - No viable dags retrieved from /usr/local/python/3.10.13/lib/python3.10/site-packages/airflow/example_dags/subdags/subdag.py
[2024-04-02T09:09:30.476+0000] {processor.py:179} INFO - Processing /usr/local/python/3.10.13/lib/python3.10/site-packages/airflow/example_dags/subdags/subdag.py took 0.021 seconds
[2024-04-02T09:10:07.881+0000] {processor.py:157} INFO - Started process (PID=18870) to work on /usr/local/python/3.10.13/lib/python3.10/site-packages/airflow/example_dags/subdags/subdag.py
[2024-04-02T09:10:07.882+0000] {processor.py:826} INFO - Processing file /usr/local/python/3.10.13/lib/python3.10/site-packages/airflow/example_dags/subdags/subdag.py for tasks to queue
[2024-04-02T09:10:07.883+0000] {logging_mixin.py:150} INFO - [2024-04-02T09:10:07.882+0000] {dagbag.py:541} INFO - Filling up the DagBag from /usr/local/python/3.10.13/lib/python3.10/site-packages/airflow/example_dags/subdags/subdag.py
[2024-04-02T09:10:07.885+0000] {processor.py:838} WARNING - No viable dags retrieved from /usr/local/python/3.10.13/lib/python3.10/site-packages/airflow/example_dags/subdags/subdag.py
[2024-04-02T09:10:07.895+0000] {processor.py:179} INFO - Processing /usr/local/python/3.10.13/lib/python3.10/site-packages/airflow/example_dags/subdags/subdag.py took 0.017 seconds
[2024-04-02T09:10:48.152+0000] {processor.py:157} INFO - Started process (PID=19138) to work on /usr/local/python/3.10.13/lib/python3.10/site-packages/airflow/example_dags/subdags/subdag.py
[2024-04-02T09:10:48.153+0000] {processor.py:826} INFO - Processing file /usr/local/python/3.10.13/lib/python3.10/site-packages/airflow/example_dags/subdags/subdag.py for tasks to queue
[2024-04-02T09:10:48.154+0000] {logging_mixin.py:150} INFO - [2024-04-02T09:10:48.153+0000] {dagbag.py:541} INFO - Filling up the DagBag from /usr/local/python/3.10.13/lib/python3.10/site-packages/airflow/example_dags/subdags/subdag.py
[2024-04-02T09:10:48.156+0000] {processor.py:838} WARNING - No viable dags retrieved from /usr/local/python/3.10.13/lib/python3.10/site-packages/airflow/example_dags/subdags/subdag.py
[2024-04-02T09:10:48.165+0000] {processor.py:179} INFO - Processing /usr/local/python/3.10.13/lib/python3.10/site-packages/airflow/example_dags/subdags/subdag.py took 0.017 seconds
[2024-04-02T09:11:28.006+0000] {processor.py:157} INFO - Started process (PID=19420) to work on /usr/local/python/3.10.13/lib/python3.10/site-packages/airflow/example_dags/subdags/subdag.py
[2024-04-02T09:11:28.007+0000] {processor.py:826} INFO - Processing file /usr/local/python/3.10.13/lib/python3.10/site-packages/airflow/example_dags/subdags/subdag.py for tasks to queue
[2024-04-02T09:11:28.008+0000] {logging_mixin.py:150} INFO - [2024-04-02T09:11:28.007+0000] {dagbag.py:541} INFO - Filling up the DagBag from /usr/local/python/3.10.13/lib/python3.10/site-packages/airflow/example_dags/subdags/subdag.py
[2024-04-02T09:11:28.009+0000] {processor.py:838} WARNING - No viable dags retrieved from /usr/local/python/3.10.13/lib/python3.10/site-packages/airflow/example_dags/subdags/subdag.py
[2024-04-02T09:11:28.018+0000] {processor.py:179} INFO - Processing /usr/local/python/3.10.13/lib/python3.10/site-packages/airflow/example_dags/subdags/subdag.py took 0.014 seconds
[2024-04-02T09:12:06.481+0000] {processor.py:157} INFO - Started process (PID=19682) to work on /usr/local/python/3.10.13/lib/python3.10/site-packages/airflow/example_dags/subdags/subdag.py
[2024-04-02T09:12:06.481+0000] {processor.py:826} INFO - Processing file /usr/local/python/3.10.13/lib/python3.10/site-packages/airflow/example_dags/subdags/subdag.py for tasks to queue
[2024-04-02T09:12:06.482+0000] {logging_mixin.py:150} INFO - [2024-04-02T09:12:06.482+0000] {dagbag.py:541} INFO - Filling up the DagBag from /usr/local/python/3.10.13/lib/python3.10/site-packages/airflow/example_dags/subdags/subdag.py
[2024-04-02T09:12:06.484+0000] {processor.py:838} WARNING - No viable dags retrieved from /usr/local/python/3.10.13/lib/python3.10/site-packages/airflow/example_dags/subdags/subdag.py
[2024-04-02T09:12:06.490+0000] {processor.py:179} INFO - Processing /usr/local/python/3.10.13/lib/python3.10/site-packages/airflow/example_dags/subdags/subdag.py took 0.012 seconds
[2024-04-02T09:12:47.317+0000] {processor.py:157} INFO - Started process (PID=19959) to work on /usr/local/python/3.10.13/lib/python3.10/site-packages/airflow/example_dags/subdags/subdag.py
[2024-04-02T09:12:47.317+0000] {processor.py:826} INFO - Processing file /usr/local/python/3.10.13/lib/python3.10/site-packages/airflow/example_dags/subdags/subdag.py for tasks to queue
[2024-04-02T09:12:47.318+0000] {logging_mixin.py:150} INFO - [2024-04-02T09:12:47.318+0000] {dagbag.py:541} INFO - Filling up the DagBag from /usr/local/python/3.10.13/lib/python3.10/site-packages/airflow/example_dags/subdags/subdag.py
[2024-04-02T09:12:47.320+0000] {processor.py:838} WARNING - No viable dags retrieved from /usr/local/python/3.10.13/lib/python3.10/site-packages/airflow/example_dags/subdags/subdag.py
[2024-04-02T09:12:47.327+0000] {processor.py:179} INFO - Processing /usr/local/python/3.10.13/lib/python3.10/site-packages/airflow/example_dags/subdags/subdag.py took 0.013 seconds
[2024-04-02T09:13:27.672+0000] {processor.py:157} INFO - Started process (PID=20233) to work on /usr/local/python/3.10.13/lib/python3.10/site-packages/airflow/example_dags/subdags/subdag.py
[2024-04-02T09:13:27.673+0000] {processor.py:826} INFO - Processing file /usr/local/python/3.10.13/lib/python3.10/site-packages/airflow/example_dags/subdags/subdag.py for tasks to queue
[2024-04-02T09:13:27.673+0000] {logging_mixin.py:150} INFO - [2024-04-02T09:13:27.673+0000] {dagbag.py:541} INFO - Filling up the DagBag from /usr/local/python/3.10.13/lib/python3.10/site-packages/airflow/example_dags/subdags/subdag.py
[2024-04-02T09:13:27.675+0000] {processor.py:838} WARNING - No viable dags retrieved from /usr/local/python/3.10.13/lib/python3.10/site-packages/airflow/example_dags/subdags/subdag.py
[2024-04-02T09:13:27.682+0000] {processor.py:179} INFO - Processing /usr/local/python/3.10.13/lib/python3.10/site-packages/airflow/example_dags/subdags/subdag.py took 0.013 seconds
[2024-04-02T09:14:02.106+0000] {processor.py:157} INFO - Started process (PID=20463) to work on /usr/local/python/3.10.13/lib/python3.10/site-packages/airflow/example_dags/subdags/subdag.py
[2024-04-02T09:14:02.107+0000] {processor.py:826} INFO - Processing file /usr/local/python/3.10.13/lib/python3.10/site-packages/airflow/example_dags/subdags/subdag.py for tasks to queue
[2024-04-02T09:14:02.108+0000] {logging_mixin.py:150} INFO - [2024-04-02T09:14:02.107+0000] {dagbag.py:541} INFO - Filling up the DagBag from /usr/local/python/3.10.13/lib/python3.10/site-packages/airflow/example_dags/subdags/subdag.py
[2024-04-02T09:14:02.109+0000] {processor.py:838} WARNING - No viable dags retrieved from /usr/local/python/3.10.13/lib/python3.10/site-packages/airflow/example_dags/subdags/subdag.py
[2024-04-02T09:14:02.116+0000] {processor.py:179} INFO - Processing /usr/local/python/3.10.13/lib/python3.10/site-packages/airflow/example_dags/subdags/subdag.py took 0.012 seconds
[2024-04-02T09:14:38.413+0000] {processor.py:157} INFO - Started process (PID=20729) to work on /usr/local/python/3.10.13/lib/python3.10/site-packages/airflow/example_dags/subdags/subdag.py
[2024-04-02T09:14:38.413+0000] {processor.py:826} INFO - Processing file /usr/local/python/3.10.13/lib/python3.10/site-packages/airflow/example_dags/subdags/subdag.py for tasks to queue
[2024-04-02T09:14:38.414+0000] {logging_mixin.py:150} INFO - [2024-04-02T09:14:38.414+0000] {dagbag.py:541} INFO - Filling up the DagBag from /usr/local/python/3.10.13/lib/python3.10/site-packages/airflow/example_dags/subdags/subdag.py
[2024-04-02T09:14:38.416+0000] {processor.py:838} WARNING - No viable dags retrieved from /usr/local/python/3.10.13/lib/python3.10/site-packages/airflow/example_dags/subdags/subdag.py
[2024-04-02T09:14:38.423+0000] {processor.py:179} INFO - Processing /usr/local/python/3.10.13/lib/python3.10/site-packages/airflow/example_dags/subdags/subdag.py took 0.013 seconds
[2024-04-02T09:15:12.198+0000] {processor.py:157} INFO - Started process (PID=20976) to work on /usr/local/python/3.10.13/lib/python3.10/site-packages/airflow/example_dags/subdags/subdag.py
[2024-04-02T09:15:12.199+0000] {processor.py:826} INFO - Processing file /usr/local/python/3.10.13/lib/python3.10/site-packages/airflow/example_dags/subdags/subdag.py for tasks to queue
[2024-04-02T09:15:12.200+0000] {logging_mixin.py:150} INFO - [2024-04-02T09:15:12.200+0000] {dagbag.py:541} INFO - Filling up the DagBag from /usr/local/python/3.10.13/lib/python3.10/site-packages/airflow/example_dags/subdags/subdag.py
[2024-04-02T09:15:12.203+0000] {processor.py:838} WARNING - No viable dags retrieved from /usr/local/python/3.10.13/lib/python3.10/site-packages/airflow/example_dags/subdags/subdag.py
[2024-04-02T09:15:12.213+0000] {processor.py:179} INFO - Processing /usr/local/python/3.10.13/lib/python3.10/site-packages/airflow/example_dags/subdags/subdag.py took 0.018 seconds
[2024-04-02T09:15:48.199+0000] {processor.py:157} INFO - Started process (PID=21206) to work on /usr/local/python/3.10.13/lib/python3.10/site-packages/airflow/example_dags/subdags/subdag.py
[2024-04-02T09:15:48.200+0000] {processor.py:826} INFO - Processing file /usr/local/python/3.10.13/lib/python3.10/site-packages/airflow/example_dags/subdags/subdag.py for tasks to queue
[2024-04-02T09:15:48.200+0000] {logging_mixin.py:150} INFO - [2024-04-02T09:15:48.200+0000] {dagbag.py:541} INFO - Filling up the DagBag from /usr/local/python/3.10.13/lib/python3.10/site-packages/airflow/example_dags/subdags/subdag.py
[2024-04-02T09:15:48.202+0000] {processor.py:838} WARNING - No viable dags retrieved from /usr/local/python/3.10.13/lib/python3.10/site-packages/airflow/example_dags/subdags/subdag.py
[2024-04-02T09:15:48.211+0000] {processor.py:179} INFO - Processing /usr/local/python/3.10.13/lib/python3.10/site-packages/airflow/example_dags/subdags/subdag.py took 0.015 seconds
[2024-04-02T09:16:26.186+0000] {processor.py:157} INFO - Started process (PID=21472) to work on /usr/local/python/3.10.13/lib/python3.10/site-packages/airflow/example_dags/subdags/subdag.py
[2024-04-02T09:16:26.187+0000] {processor.py:826} INFO - Processing file /usr/local/python/3.10.13/lib/python3.10/site-packages/airflow/example_dags/subdags/subdag.py for tasks to queue
[2024-04-02T09:16:26.188+0000] {logging_mixin.py:150} INFO - [2024-04-02T09:16:26.188+0000] {dagbag.py:541} INFO - Filling up the DagBag from /usr/local/python/3.10.13/lib/python3.10/site-packages/airflow/example_dags/subdags/subdag.py
[2024-04-02T09:16:26.190+0000] {processor.py:838} WARNING - No viable dags retrieved from /usr/local/python/3.10.13/lib/python3.10/site-packages/airflow/example_dags/subdags/subdag.py
[2024-04-02T09:16:26.200+0000] {processor.py:179} INFO - Processing /usr/local/python/3.10.13/lib/python3.10/site-packages/airflow/example_dags/subdags/subdag.py took 0.018 seconds
[2024-04-02T09:17:06.487+0000] {processor.py:157} INFO - Started process (PID=21755) to work on /usr/local/python/3.10.13/lib/python3.10/site-packages/airflow/example_dags/subdags/subdag.py
[2024-04-02T09:17:06.497+0000] {processor.py:826} INFO - Processing file /usr/local/python/3.10.13/lib/python3.10/site-packages/airflow/example_dags/subdags/subdag.py for tasks to queue
[2024-04-02T09:17:06.498+0000] {logging_mixin.py:150} INFO - [2024-04-02T09:17:06.498+0000] {dagbag.py:541} INFO - Filling up the DagBag from /usr/local/python/3.10.13/lib/python3.10/site-packages/airflow/example_dags/subdags/subdag.py
[2024-04-02T09:17:06.501+0000] {processor.py:838} WARNING - No viable dags retrieved from /usr/local/python/3.10.13/lib/python3.10/site-packages/airflow/example_dags/subdags/subdag.py
[2024-04-02T09:17:06.523+0000] {processor.py:179} INFO - Processing /usr/local/python/3.10.13/lib/python3.10/site-packages/airflow/example_dags/subdags/subdag.py took 0.039 seconds
[2024-04-02T09:17:45.656+0000] {processor.py:157} INFO - Started process (PID=22025) to work on /usr/local/python/3.10.13/lib/python3.10/site-packages/airflow/example_dags/subdags/subdag.py
[2024-04-02T09:17:45.657+0000] {processor.py:826} INFO - Processing file /usr/local/python/3.10.13/lib/python3.10/site-packages/airflow/example_dags/subdags/subdag.py for tasks to queue
[2024-04-02T09:17:45.658+0000] {logging_mixin.py:150} INFO - [2024-04-02T09:17:45.658+0000] {dagbag.py:541} INFO - Filling up the DagBag from /usr/local/python/3.10.13/lib/python3.10/site-packages/airflow/example_dags/subdags/subdag.py
[2024-04-02T09:17:45.660+0000] {processor.py:838} WARNING - No viable dags retrieved from /usr/local/python/3.10.13/lib/python3.10/site-packages/airflow/example_dags/subdags/subdag.py
[2024-04-02T09:17:45.667+0000] {processor.py:179} INFO - Processing /usr/local/python/3.10.13/lib/python3.10/site-packages/airflow/example_dags/subdags/subdag.py took 0.013 seconds
[2024-04-02T09:18:23.691+0000] {processor.py:157} INFO - Started process (PID=22288) to work on /usr/local/python/3.10.13/lib/python3.10/site-packages/airflow/example_dags/subdags/subdag.py
[2024-04-02T09:18:23.692+0000] {processor.py:826} INFO - Processing file /usr/local/python/3.10.13/lib/python3.10/site-packages/airflow/example_dags/subdags/subdag.py for tasks to queue
[2024-04-02T09:18:23.693+0000] {logging_mixin.py:150} INFO - [2024-04-02T09:18:23.693+0000] {dagbag.py:541} INFO - Filling up the DagBag from /usr/local/python/3.10.13/lib/python3.10/site-packages/airflow/example_dags/subdags/subdag.py
[2024-04-02T09:18:23.696+0000] {processor.py:838} WARNING - No viable dags retrieved from /usr/local/python/3.10.13/lib/python3.10/site-packages/airflow/example_dags/subdags/subdag.py
[2024-04-02T09:18:23.706+0000] {processor.py:179} INFO - Processing /usr/local/python/3.10.13/lib/python3.10/site-packages/airflow/example_dags/subdags/subdag.py took 0.018 seconds
[2024-04-02T09:19:03.888+0000] {processor.py:157} INFO - Started process (PID=22540) to work on /usr/local/python/3.10.13/lib/python3.10/site-packages/airflow/example_dags/subdags/subdag.py
[2024-04-02T09:19:03.889+0000] {processor.py:826} INFO - Processing file /usr/local/python/3.10.13/lib/python3.10/site-packages/airflow/example_dags/subdags/subdag.py for tasks to queue
[2024-04-02T09:19:03.890+0000] {logging_mixin.py:150} INFO - [2024-04-02T09:19:03.889+0000] {dagbag.py:541} INFO - Filling up the DagBag from /usr/local/python/3.10.13/lib/python3.10/site-packages/airflow/example_dags/subdags/subdag.py
[2024-04-02T09:19:03.891+0000] {processor.py:838} WARNING - No viable dags retrieved from /usr/local/python/3.10.13/lib/python3.10/site-packages/airflow/example_dags/subdags/subdag.py
[2024-04-02T09:19:03.900+0000] {processor.py:179} INFO - Processing /usr/local/python/3.10.13/lib/python3.10/site-packages/airflow/example_dags/subdags/subdag.py took 0.014 seconds
[2024-04-02T09:19:41.803+0000] {processor.py:157} INFO - Started process (PID=22831) to work on /usr/local/python/3.10.13/lib/python3.10/site-packages/airflow/example_dags/subdags/subdag.py
[2024-04-02T09:19:41.805+0000] {processor.py:826} INFO - Processing file /usr/local/python/3.10.13/lib/python3.10/site-packages/airflow/example_dags/subdags/subdag.py for tasks to queue
[2024-04-02T09:19:41.806+0000] {logging_mixin.py:150} INFO - [2024-04-02T09:19:41.806+0000] {dagbag.py:541} INFO - Filling up the DagBag from /usr/local/python/3.10.13/lib/python3.10/site-packages/airflow/example_dags/subdags/subdag.py
[2024-04-02T09:19:41.808+0000] {processor.py:838} WARNING - No viable dags retrieved from /usr/local/python/3.10.13/lib/python3.10/site-packages/airflow/example_dags/subdags/subdag.py
[2024-04-02T09:19:41.818+0000] {processor.py:179} INFO - Processing /usr/local/python/3.10.13/lib/python3.10/site-packages/airflow/example_dags/subdags/subdag.py took 0.019 seconds
[2024-04-02T09:20:14.098+0000] {processor.py:157} INFO - Started process (PID=23052) to work on /usr/local/python/3.10.13/lib/python3.10/site-packages/airflow/example_dags/subdags/subdag.py
[2024-04-02T09:20:14.099+0000] {processor.py:826} INFO - Processing file /usr/local/python/3.10.13/lib/python3.10/site-packages/airflow/example_dags/subdags/subdag.py for tasks to queue
[2024-04-02T09:20:14.100+0000] {logging_mixin.py:150} INFO - [2024-04-02T09:20:14.100+0000] {dagbag.py:541} INFO - Filling up the DagBag from /usr/local/python/3.10.13/lib/python3.10/site-packages/airflow/example_dags/subdags/subdag.py
[2024-04-02T09:20:14.102+0000] {processor.py:838} WARNING - No viable dags retrieved from /usr/local/python/3.10.13/lib/python3.10/site-packages/airflow/example_dags/subdags/subdag.py
[2024-04-02T09:20:14.113+0000] {processor.py:179} INFO - Processing /usr/local/python/3.10.13/lib/python3.10/site-packages/airflow/example_dags/subdags/subdag.py took 0.018 seconds
[2024-04-02T09:20:55.102+0000] {processor.py:157} INFO - Started process (PID=23331) to work on /usr/local/python/3.10.13/lib/python3.10/site-packages/airflow/example_dags/subdags/subdag.py
[2024-04-02T09:20:55.103+0000] {processor.py:826} INFO - Processing file /usr/local/python/3.10.13/lib/python3.10/site-packages/airflow/example_dags/subdags/subdag.py for tasks to queue
[2024-04-02T09:20:55.104+0000] {logging_mixin.py:150} INFO - [2024-04-02T09:20:55.104+0000] {dagbag.py:541} INFO - Filling up the DagBag from /usr/local/python/3.10.13/lib/python3.10/site-packages/airflow/example_dags/subdags/subdag.py
[2024-04-02T09:20:55.106+0000] {processor.py:838} WARNING - No viable dags retrieved from /usr/local/python/3.10.13/lib/python3.10/site-packages/airflow/example_dags/subdags/subdag.py
[2024-04-02T09:20:55.116+0000] {processor.py:179} INFO - Processing /usr/local/python/3.10.13/lib/python3.10/site-packages/airflow/example_dags/subdags/subdag.py took 0.016 seconds
[2024-04-02T09:21:31.782+0000] {processor.py:157} INFO - Started process (PID=23588) to work on /usr/local/python/3.10.13/lib/python3.10/site-packages/airflow/example_dags/subdags/subdag.py
[2024-04-02T09:21:31.783+0000] {processor.py:826} INFO - Processing file /usr/local/python/3.10.13/lib/python3.10/site-packages/airflow/example_dags/subdags/subdag.py for tasks to queue
[2024-04-02T09:21:31.783+0000] {logging_mixin.py:150} INFO - [2024-04-02T09:21:31.783+0000] {dagbag.py:541} INFO - Filling up the DagBag from /usr/local/python/3.10.13/lib/python3.10/site-packages/airflow/example_dags/subdags/subdag.py
[2024-04-02T09:21:31.785+0000] {processor.py:838} WARNING - No viable dags retrieved from /usr/local/python/3.10.13/lib/python3.10/site-packages/airflow/example_dags/subdags/subdag.py
[2024-04-02T09:21:31.792+0000] {processor.py:179} INFO - Processing /usr/local/python/3.10.13/lib/python3.10/site-packages/airflow/example_dags/subdags/subdag.py took 0.012 seconds
[2024-04-02T09:22:06.730+0000] {processor.py:157} INFO - Started process (PID=23824) to work on /usr/local/python/3.10.13/lib/python3.10/site-packages/airflow/example_dags/subdags/subdag.py
[2024-04-02T09:22:06.731+0000] {processor.py:826} INFO - Processing file /usr/local/python/3.10.13/lib/python3.10/site-packages/airflow/example_dags/subdags/subdag.py for tasks to queue
[2024-04-02T09:22:06.731+0000] {logging_mixin.py:150} INFO - [2024-04-02T09:22:06.731+0000] {dagbag.py:541} INFO - Filling up the DagBag from /usr/local/python/3.10.13/lib/python3.10/site-packages/airflow/example_dags/subdags/subdag.py
[2024-04-02T09:22:06.733+0000] {processor.py:838} WARNING - No viable dags retrieved from /usr/local/python/3.10.13/lib/python3.10/site-packages/airflow/example_dags/subdags/subdag.py
[2024-04-02T09:22:06.740+0000] {processor.py:179} INFO - Processing /usr/local/python/3.10.13/lib/python3.10/site-packages/airflow/example_dags/subdags/subdag.py took 0.013 seconds
[2024-04-02T09:22:48.205+0000] {processor.py:157} INFO - Started process (PID=24102) to work on /usr/local/python/3.10.13/lib/python3.10/site-packages/airflow/example_dags/subdags/subdag.py
[2024-04-02T09:22:48.206+0000] {processor.py:826} INFO - Processing file /usr/local/python/3.10.13/lib/python3.10/site-packages/airflow/example_dags/subdags/subdag.py for tasks to queue
[2024-04-02T09:22:48.207+0000] {logging_mixin.py:150} INFO - [2024-04-02T09:22:48.207+0000] {dagbag.py:541} INFO - Filling up the DagBag from /usr/local/python/3.10.13/lib/python3.10/site-packages/airflow/example_dags/subdags/subdag.py
[2024-04-02T09:22:48.209+0000] {processor.py:838} WARNING - No viable dags retrieved from /usr/local/python/3.10.13/lib/python3.10/site-packages/airflow/example_dags/subdags/subdag.py
[2024-04-02T09:22:48.216+0000] {processor.py:179} INFO - Processing /usr/local/python/3.10.13/lib/python3.10/site-packages/airflow/example_dags/subdags/subdag.py took 0.013 seconds
[2024-04-02T09:23:26.982+0000] {processor.py:157} INFO - Started process (PID=24365) to work on /usr/local/python/3.10.13/lib/python3.10/site-packages/airflow/example_dags/subdags/subdag.py
[2024-04-02T09:23:26.983+0000] {processor.py:826} INFO - Processing file /usr/local/python/3.10.13/lib/python3.10/site-packages/airflow/example_dags/subdags/subdag.py for tasks to queue
[2024-04-02T09:23:26.984+0000] {logging_mixin.py:150} INFO - [2024-04-02T09:23:26.983+0000] {dagbag.py:541} INFO - Filling up the DagBag from /usr/local/python/3.10.13/lib/python3.10/site-packages/airflow/example_dags/subdags/subdag.py
[2024-04-02T09:23:26.986+0000] {processor.py:838} WARNING - No viable dags retrieved from /usr/local/python/3.10.13/lib/python3.10/site-packages/airflow/example_dags/subdags/subdag.py
[2024-04-02T09:23:26.993+0000] {processor.py:179} INFO - Processing /usr/local/python/3.10.13/lib/python3.10/site-packages/airflow/example_dags/subdags/subdag.py took 0.013 seconds
[2024-04-02T09:24:07.396+0000] {processor.py:157} INFO - Started process (PID=24646) to work on /usr/local/python/3.10.13/lib/python3.10/site-packages/airflow/example_dags/subdags/subdag.py
[2024-04-02T09:24:07.397+0000] {processor.py:826} INFO - Processing file /usr/local/python/3.10.13/lib/python3.10/site-packages/airflow/example_dags/subdags/subdag.py for tasks to queue
[2024-04-02T09:24:07.398+0000] {logging_mixin.py:150} INFO - [2024-04-02T09:24:07.398+0000] {dagbag.py:541} INFO - Filling up the DagBag from /usr/local/python/3.10.13/lib/python3.10/site-packages/airflow/example_dags/subdags/subdag.py
[2024-04-02T09:24:07.399+0000] {processor.py:838} WARNING - No viable dags retrieved from /usr/local/python/3.10.13/lib/python3.10/site-packages/airflow/example_dags/subdags/subdag.py
[2024-04-02T09:24:07.406+0000] {processor.py:179} INFO - Processing /usr/local/python/3.10.13/lib/python3.10/site-packages/airflow/example_dags/subdags/subdag.py took 0.012 seconds
[2024-04-02T09:24:49.425+0000] {processor.py:157} INFO - Started process (PID=24955) to work on /usr/local/python/3.10.13/lib/python3.10/site-packages/airflow/example_dags/subdags/subdag.py
[2024-04-02T09:24:49.426+0000] {processor.py:826} INFO - Processing file /usr/local/python/3.10.13/lib/python3.10/site-packages/airflow/example_dags/subdags/subdag.py for tasks to queue
[2024-04-02T09:24:49.426+0000] {logging_mixin.py:150} INFO - [2024-04-02T09:24:49.426+0000] {dagbag.py:541} INFO - Filling up the DagBag from /usr/local/python/3.10.13/lib/python3.10/site-packages/airflow/example_dags/subdags/subdag.py
[2024-04-02T09:24:49.429+0000] {processor.py:838} WARNING - No viable dags retrieved from /usr/local/python/3.10.13/lib/python3.10/site-packages/airflow/example_dags/subdags/subdag.py
[2024-04-02T09:24:49.437+0000] {processor.py:179} INFO - Processing /usr/local/python/3.10.13/lib/python3.10/site-packages/airflow/example_dags/subdags/subdag.py took 0.016 seconds
[2024-04-02T09:25:30.008+0000] {processor.py:157} INFO - Started process (PID=25230) to work on /usr/local/python/3.10.13/lib/python3.10/site-packages/airflow/example_dags/subdags/subdag.py
[2024-04-02T09:25:30.008+0000] {processor.py:826} INFO - Processing file /usr/local/python/3.10.13/lib/python3.10/site-packages/airflow/example_dags/subdags/subdag.py for tasks to queue
[2024-04-02T09:25:30.009+0000] {logging_mixin.py:150} INFO - [2024-04-02T09:25:30.009+0000] {dagbag.py:541} INFO - Filling up the DagBag from /usr/local/python/3.10.13/lib/python3.10/site-packages/airflow/example_dags/subdags/subdag.py
[2024-04-02T09:25:30.011+0000] {processor.py:838} WARNING - No viable dags retrieved from /usr/local/python/3.10.13/lib/python3.10/site-packages/airflow/example_dags/subdags/subdag.py
[2024-04-02T09:25:30.018+0000] {processor.py:179} INFO - Processing /usr/local/python/3.10.13/lib/python3.10/site-packages/airflow/example_dags/subdags/subdag.py took 0.013 seconds
[2024-04-02T09:26:14.460+0000] {processor.py:157} INFO - Started process (PID=25536) to work on /usr/local/python/3.10.13/lib/python3.10/site-packages/airflow/example_dags/subdags/subdag.py
[2024-04-02T09:26:14.461+0000] {processor.py:826} INFO - Processing file /usr/local/python/3.10.13/lib/python3.10/site-packages/airflow/example_dags/subdags/subdag.py for tasks to queue
[2024-04-02T09:26:14.462+0000] {logging_mixin.py:150} INFO - [2024-04-02T09:26:14.462+0000] {dagbag.py:541} INFO - Filling up the DagBag from /usr/local/python/3.10.13/lib/python3.10/site-packages/airflow/example_dags/subdags/subdag.py
[2024-04-02T09:26:14.464+0000] {processor.py:838} WARNING - No viable dags retrieved from /usr/local/python/3.10.13/lib/python3.10/site-packages/airflow/example_dags/subdags/subdag.py
[2024-04-02T09:26:14.475+0000] {processor.py:179} INFO - Processing /usr/local/python/3.10.13/lib/python3.10/site-packages/airflow/example_dags/subdags/subdag.py took 0.018 seconds
[2024-04-02T09:26:55.008+0000] {processor.py:157} INFO - Started process (PID=25816) to work on /usr/local/python/3.10.13/lib/python3.10/site-packages/airflow/example_dags/subdags/subdag.py
[2024-04-02T09:26:55.009+0000] {processor.py:826} INFO - Processing file /usr/local/python/3.10.13/lib/python3.10/site-packages/airflow/example_dags/subdags/subdag.py for tasks to queue
[2024-04-02T09:26:55.010+0000] {logging_mixin.py:150} INFO - [2024-04-02T09:26:55.010+0000] {dagbag.py:541} INFO - Filling up the DagBag from /usr/local/python/3.10.13/lib/python3.10/site-packages/airflow/example_dags/subdags/subdag.py
[2024-04-02T09:26:55.012+0000] {processor.py:838} WARNING - No viable dags retrieved from /usr/local/python/3.10.13/lib/python3.10/site-packages/airflow/example_dags/subdags/subdag.py
[2024-04-02T09:26:55.019+0000] {processor.py:179} INFO - Processing /usr/local/python/3.10.13/lib/python3.10/site-packages/airflow/example_dags/subdags/subdag.py took 0.013 seconds
[2024-04-02T09:27:35.158+0000] {processor.py:157} INFO - Started process (PID=26093) to work on /usr/local/python/3.10.13/lib/python3.10/site-packages/airflow/example_dags/subdags/subdag.py
[2024-04-02T09:27:35.159+0000] {processor.py:826} INFO - Processing file /usr/local/python/3.10.13/lib/python3.10/site-packages/airflow/example_dags/subdags/subdag.py for tasks to queue
[2024-04-02T09:27:35.159+0000] {logging_mixin.py:150} INFO - [2024-04-02T09:27:35.159+0000] {dagbag.py:541} INFO - Filling up the DagBag from /usr/local/python/3.10.13/lib/python3.10/site-packages/airflow/example_dags/subdags/subdag.py
[2024-04-02T09:27:35.161+0000] {processor.py:838} WARNING - No viable dags retrieved from /usr/local/python/3.10.13/lib/python3.10/site-packages/airflow/example_dags/subdags/subdag.py
[2024-04-02T09:27:35.168+0000] {processor.py:179} INFO - Processing /usr/local/python/3.10.13/lib/python3.10/site-packages/airflow/example_dags/subdags/subdag.py took 0.012 seconds
[2024-04-02T09:28:15.746+0000] {processor.py:157} INFO - Started process (PID=26344) to work on /usr/local/python/3.10.13/lib/python3.10/site-packages/airflow/example_dags/subdags/subdag.py
[2024-04-02T09:28:15.747+0000] {processor.py:826} INFO - Processing file /usr/local/python/3.10.13/lib/python3.10/site-packages/airflow/example_dags/subdags/subdag.py for tasks to queue
[2024-04-02T09:28:15.749+0000] {logging_mixin.py:150} INFO - [2024-04-02T09:28:15.748+0000] {dagbag.py:541} INFO - Filling up the DagBag from /usr/local/python/3.10.13/lib/python3.10/site-packages/airflow/example_dags/subdags/subdag.py
[2024-04-02T09:28:15.752+0000] {processor.py:838} WARNING - No viable dags retrieved from /usr/local/python/3.10.13/lib/python3.10/site-packages/airflow/example_dags/subdags/subdag.py
[2024-04-02T09:28:15.765+0000] {processor.py:179} INFO - Processing /usr/local/python/3.10.13/lib/python3.10/site-packages/airflow/example_dags/subdags/subdag.py took 0.021 seconds
[2024-04-02T09:28:58.678+0000] {processor.py:157} INFO - Started process (PID=26649) to work on /usr/local/python/3.10.13/lib/python3.10/site-packages/airflow/example_dags/subdags/subdag.py
[2024-04-02T09:28:58.679+0000] {processor.py:826} INFO - Processing file /usr/local/python/3.10.13/lib/python3.10/site-packages/airflow/example_dags/subdags/subdag.py for tasks to queue
[2024-04-02T09:28:58.680+0000] {logging_mixin.py:150} INFO - [2024-04-02T09:28:58.680+0000] {dagbag.py:541} INFO - Filling up the DagBag from /usr/local/python/3.10.13/lib/python3.10/site-packages/airflow/example_dags/subdags/subdag.py
[2024-04-02T09:28:58.682+0000] {processor.py:838} WARNING - No viable dags retrieved from /usr/local/python/3.10.13/lib/python3.10/site-packages/airflow/example_dags/subdags/subdag.py
[2024-04-02T09:28:58.689+0000] {processor.py:179} INFO - Processing /usr/local/python/3.10.13/lib/python3.10/site-packages/airflow/example_dags/subdags/subdag.py took 0.013 seconds
[2024-04-02T09:29:37.840+0000] {processor.py:157} INFO - Started process (PID=26956) to work on /usr/local/python/3.10.13/lib/python3.10/site-packages/airflow/example_dags/subdags/subdag.py
[2024-04-02T09:29:37.841+0000] {processor.py:826} INFO - Processing file /usr/local/python/3.10.13/lib/python3.10/site-packages/airflow/example_dags/subdags/subdag.py for tasks to queue
[2024-04-02T09:29:37.842+0000] {logging_mixin.py:150} INFO - [2024-04-02T09:29:37.841+0000] {dagbag.py:541} INFO - Filling up the DagBag from /usr/local/python/3.10.13/lib/python3.10/site-packages/airflow/example_dags/subdags/subdag.py
[2024-04-02T09:29:37.844+0000] {processor.py:838} WARNING - No viable dags retrieved from /usr/local/python/3.10.13/lib/python3.10/site-packages/airflow/example_dags/subdags/subdag.py
[2024-04-02T09:29:37.853+0000] {processor.py:179} INFO - Processing /usr/local/python/3.10.13/lib/python3.10/site-packages/airflow/example_dags/subdags/subdag.py took 0.017 seconds
[2024-04-02T09:30:11.419+0000] {processor.py:157} INFO - Started process (PID=27196) to work on /usr/local/python/3.10.13/lib/python3.10/site-packages/airflow/example_dags/subdags/subdag.py
[2024-04-02T09:30:11.420+0000] {processor.py:826} INFO - Processing file /usr/local/python/3.10.13/lib/python3.10/site-packages/airflow/example_dags/subdags/subdag.py for tasks to queue
[2024-04-02T09:30:11.421+0000] {logging_mixin.py:150} INFO - [2024-04-02T09:30:11.421+0000] {dagbag.py:541} INFO - Filling up the DagBag from /usr/local/python/3.10.13/lib/python3.10/site-packages/airflow/example_dags/subdags/subdag.py
[2024-04-02T09:30:11.423+0000] {processor.py:838} WARNING - No viable dags retrieved from /usr/local/python/3.10.13/lib/python3.10/site-packages/airflow/example_dags/subdags/subdag.py
[2024-04-02T09:30:11.430+0000] {processor.py:179} INFO - Processing /usr/local/python/3.10.13/lib/python3.10/site-packages/airflow/example_dags/subdags/subdag.py took 0.013 seconds
[2024-04-02T09:30:48.622+0000] {processor.py:157} INFO - Started process (PID=27438) to work on /usr/local/python/3.10.13/lib/python3.10/site-packages/airflow/example_dags/subdags/subdag.py
[2024-04-02T09:30:48.623+0000] {processor.py:826} INFO - Processing file /usr/local/python/3.10.13/lib/python3.10/site-packages/airflow/example_dags/subdags/subdag.py for tasks to queue
[2024-04-02T09:30:48.623+0000] {logging_mixin.py:150} INFO - [2024-04-02T09:30:48.623+0000] {dagbag.py:541} INFO - Filling up the DagBag from /usr/local/python/3.10.13/lib/python3.10/site-packages/airflow/example_dags/subdags/subdag.py
[2024-04-02T09:30:48.625+0000] {processor.py:838} WARNING - No viable dags retrieved from /usr/local/python/3.10.13/lib/python3.10/site-packages/airflow/example_dags/subdags/subdag.py
[2024-04-02T09:30:48.632+0000] {processor.py:179} INFO - Processing /usr/local/python/3.10.13/lib/python3.10/site-packages/airflow/example_dags/subdags/subdag.py took 0.012 seconds
[2024-04-02T09:31:30.723+0000] {processor.py:157} INFO - Started process (PID=27722) to work on /usr/local/python/3.10.13/lib/python3.10/site-packages/airflow/example_dags/subdags/subdag.py
[2024-04-02T09:31:30.738+0000] {processor.py:826} INFO - Processing file /usr/local/python/3.10.13/lib/python3.10/site-packages/airflow/example_dags/subdags/subdag.py for tasks to queue
[2024-04-02T09:31:30.739+0000] {logging_mixin.py:150} INFO - [2024-04-02T09:31:30.739+0000] {dagbag.py:541} INFO - Filling up the DagBag from /usr/local/python/3.10.13/lib/python3.10/site-packages/airflow/example_dags/subdags/subdag.py
[2024-04-02T09:31:30.742+0000] {processor.py:838} WARNING - No viable dags retrieved from /usr/local/python/3.10.13/lib/python3.10/site-packages/airflow/example_dags/subdags/subdag.py
[2024-04-02T09:31:30.752+0000] {processor.py:179} INFO - Processing /usr/local/python/3.10.13/lib/python3.10/site-packages/airflow/example_dags/subdags/subdag.py took 0.033 seconds
[2024-04-02T09:32:07.803+0000] {processor.py:157} INFO - Started process (PID=27986) to work on /usr/local/python/3.10.13/lib/python3.10/site-packages/airflow/example_dags/subdags/subdag.py
[2024-04-02T09:32:07.804+0000] {processor.py:826} INFO - Processing file /usr/local/python/3.10.13/lib/python3.10/site-packages/airflow/example_dags/subdags/subdag.py for tasks to queue
[2024-04-02T09:32:07.805+0000] {logging_mixin.py:150} INFO - [2024-04-02T09:32:07.804+0000] {dagbag.py:541} INFO - Filling up the DagBag from /usr/local/python/3.10.13/lib/python3.10/site-packages/airflow/example_dags/subdags/subdag.py
[2024-04-02T09:32:07.806+0000] {processor.py:838} WARNING - No viable dags retrieved from /usr/local/python/3.10.13/lib/python3.10/site-packages/airflow/example_dags/subdags/subdag.py
[2024-04-02T09:32:07.813+0000] {processor.py:179} INFO - Processing /usr/local/python/3.10.13/lib/python3.10/site-packages/airflow/example_dags/subdags/subdag.py took 0.012 seconds
[2024-04-02T09:32:48.881+0000] {processor.py:157} INFO - Started process (PID=28257) to work on /usr/local/python/3.10.13/lib/python3.10/site-packages/airflow/example_dags/subdags/subdag.py
[2024-04-02T09:32:48.882+0000] {processor.py:826} INFO - Processing file /usr/local/python/3.10.13/lib/python3.10/site-packages/airflow/example_dags/subdags/subdag.py for tasks to queue
[2024-04-02T09:32:48.883+0000] {logging_mixin.py:150} INFO - [2024-04-02T09:32:48.883+0000] {dagbag.py:541} INFO - Filling up the DagBag from /usr/local/python/3.10.13/lib/python3.10/site-packages/airflow/example_dags/subdags/subdag.py
[2024-04-02T09:32:48.886+0000] {processor.py:838} WARNING - No viable dags retrieved from /usr/local/python/3.10.13/lib/python3.10/site-packages/airflow/example_dags/subdags/subdag.py
[2024-04-02T09:32:48.895+0000] {processor.py:179} INFO - Processing /usr/local/python/3.10.13/lib/python3.10/site-packages/airflow/example_dags/subdags/subdag.py took 0.018 seconds
[2024-04-02T09:33:28.041+0000] {processor.py:157} INFO - Started process (PID=28528) to work on /usr/local/python/3.10.13/lib/python3.10/site-packages/airflow/example_dags/subdags/subdag.py
[2024-04-02T09:33:28.042+0000] {processor.py:826} INFO - Processing file /usr/local/python/3.10.13/lib/python3.10/site-packages/airflow/example_dags/subdags/subdag.py for tasks to queue
[2024-04-02T09:33:28.043+0000] {logging_mixin.py:150} INFO - [2024-04-02T09:33:28.043+0000] {dagbag.py:541} INFO - Filling up the DagBag from /usr/local/python/3.10.13/lib/python3.10/site-packages/airflow/example_dags/subdags/subdag.py
[2024-04-02T09:33:28.045+0000] {processor.py:838} WARNING - No viable dags retrieved from /usr/local/python/3.10.13/lib/python3.10/site-packages/airflow/example_dags/subdags/subdag.py
[2024-04-02T09:33:28.051+0000] {processor.py:179} INFO - Processing /usr/local/python/3.10.13/lib/python3.10/site-packages/airflow/example_dags/subdags/subdag.py took 0.012 seconds
[2024-04-02T09:34:05.861+0000] {processor.py:157} INFO - Started process (PID=28788) to work on /usr/local/python/3.10.13/lib/python3.10/site-packages/airflow/example_dags/subdags/subdag.py
[2024-04-02T09:34:05.861+0000] {processor.py:826} INFO - Processing file /usr/local/python/3.10.13/lib/python3.10/site-packages/airflow/example_dags/subdags/subdag.py for tasks to queue
[2024-04-02T09:34:05.862+0000] {logging_mixin.py:150} INFO - [2024-04-02T09:34:05.862+0000] {dagbag.py:541} INFO - Filling up the DagBag from /usr/local/python/3.10.13/lib/python3.10/site-packages/airflow/example_dags/subdags/subdag.py
[2024-04-02T09:34:05.864+0000] {processor.py:838} WARNING - No viable dags retrieved from /usr/local/python/3.10.13/lib/python3.10/site-packages/airflow/example_dags/subdags/subdag.py
[2024-04-02T09:34:05.871+0000] {processor.py:179} INFO - Processing /usr/local/python/3.10.13/lib/python3.10/site-packages/airflow/example_dags/subdags/subdag.py took 0.013 seconds
[2024-04-02T09:34:42.964+0000] {processor.py:157} INFO - Started process (PID=29060) to work on /usr/local/python/3.10.13/lib/python3.10/site-packages/airflow/example_dags/subdags/subdag.py
[2024-04-02T09:34:42.965+0000] {processor.py:826} INFO - Processing file /usr/local/python/3.10.13/lib/python3.10/site-packages/airflow/example_dags/subdags/subdag.py for tasks to queue
[2024-04-02T09:34:42.966+0000] {logging_mixin.py:150} INFO - [2024-04-02T09:34:42.966+0000] {dagbag.py:541} INFO - Filling up the DagBag from /usr/local/python/3.10.13/lib/python3.10/site-packages/airflow/example_dags/subdags/subdag.py
[2024-04-02T09:34:42.968+0000] {processor.py:838} WARNING - No viable dags retrieved from /usr/local/python/3.10.13/lib/python3.10/site-packages/airflow/example_dags/subdags/subdag.py
[2024-04-02T09:34:42.975+0000] {processor.py:179} INFO - Processing /usr/local/python/3.10.13/lib/python3.10/site-packages/airflow/example_dags/subdags/subdag.py took 0.012 seconds
[2024-04-02T09:35:22.374+0000] {processor.py:157} INFO - Started process (PID=29332) to work on /usr/local/python/3.10.13/lib/python3.10/site-packages/airflow/example_dags/subdags/subdag.py
[2024-04-02T09:35:22.375+0000] {processor.py:826} INFO - Processing file /usr/local/python/3.10.13/lib/python3.10/site-packages/airflow/example_dags/subdags/subdag.py for tasks to queue
[2024-04-02T09:35:22.377+0000] {logging_mixin.py:150} INFO - [2024-04-02T09:35:22.376+0000] {dagbag.py:541} INFO - Filling up the DagBag from /usr/local/python/3.10.13/lib/python3.10/site-packages/airflow/example_dags/subdags/subdag.py
[2024-04-02T09:35:22.379+0000] {processor.py:838} WARNING - No viable dags retrieved from /usr/local/python/3.10.13/lib/python3.10/site-packages/airflow/example_dags/subdags/subdag.py
[2024-04-02T09:35:22.389+0000] {processor.py:179} INFO - Processing /usr/local/python/3.10.13/lib/python3.10/site-packages/airflow/example_dags/subdags/subdag.py took 0.018 seconds
[2024-04-02T09:35:58.113+0000] {processor.py:157} INFO - Started process (PID=29588) to work on /usr/local/python/3.10.13/lib/python3.10/site-packages/airflow/example_dags/subdags/subdag.py
[2024-04-02T09:35:58.114+0000] {processor.py:826} INFO - Processing file /usr/local/python/3.10.13/lib/python3.10/site-packages/airflow/example_dags/subdags/subdag.py for tasks to queue
[2024-04-02T09:35:58.115+0000] {logging_mixin.py:150} INFO - [2024-04-02T09:35:58.114+0000] {dagbag.py:541} INFO - Filling up the DagBag from /usr/local/python/3.10.13/lib/python3.10/site-packages/airflow/example_dags/subdags/subdag.py
[2024-04-02T09:35:58.116+0000] {processor.py:838} WARNING - No viable dags retrieved from /usr/local/python/3.10.13/lib/python3.10/site-packages/airflow/example_dags/subdags/subdag.py
[2024-04-02T09:35:58.124+0000] {processor.py:179} INFO - Processing /usr/local/python/3.10.13/lib/python3.10/site-packages/airflow/example_dags/subdags/subdag.py took 0.013 seconds
[2024-04-02T09:36:32.322+0000] {processor.py:157} INFO - Started process (PID=29818) to work on /usr/local/python/3.10.13/lib/python3.10/site-packages/airflow/example_dags/subdags/subdag.py
[2024-04-02T09:36:32.323+0000] {processor.py:826} INFO - Processing file /usr/local/python/3.10.13/lib/python3.10/site-packages/airflow/example_dags/subdags/subdag.py for tasks to queue
[2024-04-02T09:36:32.324+0000] {logging_mixin.py:150} INFO - [2024-04-02T09:36:32.323+0000] {dagbag.py:541} INFO - Filling up the DagBag from /usr/local/python/3.10.13/lib/python3.10/site-packages/airflow/example_dags/subdags/subdag.py
[2024-04-02T09:36:32.325+0000] {processor.py:838} WARNING - No viable dags retrieved from /usr/local/python/3.10.13/lib/python3.10/site-packages/airflow/example_dags/subdags/subdag.py
[2024-04-02T09:36:32.332+0000] {processor.py:179} INFO - Processing /usr/local/python/3.10.13/lib/python3.10/site-packages/airflow/example_dags/subdags/subdag.py took 0.012 seconds
[2024-04-02T09:37:12.185+0000] {processor.py:157} INFO - Started process (PID=30089) to work on /usr/local/python/3.10.13/lib/python3.10/site-packages/airflow/example_dags/subdags/subdag.py
[2024-04-02T09:37:12.185+0000] {processor.py:826} INFO - Processing file /usr/local/python/3.10.13/lib/python3.10/site-packages/airflow/example_dags/subdags/subdag.py for tasks to queue
[2024-04-02T09:37:12.186+0000] {logging_mixin.py:150} INFO - [2024-04-02T09:37:12.186+0000] {dagbag.py:541} INFO - Filling up the DagBag from /usr/local/python/3.10.13/lib/python3.10/site-packages/airflow/example_dags/subdags/subdag.py
[2024-04-02T09:37:12.188+0000] {processor.py:838} WARNING - No viable dags retrieved from /usr/local/python/3.10.13/lib/python3.10/site-packages/airflow/example_dags/subdags/subdag.py
[2024-04-02T09:37:12.195+0000] {processor.py:179} INFO - Processing /usr/local/python/3.10.13/lib/python3.10/site-packages/airflow/example_dags/subdags/subdag.py took 0.013 seconds
[2024-04-02T09:37:47.909+0000] {processor.py:157} INFO - Started process (PID=30330) to work on /usr/local/python/3.10.13/lib/python3.10/site-packages/airflow/example_dags/subdags/subdag.py
[2024-04-02T09:37:47.910+0000] {processor.py:826} INFO - Processing file /usr/local/python/3.10.13/lib/python3.10/site-packages/airflow/example_dags/subdags/subdag.py for tasks to queue
[2024-04-02T09:37:47.910+0000] {logging_mixin.py:150} INFO - [2024-04-02T09:37:47.910+0000] {dagbag.py:541} INFO - Filling up the DagBag from /usr/local/python/3.10.13/lib/python3.10/site-packages/airflow/example_dags/subdags/subdag.py
[2024-04-02T09:37:47.912+0000] {processor.py:838} WARNING - No viable dags retrieved from /usr/local/python/3.10.13/lib/python3.10/site-packages/airflow/example_dags/subdags/subdag.py
[2024-04-02T09:37:47.919+0000] {processor.py:179} INFO - Processing /usr/local/python/3.10.13/lib/python3.10/site-packages/airflow/example_dags/subdags/subdag.py took 0.012 seconds
[2024-04-02T09:38:25.655+0000] {processor.py:157} INFO - Started process (PID=30589) to work on /usr/local/python/3.10.13/lib/python3.10/site-packages/airflow/example_dags/subdags/subdag.py
[2024-04-02T09:38:25.656+0000] {processor.py:826} INFO - Processing file /usr/local/python/3.10.13/lib/python3.10/site-packages/airflow/example_dags/subdags/subdag.py for tasks to queue
[2024-04-02T09:38:25.656+0000] {logging_mixin.py:150} INFO - [2024-04-02T09:38:25.656+0000] {dagbag.py:541} INFO - Filling up the DagBag from /usr/local/python/3.10.13/lib/python3.10/site-packages/airflow/example_dags/subdags/subdag.py
[2024-04-02T09:38:25.658+0000] {processor.py:838} WARNING - No viable dags retrieved from /usr/local/python/3.10.13/lib/python3.10/site-packages/airflow/example_dags/subdags/subdag.py
[2024-04-02T09:38:25.665+0000] {processor.py:179} INFO - Processing /usr/local/python/3.10.13/lib/python3.10/site-packages/airflow/example_dags/subdags/subdag.py took 0.012 seconds
[2024-04-02T09:39:04.335+0000] {processor.py:157} INFO - Started process (PID=30857) to work on /usr/local/python/3.10.13/lib/python3.10/site-packages/airflow/example_dags/subdags/subdag.py
[2024-04-02T09:39:04.335+0000] {processor.py:826} INFO - Processing file /usr/local/python/3.10.13/lib/python3.10/site-packages/airflow/example_dags/subdags/subdag.py for tasks to queue
[2024-04-02T09:39:04.336+0000] {logging_mixin.py:150} INFO - [2024-04-02T09:39:04.336+0000] {dagbag.py:541} INFO - Filling up the DagBag from /usr/local/python/3.10.13/lib/python3.10/site-packages/airflow/example_dags/subdags/subdag.py
[2024-04-02T09:39:04.338+0000] {processor.py:838} WARNING - No viable dags retrieved from /usr/local/python/3.10.13/lib/python3.10/site-packages/airflow/example_dags/subdags/subdag.py
[2024-04-02T09:39:04.345+0000] {processor.py:179} INFO - Processing /usr/local/python/3.10.13/lib/python3.10/site-packages/airflow/example_dags/subdags/subdag.py took 0.013 seconds
[2024-04-02T09:39:42.094+0000] {processor.py:157} INFO - Started process (PID=31172) to work on /usr/local/python/3.10.13/lib/python3.10/site-packages/airflow/example_dags/subdags/subdag.py
[2024-04-02T09:39:42.095+0000] {processor.py:826} INFO - Processing file /usr/local/python/3.10.13/lib/python3.10/site-packages/airflow/example_dags/subdags/subdag.py for tasks to queue
[2024-04-02T09:39:42.096+0000] {logging_mixin.py:150} INFO - [2024-04-02T09:39:42.095+0000] {dagbag.py:541} INFO - Filling up the DagBag from /usr/local/python/3.10.13/lib/python3.10/site-packages/airflow/example_dags/subdags/subdag.py
[2024-04-02T09:39:42.098+0000] {processor.py:838} WARNING - No viable dags retrieved from /usr/local/python/3.10.13/lib/python3.10/site-packages/airflow/example_dags/subdags/subdag.py
[2024-04-02T09:39:42.105+0000] {processor.py:179} INFO - Processing /usr/local/python/3.10.13/lib/python3.10/site-packages/airflow/example_dags/subdags/subdag.py took 0.013 seconds
[2024-04-02T09:40:20.826+0000] {processor.py:157} INFO - Started process (PID=31418) to work on /usr/local/python/3.10.13/lib/python3.10/site-packages/airflow/example_dags/subdags/subdag.py
[2024-04-02T09:40:20.827+0000] {processor.py:826} INFO - Processing file /usr/local/python/3.10.13/lib/python3.10/site-packages/airflow/example_dags/subdags/subdag.py for tasks to queue
[2024-04-02T09:40:20.828+0000] {logging_mixin.py:150} INFO - [2024-04-02T09:40:20.828+0000] {dagbag.py:541} INFO - Filling up the DagBag from /usr/local/python/3.10.13/lib/python3.10/site-packages/airflow/example_dags/subdags/subdag.py
[2024-04-02T09:40:20.830+0000] {processor.py:838} WARNING - No viable dags retrieved from /usr/local/python/3.10.13/lib/python3.10/site-packages/airflow/example_dags/subdags/subdag.py
[2024-04-02T09:40:20.837+0000] {processor.py:179} INFO - Processing /usr/local/python/3.10.13/lib/python3.10/site-packages/airflow/example_dags/subdags/subdag.py took 0.013 seconds
[2024-04-02T09:40:58.662+0000] {processor.py:157} INFO - Started process (PID=31680) to work on /usr/local/python/3.10.13/lib/python3.10/site-packages/airflow/example_dags/subdags/subdag.py
[2024-04-02T09:40:58.663+0000] {processor.py:826} INFO - Processing file /usr/local/python/3.10.13/lib/python3.10/site-packages/airflow/example_dags/subdags/subdag.py for tasks to queue
[2024-04-02T09:40:58.665+0000] {logging_mixin.py:150} INFO - [2024-04-02T09:40:58.664+0000] {dagbag.py:541} INFO - Filling up the DagBag from /usr/local/python/3.10.13/lib/python3.10/site-packages/airflow/example_dags/subdags/subdag.py
[2024-04-02T09:40:58.667+0000] {processor.py:838} WARNING - No viable dags retrieved from /usr/local/python/3.10.13/lib/python3.10/site-packages/airflow/example_dags/subdags/subdag.py
[2024-04-02T09:40:58.677+0000] {processor.py:179} INFO - Processing /usr/local/python/3.10.13/lib/python3.10/site-packages/airflow/example_dags/subdags/subdag.py took 0.019 seconds
[2024-04-02T09:41:35.838+0000] {processor.py:157} INFO - Started process (PID=31945) to work on /usr/local/python/3.10.13/lib/python3.10/site-packages/airflow/example_dags/subdags/subdag.py
[2024-04-02T09:41:35.838+0000] {processor.py:826} INFO - Processing file /usr/local/python/3.10.13/lib/python3.10/site-packages/airflow/example_dags/subdags/subdag.py for tasks to queue
[2024-04-02T09:41:35.839+0000] {logging_mixin.py:150} INFO - [2024-04-02T09:41:35.839+0000] {dagbag.py:541} INFO - Filling up the DagBag from /usr/local/python/3.10.13/lib/python3.10/site-packages/airflow/example_dags/subdags/subdag.py
[2024-04-02T09:41:35.841+0000] {processor.py:838} WARNING - No viable dags retrieved from /usr/local/python/3.10.13/lib/python3.10/site-packages/airflow/example_dags/subdags/subdag.py
[2024-04-02T09:41:35.847+0000] {processor.py:179} INFO - Processing /usr/local/python/3.10.13/lib/python3.10/site-packages/airflow/example_dags/subdags/subdag.py took 0.012 seconds
[2024-04-02T09:42:13.401+0000] {processor.py:157} INFO - Started process (PID=32187) to work on /usr/local/python/3.10.13/lib/python3.10/site-packages/airflow/example_dags/subdags/subdag.py
[2024-04-02T09:42:13.401+0000] {processor.py:826} INFO - Processing file /usr/local/python/3.10.13/lib/python3.10/site-packages/airflow/example_dags/subdags/subdag.py for tasks to queue
[2024-04-02T09:42:13.402+0000] {logging_mixin.py:150} INFO - [2024-04-02T09:42:13.402+0000] {dagbag.py:541} INFO - Filling up the DagBag from /usr/local/python/3.10.13/lib/python3.10/site-packages/airflow/example_dags/subdags/subdag.py
[2024-04-02T09:42:13.404+0000] {processor.py:838} WARNING - No viable dags retrieved from /usr/local/python/3.10.13/lib/python3.10/site-packages/airflow/example_dags/subdags/subdag.py
[2024-04-02T09:42:13.411+0000] {processor.py:179} INFO - Processing /usr/local/python/3.10.13/lib/python3.10/site-packages/airflow/example_dags/subdags/subdag.py took 0.012 seconds
[2024-04-02T09:42:52.744+0000] {processor.py:157} INFO - Started process (PID=32459) to work on /usr/local/python/3.10.13/lib/python3.10/site-packages/airflow/example_dags/subdags/subdag.py
[2024-04-02T09:42:52.745+0000] {processor.py:826} INFO - Processing file /usr/local/python/3.10.13/lib/python3.10/site-packages/airflow/example_dags/subdags/subdag.py for tasks to queue
[2024-04-02T09:42:52.746+0000] {logging_mixin.py:150} INFO - [2024-04-02T09:42:52.745+0000] {dagbag.py:541} INFO - Filling up the DagBag from /usr/local/python/3.10.13/lib/python3.10/site-packages/airflow/example_dags/subdags/subdag.py
[2024-04-02T09:42:52.747+0000] {processor.py:838} WARNING - No viable dags retrieved from /usr/local/python/3.10.13/lib/python3.10/site-packages/airflow/example_dags/subdags/subdag.py
[2024-04-02T09:42:52.754+0000] {processor.py:179} INFO - Processing /usr/local/python/3.10.13/lib/python3.10/site-packages/airflow/example_dags/subdags/subdag.py took 0.012 seconds
[2024-04-02T09:43:33.715+0000] {processor.py:157} INFO - Started process (PID=32737) to work on /usr/local/python/3.10.13/lib/python3.10/site-packages/airflow/example_dags/subdags/subdag.py
[2024-04-02T09:43:33.716+0000] {processor.py:826} INFO - Processing file /usr/local/python/3.10.13/lib/python3.10/site-packages/airflow/example_dags/subdags/subdag.py for tasks to queue
[2024-04-02T09:43:33.717+0000] {logging_mixin.py:150} INFO - [2024-04-02T09:43:33.717+0000] {dagbag.py:541} INFO - Filling up the DagBag from /usr/local/python/3.10.13/lib/python3.10/site-packages/airflow/example_dags/subdags/subdag.py
[2024-04-02T09:43:33.719+0000] {processor.py:838} WARNING - No viable dags retrieved from /usr/local/python/3.10.13/lib/python3.10/site-packages/airflow/example_dags/subdags/subdag.py
[2024-04-02T09:43:33.729+0000] {processor.py:179} INFO - Processing /usr/local/python/3.10.13/lib/python3.10/site-packages/airflow/example_dags/subdags/subdag.py took 0.017 seconds
