2024-03-29 10:59:31,199 INFO - Starting the scheduler
2024-03-29 10:59:31,200 INFO - Processing each file at most -1 times
2024-03-29 10:59:31,205 INFO - Launched DagFileProcessorManager with pid: 14025
2024-03-29 10:59:31,207 INFO - Resetting orphaned tasks for active dag runs
2024-03-29 10:59:31,217 INFO - Configured default timezone Timezone('UTC')
2024-03-29 11:04:31,504 INFO - Resetting orphaned tasks for active dag runs
2024-03-29 11:09:31,645 INFO - Resetting orphaned tasks for active dag runs
2024-03-29 11:09:46,002 INFO - Exiting gracefully upon receiving signal 15
2024-03-29 11:09:47,005 INFO - Sending Signals.SIGTERM to group 14025. PIDs of all processes in the group: [14025]
2024-03-29 11:09:47,006 INFO - Sending the signal Signals.SIGTERM to group 14025
2024-03-29 11:09:47,270 INFO - Process psutil.Process(pid=14025, status='terminated', exitcode=0, started='10:59:30') (14025) terminated with exit code 0
2024-03-29 11:09:47,271 INFO - Sending Signals.SIGTERM to group 14025. PIDs of all processes in the group: []
2024-03-29 11:09:47,272 INFO - Sending the signal Signals.SIGTERM to group 14025
2024-03-29 11:09:47,272 INFO - Sending the signal Signals.SIGTERM to process 14025 as process group is missing.
2024-03-29 11:09:47,273 INFO - Exited execute loop
2024-03-29 11:10:05,616 INFO - Starting the scheduler
2024-03-29 11:10:05,616 INFO - Processing each file at most -1 times
2024-03-29 11:10:05,622 INFO - Launched DagFileProcessorManager with pid: 19147
2024-03-29 11:10:05,623 INFO - Resetting orphaned tasks for active dag runs
2024-03-29 11:10:05,627 INFO - Configured default timezone Timezone('UTC')
2024-03-29 11:15:06,036 INFO - Resetting orphaned tasks for active dag runs
2024-03-29 11:20:06,097 INFO - Resetting orphaned tasks for active dag runs
2024-03-29 11:25:06,126 INFO - Resetting orphaned tasks for active dag runs
2024-03-29 11:30:06,154 INFO - Resetting orphaned tasks for active dag runs
2024-03-29 11:31:00,043 INFO - 1 tasks up for execution:
	<TaskInstance: one_task_dag.one_task manual__2024-03-29T11:30:58.846123+00:00 [scheduled]>
2024-03-29 11:31:00,043 INFO - DAG one_task_dag has 0/16 running and queued tasks
2024-03-29 11:31:00,043 INFO - Setting the following tasks to queued state:
	<TaskInstance: one_task_dag.one_task manual__2024-03-29T11:30:58.846123+00:00 [scheduled]>
2024-03-29 11:31:00,046 INFO - Sending TaskInstanceKey(dag_id='one_task_dag', task_id='one_task', run_id='manual__2024-03-29T11:30:58.846123+00:00', try_number=1, map_index=-1) to executor with priority 1 and queue default
2024-03-29 11:31:00,046 INFO - Adding to queue: ['airflow', 'tasks', 'run', 'one_task_dag', 'one_task', 'manual__2024-03-29T11:30:58.846123+00:00', '--local', '--subdir', 'DAGS_FOLDER/one_task_dag.py']
2024-03-29 11:31:00,077 INFO - Executing command: ['airflow', 'tasks', 'run', 'one_task_dag', 'one_task', 'manual__2024-03-29T11:30:58.846123+00:00', '--local', '--subdir', 'DAGS_FOLDER/one_task_dag.py']
2024-03-29 11:31:02,390 INFO - Received executor event with state success for task instance TaskInstanceKey(dag_id='one_task_dag', task_id='one_task', run_id='manual__2024-03-29T11:30:58.846123+00:00', try_number=1, map_index=-1)
2024-03-29 11:31:02,396 INFO - TaskInstance Finished: dag_id=one_task_dag, task_id=one_task, run_id=manual__2024-03-29T11:30:58.846123+00:00, map_index=-1, run_start_date=2024-03-29 11:31:01.822309+00:00, run_end_date=2024-03-29 11:31:02.050599+00:00, run_duration=0.22829, state=success, executor_state=success, try_number=1, max_tries=0, job_id=3, pool=default_pool, queue=default, priority_weight=1, operator=BashOperator, queued_dttm=2024-03-29 11:31:00.044388+00:00, queued_by_job_id=2, pid=27287
2024-03-29 11:31:02,461 INFO - Marking run <DagRun one_task_dag @ 2024-03-29 11:30:58.846123+00:00: manual__2024-03-29T11:30:58.846123+00:00, state:running, queued_at: 2024-03-29 11:30:58.887042+00:00. externally triggered: True> successful
2024-03-29 11:31:02,462 INFO - DagRun Finished: dag_id=one_task_dag, execution_date=2024-03-29 11:30:58.846123+00:00, run_id=manual__2024-03-29T11:30:58.846123+00:00, run_start_date=2024-03-29 11:30:59.597140+00:00, run_end_date=2024-03-29 11:31:02.462300+00:00, run_duration=2.86516, state=success, external_trigger=True, run_type=manual, data_interval_start=2024-03-29 11:30:58.846123+00:00, data_interval_end=2024-03-29 11:30:58.846123+00:00, dag_hash=3e1b820a4adcc81953d03899ce23f9da
2024-03-29 11:35:06,192 INFO - Resetting orphaned tasks for active dag runs
2024-03-29 11:40:06,220 INFO - Resetting orphaned tasks for active dag runs
2024-03-29 11:45:06,250 INFO - Resetting orphaned tasks for active dag runs
2024-03-29 11:50:06,280 INFO - Resetting orphaned tasks for active dag runs
2024-03-29 11:55:06,307 INFO - Resetting orphaned tasks for active dag runs
2024-03-29 12:00:06,346 INFO - Resetting orphaned tasks for active dag runs
