[2024-03-29T10:59:35.109+0000] {processor.py:157} INFO - Started process (PID=14059) to work on /usr/local/python/3.10.13/lib/python3.10/site-packages/airflow/example_dags/plugins/listener_plugin.py
[2024-03-29T10:59:35.109+0000] {processor.py:826} INFO - Processing file /usr/local/python/3.10.13/lib/python3.10/site-packages/airflow/example_dags/plugins/listener_plugin.py for tasks to queue
[2024-03-29T10:59:35.110+0000] {logging_mixin.py:150} INFO - [2024-03-29T10:59:35.110+0000] {dagbag.py:541} INFO - Filling up the DagBag from /usr/local/python/3.10.13/lib/python3.10/site-packages/airflow/example_dags/plugins/listener_plugin.py
[2024-03-29T10:59:35.112+0000] {processor.py:838} WARNING - No viable dags retrieved from /usr/local/python/3.10.13/lib/python3.10/site-packages/airflow/example_dags/plugins/listener_plugin.py
[2024-03-29T10:59:35.118+0000] {processor.py:179} INFO - Processing /usr/local/python/3.10.13/lib/python3.10/site-packages/airflow/example_dags/plugins/listener_plugin.py took 0.012 seconds
[2024-03-29T11:00:34.941+0000] {processor.py:157} INFO - Started process (PID=14479) to work on /usr/local/python/3.10.13/lib/python3.10/site-packages/airflow/example_dags/plugins/listener_plugin.py
[2024-03-29T11:00:34.943+0000] {processor.py:826} INFO - Processing file /usr/local/python/3.10.13/lib/python3.10/site-packages/airflow/example_dags/plugins/listener_plugin.py for tasks to queue
[2024-03-29T11:00:34.943+0000] {logging_mixin.py:150} INFO - [2024-03-29T11:00:34.943+0000] {dagbag.py:541} INFO - Filling up the DagBag from /usr/local/python/3.10.13/lib/python3.10/site-packages/airflow/example_dags/plugins/listener_plugin.py
[2024-03-29T11:00:34.946+0000] {processor.py:838} WARNING - No viable dags retrieved from /usr/local/python/3.10.13/lib/python3.10/site-packages/airflow/example_dags/plugins/listener_plugin.py
[2024-03-29T11:00:34.954+0000] {processor.py:179} INFO - Processing /usr/local/python/3.10.13/lib/python3.10/site-packages/airflow/example_dags/plugins/listener_plugin.py took 0.016 seconds
[2024-03-29T11:01:17.701+0000] {processor.py:157} INFO - Started process (PID=14786) to work on /usr/local/python/3.10.13/lib/python3.10/site-packages/airflow/example_dags/plugins/listener_plugin.py
[2024-03-29T11:01:17.701+0000] {processor.py:826} INFO - Processing file /usr/local/python/3.10.13/lib/python3.10/site-packages/airflow/example_dags/plugins/listener_plugin.py for tasks to queue
[2024-03-29T11:01:17.702+0000] {logging_mixin.py:150} INFO - [2024-03-29T11:01:17.702+0000] {dagbag.py:541} INFO - Filling up the DagBag from /usr/local/python/3.10.13/lib/python3.10/site-packages/airflow/example_dags/plugins/listener_plugin.py
[2024-03-29T11:01:17.704+0000] {processor.py:838} WARNING - No viable dags retrieved from /usr/local/python/3.10.13/lib/python3.10/site-packages/airflow/example_dags/plugins/listener_plugin.py
[2024-03-29T11:01:17.711+0000] {processor.py:179} INFO - Processing /usr/local/python/3.10.13/lib/python3.10/site-packages/airflow/example_dags/plugins/listener_plugin.py took 0.013 seconds
[2024-03-29T11:02:03.444+0000] {processor.py:157} INFO - Started process (PID=15108) to work on /usr/local/python/3.10.13/lib/python3.10/site-packages/airflow/example_dags/plugins/listener_plugin.py
[2024-03-29T11:02:03.444+0000] {processor.py:826} INFO - Processing file /usr/local/python/3.10.13/lib/python3.10/site-packages/airflow/example_dags/plugins/listener_plugin.py for tasks to queue
[2024-03-29T11:02:03.445+0000] {logging_mixin.py:150} INFO - [2024-03-29T11:02:03.445+0000] {dagbag.py:541} INFO - Filling up the DagBag from /usr/local/python/3.10.13/lib/python3.10/site-packages/airflow/example_dags/plugins/listener_plugin.py
[2024-03-29T11:02:03.447+0000] {processor.py:838} WARNING - No viable dags retrieved from /usr/local/python/3.10.13/lib/python3.10/site-packages/airflow/example_dags/plugins/listener_plugin.py
[2024-03-29T11:02:03.454+0000] {processor.py:179} INFO - Processing /usr/local/python/3.10.13/lib/python3.10/site-packages/airflow/example_dags/plugins/listener_plugin.py took 0.012 seconds
[2024-03-29T11:02:37.101+0000] {processor.py:157} INFO - Started process (PID=15349) to work on /usr/local/python/3.10.13/lib/python3.10/site-packages/airflow/example_dags/plugins/listener_plugin.py
[2024-03-29T11:02:37.102+0000] {processor.py:826} INFO - Processing file /usr/local/python/3.10.13/lib/python3.10/site-packages/airflow/example_dags/plugins/listener_plugin.py for tasks to queue
[2024-03-29T11:02:37.102+0000] {logging_mixin.py:150} INFO - [2024-03-29T11:02:37.102+0000] {dagbag.py:541} INFO - Filling up the DagBag from /usr/local/python/3.10.13/lib/python3.10/site-packages/airflow/example_dags/plugins/listener_plugin.py
[2024-03-29T11:02:37.104+0000] {processor.py:838} WARNING - No viable dags retrieved from /usr/local/python/3.10.13/lib/python3.10/site-packages/airflow/example_dags/plugins/listener_plugin.py
[2024-03-29T11:02:37.111+0000] {processor.py:179} INFO - Processing /usr/local/python/3.10.13/lib/python3.10/site-packages/airflow/example_dags/plugins/listener_plugin.py took 0.012 seconds
[2024-03-29T11:03:11.782+0000] {processor.py:157} INFO - Started process (PID=15580) to work on /usr/local/python/3.10.13/lib/python3.10/site-packages/airflow/example_dags/plugins/listener_plugin.py
[2024-03-29T11:03:11.783+0000] {processor.py:826} INFO - Processing file /usr/local/python/3.10.13/lib/python3.10/site-packages/airflow/example_dags/plugins/listener_plugin.py for tasks to queue
[2024-03-29T11:03:11.783+0000] {logging_mixin.py:150} INFO - [2024-03-29T11:03:11.783+0000] {dagbag.py:541} INFO - Filling up the DagBag from /usr/local/python/3.10.13/lib/python3.10/site-packages/airflow/example_dags/plugins/listener_plugin.py
[2024-03-29T11:03:11.785+0000] {processor.py:838} WARNING - No viable dags retrieved from /usr/local/python/3.10.13/lib/python3.10/site-packages/airflow/example_dags/plugins/listener_plugin.py
[2024-03-29T11:03:11.792+0000] {processor.py:179} INFO - Processing /usr/local/python/3.10.13/lib/python3.10/site-packages/airflow/example_dags/plugins/listener_plugin.py took 0.012 seconds
[2024-03-29T11:03:56.082+0000] {processor.py:157} INFO - Started process (PID=15918) to work on /usr/local/python/3.10.13/lib/python3.10/site-packages/airflow/example_dags/plugins/listener_plugin.py
[2024-03-29T11:03:56.083+0000] {processor.py:826} INFO - Processing file /usr/local/python/3.10.13/lib/python3.10/site-packages/airflow/example_dags/plugins/listener_plugin.py for tasks to queue
[2024-03-29T11:03:56.084+0000] {logging_mixin.py:150} INFO - [2024-03-29T11:03:56.083+0000] {dagbag.py:541} INFO - Filling up the DagBag from /usr/local/python/3.10.13/lib/python3.10/site-packages/airflow/example_dags/plugins/listener_plugin.py
[2024-03-29T11:03:56.086+0000] {processor.py:838} WARNING - No viable dags retrieved from /usr/local/python/3.10.13/lib/python3.10/site-packages/airflow/example_dags/plugins/listener_plugin.py
[2024-03-29T11:03:56.094+0000] {processor.py:179} INFO - Processing /usr/local/python/3.10.13/lib/python3.10/site-packages/airflow/example_dags/plugins/listener_plugin.py took 0.014 seconds
[2024-03-29T11:04:27.545+0000] {processor.py:157} INFO - Started process (PID=16137) to work on /usr/local/python/3.10.13/lib/python3.10/site-packages/airflow/example_dags/plugins/listener_plugin.py
[2024-03-29T11:04:27.546+0000] {processor.py:826} INFO - Processing file /usr/local/python/3.10.13/lib/python3.10/site-packages/airflow/example_dags/plugins/listener_plugin.py for tasks to queue
[2024-03-29T11:04:27.547+0000] {logging_mixin.py:150} INFO - [2024-03-29T11:04:27.546+0000] {dagbag.py:541} INFO - Filling up the DagBag from /usr/local/python/3.10.13/lib/python3.10/site-packages/airflow/example_dags/plugins/listener_plugin.py
[2024-03-29T11:04:27.550+0000] {processor.py:838} WARNING - No viable dags retrieved from /usr/local/python/3.10.13/lib/python3.10/site-packages/airflow/example_dags/plugins/listener_plugin.py
[2024-03-29T11:04:27.561+0000] {processor.py:179} INFO - Processing /usr/local/python/3.10.13/lib/python3.10/site-packages/airflow/example_dags/plugins/listener_plugin.py took 0.019 seconds
[2024-03-29T11:04:58.627+0000] {processor.py:157} INFO - Started process (PID=16356) to work on /usr/local/python/3.10.13/lib/python3.10/site-packages/airflow/example_dags/plugins/listener_plugin.py
[2024-03-29T11:04:58.628+0000] {processor.py:826} INFO - Processing file /usr/local/python/3.10.13/lib/python3.10/site-packages/airflow/example_dags/plugins/listener_plugin.py for tasks to queue
[2024-03-29T11:04:58.628+0000] {logging_mixin.py:150} INFO - [2024-03-29T11:04:58.628+0000] {dagbag.py:541} INFO - Filling up the DagBag from /usr/local/python/3.10.13/lib/python3.10/site-packages/airflow/example_dags/plugins/listener_plugin.py
[2024-03-29T11:04:58.630+0000] {processor.py:838} WARNING - No viable dags retrieved from /usr/local/python/3.10.13/lib/python3.10/site-packages/airflow/example_dags/plugins/listener_plugin.py
[2024-03-29T11:04:58.638+0000] {processor.py:179} INFO - Processing /usr/local/python/3.10.13/lib/python3.10/site-packages/airflow/example_dags/plugins/listener_plugin.py took 0.013 seconds
[2024-03-29T11:05:29.907+0000] {processor.py:157} INFO - Started process (PID=16566) to work on /usr/local/python/3.10.13/lib/python3.10/site-packages/airflow/example_dags/plugins/listener_plugin.py
[2024-03-29T11:05:29.908+0000] {processor.py:826} INFO - Processing file /usr/local/python/3.10.13/lib/python3.10/site-packages/airflow/example_dags/plugins/listener_plugin.py for tasks to queue
[2024-03-29T11:05:29.908+0000] {logging_mixin.py:150} INFO - [2024-03-29T11:05:29.908+0000] {dagbag.py:541} INFO - Filling up the DagBag from /usr/local/python/3.10.13/lib/python3.10/site-packages/airflow/example_dags/plugins/listener_plugin.py
[2024-03-29T11:05:29.910+0000] {processor.py:838} WARNING - No viable dags retrieved from /usr/local/python/3.10.13/lib/python3.10/site-packages/airflow/example_dags/plugins/listener_plugin.py
[2024-03-29T11:05:29.917+0000] {processor.py:179} INFO - Processing /usr/local/python/3.10.13/lib/python3.10/site-packages/airflow/example_dags/plugins/listener_plugin.py took 0.012 seconds
[2024-03-29T11:06:15.026+0000] {processor.py:157} INFO - Started process (PID=16890) to work on /usr/local/python/3.10.13/lib/python3.10/site-packages/airflow/example_dags/plugins/listener_plugin.py
[2024-03-29T11:06:15.026+0000] {processor.py:826} INFO - Processing file /usr/local/python/3.10.13/lib/python3.10/site-packages/airflow/example_dags/plugins/listener_plugin.py for tasks to queue
[2024-03-29T11:06:15.027+0000] {logging_mixin.py:150} INFO - [2024-03-29T11:06:15.027+0000] {dagbag.py:541} INFO - Filling up the DagBag from /usr/local/python/3.10.13/lib/python3.10/site-packages/airflow/example_dags/plugins/listener_plugin.py
[2024-03-29T11:06:15.029+0000] {processor.py:838} WARNING - No viable dags retrieved from /usr/local/python/3.10.13/lib/python3.10/site-packages/airflow/example_dags/plugins/listener_plugin.py
[2024-03-29T11:06:15.036+0000] {processor.py:179} INFO - Processing /usr/local/python/3.10.13/lib/python3.10/site-packages/airflow/example_dags/plugins/listener_plugin.py took 0.012 seconds
[2024-03-29T11:06:47.566+0000] {processor.py:157} INFO - Started process (PID=17133) to work on /usr/local/python/3.10.13/lib/python3.10/site-packages/airflow/example_dags/plugins/listener_plugin.py
[2024-03-29T11:06:47.566+0000] {processor.py:826} INFO - Processing file /usr/local/python/3.10.13/lib/python3.10/site-packages/airflow/example_dags/plugins/listener_plugin.py for tasks to queue
[2024-03-29T11:06:47.567+0000] {logging_mixin.py:150} INFO - [2024-03-29T11:06:47.567+0000] {dagbag.py:541} INFO - Filling up the DagBag from /usr/local/python/3.10.13/lib/python3.10/site-packages/airflow/example_dags/plugins/listener_plugin.py
[2024-03-29T11:06:47.569+0000] {processor.py:838} WARNING - No viable dags retrieved from /usr/local/python/3.10.13/lib/python3.10/site-packages/airflow/example_dags/plugins/listener_plugin.py
[2024-03-29T11:06:47.576+0000] {processor.py:179} INFO - Processing /usr/local/python/3.10.13/lib/python3.10/site-packages/airflow/example_dags/plugins/listener_plugin.py took 0.013 seconds
[2024-03-29T11:07:19.164+0000] {processor.py:157} INFO - Started process (PID=17356) to work on /usr/local/python/3.10.13/lib/python3.10/site-packages/airflow/example_dags/plugins/listener_plugin.py
[2024-03-29T11:07:19.165+0000] {processor.py:826} INFO - Processing file /usr/local/python/3.10.13/lib/python3.10/site-packages/airflow/example_dags/plugins/listener_plugin.py for tasks to queue
[2024-03-29T11:07:19.166+0000] {logging_mixin.py:150} INFO - [2024-03-29T11:07:19.165+0000] {dagbag.py:541} INFO - Filling up the DagBag from /usr/local/python/3.10.13/lib/python3.10/site-packages/airflow/example_dags/plugins/listener_plugin.py
[2024-03-29T11:07:19.168+0000] {processor.py:838} WARNING - No viable dags retrieved from /usr/local/python/3.10.13/lib/python3.10/site-packages/airflow/example_dags/plugins/listener_plugin.py
[2024-03-29T11:07:19.176+0000] {processor.py:179} INFO - Processing /usr/local/python/3.10.13/lib/python3.10/site-packages/airflow/example_dags/plugins/listener_plugin.py took 0.013 seconds
[2024-03-29T11:07:55.194+0000] {processor.py:157} INFO - Started process (PID=17597) to work on /usr/local/python/3.10.13/lib/python3.10/site-packages/airflow/example_dags/plugins/listener_plugin.py
[2024-03-29T11:07:55.195+0000] {processor.py:826} INFO - Processing file /usr/local/python/3.10.13/lib/python3.10/site-packages/airflow/example_dags/plugins/listener_plugin.py for tasks to queue
[2024-03-29T11:07:55.196+0000] {logging_mixin.py:150} INFO - [2024-03-29T11:07:55.195+0000] {dagbag.py:541} INFO - Filling up the DagBag from /usr/local/python/3.10.13/lib/python3.10/site-packages/airflow/example_dags/plugins/listener_plugin.py
[2024-03-29T11:07:55.198+0000] {processor.py:838} WARNING - No viable dags retrieved from /usr/local/python/3.10.13/lib/python3.10/site-packages/airflow/example_dags/plugins/listener_plugin.py
[2024-03-29T11:07:55.205+0000] {processor.py:179} INFO - Processing /usr/local/python/3.10.13/lib/python3.10/site-packages/airflow/example_dags/plugins/listener_plugin.py took 0.013 seconds
[2024-03-29T11:08:29.806+0000] {processor.py:157} INFO - Started process (PID=17946) to work on /usr/local/python/3.10.13/lib/python3.10/site-packages/airflow/example_dags/plugins/listener_plugin.py
[2024-03-29T11:08:29.806+0000] {processor.py:826} INFO - Processing file /usr/local/python/3.10.13/lib/python3.10/site-packages/airflow/example_dags/plugins/listener_plugin.py for tasks to queue
[2024-03-29T11:08:29.807+0000] {logging_mixin.py:150} INFO - [2024-03-29T11:08:29.807+0000] {dagbag.py:541} INFO - Filling up the DagBag from /usr/local/python/3.10.13/lib/python3.10/site-packages/airflow/example_dags/plugins/listener_plugin.py
[2024-03-29T11:08:29.809+0000] {processor.py:838} WARNING - No viable dags retrieved from /usr/local/python/3.10.13/lib/python3.10/site-packages/airflow/example_dags/plugins/listener_plugin.py
[2024-03-29T11:08:29.816+0000] {processor.py:179} INFO - Processing /usr/local/python/3.10.13/lib/python3.10/site-packages/airflow/example_dags/plugins/listener_plugin.py took 0.013 seconds
[2024-03-29T11:09:02.407+0000] {processor.py:157} INFO - Started process (PID=18368) to work on /usr/local/python/3.10.13/lib/python3.10/site-packages/airflow/example_dags/plugins/listener_plugin.py
[2024-03-29T11:09:02.408+0000] {processor.py:826} INFO - Processing file /usr/local/python/3.10.13/lib/python3.10/site-packages/airflow/example_dags/plugins/listener_plugin.py for tasks to queue
[2024-03-29T11:09:02.409+0000] {logging_mixin.py:150} INFO - [2024-03-29T11:09:02.409+0000] {dagbag.py:541} INFO - Filling up the DagBag from /usr/local/python/3.10.13/lib/python3.10/site-packages/airflow/example_dags/plugins/listener_plugin.py
[2024-03-29T11:09:02.411+0000] {processor.py:838} WARNING - No viable dags retrieved from /usr/local/python/3.10.13/lib/python3.10/site-packages/airflow/example_dags/plugins/listener_plugin.py
[2024-03-29T11:09:02.421+0000] {processor.py:179} INFO - Processing /usr/local/python/3.10.13/lib/python3.10/site-packages/airflow/example_dags/plugins/listener_plugin.py took 0.017 seconds
[2024-03-29T11:09:37.988+0000] {processor.py:157} INFO - Started process (PID=18732) to work on /usr/local/python/3.10.13/lib/python3.10/site-packages/airflow/example_dags/plugins/listener_plugin.py
[2024-03-29T11:09:37.989+0000] {processor.py:826} INFO - Processing file /usr/local/python/3.10.13/lib/python3.10/site-packages/airflow/example_dags/plugins/listener_plugin.py for tasks to queue
[2024-03-29T11:09:37.989+0000] {logging_mixin.py:150} INFO - [2024-03-29T11:09:37.989+0000] {dagbag.py:541} INFO - Filling up the DagBag from /usr/local/python/3.10.13/lib/python3.10/site-packages/airflow/example_dags/plugins/listener_plugin.py
[2024-03-29T11:09:37.993+0000] {processor.py:838} WARNING - No viable dags retrieved from /usr/local/python/3.10.13/lib/python3.10/site-packages/airflow/example_dags/plugins/listener_plugin.py
[2024-03-29T11:09:38.003+0000] {processor.py:179} INFO - Processing /usr/local/python/3.10.13/lib/python3.10/site-packages/airflow/example_dags/plugins/listener_plugin.py took 0.018 seconds
