[2024-03-31T08:07:09.975+0000] {taskinstance.py:1103} INFO - Dependencies all met for dep_context=non-requeueable deps ti=<TaskInstance: extract_dag.extract_task manual__2024-03-31T08:07:06.338779+00:00 [queued]>
[2024-03-31T08:07:09.980+0000] {taskinstance.py:1103} INFO - Dependencies all met for dep_context=requeueable deps ti=<TaskInstance: extract_dag.extract_task manual__2024-03-31T08:07:06.338779+00:00 [queued]>
[2024-03-31T08:07:09.981+0000] {taskinstance.py:1308} INFO - Starting attempt 1 of 1
[2024-03-31T08:07:10.023+0000] {taskinstance.py:1327} INFO - Executing <Task(BashOperator): extract_task> on 2024-03-31 08:07:06.338779+00:00
[2024-03-31T08:07:10.027+0000] {standard_task_runner.py:57} INFO - Started process 10322 to run task
[2024-03-31T08:07:10.030+0000] {standard_task_runner.py:84} INFO - Running: ['airflow', 'tasks', 'run', 'extract_dag', 'extract_task', 'manual__2024-03-31T08:07:06.338779+00:00', '--job-id', '7', '--raw', '--subdir', 'DAGS_FOLDER/extract_dag.py', '--cfg-path', '/tmp/tmp70q92ik4']
[2024-03-31T08:07:10.030+0000] {standard_task_runner.py:85} INFO - Job 7: Subtask extract_task
[2024-03-31T08:07:10.090+0000] {task_command.py:410} INFO - Running <TaskInstance: extract_dag.extract_task manual__2024-03-31T08:07:06.338779+00:00 [running]> on host codespaces-e864db
[2024-03-31T08:07:10.200+0000] {taskinstance.py:1545} INFO - Exporting env vars: AIRFLOW_CTX_DAG_OWNER='airflow' AIRFLOW_CTX_DAG_ID='extract_dag' AIRFLOW_CTX_TASK_ID='extract_task' AIRFLOW_CTX_EXECUTION_DATE='2024-03-31T08:07:06.338779+00:00' AIRFLOW_CTX_TRY_NUMBER='1' AIRFLOW_CTX_DAG_RUN_ID='manual__2024-03-31T08:07:06.338779+00:00'
[2024-03-31T08:07:10.201+0000] {subprocess.py:63} INFO - Tmp dir root location: /tmp
[2024-03-31T08:07:10.202+0000] {subprocess.py:75} INFO - Running command: ['/usr/bin/bash', '-c', 'wget -c https://r2.datahub.io/clt98mhbp000nl708qb1tppbw/master/raw/top-level-domain-names.csv -O /workspaces/hands-on-introduction-data-engineering-4395021/lab/orchestrated/airflow-extract-data.csv']
[2024-03-31T08:07:10.215+0000] {subprocess.py:86} INFO - Output:
[2024-03-31T08:07:10.221+0000] {subprocess.py:93} INFO - --2024-03-31 08:07:10--  https://r2.datahub.io/clt98mhbp000nl708qb1tppbw/master/raw/top-level-domain-names.csv
[2024-03-31T08:07:10.231+0000] {subprocess.py:93} INFO - Resolving r2.datahub.io (r2.datahub.io)... 104.21.40.221, 172.67.157.38, 2606:4700:3030::ac43:9d26, ...
[2024-03-31T08:07:10.234+0000] {subprocess.py:93} INFO - Connecting to r2.datahub.io (r2.datahub.io)|104.21.40.221|:443... connected.
[2024-03-31T08:07:10.396+0000] {subprocess.py:93} INFO - HTTP request sent, awaiting response... 416 Range Not Satisfiable
[2024-03-31T08:07:10.397+0000] {subprocess.py:93} INFO - 
[2024-03-31T08:07:10.397+0000] {subprocess.py:93} INFO -     The file is already fully retrieved; nothing to do.
[2024-03-31T08:07:10.397+0000] {subprocess.py:93} INFO - 
[2024-03-31T08:07:10.398+0000] {subprocess.py:97} INFO - Command exited with return code 0
[2024-03-31T08:07:10.439+0000] {taskinstance.py:1345} INFO - Marking task as SUCCESS. dag_id=extract_dag, task_id=extract_task, execution_date=20240331T080706, start_date=20240331T080709, end_date=20240331T080710
[2024-03-31T08:07:10.486+0000] {local_task_job_runner.py:225} INFO - Task exited with return code 0
[2024-03-31T08:07:10.497+0000] {taskinstance.py:2653} INFO - 0 downstream tasks scheduled from follow-on schedule check
