[2024-03-31T11:59:22.613+0000] {processor.py:157} INFO - Started process (PID=11887) to work on /workspaces/hands-on-introduction-data-engineering-4395021/airflow/dags/basic_etl_dag.py
[2024-03-31T11:59:22.618+0000] {processor.py:826} INFO - Processing file /workspaces/hands-on-introduction-data-engineering-4395021/airflow/dags/basic_etl_dag.py for tasks to queue
[2024-03-31T11:59:22.619+0000] {logging_mixin.py:150} INFO - [2024-03-31T11:59:22.618+0000] {dagbag.py:541} INFO - Filling up the DagBag from /workspaces/hands-on-introduction-data-engineering-4395021/airflow/dags/basic_etl_dag.py
[2024-03-31T11:59:24.414+0000] {processor.py:836} INFO - DAG(s) dict_keys(['basic_etl_dag']) retrieved from /workspaces/hands-on-introduction-data-engineering-4395021/airflow/dags/basic_etl_dag.py
[2024-03-31T11:59:24.677+0000] {logging_mixin.py:150} INFO - [2024-03-31T11:59:24.676+0000] {manager.py:504} INFO - Created Permission View: can delete on DAG:basic_etl_dag
[2024-03-31T11:59:24.721+0000] {logging_mixin.py:150} INFO - [2024-03-31T11:59:24.720+0000] {manager.py:504} INFO - Created Permission View: can read on DAG:basic_etl_dag
[2024-03-31T11:59:24.762+0000] {logging_mixin.py:150} INFO - [2024-03-31T11:59:24.762+0000] {manager.py:504} INFO - Created Permission View: can edit on DAG:basic_etl_dag
[2024-03-31T11:59:24.782+0000] {logging_mixin.py:150} INFO - [2024-03-31T11:59:24.781+0000] {dag.py:2742} INFO - Sync 1 DAGs
[2024-03-31T11:59:24.812+0000] {logging_mixin.py:150} INFO - [2024-03-31T11:59:24.812+0000] {dag.py:2763} INFO - Creating ORM DAG for basic_etl_dag
[2024-03-31T11:59:24.852+0000] {logging_mixin.py:150} INFO - [2024-03-31T11:59:24.851+0000] {dag.py:3504} INFO - Setting next_dagrun for basic_etl_dag to None, run_after=None
[2024-03-31T11:59:24.944+0000] {processor.py:179} INFO - Processing /workspaces/hands-on-introduction-data-engineering-4395021/airflow/dags/basic_etl_dag.py took 2.353 seconds
[2024-03-31T11:59:55.111+0000] {processor.py:157} INFO - Started process (PID=12129) to work on /workspaces/hands-on-introduction-data-engineering-4395021/airflow/dags/basic_etl_dag.py
[2024-03-31T11:59:55.112+0000] {processor.py:826} INFO - Processing file /workspaces/hands-on-introduction-data-engineering-4395021/airflow/dags/basic_etl_dag.py for tasks to queue
[2024-03-31T11:59:55.112+0000] {logging_mixin.py:150} INFO - [2024-03-31T11:59:55.112+0000] {dagbag.py:541} INFO - Filling up the DagBag from /workspaces/hands-on-introduction-data-engineering-4395021/airflow/dags/basic_etl_dag.py
[2024-03-31T11:59:55.471+0000] {processor.py:836} INFO - DAG(s) dict_keys(['basic_etl_dag']) retrieved from /workspaces/hands-on-introduction-data-engineering-4395021/airflow/dags/basic_etl_dag.py
[2024-03-31T11:59:55.484+0000] {logging_mixin.py:150} INFO - [2024-03-31T11:59:55.483+0000] {dag.py:2742} INFO - Sync 1 DAGs
[2024-03-31T11:59:55.496+0000] {logging_mixin.py:150} INFO - [2024-03-31T11:59:55.496+0000] {dag.py:3504} INFO - Setting next_dagrun for basic_etl_dag to None, run_after=None
[2024-03-31T11:59:55.535+0000] {processor.py:179} INFO - Processing /workspaces/hands-on-introduction-data-engineering-4395021/airflow/dags/basic_etl_dag.py took 0.426 seconds
[2024-03-31T12:00:25.705+0000] {processor.py:157} INFO - Started process (PID=12315) to work on /workspaces/hands-on-introduction-data-engineering-4395021/airflow/dags/basic_etl_dag.py
[2024-03-31T12:00:25.706+0000] {processor.py:826} INFO - Processing file /workspaces/hands-on-introduction-data-engineering-4395021/airflow/dags/basic_etl_dag.py for tasks to queue
[2024-03-31T12:00:25.707+0000] {logging_mixin.py:150} INFO - [2024-03-31T12:00:25.707+0000] {dagbag.py:541} INFO - Filling up the DagBag from /workspaces/hands-on-introduction-data-engineering-4395021/airflow/dags/basic_etl_dag.py
[2024-03-31T12:00:26.410+0000] {processor.py:836} INFO - DAG(s) dict_keys(['basic_etl_dag']) retrieved from /workspaces/hands-on-introduction-data-engineering-4395021/airflow/dags/basic_etl_dag.py
[2024-03-31T12:00:26.428+0000] {logging_mixin.py:150} INFO - [2024-03-31T12:00:26.428+0000] {dag.py:2742} INFO - Sync 1 DAGs
[2024-03-31T12:00:26.446+0000] {logging_mixin.py:150} INFO - [2024-03-31T12:00:26.446+0000] {dag.py:3504} INFO - Setting next_dagrun for basic_etl_dag to None, run_after=None
[2024-03-31T12:00:26.484+0000] {processor.py:179} INFO - Processing /workspaces/hands-on-introduction-data-engineering-4395021/airflow/dags/basic_etl_dag.py took 0.782 seconds
[2024-03-31T12:00:56.609+0000] {processor.py:157} INFO - Started process (PID=12639) to work on /workspaces/hands-on-introduction-data-engineering-4395021/airflow/dags/basic_etl_dag.py
[2024-03-31T12:00:56.609+0000] {processor.py:826} INFO - Processing file /workspaces/hands-on-introduction-data-engineering-4395021/airflow/dags/basic_etl_dag.py for tasks to queue
[2024-03-31T12:00:56.610+0000] {logging_mixin.py:150} INFO - [2024-03-31T12:00:56.610+0000] {dagbag.py:541} INFO - Filling up the DagBag from /workspaces/hands-on-introduction-data-engineering-4395021/airflow/dags/basic_etl_dag.py
[2024-03-31T12:00:57.083+0000] {processor.py:836} INFO - DAG(s) dict_keys(['basic_etl_dag']) retrieved from /workspaces/hands-on-introduction-data-engineering-4395021/airflow/dags/basic_etl_dag.py
[2024-03-31T12:00:57.101+0000] {logging_mixin.py:150} INFO - [2024-03-31T12:00:57.101+0000] {dag.py:2742} INFO - Sync 1 DAGs
[2024-03-31T12:00:57.124+0000] {logging_mixin.py:150} INFO - [2024-03-31T12:00:57.124+0000] {dag.py:3504} INFO - Setting next_dagrun for basic_etl_dag to None, run_after=None
[2024-03-31T12:00:57.166+0000] {processor.py:179} INFO - Processing /workspaces/hands-on-introduction-data-engineering-4395021/airflow/dags/basic_etl_dag.py took 0.559 seconds
[2024-03-31T12:01:27.334+0000] {processor.py:157} INFO - Started process (PID=12836) to work on /workspaces/hands-on-introduction-data-engineering-4395021/airflow/dags/basic_etl_dag.py
[2024-03-31T12:01:27.334+0000] {processor.py:826} INFO - Processing file /workspaces/hands-on-introduction-data-engineering-4395021/airflow/dags/basic_etl_dag.py for tasks to queue
[2024-03-31T12:01:27.335+0000] {logging_mixin.py:150} INFO - [2024-03-31T12:01:27.335+0000] {dagbag.py:541} INFO - Filling up the DagBag from /workspaces/hands-on-introduction-data-engineering-4395021/airflow/dags/basic_etl_dag.py
[2024-03-31T12:01:27.909+0000] {processor.py:836} INFO - DAG(s) dict_keys(['basic_etl_dag']) retrieved from /workspaces/hands-on-introduction-data-engineering-4395021/airflow/dags/basic_etl_dag.py
[2024-03-31T12:01:27.928+0000] {logging_mixin.py:150} INFO - [2024-03-31T12:01:27.928+0000] {dag.py:2742} INFO - Sync 1 DAGs
[2024-03-31T12:01:27.948+0000] {logging_mixin.py:150} INFO - [2024-03-31T12:01:27.948+0000] {dag.py:3504} INFO - Setting next_dagrun for basic_etl_dag to None, run_after=None
[2024-03-31T12:01:27.992+0000] {processor.py:179} INFO - Processing /workspaces/hands-on-introduction-data-engineering-4395021/airflow/dags/basic_etl_dag.py took 0.660 seconds
[2024-03-31T12:01:58.140+0000] {processor.py:157} INFO - Started process (PID=13264) to work on /workspaces/hands-on-introduction-data-engineering-4395021/airflow/dags/basic_etl_dag.py
[2024-03-31T12:01:58.141+0000] {processor.py:826} INFO - Processing file /workspaces/hands-on-introduction-data-engineering-4395021/airflow/dags/basic_etl_dag.py for tasks to queue
[2024-03-31T12:01:58.141+0000] {logging_mixin.py:150} INFO - [2024-03-31T12:01:58.141+0000] {dagbag.py:541} INFO - Filling up the DagBag from /workspaces/hands-on-introduction-data-engineering-4395021/airflow/dags/basic_etl_dag.py
[2024-03-31T12:01:58.701+0000] {processor.py:836} INFO - DAG(s) dict_keys(['basic_etl_dag']) retrieved from /workspaces/hands-on-introduction-data-engineering-4395021/airflow/dags/basic_etl_dag.py
[2024-03-31T12:01:58.720+0000] {logging_mixin.py:150} INFO - [2024-03-31T12:01:58.720+0000] {dag.py:2742} INFO - Sync 1 DAGs
[2024-03-31T12:01:58.740+0000] {logging_mixin.py:150} INFO - [2024-03-31T12:01:58.740+0000] {dag.py:3504} INFO - Setting next_dagrun for basic_etl_dag to None, run_after=None
[2024-03-31T12:01:58.783+0000] {processor.py:179} INFO - Processing /workspaces/hands-on-introduction-data-engineering-4395021/airflow/dags/basic_etl_dag.py took 0.645 seconds
[2024-03-31T12:02:12.645+0000] {processor.py:157} INFO - Started process (PID=13371) to work on /workspaces/hands-on-introduction-data-engineering-4395021/airflow/dags/basic_etl_dag.py
[2024-03-31T12:02:12.647+0000] {processor.py:826} INFO - Processing file /workspaces/hands-on-introduction-data-engineering-4395021/airflow/dags/basic_etl_dag.py for tasks to queue
[2024-03-31T12:02:12.648+0000] {logging_mixin.py:150} INFO - [2024-03-31T12:02:12.648+0000] {dagbag.py:541} INFO - Filling up the DagBag from /workspaces/hands-on-introduction-data-engineering-4395021/airflow/dags/basic_etl_dag.py
[2024-03-31T12:02:13.365+0000] {processor.py:836} INFO - DAG(s) dict_keys(['basic_etl_dag']) retrieved from /workspaces/hands-on-introduction-data-engineering-4395021/airflow/dags/basic_etl_dag.py
[2024-03-31T12:02:13.485+0000] {logging_mixin.py:150} INFO - [2024-03-31T12:02:13.485+0000] {dag.py:2742} INFO - Sync 1 DAGs
[2024-03-31T12:02:13.528+0000] {logging_mixin.py:150} INFO - [2024-03-31T12:02:13.521+0000] {dag.py:3504} INFO - Setting next_dagrun for basic_etl_dag to None, run_after=None
[2024-03-31T12:02:13.588+0000] {processor.py:179} INFO - Processing /workspaces/hands-on-introduction-data-engineering-4395021/airflow/dags/basic_etl_dag.py took 0.953 seconds
[2024-03-31T12:02:43.790+0000] {processor.py:157} INFO - Started process (PID=13874) to work on /workspaces/hands-on-introduction-data-engineering-4395021/airflow/dags/basic_etl_dag.py
[2024-03-31T12:02:43.791+0000] {processor.py:826} INFO - Processing file /workspaces/hands-on-introduction-data-engineering-4395021/airflow/dags/basic_etl_dag.py for tasks to queue
[2024-03-31T12:02:43.792+0000] {logging_mixin.py:150} INFO - [2024-03-31T12:02:43.791+0000] {dagbag.py:541} INFO - Filling up the DagBag from /workspaces/hands-on-introduction-data-engineering-4395021/airflow/dags/basic_etl_dag.py
[2024-03-31T12:02:44.333+0000] {processor.py:836} INFO - DAG(s) dict_keys(['basic_etl_dag']) retrieved from /workspaces/hands-on-introduction-data-engineering-4395021/airflow/dags/basic_etl_dag.py
[2024-03-31T12:02:44.362+0000] {logging_mixin.py:150} INFO - [2024-03-31T12:02:44.361+0000] {dag.py:2742} INFO - Sync 1 DAGs
[2024-03-31T12:02:44.409+0000] {logging_mixin.py:150} INFO - [2024-03-31T12:02:44.409+0000] {dag.py:3504} INFO - Setting next_dagrun for basic_etl_dag to None, run_after=None
[2024-03-31T12:02:45.119+0000] {processor.py:179} INFO - Processing /workspaces/hands-on-introduction-data-engineering-4395021/airflow/dags/basic_etl_dag.py took 1.332 seconds
[2024-03-31T12:03:15.783+0000] {processor.py:157} INFO - Started process (PID=14125) to work on /workspaces/hands-on-introduction-data-engineering-4395021/airflow/dags/basic_etl_dag.py
[2024-03-31T12:03:15.783+0000] {processor.py:826} INFO - Processing file /workspaces/hands-on-introduction-data-engineering-4395021/airflow/dags/basic_etl_dag.py for tasks to queue
[2024-03-31T12:03:15.784+0000] {logging_mixin.py:150} INFO - [2024-03-31T12:03:15.784+0000] {dagbag.py:541} INFO - Filling up the DagBag from /workspaces/hands-on-introduction-data-engineering-4395021/airflow/dags/basic_etl_dag.py
[2024-03-31T12:03:16.136+0000] {processor.py:836} INFO - DAG(s) dict_keys(['basic_etl_dag']) retrieved from /workspaces/hands-on-introduction-data-engineering-4395021/airflow/dags/basic_etl_dag.py
[2024-03-31T12:03:16.150+0000] {logging_mixin.py:150} INFO - [2024-03-31T12:03:16.150+0000] {dag.py:2742} INFO - Sync 1 DAGs
[2024-03-31T12:03:16.164+0000] {logging_mixin.py:150} INFO - [2024-03-31T12:03:16.164+0000] {dag.py:3504} INFO - Setting next_dagrun for basic_etl_dag to None, run_after=None
[2024-03-31T12:03:16.199+0000] {processor.py:179} INFO - Processing /workspaces/hands-on-introduction-data-engineering-4395021/airflow/dags/basic_etl_dag.py took 0.419 seconds
[2024-03-31T12:03:46.407+0000] {processor.py:157} INFO - Started process (PID=14309) to work on /workspaces/hands-on-introduction-data-engineering-4395021/airflow/dags/basic_etl_dag.py
[2024-03-31T12:03:46.408+0000] {processor.py:826} INFO - Processing file /workspaces/hands-on-introduction-data-engineering-4395021/airflow/dags/basic_etl_dag.py for tasks to queue
[2024-03-31T12:03:46.409+0000] {logging_mixin.py:150} INFO - [2024-03-31T12:03:46.409+0000] {dagbag.py:541} INFO - Filling up the DagBag from /workspaces/hands-on-introduction-data-engineering-4395021/airflow/dags/basic_etl_dag.py
[2024-03-31T12:03:46.852+0000] {processor.py:836} INFO - DAG(s) dict_keys(['basic_etl_dag']) retrieved from /workspaces/hands-on-introduction-data-engineering-4395021/airflow/dags/basic_etl_dag.py
[2024-03-31T12:03:46.874+0000] {logging_mixin.py:150} INFO - [2024-03-31T12:03:46.873+0000] {dag.py:2742} INFO - Sync 1 DAGs
[2024-03-31T12:03:46.894+0000] {logging_mixin.py:150} INFO - [2024-03-31T12:03:46.894+0000] {dag.py:3504} INFO - Setting next_dagrun for basic_etl_dag to None, run_after=None
[2024-03-31T12:03:46.937+0000] {processor.py:179} INFO - Processing /workspaces/hands-on-introduction-data-engineering-4395021/airflow/dags/basic_etl_dag.py took 0.533 seconds
[2024-03-31T12:04:17.146+0000] {processor.py:157} INFO - Started process (PID=14485) to work on /workspaces/hands-on-introduction-data-engineering-4395021/airflow/dags/basic_etl_dag.py
[2024-03-31T12:04:17.148+0000] {processor.py:826} INFO - Processing file /workspaces/hands-on-introduction-data-engineering-4395021/airflow/dags/basic_etl_dag.py for tasks to queue
[2024-03-31T12:04:17.149+0000] {logging_mixin.py:150} INFO - [2024-03-31T12:04:17.148+0000] {dagbag.py:541} INFO - Filling up the DagBag from /workspaces/hands-on-introduction-data-engineering-4395021/airflow/dags/basic_etl_dag.py
[2024-03-31T12:04:17.598+0000] {processor.py:836} INFO - DAG(s) dict_keys(['basic_etl_dag']) retrieved from /workspaces/hands-on-introduction-data-engineering-4395021/airflow/dags/basic_etl_dag.py
[2024-03-31T12:04:17.611+0000] {logging_mixin.py:150} INFO - [2024-03-31T12:04:17.611+0000] {dag.py:2742} INFO - Sync 1 DAGs
[2024-03-31T12:04:17.624+0000] {logging_mixin.py:150} INFO - [2024-03-31T12:04:17.624+0000] {dag.py:3504} INFO - Setting next_dagrun for basic_etl_dag to None, run_after=None
[2024-03-31T12:04:17.668+0000] {processor.py:179} INFO - Processing /workspaces/hands-on-introduction-data-engineering-4395021/airflow/dags/basic_etl_dag.py took 0.525 seconds
[2024-03-31T12:04:47.840+0000] {processor.py:157} INFO - Started process (PID=14662) to work on /workspaces/hands-on-introduction-data-engineering-4395021/airflow/dags/basic_etl_dag.py
[2024-03-31T12:04:47.841+0000] {processor.py:826} INFO - Processing file /workspaces/hands-on-introduction-data-engineering-4395021/airflow/dags/basic_etl_dag.py for tasks to queue
[2024-03-31T12:04:47.842+0000] {logging_mixin.py:150} INFO - [2024-03-31T12:04:47.842+0000] {dagbag.py:541} INFO - Filling up the DagBag from /workspaces/hands-on-introduction-data-engineering-4395021/airflow/dags/basic_etl_dag.py
[2024-03-31T12:04:48.238+0000] {processor.py:836} INFO - DAG(s) dict_keys(['basic_etl_dag']) retrieved from /workspaces/hands-on-introduction-data-engineering-4395021/airflow/dags/basic_etl_dag.py
[2024-03-31T12:04:48.252+0000] {logging_mixin.py:150} INFO - [2024-03-31T12:04:48.251+0000] {dag.py:2742} INFO - Sync 1 DAGs
[2024-03-31T12:04:48.265+0000] {logging_mixin.py:150} INFO - [2024-03-31T12:04:48.265+0000] {dag.py:3504} INFO - Setting next_dagrun for basic_etl_dag to None, run_after=None
[2024-03-31T12:04:48.304+0000] {processor.py:179} INFO - Processing /workspaces/hands-on-introduction-data-engineering-4395021/airflow/dags/basic_etl_dag.py took 0.466 seconds
[2024-03-31T12:05:18.436+0000] {processor.py:157} INFO - Started process (PID=14839) to work on /workspaces/hands-on-introduction-data-engineering-4395021/airflow/dags/basic_etl_dag.py
[2024-03-31T12:05:18.437+0000] {processor.py:826} INFO - Processing file /workspaces/hands-on-introduction-data-engineering-4395021/airflow/dags/basic_etl_dag.py for tasks to queue
[2024-03-31T12:05:18.438+0000] {logging_mixin.py:150} INFO - [2024-03-31T12:05:18.437+0000] {dagbag.py:541} INFO - Filling up the DagBag from /workspaces/hands-on-introduction-data-engineering-4395021/airflow/dags/basic_etl_dag.py
[2024-03-31T12:05:18.794+0000] {processor.py:836} INFO - DAG(s) dict_keys(['basic_etl_dag']) retrieved from /workspaces/hands-on-introduction-data-engineering-4395021/airflow/dags/basic_etl_dag.py
[2024-03-31T12:05:18.808+0000] {logging_mixin.py:150} INFO - [2024-03-31T12:05:18.808+0000] {dag.py:2742} INFO - Sync 1 DAGs
[2024-03-31T12:05:18.821+0000] {logging_mixin.py:150} INFO - [2024-03-31T12:05:18.821+0000] {dag.py:3504} INFO - Setting next_dagrun for basic_etl_dag to None, run_after=None
[2024-03-31T12:05:18.863+0000] {processor.py:179} INFO - Processing /workspaces/hands-on-introduction-data-engineering-4395021/airflow/dags/basic_etl_dag.py took 0.430 seconds
[2024-03-31T12:05:49.105+0000] {processor.py:157} INFO - Started process (PID=15023) to work on /workspaces/hands-on-introduction-data-engineering-4395021/airflow/dags/basic_etl_dag.py
[2024-03-31T12:05:49.107+0000] {processor.py:826} INFO - Processing file /workspaces/hands-on-introduction-data-engineering-4395021/airflow/dags/basic_etl_dag.py for tasks to queue
[2024-03-31T12:05:49.108+0000] {logging_mixin.py:150} INFO - [2024-03-31T12:05:49.107+0000] {dagbag.py:541} INFO - Filling up the DagBag from /workspaces/hands-on-introduction-data-engineering-4395021/airflow/dags/basic_etl_dag.py
[2024-03-31T12:05:49.612+0000] {processor.py:836} INFO - DAG(s) dict_keys(['basic_etl_dag']) retrieved from /workspaces/hands-on-introduction-data-engineering-4395021/airflow/dags/basic_etl_dag.py
[2024-03-31T12:05:49.628+0000] {logging_mixin.py:150} INFO - [2024-03-31T12:05:49.627+0000] {dag.py:2742} INFO - Sync 1 DAGs
[2024-03-31T12:05:49.650+0000] {logging_mixin.py:150} INFO - [2024-03-31T12:05:49.650+0000] {dag.py:3504} INFO - Setting next_dagrun for basic_etl_dag to None, run_after=None
[2024-03-31T12:05:49.693+0000] {processor.py:179} INFO - Processing /workspaces/hands-on-introduction-data-engineering-4395021/airflow/dags/basic_etl_dag.py took 0.591 seconds
[2024-03-31T12:06:19.830+0000] {processor.py:157} INFO - Started process (PID=15205) to work on /workspaces/hands-on-introduction-data-engineering-4395021/airflow/dags/basic_etl_dag.py
[2024-03-31T12:06:19.831+0000] {processor.py:826} INFO - Processing file /workspaces/hands-on-introduction-data-engineering-4395021/airflow/dags/basic_etl_dag.py for tasks to queue
[2024-03-31T12:06:19.832+0000] {logging_mixin.py:150} INFO - [2024-03-31T12:06:19.832+0000] {dagbag.py:541} INFO - Filling up the DagBag from /workspaces/hands-on-introduction-data-engineering-4395021/airflow/dags/basic_etl_dag.py
[2024-03-31T12:06:20.184+0000] {processor.py:836} INFO - DAG(s) dict_keys(['basic_etl_dag']) retrieved from /workspaces/hands-on-introduction-data-engineering-4395021/airflow/dags/basic_etl_dag.py
[2024-03-31T12:06:20.197+0000] {logging_mixin.py:150} INFO - [2024-03-31T12:06:20.197+0000] {dag.py:2742} INFO - Sync 1 DAGs
[2024-03-31T12:06:20.211+0000] {logging_mixin.py:150} INFO - [2024-03-31T12:06:20.211+0000] {dag.py:3504} INFO - Setting next_dagrun for basic_etl_dag to None, run_after=None
[2024-03-31T12:06:20.254+0000] {processor.py:179} INFO - Processing /workspaces/hands-on-introduction-data-engineering-4395021/airflow/dags/basic_etl_dag.py took 0.426 seconds
